Got a presubmit token from server: c58a0968a540641734212806ef2708c7
Uploaded crash dump: Crash ID: NW5P-EADP-OIDI
Got a presubmit token from server: c58a0968a540641734212806ef2708c7
Uploaded crash dump: Crash ID: 2NG2-TYWX-X5AV
Got a presubmit token from server: c58a0968a540641734212806ef2708c7
Uploaded crash dump: Crash ID: 5ZZK-CPZW-6XSJ
Got a presubmit token from server: c58a0968a540641734212806ef2708c7
Uploaded crash dump: Crash ID: C73W-ZBVU-25FB
Got a presubmit token from server: c58a0968a540641734212806ef2708c7
Uploaded crash dump: Crash ID: UHUY-MLSO-R2P5
Got a presubmit token from server: c58a0968a540641734212806ef2708c7
Uploaded crash dump: Crash ID: MYEA-UWSN-UI5O
Got a presubmit token from server: 3db52348c8e19af534b30bfe6e268743
Uploaded crash dump: Crash ID: EC6F-ZCY2-MSNA
Got a presubmit token from server: c58a0968a540641734212806ef2708c7
Uploaded crash dump: Crash ID: 2ANP-4WFC-VEDC
Got a presubmit token from server: c58a0968a540641734212806ef2708c7
Uploaded crash dump: Crash ID: PNEN-ZWYR-KEB4
Got a presubmit token from server: c58a0968a540641734212806ef2708c7
Uploaded crash dump: Crash ID: BUOF-JHUG-HYXL
Got a presubmit token from server: c58a0968a540641734212806ef2708c7
Uploaded crash dump: Crash ID: RZVY-BLIY-SIK3
Got a presubmit token from server: c58a0968a540641734212806ef2708c7
Uploaded crash dump: Crash ID: PFX3-PCMU-FSHZ
Got a presubmit token from server: c58a0968a540641734212806ef2708c7
Uploaded crash dump: Crash ID: CIMX-TLF3-TXUJ
Got a presubmit token from server: c58a0968a540641734212806ef2708c7
Uploaded crash dump: Crash ID: WPXO-M4PV-U7BB
Got a presubmit token from server: c58a0968a540641734212806ef2708c7
Uploaded crash dump: Crash ID: IO6F-OHI5-U7RY
Got a presubmit token from server: c58a0968a540641734212806ef2708c7
Uploaded crash dump: Crash ID: CMY6-H3YD-S4X6
Got a presubmit token from server: c58a0968a540641734212806ef2708c7
Uploaded crash dump: Crash ID: EQCW-VBZ3-CZUU
Got a presubmit token from server: c58a0968a540641734212806ef2708c7
Uploaded crash dump: Crash ID: 54QT-LKMF-YTBV
Got a presubmit token from server: c58a0968a540641734212806ef2708c7
Uploaded crash dump: Crash ID: JESS-SYQD-MCGO
Got a presubmit token from server: c58a0968a540641734212806ef2708c7
Uploaded crash dump: Crash ID: I6IC-BFNI-UPAE
Got a presubmit token from server: c58a0968a540641734212806ef2708c7
Uploaded crash dump: Crash ID: 6UQO-ARKX-6IGU
Got a presubmit token from server: c58a0968a540641734212806ef2708c7
Uploaded crash dump: Crash ID: POZG-LGEV-JJG4
Got a presubmit token from server: c58a0968a540641734212806ef2708c7
Uploaded crash dump: Crash ID: UCZL-IDPS-7M5T
Got a presubmit token from server: c58a0968a540641734212806ef2708c7
Uploaded crash dump: Crash ID: O2K4-ADHO-HYIR
Got a presubmit token from server: c58a0968a540641734212806ef2708c7
Uploaded crash dump: Crash ID: TJT7-PXLC-GPNX
Got a presubmit token from server: c58a0968a540641734212806ef2708c7
Uploaded crash dump: Crash ID: Z2ZU-6DAJ-LYIE
Got a presubmit token from server: c58a0968a540641734212806ef2708c7
Uploaded crash dump: Crash ID: 2SBO-ZJSF-DGGJ
Got a presubmit token from server: c58a0968a540641734212806ef2708c7
Uploaded crash dump: Crash ID: MHES-6DKX-TXZG
Got a presubmit token from server: c58a0968a540641734212806ef2708c7
Uploaded crash dump: Crash ID: BGR3-BOSF-ZQ4A
Got a presubmit token from server: c58a0968a540641734212806ef2708c7
Uploaded crash dump: Crash ID: HEBD-S5QT-AJHC
Got a presubmit token from server: c58a0968a540641734212806ef2708c7
Uploaded crash dump: Crash ID: 4MUE-J6ME-RVO5
Got a presubmit token from server: c58a0968a540641734212806ef2708c7
Uploaded crash dump: Crash ID: APIA-VNC5-TJHI
Got a presubmit token from server: c58a0968a540641734212806ef2708c7
Uploaded crash dump: Crash ID: M5CV-HBRS-CAET
Got a presubmit token from server: c58a0968a540641734212806ef2708c7
Uploaded crash dump: Crash ID: CS43-XZQD-NYGV
Got a presubmit token from server: c58a0968a540641734212806ef2708c7
Uploaded crash dump: Crash ID: YCLH-JFXR-FQVT
Got a presubmit token from server: c58a0968a540641734212806ef2708c7
Uploaded crash dump: Crash ID: NWBE-VDUP-MMYN
Got a presubmit token from server: c58a0968a540641734212806ef2708c7
Uploaded crash dump: Crash ID: DWTT-5IYP-Q4K6
Got a presubmit token from server: c58a0968a540641734212806ef2708c7
Uploaded crash dump: Crash ID: WNF2-JXQD-WOFL
Got a presubmit token from server: c58a0968a540641734212806ef2708c7
Uploaded crash dump: Crash ID: WH5X-O5XO-4YPJ
Got a presubmit token from server: c58a0968a540641734212806ef2708c7
Uploaded crash dump: Crash ID: RSBQ-QS62-FI24
Got a presubmit token from server: c58a0968a540641734212806ef2708c7
Uploaded crash dump: Crash ID: 3FOQ-437N-IC4T
Got a presubmit token from server: c58a0968a540641734212806ef2708c7
Uploaded crash dump: Crash ID: IRQP-5XKT-UTBS
Got a presubmit token from server: c58a0968a540641734212806ef2708c7
Uploaded crash dump: Crash ID: BB63-47MG-QXZP
Got a presubmit token from server: c58a0968a540641734212806ef2708c7
Uploaded crash dump: Crash ID: C57R-ZVHL-DLTI
Got a presubmit token from server: c58a0968a540641734212806ef2708c7
Uploaded crash dump: Crash ID: XN2Z-EYBM-XIBA
Got a presubmit token from server: c58a0968a540641734212806ef2708c7
Uploaded crash dump: Crash ID: QPGT-UGMQ-2NS2
Got a presubmit token from server: c58a0968a540641734212806ef2708c7
Uploaded crash dump: Crash ID: 6H7O-NEOS-H6L2
Got a presubmit token from server: c58a0968a540641734212806ef2708c7
Uploaded crash dump: Crash ID: GE7R-I3ET-7DR4
Got a presubmit token from server: c58a0968a540641734212806ef2708c7
Uploaded crash dump: Crash ID: GEXQ-WAN2-MJF3
Got a presubmit token from server: c58a0968a540641734212806ef2708c7
Uploaded crash dump: Crash ID: MHQY-5XQR-62MC
Got a presubmit token from server: c58a0968a540641734212806ef2708c7
Uploaded crash dump: Crash ID: EBBQ-VSL6-4POM
Got a presubmit token from server: c58a0968a540641734212806ef2708c7
Uploaded crash dump: Crash ID: JQMB-YKO4-VDZ4
Got a presubmit token from server: c58a0968a540641734212806ef2708c7
Uploaded crash dump: Crash ID: VDMB-BTTS-MBPI
Got a presubmit token from server: c58a0968a540641734212806ef2708c7
Uploaded crash dump: Crash ID: VDEY-ISTB-C35P
Got a presubmit token from server: c58a0968a540641734212806ef2708c7
Uploaded crash dump: Crash ID: D6XP-IKSF-IDED
Got a presubmit token from server: 3db52348c8e19af534b30bfe6e268743
Uploaded crash dump: Crash ID: A264-JNUF-TYWN
Got a presubmit token from server: c58a0968a540641734212806ef2708c7
Uploaded crash dump: Crash ID: 2HRJ-E7II-IJSP
Got a presubmit token from server: c58a0968a540641734212806ef2708c7
Uploaded crash dump: Crash ID: 6SUN-BUJ2-KP2W
Got a presubmit token from server: c58a0968a540641734212806ef2708c7
Uploaded crash dump: Crash ID: QUCT-Z4MA-AKLH
Got a presubmit token from server: c58a0968a540641734212806ef2708c7
Uploaded crash dump: Crash ID: 7767-MKNM-UWYX
Got a presubmit token from server: c58a0968a540641734212806ef2708c7
Uploaded crash dump: Crash ID: YV6N-6MZP-HNS5
Got a presubmit token from server: c58a0968a540641734212806ef2708c7
Uploaded crash dump: Crash ID: LWKT-WSSN-3LH6
Got a presubmit token from server: c58a0968a540641734212806ef2708c7
Uploaded crash dump: Crash ID: GT5P-ODPP-ZGFS
Got a presubmit token from server: c58a0968a540641734212806ef2708c7
Uploaded crash dump: Crash ID: 5VXB-7BNB-OWYK
Got a presubmit token from server: c58a0968a540641734212806ef2708c7
Uploaded crash dump: Crash ID: AXZS-QFBO-YAJA
Got a presubmit token from server: c58a0968a540641734212806ef2708c7
Uploaded crash dump: Crash ID: 2TU5-K4YU-N34I
Got a presubmit token from server: c58a0968a540641734212806ef2708c7
Uploaded crash dump: Crash ID: FI57-H3LD-STEF
Got a presubmit token from server: c58a0968a540641734212806ef2708c7
Uploaded crash dump: Crash ID: SSKD-45IR-TDAQ
Got a presubmit token from server: c58a0968a540641734212806ef2708c7
Uploaded crash dump: Crash ID: KYYK-K7E2-IOIU
Got a presubmit token from server: c58a0968a540641734212806ef2708c7
Uploaded crash dump: Crash ID: IVIS-4LP4-GAPV
Got a presubmit token from server: c58a0968a540641734212806ef2708c7
Uploaded crash dump: Crash ID: VI33-DAJE-DAUV
Got a presubmit token from server: c58a0968a540641734212806ef2708c7
Uploaded crash dump: Crash ID: 3DVH-ITJ5-B4GC
Got a presubmit token from server: c58a0968a540641734212806ef2708c7
Uploaded crash dump: Crash ID: 4TAE-FIPX-P4G7
Got a presubmit token from server: c58a0968a540641734212806ef2708c7
Uploaded crash dump: Crash ID: ZJHY-ZHJI-KSYY
Got a presubmit token from server: c58a0968a540641734212806ef2708c7
Uploaded crash dump: Crash ID: TN6B-6TAU-7HG2
Got a presubmit token from server: c58a0968a540641734212806ef2708c7
Uploaded crash dump: Crash ID: GNKU-244P-LA6G
Got a presubmit token from server: c58a0968a540641734212806ef2708c7
Uploaded crash dump: Crash ID: 7AUJ-CBEL-FJQE
Got a presubmit token from server: c58a0968a540641734212806ef2708c7
Uploaded crash dump: Crash ID: CJA7-XKQ5-4QEM
Got a presubmit token from server: c58a0968a540641734212806ef2708c7
Uploaded crash dump: Crash ID: GO2I-IGFS-6YPL
Got a presubmit token from server: c58a0968a540641734212806ef2708c7
Uploaded crash dump: Crash ID: GVRD-KSG4-NSGS
Got a presubmit token from server: 3db52348c8e19af534b30bfe6e268743
Uploaded crash dump: Crash ID: K5VF-3JH5-5SDD
Got a presubmit token from server: 3db52348c8e19af534b30bfe6e268743
Uploaded crash dump: Crash ID: 3IEE-4BNN-XHRX
Got a presubmit token from server: c58a0968a540641734212806ef2708c7
Uploaded crash dump: Crash ID: VZGQ-GOJV-T7A5
Got a presubmit token from server: c58a0968a540641734212806ef2708c7
Uploaded crash dump: Crash ID: X3EZ-4OHB-SV2D
Got a presubmit token from server: c58a0968a540641734212806ef2708c7
Uploaded crash dump: Crash ID: C55G-WOV3-6G7Y
Got a presubmit token from server: c58a0968a540641734212806ef2708c7
Uploaded crash dump: Crash ID: MAOA-PS22-UULF
Got a presubmit token from server: c58a0968a540641734212806ef2708c7
Uploaded crash dump: Crash ID: TITI-XXWO-QYVE
Got a presubmit token from server: c58a0968a540641734212806ef2708c7
Uploaded crash dump: Crash ID: BCT5-Q4VE-DK4X
Got a presubmit token from server: c58a0968a540641734212806ef2708c7
Uploaded crash dump: Crash ID: EL7J-J7NZ-NYES
Got a presubmit token from server: c58a0968a540641734212806ef2708c7
Uploaded crash dump: Crash ID: 7MA6-YS6M-Q6GO
Got a presubmit token from server: 3db52348c8e19af534b30bfe6e268743
Uploaded crash dump: Crash ID: SAAH-NFAD-JRGI
Got a presubmit token from server: c58a0968a540641734212806ef2708c7
Uploaded crash dump: Crash ID: S4HR-MMN3-M6MD
Got a presubmit token from server: c58a0968a540641734212806ef2708c7
Uploaded crash dump: Crash ID: 6M3J-QTQL-FC3I
Got a presubmit token from server: c58a0968a540641734212806ef2708c7
Uploaded crash dump: Crash ID: AUPE-EG4A-MLO4
Got a presubmit token from server: 3db52348c8e19af534b30bfe6e268743
Uploaded crash dump: Crash ID: KNSH-TJCY-ANRV
Got a presubmit token from server: 3db52348c8e19af534b30bfe6e268743
Uploaded crash dump: Crash ID: Y45Y-U5B5-LZ2K
Got a presubmit token from server: c58a0968a540641734212806ef2708c7
Uploaded crash dump: Crash ID: FRPA-B24W-3BAE
Got a presubmit token from server: c58a0968a540641734212806ef2708c7
Uploaded crash dump: Crash ID: MIRJ-JGHP-7V5E
Got a presubmit token from server: c58a0968a540641734212806ef2708c7
Uploaded crash dump: Crash ID: UBOQ-KLBB-DVWL
Got a presubmit token from server: c58a0968a540641734212806ef2708c7
Uploaded crash dump: Crash ID: ZJCZ-X3X6-CIG7
Got a presubmit token from server: c58a0968a540641734212806ef2708c7
Uploaded crash dump: Crash ID: GSVP-YHSI-NXKB
Got a presubmit token from server: c58a0968a540641734212806ef2708c7
Uploaded crash dump: Crash ID: HP7M-HVYJ-G4ML
Got a presubmit token from server: c58a0968a540641734212806ef2708c7
Uploaded crash dump: Crash ID: BLBE-GJNG-UCXN
Got a presubmit token from server: fb0eb067ec611a377df56bc2fe816483
Uploaded crash dump: Crash ID: G4EK-4VJC-CRWJ
Got a presubmit token from server: fb0eb067ec611a377df56bc2fe816483
Uploaded crash dump: Crash ID: PA7B-H2PL-MSIV
Got a presubmit token from server: c58a0968a540641734212806ef2708c7
Uploaded crash dump: Crash ID: LJ6M-O4UO-7V5G
Got a presubmit token from server: c58a0968a540641734212806ef2708c7
Uploaded crash dump: Crash ID: KQB3-YXDJ-KJ55
Got a presubmit token from server: fb0eb067ec611a377df56bc2fe816483
Uploaded crash dump: Crash ID: FE5U-A2Q6-Y4BP
Got a presubmit token from server: fb0eb067ec611a377df56bc2fe816483
Uploaded crash dump: Crash ID: C2RY-CUR6-G5JV
Got a presubmit token from server: c58a0968a540641734212806ef2708c7
Uploaded crash dump: Crash ID: XX7L-RRY4-CXVV
Got a presubmit token from server: c58a0968a540641734212806ef2708c7
Uploaded crash dump: Crash ID: D5Z3-JLM6-IS3S
Got a presubmit token from server: c58a0968a540641734212806ef2708c7
Uploaded crash dump: Crash ID: DXY6-P2PA-UOFZ
Got a presubmit token from server: c58a0968a540641734212806ef2708c7
Uploaded crash dump: Crash ID: 2KTM-ZFGK-KYPL
Got a presubmit token from server: c58a0968a540641734212806ef2708c7
Uploaded crash dump: Crash ID: MAKS-MSZT-J3T7
Got a presubmit token from server: c58a0968a540641734212806ef2708c7
Uploaded crash dump: Crash ID: CEPF-MYWZ-QUX3
Got a presubmit token from server: c58a0968a540641734212806ef2708c7
Uploaded crash dump: Crash ID: SQF5-SANL-XBG7
Got a presubmit token from server: c58a0968a540641734212806ef2708c7
Uploaded crash dump: Crash ID: 47LE-2RLJ-OOCO
Got a presubmit token from server: c58a0968a540641734212806ef2708c7
Uploaded crash dump: Crash ID: ZPA5-K6TT-IWZ5
Got a presubmit token from server: c58a0968a540641734212806ef2708c7
Uploaded crash dump: Crash ID: KCUR-CCGQ-3EXG
Presubmit failed: The requested URL returned error: 502 (22)
Failed to upload crash dump: The requested URL returned error: 502 (22)
Got a presubmit token from server: c58a0968a540641734212806ef2708c7
Uploaded crash dump: Crash ID: JLEF-A7A6-XJB7
Got a presubmit token from server: c58a0968a540641734212806ef2708c7
Uploaded crash dump: Crash ID: HZDP-SSPR-UTXF
Got a presubmit token from server: c58a0968a540641734212806ef2708c7
Uploaded crash dump: Crash ID: IOOT-V5YZ-RYW6
Got a presubmit token from server: c58a0968a540641734212806ef2708c7
Uploaded crash dump: Crash ID: RY5C-AQGA-HEE4
Got a presubmit token from server: c58a0968a540641734212806ef2708c7
Uploaded crash dump: Crash ID: 6H64-T3H6-6ACK
Got a presubmit token from server: c58a0968a540641734212806ef2708c7
Uploaded crash dump: Crash ID: SBUW-CPBW-JIXZ
Got a presubmit token from server: c58a0968a540641734212806ef2708c7
Uploaded crash dump: Crash ID: F3V2-ZOMD-CXF5
Got a presubmit token from server: c58a0968a540641734212806ef2708c7
Uploaded crash dump: Crash ID: PAZQ-Z6UO-4TSU
Got a presubmit token from server: c58a0968a540641734212806ef2708c7
Uploaded crash dump: Crash ID: SKKJ-EI6W-Y3O2
Got a presubmit token from server: c58a0968a540641734212806ef2708c7
Uploaded crash dump: Crash ID: KWCK-KGAH-KQBD
Got a presubmit token from server: c58a0968a540641734212806ef2708c7
Uploaded crash dump: Crash ID: 3NI4-3TWL-EKC5
Got a presubmit token from server: c58a0968a540641734212806ef2708c7
Uploaded crash dump: Crash ID: GDGA-I4YG-CI3W
Got a presubmit token from server: c58a0968a540641734212806ef2708c7
Uploaded crash dump: Crash ID: J624-H7ZR-TPT3
Got a presubmit token from server: c58a0968a540641734212806ef2708c7
Uploaded crash dump: Crash ID: LHKS-ECCS-43VK
Got a presubmit token from server: c58a0968a540641734212806ef2708c7
Uploaded crash dump: Crash ID: 4DNV-RY6H-JTPA
Got a presubmit token from server: c58a0968a540641734212806ef2708c7
Uploaded crash dump: Crash ID: GKO3-2YWL-E5Q7
Got a presubmit token from server: c58a0968a540641734212806ef2708c7
Uploaded crash dump: Crash ID: TRPA-WM7T-TAHS
Got a presubmit token from server: c58a0968a540641734212806ef2708c7
Uploaded crash dump: Crash ID: JHB7-2IJJ-PMF5
Got a presubmit token from server: c58a0968a540641734212806ef2708c7
Uploaded crash dump: Crash ID: 2I6E-JHIR-NL3P
Got a presubmit token from server: c58a0968a540641734212806ef2708c7
Uploaded crash dump: Crash ID: L4FY-A5J5-L56A
Got a presubmit token from server: c58a0968a540641734212806ef2708c7
Uploaded crash dump: Crash ID: 4TUQ-KFZW-A4SH
Got a presubmit token from server: c58a0968a540641734212806ef2708c7
Uploaded crash dump: Crash ID: ADK5-WNSV-JERS
Got a presubmit token from server: c58a0968a540641734212806ef2708c7
Uploaded crash dump: Crash ID: MHSP-KGN2-U7IV
Got a presubmit token from server: c58a0968a540641734212806ef2708c7
Uploaded crash dump: Crash ID: YYDW-G4BM-LM33
Got a presubmit token from server: c58a0968a540641734212806ef2708c7
Uploaded crash dump: Crash ID: XE52-WA62-FN2S
Got a presubmit token from server: c58a0968a540641734212806ef2708c7
Uploaded crash dump: Crash ID: O25J-7XT4-DEVM
Got a presubmit token from server: c58a0968a540641734212806ef2708c7
Uploaded crash dump: Crash ID: C3JG-DNLL-CUTV
Got a presubmit token from server: c58a0968a540641734212806ef2708c7
Uploaded crash dump: Crash ID: CTOE-RJXR-WHAY
Got a presubmit token from server: c58a0968a540641734212806ef2708c7
Uploaded crash dump: Crash ID: OJ7T-GEWK-IWA4
Got a presubmit token from server: c58a0968a540641734212806ef2708c7
Uploaded crash dump: Crash ID: PUIV-FUC6-BZMO
Got a presubmit token from server: c58a0968a540641734212806ef2708c7
Uploaded crash dump: Crash ID: CR2T-NTSB-H4LW
Got a presubmit token from server: c58a0968a540641734212806ef2708c7
Uploaded crash dump: Crash ID: EEVH-WFVP-H47R
Got a presubmit token from server: c58a0968a540641734212806ef2708c7
Uploaded crash dump: Crash ID: RZJ7-G7I2-WQE7
Got a presubmit token from server: c58a0968a540641734212806ef2708c7
Uploaded crash dump: Crash ID: L3J3-MDIL-ZNME
Got a presubmit token from server: c58a0968a540641734212806ef2708c7
Uploaded crash dump: Crash ID: J6QN-EASM-UPDT
Got a presubmit token from server: c58a0968a540641734212806ef2708c7
Uploaded crash dump: Crash ID: PK6L-PDXV-5WEY
Got a presubmit token from server: c58a0968a540641734212806ef2708c7
Uploaded crash dump: Crash ID: ZSSN-OM4V-DIN4
Got a presubmit token from server: c58a0968a540641734212806ef2708c7
Uploaded crash dump: Crash ID: UTTO-P6GL-ASH5
Got a presubmit token from server: c58a0968a540641734212806ef2708c7
Uploaded crash dump: Crash ID: IOS7-SUVS-GN7G
Got a presubmit token from server: c58a0968a540641734212806ef2708c7
Uploaded crash dump: Crash ID: RDUU-D35G-QDHB
Got a presubmit token from server: c58a0968a540641734212806ef2708c7
Uploaded crash dump: Crash ID: VFOB-V5RZ-JTXX
Got a presubmit token from server: c58a0968a540641734212806ef2708c7
Uploaded crash dump: Crash ID: WDHL-YCJ2-PHQT
Got a presubmit token from server: 3db52348c8e19af534b30bfe6e268743
Uploaded crash dump: Crash ID: CA46-AVU7-574X
Got a presubmit token from server: c58a0968a540641734212806ef2708c7
Uploaded crash dump: Crash ID: 5EX4-6H2M-IW6N
Got a presubmit token from server: c58a0968a540641734212806ef2708c7
Uploaded crash dump: Crash ID: KSIX-TZI6-JUYB
Got a presubmit token from server: c58a0968a540641734212806ef2708c7
Uploaded crash dump: Crash ID: JEUA-VCXJ-ESXB
Got a presubmit token from server: c58a0968a540641734212806ef2708c7
Uploaded crash dump: Crash ID: QTL6-M4QD-GSRQ
Got a presubmit token from server: c58a0968a540641734212806ef2708c7
Uploaded crash dump: Crash ID: S6U4-6LHL-ITIL
Got a presubmit token from server: c58a0968a540641734212806ef2708c7
Uploaded crash dump: Crash ID: JWQM-JI2R-N3VD
Got a presubmit token from server: c58a0968a540641734212806ef2708c7
Uploaded crash dump: Crash ID: LT3E-LIJX-4FTH
Got a presubmit token from server: c58a0968a540641734212806ef2708c7
Uploaded crash dump: Crash ID: 6OFR-XO5M-42VS
Got a presubmit token from server: c58a0968a540641734212806ef2708c7
Uploaded crash dump: Crash ID: OMHH-DUDE-5COJ
Got a presubmit token from server: c58a0968a540641734212806ef2708c7
Uploaded crash dump: Crash ID: LQPR-RSMN-OLTA
Got a presubmit token from server: c58a0968a540641734212806ef2708c7
Uploaded crash dump: Crash ID: JI2Y-SBPX-ZXSI
Got a presubmit token from server: c58a0968a540641734212806ef2708c7
Uploaded crash dump: Crash ID: MPVT-LT44-SKYK
Got a presubmit token from server: c58a0968a540641734212806ef2708c7
Uploaded crash dump: Crash ID: L6QD-YKH2-XFPM
Got a presubmit token from server: c58a0968a540641734212806ef2708c7
Uploaded crash dump: Crash ID: GQRV-LNAU-H2K4
Got a presubmit token from server: c58a0968a540641734212806ef2708c7
Uploaded crash dump: Crash ID: CFZN-SGC6-IW6X
Got a presubmit token from server: c58a0968a540641734212806ef2708c7
Uploaded crash dump: Crash ID: ERNQ-JEFN-IJMJ
Got a presubmit token from server: c58a0968a540641734212806ef2708c7
Uploaded crash dump: Crash ID: S55Q-4MAT-CRJR
Got a presubmit token from server: c58a0968a540641734212806ef2708c7
Uploaded crash dump: Crash ID: 4QLR-WOXD-YE7P
Got a presubmit token from server: c58a0968a540641734212806ef2708c7
Uploaded crash dump: Crash ID: YM6E-5U6X-FQ2U
Got a presubmit token from server: c58a0968a540641734212806ef2708c7
Uploaded crash dump: Crash ID: JNLN-O3CK-TUCG
Got a presubmit token from server: c58a0968a540641734212806ef2708c7
Uploaded crash dump: Crash ID: 43FF-GP4G-5BVQ
Got a presubmit token from server: c58a0968a540641734212806ef2708c7
Uploaded crash dump: Crash ID: CU5M-TDEZ-EUTI
Got a presubmit token from server: c58a0968a540641734212806ef2708c7
Uploaded crash dump: Crash ID: RDOY-SF3T-E6ET
Got a presubmit token from server: c58a0968a540641734212806ef2708c7
Uploaded crash dump: Crash ID: YTWN-F3BU-TNSD
Got a presubmit token from server: c58a0968a540641734212806ef2708c7
Uploaded crash dump: Crash ID: 3TYP-55FN-SLAP
Got a presubmit token from server: c58a0968a540641734212806ef2708c7
Uploaded crash dump: Crash ID: M53G-CTXI-SMIN
Got a presubmit token from server: c58a0968a540641734212806ef2708c7
Uploaded crash dump: Crash ID: QK6M-A7NE-BAZK
Got a presubmit token from server: c58a0968a540641734212806ef2708c7
Uploaded crash dump: Crash ID: VR2J-O4FK-H6AQ
Got a presubmit token from server: c58a0968a540641734212806ef2708c7
Uploaded crash dump: Crash ID: LDAK-EXXB-6HTE
Got a presubmit token from server: c58a0968a540641734212806ef2708c7
Uploaded crash dump: Crash ID: EWMS-CRGL-QCN2
Got a presubmit token from server: c58a0968a540641734212806ef2708c7
Uploaded crash dump: Crash ID: TRH7-WDVL-HSF3
Got a presubmit token from server: c58a0968a540641734212806ef2708c7
Uploaded crash dump: Crash ID: DL42-AAJ2-P4GX
Got a presubmit token from server: c58a0968a540641734212806ef2708c7
Uploaded crash dump: Crash ID: GS2I-FK7R-L36N
Got a presubmit token from server: c58a0968a540641734212806ef2708c7
Uploaded crash dump: Crash ID: GVUY-7PGG-IKYM
Got a presubmit token from server: c58a0968a540641734212806ef2708c7
Uploaded crash dump: Crash ID: MNR6-UTYS-H2RN
Got a presubmit token from server: c58a0968a540641734212806ef2708c7
Uploaded crash dump: Crash ID: FLMP-XS6U-WPPR
Got a presubmit token from server: c58a0968a540641734212806ef2708c7
Uploaded crash dump: Crash ID: TMXD-AGKK-Z2ZO
Got a presubmit token from server: c58a0968a540641734212806ef2708c7
Uploaded crash dump: Crash ID: KU72-ILTC-7OIH
Got a presubmit token from server: c58a0968a540641734212806ef2708c7
Uploaded crash dump: Crash ID: Y645-6UOL-S6SW
Got a presubmit token from server: c58a0968a540641734212806ef2708c7
Uploaded crash dump: Crash ID: UYSR-33MF-DBUZ
Got a presubmit token from server: c58a0968a540641734212806ef2708c7
Uploaded crash dump: Crash ID: PVXI-QXB6-JCEN
Got a presubmit token from server: c58a0968a540641734212806ef2708c7
Uploaded crash dump: Crash ID: UCNB-AB7K-KMJB
Got a presubmit token from server: c58a0968a540641734212806ef2708c7
Uploaded crash dump: Crash ID: WOB4-HASE-UKN4
Got a presubmit token from server: c58a0968a540641734212806ef2708c7
Uploaded crash dump: Crash ID: CTNO-WPGG-5W3Z
Got a presubmit token from server: 3db52348c8e19af534b30bfe6e268743
Uploaded crash dump: Crash ID: KHFS-EVW6-GECI
Got a presubmit token from server: c58a0968a540641734212806ef2708c7
Uploaded crash dump: Crash ID: KMSH-2DS5-YDK5
Got a presubmit token from server: c58a0968a540641734212806ef2708c7
Uploaded crash dump: Crash ID: DP5X-V2S7-NULR
Got a presubmit token from server: c58a0968a540641734212806ef2708c7
Uploaded crash dump: Crash ID: 4KZ2-UKWB-7AK2
Got a presubmit token from server: c58a0968a540641734212806ef2708c7
Uploaded crash dump: Crash ID: GIVN-EEAU-63LA
Got a presubmit token from server: c58a0968a540641734212806ef2708c7
Uploaded crash dump: Crash ID: 5SMZ-U7VZ-L6RZ
Got a presubmit token from server: c58a0968a540641734212806ef2708c7
Uploaded crash dump: Crash ID: VXGJ-YUFW-2GPF
Got a presubmit token from server: c58a0968a540641734212806ef2708c7
Uploaded crash dump: Crash ID: T75W-DHT3-OJT6
Got a presubmit token from server: c58a0968a540641734212806ef2708c7
Uploaded crash dump: Crash ID: I3IB-YSTJ-3TSB
Got a presubmit token from server: c58a0968a540641734212806ef2708c7
Uploaded crash dump: Crash ID: 6X5W-AFFT-CWXG
Got a presubmit token from server: c58a0968a540641734212806ef2708c7
Uploaded crash dump: Crash ID: EQH2-C4SX-WA7F
Got a presubmit token from server: c58a0968a540641734212806ef2708c7
Uploaded crash dump: Crash ID: EYCD-UXGH-RWBH
Got a presubmit token from server: c58a0968a540641734212806ef2708c7
Uploaded crash dump: Crash ID: FWR3-FVE4-2XTS
Got a presubmit token from server: c58a0968a540641734212806ef2708c7
Uploaded crash dump: Crash ID: QO55-334A-KWWO
Got a presubmit token from server: c58a0968a540641734212806ef2708c7
Uploaded crash dump: Crash ID: Q4YV-GBVX-UIOY
Got a presubmit token from server: c58a0968a540641734212806ef2708c7
Uploaded crash dump: Crash ID: ZYKR-REZF-NOF5
Got a presubmit token from server: c58a0968a540641734212806ef2708c7
Uploaded crash dump: Crash ID: XLJU-IZKV-2GY7
Got a presubmit token from server: c58a0968a540641734212806ef2708c7
Uploaded crash dump: Crash ID: 3RSN-6U2Z-RRTG
Got a presubmit token from server: c58a0968a540641734212806ef2708c7
Uploaded crash dump: Crash ID: CTMC-TYGX-AGAV
Got a presubmit token from server: c58a0968a540641734212806ef2708c7
Uploaded crash dump: Crash ID: 6QSA-JCPU-N55Q
Got a presubmit token from server: c58a0968a540641734212806ef2708c7
Uploaded crash dump: Crash ID: IW45-SPRV-R7CB
Got a presubmit token from server: c58a0968a540641734212806ef2708c7
Uploaded crash dump: Crash ID: WWGT-J55A-NJVI
Got a presubmit token from server: c58a0968a540641734212806ef2708c7
Uploaded crash dump: Crash ID: RQBK-OLPS-64WT
Got a presubmit token from server: c58a0968a540641734212806ef2708c7
Uploaded crash dump: Crash ID: S7VY-KX7C-2SOR
Got a presubmit token from server: c58a0968a540641734212806ef2708c7
Uploaded crash dump: Crash ID: OLPG-SFTT-IITW
Got a presubmit token from server: c58a0968a540641734212806ef2708c7
Uploaded crash dump: Crash ID: U27O-T66M-FILN
Got a presubmit token from server: c58a0968a540641734212806ef2708c7
Uploaded crash dump: Crash ID: DKIU-RQKU-3XQM
Got a presubmit token from server: c58a0968a540641734212806ef2708c7
Uploaded crash dump: Crash ID: 3H7C-WN2S-KUFH
Got a presubmit token from server: c58a0968a540641734212806ef2708c7
Uploaded crash dump: Crash ID: YMXV-P435-MRZB
Got a presubmit token from server: c58a0968a540641734212806ef2708c7
Uploaded crash dump: Crash ID: VWTN-IWOC-2VGZ
Got a presubmit token from server: c58a0968a540641734212806ef2708c7
Uploaded crash dump: Crash ID: QQI2-PQE7-W6HE
Got a presubmit token from server: c58a0968a540641734212806ef2708c7
Uploaded crash dump: Crash ID: 32GU-WY5D-IVQX
Got a presubmit token from server: c58a0968a540641734212806ef2708c7
Uploaded crash dump: Crash ID: BWE7-EINS-55VB
Got a presubmit token from server: c58a0968a540641734212806ef2708c7
Uploaded crash dump: Crash ID: CFF4-C2QE-XSJ4
Got a presubmit token from server: c58a0968a540641734212806ef2708c7
Uploaded crash dump: Crash ID: Y5WC-EF2I-DZP3
Got a presubmit token from server: c58a0968a540641734212806ef2708c7
Uploaded crash dump: Crash ID: W3FV-SWLK-UWTL
Got a presubmit token from server: c58a0968a540641734212806ef2708c7
Uploaded crash dump: Crash ID: RREJ-3Y6X-RGPT
Got a presubmit token from server: c58a0968a540641734212806ef2708c7
Uploaded crash dump: Crash ID: VP4H-LSRN-IMFV
Got a presubmit token from server: c58a0968a540641734212806ef2708c7
Uploaded crash dump: Crash ID: LUPR-JEOW-UUFL
Got a presubmit token from server: c58a0968a540641734212806ef2708c7
Uploaded crash dump: Crash ID: X2XN-UF3J-V6KE
Got a presubmit token from server: c58a0968a540641734212806ef2708c7
Uploaded crash dump: Crash ID: JDGW-EHII-HCG5
Got a presubmit token from server: c58a0968a540641734212806ef2708c7
Uploaded crash dump: Crash ID: 3ZBJ-OQXJ-H2Y3
Got a presubmit token from server: c58a0968a540641734212806ef2708c7
Uploaded crash dump: Crash ID: WY34-BXVW-B7ZX
Got a presubmit token from server: c58a0968a540641734212806ef2708c7
Uploaded crash dump: Crash ID: 5M2Y-LTCA-P3OV
Got a presubmit token from server: c58a0968a540641734212806ef2708c7
Uploaded crash dump: Crash ID: U67I-6VS4-IGZF
Got a presubmit token from server: c58a0968a540641734212806ef2708c7
Uploaded crash dump: Crash ID: HNJ5-N44B-6R32
Got a presubmit token from server: fb0eb067ec611a377df56bc2fe816483
Uploaded crash dump: Crash ID: 2WHB-VEMD-GDO2
Got a presubmit token from server: c58a0968a540641734212806ef2708c7
Uploaded crash dump: Crash ID: UV5E-KVEB-EALJ
Got a presubmit token from server: c58a0968a540641734212806ef2708c7
Uploaded crash dump: Crash ID: TMUE-VBIY-2CWA
Got a presubmit token from server: c58a0968a540641734212806ef2708c7
Uploaded crash dump: Crash ID: GHGY-FJZK-NZMF
Got a presubmit token from server: c58a0968a540641734212806ef2708c7
Uploaded crash dump: Crash ID: 4GTW-WGPL-QPFH
Got a presubmit token from server: c58a0968a540641734212806ef2708c7
Uploaded crash dump: Crash ID: TQ2M-ZQFL-H462
Got a presubmit token from server: c58a0968a540641734212806ef2708c7
Uploaded crash dump: Crash ID: RU7N-GBDW-QZ37
Got a presubmit token from server: c58a0968a540641734212806ef2708c7
Uploaded crash dump: Crash ID: YSFM-6FOC-YOWI
Got a presubmit token from server: c58a0968a540641734212806ef2708c7
Uploaded crash dump: Crash ID: NI7M-PCKJ-3TFA
Got a presubmit token from server: c58a0968a540641734212806ef2708c7
Uploaded crash dump: Crash ID: V5ZV-PUAU-3EWX
Got a presubmit token from server: c58a0968a540641734212806ef2708c7
Uploaded crash dump: Crash ID: BYP5-VBYR-WQ2C
Got a presubmit token from server: c58a0968a540641734212806ef2708c7
Uploaded crash dump: Crash ID: YEO5-PAWP-HFWE
Got a presubmit token from server: c58a0968a540641734212806ef2708c7
Uploaded crash dump: Crash ID: T4RI-UGOI-45I7
Got a presubmit token from server: c58a0968a540641734212806ef2708c7
Uploaded crash dump: Crash ID: 2NXI-P3QK-VZKC
Got a presubmit token from server: c58a0968a540641734212806ef2708c7
Uploaded crash dump: Crash ID: PNCH-FQKF-NSN3
Got a presubmit token from server: c58a0968a540641734212806ef2708c7
Uploaded crash dump: Crash ID: YWDV-3QOJ-5OIL
Got a presubmit token from server: c58a0968a540641734212806ef2708c7
Uploaded crash dump: Crash ID: Z2DM-7O3H-CSMH
Got a presubmit token from server: c58a0968a540641734212806ef2708c7
Uploaded crash dump: Crash ID: EHMI-5AYJ-M3CW
Got a presubmit token from server: c58a0968a540641734212806ef2708c7
Uploaded crash dump: Crash ID: 6PMR-XEMI-O73X
Got a presubmit token from server: c58a0968a540641734212806ef2708c7
Uploaded crash dump: Crash ID: F3TB-2D3O-OLHH
Got a presubmit token from server: c58a0968a540641734212806ef2708c7
Uploaded crash dump: Crash ID: ROZN-2OP4-3MW3
Got a presubmit token from server: c58a0968a540641734212806ef2708c7
Uploaded crash dump: Crash ID: F2HS-P647-QUX4
Got a presubmit token from server: c58a0968a540641734212806ef2708c7
Uploaded crash dump: Crash ID: S6F3-FQPN-4WPF
Got a presubmit token from server: c58a0968a540641734212806ef2708c7
Uploaded crash dump: Crash ID: 6Q3Y-CTWT-DPME
Got a presubmit token from server: c58a0968a540641734212806ef2708c7
Uploaded crash dump: Crash ID: OCKY-OEXW-QIOA
Got a presubmit token from server: c58a0968a540641734212806ef2708c7
Uploaded crash dump: Crash ID: 4KTE-M47U-HRNA
Got a presubmit token from server: c58a0968a540641734212806ef2708c7
Uploaded crash dump: Crash ID: YM3Z-G5LG-F3KL
Got a presubmit token from server: c58a0968a540641734212806ef2708c7
Uploaded crash dump: Crash ID: U2PP-BWGG-U4X6
Got a presubmit token from server: c58a0968a540641734212806ef2708c7
Uploaded crash dump: Crash ID: KIQM-OZPI-USYU
Got a presubmit token from server: c58a0968a540641734212806ef2708c7
Uploaded crash dump: Crash ID: FIPN-KVNF-C6MC
Got a presubmit token from server: c58a0968a540641734212806ef2708c7
Uploaded crash dump: Crash ID: 4XV6-L5DU-AQM7
Got a presubmit token from server: c58a0968a540641734212806ef2708c7
Uploaded crash dump: Crash ID: P33A-GVHN-AVVC
Got a presubmit token from server: c58a0968a540641734212806ef2708c7
Uploaded crash dump: Crash ID: CI4V-Y7Y2-RHAR
Got a presubmit token from server: c58a0968a540641734212806ef2708c7
Uploaded crash dump: Crash ID: RFLC-EG5D-ZGG6
Got a presubmit token from server: c58a0968a540641734212806ef2708c7
Uploaded crash dump: Crash ID: Q6NS-LHRN-XSXO
Got a presubmit token from server: c58a0968a540641734212806ef2708c7
Uploaded crash dump: Crash ID: IBJ3-TROK-J27E
Got a presubmit token from server: c58a0968a540641734212806ef2708c7
Uploaded crash dump: Crash ID: 5WNO-WFN2-ZDMA
Got a presubmit token from server: c58a0968a540641734212806ef2708c7
Uploaded crash dump: Crash ID: LJTR-HACD-XHT2
Got a presubmit token from server: 3db52348c8e19af534b30bfe6e268743
Uploaded crash dump: Crash ID: ZPBY-X6CB-6GDJ
Got a presubmit token from server: c58a0968a540641734212806ef2708c7
Uploaded crash dump: Crash ID: XWXT-KQMT-R7E4
Got a presubmit token from server: c58a0968a540641734212806ef2708c7
Uploaded crash dump: Crash ID: ONNU-VYWR-T6Z4
Got a presubmit token from server: c58a0968a540641734212806ef2708c7
Uploaded crash dump: Crash ID: JPA4-OSUA-CHGY
Got a presubmit token from server: c58a0968a540641734212806ef2708c7
Uploaded crash dump: Crash ID: RW5A-FHJ5-Q6TZ
Got a presubmit token from server: c58a0968a540641734212806ef2708c7
Uploaded crash dump: Crash ID: FSHG-OPYT-3JOV
Got a presubmit token from server: c58a0968a540641734212806ef2708c7
Uploaded crash dump: Crash ID: BDBN-SB3S-CMNZ
Got a presubmit token from server: c58a0968a540641734212806ef2708c7
Uploaded crash dump: Crash ID: GIWL-J45T-OL6Z
Got a presubmit token from server: c58a0968a540641734212806ef2708c7
Uploaded crash dump: Crash ID: 3GJS-UGUY-PHOG
Got a presubmit token from server: c58a0968a540641734212806ef2708c7
Uploaded crash dump: Crash ID: WM2S-UYSZ-UCPB
Got a presubmit token from server: c58a0968a540641734212806ef2708c7
Uploaded crash dump: Crash ID: M5XW-LEAK-4QIV
Got a presubmit token from server: c58a0968a540641734212806ef2708c7
Uploaded crash dump: Crash ID: XXDJ-KKOD-4B6O
Got a presubmit token from server: c58a0968a540641734212806ef2708c7
Uploaded crash dump: Crash ID: 5Z5K-NG45-U37M
Got a presubmit token from server: c58a0968a540641734212806ef2708c7
Uploaded crash dump: Crash ID: TXSB-MQS4-6R7T
Got a presubmit token from server: fb0eb067ec611a377df56bc2fe816483
Uploaded crash dump: Crash ID: WJJ2-R5XJ-7QDC
Got a presubmit token from server: c58a0968a540641734212806ef2708c7
Uploaded crash dump: Crash ID: GPZX-OOYI-BCCG
Got a presubmit token from server: c58a0968a540641734212806ef2708c7
Uploaded crash dump: Crash ID: TL6I-3ETV-R6GD
Got a presubmit token from server: c58a0968a540641734212806ef2708c7
Uploaded crash dump: Crash ID: 43ZQ-QXTZ-W7X5
Got a presubmit token from server: c58a0968a540641734212806ef2708c7
Uploaded crash dump: Crash ID: BWCV-T7T6-J3NX
Got a presubmit token from server: c58a0968a540641734212806ef2708c7
Uploaded crash dump: Crash ID: JZ2A-RC4J-4XCH
Got a presubmit token from server: c58a0968a540641734212806ef2708c7
Uploaded crash dump: Crash ID: RJZR-HZAK-WPCM
Got a presubmit token from server: c58a0968a540641734212806ef2708c7
Uploaded crash dump: Crash ID: 76JC-XY4L-PKAA
Got a presubmit token from server: c58a0968a540641734212806ef2708c7
Uploaded crash dump: Crash ID: Y3BE-6E2C-PTAR
Got a presubmit token from server: c58a0968a540641734212806ef2708c7
Uploaded crash dump: Crash ID: GQGR-OBPR-67U7
Got a presubmit token from server: c58a0968a540641734212806ef2708c7
Uploaded crash dump: Crash ID: OJRT-VHKI-NF2G
Got a presubmit token from server: c58a0968a540641734212806ef2708c7
Uploaded crash dump: Crash ID: GZUC-QRDK-LYQG
Got a presubmit token from server: c58a0968a540641734212806ef2708c7
Uploaded crash dump: Crash ID: PODV-WXH4-UWJA
Got a presubmit token from server: c58a0968a540641734212806ef2708c7
Uploaded crash dump: Crash ID: GHQ6-USOG-GGZ6
Got a presubmit token from server: c58a0968a540641734212806ef2708c7
Uploaded crash dump: Crash ID: DSMY-FWQV-M546
Got a presubmit token from server: c58a0968a540641734212806ef2708c7
Uploaded crash dump: Crash ID: YZDQ-UF6M-RTPI
Got a presubmit token from server: c58a0968a540641734212806ef2708c7
Uploaded crash dump: Crash ID: 46OD-SKGE-FE76
Got a presubmit token from server: c58a0968a540641734212806ef2708c7
Uploaded crash dump: Crash ID: LC3O-DUVM-OAXV
Got a presubmit token from server: c58a0968a540641734212806ef2708c7
Uploaded crash dump: Crash ID: EY55-UOOQ-3X3V
Got a presubmit token from server: c58a0968a540641734212806ef2708c7
Uploaded crash dump: Crash ID: XGRS-AVGK-DUTM
Got a presubmit token from server: c58a0968a540641734212806ef2708c7
Uploaded crash dump: Crash ID: Y6S4-75CW-IGJ6
Got a presubmit token from server: c58a0968a540641734212806ef2708c7
Uploaded crash dump: Crash ID: 44B3-H3WK-ZXNO
Got a presubmit token from server: 5fcf195ef6da8ca5e822c0d40811b90e
Uploaded crash dump: Crash ID: DHKA-FNQP-6W2M
Got a presubmit token from server: c58a0968a540641734212806ef2708c7
Uploaded crash dump: Crash ID: GNWS-FXSQ-VARF
Got a presubmit token from server: c58a0968a540641734212806ef2708c7
Uploaded crash dump: Crash ID: HS6S-KFLO-YYWZ
Got a presubmit token from server: 3db52348c8e19af534b30bfe6e268743
Uploaded crash dump: Crash ID: RLXS-62PS-BRMF
Got a presubmit token from server: c58a0968a540641734212806ef2708c7
Uploaded crash dump: Crash ID: 7TLZ-XCX4-735O
Got a presubmit token from server: c58a0968a540641734212806ef2708c7
Uploaded crash dump: Crash ID: JPZJ-FXCA-GSPH
Got a presubmit token from server: c58a0968a540641734212806ef2708c7
Uploaded crash dump: Crash ID: HM75-DN7Z-KBDJ
Got a presubmit token from server: c58a0968a540641734212806ef2708c7
Uploaded crash dump: Crash ID: VCDB-NUHW-SBAO
Got a presubmit token from server: c58a0968a540641734212806ef2708c7
Uploaded crash dump: Crash ID: 5PW7-CUPD-57BH
Got a presubmit token from server: c58a0968a540641734212806ef2708c7
Uploaded crash dump: Crash ID: IYGR-YR4H-2E7I
Got a presubmit token from server: c58a0968a540641734212806ef2708c7
Uploaded crash dump: Crash ID: XMMP-Z4S2-LR57
Got a presubmit token from server: c58a0968a540641734212806ef2708c7
Uploaded crash dump: Crash ID: CZ7O-WZ34-DEUQ
Got a presubmit token from server: c58a0968a540641734212806ef2708c7
Uploaded crash dump: Crash ID: PYRY-EFAM-PYPX
Got a presubmit token from server: c58a0968a540641734212806ef2708c7
Uploaded crash dump: Crash ID: QTVY-YEGX-C4HH
Got a presubmit token from server: c58a0968a540641734212806ef2708c7
Uploaded crash dump: Crash ID: UJI3-R36K-4Q6W
Got a presubmit token from server: c58a0968a540641734212806ef2708c7
Uploaded crash dump: Crash ID: RFSV-Q5XR-K3BR
Got a presubmit token from server: c58a0968a540641734212806ef2708c7
Uploaded crash dump: Crash ID: 5CGU-HG3J-7CYM
Got a presubmit token from server: c58a0968a540641734212806ef2708c7
Uploaded crash dump: Crash ID: TFJO-JSAW-SIKD
Got a presubmit token from server: c58a0968a540641734212806ef2708c7
Uploaded crash dump: Crash ID: ERFS-ZXLO-5LES
Got a presubmit token from server: c58a0968a540641734212806ef2708c7
Uploaded crash dump: Crash ID: X3Y5-P7RA-NIHR
Got a presubmit token from server: c58a0968a540641734212806ef2708c7
Uploaded crash dump: Crash ID: ATYN-4LF4-3QOT
Got a presubmit token from server: c58a0968a540641734212806ef2708c7
Uploaded crash dump: Crash ID: DZR4-AQAG-4YAW
Got a presubmit token from server: c58a0968a540641734212806ef2708c7
Uploaded crash dump: Crash ID: CXSP-AAOF-CTCX
Got a presubmit token from server: c58a0968a540641734212806ef2708c7
Uploaded crash dump: Crash ID: WSZV-TJAL-WO2Q
Got a presubmit token from server: c58a0968a540641734212806ef2708c7
Uploaded crash dump: Crash ID: 6UAB-BJQH-AKUO
Got a presubmit token from server: c58a0968a540641734212806ef2708c7
Uploaded crash dump: Crash ID: S6KR-JUWV-J32I
Got a presubmit token from server: c58a0968a540641734212806ef2708c7
Uploaded crash dump: Crash ID: E6XF-KUH4-CKNC
Got a presubmit token from server: c58a0968a540641734212806ef2708c7
Uploaded crash dump: Crash ID: J62C-RFED-AM4A
Got a presubmit token from server: c58a0968a540641734212806ef2708c7
Uploaded crash dump: Crash ID: CWQC-HB7V-7IGT
Got a presubmit token from server: c58a0968a540641734212806ef2708c7
Uploaded crash dump: Crash ID: VDWJ-ZQYA-RBW2
Got a presubmit token from server: c58a0968a540641734212806ef2708c7
Uploaded crash dump: Crash ID: UE7M-POYV-U5OB
Got a presubmit token from server: c58a0968a540641734212806ef2708c7
Uploaded crash dump: Crash ID: EKWB-EV2R-G5IF
Got a presubmit token from server: c58a0968a540641734212806ef2708c7
Uploaded crash dump: Crash ID: AFMO-KSUH-EFBK
Got a presubmit token from server: c58a0968a540641734212806ef2708c7
Uploaded crash dump: Crash ID: F6QQ-E2DA-OOLN
Got a presubmit token from server: c58a0968a540641734212806ef2708c7
Uploaded crash dump: Crash ID: ZFVL-NCQG-S6UE
Got a presubmit token from server: c58a0968a540641734212806ef2708c7
Uploaded crash dump: Crash ID: F5L2-L222-7OGS
Got a presubmit token from server: c58a0968a540641734212806ef2708c7
Uploaded crash dump: Crash ID: 5LU7-QJ6T-KSRQ
Got a presubmit token from server: 8e1df0e852ebb784d0aac1c1a5985afc
Uploaded crash dump: Crash ID: KNV6-BOFL-4RCI
Got a presubmit token from server: c58a0968a540641734212806ef2708c7
Uploaded crash dump: Crash ID: 5MPS-BQJD-XGBX
Got a presubmit token from server: 5fcf195ef6da8ca5e822c0d40811b90e
Uploaded crash dump: Crash ID: T7XL-BVVH-QLJM
Got a presubmit token from server: c58a0968a540641734212806ef2708c7
Uploaded crash dump: Crash ID: DS5O-KIVQ-SDID
Got a presubmit token from server: c58a0968a540641734212806ef2708c7
Uploaded crash dump: Crash ID: LXH6-35AG-X4F4
Got a presubmit token from server: c58a0968a540641734212806ef2708c7
Uploaded crash dump: Crash ID: T5DF-XLUC-S56P
Got a presubmit token from server: c58a0968a540641734212806ef2708c7
Uploaded crash dump: Crash ID: CAU2-OFXF-RDD6
Got a presubmit token from server: c58a0968a540641734212806ef2708c7
Uploaded crash dump: Crash ID: 3J54-ROBN-3GPG
Got a presubmit token from server: c58a0968a540641734212806ef2708c7
Uploaded crash dump: Crash ID: FUW5-RU7V-4UH6
Got a presubmit token from server: c58a0968a540641734212806ef2708c7
Uploaded crash dump: Crash ID: JOLX-F2JE-IO76
Got a presubmit token from server: c58a0968a540641734212806ef2708c7
Uploaded crash dump: Crash ID: 5RVL-NUX2-X6FS
Got a presubmit token from server: c58a0968a540641734212806ef2708c7
Uploaded crash dump: Crash ID: 6IEQ-E4ZC-JV2O
Got a presubmit token from server: c58a0968a540641734212806ef2708c7
Uploaded crash dump: Crash ID: JWZF-TMLR-VT6B
Got a presubmit token from server: c58a0968a540641734212806ef2708c7
Uploaded crash dump: Crash ID: YDKX-5ZR7-XLUZ
Got a presubmit token from server: c58a0968a540641734212806ef2708c7
Uploaded crash dump: Crash ID: 34CC-ZBZC-KQED
Got a presubmit token from server: c58a0968a540641734212806ef2708c7
Uploaded crash dump: Crash ID: 55NO-IBGN-5FN2
Got a presubmit token from server: c58a0968a540641734212806ef2708c7
Uploaded crash dump: Crash ID: GIJW-Z7FZ-QJVC
Got a presubmit token from server: c58a0968a540641734212806ef2708c7
Uploaded crash dump: Crash ID: ZSXR-TNKQ-FQB3
Got a presubmit token from server: c58a0968a540641734212806ef2708c7
Uploaded crash dump: Crash ID: NE2T-ZTPQ-DYPP
Got a presubmit token from server: c58a0968a540641734212806ef2708c7
Uploaded crash dump: Crash ID: F7ZE-HB6V-VBGY
Got a presubmit token from server: c58a0968a540641734212806ef2708c7
Uploaded crash dump: Crash ID: WLWP-BV2O-W6RL
Got a presubmit token from server: c58a0968a540641734212806ef2708c7
Uploaded crash dump: Crash ID: YAOO-5AS4-M4IO
Got a presubmit token from server: c58a0968a540641734212806ef2708c7
Uploaded crash dump: Crash ID: YF27-SYQO-W523
Got a presubmit token from server: c58a0968a540641734212806ef2708c7
Uploaded crash dump: Crash ID: YSTY-CDNU-J4C6
Got a presubmit token from server: c58a0968a540641734212806ef2708c7
Uploaded crash dump: Crash ID: SKOZ-UPLP-Q3U7
Got a presubmit token from server: c58a0968a540641734212806ef2708c7
Uploaded crash dump: Crash ID: 7K2T-PYD6-PNDL
Got a presubmit token from server: c58a0968a540641734212806ef2708c7
Uploaded crash dump: Crash ID: Y55R-ADXM-KA7F
Got a presubmit token from server: c58a0968a540641734212806ef2708c7
Uploaded crash dump: Crash ID: 6Q6T-H66G-KY7T
Got a presubmit token from server: c58a0968a540641734212806ef2708c7
Uploaded crash dump: Crash ID: CDSZ-XKOH-ERXS
Got a presubmit token from server: c58a0968a540641734212806ef2708c7
Uploaded crash dump: Crash ID: GDHZ-OTAU-YBAI
Got a presubmit token from server: c58a0968a540641734212806ef2708c7
Uploaded crash dump: Crash ID: GFMS-RPNN-WUP2
Got a presubmit token from server: c58a0968a540641734212806ef2708c7
Uploaded crash dump: Crash ID: UBLZ-6LMS-YLYG
Got a presubmit token from server: c58a0968a540641734212806ef2708c7
Uploaded crash dump: Crash ID: 4KVO-6VTY-ETT3
Got a presubmit token from server: c58a0968a540641734212806ef2708c7
Uploaded crash dump: Crash ID: FMMG-BDFR-YI5V
Got a presubmit token from server: c58a0968a540641734212806ef2708c7
Uploaded crash dump: Crash ID: Y73W-PVIP-3ZDF
Got a presubmit token from server: c58a0968a540641734212806ef2708c7
Uploaded crash dump: Crash ID: 3OZR-7ZYW-AAFS
Got a presubmit token from server: c58a0968a540641734212806ef2708c7
Uploaded crash dump: Crash ID: XH4R-XMIF-2X2Z
Got a presubmit token from server: c58a0968a540641734212806ef2708c7
Uploaded crash dump: Crash ID: L7F6-2TO6-VQY2
Got a presubmit token from server: c58a0968a540641734212806ef2708c7
Uploaded crash dump: Crash ID: MT7V-M5YY-HIPN
Got a presubmit token from server: c58a0968a540641734212806ef2708c7
Uploaded crash dump: Crash ID: WVX2-IF6H-G3EO
Got a presubmit token from server: c58a0968a540641734212806ef2708c7
Uploaded crash dump: Crash ID: LNDO-2I7P-Y5DU
Got a presubmit token from server: c58a0968a540641734212806ef2708c7
Uploaded crash dump: Crash ID: BPYC-RJJK-OI4W
Got a presubmit token from server: c58a0968a540641734212806ef2708c7
Uploaded crash dump: Crash ID: 3NQQ-NM7H-R3FD
Got a presubmit token from server: c58a0968a540641734212806ef2708c7
Uploaded crash dump: Crash ID: E3NS-KQAT-FW2N
Got a presubmit token from server: c58a0968a540641734212806ef2708c7
Uploaded crash dump: Crash ID: GENR-P3QM-GTG2
Got a presubmit token from server: c58a0968a540641734212806ef2708c7
Uploaded crash dump: Crash ID: 3LSK-BVDA-ON6O
Got a presubmit token from server: c58a0968a540641734212806ef2708c7
Uploaded crash dump: Crash ID: L6UK-UA5J-CB4U
Got a presubmit token from server: c58a0968a540641734212806ef2708c7
Uploaded crash dump: Crash ID: QJN5-Q5MR-5AOY
Got a presubmit token from server: c58a0968a540641734212806ef2708c7
Uploaded crash dump: Crash ID: I75Z-XJ2J-HMZR
Got a presubmit token from server: c58a0968a540641734212806ef2708c7
Uploaded crash dump: Crash ID: MBQ6-ZGDP-UAEN
Got a presubmit token from server: c58a0968a540641734212806ef2708c7
Uploaded crash dump: Crash ID: IDMJ-FTAQ-WT2M
Got a presubmit token from server: c58a0968a540641734212806ef2708c7
Uploaded crash dump: Crash ID: EN7Z-K33X-GGO6
Got a presubmit token from server: c58a0968a540641734212806ef2708c7
Uploaded crash dump: Crash ID: MOQH-N3UD-HB5T
Got a presubmit token from server: c58a0968a540641734212806ef2708c7
Uploaded crash dump: Crash ID: Q57Z-MBVA-2JFL
Got a presubmit token from server: c58a0968a540641734212806ef2708c7
Uploaded crash dump: Crash ID: 3ACV-62HQ-A3JF
Got a presubmit token from server: c58a0968a540641734212806ef2708c7
Uploaded crash dump: Crash ID: F4F5-HULC-CR5C
Got a presubmit token from server: c58a0968a540641734212806ef2708c7
Uploaded crash dump: Crash ID: AHSJ-B2US-75CM
Got a presubmit token from server: c58a0968a540641734212806ef2708c7
Uploaded crash dump: Crash ID: KRPW-I2XD-37ZM
Got a presubmit token from server: c58a0968a540641734212806ef2708c7
Uploaded crash dump: Crash ID: SXGN-D3TN-QKD3
Got a presubmit token from server: c58a0968a540641734212806ef2708c7
Uploaded crash dump: Crash ID: VZZ5-OGHB-CVWO
Got a presubmit token from server: c58a0968a540641734212806ef2708c7
Uploaded crash dump: Crash ID: FCLG-X2ZQ-KIDE
Got a presubmit token from server: c58a0968a540641734212806ef2708c7
Uploaded crash dump: Crash ID: 4KGQ-6BD4-2RLI
Got a presubmit token from server: c58a0968a540641734212806ef2708c7
Uploaded crash dump: Crash ID: SPUX-H2SC-CBY2
Got a presubmit token from server: c58a0968a540641734212806ef2708c7
Uploaded crash dump: Crash ID: KKSH-GT43-ZBV3
Got a presubmit token from server: c58a0968a540641734212806ef2708c7
Uploaded crash dump: Crash ID: 6IJV-7OV3-ZG67
Got a presubmit token from server: c58a0968a540641734212806ef2708c7
Uploaded crash dump: Crash ID: WAB5-XPTX-5RSO
Got a presubmit token from server: c58a0968a540641734212806ef2708c7
Uploaded crash dump: Crash ID: JVKD-BVGA-27V2
Got a presubmit token from server: c58a0968a540641734212806ef2708c7
Uploaded crash dump: Crash ID: ZMDH-6SHF-VXRU
Got a presubmit token from server: c58a0968a540641734212806ef2708c7
Uploaded crash dump: Crash ID: 6SQU-FAMW-PHBC
Got a presubmit token from server: c58a0968a540641734212806ef2708c7
Uploaded crash dump: Crash ID: ZUKP-EEZX-EG6U
Got a presubmit token from server: c58a0968a540641734212806ef2708c7
Uploaded crash dump: Crash ID: CASA-6ATI-JBNU
Got a presubmit token from server: c58a0968a540641734212806ef2708c7
Uploaded crash dump: Crash ID: A6TE-H5OI-WOFS
Got a presubmit token from server: c58a0968a540641734212806ef2708c7
Uploaded crash dump: Crash ID: 6CGL-IRUL-WMFM
Got a presubmit token from server: c58a0968a540641734212806ef2708c7
Uploaded crash dump: Crash ID: GY3M-H7WJ-J3NY
Got a presubmit token from server: c58a0968a540641734212806ef2708c7
Uploaded crash dump: Crash ID: NLQD-QG4R-Q7YH
Got a presubmit token from server: c58a0968a540641734212806ef2708c7
Uploaded crash dump: Crash ID: ELTO-ECTG-RD7G
Got a presubmit token from server: c58a0968a540641734212806ef2708c7
Uploaded crash dump: Crash ID: KXJJ-IOFD-TRUE
Got a presubmit token from server: c58a0968a540641734212806ef2708c7
Uploaded crash dump: Crash ID: SIIH-ZIEA-WTTD
Got a presubmit token from server: c58a0968a540641734212806ef2708c7
Uploaded crash dump: Crash ID: 6VSI-KQXY-DZN5
Got a presubmit token from server: c58a0968a540641734212806ef2708c7
Uploaded crash dump: Crash ID: PHNO-V7S3-6JL2
Got a presubmit token from server: c58a0968a540641734212806ef2708c7
Uploaded crash dump: Crash ID: NMXL-QOWE-VNG3
Got a presubmit token from server: c58a0968a540641734212806ef2708c7
Uploaded crash dump: Crash ID: D6NT-Y5LD-GZH5
Got a presubmit token from server: c58a0968a540641734212806ef2708c7
Uploaded crash dump: Crash ID: FXSB-WJYN-BTON
Got a presubmit token from server: c58a0968a540641734212806ef2708c7
Uploaded crash dump: Crash ID: OEKP-GYP7-6LHF
Got a presubmit token from server: c58a0968a540641734212806ef2708c7
Uploaded crash dump: Crash ID: 6BO3-ZIUW-TERC
Got a presubmit token from server: c58a0968a540641734212806ef2708c7
Uploaded crash dump: Crash ID: VMTN-T2HZ-H4U7
Got a presubmit token from server: c58a0968a540641734212806ef2708c7
Uploaded crash dump: Crash ID: QZBH-HIFM-7BX3
Got a presubmit token from server: c58a0968a540641734212806ef2708c7
Uploaded crash dump: Crash ID: PBJZ-DYPP-2SDJ
Got a presubmit token from server: c58a0968a540641734212806ef2708c7
Uploaded crash dump: Crash ID: FPC5-6SAZ-IQZI
Got a presubmit token from server: c58a0968a540641734212806ef2708c7
Uploaded crash dump: Crash ID: 53SY-72WA-DV26
