Aug 05 |21:48:13| 2021: 'Krevik' used the 'Hint Text' command with value <"kutasem">
Aug 05 |23:15:41| 2021: ►ωдḺƘℯℜ◄ used the 'Charger' command on 'jahseh'
Aug 05 |23:15:41| 2021: ►ωдḺƘℯℜ◄ used the 'Charger' command on 'jahseh'
Aug 05 |23:15:42| 2021: ►ωдḺƘℯℜ◄ used the 'Charger' command on 'jahseh'
Aug 05 |23:15:42| 2021: ►ωдḺƘℯℜ◄ used the 'Charger' command on 'jahseh'
Aug 05 |23:15:45| 2021: ►ωдḺƘℯℜ◄ used the 'Charger' command on 'jahseh'
Aug 05 |23:15:46| 2021: ►ωдḺƘℯℜ◄ used the 'Charger' command on 'jahseh'
Aug 05 |23:15:46| 2021: ►ωдḺƘℯℜ◄ used the 'Charger' command on 'jahseh'
Aug 05 |23:15:47| 2021: ►ωдḺƘℯℜ◄ used the 'Charger' command on 'jahseh'
Aug 05 |23:15:47| 2021: ►ωдḺƘℯℜ◄ used the 'Charger' command on 'jahseh'
Aug 05 |23:16:03| 2021: ►ωдḺƘℯℜ◄ used the 'Charger' command on 'Saint Lombax Akatsuki Na'vi'
Aug 05 |23:16:09| 2021: ►ωдḺƘℯℜ◄ used the 'Charger' command on 'Bardys'
Aug 05 |23:16:10| 2021: ►ωдḺƘℯℜ◄ used the 'Charger' command on 'Bardys'
Aug 05 |23:16:10| 2021: ►ωдḺƘℯℜ◄ used the 'Charger' command on 'Bardys'
Aug 05 |23:16:10| 2021: ►ωдḺƘℯℜ◄ used the 'Charger' command on 'Bardys'
Aug 05 |23:16:10| 2021: ►ωдḺƘℯℜ◄ used the 'Charger' command on 'Bardys'
Aug 05 |23:16:10| 2021: ►ωдḺƘℯℜ◄ used the 'Charger' command on 'Bardys'
Aug 05 |23:16:11| 2021: ►ωдḺƘℯℜ◄ used the 'Charger' command on 'Bardys'
Aug 05 |23:16:11| 2021: ►ωдḺƘℯℜ◄ used the 'Charger' command on 'Bardys'
Aug 05 |23:16:12| 2021: ►ωдḺƘℯℜ◄ used the 'Charger' command on 'Bardys'
Aug 05 |23:16:13| 2021: ►ωдḺƘℯℜ◄ used the 'Charger' command on 'Bardys'
Aug 05 |23:16:25| 2021: ►ωдḺƘℯℜ◄ used the 'Charger' command on 'Agent'
Aug 05 |23:16:26| 2021: ►ωдḺƘℯℜ◄ used the 'Charger' command on 'Agent'
Aug 05 |23:16:26| 2021: ►ωдḺƘℯℜ◄ used the 'Charger' command on 'Agent'
Aug 05 |23:16:26| 2021: ►ωдḺƘℯℜ◄ used the 'Charger' command on 'Agent'
Aug 05 |23:16:26| 2021: ►ωдḺƘℯℜ◄ used the 'Charger' command on 'havoxina'
Aug 05 |23:16:26| 2021: ►ωдḺƘℯℜ◄ used the 'Charger' command on 'Agent'
Aug 05 |23:16:27| 2021: ►ωдḺƘℯℜ◄ used the 'Charger' command on 'Agent'
Aug 05 |23:16:27| 2021: ►ωдḺƘℯℜ◄ used the 'Charger' command on 'havoxina'
Aug 05 |23:16:27| 2021: ►ωдḺƘℯℜ◄ used the 'Charger' command on 'Agent'
Aug 05 |23:16:27| 2021: ►ωдḺƘℯℜ◄ used the 'Charger' command on 'Agent'
Aug 05 |23:16:28| 2021: ►ωдḺƘℯℜ◄ used the 'Charger' command on 'Agent'
Aug 05 |23:16:28| 2021: ►ωдḺƘℯℜ◄ used the 'Charger' command on 'Agent'
Aug 05 |23:16:28| 2021: ►ωдḺƘℯℜ◄ used the 'Charger' command on 'Agent'
Aug 05 |23:16:28| 2021: ►ωдḺƘℯℜ◄ used the 'Charger' command on 'Agent'
Aug 05 |23:16:29| 2021: ►ωдḺƘℯℜ◄ used the 'Charger' command on 'Agent'
Aug 05 |23:16:29| 2021: ►ωдḺƘℯℜ◄ used the 'Charger' command on 'Agent'
Aug 05 |23:16:30| 2021: ►ωдḺƘℯℜ◄ used the 'Charger' command on 'Agent'
Aug 05 |23:16:30| 2021: ►ωдḺƘℯℜ◄ used the 'Charger' command on 'Agent'
Aug 05 |23:16:31| 2021: ►ωдḺƘℯℜ◄ used the 'Charger' command on 'Agent'
Aug 05 |23:16:31| 2021: ►ωдḺƘℯℜ◄ used the 'Charger' command on 'Agent'
Aug 05 |23:16:34| 2021: ►ωдḺƘℯℜ◄ used the 'Charger' command on 'Agent'
Aug 05 |23:16:35| 2021: ►ωдḺƘℯℜ◄ used the 'Charger' command on 'Agent'
Aug 05 |23:16:36| 2021: ►ωдḺƘℯℜ◄ used the 'Charger' command on 'Agent'
