Sep 30 |11:12:10| 2021: Cortez (Krevik) used the 'Grab' command
Sep 30 |11:12:18| 2021: Cortez (Krevik) used the 'Grab' command
Sep 30 |11:13:27| 2021: Cortez (Krevik) used the 'Scan Model' command
Sep 30 |11:13:32| 2021: Cortez (Krevik) used the 'Scan Model' command
Sep 30 |12:08:44| 2021: 'Cortez (Krevik)' used the 'God Mode' command on 'Krevik'
Sep 30 |12:11:02| 2021: 'Cortez (Krevik)' used the 'God Mode' command on 'Krevik'
Sep 30 |12:11:52| 2021: 'Cortez (Krevik)' used the 'Teleport' command on 'test'
Sep 30 |12:13:25| 2021: 'Cortez (Krevik)' used the 'God Mode' command on 'Krevik'
Sep 30 |12:13:28| 2021: 'Cortez (Krevik)' used the 'God Mode' command on 'Krevik'
Sep 30 |12:13:32| 2021: 'Cortez (Krevik)' used the 'God Mode' command on 'Krevik'
Sep 30 |12:13:41| 2021: 'Cortez (Krevik)' used the 'Teleport' command on 'kot'
Sep 30 |12:16:49| 2021: Cortez (Krevik) used the 'Grab' command
Sep 30 |12:16:58| 2021: Cortez (Krevik) used the 'Grab' command
Sep 30 |12:17:03| 2021: 'Cortez (Krevik)' used the 'Teleport' command on 'Kot'
Sep 30 |14:51:48| 2021: 'SATANİXON deepgoretube.site' used the 'God Mode' command on 'sat'
Sep 30 |14:58:58| 2021: 'SATANİXON deepgoretube.site' used the 'God Mode' command on 'sat'
Sep 30 |22:59:38| 2021: 'Cortez (Krevik)' used the 'Client Console' command on 'Ryder' with value <say: nub>
Sep 30 |22:59:39| 2021: 'Cortez (Krevik)' used the 'Client Console' command on 'Ryder' with value <say: nub>
Sep 30 |22:59:43| 2021: 'Cortez (Krevik)' used the 'Client Console' command on 'Ryder' with value <say: nub>
Sep 30 |23:43:08| 2021: 'Cortez (Krevik)' used the 'Airstrike' command on 'Krevik'
Sep 30 |23:43:25| 2021: 'Cortez (Krevik)' used the 'Airstrike' command on 'Krevik'
Sep 30 |23:43:33| 2021: 'Cortez (Krevik)' used the 'Airstrike' command on 'Krevik'
Sep 30 |23:44:10| 2021: Cortez (Krevik) used the 'Grab' command
Sep 30 |23:44:18| 2021: Cortez (Krevik) used the 'Grab' command
Sep 30 |23:44:29| 2021: Cortez (Krevik) used the 'Grab' command
Sep 30 |23:44:37| 2021: Cortez (Krevik) used the 'Grab' command
Sep 30 |23:44:50| 2021: Cortez (Krevik) used the 'Grab' command
Sep 30 |23:45:14| 2021: Cortez (Krevik) used the 'Grab' command
