Aug 08 |10:15:24| 2021: 'Krevik' used the 'Teleport' command on '@all'
Aug 08 |11:19:53| 2021: '►ωдḺƘℯℜ◄' used the 'Airstrike' command on 'AlLaDyN^^-_-'
Aug 08 |13:13:05| 2021: ►ωдḺƘℯℜ◄ used the 'Charger' command on '✿abc'
Aug 08 |13:13:15| 2021: ►ωдḺƘℯℜ◄ used the 'Charger' command on '✿abc'
Aug 08 |13:13:17| 2021: ►ωдḺƘℯℜ◄ used the 'Charger' command on '✿abc'
Aug 08 |13:13:18| 2021: ►ωдḺƘℯℜ◄ used the 'Charger' command on '✿abc'
Aug 08 |13:34:06| 2021: '►ωдḺƘℯℜ◄' used the 'Airstrike' command on 'jahseh'
Aug 08 |13:35:31| 2021: ►ωдḺƘℯℜ◄ used the 'Charger' command on 'jahseh'
Aug 08 |13:35:31| 2021: ►ωдḺƘℯℜ◄ used the 'Charger' command on 'jahseh'
Aug 08 |13:35:31| 2021: ►ωдḺƘℯℜ◄ used the 'Charger' command on 'jahseh'
Aug 08 |13:35:32| 2021: ►ωдḺƘℯℜ◄ used the 'Charger' command on 'jahseh'
Aug 08 |13:35:32| 2021: ►ωдḺƘℯℜ◄ used the 'Charger' command on 'jahseh'
Aug 08 |13:35:32| 2021: ►ωдḺƘℯℜ◄ used the 'Charger' command on 'jahseh'
Aug 08 |13:35:32| 2021: ►ωдḺƘℯℜ◄ used the 'Charger' command on 'jahseh'
Aug 08 |13:35:32| 2021: ►ωдḺƘℯℜ◄ used the 'Charger' command on 'jahseh'
Aug 08 |13:35:33| 2021: ►ωдḺƘℯℜ◄ used the 'Charger' command on 'jahseh'
Aug 08 |13:35:33| 2021: ►ωдḺƘℯℜ◄ used the 'Charger' command on 'jahseh'
Aug 08 |13:35:33| 2021: ►ωдḺƘℯℜ◄ used the 'Charger' command on 'jahseh'
Aug 08 |13:35:33| 2021: ►ωдḺƘℯℜ◄ used the 'Charger' command on 'jahseh'
Aug 08 |13:35:33| 2021: ►ωдḺƘℯℜ◄ used the 'Charger' command on 'jahseh'
Aug 08 |13:35:34| 2021: ►ωдḺƘℯℜ◄ used the 'Charger' command on 'jahseh'
Aug 08 |13:35:34| 2021: ►ωдḺƘℯℜ◄ used the 'Charger' command on 'jahseh'
Aug 08 |13:35:35| 2021: ►ωдḺƘℯℜ◄ used the 'Charger' command on 'jahseh'
Aug 08 |13:35:37| 2021: ►ωдḺƘℯℜ◄ used the 'Charger' command on 'jahseh'
Aug 08 |16:59:14| 2021: ►ωдḺƘℯℜ◄ used the 'Set Health' command on 'AlLaDyN^^-_-' with value <100>
Aug 08 |16:59:16| 2021: ►ωдḺƘℯℜ◄ used the 'Set Health' command on 'Pam buk' with value <100>
Aug 08 |16:59:19| 2021: ►ωдḺƘℯℜ◄ used the 'Set Health' command on 'Melisanderu27' with value <100>
Aug 08 |19:44:08| 2021: 'Krevik' used the 'Set Heealth' command on 'Krevik' with value <83>
Aug 08 |21:22:51| 2021: 'Krevik' used the 'Teleport' command on '@all'
