Aug 03 |18:52:43| 2021: 'Krevik' used the 'Teleport' command on '@all'
Aug 03 |21:58:49| 2021: ►ωдḺƘℯℜ◄ used the 'Charger' command on '►ωдḺƘℯℜ◄'
Aug 03 |21:58:50| 2021: ►ωдḺƘℯℜ◄ used the 'Charger' command on '►ωдḺƘℯℜ◄'
Aug 03 |21:58:50| 2021: ►ωдḺƘℯℜ◄ used the 'Charger' command on '►ωдḺƘℯℜ◄'
Aug 03 |21:58:50| 2021: ►ωдḺƘℯℜ◄ used the 'Charger' command on '►ωдḺƘℯℜ◄'
Aug 03 |21:58:51| 2021: ►ωдḺƘℯℜ◄ used the 'Charger' command on '►ωдḺƘℯℜ◄'
Aug 03 |21:58:51| 2021: ►ωдḺƘℯℜ◄ used the 'Charger' command on '►ωдḺƘℯℜ◄'
Aug 03 |21:58:51| 2021: ►ωдḺƘℯℜ◄ used the 'Charger' command on '►ωдḺƘℯℜ◄'
Aug 03 |21:58:51| 2021: ►ωдḺƘℯℜ◄ used the 'Charger' command on '►ωдḺƘℯℜ◄'
Aug 03 |21:58:51| 2021: ►ωдḺƘℯℜ◄ used the 'Charger' command on '►ωдḺƘℯℜ◄'
Aug 03 |21:58:52| 2021: ►ωдḺƘℯℜ◄ used the 'Charger' command on '►ωдḺƘℯℜ◄'
Aug 03 |21:58:52| 2021: ►ωдḺƘℯℜ◄ used the 'Charger' command on '►ωдḺƘℯℜ◄'
Aug 03 |21:58:52| 2021: ►ωдḺƘℯℜ◄ used the 'Charger' command on '►ωдḺƘℯℜ◄'
Aug 03 |21:58:52| 2021: ►ωдḺƘℯℜ◄ used the 'Charger' command on '►ωдḺƘℯℜ◄'
Aug 03 |21:58:52| 2021: ►ωдḺƘℯℜ◄ used the 'Charger' command on '►ωдḺƘℯℜ◄'
Aug 03 |21:58:54| 2021: ►ωдḺƘℯℜ◄ used the 'Charger' command on '►ωдḺƘℯℜ◄'
Aug 03 |21:58:54| 2021: ►ωдḺƘℯℜ◄ used the 'Charger' command on '►ωдḺƘℯℜ◄'
Aug 03 |21:58:54| 2021: ►ωдḺƘℯℜ◄ used the 'Charger' command on '►ωдḺƘℯℜ◄'
Aug 03 |21:58:54| 2021: ►ωдḺƘℯℜ◄ used the 'Charger' command on '►ωдḺƘℯℜ◄'
Aug 03 |22:01:10| 2021: ►ωдḺƘℯℜ◄ used the 'Charger' command on 'Mysterio'
Aug 03 |22:01:10| 2021: ►ωдḺƘℯℜ◄ used the 'Charger' command on 'Mysterio'
Aug 03 |22:01:10| 2021: ►ωдḺƘℯℜ◄ used the 'Charger' command on 'Mysterio'
Aug 03 |22:01:10| 2021: ►ωдḺƘℯℜ◄ used the 'Charger' command on 'Mysterio'
Aug 03 |22:01:11| 2021: ►ωдḺƘℯℜ◄ used the 'Charger' command on 'Mysterio'
Aug 03 |22:01:11| 2021: ►ωдḺƘℯℜ◄ used the 'Charger' command on 'Mysterio'
Aug 03 |22:01:14| 2021: ►ωдḺƘℯℜ◄ used the 'Charger' command on 'Mysterio'
Aug 03 |22:01:17| 2021: ►ωдḺƘℯℜ◄ used the 'Charger' command on 'Galaxina'
Aug 03 |22:01:17| 2021: ►ωдḺƘℯℜ◄ used the 'Charger' command on 'Galaxina'
Aug 03 |22:01:18| 2021: ►ωдḺƘℯℜ◄ used the 'Charger' command on 'Galaxina'
Aug 03 |22:01:18| 2021: ►ωдḺƘℯℜ◄ used the 'Charger' command on '►ωдḺƘℯℜ◄'
Aug 03 |22:01:18| 2021: ►ωдḺƘℯℜ◄ used the 'Charger' command on '►ωдḺƘℯℜ◄'
Aug 03 |22:01:18| 2021: ►ωдḺƘℯℜ◄ used the 'Charger' command on '►ωдḺƘℯℜ◄'
Aug 03 |22:01:20| 2021: ►ωдḺƘℯℜ◄ used the 'Charger' command on 'Galaxina'
Aug 03 |22:01:51| 2021: ►ωдḺƘℯℜ◄ used the 'Charger' command on '►ωдḺƘℯℜ◄'
Aug 03 |22:01:52| 2021: ►ωдḺƘℯℜ◄ used the 'Charger' command on '►ωдḺƘℯℜ◄'
Aug 03 |22:01:52| 2021: ►ωдḺƘℯℜ◄ used the 'Charger' command on '►ωдḺƘℯℜ◄'
Aug 03 |22:01:53| 2021: ►ωдḺƘℯℜ◄ used the 'Charger' command on '►ωдḺƘℯℜ◄'
Aug 03 |22:01:53| 2021: ►ωдḺƘℯℜ◄ used the 'Charger' command on '►ωдḺƘℯℜ◄'
Aug 03 |22:01:54| 2021: ►ωдḺƘℯℜ◄ used the 'Charger' command on '►ωдḺƘℯℜ◄'
Aug 03 |22:01:54| 2021: ►ωдḺƘℯℜ◄ used the 'Charger' command on '►ωдḺƘℯℜ◄'
Aug 03 |22:01:54| 2021: ►ωдḺƘℯℜ◄ used the 'Charger' command on '►ωдḺƘℯℜ◄'
Aug 03 |22:01:55| 2021: ►ωдḺƘℯℜ◄ used the 'Charger' command on '►ωдḺƘℯℜ◄'
Aug 03 |22:01:55| 2021: ►ωдḺƘℯℜ◄ used the 'Charger' command on '►ωдḺƘℯℜ◄'
Aug 03 |22:01:55| 2021: ►ωдḺƘℯℜ◄ used the 'Charger' command on '►ωдḺƘℯℜ◄'
Aug 03 |22:01:55| 2021: ►ωдḺƘℯℜ◄ used the 'Charger' command on '►ωдḺƘℯℜ◄'
Aug 03 |22:01:55| 2021: ►ωдḺƘℯℜ◄ used the 'Charger' command on '►ωдḺƘℯℜ◄'
Aug 03 |22:01:56| 2021: ►ωдḺƘℯℜ◄ used the 'Charger' command on '►ωдḺƘℯℜ◄'
Aug 03 |22:01:56| 2021: ►ωдḺƘℯℜ◄ used the 'Charger' command on '►ωдḺƘℯℜ◄'
Aug 03 |22:01:56| 2021: ►ωдḺƘℯℜ◄ used the 'Charger' command on '►ωдḺƘℯℜ◄'
Aug 03 |22:01:56| 2021: ►ωдḺƘℯℜ◄ used the 'Charger' command on '►ωдḺƘℯℜ◄'
Aug 03 |22:01:56| 2021: ►ωдḺƘℯℜ◄ used the 'Charger' command on '►ωдḺƘℯℜ◄'
Aug 03 |22:01:56| 2021: ►ωдḺƘℯℜ◄ used the 'Charger' command on '►ωдḺƘℯℜ◄'
Aug 03 |22:01:57| 2021: ►ωдḺƘℯℜ◄ used the 'Charger' command on '►ωдḺƘℯℜ◄'
Aug 03 |22:01:57| 2021: ►ωдḺƘℯℜ◄ used the 'Charger' command on '►ωдḺƘℯℜ◄'
Aug 03 |22:01:57| 2021: ►ωдḺƘℯℜ◄ used the 'Charger' command on '►ωдḺƘℯℜ◄'
Aug 03 |22:01:57| 2021: ►ωдḺƘℯℜ◄ used the 'Charger' command on '►ωдḺƘℯℜ◄'
Aug 03 |22:01:57| 2021: ►ωдḺƘℯℜ◄ used the 'Charger' command on '►ωдḺƘℯℜ◄'
Aug 03 |22:01:57| 2021: ►ωдḺƘℯℜ◄ used the 'Charger' command on '►ωдḺƘℯℜ◄'
Aug 03 |22:01:58| 2021: ►ωдḺƘℯℜ◄ used the 'Charger' command on '►ωдḺƘℯℜ◄'
Aug 03 |22:01:58| 2021: ►ωдḺƘℯℜ◄ used the 'Charger' command on '►ωдḺƘℯℜ◄'
Aug 03 |22:03:26| 2021: '►ωдḺƘℯℜ◄' used the 'Airstrike' command on 'Mysterio'
Aug 03 |22:03:36| 2021: '►ωдḺƘℯℜ◄' used the 'Airstrike' command on 'Galaxina'
Aug 03 |22:04:03| 2021: '►ωдḺƘℯℜ◄' used the 'Airstrike' command on 'Galaxina'
Aug 03 |22:04:46| 2021: '►ωдḺƘℯℜ◄' used the 'Shake Player' command on '►ωдḺƘℯℜ◄'
Aug 03 |22:04:58| 2021: '►ωдḺƘℯℜ◄' used the 'Shake Player' command on '✿abc'
Aug 03 |22:08:12| 2021: ►ωдḺƘℯℜ◄ used the 'Charger' command on 'Galaxina'
Aug 03 |22:08:13| 2021: ►ωдḺƘℯℜ◄ used the 'Charger' command on 'Galaxina'
Aug 03 |22:08:13| 2021: ►ωдḺƘℯℜ◄ used the 'Charger' command on 'Galaxina'
Aug 03 |22:08:14| 2021: ►ωдḺƘℯℜ◄ used the 'Charger' command on 'Galaxina'
Aug 03 |22:08:14| 2021: ►ωдḺƘℯℜ◄ used the 'Charger' command on 'Galaxina'
Aug 03 |22:08:14| 2021: ►ωдḺƘℯℜ◄ used the 'Charger' command on 'Galaxina'
Aug 03 |22:08:14| 2021: ►ωдḺƘℯℜ◄ used the 'Charger' command on 'Galaxina'
Aug 03 |22:08:14| 2021: ►ωдḺƘℯℜ◄ used the 'Charger' command on 'Galaxina'
Aug 03 |22:08:14| 2021: ►ωдḺƘℯℜ◄ used the 'Charger' command on 'Galaxina'
Aug 03 |22:08:15| 2021: ►ωдḺƘℯℜ◄ used the 'Charger' command on 'Galaxina'
Aug 03 |22:08:16| 2021: ►ωдḺƘℯℜ◄ used the 'Charger' command on 'Galaxina'
Aug 03 |22:08:16| 2021: ►ωдḺƘℯℜ◄ used the 'Charger' command on 'Galaxina'
Aug 03 |22:08:16| 2021: ►ωдḺƘℯℜ◄ used the 'Charger' command on 'Galaxina'
Aug 03 |22:08:17| 2021: ►ωдḺƘℯℜ◄ used the 'Charger' command on 'Galaxina'
Aug 03 |22:08:17| 2021: ►ωдḺƘℯℜ◄ used the 'Charger' command on 'Galaxina'
Aug 03 |22:08:17| 2021: ►ωдḺƘℯℜ◄ used the 'Charger' command on 'Galaxina'
Aug 03 |22:08:17| 2021: ►ωдḺƘℯℜ◄ used the 'Charger' command on 'Galaxina'
Aug 03 |22:08:17| 2021: ►ωдḺƘℯℜ◄ used the 'Charger' command on 'Galaxina'
Aug 03 |22:11:23| 2021: '►ωдḺƘℯℜ◄' used the 'Set Explosion' command
Aug 03 |22:11:30| 2021: '►ωдḺƘℯℜ◄' used the 'Set Explosion' command
Aug 03 |22:11:36| 2021: '►ωдḺƘℯℜ◄' used the 'Set Explosion' command
