L 10/02/2021 - 20:49:27: SourceMod error session started
L 10/02/2021 - 20:49:27: Info (map "c10m3_ranchhouse") (file "/home/k26606_s20329/server_20329/left4dead2/addons/sourcemod/logs/errors_20211002.log")
L 10/02/2021 - 20:49:27: [SM] Exception reported: Entity 3 (3) is invalid
L 10/02/2021 - 20:49:27: [SM] Blaming: optional/kether/l4d_tank_pass.smx
L 10/02/2021 - 20:49:27: [SM] Call stack trace:
L 10/02/2021 - 20:49:27: [SM]   [0] GetEntProp
L 10/02/2021 - 20:49:27: [SM]   [1] Line 244, D:\l4d2 serv\addons\sourcemod\scripting\include\l4d_lib.inc::IsPlayerTank
L 10/02/2021 - 20:49:27: [SM]   [2] Line 819, D:\l4d2 serv\addons\sourcemod\scripting\kether\l4d_tank_pass.sp::IsTank
L 10/02/2021 - 20:49:27: [SM]   [3] Line 814, D:\l4d2 serv\addons\sourcemod\scripting\kether\l4d_tank_pass.sp::IsAliveTank
L 10/02/2021 - 20:49:27: [SM]   [4] Line 552, D:\l4d2 serv\addons\sourcemod\scripting\kether\l4d_tank_pass.sp::OnEntKilled
L 10/02/2021 - 21:09:53: Error log file session closed.
L 10/02/2021 - 21:32:57: SourceMod error session started
L 10/02/2021 - 21:32:57: Info (map "c1m1_hotel") (file "/home/k26606_s20329/server_20329/left4dead2/addons/sourcemod/logs/errors_20211002.log")
L 10/02/2021 - 21:32:57: [SM] Exception reported: Invalid convar handle 0 (error 4)
L 10/02/2021 - 21:32:57: [SM] Blaming: fixes/l4d2_unsilent_jockey.smx
L 10/02/2021 - 21:32:57: [SM] Call stack trace:
L 10/02/2021 - 21:32:57: [SM]   [0] ConVar.AddChangeHook
L 10/02/2021 - 21:32:57: [SM]   [1] Line 91, D:\SourcePawn10\l4d2_unsilent_jockey.sp::OnPluginStart
L 10/02/2021 - 21:32:57: [SM] Unable to load plugin "fixes/l4d2_unsilent_jockey.smx": Error detected in plugin startup (see error logs)
L 10/02/2021 - 21:32:57: [CRASH] Accelerator uploaded crash dump: Crash ID: CDSZ-XKOH-ERXS
L 10/02/2021 - 21:32:59: [SM] Exception reported: Invalid convar handle 0 (error 4)
L 10/02/2021 - 21:32:59: [SM] Blaming: fixes/l4d2_unsilent_jockey.smx
L 10/02/2021 - 21:32:59: [SM] Call stack trace:
L 10/02/2021 - 21:32:59: [SM]   [0] ConVar.AddChangeHook
L 10/02/2021 - 21:32:59: [SM]   [1] Line 91, D:\SourcePawn10\l4d2_unsilent_jockey.sp::OnPluginStart
L 10/02/2021 - 21:32:59: [SM] Exception reported: Failed to find LagComp addresses: 0xedda9080, 00000000, 00000000
L 10/02/2021 - 21:32:59: [SM] Blaming: optional/kether/l4d2_lagcomp_manager.smx
L 10/02/2021 - 21:32:59: [SM] Call stack trace:
L 10/02/2021 - 21:32:59: [SM]   [0] SetFailState
L 10/02/2021 - 21:32:59: [SM]   [1] Line 32, D:\l4d2 serv\addons\sourcemod\scripting\kether\l4d2_lagcomp_manager.sp::OnPluginStart
L 10/02/2021 - 21:33:00: [confoglcompmod.smx] [Confogl] CvarSettings: Could not find CVar specified (confogl_disable_ghost_hurt)
L 10/02/2021 - 21:33:00: [confoglcompmod.smx] [Confogl] CvarSettings: Could not find CVar specified (confogl_remove_parachutist)
L 10/02/2021 - 21:33:00: [confoglcompmod.smx] [Confogl] CvarSettings: Could not find CVar specified (sm_unsilentjockey_enabled)
L 10/02/2021 - 21:33:00: [confoglcompmod.smx] [Confogl] CvarSettings: Could not find CVar specified (sm_unsilentjockey_always)
L 10/02/2021 - 21:33:00: [confoglcompmod.smx] [Confogl] CvarSettings: Could not find CVar specified (sm_unsilentjockey_time)
L 10/02/2021 - 21:33:03: Error log file session closed.
L 10/02/2021 - 23:12:18: SourceMod error session started
L 10/02/2021 - 23:12:18: Info (map "c1m1_hotel") (file "/home/k26606_s20329/server_20329/left4dead2/addons/sourcemod/logs/errors_20211002.log")
L 10/02/2021 - 23:12:18: [SM] Exception reported: Invalid convar handle 0 (error 4)
L 10/02/2021 - 23:12:18: [SM] Blaming: fixes/l4d2_unsilent_jockey.smx
L 10/02/2021 - 23:12:18: [SM] Call stack trace:
L 10/02/2021 - 23:12:18: [SM]   [0] ConVar.AddChangeHook
L 10/02/2021 - 23:12:18: [SM]   [1] Line 91, D:\SourcePawn10\l4d2_unsilent_jockey.sp::OnPluginStart
L 10/02/2021 - 23:12:18: [SM] Unable to load plugin "fixes/l4d2_unsilent_jockey.smx": Error detected in plugin startup (see error logs)
L 10/02/2021 - 23:12:19: [CRASH] Accelerator uploaded crash dump: Crash ID: GDHZ-OTAU-YBAI
L 10/02/2021 - 23:12:20: [SM] Exception reported: Invalid convar handle 0 (error 4)
L 10/02/2021 - 23:12:20: [SM] Blaming: fixes/l4d2_unsilent_jockey.smx
L 10/02/2021 - 23:12:20: [SM] Call stack trace:
L 10/02/2021 - 23:12:20: [SM]   [0] ConVar.AddChangeHook
L 10/02/2021 - 23:12:20: [SM]   [1] Line 91, D:\SourcePawn10\l4d2_unsilent_jockey.sp::OnPluginStart
L 10/02/2021 - 23:12:20: [SM] Exception reported: Failed to find LagComp addresses: 0xede2e080, 00000000, 00000000
L 10/02/2021 - 23:12:20: [SM] Blaming: optional/kether/l4d2_lagcomp_manager.smx
L 10/02/2021 - 23:12:20: [SM] Call stack trace:
L 10/02/2021 - 23:12:20: [SM]   [0] SetFailState
L 10/02/2021 - 23:12:20: [SM]   [1] Line 32, D:\l4d2 serv\addons\sourcemod\scripting\kether\l4d2_lagcomp_manager.sp::OnPluginStart
L 10/02/2021 - 23:12:21: [confoglcompmod.smx] [Confogl] CvarSettings: Could not find CVar specified (confogl_disable_ghost_hurt)
L 10/02/2021 - 23:12:21: [confoglcompmod.smx] [Confogl] CvarSettings: Could not find CVar specified (confogl_remove_parachutist)
L 10/02/2021 - 23:12:21: [confoglcompmod.smx] [Confogl] CvarSettings: Could not find CVar specified (sm_unsilentjockey_enabled)
L 10/02/2021 - 23:12:21: [confoglcompmod.smx] [Confogl] CvarSettings: Could not find CVar specified (sm_unsilentjockey_always)
L 10/02/2021 - 23:12:21: [confoglcompmod.smx] [Confogl] CvarSettings: Could not find CVar specified (sm_unsilentjockey_time)
L 10/02/2021 - 23:12:24: Error log file session closed.
