L 12/27/2021 - 02:04:43: SourceMod error session started
L 12/27/2021 - 02:04:43: Info (map "c1m1_hotel") (file "/home/k26606_s20329/server_20329/left4dead2/addons/sourcemod/logs/errors_20211227.log")
L 12/27/2021 - 02:04:43: [CRASH] Accelerator uploaded crash dump: Crash ID: 34CS-6AHV-3KDY
L 12/27/2021 - 02:04:45: [confoglcompmod.smx] [Confogl] CvarSettings: Could not find CVar specified (l4d2_tongue_delay)
L 12/27/2021 - 02:04:45: [confoglcompmod.smx] [Confogl] CvarSettings: Could not find CVar specified (sm2_bonus_per_survivor_multiplier)
L 12/27/2021 - 02:04:45: [confoglcompmod.smx] [Confogl] CvarSettings: Could not find CVar specified (sm2_permament_health_proportion)
L 12/27/2021 - 02:04:45: [confoglcompmod.smx] [Confogl] CvarSettings: Could not find CVar specified (sm2_pills_hp_factor)
L 12/27/2021 - 02:04:45: [confoglcompmod.smx] [Confogl] CvarSettings: Could not find CVar specified (sm2_pills_max_bonus)
L 12/27/2021 - 02:04:49: Error log file session closed.
L 12/27/2021 - 19:22:27: SourceMod error session started
L 12/27/2021 - 19:22:27: Info (map "c1m1_hotel") (file "/home/k26606_s20329/server_20329/left4dead2/addons/sourcemod/logs/errors_20211227.log")
L 12/27/2021 - 19:22:27: [CRASH] Accelerator uploaded crash dump: Crash ID: LVWL-IABK-XL4K
L 12/27/2021 - 19:22:29: [confoglcompmod.smx] [Confogl] CvarSettings: Could not find CVar specified (l4d2_tongue_delay)
L 12/27/2021 - 19:22:29: [confoglcompmod.smx] [Confogl] CvarSettings: Could not find CVar specified (sm2_bonus_per_survivor_multiplier)
L 12/27/2021 - 19:22:29: [confoglcompmod.smx] [Confogl] CvarSettings: Could not find CVar specified (sm2_permament_health_proportion)
L 12/27/2021 - 19:22:29: [confoglcompmod.smx] [Confogl] CvarSettings: Could not find CVar specified (sm2_pills_hp_factor)
L 12/27/2021 - 19:22:29: [confoglcompmod.smx] [Confogl] CvarSettings: Could not find CVar specified (sm2_pills_max_bonus)
L 12/27/2021 - 19:22:32: Error log file session closed.
L 12/27/2021 - 20:32:25: SourceMod error session started
L 12/27/2021 - 20:32:25: Info (map "c1m1_hotel") (file "/home/k26606_s20329/server_20329/left4dead2/addons/sourcemod/logs/errors_20211227.log")
L 12/27/2021 - 20:32:25: [CRASH] Accelerator uploaded crash dump: Crash ID: M3FU-QJWM-5YML
L 12/27/2021 - 20:32:27: [confoglcompmod.smx] [Confogl] CvarSettings: Could not find CVar specified (l4d2_tongue_delay)
L 12/27/2021 - 20:32:27: [confoglcompmod.smx] [Confogl] CvarSettings: Could not find CVar specified (sm2_bonus_per_survivor_multiplier)
L 12/27/2021 - 20:32:27: [confoglcompmod.smx] [Confogl] CvarSettings: Could not find CVar specified (sm2_permament_health_proportion)
L 12/27/2021 - 20:32:27: [confoglcompmod.smx] [Confogl] CvarSettings: Could not find CVar specified (sm2_pills_hp_factor)
L 12/27/2021 - 20:32:27: [confoglcompmod.smx] [Confogl] CvarSettings: Could not find CVar specified (sm2_pills_max_bonus)
L 12/27/2021 - 20:32:30: Error log file session closed.
