L 08/07/2021 - 00:42:47: SourceMod error session started
L 08/07/2021 - 00:42:47: Info (map "c1m1_hotel") (file "/home/k26606_s20329/server_20329/left4dead2/addons/sourcemod/logs/errors_20210807.log")
L 08/07/2021 - 00:42:47: [CRASH] Accelerator uploaded crash dump: Crash ID: YCLH-JFXR-FQVT
L 08/07/2021 - 00:42:52: Error log file session closed.
L 08/07/2021 - 14:52:10: SourceMod error session started
L 08/07/2021 - 14:52:10: Info (map "c1m1_hotel") (file "/home/k26606_s20329/server_20329/left4dead2/addons/sourcemod/logs/errors_20210807.log")
L 08/07/2021 - 14:52:10: [CRASH] Accelerator uploaded crash dump: Crash ID: NWBE-VDUP-MMYN
L 08/07/2021 - 14:52:15: Error log file session closed.
L 08/07/2021 - 15:51:08: SourceMod error session started
L 08/07/2021 - 15:51:08: Info (map "c1m1_hotel") (file "/home/k26606_s20329/server_20329/left4dead2/addons/sourcemod/logs/errors_20210807.log")
L 08/07/2021 - 15:51:08: [CRASH] Accelerator uploaded crash dump: Crash ID: DWTT-5IYP-Q4K6
L 08/07/2021 - 15:51:12: Error log file session closed.
L 08/07/2021 - 16:24:03: SourceMod error session started
L 08/07/2021 - 16:24:03: Info (map "c1m1_hotel") (file "/home/k26606_s20329/server_20329/left4dead2/addons/sourcemod/logs/errors_20210807.log")
L 08/07/2021 - 16:24:03: [CRASH] Accelerator uploaded crash dump: Crash ID: WNF2-JXQD-WOFL
L 08/07/2021 - 16:24:08: Error log file session closed.
L 08/07/2021 - 16:29:11: SourceMod error session started
L 08/07/2021 - 16:29:11: Info (map "c1m1_hotel") (file "/home/k26606_s20329/server_20329/left4dead2/addons/sourcemod/logs/errors_20210807.log")
L 08/07/2021 - 16:29:11: [CRASH] Accelerator uploaded crash dump: Crash ID: WH5X-O5XO-4YPJ
L 08/07/2021 - 16:29:16: Error log file session closed.
L 08/07/2021 - 18:24:29: SourceMod error session started
L 08/07/2021 - 18:24:29: Info (map "c1m1_hotel") (file "/home/k26606_s20329/server_20329/left4dead2/addons/sourcemod/logs/errors_20210807.log")
L 08/07/2021 - 18:24:29: [CRASH] Accelerator uploaded crash dump: Crash ID: RSBQ-QS62-FI24
L 08/07/2021 - 18:24:34: Error log file session closed.
L 08/07/2021 - 20:05:36: SourceMod error session started
L 08/07/2021 - 20:05:36: Info (map "c1m1_hotel") (file "/home/k26606_s20329/server_20329/left4dead2/addons/sourcemod/logs/errors_20210807.log")
L 08/07/2021 - 20:05:36: [CRASH] Accelerator uploaded crash dump: Crash ID: 3FOQ-437N-IC4T
L 08/07/2021 - 20:05:41: Error log file session closed.
L 08/07/2021 - 21:23:31: SourceMod error session started
L 08/07/2021 - 21:23:31: Info (map "c1m1_hotel") (file "/home/k26606_s20329/server_20329/left4dead2/addons/sourcemod/logs/errors_20210807.log")
L 08/07/2021 - 21:23:31: [CRASH] Accelerator uploaded crash dump: Crash ID: IRQP-5XKT-UTBS
L 08/07/2021 - 21:23:36: Error log file session closed.
L 08/07/2021 - 22:11:49: SourceMod error session started
L 08/07/2021 - 22:11:49: Info (map "c1m1_hotel") (file "/home/k26606_s20329/server_20329/left4dead2/addons/sourcemod/logs/errors_20210807.log")
L 08/07/2021 - 22:11:49: [CRASH] Accelerator uploaded crash dump: Crash ID: BB63-47MG-QXZP
L 08/07/2021 - 22:11:54: Error log file session closed.
L 08/07/2021 - 23:25:50: SourceMod error session started
L 08/07/2021 - 23:25:50: Info (map "c1m1_hotel") (file "/home/k26606_s20329/server_20329/left4dead2/addons/sourcemod/logs/errors_20210807.log")
L 08/07/2021 - 23:25:50: [CRASH] Accelerator uploaded crash dump: Crash ID: C57R-ZVHL-DLTI
L 08/07/2021 - 23:25:55: Error log file session closed.
L 08/07/2021 - 23:44:40: SourceMod error session started
L 08/07/2021 - 23:44:40: Info (map "c1m1_hotel") (file "/home/k26606_s20329/server_20329/left4dead2/addons/sourcemod/logs/errors_20210807.log")
L 08/07/2021 - 23:44:40: [CRASH] Accelerator uploaded crash dump: Crash ID: XN2Z-EYBM-XIBA
L 08/07/2021 - 23:44:45: Error log file session closed.
