L 12/01/2021 - 11:58:42: SourceMod error session started
L 12/01/2021 - 11:58:42: Info (map "c1m1_hotel") (file "/home/k26606_s20329/server_20329/left4dead2/addons/sourcemod/logs/errors_20211201.log")
L 12/01/2021 - 11:58:42: [confoglcompmod.smx] [Confogl] CvarSettings: Could not find CVar specified (l4d2_tongue_delay)
L 12/01/2021 - 11:58:45: Error log file session closed.
L 12/01/2021 - 12:02:04: SourceMod error session started
L 12/01/2021 - 12:02:04: Info (map "c1m1_hotel") (file "/home/k26606_s20329/server_20329/left4dead2/addons/sourcemod/logs/errors_20211201.log")
L 12/01/2021 - 12:02:04: [CRASH] Accelerator uploaded crash dump: Crash ID: YCHA-VD53-S6VI
L 12/01/2021 - 12:02:05: [confoglcompmod.smx] [Confogl] CvarSettings: Could not find CVar specified (l4d2_tongue_delay)
L 12/01/2021 - 12:02:08: Error log file session closed.
L 12/01/2021 - 17:43:53: SourceMod error session started
L 12/01/2021 - 17:43:53: Info (map "c1m1_hotel") (file "/home/k26606_s20329/server_20329/left4dead2/addons/sourcemod/logs/errors_20211201.log")
L 12/01/2021 - 17:43:53: [CRASH] Accelerator uploaded crash dump: Crash ID: RGLT-2T6B-OFDJ
L 12/01/2021 - 17:43:54: [confoglcompmod.smx] [Confogl] CvarSettings: Could not find CVar specified (l4d2_tongue_delay)
L 12/01/2021 - 17:43:58: Error log file session closed.
L 12/01/2021 - 18:14:24: SourceMod error session started
L 12/01/2021 - 18:14:24: Info (map "c1m1_hotel") (file "/home/k26606_s20329/server_20329/left4dead2/addons/sourcemod/logs/errors_20211201.log")
L 12/01/2021 - 18:14:24: [CRASH] Accelerator uploaded crash dump: Crash ID: 5Z37-UOYA-DUJ5
L 12/01/2021 - 18:14:25: [confoglcompmod.smx] [Confogl] CvarSettings: Could not find CVar specified (l4d2_tongue_delay)
L 12/01/2021 - 18:14:29: Error log file session closed.
L 12/01/2021 - 18:33:46: SourceMod error session started
L 12/01/2021 - 18:33:46: Info (map "c1m1_hotel") (file "/home/k26606_s20329/server_20329/left4dead2/addons/sourcemod/logs/errors_20211201.log")
L 12/01/2021 - 18:33:46: [CRASH] Accelerator uploaded crash dump: Crash ID: ZV4R-7EAI-OMOQ
L 12/01/2021 - 18:33:47: [confoglcompmod.smx] [Confogl] CvarSettings: Could not find CVar specified (l4d2_tongue_delay)
L 12/01/2021 - 18:33:50: Error log file session closed.
L 12/01/2021 - 19:47:00: SourceMod error session started
L 12/01/2021 - 19:47:00: Info (map "c1m1_hotel") (file "/home/k26606_s20329/server_20329/left4dead2/addons/sourcemod/logs/errors_20211201.log")
L 12/01/2021 - 19:47:00: [confoglcompmod.smx] [Confogl] CvarSettings: Could not find CVar specified (l4d2_tongue_delay)
L 12/01/2021 - 19:47:03: Error log file session closed.
L 12/01/2021 - 19:50:41: SourceMod error session started
L 12/01/2021 - 19:50:41: Info (map "c1m1_hotel") (file "/home/k26606_s20329/server_20329/left4dead2/addons/sourcemod/logs/errors_20211201.log")
L 12/01/2021 - 19:50:41: [confoglcompmod.smx] [Confogl] CvarSettings: Could not find CVar specified (sound_flags)
L 12/01/2021 - 19:50:45: Error log file session closed.
L 12/01/2021 - 20:15:18: SourceMod error session started
L 12/01/2021 - 20:15:18: Info (map "c1m1_hotel") (file "/home/k26606_s20329/server_20329/left4dead2/addons/sourcemod/logs/errors_20211201.log")
L 12/01/2021 - 20:15:18: [CRASH] Accelerator uploaded crash dump: Crash ID: Y35Q-RH4X-GLU5
L 12/01/2021 - 20:15:20: [confoglcompmod.smx] [Confogl] CvarSettings: Could not find CVar specified (l4d2_tongue_delay)
L 12/01/2021 - 20:15:24: Error log file session closed.
L 12/01/2021 - 22:27:47: SourceMod error session started
L 12/01/2021 - 22:27:47: Info (map "c5m1_waterfront") (file "/home/k26606_s20329/server_20329/left4dead2/addons/sourcemod/logs/errors_20211201.log")
L 12/01/2021 - 22:27:47: [confoglcompmod.smx] [Confogl] CvarSettings: Could not find CVar specified (sound_flags)
L 12/01/2021 - 22:27:51: Error log file session closed.
L 12/01/2021 - 22:31:12: SourceMod error session started
L 12/01/2021 - 22:31:12: Info (map "c1m1_hotel") (file "/home/k26606_s20329/server_20329/left4dead2/addons/sourcemod/logs/errors_20211201.log")
L 12/01/2021 - 22:31:12: [CRASH] Accelerator uploaded crash dump: Crash ID: Z6KZ-XEP2-YAF4
L 12/01/2021 - 22:31:14: [confoglcompmod.smx] [Confogl] CvarSettings: Could not find CVar specified (l4d2_tongue_delay)
L 12/01/2021 - 22:31:17: Error log file session closed.
