L 09/04/2021 - 16:48:31: SourceMod error session started
L 09/04/2021 - 16:48:31: Info (map "c5m1_waterfront") (file "/home/k26606_s24044/server_24044/left4dead2/addons/sourcemod/logs/errors_20210904.log")
L 09/04/2021 - 16:48:31: [CRASH] Accelerator uploaded crash dump: Crash ID: LUPR-JEOW-UUFL
L 09/04/2021 - 16:48:37: Error log file session closed.
L 09/04/2021 - 18:55:45: SourceMod error session started
L 09/04/2021 - 18:55:45: Info (map "c5m1_waterfront") (file "/home/k26606_s24044/server_24044/left4dead2/addons/sourcemod/logs/errors_20210904.log")
L 09/04/2021 - 18:55:45: [CRASH] Accelerator uploaded crash dump: Crash ID: X2XN-UF3J-V6KE
L 09/04/2021 - 18:55:51: Error log file session closed.
L 09/04/2021 - 21:26:39: SourceMod error session started
L 09/04/2021 - 21:26:39: Info (map "c5m1_waterfront") (file "/home/k26606_s24044/server_24044/left4dead2/addons/sourcemod/logs/errors_20210904.log")
L 09/04/2021 - 21:26:39: [CRASH] Accelerator uploaded crash dump: Crash ID: JDGW-EHII-HCG5
L 09/04/2021 - 21:26:45: Error log file session closed.
L 09/04/2021 - 22:15:20: SourceMod error session started
L 09/04/2021 - 22:15:20: Info (map "c5m1_waterfront") (file "/home/k26606_s24044/server_24044/left4dead2/addons/sourcemod/logs/errors_20210904.log")
L 09/04/2021 - 22:15:20: [CRASH] Accelerator uploaded crash dump: Crash ID: 3ZBJ-OQXJ-H2Y3
L 09/04/2021 - 22:15:26: Error log file session closed.
L 09/04/2021 - 23:34:47: SourceMod error session started
L 09/04/2021 - 23:34:47: Info (map "c5m1_waterfront") (file "/home/k26606_s24044/server_24044/left4dead2/addons/sourcemod/logs/errors_20210904.log")
L 09/04/2021 - 23:34:47: [CRASH] Accelerator uploaded crash dump: Crash ID: WY34-BXVW-B7ZX
L 09/04/2021 - 23:34:52: Error log file session closed.
L 09/04/2021 - 23:36:25: SourceMod error session started
L 09/04/2021 - 23:36:25: Info (map "c5m1_waterfront") (file "/home/k26606_s24044/server_24044/left4dead2/addons/sourcemod/logs/errors_20210904.log")
L 09/04/2021 - 23:36:25: [CRASH] Accelerator uploaded crash dump: Crash ID: 5M2Y-LTCA-P3OV
L 09/04/2021 - 23:36:31: Error log file session closed.
