L 09/09/2021 - 17:35:31: SourceMod error session started
L 09/09/2021 - 17:35:31: Info (map "c5m1_waterfront") (file "/home/k26606_s24044/server_24044/left4dead2/addons/sourcemod/logs/errors_20210909.log")
L 09/09/2021 - 17:35:31: [CRASH] Accelerator uploaded crash dump: Crash ID: F2HS-P647-QUX4
L 09/09/2021 - 17:35:38: Error log file session closed.
L 09/09/2021 - 18:38:27: SourceMod error session started
L 09/09/2021 - 18:38:27: Info (map "c5m1_waterfront") (file "/home/k26606_s24044/server_24044/left4dead2/addons/sourcemod/logs/errors_20210909.log")
L 09/09/2021 - 18:38:27: [CRASH] Accelerator uploaded crash dump: Crash ID: S6F3-FQPN-4WPF
L 09/09/2021 - 18:38:34: Error log file session closed.
L 09/09/2021 - 19:36:04: SourceMod error session started
L 09/09/2021 - 19:36:04: Info (map "c8m1_apartment") (file "/home/k26606_s24044/server_24044/left4dead2/addons/sourcemod/logs/errors_20210909.log")
L 09/09/2021 - 19:36:04: [SM] Exception reported: Client 11 is not in game
L 09/09/2021 - 19:36:04: [SM] Blaming: optional/kether/pause.smx
L 09/09/2021 - 19:36:04: [SM] Call stack trace:
L 09/09/2021 - 19:36:04: [SM]   [0] GetClientTeam
L 09/09/2021 - 19:36:04: [SM]   [1] Line 757, D:\l4d2 serv\addons\sourcemod\scripting\kether\pause.sp::IsPlayer
L 09/09/2021 - 19:36:04: [SM]   [2] Line 242, D:\l4d2 serv\addons\sourcemod\scripting\kether\pause.sp::Pause_Cmd
L 09/09/2021 - 19:36:04: [SM]   [4] FakeClientCommand
L 09/09/2021 - 19:36:04: [SM]   [5] Line 141, D:\l4d2 serv\addons\sourcemod\scripting\kether\autopause.sp::playerDisconnect
L 09/09/2021 - 19:37:05: Error log file session closed.
L 09/09/2021 - 20:15:33: SourceMod error session started
L 09/09/2021 - 20:15:33: Info (map "c5m1_waterfront") (file "/home/k26606_s24044/server_24044/left4dead2/addons/sourcemod/logs/errors_20210909.log")
L 09/09/2021 - 20:15:33: [CRASH] Accelerator uploaded crash dump: Crash ID: 6Q3Y-CTWT-DPME
L 09/09/2021 - 20:15:39: Error log file session closed.
L 09/09/2021 - 21:25:13: SourceMod error session started
L 09/09/2021 - 21:25:13: Info (map "c5m1_waterfront") (file "/home/k26606_s24044/server_24044/left4dead2/addons/sourcemod/logs/errors_20210909.log")
L 09/09/2021 - 21:25:13: [CRASH] Accelerator uploaded crash dump: Crash ID: OCKY-OEXW-QIOA
L 09/09/2021 - 21:25:19: Error log file session closed.
