L 10/13/2021 - 17:32:09: SourceMod error session started
L 10/13/2021 - 17:32:09: Info (map "c1m1_hotel") (file "/home/k26606_s20329/server_20329/left4dead2/addons/sourcemod/logs/errors_20211013.log")
L 10/13/2021 - 17:32:09: [SM] Exception reported: Invalid convar handle 0 (error 4)
L 10/13/2021 - 17:32:09: [SM] Blaming: fixes/l4d2_unsilent_jockey.smx
L 10/13/2021 - 17:32:09: [SM] Call stack trace:
L 10/13/2021 - 17:32:09: [SM]   [0] ConVar.AddChangeHook
L 10/13/2021 - 17:32:09: [SM]   [1] Line 91, D:\SourcePawn10\l4d2_unsilent_jockey.sp::OnPluginStart
L 10/13/2021 - 17:32:09: [SM] Unable to load plugin "fixes/l4d2_unsilent_jockey.smx": Error detected in plugin startup (see error logs)
L 10/13/2021 - 17:32:09: [CRASH] Accelerator uploaded crash dump: Crash ID: SPUX-H2SC-CBY2
L 10/13/2021 - 17:32:10: [SM] Exception reported: Invalid convar handle 0 (error 4)
L 10/13/2021 - 17:32:10: [SM] Blaming: fixes/l4d2_unsilent_jockey.smx
L 10/13/2021 - 17:32:10: [SM] Call stack trace:
L 10/13/2021 - 17:32:10: [SM]   [0] ConVar.AddChangeHook
L 10/13/2021 - 17:32:10: [SM]   [1] Line 91, D:\SourcePawn10\l4d2_unsilent_jockey.sp::OnPluginStart
L 10/13/2021 - 17:32:11: [SM] Exception reported: Failed to find LagComp addresses: 0xeddf3080, 00000000, 00000000
L 10/13/2021 - 17:32:11: [SM] Blaming: optional/kether/l4d2_lagcomp_manager.smx
L 10/13/2021 - 17:32:11: [SM] Call stack trace:
L 10/13/2021 - 17:32:11: [SM]   [0] SetFailState
L 10/13/2021 - 17:32:11: [SM]   [1] Line 32, D:\l4d2 serv\addons\sourcemod\scripting\kether\l4d2_lagcomp_manager.sp::OnPluginStart
L 10/13/2021 - 17:32:11: [confoglcompmod.smx] [Confogl] CvarSettings: Could not find CVar specified (confogl_disable_ghost_hurt)
L 10/13/2021 - 17:32:11: [confoglcompmod.smx] [Confogl] CvarSettings: Could not find CVar specified (confogl_remove_parachutist)
L 10/13/2021 - 17:32:11: [confoglcompmod.smx] [Confogl] CvarSettings: Could not find CVar specified (sm_unsilentjockey_enabled)
L 10/13/2021 - 17:32:11: [confoglcompmod.smx] [Confogl] CvarSettings: Could not find CVar specified (sm_unsilentjockey_always)
L 10/13/2021 - 17:32:11: [confoglcompmod.smx] [Confogl] CvarSettings: Could not find CVar specified (sm_unsilentjockey_time)
L 10/13/2021 - 17:32:14: Error log file session closed.
L 10/13/2021 - 18:04:47: SourceMod error session started
L 10/13/2021 - 18:04:47: Info (map "c5m1_waterfront") (file "/home/k26606_s20329/server_20329/left4dead2/addons/sourcemod/logs/errors_20211013.log")
L 10/13/2021 - 18:04:47: [SM] Exception reported: Invalid timer handle 355b04bd (error 1)
L 10/13/2021 - 18:04:47: [SM] Blaming: optional/kether/TeamMix.smx
L 10/13/2021 - 18:04:47: [SM] Call stack trace:
L 10/13/2021 - 18:04:47: [SM]   [0] KillTimer
L 10/13/2021 - 18:04:47: [SM]   [1] Line 103, D:\l4d2 serv\Kether ST#60\addons\sourcemod\scripting\kether\TeamMix.sp::StopMix
L 10/13/2021 - 18:04:47: [SM]   [2] Line 79, D:\l4d2 serv\Kether ST#60\addons\sourcemod\scripting\kether\TeamMix.sp::OnMapStart
L 10/13/2021 - 18:20:54: Error log file session closed.
L 10/13/2021 - 19:38:57: SourceMod error session started
L 10/13/2021 - 19:38:57: Info (map "c1m1_hotel") (file "/home/k26606_s20329/server_20329/left4dead2/addons/sourcemod/logs/errors_20211013.log")
L 10/13/2021 - 19:38:57: [SM] Exception reported: Invalid convar handle 0 (error 4)
L 10/13/2021 - 19:38:57: [SM] Blaming: fixes/l4d2_unsilent_jockey.smx
L 10/13/2021 - 19:38:57: [SM] Call stack trace:
L 10/13/2021 - 19:38:57: [SM]   [0] ConVar.AddChangeHook
L 10/13/2021 - 19:38:57: [SM]   [1] Line 91, D:\SourcePawn10\l4d2_unsilent_jockey.sp::OnPluginStart
L 10/13/2021 - 19:38:57: [SM] Unable to load plugin "fixes/l4d2_unsilent_jockey.smx": Error detected in plugin startup (see error logs)
L 10/13/2021 - 19:38:58: [CRASH] Accelerator uploaded crash dump: Crash ID: KKSH-GT43-ZBV3
L 10/13/2021 - 19:38:59: [SM] Exception reported: Invalid convar handle 0 (error 4)
L 10/13/2021 - 19:38:59: [SM] Blaming: fixes/l4d2_unsilent_jockey.smx
L 10/13/2021 - 19:38:59: [SM] Call stack trace:
L 10/13/2021 - 19:38:59: [SM]   [0] ConVar.AddChangeHook
L 10/13/2021 - 19:38:59: [SM]   [1] Line 91, D:\SourcePawn10\l4d2_unsilent_jockey.sp::OnPluginStart
L 10/13/2021 - 19:38:59: [SM] Exception reported: Failed to find LagComp addresses: 0xede28080, 00000000, 00000000
L 10/13/2021 - 19:38:59: [SM] Blaming: optional/kether/l4d2_lagcomp_manager.smx
L 10/13/2021 - 19:38:59: [SM] Call stack trace:
L 10/13/2021 - 19:38:59: [SM]   [0] SetFailState
L 10/13/2021 - 19:38:59: [SM]   [1] Line 32, D:\l4d2 serv\addons\sourcemod\scripting\kether\l4d2_lagcomp_manager.sp::OnPluginStart
L 10/13/2021 - 19:39:00: [confoglcompmod.smx] [Confogl] CvarSettings: Could not find CVar specified (confogl_disable_ghost_hurt)
L 10/13/2021 - 19:39:00: [confoglcompmod.smx] [Confogl] CvarSettings: Could not find CVar specified (confogl_remove_parachutist)
L 10/13/2021 - 19:39:00: [confoglcompmod.smx] [Confogl] CvarSettings: Could not find CVar specified (sm_unsilentjockey_enabled)
L 10/13/2021 - 19:39:00: [confoglcompmod.smx] [Confogl] CvarSettings: Could not find CVar specified (sm_unsilentjockey_always)
L 10/13/2021 - 19:39:00: [confoglcompmod.smx] [Confogl] CvarSettings: Could not find CVar specified (sm_unsilentjockey_time)
L 10/13/2021 - 19:39:03: Error log file session closed.
L 10/13/2021 - 20:16:39: SourceMod error session started
L 10/13/2021 - 20:16:39: Info (map "c1m1_hotel") (file "/home/k26606_s20329/server_20329/left4dead2/addons/sourcemod/logs/errors_20211013.log")
L 10/13/2021 - 20:16:39: [SM] Exception reported: Invalid convar handle 0 (error 4)
L 10/13/2021 - 20:16:39: [SM] Blaming: fixes/l4d2_unsilent_jockey.smx
L 10/13/2021 - 20:16:39: [SM] Call stack trace:
L 10/13/2021 - 20:16:39: [SM]   [0] ConVar.AddChangeHook
L 10/13/2021 - 20:16:39: [SM]   [1] Line 91, D:\SourcePawn10\l4d2_unsilent_jockey.sp::OnPluginStart
L 10/13/2021 - 20:16:39: [SM] Unable to load plugin "fixes/l4d2_unsilent_jockey.smx": Error detected in plugin startup (see error logs)
L 10/13/2021 - 20:16:39: [CRASH] Accelerator uploaded crash dump: Crash ID: 6IJV-7OV3-ZG67
L 10/13/2021 - 20:16:41: [SM] Exception reported: Invalid convar handle 0 (error 4)
L 10/13/2021 - 20:16:41: [SM] Blaming: fixes/l4d2_unsilent_jockey.smx
L 10/13/2021 - 20:16:41: [SM] Call stack trace:
L 10/13/2021 - 20:16:41: [SM]   [0] ConVar.AddChangeHook
L 10/13/2021 - 20:16:41: [SM]   [1] Line 91, D:\SourcePawn10\l4d2_unsilent_jockey.sp::OnPluginStart
L 10/13/2021 - 20:16:41: [SM] Exception reported: Failed to find LagComp addresses: 0xede77080, 00000000, 00000000
L 10/13/2021 - 20:16:41: [SM] Blaming: optional/kether/l4d2_lagcomp_manager.smx
L 10/13/2021 - 20:16:41: [SM] Call stack trace:
L 10/13/2021 - 20:16:41: [SM]   [0] SetFailState
L 10/13/2021 - 20:16:41: [SM]   [1] Line 32, D:\l4d2 serv\addons\sourcemod\scripting\kether\l4d2_lagcomp_manager.sp::OnPluginStart
L 10/13/2021 - 20:16:42: [confoglcompmod.smx] [Confogl] CvarSettings: Could not find CVar specified (confogl_disable_ghost_hurt)
L 10/13/2021 - 20:16:42: [confoglcompmod.smx] [Confogl] CvarSettings: Could not find CVar specified (confogl_remove_parachutist)
L 10/13/2021 - 20:16:42: [confoglcompmod.smx] [Confogl] CvarSettings: Could not find CVar specified (sm_unsilentjockey_enabled)
L 10/13/2021 - 20:16:42: [confoglcompmod.smx] [Confogl] CvarSettings: Could not find CVar specified (sm_unsilentjockey_always)
L 10/13/2021 - 20:16:42: [confoglcompmod.smx] [Confogl] CvarSettings: Could not find CVar specified (sm_unsilentjockey_time)
L 10/13/2021 - 20:16:45: Error log file session closed.
L 10/13/2021 - 22:11:21: SourceMod error session started
L 10/13/2021 - 22:11:21: Info (map "c1m1_hotel") (file "/home/k26606_s20329/server_20329/left4dead2/addons/sourcemod/logs/errors_20211013.log")
L 10/13/2021 - 22:11:21: [SM] Exception reported: Invalid convar handle 0 (error 4)
L 10/13/2021 - 22:11:21: [SM] Blaming: fixes/l4d2_unsilent_jockey.smx
L 10/13/2021 - 22:11:21: [SM] Call stack trace:
L 10/13/2021 - 22:11:21: [SM]   [0] ConVar.AddChangeHook
L 10/13/2021 - 22:11:21: [SM]   [1] Line 91, D:\SourcePawn10\l4d2_unsilent_jockey.sp::OnPluginStart
L 10/13/2021 - 22:11:21: [SM] Unable to load plugin "fixes/l4d2_unsilent_jockey.smx": Error detected in plugin startup (see error logs)
L 10/13/2021 - 22:11:21: [CRASH] Accelerator uploaded crash dump: Crash ID: WAB5-XPTX-5RSO
L 10/13/2021 - 22:11:22: [SM] Exception reported: Invalid convar handle 0 (error 4)
L 10/13/2021 - 22:11:22: [SM] Blaming: fixes/l4d2_unsilent_jockey.smx
L 10/13/2021 - 22:11:22: [SM] Call stack trace:
L 10/13/2021 - 22:11:22: [SM]   [0] ConVar.AddChangeHook
L 10/13/2021 - 22:11:22: [SM]   [1] Line 91, D:\SourcePawn10\l4d2_unsilent_jockey.sp::OnPluginStart
L 10/13/2021 - 22:11:23: [SM] Exception reported: Failed to find LagComp addresses: 0xede18080, 00000000, 00000000
L 10/13/2021 - 22:11:23: [SM] Blaming: optional/kether/l4d2_lagcomp_manager.smx
L 10/13/2021 - 22:11:23: [SM] Call stack trace:
L 10/13/2021 - 22:11:23: [SM]   [0] SetFailState
L 10/13/2021 - 22:11:23: [SM]   [1] Line 32, D:\l4d2 serv\addons\sourcemod\scripting\kether\l4d2_lagcomp_manager.sp::OnPluginStart
L 10/13/2021 - 22:11:23: [confoglcompmod.smx] [Confogl] CvarSettings: Could not find CVar specified (confogl_disable_ghost_hurt)
L 10/13/2021 - 22:11:23: [confoglcompmod.smx] [Confogl] CvarSettings: Could not find CVar specified (confogl_remove_parachutist)
L 10/13/2021 - 22:11:23: [confoglcompmod.smx] [Confogl] CvarSettings: Could not find CVar specified (sm_unsilentjockey_enabled)
L 10/13/2021 - 22:11:23: [confoglcompmod.smx] [Confogl] CvarSettings: Could not find CVar specified (sm_unsilentjockey_always)
L 10/13/2021 - 22:11:23: [confoglcompmod.smx] [Confogl] CvarSettings: Could not find CVar specified (sm_unsilentjockey_time)
L 10/13/2021 - 22:11:26: Error log file session closed.
