L 11/14/2021 - 17:19:02: SourceMod error session started
L 11/14/2021 - 17:19:02: Info (map "c1m1_hotel") (file "/home/k26606_s20329/server_20329/left4dead2/addons/sourcemod/logs/errors_20211114.log")
L 11/14/2021 - 17:19:02: [CRASH] Accelerator uploaded crash dump: Crash ID: M5BX-HQVA-VM37
L 11/14/2021 - 17:19:04: [confoglcompmod.smx] [Confogl] CvarSettings: Could not find CVar specified (l4d2_tongue_delay)
L 11/14/2021 - 17:19:08: Error log file session closed.
L 11/14/2021 - 18:21:11: SourceMod error session started
L 11/14/2021 - 18:21:11: Info (map "c1m1_hotel") (file "/home/k26606_s20329/server_20329/left4dead2/addons/sourcemod/logs/errors_20211114.log")
L 11/14/2021 - 18:21:11: [CRASH] Accelerator uploaded crash dump: Crash ID: BVPT-BCIM-RJFI
L 11/14/2021 - 18:21:12: [confoglcompmod.smx] [Confogl] CvarSettings: Could not find CVar specified (l4d2_tongue_delay)
L 11/14/2021 - 18:21:15: Error log file session closed.
L 11/14/2021 - 19:25:09: SourceMod error session started
L 11/14/2021 - 19:25:09: Info (map "c1m1_hotel") (file "/home/k26606_s20329/server_20329/left4dead2/addons/sourcemod/logs/errors_20211114.log")
L 11/14/2021 - 19:25:09: [CRASH] Accelerator uploaded crash dump: Crash ID: WTD5-FSZ6-S5TA
L 11/14/2021 - 19:25:10: [confoglcompmod.smx] [Confogl] CvarSettings: Could not find CVar specified (l4d2_tongue_delay)
L 11/14/2021 - 19:25:13: Error log file session closed.
L 11/14/2021 - 19:50:56: SourceMod error session started
L 11/14/2021 - 19:50:56: Info (map "c1m1_hotel") (file "/home/k26606_s20329/server_20329/left4dead2/addons/sourcemod/logs/errors_20211114.log")
L 11/14/2021 - 19:50:56: [CRASH] Accelerator uploaded crash dump: Crash ID: L2LP-IANY-EONU
L 11/14/2021 - 19:50:58: [confoglcompmod.smx] [Confogl] CvarSettings: Could not find CVar specified (l4d2_tongue_delay)
L 11/14/2021 - 19:51:01: Error log file session closed.
L 11/14/2021 - 21:13:22: SourceMod error session started
L 11/14/2021 - 21:13:22: Info (map "c1m1_hotel") (file "/home/k26606_s20329/server_20329/left4dead2/addons/sourcemod/logs/errors_20211114.log")
L 11/14/2021 - 21:13:22: [CRASH] Accelerator uploaded crash dump: Crash ID: SZQJ-MJTN-7KQM
L 11/14/2021 - 21:13:23: [confoglcompmod.smx] [Confogl] CvarSettings: Could not find CVar specified (l4d2_tongue_delay)
L 11/14/2021 - 21:13:27: Error log file session closed.
L 11/14/2021 - 22:23:14: SourceMod error session started
L 11/14/2021 - 22:23:14: Info (map "c1m1_hotel") (file "/home/k26606_s20329/server_20329/left4dead2/addons/sourcemod/logs/errors_20211114.log")
L 11/14/2021 - 22:23:14: [CRASH] Accelerator uploaded crash dump: Crash ID: PPGL-BK4E-TKY2
L 11/14/2021 - 22:23:16: [confoglcompmod.smx] [Confogl] CvarSettings: Could not find CVar specified (l4d2_tongue_delay)
L 11/14/2021 - 22:23:19: Error log file session closed.
L 11/14/2021 - 23:52:46: SourceMod error session started
L 11/14/2021 - 23:52:46: Info (map "c1m1_hotel") (file "/home/k26606_s20329/server_20329/left4dead2/addons/sourcemod/logs/errors_20211114.log")
L 11/14/2021 - 23:52:46: [CRASH] Accelerator uploaded crash dump: Crash ID: AVOG-EURW-75SE
L 11/14/2021 - 23:52:48: [confoglcompmod.smx] [Confogl] CvarSettings: Could not find CVar specified (l4d2_tongue_delay)
L 11/14/2021 - 23:52:51: Error log file session closed.
