L 08/24/2021 - 12:56:22: SourceMod error session started
L 08/24/2021 - 12:56:22: Info (map "c5m1_waterfront") (file "/home/k26606_s24044/server_24044/left4dead2/addons/sourcemod/logs/errors_20210824.log")
L 08/24/2021 - 12:56:22: [CRASH] Accelerator uploaded crash dump: Crash ID: 43FF-GP4G-5BVQ
L 08/24/2021 - 12:56:29: Error log file session closed.
L 08/24/2021 - 18:53:21: SourceMod error session started
L 08/24/2021 - 18:53:21: Info (map "c5m1_waterfront") (file "/home/k26606_s24044/server_24044/left4dead2/addons/sourcemod/logs/errors_20210824.log")
L 08/24/2021 - 18:53:21: [CRASH] Accelerator uploaded crash dump: Crash ID: CU5M-TDEZ-EUTI
L 08/24/2021 - 18:53:29: Error log file session closed.
L 08/24/2021 - 19:50:27: SourceMod error session started
L 08/24/2021 - 19:50:27: Info (map "c5m1_waterfront") (file "/home/k26606_s24044/server_24044/left4dead2/addons/sourcemod/logs/errors_20210824.log")
L 08/24/2021 - 19:50:27: [CRASH] Accelerator uploaded crash dump: Crash ID: RDOY-SF3T-E6ET
L 08/24/2021 - 19:50:32: Error log file session closed.
L 08/24/2021 - 21:12:25: SourceMod error session started
L 08/24/2021 - 21:12:25: Info (map "c5m1_waterfront") (file "/home/k26606_s24044/server_24044/left4dead2/addons/sourcemod/logs/errors_20210824.log")
L 08/24/2021 - 21:12:25: [CRASH] Accelerator uploaded crash dump: Crash ID: YTWN-F3BU-TNSD
L 08/24/2021 - 21:12:31: Error log file session closed.
L 08/24/2021 - 22:13:04: SourceMod error session started
L 08/24/2021 - 22:13:04: Info (map "c5m1_waterfront") (file "/home/k26606_s24044/server_24044/left4dead2/addons/sourcemod/logs/errors_20210824.log")
L 08/24/2021 - 22:13:04: [CRASH] Accelerator uploaded crash dump: Crash ID: 3TYP-55FN-SLAP
L 08/24/2021 - 22:13:10: Error log file session closed.
L 08/24/2021 - 23:40:44: SourceMod error session started
L 08/24/2021 - 23:40:44: Info (map "c5m1_waterfront") (file "/home/k26606_s24044/server_24044/left4dead2/addons/sourcemod/logs/errors_20210824.log")
L 08/24/2021 - 23:40:44: [CRASH] Accelerator uploaded crash dump: Crash ID: M53G-CTXI-SMIN
L 08/24/2021 - 23:40:50: Error log file session closed.
