L 12/18/2021 - 12:11:01: SourceMod error session started
L 12/18/2021 - 12:11:01: Info (map "c1m1_hotel") (file "/home/k26606_s20329/server_20329/left4dead2/addons/sourcemod/logs/errors_20211218.log")
L 12/18/2021 - 12:11:01: [confoglcompmod.smx] [Confogl] CvarSettings: Could not find CVar specified (l4d2_tongue_delay)
L 12/18/2021 - 12:11:05: Error log file session closed.
L 12/18/2021 - 12:14:13: SourceMod error session started
L 12/18/2021 - 12:14:13: Info (map "c1m1_hotel") (file "/home/k26606_s20329/server_20329/left4dead2/addons/sourcemod/logs/errors_20211218.log")
L 12/18/2021 - 12:14:13: [confoglcompmod.smx] [Confogl] CvarSettings: Could not find CVar specified (l4d2_tongue_delay)
L 12/18/2021 - 12:14:17: Error log file session closed.
L 12/18/2021 - 12:14:23: SourceMod error session started
L 12/18/2021 - 12:14:23: Info (map "c1m1_hotel") (file "/home/k26606_s20329/server_20329/left4dead2/addons/sourcemod/logs/errors_20211218.log")
L 12/18/2021 - 12:14:23: [confoglcompmod.smx] [Confogl] CvarSettings: Could not find CVar specified (l4d2_tongue_delay)
L 12/18/2021 - 12:14:26: Error log file session closed.
L 12/18/2021 - 12:25:57: SourceMod error session started
L 12/18/2021 - 12:25:57: Info (map "c1m1_hotel") (file "/home/k26606_s20329/server_20329/left4dead2/addons/sourcemod/logs/errors_20211218.log")
L 12/18/2021 - 12:25:57: [confoglcompmod.smx] [Confogl] CvarSettings: Could not find CVar specified (l4d2_tongue_delay)
L 12/18/2021 - 12:26:01: Error log file session closed.
L 12/18/2021 - 12:48:14: SourceMod error session started
L 12/18/2021 - 12:48:14: Info (map "c1m1_hotel") (file "/home/k26606_s20329/server_20329/left4dead2/addons/sourcemod/logs/errors_20211218.log")
L 12/18/2021 - 12:48:14: [confoglcompmod.smx] [Confogl] CvarSettings: Could not find CVar specified (l4d2_tongue_delay)
L 12/18/2021 - 12:48:18: Error log file session closed.
L 12/18/2021 - 13:08:12: SourceMod error session started
L 12/18/2021 - 13:08:12: Info (map "c1m1_hotel") (file "/home/k26606_s20329/server_20329/left4dead2/addons/sourcemod/logs/errors_20211218.log")
L 12/18/2021 - 13:08:12: [CRASH] Accelerator uploaded crash dump: Crash ID: VYXG-ITWY-AMSN
L 12/18/2021 - 13:08:14: [confoglcompmod.smx] [Confogl] CvarSettings: Could not find CVar specified (l4d2_tongue_delay)
L 12/18/2021 - 13:08:17: Error log file session closed.
L 12/18/2021 - 16:44:43: SourceMod error session started
L 12/18/2021 - 16:44:43: Info (map "c1m1_hotel") (file "/home/k26606_s20329/server_20329/left4dead2/addons/sourcemod/logs/errors_20211218.log")
L 12/18/2021 - 16:44:43: [CRASH] Accelerator uploaded crash dump: Crash ID: CW6H-D2CO-V2EW
L 12/18/2021 - 16:44:45: [confoglcompmod.smx] [Confogl] CvarSettings: Could not find CVar specified (l4d2_tongue_delay)
L 12/18/2021 - 16:44:48: Error log file session closed.
