L 11/21/2021 - 00:15:00: SourceMod error session started
L 11/21/2021 - 00:15:00: Info (map "c1m1_hotel") (file "/home/k26606_s20329/server_20329/left4dead2/addons/sourcemod/logs/errors_20211121.log")
L 11/21/2021 - 00:15:00: [CRASH] Accelerator uploaded crash dump: Crash ID: KRZ2-AOMH-7FF4
L 11/21/2021 - 00:15:02: [confoglcompmod.smx] [Confogl] CvarSettings: Could not find CVar specified (l4d2_tongue_delay)
L 11/21/2021 - 00:15:05: Error log file session closed.
L 11/21/2021 - 00:57:07: SourceMod error session started
L 11/21/2021 - 00:57:07: Info (map "c1m1_hotel") (file "/home/k26606_s20329/server_20329/left4dead2/addons/sourcemod/logs/errors_20211121.log")
L 11/21/2021 - 00:57:07: [CRASH] Accelerator uploaded crash dump: Crash ID: 7VCP-RT5W-YQ4H
L 11/21/2021 - 00:57:09: [confoglcompmod.smx] [Confogl] CvarSettings: Could not find CVar specified (l4d2_tongue_delay)
L 11/21/2021 - 00:57:12: Error log file session closed.
L 11/21/2021 - 15:13:35: SourceMod error session started
L 11/21/2021 - 15:13:35: Info (map "c1m1_hotel") (file "/home/k26606_s20329/server_20329/left4dead2/addons/sourcemod/logs/errors_20211121.log")
L 11/21/2021 - 15:13:35: [CRASH] Accelerator uploaded crash dump: Crash ID: M5G2-WLSH-CWVN
L 11/21/2021 - 15:13:37: [confoglcompmod.smx] [Confogl] CvarSettings: Could not find CVar specified (l4d2_tongue_delay)
L 11/21/2021 - 15:13:40: Error log file session closed.
L 11/21/2021 - 16:45:18: SourceMod error session started
L 11/21/2021 - 16:45:18: Info (map "c1m1_hotel") (file "/home/k26606_s20329/server_20329/left4dead2/addons/sourcemod/logs/errors_20211121.log")
L 11/21/2021 - 16:45:18: [CRASH] Accelerator uploaded crash dump: Crash ID: E5BI-HXKA-5NMP
L 11/21/2021 - 16:45:19: [confoglcompmod.smx] [Confogl] CvarSettings: Could not find CVar specified (l4d2_tongue_delay)
L 11/21/2021 - 16:45:22: Error log file session closed.
L 11/21/2021 - 17:58:56: SourceMod error session started
L 11/21/2021 - 17:58:56: Info (map "c1m1_hotel") (file "/home/k26606_s20329/server_20329/left4dead2/addons/sourcemod/logs/errors_20211121.log")
L 11/21/2021 - 17:58:56: [CRASH] Accelerator uploaded crash dump: Crash ID: RYKK-VNMT-IQHL
L 11/21/2021 - 17:58:58: [confoglcompmod.smx] [Confogl] CvarSettings: Could not find CVar specified (l4d2_tongue_delay)
L 11/21/2021 - 17:59:01: Error log file session closed.
L 11/21/2021 - 18:47:32: SourceMod error session started
L 11/21/2021 - 18:47:32: Info (map "c1m1_hotel") (file "/home/k26606_s20329/server_20329/left4dead2/addons/sourcemod/logs/errors_20211121.log")
L 11/21/2021 - 18:47:32: [CRASH] Accelerator uploaded crash dump: Crash ID: ACXR-O5NA-E5ON
L 11/21/2021 - 18:47:34: [confoglcompmod.smx] [Confogl] CvarSettings: Could not find CVar specified (l4d2_tongue_delay)
L 11/21/2021 - 18:47:37: Error log file session closed.
L 11/21/2021 - 20:25:52: SourceMod error session started
L 11/21/2021 - 20:25:52: Info (map "c1m1_hotel") (file "/home/k26606_s20329/server_20329/left4dead2/addons/sourcemod/logs/errors_20211121.log")
L 11/21/2021 - 20:25:52: [CRASH] Accelerator uploaded crash dump: Crash ID: SO32-RYNW-S2FY
L 11/21/2021 - 20:25:54: [confoglcompmod.smx] [Confogl] CvarSettings: Could not find CVar specified (l4d2_tongue_delay)
L 11/21/2021 - 20:25:57: Error log file session closed.
L 11/21/2021 - 21:52:13: SourceMod error session started
L 11/21/2021 - 21:52:13: Info (map "c1m1_hotel") (file "/home/k26606_s20329/server_20329/left4dead2/addons/sourcemod/logs/errors_20211121.log")
L 11/21/2021 - 21:52:13: [CRASH] Accelerator uploaded crash dump: Crash ID: KLKJ-TCBU-DENY
L 11/21/2021 - 21:52:15: [confoglcompmod.smx] [Confogl] CvarSettings: Could not find CVar specified (l4d2_tongue_delay)
L 11/21/2021 - 21:52:18: Error log file session closed.
