L 11/23/2021 - 11:48:28: SourceMod error session started
L 11/23/2021 - 11:48:28: Info (map "c1m1_hotel") (file "/home/k26606_s20329/server_20329/left4dead2/addons/sourcemod/logs/errors_20211123.log")
L 11/23/2021 - 11:48:28: [CRASH] Accelerator uploaded crash dump: Crash ID: 22ZI-5XKP-5POS
L 11/23/2021 - 11:48:30: [confoglcompmod.smx] [Confogl] CvarSettings: Could not find CVar specified (l4d2_tongue_delay)
L 11/23/2021 - 11:48:33: Error log file session closed.
L 11/23/2021 - 11:52:51: SourceMod error session started
L 11/23/2021 - 11:52:51: Info (map "c1m1_hotel") (file "/home/k26606_s20329/server_20329/left4dead2/addons/sourcemod/logs/errors_20211123.log")
L 11/23/2021 - 11:52:51: [CRASH] Accelerator uploaded crash dump: Crash ID: I5M4-6TVQ-3FIT
L 11/23/2021 - 11:52:53: [confoglcompmod.smx] [Confogl] CvarSettings: Could not find CVar specified (l4d2_tongue_delay)
L 11/23/2021 - 11:52:56: Error log file session closed.
L 11/23/2021 - 11:53:52: SourceMod error session started
L 11/23/2021 - 11:53:52: Info (map "c1m1_hotel") (file "/home/k26606_s20329/server_20329/left4dead2/addons/sourcemod/logs/errors_20211123.log")
L 11/23/2021 - 11:53:52: [CRASH] Accelerator uploaded crash dump: Crash ID: 5QAK-M2PC-4M4U
L 11/23/2021 - 11:53:54: [confoglcompmod.smx] [Confogl] CvarSettings: Could not find CVar specified (l4d2_tongue_delay)
L 11/23/2021 - 11:53:57: Error log file session closed.
L 11/23/2021 - 12:04:31: SourceMod error session started
L 11/23/2021 - 12:04:31: Info (map "c1m1_hotel") (file "/home/k26606_s20329/server_20329/left4dead2/addons/sourcemod/logs/errors_20211123.log")
L 11/23/2021 - 12:04:31: [CRASH] Accelerator uploaded crash dump: Crash ID: OXSX-PMTF-H6V2
L 11/23/2021 - 12:04:32: [confoglcompmod.smx] [Confogl] CvarSettings: Could not find CVar specified (l4d2_tongue_delay)
L 11/23/2021 - 12:04:36: Error log file session closed.
L 11/23/2021 - 12:22:08: SourceMod error session started
L 11/23/2021 - 12:22:08: Info (map "c1m1_hotel") (file "/home/k26606_s20329/server_20329/left4dead2/addons/sourcemod/logs/errors_20211123.log")
L 11/23/2021 - 12:22:08: [CRASH] Accelerator uploaded crash dump: Crash ID: ALET-3XLL-FQNQ
L 11/23/2021 - 12:22:10: [confoglcompmod.smx] [Confogl] CvarSettings: Could not find CVar specified (l4d2_tongue_delay)
L 11/23/2021 - 12:22:13: Error log file session closed.
L 11/23/2021 - 17:43:41: SourceMod error session started
L 11/23/2021 - 17:43:41: Info (map "c1m1_hotel") (file "/home/k26606_s20329/server_20329/left4dead2/addons/sourcemod/logs/errors_20211123.log")
L 11/23/2021 - 17:43:41: [CRASH] Accelerator uploaded crash dump: Crash ID: BP7R-TTR7-CTMT
L 11/23/2021 - 17:43:43: [confoglcompmod.smx] [Confogl] CvarSettings: Could not find CVar specified (l4d2_tongue_delay)
L 11/23/2021 - 17:43:46: Error log file session closed.
L 11/23/2021 - 17:46:20: SourceMod error session started
L 11/23/2021 - 17:46:20: Info (map "c1m1_hotel") (file "/home/k26606_s20329/server_20329/left4dead2/addons/sourcemod/logs/errors_20211123.log")
L 11/23/2021 - 17:46:20: [CRASH] Accelerator uploaded crash dump: Crash ID: TOJP-YGPX-OELA
L 11/23/2021 - 17:46:22: [confoglcompmod.smx] [Confogl] CvarSettings: Could not find CVar specified (l4d2_tongue_delay)
L 11/23/2021 - 17:46:25: Error log file session closed.
L 11/23/2021 - 18:58:17: SourceMod error session started
L 11/23/2021 - 18:58:17: Info (map "c1m1_hotel") (file "/home/k26606_s20329/server_20329/left4dead2/addons/sourcemod/logs/errors_20211123.log")
L 11/23/2021 - 18:58:17: [CRASH] Accelerator uploaded crash dump: Crash ID: 3IAR-XLRJ-UATT
L 11/23/2021 - 18:58:18: [confoglcompmod.smx] [Confogl] CvarSettings: Could not find CVar specified (l4d2_tongue_delay)
L 11/23/2021 - 18:58:22: Error log file session closed.
L 11/23/2021 - 20:03:26: SourceMod error session started
L 11/23/2021 - 20:03:26: Info (map "c1m1_hotel") (file "/home/k26606_s20329/server_20329/left4dead2/addons/sourcemod/logs/errors_20211123.log")
L 11/23/2021 - 20:03:26: [CRASH] Accelerator uploaded crash dump: Crash ID: KIFX-2E6Q-472I
L 11/23/2021 - 20:03:28: [confoglcompmod.smx] [Confogl] CvarSettings: Could not find CVar specified (l4d2_tongue_delay)
L 11/23/2021 - 20:03:32: Error log file session closed.
