L 08/13/2021 - 00:03:08: SourceMod error session started
L 08/13/2021 - 00:03:08: Info (map "c1m1_hotel") (file "/home/k26606_s20329/server_20329/left4dead2/addons/sourcemod/logs/errors_20210813.log")
L 08/13/2021 - 00:03:08: [CRASH] Accelerator uploaded crash dump: Crash ID: XX7L-RRY4-CXVV
L 08/13/2021 - 00:03:09: Error log file session closed.
L 08/13/2021 - 13:07:13: SourceMod error session started
L 08/13/2021 - 13:07:13: Info (map "c1m1_hotel") (file "/home/k26606_s20329/server_20329/left4dead2/addons/sourcemod/logs/errors_20210813.log")
L 08/13/2021 - 13:07:13: [CRASH] Accelerator uploaded crash dump: Crash ID: D5Z3-JLM6-IS3S
L 08/13/2021 - 13:07:18: Error log file session closed.
L 08/13/2021 - 14:08:19: SourceMod error session started
L 08/13/2021 - 14:08:19: Info (map "c1m1_hotel") (file "/home/k26606_s20329/server_20329/left4dead2/addons/sourcemod/logs/errors_20210813.log")
L 08/13/2021 - 14:08:19: [CRASH] Accelerator uploaded crash dump: Crash ID: DXY6-P2PA-UOFZ
L 08/13/2021 - 14:08:24: Error log file session closed.
L 08/13/2021 - 17:51:21: SourceMod error session started
L 08/13/2021 - 17:51:21: Info (map "c1m1_hotel") (file "/home/k26606_s20329/server_20329/left4dead2/addons/sourcemod/logs/errors_20210813.log")
L 08/13/2021 - 17:51:21: [CRASH] Accelerator uploaded crash dump: Crash ID: 2KTM-ZFGK-KYPL
L 08/13/2021 - 17:51:26: Error log file session closed.
L 08/13/2021 - 18:59:23: SourceMod error session started
L 08/13/2021 - 18:59:23: Info (map "c1m1_hotel") (file "/home/k26606_s20329/server_20329/left4dead2/addons/sourcemod/logs/errors_20210813.log")
L 08/13/2021 - 18:59:23: [CRASH] Accelerator uploaded crash dump: Crash ID: MAKS-MSZT-J3T7
L 08/13/2021 - 18:59:28: Error log file session closed.
L 08/13/2021 - 20:26:09: SourceMod error session started
L 08/13/2021 - 20:26:09: Info (map "c1m1_hotel") (file "/home/k26606_s20329/server_20329/left4dead2/addons/sourcemod/logs/errors_20210813.log")
L 08/13/2021 - 20:26:09: [CRASH] Accelerator uploaded crash dump: Crash ID: CEPF-MYWZ-QUX3
L 08/13/2021 - 20:26:14: Error log file session closed.
L 08/13/2021 - 21:36:35: SourceMod error session started
L 08/13/2021 - 21:36:35: Info (map "c1m1_hotel") (file "/home/k26606_s20329/server_20329/left4dead2/addons/sourcemod/logs/errors_20210813.log")
L 08/13/2021 - 21:36:35: [CRASH] Accelerator uploaded crash dump: Crash ID: SQF5-SANL-XBG7
L 08/13/2021 - 21:36:41: Error log file session closed.
L 08/13/2021 - 23:44:30: SourceMod error session started
L 08/13/2021 - 23:44:30: Info (map "c1m1_hotel") (file "/home/k26606_s20329/server_20329/left4dead2/addons/sourcemod/logs/errors_20210813.log")
L 08/13/2021 - 23:44:30: [CRASH] Accelerator uploaded crash dump: Crash ID: 47LE-2RLJ-OOCO
L 08/13/2021 - 23:44:35: Error log file session closed.
L 08/13/2021 - 23:54:24: SourceMod error session started
L 08/13/2021 - 23:54:24: Info (map "c1m1_hotel") (file "/home/k26606_s20329/server_20329/left4dead2/addons/sourcemod/logs/errors_20210813.log")
L 08/13/2021 - 23:54:24: [CRASH] Accelerator uploaded crash dump: Crash ID: ZPA5-K6TT-IWZ5
L 08/13/2021 - 23:54:29: Error log file session closed.
