L 09/27/2021 - 02:40:47: SourceMod error session started
L 09/27/2021 - 02:40:47: Info (map "c1m1_hotel") (file "/home/k26606_s20329/server_20329/left4dead2/addons/sourcemod/logs/errors_20210927.log")
L 09/27/2021 - 02:40:47: [CRASH] Accelerator uploaded crash dump: Crash ID: WSZV-TJAL-WO2Q
L 09/27/2021 - 02:40:49: [SM] Exception reported: Failed to find LagComp addresses: 0xeddc4080, 00000000, 00000000
L 09/27/2021 - 02:40:49: [SM] Blaming: optional/kether/l4d2_lagcomp_manager.smx
L 09/27/2021 - 02:40:49: [SM] Call stack trace:
L 09/27/2021 - 02:40:49: [SM]   [0] SetFailState
L 09/27/2021 - 02:40:49: [SM]   [1] Line 32, D:\l4d2 serv\addons\sourcemod\scripting\kether\l4d2_lagcomp_manager.sp::OnPluginStart
L 09/27/2021 - 02:40:50: [confoglcompmod.smx] [Confogl] CvarSettings: Could not find CVar specified (confogl_disable_ghost_hurt)
L 09/27/2021 - 02:40:50: [confoglcompmod.smx] [Confogl] CvarSettings: Could not find CVar specified (confogl_remove_parachutist)
L 09/27/2021 - 02:40:50: [confoglcompmod.smx] [Confogl] CvarSettings: Could not find CVar specified (sm_unsilentjockey_always)
L 09/27/2021 - 02:40:50: [confoglcompmod.smx] [Confogl] CvarSettings: Could not find CVar specified (sm_unsilentjockey_time)
L 09/27/2021 - 02:40:53: Error log file session closed.
L 09/27/2021 - 18:54:27: SourceMod error session started
L 09/27/2021 - 18:54:27: Info (map "c1m1_hotel") (file "/home/k26606_s20329/server_20329/left4dead2/addons/sourcemod/logs/errors_20210927.log")
L 09/27/2021 - 18:54:27: [CRASH] Accelerator uploaded crash dump: Crash ID: 6UAB-BJQH-AKUO
L 09/27/2021 - 18:54:28: [SM] Exception reported: Failed to find LagComp addresses: 0xeddcf080, 00000000, 00000000
L 09/27/2021 - 18:54:28: [SM] Blaming: optional/kether/l4d2_lagcomp_manager.smx
L 09/27/2021 - 18:54:28: [SM] Call stack trace:
L 09/27/2021 - 18:54:28: [SM]   [0] SetFailState
L 09/27/2021 - 18:54:28: [SM]   [1] Line 32, D:\l4d2 serv\addons\sourcemod\scripting\kether\l4d2_lagcomp_manager.sp::OnPluginStart
L 09/27/2021 - 18:54:29: [confoglcompmod.smx] [Confogl] CvarSettings: Could not find CVar specified (confogl_disable_ghost_hurt)
L 09/27/2021 - 18:54:29: [confoglcompmod.smx] [Confogl] CvarSettings: Could not find CVar specified (confogl_remove_parachutist)
L 09/27/2021 - 18:54:29: [confoglcompmod.smx] [Confogl] CvarSettings: Could not find CVar specified (sm_unsilentjockey_always)
L 09/27/2021 - 18:54:29: [confoglcompmod.smx] [Confogl] CvarSettings: Could not find CVar specified (sm_unsilentjockey_time)
L 09/27/2021 - 18:54:32: Error log file session closed.
L 09/27/2021 - 20:51:18: SourceMod error session started
L 09/27/2021 - 20:51:18: Info (map "c1m1_hotel") (file "/home/k26606_s20329/server_20329/left4dead2/addons/sourcemod/logs/errors_20210927.log")
L 09/27/2021 - 20:51:18: [CRASH] Accelerator uploaded crash dump: Crash ID: S6KR-JUWV-J32I
L 09/27/2021 - 20:51:19: [SM] Exception reported: Failed to find LagComp addresses: 0xede20080, 00000000, 00000000
L 09/27/2021 - 20:51:19: [SM] Blaming: optional/kether/l4d2_lagcomp_manager.smx
L 09/27/2021 - 20:51:19: [SM] Call stack trace:
L 09/27/2021 - 20:51:19: [SM]   [0] SetFailState
L 09/27/2021 - 20:51:19: [SM]   [1] Line 32, D:\l4d2 serv\addons\sourcemod\scripting\kether\l4d2_lagcomp_manager.sp::OnPluginStart
L 09/27/2021 - 20:51:21: [confoglcompmod.smx] [Confogl] CvarSettings: Could not find CVar specified (confogl_disable_ghost_hurt)
L 09/27/2021 - 20:51:21: [confoglcompmod.smx] [Confogl] CvarSettings: Could not find CVar specified (confogl_remove_parachutist)
L 09/27/2021 - 20:51:21: [confoglcompmod.smx] [Confogl] CvarSettings: Could not find CVar specified (sm_unsilentjockey_always)
L 09/27/2021 - 20:51:21: [confoglcompmod.smx] [Confogl] CvarSettings: Could not find CVar specified (sm_unsilentjockey_time)
L 09/27/2021 - 20:51:24: Error log file session closed.
L 09/27/2021 - 21:59:59: SourceMod error session started
L 09/27/2021 - 21:59:59: Info (map "c1m1_hotel") (file "/home/k26606_s20329/server_20329/left4dead2/addons/sourcemod/logs/errors_20210927.log")
L 09/27/2021 - 21:59:59: [CRASH] Accelerator uploaded crash dump: Crash ID: E6XF-KUH4-CKNC
L 09/27/2021 - 22:00:00: [SM] Exception reported: Failed to find LagComp addresses: 0xede38080, 00000000, 00000000
L 09/27/2021 - 22:00:00: [SM] Blaming: optional/kether/l4d2_lagcomp_manager.smx
L 09/27/2021 - 22:00:00: [SM] Call stack trace:
L 09/27/2021 - 22:00:00: [SM]   [0] SetFailState
L 09/27/2021 - 22:00:00: [SM]   [1] Line 32, D:\l4d2 serv\addons\sourcemod\scripting\kether\l4d2_lagcomp_manager.sp::OnPluginStart
L 09/27/2021 - 22:00:01: [confoglcompmod.smx] [Confogl] CvarSettings: Could not find CVar specified (confogl_disable_ghost_hurt)
L 09/27/2021 - 22:00:01: [confoglcompmod.smx] [Confogl] CvarSettings: Could not find CVar specified (confogl_remove_parachutist)
L 09/27/2021 - 22:00:01: [confoglcompmod.smx] [Confogl] CvarSettings: Could not find CVar specified (sm_unsilentjockey_always)
L 09/27/2021 - 22:00:01: [confoglcompmod.smx] [Confogl] CvarSettings: Could not find CVar specified (sm_unsilentjockey_time)
L 09/27/2021 - 22:00:05: Error log file session closed.
