L 12/19/2021 - 14:58:22: SourceMod error session started
L 12/19/2021 - 14:58:22: Info (map "c1m1_hotel") (file "/home/k26606_s20329/server_20329/left4dead2/addons/sourcemod/logs/errors_20211219.log")
L 12/19/2021 - 14:58:22: [CRASH] Accelerator uploaded crash dump: Crash ID: PMCV-3OHQ-EFFM
L 12/19/2021 - 14:58:25: [confoglcompmod.smx] [Confogl] CvarSettings: Could not find CVar specified (l4d2_tongue_delay)
L 12/19/2021 - 14:58:29: Error log file session closed.
L 12/19/2021 - 18:50:08: SourceMod error session started
L 12/19/2021 - 18:50:08: Info (map "c1m1_hotel") (file "/home/k26606_s20329/server_20329/left4dead2/addons/sourcemod/logs/errors_20211219.log")
L 12/19/2021 - 18:50:08: [CRASH] Accelerator uploaded crash dump: Crash ID: EP7J-MVIP-MLBJ
L 12/19/2021 - 18:50:10: [confoglcompmod.smx] [Confogl] CvarSettings: Could not find CVar specified (l4d2_tongue_delay)
L 12/19/2021 - 18:50:13: Error log file session closed.
L 12/19/2021 - 20:21:43: SourceMod error session started
L 12/19/2021 - 20:21:43: Info (map "c1m1_hotel") (file "/home/k26606_s20329/server_20329/left4dead2/addons/sourcemod/logs/errors_20211219.log")
L 12/19/2021 - 20:21:43: [CRASH] Accelerator uploaded crash dump: Crash ID: KIA5-4MDZ-TBJC
L 12/19/2021 - 20:21:45: [confoglcompmod.smx] [Confogl] CvarSettings: Could not find CVar specified (l4d2_tongue_delay)
L 12/19/2021 - 20:21:49: Error log file session closed.
L 12/19/2021 - 23:59:28: SourceMod error session started
L 12/19/2021 - 23:59:28: Info (map "c1m1_hotel") (file "/home/k26606_s20329/server_20329/left4dead2/addons/sourcemod/logs/errors_20211219.log")
L 12/19/2021 - 23:59:28: [CRASH] Accelerator uploaded crash dump: Crash ID: FPHS-CKFE-YD26
L 12/19/2021 - 23:59:34: [confoglcompmod.smx] [Confogl] CvarSettings: Could not find CVar specified (l4d2_tongue_delay)
L 12/19/2021 - 23:59:38: Error log file session closed.
