L 09/18/2021 - 00:04:39: SourceMod error session started
L 09/18/2021 - 00:04:39: Info (map "c5m1_waterfront") (file "/home/k26606_s24044/server_24044/left4dead2/addons/sourcemod/logs/errors_20210918.log")
L 09/18/2021 - 00:04:39: [CRASH] Accelerator uploaded crash dump: Crash ID: 46OD-SKGE-FE76
L 09/18/2021 - 00:04:44: Error log file session closed.
L 09/18/2021 - 00:16:05: SourceMod error session started
L 09/18/2021 - 00:16:05: Info (map "c5m1_waterfront") (file "/home/k26606_s24044/server_24044/left4dead2/addons/sourcemod/logs/errors_20210918.log")
L 09/18/2021 - 00:16:05: [CRASH] Accelerator uploaded crash dump: Crash ID: LC3O-DUVM-OAXV
L 09/18/2021 - 00:16:10: Error log file session closed.
L 09/18/2021 - 10:20:02: SourceMod error session started
L 09/18/2021 - 10:20:02: Info (map "c5m1_waterfront") (file "/home/k26606_s24044/server_24044/left4dead2/addons/sourcemod/logs/errors_20210918.log")
L 09/18/2021 - 10:20:02: [SM] Exception reported: Failed to find LagComp addresses: 0xede69080, 00000000, 00000000
L 09/18/2021 - 10:20:02: [SM] Blaming: optional/kether/l4d2_lagcomp_manager.smx
L 09/18/2021 - 10:20:02: [SM] Call stack trace:
L 09/18/2021 - 10:20:02: [SM]   [0] SetFailState
L 09/18/2021 - 10:20:02: [SM]   [1] Line 32, D:\l4d2 serv\addons\sourcemod\scripting\kether\l4d2_lagcomp_manager.sp::OnPluginStart
L 09/18/2021 - 10:20:04: [confoglcompmod.smx] [Confogl] CvarSettings: Could not find CVar specified (confogl_disable_ghost_hurt)
L 09/18/2021 - 10:20:04: [confoglcompmod.smx] [Confogl] CvarSettings: Could not find CVar specified (confogl_remove_parachutist)
L 09/18/2021 - 10:20:04: [confoglcompmod.smx] [Confogl] CvarSettings: Could not find CVar specified (sm_unsilentjockey_always)
L 09/18/2021 - 10:20:04: [confoglcompmod.smx] [Confogl] CvarSettings: Could not find CVar specified (sm_unsilentjockey_time)
L 09/18/2021 - 10:20:07: Error log file session closed.
L 09/18/2021 - 16:18:35: SourceMod error session started
L 09/18/2021 - 16:18:35: Info (map "c5m1_waterfront") (file "/home/k26606_s24044/server_24044/left4dead2/addons/sourcemod/logs/errors_20210918.log")
L 09/18/2021 - 16:18:35: [CRASH] Accelerator uploaded crash dump: Crash ID: EY55-UOOQ-3X3V
L 09/18/2021 - 16:18:37: [SM] Exception reported: Failed to find LagComp addresses: 0xede7c080, 00000000, 00000000
L 09/18/2021 - 16:18:37: [SM] Blaming: optional/kether/l4d2_lagcomp_manager.smx
L 09/18/2021 - 16:18:37: [SM] Call stack trace:
L 09/18/2021 - 16:18:37: [SM]   [0] SetFailState
L 09/18/2021 - 16:18:37: [SM]   [1] Line 32, D:\l4d2 serv\addons\sourcemod\scripting\kether\l4d2_lagcomp_manager.sp::OnPluginStart
L 09/18/2021 - 16:18:39: [confoglcompmod.smx] [Confogl] CvarSettings: Could not find CVar specified (confogl_disable_ghost_hurt)
L 09/18/2021 - 16:18:39: [confoglcompmod.smx] [Confogl] CvarSettings: Could not find CVar specified (confogl_remove_parachutist)
L 09/18/2021 - 16:18:39: [confoglcompmod.smx] [Confogl] CvarSettings: Could not find CVar specified (sm_unsilentjockey_always)
L 09/18/2021 - 16:18:39: [confoglcompmod.smx] [Confogl] CvarSettings: Could not find CVar specified (sm_unsilentjockey_time)
L 09/18/2021 - 16:18:42: Error log file session closed.
L 09/18/2021 - 16:19:27: SourceMod error session started
L 09/18/2021 - 16:19:27: Info (map "c5m1_waterfront") (file "/home/k26606_s24044/server_24044/left4dead2/addons/sourcemod/logs/errors_20210918.log")
L 09/18/2021 - 16:19:27: [CRASH] Accelerator uploaded crash dump: Crash ID: XGRS-AVGK-DUTM
L 09/18/2021 - 16:19:29: [SM] Exception reported: Failed to find LagComp addresses: 0xede10080, 00000000, 00000000
L 09/18/2021 - 16:19:29: [SM] Blaming: optional/kether/l4d2_lagcomp_manager.smx
L 09/18/2021 - 16:19:29: [SM] Call stack trace:
L 09/18/2021 - 16:19:29: [SM]   [0] SetFailState
L 09/18/2021 - 16:19:29: [SM]   [1] Line 32, D:\l4d2 serv\addons\sourcemod\scripting\kether\l4d2_lagcomp_manager.sp::OnPluginStart
L 09/18/2021 - 16:19:31: [confoglcompmod.smx] [Confogl] CvarSettings: Could not find CVar specified (confogl_disable_ghost_hurt)
L 09/18/2021 - 16:19:31: [confoglcompmod.smx] [Confogl] CvarSettings: Could not find CVar specified (confogl_remove_parachutist)
L 09/18/2021 - 16:19:31: [confoglcompmod.smx] [Confogl] CvarSettings: Could not find CVar specified (sm_unsilentjockey_always)
L 09/18/2021 - 16:19:31: [confoglcompmod.smx] [Confogl] CvarSettings: Could not find CVar specified (sm_unsilentjockey_time)
L 09/18/2021 - 16:19:34: Error log file session closed.
L 09/18/2021 - 19:53:28: SourceMod error session started
L 09/18/2021 - 19:53:28: Info (map "c5m1_waterfront") (file "/home/k26606_s24044/server_24044/left4dead2/addons/sourcemod/logs/errors_20210918.log")
L 09/18/2021 - 19:53:28: [CRASH] Accelerator uploaded crash dump: Crash ID: Y6S4-75CW-IGJ6
L 09/18/2021 - 19:53:30: [SM] Exception reported: Failed to find LagComp addresses: 0xeddac080, 00000000, 00000000
L 09/18/2021 - 19:53:30: [SM] Blaming: optional/kether/l4d2_lagcomp_manager.smx
L 09/18/2021 - 19:53:30: [SM] Call stack trace:
L 09/18/2021 - 19:53:30: [SM]   [0] SetFailState
L 09/18/2021 - 19:53:30: [SM]   [1] Line 32, D:\l4d2 serv\addons\sourcemod\scripting\kether\l4d2_lagcomp_manager.sp::OnPluginStart
L 09/18/2021 - 19:53:32: [confoglcompmod.smx] [Confogl] CvarSettings: Could not find CVar specified (confogl_disable_ghost_hurt)
L 09/18/2021 - 19:53:32: [confoglcompmod.smx] [Confogl] CvarSettings: Could not find CVar specified (confogl_remove_parachutist)
L 09/18/2021 - 19:53:32: [confoglcompmod.smx] [Confogl] CvarSettings: Could not find CVar specified (sm_unsilentjockey_always)
L 09/18/2021 - 19:53:32: [confoglcompmod.smx] [Confogl] CvarSettings: Could not find CVar specified (sm_unsilentjockey_time)
L 09/18/2021 - 19:53:35: Error log file session closed.
