L 11/18/2021 - 19:05:02: SourceMod error session started
L 11/18/2021 - 19:05:02: Info (map "c1m1_hotel") (file "/home/k26606_s20329/server_20329/left4dead2/addons/sourcemod/logs/errors_20211118.log")
L 11/18/2021 - 19:05:02: [CRASH] Accelerator uploaded crash dump: Crash ID: M5RP-KQRP-DT3T
L 11/18/2021 - 19:05:04: [confoglcompmod.smx] [Confogl] CvarSettings: Could not find CVar specified (l4d2_tongue_delay)
L 11/18/2021 - 19:05:07: Error log file session closed.
L 11/18/2021 - 20:13:02: SourceMod error session started
L 11/18/2021 - 20:13:02: Info (map "c1m1_hotel") (file "/home/k26606_s20329/server_20329/left4dead2/addons/sourcemod/logs/errors_20211118.log")
L 11/18/2021 - 20:13:02: [CRASH] Accelerator uploaded crash dump: Crash ID: FO4J-Z2BC-VF5V
L 11/18/2021 - 20:13:04: [confoglcompmod.smx] [Confogl] CvarSettings: Could not find CVar specified (l4d2_tongue_delay)
L 11/18/2021 - 20:13:07: Error log file session closed.
L 11/18/2021 - 20:55:06: SourceMod error session started
L 11/18/2021 - 20:55:06: Info (map "c1m1_hotel") (file "/home/k26606_s20329/server_20329/left4dead2/addons/sourcemod/logs/errors_20211118.log")
L 11/18/2021 - 20:55:06: [CRASH] Accelerator uploaded crash dump: Crash ID: PV5L-AR4K-2BQZ
L 11/18/2021 - 20:55:07: [confoglcompmod.smx] [Confogl] CvarSettings: Could not find CVar specified (l4d2_tongue_delay)
L 11/18/2021 - 20:55:11: Error log file session closed.
L 11/18/2021 - 22:00:20: SourceMod error session started
L 11/18/2021 - 22:00:20: Info (map "c1m1_hotel") (file "/home/k26606_s20329/server_20329/left4dead2/addons/sourcemod/logs/errors_20211118.log")
L 11/18/2021 - 22:00:20: [CRASH] Accelerator uploaded crash dump: Crash ID: BSWT-BPMM-4X33
L 11/18/2021 - 22:00:22: [confoglcompmod.smx] [Confogl] CvarSettings: Could not find CVar specified (l4d2_tongue_delay)
L 11/18/2021 - 22:00:25: Error log file session closed.
