L 08/09/2021 - 09:39:17: SourceMod error session started
L 08/09/2021 - 09:39:17: Info (map "c1m1_hotel") (file "/home/k26606_s20329/server_20329/left4dead2/addons/sourcemod/logs/errors_20210809.log")
L 08/09/2021 - 09:39:17: [CRASH] Accelerator uploaded crash dump: Crash ID: AXZS-QFBO-YAJA
L 08/09/2021 - 09:39:21: Error log file session closed.
L 08/09/2021 - 18:22:19: SourceMod error session started
L 08/09/2021 - 18:22:19: Info (map "c1m1_hotel") (file "/home/k26606_s20329/server_20329/left4dead2/addons/sourcemod/logs/errors_20210809.log")
L 08/09/2021 - 18:22:19: [CRASH] Accelerator uploaded crash dump: Crash ID: 2TU5-K4YU-N34I
L 08/09/2021 - 18:22:24: Error log file session closed.
L 08/09/2021 - 19:28:02: SourceMod error session started
L 08/09/2021 - 19:28:02: Info (map "c1m1_hotel") (file "/home/k26606_s20329/server_20329/left4dead2/addons/sourcemod/logs/errors_20210809.log")
L 08/09/2021 - 19:28:02: [CRASH] Accelerator uploaded crash dump: Crash ID: FI57-H3LD-STEF
L 08/09/2021 - 19:28:07: Error log file session closed.
L 08/09/2021 - 19:54:01: SourceMod error session started
L 08/09/2021 - 19:54:01: Info (map "c1m1_hotel") (file "/home/k26606_s20329/server_20329/left4dead2/addons/sourcemod/logs/errors_20210809.log")
L 08/09/2021 - 19:54:01: [CRASH] Accelerator uploaded crash dump: Crash ID: SSKD-45IR-TDAQ
L 08/09/2021 - 19:54:06: Error log file session closed.
L 08/09/2021 - 21:11:22: SourceMod error session started
L 08/09/2021 - 21:11:22: Info (map "c1m1_hotel") (file "/home/k26606_s20329/server_20329/left4dead2/addons/sourcemod/logs/errors_20210809.log")
L 08/09/2021 - 21:11:22: [CRASH] Accelerator uploaded crash dump: Crash ID: KYYK-K7E2-IOIU
L 08/09/2021 - 21:11:27: Error log file session closed.
L 08/09/2021 - 23:03:11: SourceMod error session started
L 08/09/2021 - 23:03:11: Info (map "c1m1_hotel") (file "/home/k26606_s20329/server_20329/left4dead2/addons/sourcemod/logs/errors_20210809.log")
L 08/09/2021 - 23:03:11: [CRASH] Accelerator uploaded crash dump: Crash ID: IVIS-4LP4-GAPV
L 08/09/2021 - 23:03:16: Error log file session closed.
