L 08/28/2021 - 00:48:18: SourceMod error session started
L 08/28/2021 - 00:48:18: Info (map "c5m1_waterfront") (file "/home/k26606_s24044/server_24044/left4dead2/addons/sourcemod/logs/errors_20210828.log")
L 08/28/2021 - 00:48:18: [CRASH] Accelerator uploaded crash dump: Crash ID: KU72-ILTC-7OIH
L 08/28/2021 - 00:48:24: Error log file session closed.
L 08/28/2021 - 01:50:31: SourceMod error session started
L 08/28/2021 - 01:50:31: Info (map "c5m1_waterfront") (file "/home/k26606_s24044/server_24044/left4dead2/addons/sourcemod/logs/errors_20210828.log")
L 08/28/2021 - 01:50:31: [CRASH] Accelerator uploaded crash dump: Crash ID: Y645-6UOL-S6SW
L 08/28/2021 - 01:50:36: Error log file session closed.
L 08/28/2021 - 09:43:37: SourceMod error session started
L 08/28/2021 - 09:43:37: Info (map "c5m1_waterfront") (file "/home/k26606_s24044/server_24044/left4dead2/addons/sourcemod/logs/errors_20210828.log")
L 08/28/2021 - 09:43:37: [CRASH] Accelerator uploaded crash dump: Crash ID: UYSR-33MF-DBUZ
L 08/28/2021 - 09:43:43: Error log file session closed.
L 08/28/2021 - 09:49:58: SourceMod error session started
L 08/28/2021 - 09:49:58: Info (map "c5m1_waterfront") (file "/home/k26606_s24044/server_24044/left4dead2/addons/sourcemod/logs/errors_20210828.log")
L 08/28/2021 - 09:49:58: [CRASH] Accelerator uploaded crash dump: Crash ID: PVXI-QXB6-JCEN
L 08/28/2021 - 09:50:03: Error log file session closed.
L 08/28/2021 - 10:09:51: SourceMod error session started
L 08/28/2021 - 10:09:51: Info (map "c5m1_waterfront") (file "/home/k26606_s24044/server_24044/left4dead2/addons/sourcemod/logs/errors_20210828.log")
L 08/28/2021 - 10:09:51: [CRASH] Accelerator uploaded crash dump: Crash ID: UCNB-AB7K-KMJB
L 08/28/2021 - 10:09:57: Error log file session closed.
L 08/28/2021 - 11:04:18: SourceMod error session started
L 08/28/2021 - 11:04:18: Info (map "c5m1_waterfront") (file "/home/k26606_s24044/server_24044/left4dead2/addons/sourcemod/logs/errors_20210828.log")
L 08/28/2021 - 11:04:18: [CRASH] Accelerator uploaded crash dump: Crash ID: WOB4-HASE-UKN4
L 08/28/2021 - 11:04:23: Error log file session closed.
L 08/28/2021 - 11:12:39: SourceMod error session started
L 08/28/2021 - 11:12:39: Info (map "c5m1_waterfront") (file "/home/k26606_s24044/server_24044/left4dead2/addons/sourcemod/logs/errors_20210828.log")
L 08/28/2021 - 11:12:39: [CRASH] Accelerator uploaded crash dump: Crash ID: CTNO-WPGG-5W3Z
L 08/28/2021 - 11:12:45: Error log file session closed.
L 08/28/2021 - 16:26:57: SourceMod error session started
L 08/28/2021 - 16:26:57: Info (map "c7m1_docks") (file "/home/k26606_s24044/server_24044/left4dead2/addons/sourcemod/logs/errors_20210828.log")
L 08/28/2021 - 16:26:57: [confoglcompmod.smx] [Confogl] CvarSettings: Could not find CVar specified (sound_flags)
L 08/28/2021 - 16:27:00: Error log file session closed.
L 08/28/2021 - 16:27:46: SourceMod error session started
L 08/28/2021 - 16:27:46: Info (map "c7m1_docks") (file "/home/k26606_s24044/server_24044/left4dead2/addons/sourcemod/logs/errors_20210828.log")
L 08/28/2021 - 16:27:46: [confoglcompmod.smx] [Confogl] CvarSettings: Could not find CVar specified (sound_flags)
L 08/28/2021 - 16:27:49: Error log file session closed.
L 08/28/2021 - 17:48:46: SourceMod error session started
L 08/28/2021 - 17:48:46: Info (map "c2m5_concert") (file "/home/k26606_s24044/server_24044/left4dead2/addons/sourcemod/logs/errors_20210828.log")
L 08/28/2021 - 17:48:46: [confoglcompmod.smx] [Confogl] CvarSettings: Could not find CVar specified (sound_flags)
L 08/28/2021 - 17:48:49: Error log file session closed.
L 08/28/2021 - 17:59:46: SourceMod error session started
L 08/28/2021 - 17:59:46: Info (map "c5m1_waterfront") (file "/home/k26606_s24044/server_24044/left4dead2/addons/sourcemod/logs/errors_20210828.log")
L 08/28/2021 - 17:59:46: [CRASH] Accelerator uploaded crash dump: Crash ID: KHFS-EVW6-GECI
L 08/28/2021 - 17:59:53: Error log file session closed.
L 08/28/2021 - 18:43:22: SourceMod error session started
L 08/28/2021 - 18:43:22: Info (map "c5m1_waterfront") (file "/home/k26606_s24044/server_24044/left4dead2/addons/sourcemod/logs/errors_20210828.log")
L 08/28/2021 - 18:43:22: [CRASH] Accelerator uploaded crash dump: Crash ID: KMSH-2DS5-YDK5
L 08/28/2021 - 18:43:28: Error log file session closed.
L 08/28/2021 - 18:47:22: SourceMod error session started
L 08/28/2021 - 18:47:22: Info (map "c5m1_waterfront") (file "/home/k26606_s24044/server_24044/left4dead2/addons/sourcemod/logs/errors_20210828.log")
L 08/28/2021 - 18:47:22: [CRASH] Accelerator uploaded crash dump: Crash ID: DP5X-V2S7-NULR
L 08/28/2021 - 18:47:27: Error log file session closed.
L 08/28/2021 - 18:49:53: SourceMod error session started
L 08/28/2021 - 18:49:53: Info (map "c5m1_waterfront") (file "/home/k26606_s24044/server_24044/left4dead2/addons/sourcemod/logs/errors_20210828.log")
L 08/28/2021 - 18:49:53: [CRASH] Accelerator uploaded crash dump: Crash ID: 4KZ2-UKWB-7AK2
L 08/28/2021 - 18:49:58: Error log file session closed.
L 08/28/2021 - 18:52:03: SourceMod error session started
L 08/28/2021 - 18:52:03: Info (map "c5m1_waterfront") (file "/home/k26606_s24044/server_24044/left4dead2/addons/sourcemod/logs/errors_20210828.log")
L 08/28/2021 - 18:52:03: [CRASH] Accelerator uploaded crash dump: Crash ID: GIVN-EEAU-63LA
L 08/28/2021 - 18:52:09: Error log file session closed.
L 08/28/2021 - 18:53:50: SourceMod error session started
L 08/28/2021 - 18:53:50: Info (map "c5m1_waterfront") (file "/home/k26606_s24044/server_24044/left4dead2/addons/sourcemod/logs/errors_20210828.log")
L 08/28/2021 - 18:53:50: [CRASH] Accelerator uploaded crash dump: Crash ID: 5SMZ-U7VZ-L6RZ
L 08/28/2021 - 18:53:56: Error log file session closed.
L 08/28/2021 - 20:02:48: SourceMod error session started
L 08/28/2021 - 20:02:48: Info (map "c5m1_waterfront") (file "/home/k26606_s24044/server_24044/left4dead2/addons/sourcemod/logs/errors_20210828.log")
L 08/28/2021 - 20:02:48: [CRASH] Accelerator uploaded crash dump: Crash ID: VXGJ-YUFW-2GPF
L 08/28/2021 - 20:02:53: Error log file session closed.
L 08/28/2021 - 20:57:45: SourceMod error session started
L 08/28/2021 - 20:57:45: Info (map "c5m1_waterfront") (file "/home/k26606_s24044/server_24044/left4dead2/addons/sourcemod/logs/errors_20210828.log")
L 08/28/2021 - 20:57:45: [CRASH] Accelerator uploaded crash dump: Crash ID: T75W-DHT3-OJT6
L 08/28/2021 - 20:57:50: Error log file session closed.
L 08/28/2021 - 22:19:51: SourceMod error session started
L 08/28/2021 - 22:19:51: Info (map "c5m1_waterfront") (file "/home/k26606_s24044/server_24044/left4dead2/addons/sourcemod/logs/errors_20210828.log")
L 08/28/2021 - 22:19:51: [CRASH] Accelerator uploaded crash dump: Crash ID: I3IB-YSTJ-3TSB
L 08/28/2021 - 22:19:56: Error log file session closed.
L 08/28/2021 - 23:34:07: SourceMod error session started
L 08/28/2021 - 23:34:07: Info (map "c5m1_waterfront") (file "/home/k26606_s24044/server_24044/left4dead2/addons/sourcemod/logs/errors_20210828.log")
L 08/28/2021 - 23:34:07: [CRASH] Accelerator uploaded crash dump: Crash ID: 6X5W-AFFT-CWXG
L 08/28/2021 - 23:34:13: Error log file session closed.
L 08/28/2021 - 23:53:46: SourceMod error session started
L 08/28/2021 - 23:53:46: Info (map "c10m1_caves") (file "/home/k26606_s24044/server_24044/left4dead2/addons/sourcemod/logs/errors_20210828.log")
L 08/28/2021 - 23:53:46: [confoglcompmod.smx] [Confogl] CvarSettings: Attempt to track ConVar sv_minrate, which is already being tracked.
L 08/28/2021 - 23:53:46: [confoglcompmod.smx] [Confogl] CvarSettings: Attempt to track ConVar sv_maxrate, which is already being tracked.
L 08/28/2021 - 23:53:46: [confoglcompmod.smx] [Confogl] CvarSettings: Attempt to track ConVar sv_mincmdrate, which is already being tracked.
L 08/28/2021 - 23:53:46: [confoglcompmod.smx] [Confogl] CvarSettings: Attempt to track ConVar sv_maxcmdrate, which is already being tracked.
L 08/28/2021 - 23:53:46: [confoglcompmod.smx] [Confogl] CvarSettings: Attempt to track ConVar sv_minupdaterate, which is already being tracked.
L 08/28/2021 - 23:53:46: [confoglcompmod.smx] [Confogl] CvarSettings: Attempt to track ConVar sv_maxupdaterate, which is already being tracked.
L 08/28/2021 - 23:53:46: [confoglcompmod.smx] [Confogl] CvarSettings: Attempt to track ConVar nb_update_frequency, which is already being tracked.
L 08/28/2021 - 23:53:46: [confoglcompmod.smx] [Confogl] CvarSettings: Attempt to track ConVar net_splitpacket_maxrate, which is already being tracked.
L 08/28/2021 - 23:53:46: [confoglcompmod.smx] [Confogl] CvarSettings: Attempt to track ConVar sv_client_min_interp_ratio, which is already being tracked.
L 08/28/2021 - 23:53:46: [confoglcompmod.smx] [Confogl] CvarSettings: Attempt to track ConVar sv_client_max_interp_ratio, which is already being tracked.
L 08/28/2021 - 23:53:46: [confoglcompmod.smx] [Confogl] CvarSettings: Attempt to track ConVar fps_max, which is already being tracked.
L 08/28/2021 - 23:53:49: Error log file session closed.
