L 10/05/2021 - 16:41:34: SourceMod error session started
L 10/05/2021 - 16:41:34: Info (map "c2m2_fairgrounds") (file "/home/k26606_s20329/server_20329/left4dead2/addons/sourcemod/logs/errors_20211005.log")
L 10/05/2021 - 16:41:34: [SM] Exception reported: Client 7 is not in game
L 10/05/2021 - 16:41:34: [SM] Blaming: optional/l4d_hats.smx
L 10/05/2021 - 16:41:34: [SM] Call stack trace:
L 10/05/2021 - 16:41:34: [SM]   [0] GetClientTeam
L 10/05/2021 - 16:41:34: [SM]   [1] Line 812, D:\l4d2 serv\LIVESERVER\serwery\standard 60T\addons\sourcemod\scripting\l4d_hats.sp::Event_PlayerDeath
L 10/05/2021 - 16:41:36: [SM] Exception reported: Client 7 is not in game
L 10/05/2021 - 16:41:36: [SM] Blaming: optional/l4d_hats.smx
L 10/05/2021 - 16:41:36: [SM] Call stack trace:
L 10/05/2021 - 16:41:36: [SM]   [0] GetClientTeam
L 10/05/2021 - 16:41:36: [SM]   [1] Line 812, D:\l4d2 serv\LIVESERVER\serwery\standard 60T\addons\sourcemod\scripting\l4d_hats.sp::Event_PlayerDeath
L 10/05/2021 - 16:41:36: [SM] Exception reported: Client 7 is not in game
L 10/05/2021 - 16:41:36: [SM] Blaming: optional/l4d_hats.smx
L 10/05/2021 - 16:41:36: [SM] Call stack trace:
L 10/05/2021 - 16:41:36: [SM]   [0] GetClientTeam
L 10/05/2021 - 16:41:36: [SM]   [1] Line 812, D:\l4d2 serv\LIVESERVER\serwery\standard 60T\addons\sourcemod\scripting\l4d_hats.sp::Event_PlayerDeath
L 10/05/2021 - 16:41:43: [SM] Exception reported: Client 7 is not in game
L 10/05/2021 - 16:41:43: [SM] Blaming: optional/l4d_hats.smx
L 10/05/2021 - 16:41:43: [SM] Call stack trace:
L 10/05/2021 - 16:41:43: [SM]   [0] GetClientTeam
L 10/05/2021 - 16:41:43: [SM]   [1] Line 812, D:\l4d2 serv\LIVESERVER\serwery\standard 60T\addons\sourcemod\scripting\l4d_hats.sp::Event_PlayerDeath
L 10/05/2021 - 16:41:43: [SM] Exception reported: Client 7 is not in game
L 10/05/2021 - 16:41:43: [SM] Blaming: optional/l4d_hats.smx
L 10/05/2021 - 16:41:43: [SM] Call stack trace:
L 10/05/2021 - 16:41:43: [SM]   [0] GetClientTeam
L 10/05/2021 - 16:41:43: [SM]   [1] Line 812, D:\l4d2 serv\LIVESERVER\serwery\standard 60T\addons\sourcemod\scripting\l4d_hats.sp::Event_PlayerDeath
L 10/05/2021 - 16:41:48: [SM] Exception reported: Client 7 is not in game
L 10/05/2021 - 16:41:48: [SM] Blaming: optional/l4d_hats.smx
L 10/05/2021 - 16:41:48: [SM] Call stack trace:
L 10/05/2021 - 16:41:48: [SM]   [0] GetClientTeam
L 10/05/2021 - 16:41:48: [SM]   [1] Line 812, D:\l4d2 serv\LIVESERVER\serwery\standard 60T\addons\sourcemod\scripting\l4d_hats.sp::Event_PlayerDeath
L 10/05/2021 - 16:42:04: [SM] Exception reported: Client 7 is not in game
L 10/05/2021 - 16:42:04: [SM] Blaming: optional/l4d_hats.smx
L 10/05/2021 - 16:42:04: [SM] Call stack trace:
L 10/05/2021 - 16:42:04: [SM]   [0] GetClientTeam
L 10/05/2021 - 16:42:04: [SM]   [1] Line 812, D:\l4d2 serv\LIVESERVER\serwery\standard 60T\addons\sourcemod\scripting\l4d_hats.sp::Event_PlayerDeath
L 10/05/2021 - 16:42:10: [SM] Exception reported: Client 7 is not in game
L 10/05/2021 - 16:42:10: [SM] Blaming: optional/l4d_hats.smx
L 10/05/2021 - 16:42:10: [SM] Call stack trace:
L 10/05/2021 - 16:42:10: [SM]   [0] GetClientTeam
L 10/05/2021 - 16:42:10: [SM]   [1] Line 812, D:\l4d2 serv\LIVESERVER\serwery\standard 60T\addons\sourcemod\scripting\l4d_hats.sp::Event_PlayerDeath
L 10/05/2021 - 16:42:12: [SM] Exception reported: Client 7 is not in game
L 10/05/2021 - 16:42:12: [SM] Blaming: optional/l4d_hats.smx
L 10/05/2021 - 16:42:12: [SM] Call stack trace:
L 10/05/2021 - 16:42:12: [SM]   [0] GetClientTeam
L 10/05/2021 - 16:42:12: [SM]   [1] Line 812, D:\l4d2 serv\LIVESERVER\serwery\standard 60T\addons\sourcemod\scripting\l4d_hats.sp::Event_PlayerDeath
L 10/05/2021 - 16:43:07: [SM] Exception reported: Client 7 is not in game
L 10/05/2021 - 16:43:07: [SM] Blaming: optional/l4d_hats.smx
L 10/05/2021 - 16:43:07: [SM] Call stack trace:
L 10/05/2021 - 16:43:07: [SM]   [0] GetClientTeam
L 10/05/2021 - 16:43:07: [SM]   [1] Line 812, D:\l4d2 serv\LIVESERVER\serwery\standard 60T\addons\sourcemod\scripting\l4d_hats.sp::Event_PlayerDeath
L 10/05/2021 - 16:43:09: [SM] Exception reported: Client 7 is not in game
L 10/05/2021 - 16:43:09: [SM] Blaming: optional/l4d_hats.smx
L 10/05/2021 - 16:43:09: [SM] Call stack trace:
L 10/05/2021 - 16:43:09: [SM]   [0] GetClientTeam
L 10/05/2021 - 16:43:09: [SM]   [1] Line 812, D:\l4d2 serv\LIVESERVER\serwery\standard 60T\addons\sourcemod\scripting\l4d_hats.sp::Event_PlayerDeath
L 10/05/2021 - 16:43:09: [SM] Exception reported: Client 7 is not in game
L 10/05/2021 - 16:43:09: [SM] Blaming: optional/l4d_hats.smx
L 10/05/2021 - 16:43:09: [SM] Call stack trace:
L 10/05/2021 - 16:43:09: [SM]   [0] GetClientTeam
L 10/05/2021 - 16:43:09: [SM]   [1] Line 812, D:\l4d2 serv\LIVESERVER\serwery\standard 60T\addons\sourcemod\scripting\l4d_hats.sp::Event_PlayerDeath
L 10/05/2021 - 16:43:09: [SM] Exception reported: Client 7 is not in game
L 10/05/2021 - 16:43:09: [SM] Blaming: optional/l4d_hats.smx
L 10/05/2021 - 16:43:09: [SM] Call stack trace:
L 10/05/2021 - 16:43:09: [SM]   [0] GetClientTeam
L 10/05/2021 - 16:43:09: [SM]   [1] Line 812, D:\l4d2 serv\LIVESERVER\serwery\standard 60T\addons\sourcemod\scripting\l4d_hats.sp::Event_PlayerDeath
L 10/05/2021 - 16:43:09: [SM] Exception reported: Client 7 is not in game
L 10/05/2021 - 16:43:09: [SM] Blaming: optional/l4d_hats.smx
L 10/05/2021 - 16:43:09: [SM] Call stack trace:
L 10/05/2021 - 16:43:09: [SM]   [0] GetClientTeam
L 10/05/2021 - 16:43:09: [SM]   [1] Line 812, D:\l4d2 serv\LIVESERVER\serwery\standard 60T\addons\sourcemod\scripting\l4d_hats.sp::Event_PlayerDeath
L 10/05/2021 - 16:43:13: [SM] Exception reported: Client 7 is not in game
L 10/05/2021 - 16:43:13: [SM] Blaming: optional/l4d_hats.smx
L 10/05/2021 - 16:43:13: [SM] Call stack trace:
L 10/05/2021 - 16:43:13: [SM]   [0] GetClientTeam
L 10/05/2021 - 16:43:13: [SM]   [1] Line 812, D:\l4d2 serv\LIVESERVER\serwery\standard 60T\addons\sourcemod\scripting\l4d_hats.sp::Event_PlayerDeath
L 10/05/2021 - 16:43:14: [SM] Exception reported: Client 7 is not in game
L 10/05/2021 - 16:43:14: [SM] Blaming: optional/l4d_hats.smx
L 10/05/2021 - 16:43:14: [SM] Call stack trace:
L 10/05/2021 - 16:43:14: [SM]   [0] GetClientTeam
L 10/05/2021 - 16:43:14: [SM]   [1] Line 812, D:\l4d2 serv\LIVESERVER\serwery\standard 60T\addons\sourcemod\scripting\l4d_hats.sp::Event_PlayerDeath
L 10/05/2021 - 16:43:14: [SM] Exception reported: Client 7 is not in game
L 10/05/2021 - 16:43:14: [SM] Blaming: optional/l4d_hats.smx
L 10/05/2021 - 16:43:14: [SM] Call stack trace:
L 10/05/2021 - 16:43:14: [SM]   [0] GetClientTeam
L 10/05/2021 - 16:43:14: [SM]   [1] Line 812, D:\l4d2 serv\LIVESERVER\serwery\standard 60T\addons\sourcemod\scripting\l4d_hats.sp::Event_PlayerDeath
L 10/05/2021 - 16:43:14: [SM] Exception reported: Client 7 is not in game
L 10/05/2021 - 16:43:14: [SM] Blaming: optional/l4d_hats.smx
L 10/05/2021 - 16:43:14: [SM] Call stack trace:
L 10/05/2021 - 16:43:14: [SM]   [0] GetClientTeam
L 10/05/2021 - 16:43:14: [SM]   [1] Line 812, D:\l4d2 serv\LIVESERVER\serwery\standard 60T\addons\sourcemod\scripting\l4d_hats.sp::Event_PlayerDeath
L 10/05/2021 - 16:43:14: [SM] Exception reported: Client 7 is not in game
L 10/05/2021 - 16:43:14: [SM] Blaming: optional/l4d_hats.smx
L 10/05/2021 - 16:43:14: [SM] Call stack trace:
L 10/05/2021 - 16:43:14: [SM]   [0] GetClientTeam
L 10/05/2021 - 16:43:14: [SM]   [1] Line 812, D:\l4d2 serv\LIVESERVER\serwery\standard 60T\addons\sourcemod\scripting\l4d_hats.sp::Event_PlayerDeath
L 10/05/2021 - 16:43:14: [SM] Exception reported: Client 7 is not in game
L 10/05/2021 - 16:43:14: [SM] Blaming: optional/l4d_hats.smx
L 10/05/2021 - 16:43:14: [SM] Call stack trace:
L 10/05/2021 - 16:43:14: [SM]   [0] GetClientTeam
L 10/05/2021 - 16:43:14: [SM]   [1] Line 812, D:\l4d2 serv\LIVESERVER\serwery\standard 60T\addons\sourcemod\scripting\l4d_hats.sp::Event_PlayerDeath
L 10/05/2021 - 16:43:14: [SM] Exception reported: Client 7 is not in game
L 10/05/2021 - 16:43:14: [SM] Blaming: optional/l4d_hats.smx
L 10/05/2021 - 16:43:14: [SM] Call stack trace:
L 10/05/2021 - 16:43:14: [SM]   [0] GetClientTeam
L 10/05/2021 - 16:43:14: [SM]   [1] Line 812, D:\l4d2 serv\LIVESERVER\serwery\standard 60T\addons\sourcemod\scripting\l4d_hats.sp::Event_PlayerDeath
L 10/05/2021 - 16:43:14: [SM] Exception reported: Client 7 is not in game
L 10/05/2021 - 16:43:14: [SM] Blaming: optional/l4d_hats.smx
L 10/05/2021 - 16:43:14: [SM] Call stack trace:
L 10/05/2021 - 16:43:14: [SM]   [0] GetClientTeam
L 10/05/2021 - 16:43:14: [SM]   [1] Line 812, D:\l4d2 serv\LIVESERVER\serwery\standard 60T\addons\sourcemod\scripting\l4d_hats.sp::Event_PlayerDeath
L 10/05/2021 - 16:43:15: [SM] Exception reported: Client 7 is not in game
L 10/05/2021 - 16:43:15: [SM] Blaming: optional/l4d_hats.smx
L 10/05/2021 - 16:43:15: [SM] Call stack trace:
L 10/05/2021 - 16:43:15: [SM]   [0] GetClientTeam
L 10/05/2021 - 16:43:15: [SM]   [1] Line 812, D:\l4d2 serv\LIVESERVER\serwery\standard 60T\addons\sourcemod\scripting\l4d_hats.sp::Event_PlayerDeath
L 10/05/2021 - 16:43:15: [SM] Exception reported: Client 7 is not in game
L 10/05/2021 - 16:43:15: [SM] Blaming: optional/l4d_hats.smx
L 10/05/2021 - 16:43:15: [SM] Call stack trace:
L 10/05/2021 - 16:43:15: [SM]   [0] GetClientTeam
L 10/05/2021 - 16:43:15: [SM]   [1] Line 812, D:\l4d2 serv\LIVESERVER\serwery\standard 60T\addons\sourcemod\scripting\l4d_hats.sp::Event_PlayerDeath
L 10/05/2021 - 16:43:16: [SM] Exception reported: Client 7 is not in game
L 10/05/2021 - 16:43:16: [SM] Blaming: optional/l4d_hats.smx
L 10/05/2021 - 16:43:16: [SM] Call stack trace:
L 10/05/2021 - 16:43:16: [SM]   [0] GetClientTeam
L 10/05/2021 - 16:43:16: [SM]   [1] Line 812, D:\l4d2 serv\LIVESERVER\serwery\standard 60T\addons\sourcemod\scripting\l4d_hats.sp::Event_PlayerDeath
L 10/05/2021 - 16:43:17: [SM] Exception reported: Client 7 is not in game
L 10/05/2021 - 16:43:17: [SM] Blaming: optional/l4d_hats.smx
L 10/05/2021 - 16:43:17: [SM] Call stack trace:
L 10/05/2021 - 16:43:17: [SM]   [0] GetClientTeam
L 10/05/2021 - 16:43:17: [SM]   [1] Line 812, D:\l4d2 serv\LIVESERVER\serwery\standard 60T\addons\sourcemod\scripting\l4d_hats.sp::Event_PlayerDeath
L 10/05/2021 - 16:43:17: [SM] Exception reported: Client 7 is not in game
L 10/05/2021 - 16:43:17: [SM] Blaming: optional/l4d_hats.smx
L 10/05/2021 - 16:43:17: [SM] Call stack trace:
L 10/05/2021 - 16:43:17: [SM]   [0] GetClientTeam
L 10/05/2021 - 16:43:17: [SM]   [1] Line 812, D:\l4d2 serv\LIVESERVER\serwery\standard 60T\addons\sourcemod\scripting\l4d_hats.sp::Event_PlayerDeath
L 10/05/2021 - 16:43:17: [SM] Exception reported: Client 7 is not in game
L 10/05/2021 - 16:43:17: [SM] Blaming: optional/l4d_hats.smx
L 10/05/2021 - 16:43:17: [SM] Call stack trace:
L 10/05/2021 - 16:43:17: [SM]   [0] GetClientTeam
L 10/05/2021 - 16:43:17: [SM]   [1] Line 812, D:\l4d2 serv\LIVESERVER\serwery\standard 60T\addons\sourcemod\scripting\l4d_hats.sp::Event_PlayerDeath
L 10/05/2021 - 16:43:17: [SM] Exception reported: Client 7 is not in game
L 10/05/2021 - 16:43:17: [SM] Blaming: optional/l4d_hats.smx
L 10/05/2021 - 16:43:17: [SM] Call stack trace:
L 10/05/2021 - 16:43:17: [SM]   [0] GetClientTeam
L 10/05/2021 - 16:43:17: [SM]   [1] Line 812, D:\l4d2 serv\LIVESERVER\serwery\standard 60T\addons\sourcemod\scripting\l4d_hats.sp::Event_PlayerDeath
L 10/05/2021 - 16:43:18: [SM] Exception reported: Client 7 is not in game
L 10/05/2021 - 16:43:18: [SM] Blaming: optional/l4d_hats.smx
L 10/05/2021 - 16:43:18: [SM] Call stack trace:
L 10/05/2021 - 16:43:18: [SM]   [0] GetClientTeam
L 10/05/2021 - 16:43:18: [SM]   [1] Line 812, D:\l4d2 serv\LIVESERVER\serwery\standard 60T\addons\sourcemod\scripting\l4d_hats.sp::Event_PlayerDeath
L 10/05/2021 - 16:43:18: [SM] Exception reported: Client 7 is not in game
L 10/05/2021 - 16:43:18: [SM] Blaming: optional/l4d_hats.smx
L 10/05/2021 - 16:43:18: [SM] Call stack trace:
L 10/05/2021 - 16:43:18: [SM]   [0] GetClientTeam
L 10/05/2021 - 16:43:18: [SM]   [1] Line 812, D:\l4d2 serv\LIVESERVER\serwery\standard 60T\addons\sourcemod\scripting\l4d_hats.sp::Event_PlayerDeath
L 10/05/2021 - 16:43:18: [SM] Exception reported: Client 7 is not in game
L 10/05/2021 - 16:43:18: [SM] Blaming: optional/l4d_hats.smx
L 10/05/2021 - 16:43:18: [SM] Call stack trace:
L 10/05/2021 - 16:43:18: [SM]   [0] GetClientTeam
L 10/05/2021 - 16:43:18: [SM]   [1] Line 812, D:\l4d2 serv\LIVESERVER\serwery\standard 60T\addons\sourcemod\scripting\l4d_hats.sp::Event_PlayerDeath
L 10/05/2021 - 16:43:18: [SM] Exception reported: Client 7 is not in game
L 10/05/2021 - 16:43:18: [SM] Blaming: optional/l4d_hats.smx
L 10/05/2021 - 16:43:18: [SM] Call stack trace:
L 10/05/2021 - 16:43:18: [SM]   [0] GetClientTeam
L 10/05/2021 - 16:43:18: [SM]   [1] Line 812, D:\l4d2 serv\LIVESERVER\serwery\standard 60T\addons\sourcemod\scripting\l4d_hats.sp::Event_PlayerDeath
L 10/05/2021 - 16:43:18: [SM] Exception reported: Client 7 is not in game
L 10/05/2021 - 16:43:18: [SM] Blaming: optional/l4d_hats.smx
L 10/05/2021 - 16:43:18: [SM] Call stack trace:
L 10/05/2021 - 16:43:18: [SM]   [0] GetClientTeam
L 10/05/2021 - 16:43:18: [SM]   [1] Line 812, D:\l4d2 serv\LIVESERVER\serwery\standard 60T\addons\sourcemod\scripting\l4d_hats.sp::Event_PlayerDeath
L 10/05/2021 - 16:43:18: [SM] Exception reported: Client 7 is not in game
L 10/05/2021 - 16:43:18: [SM] Blaming: optional/l4d_hats.smx
L 10/05/2021 - 16:43:18: [SM] Call stack trace:
L 10/05/2021 - 16:43:18: [SM]   [0] GetClientTeam
L 10/05/2021 - 16:43:18: [SM]   [1] Line 812, D:\l4d2 serv\LIVESERVER\serwery\standard 60T\addons\sourcemod\scripting\l4d_hats.sp::Event_PlayerDeath
L 10/05/2021 - 16:43:19: [SM] Exception reported: Client 7 is not in game
L 10/05/2021 - 16:43:19: [SM] Blaming: optional/l4d_hats.smx
L 10/05/2021 - 16:43:19: [SM] Call stack trace:
L 10/05/2021 - 16:43:19: [SM]   [0] GetClientTeam
L 10/05/2021 - 16:43:19: [SM]   [1] Line 812, D:\l4d2 serv\LIVESERVER\serwery\standard 60T\addons\sourcemod\scripting\l4d_hats.sp::Event_PlayerDeath
L 10/05/2021 - 16:43:19: [SM] Exception reported: Client 7 is not in game
L 10/05/2021 - 16:43:19: [SM] Blaming: optional/l4d_hats.smx
L 10/05/2021 - 16:43:19: [SM] Call stack trace:
L 10/05/2021 - 16:43:19: [SM]   [0] GetClientTeam
L 10/05/2021 - 16:43:19: [SM]   [1] Line 812, D:\l4d2 serv\LIVESERVER\serwery\standard 60T\addons\sourcemod\scripting\l4d_hats.sp::Event_PlayerDeath
L 10/05/2021 - 16:43:19: [SM] Exception reported: Client 7 is not in game
L 10/05/2021 - 16:43:19: [SM] Blaming: optional/l4d_hats.smx
L 10/05/2021 - 16:43:19: [SM] Call stack trace:
L 10/05/2021 - 16:43:19: [SM]   [0] GetClientTeam
L 10/05/2021 - 16:43:19: [SM]   [1] Line 812, D:\l4d2 serv\LIVESERVER\serwery\standard 60T\addons\sourcemod\scripting\l4d_hats.sp::Event_PlayerDeath
L 10/05/2021 - 16:43:19: [SM] Exception reported: Client 7 is not in game
L 10/05/2021 - 16:43:19: [SM] Blaming: optional/l4d_hats.smx
L 10/05/2021 - 16:43:19: [SM] Call stack trace:
L 10/05/2021 - 16:43:19: [SM]   [0] GetClientTeam
L 10/05/2021 - 16:43:19: [SM]   [1] Line 812, D:\l4d2 serv\LIVESERVER\serwery\standard 60T\addons\sourcemod\scripting\l4d_hats.sp::Event_PlayerDeath
L 10/05/2021 - 16:43:19: [SM] Exception reported: Client 7 is not in game
L 10/05/2021 - 16:43:19: [SM] Blaming: optional/l4d_hats.smx
L 10/05/2021 - 16:43:19: [SM] Call stack trace:
L 10/05/2021 - 16:43:19: [SM]   [0] GetClientTeam
L 10/05/2021 - 16:43:19: [SM]   [1] Line 812, D:\l4d2 serv\LIVESERVER\serwery\standard 60T\addons\sourcemod\scripting\l4d_hats.sp::Event_PlayerDeath
L 10/05/2021 - 16:43:20: [SM] Exception reported: Client 7 is not in game
L 10/05/2021 - 16:43:20: [SM] Blaming: optional/l4d_hats.smx
L 10/05/2021 - 16:43:20: [SM] Call stack trace:
L 10/05/2021 - 16:43:20: [SM]   [0] GetClientTeam
L 10/05/2021 - 16:43:20: [SM]   [1] Line 812, D:\l4d2 serv\LIVESERVER\serwery\standard 60T\addons\sourcemod\scripting\l4d_hats.sp::Event_PlayerDeath
L 10/05/2021 - 16:43:20: [SM] Exception reported: Client 7 is not in game
L 10/05/2021 - 16:43:20: [SM] Blaming: optional/l4d_hats.smx
L 10/05/2021 - 16:43:20: [SM] Call stack trace:
L 10/05/2021 - 16:43:20: [SM]   [0] GetClientTeam
L 10/05/2021 - 16:43:20: [SM]   [1] Line 812, D:\l4d2 serv\LIVESERVER\serwery\standard 60T\addons\sourcemod\scripting\l4d_hats.sp::Event_PlayerDeath
L 10/05/2021 - 16:43:21: [SM] Exception reported: Client 7 is not in game
L 10/05/2021 - 16:43:21: [SM] Blaming: optional/l4d_hats.smx
L 10/05/2021 - 16:43:21: [SM] Call stack trace:
L 10/05/2021 - 16:43:21: [SM]   [0] GetClientTeam
L 10/05/2021 - 16:43:21: [SM]   [1] Line 812, D:\l4d2 serv\LIVESERVER\serwery\standard 60T\addons\sourcemod\scripting\l4d_hats.sp::Event_PlayerDeath
L 10/05/2021 - 16:43:22: [SM] Exception reported: Client 7 is not in game
L 10/05/2021 - 16:43:22: [SM] Blaming: optional/l4d_hats.smx
L 10/05/2021 - 16:43:22: [SM] Call stack trace:
L 10/05/2021 - 16:43:22: [SM]   [0] GetClientTeam
L 10/05/2021 - 16:43:22: [SM]   [1] Line 812, D:\l4d2 serv\LIVESERVER\serwery\standard 60T\addons\sourcemod\scripting\l4d_hats.sp::Event_PlayerDeath
L 10/05/2021 - 16:43:23: [SM] Exception reported: Client 7 is not in game
L 10/05/2021 - 16:43:23: [SM] Blaming: optional/l4d_hats.smx
L 10/05/2021 - 16:43:23: [SM] Call stack trace:
L 10/05/2021 - 16:43:23: [SM]   [0] GetClientTeam
L 10/05/2021 - 16:43:23: [SM]   [1] Line 812, D:\l4d2 serv\LIVESERVER\serwery\standard 60T\addons\sourcemod\scripting\l4d_hats.sp::Event_PlayerDeath
L 10/05/2021 - 16:43:23: [SM] Exception reported: Client 7 is not in game
L 10/05/2021 - 16:43:23: [SM] Blaming: optional/l4d_hats.smx
L 10/05/2021 - 16:43:23: [SM] Call stack trace:
L 10/05/2021 - 16:43:23: [SM]   [0] GetClientTeam
L 10/05/2021 - 16:43:23: [SM]   [1] Line 812, D:\l4d2 serv\LIVESERVER\serwery\standard 60T\addons\sourcemod\scripting\l4d_hats.sp::Event_PlayerDeath
L 10/05/2021 - 16:43:27: [SM] Exception reported: Client 7 is not in game
L 10/05/2021 - 16:43:27: [SM] Blaming: optional/l4d_hats.smx
L 10/05/2021 - 16:43:27: [SM] Call stack trace:
L 10/05/2021 - 16:43:27: [SM]   [0] GetClientTeam
L 10/05/2021 - 16:43:27: [SM]   [1] Line 812, D:\l4d2 serv\LIVESERVER\serwery\standard 60T\addons\sourcemod\scripting\l4d_hats.sp::Event_PlayerDeath
L 10/05/2021 - 16:43:31: [SM] Exception reported: Client 7 is not in game
L 10/05/2021 - 16:43:31: [SM] Blaming: optional/l4d_hats.smx
L 10/05/2021 - 16:43:31: [SM] Call stack trace:
L 10/05/2021 - 16:43:31: [SM]   [0] GetClientTeam
L 10/05/2021 - 16:43:31: [SM]   [1] Line 812, D:\l4d2 serv\LIVESERVER\serwery\standard 60T\addons\sourcemod\scripting\l4d_hats.sp::Event_PlayerDeath
L 10/05/2021 - 16:43:34: [SM] Exception reported: Client 7 is not in game
L 10/05/2021 - 16:43:34: [SM] Blaming: optional/l4d_hats.smx
L 10/05/2021 - 16:43:34: [SM] Call stack trace:
L 10/05/2021 - 16:43:34: [SM]   [0] GetClientTeam
L 10/05/2021 - 16:43:34: [SM]   [1] Line 812, D:\l4d2 serv\LIVESERVER\serwery\standard 60T\addons\sourcemod\scripting\l4d_hats.sp::Event_PlayerDeath
L 10/05/2021 - 16:43:35: [SM] Exception reported: Client 7 is not in game
L 10/05/2021 - 16:43:35: [SM] Blaming: optional/l4d_hats.smx
L 10/05/2021 - 16:43:35: [SM] Call stack trace:
L 10/05/2021 - 16:43:35: [SM]   [0] GetClientTeam
L 10/05/2021 - 16:43:35: [SM]   [1] Line 812, D:\l4d2 serv\LIVESERVER\serwery\standard 60T\addons\sourcemod\scripting\l4d_hats.sp::Event_PlayerDeath
L 10/05/2021 - 16:43:36: [SM] Exception reported: Client 7 is not in game
L 10/05/2021 - 16:43:36: [SM] Blaming: optional/l4d_hats.smx
L 10/05/2021 - 16:43:36: [SM] Call stack trace:
L 10/05/2021 - 16:43:36: [SM]   [0] GetClientTeam
L 10/05/2021 - 16:43:36: [SM]   [1] Line 812, D:\l4d2 serv\LIVESERVER\serwery\standard 60T\addons\sourcemod\scripting\l4d_hats.sp::Event_PlayerDeath
L 10/05/2021 - 16:43:37: [SM] Exception reported: Client 7 is not in game
L 10/05/2021 - 16:43:37: [SM] Blaming: optional/l4d_hats.smx
L 10/05/2021 - 16:43:37: [SM] Call stack trace:
L 10/05/2021 - 16:43:37: [SM]   [0] GetClientTeam
L 10/05/2021 - 16:43:37: [SM]   [1] Line 812, D:\l4d2 serv\LIVESERVER\serwery\standard 60T\addons\sourcemod\scripting\l4d_hats.sp::Event_PlayerDeath
L 10/05/2021 - 16:43:37: [SM] Exception reported: Client 7 is not in game
L 10/05/2021 - 16:43:37: [SM] Blaming: optional/l4d_hats.smx
L 10/05/2021 - 16:43:37: [SM] Call stack trace:
L 10/05/2021 - 16:43:37: [SM]   [0] GetClientTeam
L 10/05/2021 - 16:43:37: [SM]   [1] Line 812, D:\l4d2 serv\LIVESERVER\serwery\standard 60T\addons\sourcemod\scripting\l4d_hats.sp::Event_PlayerDeath
L 10/05/2021 - 16:43:38: [SM] Exception reported: Client 7 is not in game
L 10/05/2021 - 16:43:38: [SM] Blaming: optional/l4d_hats.smx
L 10/05/2021 - 16:43:38: [SM] Call stack trace:
L 10/05/2021 - 16:43:38: [SM]   [0] GetClientTeam
L 10/05/2021 - 16:43:38: [SM]   [1] Line 812, D:\l4d2 serv\LIVESERVER\serwery\standard 60T\addons\sourcemod\scripting\l4d_hats.sp::Event_PlayerDeath
L 10/05/2021 - 16:43:39: [SM] Exception reported: Client 7 is not in game
L 10/05/2021 - 16:43:39: [SM] Blaming: optional/l4d_hats.smx
L 10/05/2021 - 16:43:39: [SM] Call stack trace:
L 10/05/2021 - 16:43:39: [SM]   [0] GetClientTeam
L 10/05/2021 - 16:43:39: [SM]   [1] Line 812, D:\l4d2 serv\LIVESERVER\serwery\standard 60T\addons\sourcemod\scripting\l4d_hats.sp::Event_PlayerDeath
L 10/05/2021 - 16:43:40: [SM] Exception reported: Client 7 is not in game
L 10/05/2021 - 16:43:40: [SM] Blaming: optional/l4d_hats.smx
L 10/05/2021 - 16:43:40: [SM] Call stack trace:
L 10/05/2021 - 16:43:40: [SM]   [0] GetClientTeam
L 10/05/2021 - 16:43:40: [SM]   [1] Line 812, D:\l4d2 serv\LIVESERVER\serwery\standard 60T\addons\sourcemod\scripting\l4d_hats.sp::Event_PlayerDeath
L 10/05/2021 - 16:43:40: [SM] Exception reported: Client 7 is not in game
L 10/05/2021 - 16:43:40: [SM] Blaming: optional/l4d_hats.smx
L 10/05/2021 - 16:43:40: [SM] Call stack trace:
L 10/05/2021 - 16:43:40: [SM]   [0] GetClientTeam
L 10/05/2021 - 16:43:40: [SM]   [1] Line 812, D:\l4d2 serv\LIVESERVER\serwery\standard 60T\addons\sourcemod\scripting\l4d_hats.sp::Event_PlayerDeath
L 10/05/2021 - 16:43:40: [SM] Exception reported: Client 7 is not in game
L 10/05/2021 - 16:43:40: [SM] Blaming: optional/l4d_hats.smx
L 10/05/2021 - 16:43:40: [SM] Call stack trace:
L 10/05/2021 - 16:43:40: [SM]   [0] GetClientTeam
L 10/05/2021 - 16:43:40: [SM]   [1] Line 812, D:\l4d2 serv\LIVESERVER\serwery\standard 60T\addons\sourcemod\scripting\l4d_hats.sp::Event_PlayerDeath
L 10/05/2021 - 16:43:41: [SM] Exception reported: Client 7 is not in game
L 10/05/2021 - 16:43:41: [SM] Blaming: optional/l4d_hats.smx
L 10/05/2021 - 16:43:41: [SM] Call stack trace:
L 10/05/2021 - 16:43:41: [SM]   [0] GetClientTeam
L 10/05/2021 - 16:43:41: [SM]   [1] Line 812, D:\l4d2 serv\LIVESERVER\serwery\standard 60T\addons\sourcemod\scripting\l4d_hats.sp::Event_PlayerDeath
L 10/05/2021 - 16:43:42: [SM] Exception reported: Client 7 is not in game
L 10/05/2021 - 16:43:42: [SM] Blaming: optional/l4d_hats.smx
L 10/05/2021 - 16:43:42: [SM] Call stack trace:
L 10/05/2021 - 16:43:42: [SM]   [0] GetClientTeam
L 10/05/2021 - 16:43:42: [SM]   [1] Line 812, D:\l4d2 serv\LIVESERVER\serwery\standard 60T\addons\sourcemod\scripting\l4d_hats.sp::Event_PlayerDeath
L 10/05/2021 - 16:43:44: [SM] Exception reported: Client 7 is not in game
L 10/05/2021 - 16:43:44: [SM] Blaming: optional/l4d_hats.smx
L 10/05/2021 - 16:43:44: [SM] Call stack trace:
L 10/05/2021 - 16:43:44: [SM]   [0] GetClientTeam
L 10/05/2021 - 16:43:44: [SM]   [1] Line 812, D:\l4d2 serv\LIVESERVER\serwery\standard 60T\addons\sourcemod\scripting\l4d_hats.sp::Event_PlayerDeath
L 10/05/2021 - 16:43:49: [SM] Exception reported: Client 7 is not in game
L 10/05/2021 - 16:43:49: [SM] Blaming: optional/l4d_hats.smx
L 10/05/2021 - 16:43:49: [SM] Call stack trace:
L 10/05/2021 - 16:43:49: [SM]   [0] GetClientTeam
L 10/05/2021 - 16:43:49: [SM]   [1] Line 812, D:\l4d2 serv\LIVESERVER\serwery\standard 60T\addons\sourcemod\scripting\l4d_hats.sp::Event_PlayerDeath
L 10/05/2021 - 16:43:51: [SM] Exception reported: Client 7 is not in game
L 10/05/2021 - 16:43:51: [SM] Blaming: optional/l4d_hats.smx
L 10/05/2021 - 16:43:51: [SM] Call stack trace:
L 10/05/2021 - 16:43:51: [SM]   [0] GetClientTeam
L 10/05/2021 - 16:43:51: [SM]   [1] Line 812, D:\l4d2 serv\LIVESERVER\serwery\standard 60T\addons\sourcemod\scripting\l4d_hats.sp::Event_PlayerDeath
L 10/05/2021 - 16:43:51: [SM] Exception reported: Client 7 is not in game
L 10/05/2021 - 16:43:51: [SM] Blaming: optional/l4d_hats.smx
L 10/05/2021 - 16:43:51: [SM] Call stack trace:
L 10/05/2021 - 16:43:51: [SM]   [0] GetClientTeam
L 10/05/2021 - 16:43:51: [SM]   [1] Line 812, D:\l4d2 serv\LIVESERVER\serwery\standard 60T\addons\sourcemod\scripting\l4d_hats.sp::Event_PlayerDeath
L 10/05/2021 - 16:43:52: [SM] Exception reported: Client 7 is not in game
L 10/05/2021 - 16:43:52: [SM] Blaming: optional/l4d_hats.smx
L 10/05/2021 - 16:43:52: [SM] Call stack trace:
L 10/05/2021 - 16:43:52: [SM]   [0] GetClientTeam
L 10/05/2021 - 16:43:52: [SM]   [1] Line 812, D:\l4d2 serv\LIVESERVER\serwery\standard 60T\addons\sourcemod\scripting\l4d_hats.sp::Event_PlayerDeath
L 10/05/2021 - 16:43:53: [SM] Exception reported: Client 7 is not in game
L 10/05/2021 - 16:43:53: [SM] Blaming: optional/l4d_hats.smx
L 10/05/2021 - 16:43:53: [SM] Call stack trace:
L 10/05/2021 - 16:43:53: [SM]   [0] GetClientTeam
L 10/05/2021 - 16:43:53: [SM]   [1] Line 812, D:\l4d2 serv\LIVESERVER\serwery\standard 60T\addons\sourcemod\scripting\l4d_hats.sp::Event_PlayerDeath
L 10/05/2021 - 16:43:53: [SM] Exception reported: Client 7 is not in game
L 10/05/2021 - 16:43:53: [SM] Blaming: optional/l4d_hats.smx
L 10/05/2021 - 16:43:53: [SM] Call stack trace:
L 10/05/2021 - 16:43:53: [SM]   [0] GetClientTeam
L 10/05/2021 - 16:43:53: [SM]   [1] Line 812, D:\l4d2 serv\LIVESERVER\serwery\standard 60T\addons\sourcemod\scripting\l4d_hats.sp::Event_PlayerDeath
L 10/05/2021 - 16:43:53: [SM] Exception reported: Client 7 is not in game
L 10/05/2021 - 16:43:53: [SM] Blaming: optional/l4d_hats.smx
L 10/05/2021 - 16:43:53: [SM] Call stack trace:
L 10/05/2021 - 16:43:53: [SM]   [0] GetClientTeam
L 10/05/2021 - 16:43:53: [SM]   [1] Line 812, D:\l4d2 serv\LIVESERVER\serwery\standard 60T\addons\sourcemod\scripting\l4d_hats.sp::Event_PlayerDeath
L 10/05/2021 - 16:43:54: [SM] Exception reported: Client 7 is not in game
L 10/05/2021 - 16:43:54: [SM] Blaming: optional/l4d_hats.smx
L 10/05/2021 - 16:43:54: [SM] Call stack trace:
L 10/05/2021 - 16:43:54: [SM]   [0] GetClientTeam
L 10/05/2021 - 16:43:54: [SM]   [1] Line 812, D:\l4d2 serv\LIVESERVER\serwery\standard 60T\addons\sourcemod\scripting\l4d_hats.sp::Event_PlayerDeath
L 10/05/2021 - 16:43:55: [SM] Exception reported: Client 7 is not in game
L 10/05/2021 - 16:43:55: [SM] Blaming: optional/l4d_hats.smx
L 10/05/2021 - 16:43:55: [SM] Call stack trace:
L 10/05/2021 - 16:43:55: [SM]   [0] GetClientTeam
L 10/05/2021 - 16:43:55: [SM]   [1] Line 812, D:\l4d2 serv\LIVESERVER\serwery\standard 60T\addons\sourcemod\scripting\l4d_hats.sp::Event_PlayerDeath
L 10/05/2021 - 16:43:55: [SM] Exception reported: Client 7 is not in game
L 10/05/2021 - 16:43:55: [SM] Blaming: optional/l4d_hats.smx
L 10/05/2021 - 16:43:55: [SM] Call stack trace:
L 10/05/2021 - 16:43:55: [SM]   [0] GetClientTeam
L 10/05/2021 - 16:43:55: [SM]   [1] Line 812, D:\l4d2 serv\LIVESERVER\serwery\standard 60T\addons\sourcemod\scripting\l4d_hats.sp::Event_PlayerDeath
L 10/05/2021 - 16:43:56: [SM] Exception reported: Client 7 is not in game
L 10/05/2021 - 16:43:56: [SM] Blaming: optional/l4d_hats.smx
L 10/05/2021 - 16:43:56: [SM] Call stack trace:
L 10/05/2021 - 16:43:56: [SM]   [0] GetClientTeam
L 10/05/2021 - 16:43:56: [SM]   [1] Line 812, D:\l4d2 serv\LIVESERVER\serwery\standard 60T\addons\sourcemod\scripting\l4d_hats.sp::Event_PlayerDeath
L 10/05/2021 - 16:43:58: [SM] Exception reported: Client 7 is not in game
L 10/05/2021 - 16:43:58: [SM] Blaming: optional/l4d_hats.smx
L 10/05/2021 - 16:43:58: [SM] Call stack trace:
L 10/05/2021 - 16:43:58: [SM]   [0] GetClientTeam
L 10/05/2021 - 16:43:58: [SM]   [1] Line 812, D:\l4d2 serv\LIVESERVER\serwery\standard 60T\addons\sourcemod\scripting\l4d_hats.sp::Event_PlayerDeath
L 10/05/2021 - 16:43:58: [SM] Exception reported: Client 7 is not in game
L 10/05/2021 - 16:43:58: [SM] Blaming: optional/l4d_hats.smx
L 10/05/2021 - 16:43:58: [SM] Call stack trace:
L 10/05/2021 - 16:43:58: [SM]   [0] GetClientTeam
L 10/05/2021 - 16:43:58: [SM]   [1] Line 812, D:\l4d2 serv\LIVESERVER\serwery\standard 60T\addons\sourcemod\scripting\l4d_hats.sp::Event_PlayerDeath
L 10/05/2021 - 16:44:00: [SM] Exception reported: Client 7 is not in game
L 10/05/2021 - 16:44:00: [SM] Blaming: optional/l4d_hats.smx
L 10/05/2021 - 16:44:00: [SM] Call stack trace:
L 10/05/2021 - 16:44:00: [SM]   [0] GetClientTeam
L 10/05/2021 - 16:44:00: [SM]   [1] Line 812, D:\l4d2 serv\LIVESERVER\serwery\standard 60T\addons\sourcemod\scripting\l4d_hats.sp::Event_PlayerDeath
L 10/05/2021 - 16:44:01: [SM] Exception reported: Client 7 is not in game
L 10/05/2021 - 16:44:01: [SM] Blaming: optional/l4d_hats.smx
L 10/05/2021 - 16:44:01: [SM] Call stack trace:
L 10/05/2021 - 16:44:01: [SM]   [0] GetClientTeam
L 10/05/2021 - 16:44:01: [SM]   [1] Line 812, D:\l4d2 serv\LIVESERVER\serwery\standard 60T\addons\sourcemod\scripting\l4d_hats.sp::Event_PlayerDeath
L 10/05/2021 - 16:44:09: [SM] Exception reported: Client 7 is not in game
L 10/05/2021 - 16:44:09: [SM] Blaming: optional/l4d_hats.smx
L 10/05/2021 - 16:44:09: [SM] Call stack trace:
L 10/05/2021 - 16:44:09: [SM]   [0] GetClientTeam
L 10/05/2021 - 16:44:09: [SM]   [1] Line 812, D:\l4d2 serv\LIVESERVER\serwery\standard 60T\addons\sourcemod\scripting\l4d_hats.sp::Event_PlayerDeath
L 10/05/2021 - 16:44:09: [SM] Exception reported: Client 7 is not in game
L 10/05/2021 - 16:44:09: [SM] Blaming: optional/l4d_hats.smx
L 10/05/2021 - 16:44:09: [SM] Call stack trace:
L 10/05/2021 - 16:44:09: [SM]   [0] GetClientTeam
L 10/05/2021 - 16:44:09: [SM]   [1] Line 812, D:\l4d2 serv\LIVESERVER\serwery\standard 60T\addons\sourcemod\scripting\l4d_hats.sp::Event_PlayerDeath
L 10/05/2021 - 16:44:10: [SM] Exception reported: Client 7 is not in game
L 10/05/2021 - 16:44:10: [SM] Blaming: optional/l4d_hats.smx
L 10/05/2021 - 16:44:10: [SM] Call stack trace:
L 10/05/2021 - 16:44:10: [SM]   [0] GetClientTeam
L 10/05/2021 - 16:44:10: [SM]   [1] Line 812, D:\l4d2 serv\LIVESERVER\serwery\standard 60T\addons\sourcemod\scripting\l4d_hats.sp::Event_PlayerDeath
L 10/05/2021 - 16:44:19: [SM] Exception reported: Client 7 is not in game
L 10/05/2021 - 16:44:19: [SM] Blaming: optional/l4d_hats.smx
L 10/05/2021 - 16:44:19: [SM] Call stack trace:
L 10/05/2021 - 16:44:19: [SM]   [0] GetClientTeam
L 10/05/2021 - 16:44:19: [SM]   [1] Line 812, D:\l4d2 serv\LIVESERVER\serwery\standard 60T\addons\sourcemod\scripting\l4d_hats.sp::Event_PlayerDeath
L 10/05/2021 - 16:44:22: [SM] Exception reported: Client 7 is not in game
L 10/05/2021 - 16:44:22: [SM] Blaming: optional/l4d_hats.smx
L 10/05/2021 - 16:44:22: [SM] Call stack trace:
L 10/05/2021 - 16:44:22: [SM]   [0] GetClientTeam
L 10/05/2021 - 16:44:22: [SM]   [1] Line 812, D:\l4d2 serv\LIVESERVER\serwery\standard 60T\addons\sourcemod\scripting\l4d_hats.sp::Event_PlayerDeath
L 10/05/2021 - 16:44:24: [SM] Exception reported: Client 7 is not in game
L 10/05/2021 - 16:44:24: [SM] Blaming: optional/l4d_hats.smx
L 10/05/2021 - 16:44:24: [SM] Call stack trace:
L 10/05/2021 - 16:44:24: [SM]   [0] GetClientTeam
L 10/05/2021 - 16:44:24: [SM]   [1] Line 812, D:\l4d2 serv\LIVESERVER\serwery\standard 60T\addons\sourcemod\scripting\l4d_hats.sp::Event_PlayerDeath
L 10/05/2021 - 16:44:26: [SM] Exception reported: Client 7 is not in game
L 10/05/2021 - 16:44:26: [SM] Blaming: optional/l4d_hats.smx
L 10/05/2021 - 16:44:26: [SM] Call stack trace:
L 10/05/2021 - 16:44:26: [SM]   [0] GetClientTeam
L 10/05/2021 - 16:44:26: [SM]   [1] Line 812, D:\l4d2 serv\LIVESERVER\serwery\standard 60T\addons\sourcemod\scripting\l4d_hats.sp::Event_PlayerDeath
L 10/05/2021 - 16:44:27: [SM] Exception reported: Client 7 is not in game
L 10/05/2021 - 16:44:27: [SM] Blaming: optional/l4d_hats.smx
L 10/05/2021 - 16:44:27: [SM] Call stack trace:
L 10/05/2021 - 16:44:27: [SM]   [0] GetClientTeam
L 10/05/2021 - 16:44:27: [SM]   [1] Line 812, D:\l4d2 serv\LIVESERVER\serwery\standard 60T\addons\sourcemod\scripting\l4d_hats.sp::Event_PlayerDeath
L 10/05/2021 - 16:44:28: [SM] Exception reported: Client 7 is not in game
L 10/05/2021 - 16:44:28: [SM] Blaming: optional/l4d_hats.smx
L 10/05/2021 - 16:44:28: [SM] Call stack trace:
L 10/05/2021 - 16:44:28: [SM]   [0] GetClientTeam
L 10/05/2021 - 16:44:28: [SM]   [1] Line 812, D:\l4d2 serv\LIVESERVER\serwery\standard 60T\addons\sourcemod\scripting\l4d_hats.sp::Event_PlayerDeath
L 10/05/2021 - 16:44:30: [SM] Exception reported: Client 7 is not in game
L 10/05/2021 - 16:44:30: [SM] Blaming: optional/l4d_hats.smx
L 10/05/2021 - 16:44:30: [SM] Call stack trace:
L 10/05/2021 - 16:44:30: [SM]   [0] GetClientTeam
L 10/05/2021 - 16:44:30: [SM]   [1] Line 812, D:\l4d2 serv\LIVESERVER\serwery\standard 60T\addons\sourcemod\scripting\l4d_hats.sp::Event_PlayerDeath
L 10/05/2021 - 16:44:32: [SM] Exception reported: Client 7 is not in game
L 10/05/2021 - 16:44:32: [SM] Blaming: optional/l4d_hats.smx
L 10/05/2021 - 16:44:32: [SM] Call stack trace:
L 10/05/2021 - 16:44:32: [SM]   [0] GetClientTeam
L 10/05/2021 - 16:44:32: [SM]   [1] Line 812, D:\l4d2 serv\LIVESERVER\serwery\standard 60T\addons\sourcemod\scripting\l4d_hats.sp::Event_PlayerDeath
L 10/05/2021 - 16:44:34: [SM] Exception reported: Client 7 is not in game
L 10/05/2021 - 16:44:34: [SM] Blaming: optional/l4d_hats.smx
L 10/05/2021 - 16:44:34: [SM] Call stack trace:
L 10/05/2021 - 16:44:34: [SM]   [0] GetClientTeam
L 10/05/2021 - 16:44:34: [SM]   [1] Line 812, D:\l4d2 serv\LIVESERVER\serwery\standard 60T\addons\sourcemod\scripting\l4d_hats.sp::Event_PlayerDeath
L 10/05/2021 - 16:44:35: [SM] Exception reported: Client 7 is not in game
L 10/05/2021 - 16:44:35: [SM] Blaming: optional/l4d_hats.smx
L 10/05/2021 - 16:44:35: [SM] Call stack trace:
L 10/05/2021 - 16:44:35: [SM]   [0] GetClientTeam
L 10/05/2021 - 16:44:35: [SM]   [1] Line 812, D:\l4d2 serv\LIVESERVER\serwery\standard 60T\addons\sourcemod\scripting\l4d_hats.sp::Event_PlayerDeath
L 10/05/2021 - 16:44:35: [SM] Exception reported: Client 7 is not in game
L 10/05/2021 - 16:44:35: [SM] Blaming: optional/l4d_hats.smx
L 10/05/2021 - 16:44:35: [SM] Call stack trace:
L 10/05/2021 - 16:44:35: [SM]   [0] GetClientTeam
L 10/05/2021 - 16:44:35: [SM]   [1] Line 812, D:\l4d2 serv\LIVESERVER\serwery\standard 60T\addons\sourcemod\scripting\l4d_hats.sp::Event_PlayerDeath
L 10/05/2021 - 16:44:35: [SM] Exception reported: Client 7 is not in game
L 10/05/2021 - 16:44:35: [SM] Blaming: optional/l4d_hats.smx
L 10/05/2021 - 16:44:35: [SM] Call stack trace:
L 10/05/2021 - 16:44:35: [SM]   [0] GetClientTeam
L 10/05/2021 - 16:44:35: [SM]   [1] Line 812, D:\l4d2 serv\LIVESERVER\serwery\standard 60T\addons\sourcemod\scripting\l4d_hats.sp::Event_PlayerDeath
L 10/05/2021 - 16:44:35: [SM] Exception reported: Client 7 is not in game
L 10/05/2021 - 16:44:35: [SM] Blaming: optional/l4d_hats.smx
L 10/05/2021 - 16:44:35: [SM] Call stack trace:
L 10/05/2021 - 16:44:35: [SM]   [0] GetClientTeam
L 10/05/2021 - 16:44:35: [SM]   [1] Line 812, D:\l4d2 serv\LIVESERVER\serwery\standard 60T\addons\sourcemod\scripting\l4d_hats.sp::Event_PlayerDeath
L 10/05/2021 - 16:44:36: [SM] Exception reported: Client 7 is not in game
L 10/05/2021 - 16:44:36: [SM] Blaming: optional/l4d_hats.smx
L 10/05/2021 - 16:44:36: [SM] Call stack trace:
L 10/05/2021 - 16:44:36: [SM]   [0] GetClientTeam
L 10/05/2021 - 16:44:36: [SM]   [1] Line 812, D:\l4d2 serv\LIVESERVER\serwery\standard 60T\addons\sourcemod\scripting\l4d_hats.sp::Event_PlayerDeath
L 10/05/2021 - 16:44:37: [SM] Exception reported: Client 7 is not in game
L 10/05/2021 - 16:44:37: [SM] Blaming: optional/l4d_hats.smx
L 10/05/2021 - 16:44:37: [SM] Call stack trace:
L 10/05/2021 - 16:44:37: [SM]   [0] GetClientTeam
L 10/05/2021 - 16:44:37: [SM]   [1] Line 812, D:\l4d2 serv\LIVESERVER\serwery\standard 60T\addons\sourcemod\scripting\l4d_hats.sp::Event_PlayerDeath
L 10/05/2021 - 16:44:37: [SM] Exception reported: Client 7 is not in game
L 10/05/2021 - 16:44:37: [SM] Blaming: optional/l4d_hats.smx
L 10/05/2021 - 16:44:37: [SM] Call stack trace:
L 10/05/2021 - 16:44:37: [SM]   [0] GetClientTeam
L 10/05/2021 - 16:44:37: [SM]   [1] Line 812, D:\l4d2 serv\LIVESERVER\serwery\standard 60T\addons\sourcemod\scripting\l4d_hats.sp::Event_PlayerDeath
L 10/05/2021 - 16:44:38: [SM] Exception reported: Client 7 is not in game
L 10/05/2021 - 16:44:38: [SM] Blaming: optional/l4d_hats.smx
L 10/05/2021 - 16:44:38: [SM] Call stack trace:
L 10/05/2021 - 16:44:38: [SM]   [0] GetClientTeam
L 10/05/2021 - 16:44:38: [SM]   [1] Line 812, D:\l4d2 serv\LIVESERVER\serwery\standard 60T\addons\sourcemod\scripting\l4d_hats.sp::Event_PlayerDeath
L 10/05/2021 - 16:44:38: [SM] Exception reported: Client 7 is not in game
L 10/05/2021 - 16:44:38: [SM] Blaming: optional/l4d_hats.smx
L 10/05/2021 - 16:44:38: [SM] Call stack trace:
L 10/05/2021 - 16:44:38: [SM]   [0] GetClientTeam
L 10/05/2021 - 16:44:38: [SM]   [1] Line 812, D:\l4d2 serv\LIVESERVER\serwery\standard 60T\addons\sourcemod\scripting\l4d_hats.sp::Event_PlayerDeath
L 10/05/2021 - 16:44:41: [SM] Exception reported: Client 7 is not in game
L 10/05/2021 - 16:44:41: [SM] Blaming: optional/l4d_hats.smx
L 10/05/2021 - 16:44:41: [SM] Call stack trace:
L 10/05/2021 - 16:44:41: [SM]   [0] GetClientTeam
L 10/05/2021 - 16:44:41: [SM]   [1] Line 812, D:\l4d2 serv\LIVESERVER\serwery\standard 60T\addons\sourcemod\scripting\l4d_hats.sp::Event_PlayerDeath
L 10/05/2021 - 16:44:42: [SM] Exception reported: Client 7 is not in game
L 10/05/2021 - 16:44:42: [SM] Blaming: optional/l4d_hats.smx
L 10/05/2021 - 16:44:42: [SM] Call stack trace:
L 10/05/2021 - 16:44:42: [SM]   [0] GetClientTeam
L 10/05/2021 - 16:44:42: [SM]   [1] Line 812, D:\l4d2 serv\LIVESERVER\serwery\standard 60T\addons\sourcemod\scripting\l4d_hats.sp::Event_PlayerDeath
L 10/05/2021 - 16:44:43: [SM] Exception reported: Client 7 is not in game
L 10/05/2021 - 16:44:43: [SM] Blaming: optional/l4d_hats.smx
L 10/05/2021 - 16:44:43: [SM] Call stack trace:
L 10/05/2021 - 16:44:43: [SM]   [0] GetClientTeam
L 10/05/2021 - 16:44:43: [SM]   [1] Line 812, D:\l4d2 serv\LIVESERVER\serwery\standard 60T\addons\sourcemod\scripting\l4d_hats.sp::Event_PlayerDeath
L 10/05/2021 - 16:44:43: [SM] Exception reported: Client 7 is not in game
L 10/05/2021 - 16:44:43: [SM] Blaming: optional/l4d_hats.smx
L 10/05/2021 - 16:44:43: [SM] Call stack trace:
L 10/05/2021 - 16:44:43: [SM]   [0] GetClientTeam
L 10/05/2021 - 16:44:43: [SM]   [1] Line 812, D:\l4d2 serv\LIVESERVER\serwery\standard 60T\addons\sourcemod\scripting\l4d_hats.sp::Event_PlayerDeath
L 10/05/2021 - 16:44:44: [SM] Exception reported: Client 7 is not in game
L 10/05/2021 - 16:44:44: [SM] Blaming: optional/l4d_hats.smx
L 10/05/2021 - 16:44:44: [SM] Call stack trace:
L 10/05/2021 - 16:44:44: [SM]   [0] GetClientTeam
L 10/05/2021 - 16:44:44: [SM]   [1] Line 812, D:\l4d2 serv\LIVESERVER\serwery\standard 60T\addons\sourcemod\scripting\l4d_hats.sp::Event_PlayerDeath
L 10/05/2021 - 16:44:50: [SM] Exception reported: Client 7 is not in game
L 10/05/2021 - 16:44:50: [SM] Blaming: optional/l4d_hats.smx
L 10/05/2021 - 16:44:50: [SM] Call stack trace:
L 10/05/2021 - 16:44:50: [SM]   [0] GetClientTeam
L 10/05/2021 - 16:44:50: [SM]   [1] Line 812, D:\l4d2 serv\LIVESERVER\serwery\standard 60T\addons\sourcemod\scripting\l4d_hats.sp::Event_PlayerDeath
L 10/05/2021 - 16:44:55: [SM] Exception reported: Client 7 is not in game
L 10/05/2021 - 16:44:55: [SM] Blaming: optional/l4d_hats.smx
L 10/05/2021 - 16:44:55: [SM] Call stack trace:
L 10/05/2021 - 16:44:55: [SM]   [0] GetClientTeam
L 10/05/2021 - 16:44:55: [SM]   [1] Line 812, D:\l4d2 serv\LIVESERVER\serwery\standard 60T\addons\sourcemod\scripting\l4d_hats.sp::Event_PlayerDeath
L 10/05/2021 - 16:44:56: [SM] Exception reported: Client 7 is not in game
L 10/05/2021 - 16:44:56: [SM] Blaming: optional/l4d_hats.smx
L 10/05/2021 - 16:44:56: [SM] Call stack trace:
L 10/05/2021 - 16:44:56: [SM]   [0] GetClientTeam
L 10/05/2021 - 16:44:56: [SM]   [1] Line 812, D:\l4d2 serv\LIVESERVER\serwery\standard 60T\addons\sourcemod\scripting\l4d_hats.sp::Event_PlayerDeath
L 10/05/2021 - 16:44:57: [SM] Exception reported: Client 7 is not in game
L 10/05/2021 - 16:44:57: [SM] Blaming: optional/l4d_hats.smx
L 10/05/2021 - 16:44:57: [SM] Call stack trace:
L 10/05/2021 - 16:44:57: [SM]   [0] GetClientTeam
L 10/05/2021 - 16:44:57: [SM]   [1] Line 812, D:\l4d2 serv\LIVESERVER\serwery\standard 60T\addons\sourcemod\scripting\l4d_hats.sp::Event_PlayerDeath
L 10/05/2021 - 16:44:57: [SM] Exception reported: Client 7 is not in game
L 10/05/2021 - 16:44:57: [SM] Blaming: optional/l4d_hats.smx
L 10/05/2021 - 16:44:57: [SM] Call stack trace:
L 10/05/2021 - 16:44:57: [SM]   [0] GetClientTeam
L 10/05/2021 - 16:44:57: [SM]   [1] Line 812, D:\l4d2 serv\LIVESERVER\serwery\standard 60T\addons\sourcemod\scripting\l4d_hats.sp::Event_PlayerDeath
L 10/05/2021 - 16:44:58: [SM] Exception reported: Client 7 is not in game
L 10/05/2021 - 16:44:58: [SM] Blaming: optional/l4d_hats.smx
L 10/05/2021 - 16:44:58: [SM] Call stack trace:
L 10/05/2021 - 16:44:58: [SM]   [0] GetClientTeam
L 10/05/2021 - 16:44:58: [SM]   [1] Line 812, D:\l4d2 serv\LIVESERVER\serwery\standard 60T\addons\sourcemod\scripting\l4d_hats.sp::Event_PlayerDeath
L 10/05/2021 - 16:44:58: [SM] Exception reported: Client 7 is not in game
L 10/05/2021 - 16:44:58: [SM] Blaming: optional/l4d_hats.smx
L 10/05/2021 - 16:44:58: [SM] Call stack trace:
L 10/05/2021 - 16:44:58: [SM]   [0] GetClientTeam
L 10/05/2021 - 16:44:58: [SM]   [1] Line 812, D:\l4d2 serv\LIVESERVER\serwery\standard 60T\addons\sourcemod\scripting\l4d_hats.sp::Event_PlayerDeath
L 10/05/2021 - 16:44:59: [SM] Exception reported: Client 7 is not in game
L 10/05/2021 - 16:44:59: [SM] Blaming: optional/l4d_hats.smx
L 10/05/2021 - 16:44:59: [SM] Call stack trace:
L 10/05/2021 - 16:44:59: [SM]   [0] GetClientTeam
L 10/05/2021 - 16:44:59: [SM]   [1] Line 812, D:\l4d2 serv\LIVESERVER\serwery\standard 60T\addons\sourcemod\scripting\l4d_hats.sp::Event_PlayerDeath
L 10/05/2021 - 16:44:59: [SM] Exception reported: Client 7 is not in game
L 10/05/2021 - 16:44:59: [SM] Blaming: optional/l4d_hats.smx
L 10/05/2021 - 16:44:59: [SM] Call stack trace:
L 10/05/2021 - 16:44:59: [SM]   [0] GetClientTeam
L 10/05/2021 - 16:44:59: [SM]   [1] Line 812, D:\l4d2 serv\LIVESERVER\serwery\standard 60T\addons\sourcemod\scripting\l4d_hats.sp::Event_PlayerDeath
L 10/05/2021 - 16:44:59: [SM] Exception reported: Client 7 is not in game
L 10/05/2021 - 16:44:59: [SM] Blaming: optional/l4d_hats.smx
L 10/05/2021 - 16:44:59: [SM] Call stack trace:
L 10/05/2021 - 16:44:59: [SM]   [0] GetClientTeam
L 10/05/2021 - 16:44:59: [SM]   [1] Line 812, D:\l4d2 serv\LIVESERVER\serwery\standard 60T\addons\sourcemod\scripting\l4d_hats.sp::Event_PlayerDeath
L 10/05/2021 - 16:45:00: [SM] Exception reported: Client 7 is not in game
L 10/05/2021 - 16:45:00: [SM] Blaming: optional/l4d_hats.smx
L 10/05/2021 - 16:45:00: [SM] Call stack trace:
L 10/05/2021 - 16:45:00: [SM]   [0] GetClientTeam
L 10/05/2021 - 16:45:00: [SM]   [1] Line 812, D:\l4d2 serv\LIVESERVER\serwery\standard 60T\addons\sourcemod\scripting\l4d_hats.sp::Event_PlayerDeath
L 10/05/2021 - 16:45:00: [SM] Exception reported: Client 7 is not in game
L 10/05/2021 - 16:45:00: [SM] Blaming: optional/l4d_hats.smx
L 10/05/2021 - 16:45:00: [SM] Call stack trace:
L 10/05/2021 - 16:45:00: [SM]   [0] GetClientTeam
L 10/05/2021 - 16:45:00: [SM]   [1] Line 812, D:\l4d2 serv\LIVESERVER\serwery\standard 60T\addons\sourcemod\scripting\l4d_hats.sp::Event_PlayerDeath
L 10/05/2021 - 16:45:00: [SM] Exception reported: Client 7 is not in game
L 10/05/2021 - 16:45:00: [SM] Blaming: optional/l4d_hats.smx
L 10/05/2021 - 16:45:00: [SM] Call stack trace:
L 10/05/2021 - 16:45:00: [SM]   [0] GetClientTeam
L 10/05/2021 - 16:45:00: [SM]   [1] Line 812, D:\l4d2 serv\LIVESERVER\serwery\standard 60T\addons\sourcemod\scripting\l4d_hats.sp::Event_PlayerDeath
L 10/05/2021 - 16:45:01: [SM] Exception reported: Client 7 is not in game
L 10/05/2021 - 16:45:01: [SM] Blaming: optional/l4d_hats.smx
L 10/05/2021 - 16:45:01: [SM] Call stack trace:
L 10/05/2021 - 16:45:01: [SM]   [0] GetClientTeam
L 10/05/2021 - 16:45:01: [SM]   [1] Line 812, D:\l4d2 serv\LIVESERVER\serwery\standard 60T\addons\sourcemod\scripting\l4d_hats.sp::Event_PlayerDeath
L 10/05/2021 - 16:45:01: [SM] Exception reported: Client 7 is not in game
L 10/05/2021 - 16:45:01: [SM] Blaming: optional/l4d_hats.smx
L 10/05/2021 - 16:45:01: [SM] Call stack trace:
L 10/05/2021 - 16:45:01: [SM]   [0] GetClientTeam
L 10/05/2021 - 16:45:01: [SM]   [1] Line 812, D:\l4d2 serv\LIVESERVER\serwery\standard 60T\addons\sourcemod\scripting\l4d_hats.sp::Event_PlayerDeath
L 10/05/2021 - 16:45:02: [SM] Exception reported: Client 7 is not in game
L 10/05/2021 - 16:45:02: [SM] Blaming: optional/l4d_hats.smx
L 10/05/2021 - 16:45:02: [SM] Call stack trace:
L 10/05/2021 - 16:45:02: [SM]   [0] GetClientTeam
L 10/05/2021 - 16:45:02: [SM]   [1] Line 812, D:\l4d2 serv\LIVESERVER\serwery\standard 60T\addons\sourcemod\scripting\l4d_hats.sp::Event_PlayerDeath
L 10/05/2021 - 16:45:02: [SM] Exception reported: Client 7 is not in game
L 10/05/2021 - 16:45:02: [SM] Blaming: optional/l4d_hats.smx
L 10/05/2021 - 16:45:02: [SM] Call stack trace:
L 10/05/2021 - 16:45:02: [SM]   [0] GetClientTeam
L 10/05/2021 - 16:45:02: [SM]   [1] Line 812, D:\l4d2 serv\LIVESERVER\serwery\standard 60T\addons\sourcemod\scripting\l4d_hats.sp::Event_PlayerDeath
L 10/05/2021 - 16:45:02: [SM] Exception reported: Client 7 is not in game
L 10/05/2021 - 16:45:02: [SM] Blaming: optional/l4d_hats.smx
L 10/05/2021 - 16:45:02: [SM] Call stack trace:
L 10/05/2021 - 16:45:02: [SM]   [0] GetClientTeam
L 10/05/2021 - 16:45:02: [SM]   [1] Line 812, D:\l4d2 serv\LIVESERVER\serwery\standard 60T\addons\sourcemod\scripting\l4d_hats.sp::Event_PlayerDeath
L 10/05/2021 - 16:45:02: [SM] Exception reported: Client 7 is not in game
L 10/05/2021 - 16:45:02: [SM] Blaming: optional/l4d_hats.smx
L 10/05/2021 - 16:45:02: [SM] Call stack trace:
L 10/05/2021 - 16:45:02: [SM]   [0] GetClientTeam
L 10/05/2021 - 16:45:02: [SM]   [1] Line 812, D:\l4d2 serv\LIVESERVER\serwery\standard 60T\addons\sourcemod\scripting\l4d_hats.sp::Event_PlayerDeath
L 10/05/2021 - 16:45:02: [SM] Exception reported: Client 7 is not in game
L 10/05/2021 - 16:45:02: [SM] Blaming: optional/l4d_hats.smx
L 10/05/2021 - 16:45:02: [SM] Call stack trace:
L 10/05/2021 - 16:45:02: [SM]   [0] GetClientTeam
L 10/05/2021 - 16:45:02: [SM]   [1] Line 812, D:\l4d2 serv\LIVESERVER\serwery\standard 60T\addons\sourcemod\scripting\l4d_hats.sp::Event_PlayerDeath
L 10/05/2021 - 16:45:03: [SM] Exception reported: Client 7 is not in game
L 10/05/2021 - 16:45:03: [SM] Blaming: optional/l4d_hats.smx
L 10/05/2021 - 16:45:03: [SM] Call stack trace:
L 10/05/2021 - 16:45:03: [SM]   [0] GetClientTeam
L 10/05/2021 - 16:45:03: [SM]   [1] Line 812, D:\l4d2 serv\LIVESERVER\serwery\standard 60T\addons\sourcemod\scripting\l4d_hats.sp::Event_PlayerDeath
L 10/05/2021 - 16:45:03: [SM] Exception reported: Client 7 is not in game
L 10/05/2021 - 16:45:03: [SM] Blaming: optional/l4d_hats.smx
L 10/05/2021 - 16:45:03: [SM] Call stack trace:
L 10/05/2021 - 16:45:03: [SM]   [0] GetClientTeam
L 10/05/2021 - 16:45:03: [SM]   [1] Line 812, D:\l4d2 serv\LIVESERVER\serwery\standard 60T\addons\sourcemod\scripting\l4d_hats.sp::Event_PlayerDeath
L 10/05/2021 - 16:45:03: [SM] Exception reported: Client 7 is not in game
L 10/05/2021 - 16:45:03: [SM] Blaming: optional/l4d_hats.smx
L 10/05/2021 - 16:45:03: [SM] Call stack trace:
L 10/05/2021 - 16:45:03: [SM]   [0] GetClientTeam
L 10/05/2021 - 16:45:03: [SM]   [1] Line 812, D:\l4d2 serv\LIVESERVER\serwery\standard 60T\addons\sourcemod\scripting\l4d_hats.sp::Event_PlayerDeath
L 10/05/2021 - 16:45:04: [SM] Exception reported: Client 7 is not in game
L 10/05/2021 - 16:45:04: [SM] Blaming: optional/l4d_hats.smx
L 10/05/2021 - 16:45:04: [SM] Call stack trace:
L 10/05/2021 - 16:45:04: [SM]   [0] GetClientTeam
L 10/05/2021 - 16:45:04: [SM]   [1] Line 812, D:\l4d2 serv\LIVESERVER\serwery\standard 60T\addons\sourcemod\scripting\l4d_hats.sp::Event_PlayerDeath
L 10/05/2021 - 16:45:04: [SM] Exception reported: Client 7 is not in game
L 10/05/2021 - 16:45:04: [SM] Blaming: optional/l4d_hats.smx
L 10/05/2021 - 16:45:04: [SM] Call stack trace:
L 10/05/2021 - 16:45:04: [SM]   [0] GetClientTeam
L 10/05/2021 - 16:45:04: [SM]   [1] Line 812, D:\l4d2 serv\LIVESERVER\serwery\standard 60T\addons\sourcemod\scripting\l4d_hats.sp::Event_PlayerDeath
L 10/05/2021 - 16:45:04: [SM] Exception reported: Client 7 is not in game
L 10/05/2021 - 16:45:04: [SM] Blaming: optional/l4d_hats.smx
L 10/05/2021 - 16:45:04: [SM] Call stack trace:
L 10/05/2021 - 16:45:04: [SM]   [0] GetClientTeam
L 10/05/2021 - 16:45:04: [SM]   [1] Line 812, D:\l4d2 serv\LIVESERVER\serwery\standard 60T\addons\sourcemod\scripting\l4d_hats.sp::Event_PlayerDeath
L 10/05/2021 - 16:45:05: [SM] Exception reported: Client 7 is not in game
L 10/05/2021 - 16:45:05: [SM] Blaming: optional/l4d_hats.smx
L 10/05/2021 - 16:45:05: [SM] Call stack trace:
L 10/05/2021 - 16:45:05: [SM]   [0] GetClientTeam
L 10/05/2021 - 16:45:05: [SM]   [1] Line 812, D:\l4d2 serv\LIVESERVER\serwery\standard 60T\addons\sourcemod\scripting\l4d_hats.sp::Event_PlayerDeath
L 10/05/2021 - 16:45:05: [SM] Exception reported: Client 7 is not in game
L 10/05/2021 - 16:45:05: [SM] Blaming: optional/l4d_hats.smx
L 10/05/2021 - 16:45:05: [SM] Call stack trace:
L 10/05/2021 - 16:45:05: [SM]   [0] GetClientTeam
L 10/05/2021 - 16:45:05: [SM]   [1] Line 812, D:\l4d2 serv\LIVESERVER\serwery\standard 60T\addons\sourcemod\scripting\l4d_hats.sp::Event_PlayerDeath
L 10/05/2021 - 16:45:05: [SM] Exception reported: Client 7 is not in game
L 10/05/2021 - 16:45:05: [SM] Blaming: optional/l4d_hats.smx
L 10/05/2021 - 16:45:05: [SM] Call stack trace:
L 10/05/2021 - 16:45:05: [SM]   [0] GetClientTeam
L 10/05/2021 - 16:45:05: [SM]   [1] Line 812, D:\l4d2 serv\LIVESERVER\serwery\standard 60T\addons\sourcemod\scripting\l4d_hats.sp::Event_PlayerDeath
L 10/05/2021 - 16:45:06: [SM] Exception reported: Client 7 is not in game
L 10/05/2021 - 16:45:06: [SM] Blaming: optional/l4d_hats.smx
L 10/05/2021 - 16:45:06: [SM] Call stack trace:
L 10/05/2021 - 16:45:06: [SM]   [0] GetClientTeam
L 10/05/2021 - 16:45:06: [SM]   [1] Line 812, D:\l4d2 serv\LIVESERVER\serwery\standard 60T\addons\sourcemod\scripting\l4d_hats.sp::Event_PlayerDeath
L 10/05/2021 - 16:45:06: [SM] Exception reported: Client 7 is not in game
L 10/05/2021 - 16:45:06: [SM] Blaming: optional/l4d_hats.smx
L 10/05/2021 - 16:45:06: [SM] Call stack trace:
L 10/05/2021 - 16:45:06: [SM]   [0] GetClientTeam
L 10/05/2021 - 16:45:06: [SM]   [1] Line 812, D:\l4d2 serv\LIVESERVER\serwery\standard 60T\addons\sourcemod\scripting\l4d_hats.sp::Event_PlayerDeath
L 10/05/2021 - 16:45:07: [SM] Exception reported: Client 7 is not in game
L 10/05/2021 - 16:45:07: [SM] Blaming: optional/l4d_hats.smx
L 10/05/2021 - 16:45:07: [SM] Call stack trace:
L 10/05/2021 - 16:45:07: [SM]   [0] GetClientTeam
L 10/05/2021 - 16:45:07: [SM]   [1] Line 812, D:\l4d2 serv\LIVESERVER\serwery\standard 60T\addons\sourcemod\scripting\l4d_hats.sp::Event_PlayerDeath
L 10/05/2021 - 16:45:12: [SM] Exception reported: Client 7 is not in game
L 10/05/2021 - 16:45:12: [SM] Blaming: optional/l4d_hats.smx
L 10/05/2021 - 16:45:12: [SM] Call stack trace:
L 10/05/2021 - 16:45:12: [SM]   [0] GetClientTeam
L 10/05/2021 - 16:45:12: [SM]   [1] Line 812, D:\l4d2 serv\LIVESERVER\serwery\standard 60T\addons\sourcemod\scripting\l4d_hats.sp::Event_PlayerDeath
L 10/05/2021 - 16:45:14: [SM] Exception reported: Client 7 is not in game
L 10/05/2021 - 16:45:14: [SM] Blaming: optional/l4d_hats.smx
L 10/05/2021 - 16:45:14: [SM] Call stack trace:
L 10/05/2021 - 16:45:14: [SM]   [0] GetClientTeam
L 10/05/2021 - 16:45:14: [SM]   [1] Line 812, D:\l4d2 serv\LIVESERVER\serwery\standard 60T\addons\sourcemod\scripting\l4d_hats.sp::Event_PlayerDeath
L 10/05/2021 - 16:45:14: [SM] Exception reported: Client 7 is not in game
L 10/05/2021 - 16:45:14: [SM] Blaming: optional/l4d_hats.smx
L 10/05/2021 - 16:45:14: [SM] Call stack trace:
L 10/05/2021 - 16:45:14: [SM]   [0] GetClientTeam
L 10/05/2021 - 16:45:14: [SM]   [1] Line 812, D:\l4d2 serv\LIVESERVER\serwery\standard 60T\addons\sourcemod\scripting\l4d_hats.sp::Event_PlayerDeath
L 10/05/2021 - 16:45:15: [SM] Exception reported: Client 7 is not in game
L 10/05/2021 - 16:45:15: [SM] Blaming: optional/l4d_hats.smx
L 10/05/2021 - 16:45:15: [SM] Call stack trace:
L 10/05/2021 - 16:45:15: [SM]   [0] GetClientTeam
L 10/05/2021 - 16:45:15: [SM]   [1] Line 812, D:\l4d2 serv\LIVESERVER\serwery\standard 60T\addons\sourcemod\scripting\l4d_hats.sp::Event_PlayerDeath
L 10/05/2021 - 16:45:16: [SM] Exception reported: Client 7 is not in game
L 10/05/2021 - 16:45:16: [SM] Blaming: optional/l4d_hats.smx
L 10/05/2021 - 16:45:16: [SM] Call stack trace:
L 10/05/2021 - 16:45:16: [SM]   [0] GetClientTeam
L 10/05/2021 - 16:45:16: [SM]   [1] Line 812, D:\l4d2 serv\LIVESERVER\serwery\standard 60T\addons\sourcemod\scripting\l4d_hats.sp::Event_PlayerDeath
L 10/05/2021 - 16:45:16: [SM] Exception reported: Client 7 is not in game
L 10/05/2021 - 16:45:16: [SM] Blaming: optional/l4d_hats.smx
L 10/05/2021 - 16:45:16: [SM] Call stack trace:
L 10/05/2021 - 16:45:16: [SM]   [0] GetClientTeam
L 10/05/2021 - 16:45:16: [SM]   [1] Line 812, D:\l4d2 serv\LIVESERVER\serwery\standard 60T\addons\sourcemod\scripting\l4d_hats.sp::Event_PlayerDeath
L 10/05/2021 - 16:45:16: [SM] Exception reported: Client 7 is not in game
L 10/05/2021 - 16:45:16: [SM] Blaming: optional/l4d_hats.smx
L 10/05/2021 - 16:45:16: [SM] Call stack trace:
L 10/05/2021 - 16:45:16: [SM]   [0] GetClientTeam
L 10/05/2021 - 16:45:16: [SM]   [1] Line 812, D:\l4d2 serv\LIVESERVER\serwery\standard 60T\addons\sourcemod\scripting\l4d_hats.sp::Event_PlayerDeath
L 10/05/2021 - 16:45:17: [SM] Exception reported: Client 7 is not in game
L 10/05/2021 - 16:45:17: [SM] Blaming: optional/l4d_hats.smx
L 10/05/2021 - 16:45:17: [SM] Call stack trace:
L 10/05/2021 - 16:45:17: [SM]   [0] GetClientTeam
L 10/05/2021 - 16:45:17: [SM]   [1] Line 812, D:\l4d2 serv\LIVESERVER\serwery\standard 60T\addons\sourcemod\scripting\l4d_hats.sp::Event_PlayerDeath
L 10/05/2021 - 16:45:17: [SM] Exception reported: Client 7 is not in game
L 10/05/2021 - 16:45:17: [SM] Blaming: optional/l4d_hats.smx
L 10/05/2021 - 16:45:17: [SM] Call stack trace:
L 10/05/2021 - 16:45:17: [SM]   [0] GetClientTeam
L 10/05/2021 - 16:45:17: [SM]   [1] Line 812, D:\l4d2 serv\LIVESERVER\serwery\standard 60T\addons\sourcemod\scripting\l4d_hats.sp::Event_PlayerDeath
L 10/05/2021 - 16:45:17: [SM] Exception reported: Client 7 is not in game
L 10/05/2021 - 16:45:17: [SM] Blaming: optional/l4d_hats.smx
L 10/05/2021 - 16:45:17: [SM] Call stack trace:
L 10/05/2021 - 16:45:17: [SM]   [0] GetClientTeam
L 10/05/2021 - 16:45:17: [SM]   [1] Line 812, D:\l4d2 serv\LIVESERVER\serwery\standard 60T\addons\sourcemod\scripting\l4d_hats.sp::Event_PlayerDeath
L 10/05/2021 - 16:45:17: [SM] Exception reported: Client 7 is not in game
L 10/05/2021 - 16:45:17: [SM] Blaming: optional/l4d_hats.smx
L 10/05/2021 - 16:45:17: [SM] Call stack trace:
L 10/05/2021 - 16:45:17: [SM]   [0] GetClientTeam
L 10/05/2021 - 16:45:17: [SM]   [1] Line 812, D:\l4d2 serv\LIVESERVER\serwery\standard 60T\addons\sourcemod\scripting\l4d_hats.sp::Event_PlayerDeath
L 10/05/2021 - 16:45:18: [SM] Exception reported: Client 7 is not in game
L 10/05/2021 - 16:45:18: [SM] Blaming: optional/l4d_hats.smx
L 10/05/2021 - 16:45:18: [SM] Call stack trace:
L 10/05/2021 - 16:45:18: [SM]   [0] GetClientTeam
L 10/05/2021 - 16:45:18: [SM]   [1] Line 812, D:\l4d2 serv\LIVESERVER\serwery\standard 60T\addons\sourcemod\scripting\l4d_hats.sp::Event_PlayerDeath
L 10/05/2021 - 16:57:12: Error log file session closed.
L 10/05/2021 - 17:30:03: SourceMod error session started
L 10/05/2021 - 17:30:03: Info (map "c1m1_hotel") (file "/home/k26606_s20329/server_20329/left4dead2/addons/sourcemod/logs/errors_20211005.log")
L 10/05/2021 - 17:30:03: [SM] Exception reported: Invalid convar handle 0 (error 4)
L 10/05/2021 - 17:30:03: [SM] Blaming: fixes/l4d2_unsilent_jockey.smx
L 10/05/2021 - 17:30:03: [SM] Call stack trace:
L 10/05/2021 - 17:30:03: [SM]   [0] ConVar.AddChangeHook
L 10/05/2021 - 17:30:03: [SM]   [1] Line 91, D:\SourcePawn10\l4d2_unsilent_jockey.sp::OnPluginStart
L 10/05/2021 - 17:30:03: [SM] Unable to load plugin "fixes/l4d2_unsilent_jockey.smx": Error detected in plugin startup (see error logs)
L 10/05/2021 - 17:30:03: [CRASH] Accelerator uploaded crash dump: Crash ID: 3OZR-7ZYW-AAFS
L 10/05/2021 - 17:30:05: [SM] Exception reported: Invalid convar handle 0 (error 4)
L 10/05/2021 - 17:30:05: [SM] Blaming: fixes/l4d2_unsilent_jockey.smx
L 10/05/2021 - 17:30:05: [SM] Call stack trace:
L 10/05/2021 - 17:30:05: [SM]   [0] ConVar.AddChangeHook
L 10/05/2021 - 17:30:05: [SM]   [1] Line 91, D:\SourcePawn10\l4d2_unsilent_jockey.sp::OnPluginStart
L 10/05/2021 - 17:30:05: [SM] Exception reported: Failed to find LagComp addresses: 0xedd9c080, 00000000, 00000000
L 10/05/2021 - 17:30:05: [SM] Blaming: optional/kether/l4d2_lagcomp_manager.smx
L 10/05/2021 - 17:30:05: [SM] Call stack trace:
L 10/05/2021 - 17:30:05: [SM]   [0] SetFailState
L 10/05/2021 - 17:30:05: [SM]   [1] Line 32, D:\l4d2 serv\addons\sourcemod\scripting\kether\l4d2_lagcomp_manager.sp::OnPluginStart
L 10/05/2021 - 17:30:06: [confoglcompmod.smx] [Confogl] CvarSettings: Could not find CVar specified (confogl_disable_ghost_hurt)
L 10/05/2021 - 17:30:06: [confoglcompmod.smx] [Confogl] CvarSettings: Could not find CVar specified (confogl_remove_parachutist)
L 10/05/2021 - 17:30:06: [confoglcompmod.smx] [Confogl] CvarSettings: Could not find CVar specified (sm_unsilentjockey_enabled)
L 10/05/2021 - 17:30:06: [confoglcompmod.smx] [Confogl] CvarSettings: Could not find CVar specified (sm_unsilentjockey_always)
L 10/05/2021 - 17:30:06: [confoglcompmod.smx] [Confogl] CvarSettings: Could not find CVar specified (sm_unsilentjockey_time)
L 10/05/2021 - 17:30:09: Error log file session closed.
L 10/05/2021 - 18:41:39: SourceMod error session started
L 10/05/2021 - 18:41:39: Info (map "c1m1_hotel") (file "/home/k26606_s20329/server_20329/left4dead2/addons/sourcemod/logs/errors_20211005.log")
L 10/05/2021 - 18:41:39: [SM] Exception reported: Invalid convar handle 0 (error 4)
L 10/05/2021 - 18:41:39: [SM] Blaming: fixes/l4d2_unsilent_jockey.smx
L 10/05/2021 - 18:41:39: [SM] Call stack trace:
L 10/05/2021 - 18:41:39: [SM]   [0] ConVar.AddChangeHook
L 10/05/2021 - 18:41:39: [SM]   [1] Line 91, D:\SourcePawn10\l4d2_unsilent_jockey.sp::OnPluginStart
L 10/05/2021 - 18:41:39: [SM] Unable to load plugin "fixes/l4d2_unsilent_jockey.smx": Error detected in plugin startup (see error logs)
L 10/05/2021 - 18:41:40: [CRASH] Accelerator uploaded crash dump: Crash ID: XH4R-XMIF-2X2Z
L 10/05/2021 - 18:41:40: [SM] Exception reported: Invalid convar handle 0 (error 4)
L 10/05/2021 - 18:41:40: [SM] Blaming: fixes/l4d2_unsilent_jockey.smx
L 10/05/2021 - 18:41:40: [SM] Call stack trace:
L 10/05/2021 - 18:41:40: [SM]   [0] ConVar.AddChangeHook
L 10/05/2021 - 18:41:40: [SM]   [1] Line 91, D:\SourcePawn10\l4d2_unsilent_jockey.sp::OnPluginStart
L 10/05/2021 - 18:41:41: [SM] Exception reported: Failed to find LagComp addresses: 0xeddfa080, 00000000, 00000000
L 10/05/2021 - 18:41:41: [SM] Blaming: optional/kether/l4d2_lagcomp_manager.smx
L 10/05/2021 - 18:41:41: [SM] Call stack trace:
L 10/05/2021 - 18:41:41: [SM]   [0] SetFailState
L 10/05/2021 - 18:41:41: [SM]   [1] Line 32, D:\l4d2 serv\addons\sourcemod\scripting\kether\l4d2_lagcomp_manager.sp::OnPluginStart
L 10/05/2021 - 18:41:41: [confoglcompmod.smx] [Confogl] CvarSettings: Could not find CVar specified (confogl_disable_ghost_hurt)
L 10/05/2021 - 18:41:41: [confoglcompmod.smx] [Confogl] CvarSettings: Could not find CVar specified (confogl_remove_parachutist)
L 10/05/2021 - 18:41:41: [confoglcompmod.smx] [Confogl] CvarSettings: Could not find CVar specified (sm_unsilentjockey_enabled)
L 10/05/2021 - 18:41:41: [confoglcompmod.smx] [Confogl] CvarSettings: Could not find CVar specified (sm_unsilentjockey_always)
L 10/05/2021 - 18:41:41: [confoglcompmod.smx] [Confogl] CvarSettings: Could not find CVar specified (sm_unsilentjockey_time)
L 10/05/2021 - 18:41:44: Error log file session closed.
L 10/05/2021 - 19:34:15: SourceMod error session started
L 10/05/2021 - 19:34:15: Info (map "c1m1_hotel") (file "/home/k26606_s20329/server_20329/left4dead2/addons/sourcemod/logs/errors_20211005.log")
L 10/05/2021 - 19:34:15: [SM] Exception reported: Invalid convar handle 0 (error 4)
L 10/05/2021 - 19:34:15: [SM] Blaming: fixes/l4d2_unsilent_jockey.smx
L 10/05/2021 - 19:34:15: [SM] Call stack trace:
L 10/05/2021 - 19:34:15: [SM]   [0] ConVar.AddChangeHook
L 10/05/2021 - 19:34:15: [SM]   [1] Line 91, D:\SourcePawn10\l4d2_unsilent_jockey.sp::OnPluginStart
L 10/05/2021 - 19:34:15: [SM] Unable to load plugin "fixes/l4d2_unsilent_jockey.smx": Error detected in plugin startup (see error logs)
L 10/05/2021 - 19:34:15: [CRASH] Accelerator uploaded crash dump: Crash ID: L7F6-2TO6-VQY2
L 10/05/2021 - 19:34:17: [SM] Exception reported: Invalid convar handle 0 (error 4)
L 10/05/2021 - 19:34:17: [SM] Blaming: fixes/l4d2_unsilent_jockey.smx
L 10/05/2021 - 19:34:17: [SM] Call stack trace:
L 10/05/2021 - 19:34:17: [SM]   [0] ConVar.AddChangeHook
L 10/05/2021 - 19:34:17: [SM]   [1] Line 91, D:\SourcePawn10\l4d2_unsilent_jockey.sp::OnPluginStart
L 10/05/2021 - 19:34:17: [SM] Exception reported: Failed to find LagComp addresses: 0xede88080, 00000000, 00000000
L 10/05/2021 - 19:34:17: [SM] Blaming: optional/kether/l4d2_lagcomp_manager.smx
L 10/05/2021 - 19:34:17: [SM] Call stack trace:
L 10/05/2021 - 19:34:17: [SM]   [0] SetFailState
L 10/05/2021 - 19:34:17: [SM]   [1] Line 32, D:\l4d2 serv\addons\sourcemod\scripting\kether\l4d2_lagcomp_manager.sp::OnPluginStart
L 10/05/2021 - 19:34:18: [confoglcompmod.smx] [Confogl] CvarSettings: Could not find CVar specified (confogl_disable_ghost_hurt)
L 10/05/2021 - 19:34:18: [confoglcompmod.smx] [Confogl] CvarSettings: Could not find CVar specified (confogl_remove_parachutist)
L 10/05/2021 - 19:34:18: [confoglcompmod.smx] [Confogl] CvarSettings: Could not find CVar specified (sm_unsilentjockey_enabled)
L 10/05/2021 - 19:34:18: [confoglcompmod.smx] [Confogl] CvarSettings: Could not find CVar specified (sm_unsilentjockey_always)
L 10/05/2021 - 19:34:18: [confoglcompmod.smx] [Confogl] CvarSettings: Could not find CVar specified (sm_unsilentjockey_time)
L 10/05/2021 - 19:34:21: Error log file session closed.
L 10/05/2021 - 21:48:04: SourceMod error session started
L 10/05/2021 - 21:48:04: Info (map "c1m1_hotel") (file "/home/k26606_s20329/server_20329/left4dead2/addons/sourcemod/logs/errors_20211005.log")
L 10/05/2021 - 21:48:04: [SM] Exception reported: Invalid convar handle 0 (error 4)
L 10/05/2021 - 21:48:04: [SM] Blaming: fixes/l4d2_unsilent_jockey.smx
L 10/05/2021 - 21:48:04: [SM] Call stack trace:
L 10/05/2021 - 21:48:04: [SM]   [0] ConVar.AddChangeHook
L 10/05/2021 - 21:48:04: [SM]   [1] Line 91, D:\SourcePawn10\l4d2_unsilent_jockey.sp::OnPluginStart
L 10/05/2021 - 21:48:04: [SM] Unable to load plugin "fixes/l4d2_unsilent_jockey.smx": Error detected in plugin startup (see error logs)
L 10/05/2021 - 21:48:04: [CRASH] Accelerator uploaded crash dump: Crash ID: MT7V-M5YY-HIPN
L 10/05/2021 - 21:48:05: [SM] Exception reported: Invalid convar handle 0 (error 4)
L 10/05/2021 - 21:48:05: [SM] Blaming: fixes/l4d2_unsilent_jockey.smx
L 10/05/2021 - 21:48:05: [SM] Call stack trace:
L 10/05/2021 - 21:48:05: [SM]   [0] ConVar.AddChangeHook
L 10/05/2021 - 21:48:05: [SM]   [1] Line 91, D:\SourcePawn10\l4d2_unsilent_jockey.sp::OnPluginStart
L 10/05/2021 - 21:48:05: [SM] Exception reported: Failed to find LagComp addresses: 0xeddc8080, 00000000, 00000000
L 10/05/2021 - 21:48:05: [SM] Blaming: optional/kether/l4d2_lagcomp_manager.smx
L 10/05/2021 - 21:48:05: [SM] Call stack trace:
L 10/05/2021 - 21:48:05: [SM]   [0] SetFailState
L 10/05/2021 - 21:48:05: [SM]   [1] Line 32, D:\l4d2 serv\addons\sourcemod\scripting\kether\l4d2_lagcomp_manager.sp::OnPluginStart
L 10/05/2021 - 21:48:06: [confoglcompmod.smx] [Confogl] CvarSettings: Could not find CVar specified (confogl_disable_ghost_hurt)
L 10/05/2021 - 21:48:06: [confoglcompmod.smx] [Confogl] CvarSettings: Could not find CVar specified (confogl_remove_parachutist)
L 10/05/2021 - 21:48:06: [confoglcompmod.smx] [Confogl] CvarSettings: Could not find CVar specified (sm_unsilentjockey_enabled)
L 10/05/2021 - 21:48:06: [confoglcompmod.smx] [Confogl] CvarSettings: Could not find CVar specified (sm_unsilentjockey_always)
L 10/05/2021 - 21:48:06: [confoglcompmod.smx] [Confogl] CvarSettings: Could not find CVar specified (sm_unsilentjockey_time)
L 10/05/2021 - 21:48:09: Error log file session closed.
