L 11/16/2021 - 18:27:12: SourceMod error session started
L 11/16/2021 - 18:27:12: Info (map "c1m1_hotel") (file "/home/k26606_s20329/server_20329/left4dead2/addons/sourcemod/logs/errors_20211116.log")
L 11/16/2021 - 18:27:12: [CRASH] Accelerator uploaded crash dump: Crash ID: DKN6-OLOA-D7GW
L 11/16/2021 - 18:27:13: [confoglcompmod.smx] [Confogl] CvarSettings: Could not find CVar specified (l4d2_tongue_delay)
L 11/16/2021 - 18:27:16: Error log file session closed.
L 11/16/2021 - 18:38:57: SourceMod error session started
L 11/16/2021 - 18:38:57: Info (map "c5m2_park") (file "/home/k26606_s20329/server_20329/left4dead2/addons/sourcemod/logs/errors_20211116.log")
L 11/16/2021 - 18:38:57: [SM] Exception reported: Entity 8 (8) is invalid
L 11/16/2021 - 18:38:57: [SM] Blaming: optional/kether/l4d_tank_pass.smx
L 11/16/2021 - 18:38:57: [SM] Call stack trace:
L 11/16/2021 - 18:38:57: [SM]   [0] GetEntProp
L 11/16/2021 - 18:38:57: [SM]   [1] Line 244, D:\l4d2 serv\addons\sourcemod\scripting\include\l4d_lib.inc::IsPlayerTank
L 11/16/2021 - 18:38:57: [SM]   [2] Line 819, D:\l4d2 serv\addons\sourcemod\scripting\kether\l4d_tank_pass.sp::IsTank
L 11/16/2021 - 18:38:57: [SM]   [3] Line 814, D:\l4d2 serv\addons\sourcemod\scripting\kether\l4d_tank_pass.sp::IsAliveTank
L 11/16/2021 - 18:38:57: [SM]   [4] Line 552, D:\l4d2 serv\addons\sourcemod\scripting\kether\l4d_tank_pass.sp::OnEntKilled
L 11/16/2021 - 18:55:46: Error log file session closed.
L 11/16/2021 - 19:35:30: SourceMod error session started
L 11/16/2021 - 19:35:30: Info (map "c1m1_hotel") (file "/home/k26606_s20329/server_20329/left4dead2/addons/sourcemod/logs/errors_20211116.log")
L 11/16/2021 - 19:35:30: [CRASH] Accelerator uploaded crash dump: Crash ID: JML7-C4HV-LADQ
L 11/16/2021 - 19:35:32: [confoglcompmod.smx] [Confogl] CvarSettings: Could not find CVar specified (l4d2_tongue_delay)
L 11/16/2021 - 19:35:35: Error log file session closed.
L 11/16/2021 - 20:45:38: SourceMod error session started
L 11/16/2021 - 20:45:38: Info (map "c1m1_hotel") (file "/home/k26606_s20329/server_20329/left4dead2/addons/sourcemod/logs/errors_20211116.log")
L 11/16/2021 - 20:45:38: [CRASH] Accelerator uploaded crash dump: Crash ID: PDWN-BB7U-O27X
L 11/16/2021 - 20:45:40: [confoglcompmod.smx] [Confogl] CvarSettings: Could not find CVar specified (l4d2_tongue_delay)
L 11/16/2021 - 20:45:43: Error log file session closed.
