L 10/17/2021 - 00:20:09: SourceMod error session started
L 10/17/2021 - 00:20:09: Info (map "c1m1_hotel") (file "/home/k26606_s20329/server_20329/left4dead2/addons/sourcemod/logs/errors_20211017.log")
L 10/17/2021 - 00:20:09: [SM] Exception reported: Invalid convar handle 0 (error 4)
L 10/17/2021 - 00:20:09: [SM] Blaming: fixes/l4d2_unsilent_jockey.smx
L 10/17/2021 - 00:20:09: [SM] Call stack trace:
L 10/17/2021 - 00:20:09: [SM]   [0] ConVar.AddChangeHook
L 10/17/2021 - 00:20:09: [SM]   [1] Line 91, D:\SourcePawn10\l4d2_unsilent_jockey.sp::OnPluginStart
L 10/17/2021 - 00:20:09: [SM] Unable to load plugin "fixes/l4d2_unsilent_jockey.smx": Error detected in plugin startup (see error logs)
L 10/17/2021 - 00:20:09: [CRASH] Accelerator uploaded crash dump: Crash ID: ELTO-ECTG-RD7G
L 10/17/2021 - 00:20:11: [SM] Exception reported: Invalid convar handle 0 (error 4)
L 10/17/2021 - 00:20:11: [SM] Blaming: fixes/l4d2_unsilent_jockey.smx
L 10/17/2021 - 00:20:11: [SM] Call stack trace:
L 10/17/2021 - 00:20:11: [SM]   [0] ConVar.AddChangeHook
L 10/17/2021 - 00:20:11: [SM]   [1] Line 91, D:\SourcePawn10\l4d2_unsilent_jockey.sp::OnPluginStart
L 10/17/2021 - 00:20:11: [SM] Exception reported: Failed to find LagComp addresses: 0xede1b080, 00000000, 00000000
L 10/17/2021 - 00:20:11: [SM] Blaming: optional/kether/l4d2_lagcomp_manager.smx
L 10/17/2021 - 00:20:11: [SM] Call stack trace:
L 10/17/2021 - 00:20:11: [SM]   [0] SetFailState
L 10/17/2021 - 00:20:11: [SM]   [1] Line 32, D:\l4d2 serv\addons\sourcemod\scripting\kether\l4d2_lagcomp_manager.sp::OnPluginStart
L 10/17/2021 - 00:20:12: [confoglcompmod.smx] [Confogl] CvarSettings: Could not find CVar specified (confogl_disable_ghost_hurt)
L 10/17/2021 - 00:20:12: [confoglcompmod.smx] [Confogl] CvarSettings: Could not find CVar specified (confogl_remove_parachutist)
L 10/17/2021 - 00:20:12: [confoglcompmod.smx] [Confogl] CvarSettings: Could not find CVar specified (sm_unsilentjockey_enabled)
L 10/17/2021 - 00:20:12: [confoglcompmod.smx] [Confogl] CvarSettings: Could not find CVar specified (sm_unsilentjockey_always)
L 10/17/2021 - 00:20:12: [confoglcompmod.smx] [Confogl] CvarSettings: Could not find CVar specified (sm_unsilentjockey_time)
L 10/17/2021 - 00:20:15: Error log file session closed.
L 10/17/2021 - 15:55:12: SourceMod error session started
L 10/17/2021 - 15:55:12: Info (map "c1m1_hotel") (file "/home/k26606_s20329/server_20329/left4dead2/addons/sourcemod/logs/errors_20211017.log")
L 10/17/2021 - 15:55:12: [SM] Exception reported: Invalid convar handle 0 (error 4)
L 10/17/2021 - 15:55:12: [SM] Blaming: fixes/l4d2_unsilent_jockey.smx
L 10/17/2021 - 15:55:12: [SM] Call stack trace:
L 10/17/2021 - 15:55:12: [SM]   [0] ConVar.AddChangeHook
L 10/17/2021 - 15:55:12: [SM]   [1] Line 91, D:\SourcePawn10\l4d2_unsilent_jockey.sp::OnPluginStart
L 10/17/2021 - 15:55:12: [SM] Unable to load plugin "fixes/l4d2_unsilent_jockey.smx": Error detected in plugin startup (see error logs)
L 10/17/2021 - 15:55:13: [CRASH] Accelerator uploaded crash dump: Crash ID: KXJJ-IOFD-TRUE
L 10/17/2021 - 15:55:14: [SM] Exception reported: Invalid convar handle 0 (error 4)
L 10/17/2021 - 15:55:14: [SM] Blaming: fixes/l4d2_unsilent_jockey.smx
L 10/17/2021 - 15:55:14: [SM] Call stack trace:
L 10/17/2021 - 15:55:14: [SM]   [0] ConVar.AddChangeHook
L 10/17/2021 - 15:55:14: [SM]   [1] Line 91, D:\SourcePawn10\l4d2_unsilent_jockey.sp::OnPluginStart
L 10/17/2021 - 15:55:14: [SM] Exception reported: Failed to find LagComp addresses: 0xede91080, 00000000, 00000000
L 10/17/2021 - 15:55:14: [SM] Blaming: optional/kether/l4d2_lagcomp_manager.smx
L 10/17/2021 - 15:55:14: [SM] Call stack trace:
L 10/17/2021 - 15:55:14: [SM]   [0] SetFailState
L 10/17/2021 - 15:55:14: [SM]   [1] Line 32, D:\l4d2 serv\addons\sourcemod\scripting\kether\l4d2_lagcomp_manager.sp::OnPluginStart
L 10/17/2021 - 15:55:15: [confoglcompmod.smx] [Confogl] CvarSettings: Could not find CVar specified (confogl_disable_ghost_hurt)
L 10/17/2021 - 15:55:15: [confoglcompmod.smx] [Confogl] CvarSettings: Could not find CVar specified (confogl_remove_parachutist)
L 10/17/2021 - 15:55:15: [confoglcompmod.smx] [Confogl] CvarSettings: Could not find CVar specified (sm_unsilentjockey_enabled)
L 10/17/2021 - 15:55:15: [confoglcompmod.smx] [Confogl] CvarSettings: Could not find CVar specified (sm_unsilentjockey_always)
L 10/17/2021 - 15:55:15: [confoglcompmod.smx] [Confogl] CvarSettings: Could not find CVar specified (sm_unsilentjockey_time)
L 10/17/2021 - 15:55:18: Error log file session closed.
L 10/17/2021 - 17:08:59: SourceMod error session started
L 10/17/2021 - 17:08:59: Info (map "c1m1_hotel") (file "/home/k26606_s20329/server_20329/left4dead2/addons/sourcemod/logs/errors_20211017.log")
L 10/17/2021 - 17:08:59: [SM] Exception reported: Invalid convar handle 0 (error 4)
L 10/17/2021 - 17:08:59: [SM] Blaming: fixes/l4d2_unsilent_jockey.smx
L 10/17/2021 - 17:08:59: [SM] Call stack trace:
L 10/17/2021 - 17:08:59: [SM]   [0] ConVar.AddChangeHook
L 10/17/2021 - 17:08:59: [SM]   [1] Line 91, D:\SourcePawn10\l4d2_unsilent_jockey.sp::OnPluginStart
L 10/17/2021 - 17:08:59: [SM] Unable to load plugin "fixes/l4d2_unsilent_jockey.smx": Error detected in plugin startup (see error logs)
L 10/17/2021 - 17:08:59: [CRASH] Accelerator uploaded crash dump: Crash ID: SIIH-ZIEA-WTTD
L 10/17/2021 - 17:09:01: [SM] Exception reported: Invalid convar handle 0 (error 4)
L 10/17/2021 - 17:09:01: [SM] Blaming: fixes/l4d2_unsilent_jockey.smx
L 10/17/2021 - 17:09:01: [SM] Call stack trace:
L 10/17/2021 - 17:09:01: [SM]   [0] ConVar.AddChangeHook
L 10/17/2021 - 17:09:01: [SM]   [1] Line 91, D:\SourcePawn10\l4d2_unsilent_jockey.sp::OnPluginStart
L 10/17/2021 - 17:09:01: [SM] Exception reported: Failed to find LagComp addresses: 0xeddcc080, 00000000, 00000000
L 10/17/2021 - 17:09:01: [SM] Blaming: optional/kether/l4d2_lagcomp_manager.smx
L 10/17/2021 - 17:09:01: [SM] Call stack trace:
L 10/17/2021 - 17:09:01: [SM]   [0] SetFailState
L 10/17/2021 - 17:09:01: [SM]   [1] Line 32, D:\l4d2 serv\addons\sourcemod\scripting\kether\l4d2_lagcomp_manager.sp::OnPluginStart
L 10/17/2021 - 17:09:02: [confoglcompmod.smx] [Confogl] CvarSettings: Could not find CVar specified (confogl_disable_ghost_hurt)
L 10/17/2021 - 17:09:02: [confoglcompmod.smx] [Confogl] CvarSettings: Could not find CVar specified (confogl_remove_parachutist)
L 10/17/2021 - 17:09:02: [confoglcompmod.smx] [Confogl] CvarSettings: Could not find CVar specified (sm_unsilentjockey_enabled)
L 10/17/2021 - 17:09:02: [confoglcompmod.smx] [Confogl] CvarSettings: Could not find CVar specified (sm_unsilentjockey_always)
L 10/17/2021 - 17:09:02: [confoglcompmod.smx] [Confogl] CvarSettings: Could not find CVar specified (sm_unsilentjockey_time)
L 10/17/2021 - 17:09:05: Error log file session closed.
L 10/17/2021 - 19:17:58: SourceMod error session started
L 10/17/2021 - 19:17:58: Info (map "c1m1_hotel") (file "/home/k26606_s20329/server_20329/left4dead2/addons/sourcemod/logs/errors_20211017.log")
L 10/17/2021 - 19:17:58: [SM] Exception reported: Invalid convar handle 0 (error 4)
L 10/17/2021 - 19:17:58: [SM] Blaming: fixes/l4d2_unsilent_jockey.smx
L 10/17/2021 - 19:17:58: [SM] Call stack trace:
L 10/17/2021 - 19:17:58: [SM]   [0] ConVar.AddChangeHook
L 10/17/2021 - 19:17:58: [SM]   [1] Line 91, D:\SourcePawn10\l4d2_unsilent_jockey.sp::OnPluginStart
L 10/17/2021 - 19:17:58: [SM] Unable to load plugin "fixes/l4d2_unsilent_jockey.smx": Error detected in plugin startup (see error logs)
L 10/17/2021 - 19:17:59: [CRASH] Accelerator uploaded crash dump: Crash ID: 6VSI-KQXY-DZN5
L 10/17/2021 - 19:18:00: [SM] Exception reported: Invalid convar handle 0 (error 4)
L 10/17/2021 - 19:18:00: [SM] Blaming: fixes/l4d2_unsilent_jockey.smx
L 10/17/2021 - 19:18:00: [SM] Call stack trace:
L 10/17/2021 - 19:18:00: [SM]   [0] ConVar.AddChangeHook
L 10/17/2021 - 19:18:00: [SM]   [1] Line 91, D:\SourcePawn10\l4d2_unsilent_jockey.sp::OnPluginStart
L 10/17/2021 - 19:18:00: [SM] Exception reported: Failed to find LagComp addresses: 0xede82080, 00000000, 00000000
L 10/17/2021 - 19:18:00: [SM] Blaming: optional/kether/l4d2_lagcomp_manager.smx
L 10/17/2021 - 19:18:00: [SM] Call stack trace:
L 10/17/2021 - 19:18:00: [SM]   [0] SetFailState
L 10/17/2021 - 19:18:00: [SM]   [1] Line 32, D:\l4d2 serv\addons\sourcemod\scripting\kether\l4d2_lagcomp_manager.sp::OnPluginStart
L 10/17/2021 - 19:18:01: [confoglcompmod.smx] [Confogl] CvarSettings: Could not find CVar specified (confogl_disable_ghost_hurt)
L 10/17/2021 - 19:18:01: [confoglcompmod.smx] [Confogl] CvarSettings: Could not find CVar specified (confogl_remove_parachutist)
L 10/17/2021 - 19:18:01: [confoglcompmod.smx] [Confogl] CvarSettings: Could not find CVar specified (sm_unsilentjockey_enabled)
L 10/17/2021 - 19:18:01: [confoglcompmod.smx] [Confogl] CvarSettings: Could not find CVar specified (sm_unsilentjockey_always)
L 10/17/2021 - 19:18:01: [confoglcompmod.smx] [Confogl] CvarSettings: Could not find CVar specified (sm_unsilentjockey_time)
L 10/17/2021 - 19:18:04: Error log file session closed.
