L 09/01/2021 - 17:13:41: SourceMod error session started
L 09/01/2021 - 17:13:41: Info (map "c5m1_waterfront") (file "/home/k26606_s24044/server_24044/left4dead2/addons/sourcemod/logs/errors_20210901.log")
L 09/01/2021 - 17:13:41: [CRASH] Accelerator uploaded crash dump: Crash ID: WWGT-J55A-NJVI
L 09/01/2021 - 17:13:48: Error log file session closed.
L 09/01/2021 - 17:46:38: SourceMod error session started
L 09/01/2021 - 17:46:38: Info (map "c5m1_waterfront") (file "/home/k26606_s24044/server_24044/left4dead2/addons/sourcemod/logs/errors_20210901.log")
L 09/01/2021 - 17:46:38: [CRASH] Accelerator uploaded crash dump: Crash ID: RQBK-OLPS-64WT
L 09/01/2021 - 17:46:44: Error log file session closed.
L 09/01/2021 - 19:43:37: SourceMod error session started
L 09/01/2021 - 19:43:37: Info (map "c5m1_waterfront") (file "/home/k26606_s24044/server_24044/left4dead2/addons/sourcemod/logs/errors_20210901.log")
L 09/01/2021 - 19:43:37: [CRASH] Accelerator uploaded crash dump: Crash ID: S7VY-KX7C-2SOR
L 09/01/2021 - 19:43:43: Error log file session closed.
L 09/01/2021 - 20:28:23: SourceMod error session started
L 09/01/2021 - 20:28:23: Info (map "c5m1_waterfront") (file "/home/k26606_s24044/server_24044/left4dead2/addons/sourcemod/logs/errors_20210901.log")
L 09/01/2021 - 20:28:23: [CRASH] Accelerator uploaded crash dump: Crash ID: OLPG-SFTT-IITW
L 09/01/2021 - 20:28:30: Error log file session closed.
L 09/01/2021 - 21:43:35: SourceMod error session started
L 09/01/2021 - 21:43:35: Info (map "c5m1_waterfront") (file "/home/k26606_s24044/server_24044/left4dead2/addons/sourcemod/logs/errors_20210901.log")
L 09/01/2021 - 21:43:35: [CRASH] Accelerator uploaded crash dump: Crash ID: U27O-T66M-FILN
L 09/01/2021 - 21:43:41: Error log file session closed.
L 09/01/2021 - 23:59:55: SourceMod error session started
L 09/01/2021 - 23:59:55: Info (map "c5m1_waterfront") (file "/home/k26606_s24044/server_24044/left4dead2/addons/sourcemod/logs/errors_20210901.log")
L 09/01/2021 - 23:59:55: [CRASH] Accelerator uploaded crash dump: Crash ID: DKIU-RQKU-3XQM
L 09/02/2021 - 00:00:01: Error log file session closed.
