L 10/14/2021 - 19:02:25: SourceMod error session started
L 10/14/2021 - 19:02:25: Info (map "c1m1_hotel") (file "/home/k26606_s20329/server_20329/left4dead2/addons/sourcemod/logs/errors_20211014.log")
L 10/14/2021 - 19:02:25: [SM] Exception reported: Invalid convar handle 0 (error 4)
L 10/14/2021 - 19:02:25: [SM] Blaming: fixes/l4d2_unsilent_jockey.smx
L 10/14/2021 - 19:02:25: [SM] Call stack trace:
L 10/14/2021 - 19:02:25: [SM]   [0] ConVar.AddChangeHook
L 10/14/2021 - 19:02:25: [SM]   [1] Line 91, D:\SourcePawn10\l4d2_unsilent_jockey.sp::OnPluginStart
L 10/14/2021 - 19:02:25: [SM] Unable to load plugin "fixes/l4d2_unsilent_jockey.smx": Error detected in plugin startup (see error logs)
L 10/14/2021 - 19:02:25: [CRASH] Accelerator uploaded crash dump: Crash ID: JVKD-BVGA-27V2
L 10/14/2021 - 19:02:26: [SM] Exception reported: Invalid convar handle 0 (error 4)
L 10/14/2021 - 19:02:26: [SM] Blaming: fixes/l4d2_unsilent_jockey.smx
L 10/14/2021 - 19:02:26: [SM] Call stack trace:
L 10/14/2021 - 19:02:26: [SM]   [0] ConVar.AddChangeHook
L 10/14/2021 - 19:02:26: [SM]   [1] Line 91, D:\SourcePawn10\l4d2_unsilent_jockey.sp::OnPluginStart
L 10/14/2021 - 19:02:26: [SM] Exception reported: Failed to find LagComp addresses: 0xede14080, 00000000, 00000000
L 10/14/2021 - 19:02:26: [SM] Blaming: optional/kether/l4d2_lagcomp_manager.smx
L 10/14/2021 - 19:02:26: [SM] Call stack trace:
L 10/14/2021 - 19:02:26: [SM]   [0] SetFailState
L 10/14/2021 - 19:02:26: [SM]   [1] Line 32, D:\l4d2 serv\addons\sourcemod\scripting\kether\l4d2_lagcomp_manager.sp::OnPluginStart
L 10/14/2021 - 19:02:27: [confoglcompmod.smx] [Confogl] CvarSettings: Could not find CVar specified (confogl_disable_ghost_hurt)
L 10/14/2021 - 19:02:27: [confoglcompmod.smx] [Confogl] CvarSettings: Could not find CVar specified (confogl_remove_parachutist)
L 10/14/2021 - 19:02:27: [confoglcompmod.smx] [Confogl] CvarSettings: Could not find CVar specified (sm_unsilentjockey_enabled)
L 10/14/2021 - 19:02:27: [confoglcompmod.smx] [Confogl] CvarSettings: Could not find CVar specified (sm_unsilentjockey_always)
L 10/14/2021 - 19:02:27: [confoglcompmod.smx] [Confogl] CvarSettings: Could not find CVar specified (sm_unsilentjockey_time)
L 10/14/2021 - 19:02:30: Error log file session closed.
L 10/14/2021 - 20:05:59: SourceMod error session started
L 10/14/2021 - 20:05:59: Info (map "c1m1_hotel") (file "/home/k26606_s20329/server_20329/left4dead2/addons/sourcemod/logs/errors_20211014.log")
L 10/14/2021 - 20:05:59: [SM] Exception reported: Invalid convar handle 0 (error 4)
L 10/14/2021 - 20:05:59: [SM] Blaming: fixes/l4d2_unsilent_jockey.smx
L 10/14/2021 - 20:05:59: [SM] Call stack trace:
L 10/14/2021 - 20:05:59: [SM]   [0] ConVar.AddChangeHook
L 10/14/2021 - 20:05:59: [SM]   [1] Line 91, D:\SourcePawn10\l4d2_unsilent_jockey.sp::OnPluginStart
L 10/14/2021 - 20:05:59: [SM] Unable to load plugin "fixes/l4d2_unsilent_jockey.smx": Error detected in plugin startup (see error logs)
L 10/14/2021 - 20:05:59: [CRASH] Accelerator uploaded crash dump: Crash ID: ZMDH-6SHF-VXRU
L 10/14/2021 - 20:06:00: [SM] Exception reported: Invalid convar handle 0 (error 4)
L 10/14/2021 - 20:06:00: [SM] Blaming: fixes/l4d2_unsilent_jockey.smx
L 10/14/2021 - 20:06:00: [SM] Call stack trace:
L 10/14/2021 - 20:06:00: [SM]   [0] ConVar.AddChangeHook
L 10/14/2021 - 20:06:00: [SM]   [1] Line 91, D:\SourcePawn10\l4d2_unsilent_jockey.sp::OnPluginStart
L 10/14/2021 - 20:06:00: [SM] Exception reported: Failed to find LagComp addresses: 0xeddba080, 00000000, 00000000
L 10/14/2021 - 20:06:00: [SM] Blaming: optional/kether/l4d2_lagcomp_manager.smx
L 10/14/2021 - 20:06:00: [SM] Call stack trace:
L 10/14/2021 - 20:06:00: [SM]   [0] SetFailState
L 10/14/2021 - 20:06:00: [SM]   [1] Line 32, D:\l4d2 serv\addons\sourcemod\scripting\kether\l4d2_lagcomp_manager.sp::OnPluginStart
L 10/14/2021 - 20:06:01: [confoglcompmod.smx] [Confogl] CvarSettings: Could not find CVar specified (confogl_disable_ghost_hurt)
L 10/14/2021 - 20:06:01: [confoglcompmod.smx] [Confogl] CvarSettings: Could not find CVar specified (confogl_remove_parachutist)
L 10/14/2021 - 20:06:01: [confoglcompmod.smx] [Confogl] CvarSettings: Could not find CVar specified (sm_unsilentjockey_enabled)
L 10/14/2021 - 20:06:01: [confoglcompmod.smx] [Confogl] CvarSettings: Could not find CVar specified (sm_unsilentjockey_always)
L 10/14/2021 - 20:06:01: [confoglcompmod.smx] [Confogl] CvarSettings: Could not find CVar specified (sm_unsilentjockey_time)
L 10/14/2021 - 20:06:04: Error log file session closed.
L 10/14/2021 - 21:12:12: SourceMod error session started
L 10/14/2021 - 21:12:12: Info (map "c1m1_hotel") (file "/home/k26606_s20329/server_20329/left4dead2/addons/sourcemod/logs/errors_20211014.log")
L 10/14/2021 - 21:12:12: [SM] Exception reported: Invalid convar handle 0 (error 4)
L 10/14/2021 - 21:12:12: [SM] Blaming: fixes/l4d2_unsilent_jockey.smx
L 10/14/2021 - 21:12:12: [SM] Call stack trace:
L 10/14/2021 - 21:12:12: [SM]   [0] ConVar.AddChangeHook
L 10/14/2021 - 21:12:12: [SM]   [1] Line 91, D:\SourcePawn10\l4d2_unsilent_jockey.sp::OnPluginStart
L 10/14/2021 - 21:12:12: [SM] Unable to load plugin "fixes/l4d2_unsilent_jockey.smx": Error detected in plugin startup (see error logs)
L 10/14/2021 - 21:12:13: [CRASH] Accelerator uploaded crash dump: Crash ID: 6SQU-FAMW-PHBC
L 10/14/2021 - 21:12:14: [SM] Exception reported: Invalid convar handle 0 (error 4)
L 10/14/2021 - 21:12:14: [SM] Blaming: fixes/l4d2_unsilent_jockey.smx
L 10/14/2021 - 21:12:14: [SM] Call stack trace:
L 10/14/2021 - 21:12:14: [SM]   [0] ConVar.AddChangeHook
L 10/14/2021 - 21:12:14: [SM]   [1] Line 91, D:\SourcePawn10\l4d2_unsilent_jockey.sp::OnPluginStart
L 10/14/2021 - 21:12:14: [SM] Exception reported: Failed to find LagComp addresses: 0xeddfa080, 00000000, 00000000
L 10/14/2021 - 21:12:14: [SM] Blaming: optional/kether/l4d2_lagcomp_manager.smx
L 10/14/2021 - 21:12:14: [SM] Call stack trace:
L 10/14/2021 - 21:12:14: [SM]   [0] SetFailState
L 10/14/2021 - 21:12:14: [SM]   [1] Line 32, D:\l4d2 serv\addons\sourcemod\scripting\kether\l4d2_lagcomp_manager.sp::OnPluginStart
L 10/14/2021 - 21:12:15: [confoglcompmod.smx] [Confogl] CvarSettings: Could not find CVar specified (confogl_disable_ghost_hurt)
L 10/14/2021 - 21:12:15: [confoglcompmod.smx] [Confogl] CvarSettings: Could not find CVar specified (confogl_remove_parachutist)
L 10/14/2021 - 21:12:15: [confoglcompmod.smx] [Confogl] CvarSettings: Could not find CVar specified (sm_unsilentjockey_enabled)
L 10/14/2021 - 21:12:15: [confoglcompmod.smx] [Confogl] CvarSettings: Could not find CVar specified (sm_unsilentjockey_always)
L 10/14/2021 - 21:12:15: [confoglcompmod.smx] [Confogl] CvarSettings: Could not find CVar specified (sm_unsilentjockey_time)
L 10/14/2021 - 21:12:18: Error log file session closed.
