L 10/18/2021 - 17:57:58: SourceMod error session started
L 10/18/2021 - 17:57:58: Info (map "c1m1_hotel") (file "/home/k26606_s20329/server_20329/left4dead2/addons/sourcemod/logs/errors_20211018.log")
L 10/18/2021 - 17:57:58: [SM] Exception reported: Invalid convar handle 0 (error 4)
L 10/18/2021 - 17:57:58: [SM] Blaming: fixes/l4d2_unsilent_jockey.smx
L 10/18/2021 - 17:57:58: [SM] Call stack trace:
L 10/18/2021 - 17:57:58: [SM]   [0] ConVar.AddChangeHook
L 10/18/2021 - 17:57:58: [SM]   [1] Line 91, D:\SourcePawn10\l4d2_unsilent_jockey.sp::OnPluginStart
L 10/18/2021 - 17:57:58: [SM] Unable to load plugin "fixes/l4d2_unsilent_jockey.smx": Error detected in plugin startup (see error logs)
L 10/18/2021 - 17:57:59: [CRASH] Accelerator uploaded crash dump: Crash ID: PHNO-V7S3-6JL2
L 10/18/2021 - 17:58:01: [SM] Exception reported: Invalid convar handle 0 (error 4)
L 10/18/2021 - 17:58:01: [SM] Blaming: fixes/l4d2_unsilent_jockey.smx
L 10/18/2021 - 17:58:01: [SM] Call stack trace:
L 10/18/2021 - 17:58:01: [SM]   [0] ConVar.AddChangeHook
L 10/18/2021 - 17:58:01: [SM]   [1] Line 91, D:\SourcePawn10\l4d2_unsilent_jockey.sp::OnPluginStart
L 10/18/2021 - 17:58:02: [SM] Exception reported: Failed to find LagComp addresses: 0xeddf7080, 00000000, 00000000
L 10/18/2021 - 17:58:02: [SM] Blaming: optional/kether/l4d2_lagcomp_manager.smx
L 10/18/2021 - 17:58:02: [SM] Call stack trace:
L 10/18/2021 - 17:58:02: [SM]   [0] SetFailState
L 10/18/2021 - 17:58:02: [SM]   [1] Line 32, D:\l4d2 serv\addons\sourcemod\scripting\kether\l4d2_lagcomp_manager.sp::OnPluginStart
L 10/18/2021 - 17:58:02: [confoglcompmod.smx] [Confogl] CvarSettings: Could not find CVar specified (confogl_disable_ghost_hurt)
L 10/18/2021 - 17:58:02: [confoglcompmod.smx] [Confogl] CvarSettings: Could not find CVar specified (confogl_remove_parachutist)
L 10/18/2021 - 17:58:02: [confoglcompmod.smx] [Confogl] CvarSettings: Could not find CVar specified (sm_unsilentjockey_enabled)
L 10/18/2021 - 17:58:02: [confoglcompmod.smx] [Confogl] CvarSettings: Could not find CVar specified (sm_unsilentjockey_always)
L 10/18/2021 - 17:58:02: [confoglcompmod.smx] [Confogl] CvarSettings: Could not find CVar specified (sm_unsilentjockey_time)
L 10/18/2021 - 17:58:05: Error log file session closed.
L 10/18/2021 - 19:41:39: SourceMod error session started
L 10/18/2021 - 19:41:39: Info (map "c1m1_hotel") (file "/home/k26606_s20329/server_20329/left4dead2/addons/sourcemod/logs/errors_20211018.log")
L 10/18/2021 - 19:41:39: [SM] Exception reported: Invalid convar handle 0 (error 4)
L 10/18/2021 - 19:41:39: [SM] Blaming: fixes/l4d2_unsilent_jockey.smx
L 10/18/2021 - 19:41:39: [SM] Call stack trace:
L 10/18/2021 - 19:41:39: [SM]   [0] ConVar.AddChangeHook
L 10/18/2021 - 19:41:39: [SM]   [1] Line 91, D:\SourcePawn10\l4d2_unsilent_jockey.sp::OnPluginStart
L 10/18/2021 - 19:41:39: [SM] Unable to load plugin "fixes/l4d2_unsilent_jockey.smx": Error detected in plugin startup (see error logs)
L 10/18/2021 - 19:41:39: [CRASH] Accelerator uploaded crash dump: Crash ID: NMXL-QOWE-VNG3
L 10/18/2021 - 19:41:41: [SM] Exception reported: Invalid convar handle 0 (error 4)
L 10/18/2021 - 19:41:41: [SM] Blaming: fixes/l4d2_unsilent_jockey.smx
L 10/18/2021 - 19:41:41: [SM] Call stack trace:
L 10/18/2021 - 19:41:41: [SM]   [0] ConVar.AddChangeHook
L 10/18/2021 - 19:41:41: [SM]   [1] Line 91, D:\SourcePawn10\l4d2_unsilent_jockey.sp::OnPluginStart
L 10/18/2021 - 19:41:41: [SM] Exception reported: Failed to find LagComp addresses: 0xede2c080, 00000000, 00000000
L 10/18/2021 - 19:41:41: [SM] Blaming: optional/kether/l4d2_lagcomp_manager.smx
L 10/18/2021 - 19:41:41: [SM] Call stack trace:
L 10/18/2021 - 19:41:41: [SM]   [0] SetFailState
L 10/18/2021 - 19:41:41: [SM]   [1] Line 32, D:\l4d2 serv\addons\sourcemod\scripting\kether\l4d2_lagcomp_manager.sp::OnPluginStart
L 10/18/2021 - 19:41:42: [confoglcompmod.smx] [Confogl] CvarSettings: Could not find CVar specified (confogl_disable_ghost_hurt)
L 10/18/2021 - 19:41:42: [confoglcompmod.smx] [Confogl] CvarSettings: Could not find CVar specified (confogl_remove_parachutist)
L 10/18/2021 - 19:41:42: [confoglcompmod.smx] [Confogl] CvarSettings: Could not find CVar specified (sm_unsilentjockey_enabled)
L 10/18/2021 - 19:41:42: [confoglcompmod.smx] [Confogl] CvarSettings: Could not find CVar specified (sm_unsilentjockey_always)
L 10/18/2021 - 19:41:42: [confoglcompmod.smx] [Confogl] CvarSettings: Could not find CVar specified (sm_unsilentjockey_time)
L 10/18/2021 - 19:41:45: Error log file session closed.
L 10/18/2021 - 20:27:14: SourceMod error session started
L 10/18/2021 - 20:27:14: Info (map "c1m1_hotel") (file "/home/k26606_s20329/server_20329/left4dead2/addons/sourcemod/logs/errors_20211018.log")
L 10/18/2021 - 20:27:14: [SM] Exception reported: Invalid convar handle 0 (error 4)
L 10/18/2021 - 20:27:14: [SM] Blaming: fixes/l4d2_unsilent_jockey.smx
L 10/18/2021 - 20:27:14: [SM] Call stack trace:
L 10/18/2021 - 20:27:14: [SM]   [0] ConVar.AddChangeHook
L 10/18/2021 - 20:27:14: [SM]   [1] Line 91, D:\SourcePawn10\l4d2_unsilent_jockey.sp::OnPluginStart
L 10/18/2021 - 20:27:14: [SM] Unable to load plugin "fixes/l4d2_unsilent_jockey.smx": Error detected in plugin startup (see error logs)
L 10/18/2021 - 20:27:14: [CRASH] Accelerator uploaded crash dump: Crash ID: D6NT-Y5LD-GZH5
L 10/18/2021 - 20:27:15: [SM] Exception reported: Invalid convar handle 0 (error 4)
L 10/18/2021 - 20:27:15: [SM] Blaming: fixes/l4d2_unsilent_jockey.smx
L 10/18/2021 - 20:27:15: [SM] Call stack trace:
L 10/18/2021 - 20:27:15: [SM]   [0] ConVar.AddChangeHook
L 10/18/2021 - 20:27:15: [SM]   [1] Line 91, D:\SourcePawn10\l4d2_unsilent_jockey.sp::OnPluginStart
L 10/18/2021 - 20:27:16: [SM] Exception reported: Failed to find LagComp addresses: 0xede66080, 00000000, 00000000
L 10/18/2021 - 20:27:16: [SM] Blaming: optional/kether/l4d2_lagcomp_manager.smx
L 10/18/2021 - 20:27:16: [SM] Call stack trace:
L 10/18/2021 - 20:27:16: [SM]   [0] SetFailState
L 10/18/2021 - 20:27:16: [SM]   [1] Line 32, D:\l4d2 serv\addons\sourcemod\scripting\kether\l4d2_lagcomp_manager.sp::OnPluginStart
L 10/18/2021 - 20:27:17: [confoglcompmod.smx] [Confogl] CvarSettings: Could not find CVar specified (confogl_disable_ghost_hurt)
L 10/18/2021 - 20:27:17: [confoglcompmod.smx] [Confogl] CvarSettings: Could not find CVar specified (confogl_remove_parachutist)
L 10/18/2021 - 20:27:17: [confoglcompmod.smx] [Confogl] CvarSettings: Could not find CVar specified (sm_unsilentjockey_enabled)
L 10/18/2021 - 20:27:17: [confoglcompmod.smx] [Confogl] CvarSettings: Could not find CVar specified (sm_unsilentjockey_always)
L 10/18/2021 - 20:27:17: [confoglcompmod.smx] [Confogl] CvarSettings: Could not find CVar specified (sm_unsilentjockey_time)
L 10/18/2021 - 20:27:20: Error log file session closed.
L 10/18/2021 - 20:43:55: SourceMod error session started
L 10/18/2021 - 20:43:55: Info (map "c1m1_hotel") (file "/home/k26606_s20329/server_20329/left4dead2/addons/sourcemod/logs/errors_20211018.log")
L 10/18/2021 - 20:43:55: [SM] Exception reported: Invalid convar handle 0 (error 4)
L 10/18/2021 - 20:43:55: [SM] Blaming: fixes/l4d2_unsilent_jockey.smx
L 10/18/2021 - 20:43:55: [SM] Call stack trace:
L 10/18/2021 - 20:43:55: [SM]   [0] ConVar.AddChangeHook
L 10/18/2021 - 20:43:55: [SM]   [1] Line 91, D:\SourcePawn10\l4d2_unsilent_jockey.sp::OnPluginStart
L 10/18/2021 - 20:43:55: [SM] Unable to load plugin "fixes/l4d2_unsilent_jockey.smx": Error detected in plugin startup (see error logs)
L 10/18/2021 - 20:43:55: [CRASH] Accelerator uploaded crash dump: Crash ID: FXSB-WJYN-BTON
L 10/18/2021 - 20:43:56: [SM] Exception reported: Invalid convar handle 0 (error 4)
L 10/18/2021 - 20:43:56: [SM] Blaming: fixes/l4d2_unsilent_jockey.smx
L 10/18/2021 - 20:43:56: [SM] Call stack trace:
L 10/18/2021 - 20:43:56: [SM]   [0] ConVar.AddChangeHook
L 10/18/2021 - 20:43:56: [SM]   [1] Line 91, D:\SourcePawn10\l4d2_unsilent_jockey.sp::OnPluginStart
L 10/18/2021 - 20:43:56: [SM] Exception reported: Failed to find LagComp addresses: 0xede67080, 00000000, 00000000
L 10/18/2021 - 20:43:56: [SM] Blaming: optional/kether/l4d2_lagcomp_manager.smx
L 10/18/2021 - 20:43:56: [SM] Call stack trace:
L 10/18/2021 - 20:43:56: [SM]   [0] SetFailState
L 10/18/2021 - 20:43:56: [SM]   [1] Line 32, D:\l4d2 serv\addons\sourcemod\scripting\kether\l4d2_lagcomp_manager.sp::OnPluginStart
L 10/18/2021 - 20:43:57: [confoglcompmod.smx] [Confogl] CvarSettings: Could not find CVar specified (confogl_disable_ghost_hurt)
L 10/18/2021 - 20:43:57: [confoglcompmod.smx] [Confogl] CvarSettings: Could not find CVar specified (confogl_remove_parachutist)
L 10/18/2021 - 20:43:57: [confoglcompmod.smx] [Confogl] CvarSettings: Could not find CVar specified (sm_unsilentjockey_enabled)
L 10/18/2021 - 20:43:57: [confoglcompmod.smx] [Confogl] CvarSettings: Could not find CVar specified (sm_unsilentjockey_always)
L 10/18/2021 - 20:43:57: [confoglcompmod.smx] [Confogl] CvarSettings: Could not find CVar specified (sm_unsilentjockey_time)
L 10/18/2021 - 20:44:00: Error log file session closed.
