L 09/05/2021 - 00:39:25: SourceMod error session started
L 09/05/2021 - 00:39:25: Info (map "c5m1_waterfront") (file "/home/k26606_s24044/server_24044/left4dead2/addons/sourcemod/logs/errors_20210905.log")
L 09/05/2021 - 00:39:25: [CRASH] Accelerator uploaded crash dump: Crash ID: U67I-6VS4-IGZF
L 09/05/2021 - 00:39:31: Error log file session closed.
L 09/05/2021 - 14:04:50: SourceMod error session started
L 09/05/2021 - 14:04:50: Info (map "c5m1_waterfront") (file "/home/k26606_s24044/server_24044/left4dead2/addons/sourcemod/logs/errors_20210905.log")
L 09/05/2021 - 14:04:50: [CRASH] Accelerator uploaded crash dump: Crash ID: HNJ5-N44B-6R32
L 09/05/2021 - 14:04:54: Error log file session closed.
L 09/05/2021 - 14:05:10: SourceMod error session started
L 09/05/2021 - 14:05:10: Info (map "c5m1_waterfront") (file "/home/k26606_s24044/server_24044/left4dead2/addons/sourcemod/logs/errors_20210905.log")
L 09/05/2021 - 14:05:10: [CRASH] Accelerator uploaded crash dump: Crash ID: 2WHB-VEMD-GDO2
L 09/05/2021 - 14:05:16: Error log file session closed.
L 09/05/2021 - 15:02:48: SourceMod error session started
L 09/05/2021 - 15:02:48: Info (map "c5m1_waterfront") (file "/home/k26606_s24044/server_24044/left4dead2/addons/sourcemod/logs/errors_20210905.log")
L 09/05/2021 - 15:02:48: [CRASH] Accelerator uploaded crash dump: Crash ID: UV5E-KVEB-EALJ
L 09/05/2021 - 15:03:01: Error log file session closed.
L 09/05/2021 - 15:48:47: SourceMod error session started
L 09/05/2021 - 15:48:47: Info (map "c5m1_waterfront") (file "/home/k26606_s24044/server_24044/left4dead2/addons/sourcemod/logs/errors_20210905.log")
L 09/05/2021 - 15:48:47: [CRASH] Accelerator uploaded crash dump: Crash ID: TMUE-VBIY-2CWA
L 09/05/2021 - 15:48:53: Error log file session closed.
L 09/05/2021 - 15:54:04: SourceMod error session started
L 09/05/2021 - 15:54:04: Info (map "c5m1_waterfront") (file "/home/k26606_s24044/server_24044/left4dead2/addons/sourcemod/logs/errors_20210905.log")
L 09/05/2021 - 15:54:04: [CRASH] Accelerator uploaded crash dump: Crash ID: GHGY-FJZK-NZMF
L 09/05/2021 - 15:54:10: Error log file session closed.
L 09/05/2021 - 17:33:14: SourceMod error session started
L 09/05/2021 - 17:33:14: Info (map "c5m1_waterfront") (file "/home/k26606_s24044/server_24044/left4dead2/addons/sourcemod/logs/errors_20210905.log")
L 09/05/2021 - 17:33:14: [CRASH] Accelerator uploaded crash dump: Crash ID: 4GTW-WGPL-QPFH
L 09/05/2021 - 17:33:24: Error log file session closed.
L 09/05/2021 - 19:41:01: SourceMod error session started
L 09/05/2021 - 19:41:01: Info (map "c5m1_waterfront") (file "/home/k26606_s24044/server_24044/left4dead2/addons/sourcemod/logs/errors_20210905.log")
L 09/05/2021 - 19:41:01: [CRASH] Accelerator uploaded crash dump: Crash ID: TQ2M-ZQFL-H462
L 09/05/2021 - 19:41:05: Error log file session closed.
L 09/05/2021 - 20:27:40: SourceMod error session started
L 09/05/2021 - 20:27:40: Info (map "c5m1_waterfront") (file "/home/k26606_s24044/server_24044/left4dead2/addons/sourcemod/logs/errors_20210905.log")
L 09/05/2021 - 20:27:40: [CRASH] Accelerator uploaded crash dump: Crash ID: RU7N-GBDW-QZ37
L 09/05/2021 - 20:27:46: Error log file session closed.
L 09/05/2021 - 22:18:56: SourceMod error session started
L 09/05/2021 - 22:18:56: Info (map "c5m1_waterfront") (file "/home/k26606_s24044/server_24044/left4dead2/addons/sourcemod/logs/errors_20210905.log")
L 09/05/2021 - 22:18:56: [CRASH] Accelerator uploaded crash dump: Crash ID: YSFM-6FOC-YOWI
L 09/05/2021 - 22:19:01: Error log file session closed.
L 09/05/2021 - 23:09:39: SourceMod error session started
L 09/05/2021 - 23:09:39: Info (map "c5m1_waterfront") (file "/home/k26606_s24044/server_24044/left4dead2/addons/sourcemod/logs/errors_20210905.log")
L 09/05/2021 - 23:09:39: [CRASH] Accelerator uploaded crash dump: Crash ID: NI7M-PCKJ-3TFA
L 09/05/2021 - 23:09:44: Error log file session closed.
