L 11/28/2021 - 00:05:03: SourceMod error session started
L 11/28/2021 - 00:05:03: Info (map "c1m1_hotel") (file "/home/k26606_s20329/server_20329/left4dead2/addons/sourcemod/logs/errors_20211128.log")
L 11/28/2021 - 00:05:03: [CRASH] Accelerator uploaded crash dump: Crash ID: O4HR-JJDG-6TGC
L 11/28/2021 - 00:05:05: [confoglcompmod.smx] [Confogl] CvarSettings: Could not find CVar specified (l4d2_tongue_delay)
L 11/28/2021 - 00:05:08: Error log file session closed.
L 11/28/2021 - 12:49:25: SourceMod error session started
L 11/28/2021 - 12:49:25: Info (map "c1m1_hotel") (file "/home/k26606_s20329/server_20329/left4dead2/addons/sourcemod/logs/errors_20211128.log")
L 11/28/2021 - 12:49:25: [CRASH] Accelerator uploaded crash dump: Crash ID: BNYT-7Y66-RIHW
L 11/28/2021 - 12:49:27: [confoglcompmod.smx] [Confogl] CvarSettings: Could not find CVar specified (l4d2_tongue_delay)
L 11/28/2021 - 12:49:30: Error log file session closed.
L 11/28/2021 - 12:50:41: SourceMod error session started
L 11/28/2021 - 12:50:41: Info (map "c1m1_hotel") (file "/home/k26606_s20329/server_20329/left4dead2/addons/sourcemod/logs/errors_20211128.log")
L 11/28/2021 - 12:50:41: [CRASH] Accelerator uploaded crash dump: Crash ID: 3LZQ-C7NI-2AQ2
L 11/28/2021 - 12:50:43: [confoglcompmod.smx] [Confogl] CvarSettings: Could not find CVar specified (l4d2_tongue_delay)
L 11/28/2021 - 12:50:44: Error log file session closed.
L 11/28/2021 - 13:36:57: SourceMod error session started
L 11/28/2021 - 13:36:57: Info (map "c1m1_hotel") (file "/home/k26606_s20329/server_20329/left4dead2/addons/sourcemod/logs/errors_20211128.log")
L 11/28/2021 - 13:36:57: [CRASH] Accelerator uploaded crash dump: Crash ID: 2W53-4OFN-I6TR
L 11/28/2021 - 13:36:59: [confoglcompmod.smx] [Confogl] CvarSettings: Could not find CVar specified (l4d2_tongue_delay)
L 11/28/2021 - 13:37:02: Error log file session closed.
L 11/28/2021 - 15:08:06: SourceMod error session started
L 11/28/2021 - 15:08:06: Info (map "c1m1_hotel") (file "/home/k26606_s20329/server_20329/left4dead2/addons/sourcemod/logs/errors_20211128.log")
L 11/28/2021 - 15:08:06: [CRASH] Accelerator uploaded crash dump: Crash ID: W5YS-KZMP-2WCX
L 11/28/2021 - 15:08:08: [confoglcompmod.smx] [Confogl] CvarSettings: Could not find CVar specified (l4d2_tongue_delay)
L 11/28/2021 - 15:08:11: Error log file session closed.
L 11/28/2021 - 16:33:40: SourceMod error session started
L 11/28/2021 - 16:33:40: Info (map "c1m1_hotel") (file "/home/k26606_s20329/server_20329/left4dead2/addons/sourcemod/logs/errors_20211128.log")
L 11/28/2021 - 16:33:40: [CRASH] Accelerator uploaded crash dump: Crash ID: 4TGA-FPDQ-2INL
L 11/28/2021 - 16:33:42: [confoglcompmod.smx] [Confogl] CvarSettings: Could not find CVar specified (l4d2_tongue_delay)
L 11/28/2021 - 16:33:45: Error log file session closed.
L 11/28/2021 - 19:47:36: SourceMod error session started
L 11/28/2021 - 19:47:36: Info (map "c1m1_hotel") (file "/home/k26606_s20329/server_20329/left4dead2/addons/sourcemod/logs/errors_20211128.log")
L 11/28/2021 - 19:47:36: [CRASH] Accelerator uploaded crash dump: Crash ID: EVQL-5UNU-XU6R
L 11/28/2021 - 19:47:38: [confoglcompmod.smx] [Confogl] CvarSettings: Could not find CVar specified (l4d2_tongue_delay)
L 11/28/2021 - 19:47:41: Error log file session closed.
