L 08/23/2021 - 18:22:26: SourceMod error session started
L 08/23/2021 - 18:22:26: Info (map "c5m1_waterfront") (file "/home/k26606_s24044/server_24044/left4dead2/addons/sourcemod/logs/errors_20210823.log")
L 08/23/2021 - 18:22:26: [CRASH] Accelerator uploaded crash dump: Crash ID: GQRV-LNAU-H2K4
L 08/23/2021 - 18:22:34: Error log file session closed.
L 08/23/2021 - 19:12:23: SourceMod error session started
L 08/23/2021 - 19:12:23: Info (map "c5m1_waterfront") (file "/home/k26606_s24044/server_24044/left4dead2/addons/sourcemod/logs/errors_20210823.log")
L 08/23/2021 - 19:12:23: [CRASH] Accelerator uploaded crash dump: Crash ID: CFZN-SGC6-IW6X
L 08/23/2021 - 19:12:29: Error log file session closed.
L 08/23/2021 - 19:14:49: SourceMod error session started
L 08/23/2021 - 19:14:49: Info (map "c5m1_waterfront") (file "/home/k26606_s24044/server_24044/left4dead2/addons/sourcemod/logs/errors_20210823.log")
L 08/23/2021 - 19:14:49: [CRASH] Accelerator uploaded crash dump: Crash ID: ERNQ-JEFN-IJMJ
L 08/23/2021 - 19:14:54: Error log file session closed.
L 08/23/2021 - 19:52:58: SourceMod error session started
L 08/23/2021 - 19:52:58: Info (map "c5m1_waterfront") (file "/home/k26606_s24044/server_24044/left4dead2/addons/sourcemod/logs/errors_20210823.log")
L 08/23/2021 - 19:52:58: [CRASH] Accelerator uploaded crash dump: Crash ID: S55Q-4MAT-CRJR
L 08/23/2021 - 19:53:04: Error log file session closed.
L 08/23/2021 - 21:26:45: SourceMod error session started
L 08/23/2021 - 21:26:45: Info (map "c5m1_waterfront") (file "/home/k26606_s24044/server_24044/left4dead2/addons/sourcemod/logs/errors_20210823.log")
L 08/23/2021 - 21:26:45: [CRASH] Accelerator uploaded crash dump: Crash ID: 4QLR-WOXD-YE7P
L 08/23/2021 - 21:26:50: Error log file session closed.
L 08/23/2021 - 22:26:00: SourceMod error session started
L 08/23/2021 - 22:26:00: Info (map "c5m1_waterfront") (file "/home/k26606_s24044/server_24044/left4dead2/addons/sourcemod/logs/errors_20210823.log")
L 08/23/2021 - 22:26:00: [CRASH] Accelerator uploaded crash dump: Crash ID: YM6E-5U6X-FQ2U
L 08/23/2021 - 22:26:06: Error log file session closed.
L 08/23/2021 - 23:29:07: SourceMod error session started
L 08/23/2021 - 23:29:07: Info (map "c5m1_waterfront") (file "/home/k26606_s24044/server_24044/left4dead2/addons/sourcemod/logs/errors_20210823.log")
L 08/23/2021 - 23:29:07: [CRASH] Accelerator uploaded crash dump: Crash ID: JNLN-O3CK-TUCG
L 08/23/2021 - 23:29:14: Error log file session closed.
