L 09/29/2021 - 17:13:05: SourceMod error session started
L 09/29/2021 - 17:13:05: Info (map "c1m1_hotel") (file "/home/k26606_s20329/server_20329/left4dead2/addons/sourcemod/logs/errors_20210929.log")
L 09/29/2021 - 17:13:05: [CRASH] Accelerator uploaded crash dump: Crash ID: UE7M-POYV-U5OB
L 09/29/2021 - 17:13:08: [SM] Exception reported: Failed to find LagComp addresses: 0xedda2080, 00000000, 00000000
L 09/29/2021 - 17:13:08: [SM] Blaming: optional/kether/l4d2_lagcomp_manager.smx
L 09/29/2021 - 17:13:08: [SM] Call stack trace:
L 09/29/2021 - 17:13:08: [SM]   [0] SetFailState
L 09/29/2021 - 17:13:08: [SM]   [1] Line 32, D:\l4d2 serv\addons\sourcemod\scripting\kether\l4d2_lagcomp_manager.sp::OnPluginStart
L 09/29/2021 - 17:13:08: [confoglcompmod.smx] [Confogl] CvarSettings: Could not find CVar specified (confogl_disable_ghost_hurt)
L 09/29/2021 - 17:13:08: [confoglcompmod.smx] [Confogl] CvarSettings: Could not find CVar specified (confogl_remove_parachutist)
L 09/29/2021 - 17:13:08: [confoglcompmod.smx] [Confogl] CvarSettings: Could not find CVar specified (sm_unsilentjockey_always)
L 09/29/2021 - 17:13:08: [confoglcompmod.smx] [Confogl] CvarSettings: Could not find CVar specified (sm_unsilentjockey_time)
L 09/29/2021 - 17:13:12: Error log file session closed.
L 09/29/2021 - 17:34:26: SourceMod error session started
L 09/29/2021 - 17:34:26: Info (map "c1m1_hotel") (file "/home/k26606_s20329/server_20329/left4dead2/addons/sourcemod/logs/errors_20210929.log")
L 09/29/2021 - 17:34:26: [SM] Exception reported: Failed to find LagComp addresses: 0xedda2080, 00000000, 00000000
L 09/29/2021 - 17:34:26: [SM] Blaming: optional/kether/l4d2_lagcomp_manager.smx
L 09/29/2021 - 17:34:26: [SM] Call stack trace:
L 09/29/2021 - 17:34:26: [SM]   [0] SetFailState
L 09/29/2021 - 17:34:26: [SM]   [1] Line 32, D:\l4d2 serv\addons\sourcemod\scripting\kether\l4d2_lagcomp_manager.sp::OnPluginStart
L 09/29/2021 - 17:34:27: [confoglcompmod.smx] [Confogl] CvarSettings: Could not find CVar specified (confogl_disable_ghost_hurt)
L 09/29/2021 - 17:34:27: [confoglcompmod.smx] [Confogl] CvarSettings: Could not find CVar specified (confogl_remove_parachutist)
L 09/29/2021 - 17:34:27: [confoglcompmod.smx] [Confogl] CvarSettings: Could not find CVar specified (sm_unsilentjockey_always)
L 09/29/2021 - 17:34:27: [confoglcompmod.smx] [Confogl] CvarSettings: Could not find CVar specified (sm_unsilentjockey_time)
L 09/29/2021 - 17:34:30: Error log file session closed.
L 09/29/2021 - 18:44:02: SourceMod error session started
L 09/29/2021 - 18:44:02: Info (map "c1m1_hotel") (file "/home/k26606_s20329/server_20329/left4dead2/addons/sourcemod/logs/errors_20210929.log")
L 09/29/2021 - 18:44:02: [CRASH] Accelerator uploaded crash dump: Crash ID: EKWB-EV2R-G5IF
L 09/29/2021 - 18:44:03: [SM] Exception reported: Failed to find LagComp addresses: 0xedda2080, 00000000, 00000000
L 09/29/2021 - 18:44:03: [SM] Blaming: optional/kether/l4d2_lagcomp_manager.smx
L 09/29/2021 - 18:44:03: [SM] Call stack trace:
L 09/29/2021 - 18:44:03: [SM]   [0] SetFailState
L 09/29/2021 - 18:44:03: [SM]   [1] Line 32, D:\l4d2 serv\addons\sourcemod\scripting\kether\l4d2_lagcomp_manager.sp::OnPluginStart
L 09/29/2021 - 18:44:04: [confoglcompmod.smx] [Confogl] CvarSettings: Could not find CVar specified (confogl_disable_ghost_hurt)
L 09/29/2021 - 18:44:04: [confoglcompmod.smx] [Confogl] CvarSettings: Could not find CVar specified (confogl_remove_parachutist)
L 09/29/2021 - 18:44:04: [confoglcompmod.smx] [Confogl] CvarSettings: Could not find CVar specified (sm_unsilentjockey_always)
L 09/29/2021 - 18:44:04: [confoglcompmod.smx] [Confogl] CvarSettings: Could not find CVar specified (sm_unsilentjockey_time)
L 09/29/2021 - 18:44:07: Error log file session closed.
L 09/29/2021 - 19:40:57: SourceMod error session started
L 09/29/2021 - 19:40:57: Info (map "c1m1_hotel") (file "/home/k26606_s20329/server_20329/left4dead2/addons/sourcemod/logs/errors_20210929.log")
L 09/29/2021 - 19:40:57: [CRASH] Accelerator uploaded crash dump: Crash ID: AFMO-KSUH-EFBK
L 09/29/2021 - 19:40:58: [SM] Exception reported: Failed to find LagComp addresses: 0xede8c080, 00000000, 00000000
L 09/29/2021 - 19:40:58: [SM] Blaming: optional/kether/l4d2_lagcomp_manager.smx
L 09/29/2021 - 19:40:58: [SM] Call stack trace:
L 09/29/2021 - 19:40:58: [SM]   [0] SetFailState
L 09/29/2021 - 19:40:58: [SM]   [1] Line 32, D:\l4d2 serv\addons\sourcemod\scripting\kether\l4d2_lagcomp_manager.sp::OnPluginStart
L 09/29/2021 - 19:40:59: [confoglcompmod.smx] [Confogl] CvarSettings: Could not find CVar specified (confogl_disable_ghost_hurt)
L 09/29/2021 - 19:40:59: [confoglcompmod.smx] [Confogl] CvarSettings: Could not find CVar specified (confogl_remove_parachutist)
L 09/29/2021 - 19:40:59: [confoglcompmod.smx] [Confogl] CvarSettings: Could not find CVar specified (sm_unsilentjockey_always)
L 09/29/2021 - 19:40:59: [confoglcompmod.smx] [Confogl] CvarSettings: Could not find CVar specified (sm_unsilentjockey_time)
L 09/29/2021 - 19:41:02: Error log file session closed.
L 09/29/2021 - 20:42:02: SourceMod error session started
L 09/29/2021 - 20:42:02: Info (map "c1m1_hotel") (file "/home/k26606_s20329/server_20329/left4dead2/addons/sourcemod/logs/errors_20210929.log")
L 09/29/2021 - 20:42:02: [CRASH] Accelerator uploaded crash dump: Crash ID: F6QQ-E2DA-OOLN
L 09/29/2021 - 20:42:03: [SM] Exception reported: Failed to find LagComp addresses: 0xede62080, 00000000, 00000000
L 09/29/2021 - 20:42:03: [SM] Blaming: optional/kether/l4d2_lagcomp_manager.smx
L 09/29/2021 - 20:42:03: [SM] Call stack trace:
L 09/29/2021 - 20:42:03: [SM]   [0] SetFailState
L 09/29/2021 - 20:42:03: [SM]   [1] Line 32, D:\l4d2 serv\addons\sourcemod\scripting\kether\l4d2_lagcomp_manager.sp::OnPluginStart
L 09/29/2021 - 20:42:04: [confoglcompmod.smx] [Confogl] CvarSettings: Could not find CVar specified (confogl_disable_ghost_hurt)
L 09/29/2021 - 20:42:04: [confoglcompmod.smx] [Confogl] CvarSettings: Could not find CVar specified (confogl_remove_parachutist)
L 09/29/2021 - 20:42:04: [confoglcompmod.smx] [Confogl] CvarSettings: Could not find CVar specified (sm_unsilentjockey_always)
L 09/29/2021 - 20:42:04: [confoglcompmod.smx] [Confogl] CvarSettings: Could not find CVar specified (sm_unsilentjockey_time)
L 09/29/2021 - 20:42:07: Error log file session closed.
L 09/29/2021 - 21:50:02: SourceMod error session started
L 09/29/2021 - 21:50:02: Info (map "c1m1_hotel") (file "/home/k26606_s20329/server_20329/left4dead2/addons/sourcemod/logs/errors_20210929.log")
L 09/29/2021 - 21:50:02: [CRASH] Accelerator uploaded crash dump: Crash ID: ZFVL-NCQG-S6UE
L 09/29/2021 - 21:50:03: [SM] Exception reported: Failed to find LagComp addresses: 0xede88080, 00000000, 00000000
L 09/29/2021 - 21:50:03: [SM] Blaming: optional/kether/l4d2_lagcomp_manager.smx
L 09/29/2021 - 21:50:03: [SM] Call stack trace:
L 09/29/2021 - 21:50:03: [SM]   [0] SetFailState
L 09/29/2021 - 21:50:03: [SM]   [1] Line 32, D:\l4d2 serv\addons\sourcemod\scripting\kether\l4d2_lagcomp_manager.sp::OnPluginStart
L 09/29/2021 - 21:50:04: [confoglcompmod.smx] [Confogl] CvarSettings: Could not find CVar specified (confogl_disable_ghost_hurt)
L 09/29/2021 - 21:50:04: [confoglcompmod.smx] [Confogl] CvarSettings: Could not find CVar specified (confogl_remove_parachutist)
L 09/29/2021 - 21:50:04: [confoglcompmod.smx] [Confogl] CvarSettings: Could not find CVar specified (sm_unsilentjockey_always)
L 09/29/2021 - 21:50:04: [confoglcompmod.smx] [Confogl] CvarSettings: Could not find CVar specified (sm_unsilentjockey_time)
L 09/29/2021 - 21:50:07: Error log file session closed.
L 09/29/2021 - 22:57:14: SourceMod error session started
L 09/29/2021 - 22:57:14: Info (map "c1m1_hotel") (file "/home/k26606_s20329/server_20329/left4dead2/addons/sourcemod/logs/errors_20210929.log")
L 09/29/2021 - 22:57:14: [CRASH] Accelerator uploaded crash dump: Crash ID: F5L2-L222-7OGS
L 09/29/2021 - 22:57:15: [SM] Exception reported: Failed to find LagComp addresses: 0xede6f080, 00000000, 00000000
L 09/29/2021 - 22:57:15: [SM] Blaming: optional/kether/l4d2_lagcomp_manager.smx
L 09/29/2021 - 22:57:15: [SM] Call stack trace:
L 09/29/2021 - 22:57:15: [SM]   [0] SetFailState
L 09/29/2021 - 22:57:15: [SM]   [1] Line 32, D:\l4d2 serv\addons\sourcemod\scripting\kether\l4d2_lagcomp_manager.sp::OnPluginStart
L 09/29/2021 - 22:57:16: [confoglcompmod.smx] [Confogl] CvarSettings: Could not find CVar specified (confogl_disable_ghost_hurt)
L 09/29/2021 - 22:57:16: [confoglcompmod.smx] [Confogl] CvarSettings: Could not find CVar specified (confogl_remove_parachutist)
L 09/29/2021 - 22:57:16: [confoglcompmod.smx] [Confogl] CvarSettings: Could not find CVar specified (sm_unsilentjockey_always)
L 09/29/2021 - 22:57:16: [confoglcompmod.smx] [Confogl] CvarSettings: Could not find CVar specified (sm_unsilentjockey_time)
L 09/29/2021 - 22:57:19: Error log file session closed.
