L 09/10/2021 - 19:00:33: SourceMod error session started
L 09/10/2021 - 19:00:33: Info (map "c10m2_drainage") (file "/home/k26606_s24044/server_24044/left4dead2/addons/sourcemod/logs/errors_20210910.log")
L 09/10/2021 - 19:00:33: [SM] Exception reported: Handle adbd0496 is invalid (error 3)
L 09/10/2021 - 19:00:33: [SM] Blaming: optional/kether/sm_give.smx
L 09/10/2021 - 19:00:33: [SM] Call stack trace:
L 09/10/2021 - 19:00:33: [SM]   [0] CloseHandle
L 09/10/2021 - 19:00:33: [SM]   [1] Line 197, D:\l4d2 serv\LIVESERVER\serwery\standard 60T\addons\sourcemod\scripting\sm_give.sp::ItemsMenuHandler
L 09/10/2021 - 19:07:54: Error log file session closed.
L 09/10/2021 - 19:36:47: SourceMod error session started
L 09/10/2021 - 19:36:47: Info (map "c5m1_waterfront") (file "/home/k26606_s24044/server_24044/left4dead2/addons/sourcemod/logs/errors_20210910.log")
L 09/10/2021 - 19:36:47: [CRASH] Accelerator uploaded crash dump: Crash ID: 4KTE-M47U-HRNA
L 09/10/2021 - 19:36:53: Error log file session closed.
L 09/10/2021 - 20:20:38: SourceMod error session started
L 09/10/2021 - 20:20:38: Info (map "c5m1_waterfront") (file "/home/k26606_s24044/server_24044/left4dead2/addons/sourcemod/logs/errors_20210910.log")
L 09/10/2021 - 20:20:38: [CRASH] Accelerator uploaded crash dump: Crash ID: YM3Z-G5LG-F3KL
L 09/10/2021 - 20:20:44: Error log file session closed.
L 09/10/2021 - 21:20:15: SourceMod error session started
L 09/10/2021 - 21:20:15: Info (map "c5m1_waterfront") (file "/home/k26606_s24044/server_24044/left4dead2/addons/sourcemod/logs/errors_20210910.log")
L 09/10/2021 - 21:20:15: [CRASH] Accelerator uploaded crash dump: Crash ID: U2PP-BWGG-U4X6
L 09/10/2021 - 21:20:21: Error log file session closed.
L 09/10/2021 - 22:24:57: SourceMod error session started
L 09/10/2021 - 22:24:57: Info (map "c5m1_waterfront") (file "/home/k26606_s24044/server_24044/left4dead2/addons/sourcemod/logs/errors_20210910.log")
L 09/10/2021 - 22:24:57: [CRASH] Accelerator uploaded crash dump: Crash ID: KIQM-OZPI-USYU
L 09/10/2021 - 22:25:04: Error log file session closed.
L 09/10/2021 - 22:26:25: SourceMod error session started
L 09/10/2021 - 22:26:25: Info (map "c5m1_waterfront") (file "/home/k26606_s24044/server_24044/left4dead2/addons/sourcemod/logs/errors_20210910.log")
L 09/10/2021 - 22:26:25: [CRASH] Accelerator uploaded crash dump: Crash ID: FIPN-KVNF-C6MC
L 09/10/2021 - 22:26:31: Error log file session closed.
L 09/10/2021 - 23:38:17: SourceMod error session started
L 09/10/2021 - 23:38:17: Info (map "c5m1_waterfront") (file "/home/k26606_s24044/server_24044/left4dead2/addons/sourcemod/logs/errors_20210910.log")
L 09/10/2021 - 23:38:17: [CRASH] Accelerator uploaded crash dump: Crash ID: 4XV6-L5DU-AQM7
L 09/10/2021 - 23:38:23: Error log file session closed.
