L 09/26/2021 - 18:25:06: SourceMod error session started
L 09/26/2021 - 18:25:06: Info (map "c1m1_hotel") (file "/home/k26606_s20329/server_20329/left4dead2/addons/sourcemod/logs/errors_20210926.log")
L 09/26/2021 - 18:25:06: [CRASH] Accelerator uploaded crash dump: Crash ID: DZR4-AQAG-4YAW
L 09/26/2021 - 18:25:08: [SM] Exception reported: Failed to find LagComp addresses: 0xede0e080, 00000000, 00000000
L 09/26/2021 - 18:25:08: [SM] Blaming: optional/kether/l4d2_lagcomp_manager.smx
L 09/26/2021 - 18:25:08: [SM] Call stack trace:
L 09/26/2021 - 18:25:08: [SM]   [0] SetFailState
L 09/26/2021 - 18:25:08: [SM]   [1] Line 32, D:\l4d2 serv\addons\sourcemod\scripting\kether\l4d2_lagcomp_manager.sp::OnPluginStart
L 09/26/2021 - 18:25:09: [confoglcompmod.smx] [Confogl] CvarSettings: Could not find CVar specified (confogl_disable_ghost_hurt)
L 09/26/2021 - 18:25:09: [confoglcompmod.smx] [Confogl] CvarSettings: Could not find CVar specified (confogl_remove_parachutist)
L 09/26/2021 - 18:25:09: [confoglcompmod.smx] [Confogl] CvarSettings: Could not find CVar specified (sm_unsilentjockey_always)
L 09/26/2021 - 18:25:09: [confoglcompmod.smx] [Confogl] CvarSettings: Could not find CVar specified (sm_unsilentjockey_time)
L 09/26/2021 - 18:25:12: Error log file session closed.
L 09/26/2021 - 19:29:42: SourceMod error session started
L 09/26/2021 - 19:29:42: Info (map "c1m1_hotel") (file "/home/k26606_s20329/server_20329/left4dead2/addons/sourcemod/logs/errors_20210926.log")
L 09/26/2021 - 19:29:42: [CRASH] Accelerator uploaded crash dump: Crash ID: CXSP-AAOF-CTCX
L 09/26/2021 - 19:29:43: [SM] Exception reported: Failed to find LagComp addresses: 0xede1f080, 00000000, 00000000
L 09/26/2021 - 19:29:43: [SM] Blaming: optional/kether/l4d2_lagcomp_manager.smx
L 09/26/2021 - 19:29:43: [SM] Call stack trace:
L 09/26/2021 - 19:29:43: [SM]   [0] SetFailState
L 09/26/2021 - 19:29:43: [SM]   [1] Line 32, D:\l4d2 serv\addons\sourcemod\scripting\kether\l4d2_lagcomp_manager.sp::OnPluginStart
L 09/26/2021 - 19:29:44: [confoglcompmod.smx] [Confogl] CvarSettings: Could not find CVar specified (confogl_disable_ghost_hurt)
L 09/26/2021 - 19:29:44: [confoglcompmod.smx] [Confogl] CvarSettings: Could not find CVar specified (confogl_remove_parachutist)
L 09/26/2021 - 19:29:44: [confoglcompmod.smx] [Confogl] CvarSettings: Could not find CVar specified (sm_unsilentjockey_always)
L 09/26/2021 - 19:29:44: [confoglcompmod.smx] [Confogl] CvarSettings: Could not find CVar specified (sm_unsilentjockey_time)
L 09/26/2021 - 19:29:47: Error log file session closed.
