L 11/27/2021 - 19:08:31: SourceMod error session started
L 11/27/2021 - 19:08:31: Info (map "c1m1_hotel") (file "/home/k26606_s20329/server_20329/left4dead2/addons/sourcemod/logs/errors_20211127.log")
L 11/27/2021 - 19:08:31: [CRASH] Accelerator uploaded crash dump: Crash ID: LMJB-CFNE-JUXM
L 11/27/2021 - 19:08:35: [confoglcompmod.smx] [Confogl] CvarSettings: Could not find CVar specified (l4d2_tongue_delay)
L 11/27/2021 - 19:08:38: Error log file session closed.
L 11/27/2021 - 19:12:39: SourceMod error session started
L 11/27/2021 - 19:12:39: Info (map "c1m1_hotel") (file "/home/k26606_s20329/server_20329/left4dead2/addons/sourcemod/logs/errors_20211127.log")
L 11/27/2021 - 19:12:39: [CRASH] Accelerator uploaded crash dump: Crash ID: OISY-EKZL-R5EC
L 11/27/2021 - 19:12:40: [confoglcompmod.smx] [Confogl] CvarSettings: Could not find CVar specified (l4d2_tongue_delay)
L 11/27/2021 - 19:12:43: Error log file session closed.
L 11/27/2021 - 20:24:03: SourceMod error session started
L 11/27/2021 - 20:24:03: Info (map "c1m1_hotel") (file "/home/k26606_s20329/server_20329/left4dead2/addons/sourcemod/logs/errors_20211127.log")
L 11/27/2021 - 20:24:03: [CRASH] Accelerator uploaded crash dump: Crash ID: VLSR-BYOO-ZDHN
L 11/27/2021 - 20:24:04: [confoglcompmod.smx] [Confogl] CvarSettings: Could not find CVar specified (l4d2_tongue_delay)
L 11/27/2021 - 20:24:08: Error log file session closed.
L 11/27/2021 - 21:40:55: SourceMod error session started
L 11/27/2021 - 21:40:55: Info (map "c1m1_hotel") (file "/home/k26606_s20329/server_20329/left4dead2/addons/sourcemod/logs/errors_20211127.log")
L 11/27/2021 - 21:40:55: [CRASH] Accelerator uploaded crash dump: Crash ID: XDSP-EDMP-HHU3
L 11/27/2021 - 21:40:56: [confoglcompmod.smx] [Confogl] CvarSettings: Could not find CVar specified (l4d2_tongue_delay)
L 11/27/2021 - 21:40:59: Error log file session closed.
L 11/27/2021 - 21:43:45: SourceMod error session started
L 11/27/2021 - 21:43:45: Info (map "c1m1_hotel") (file "/home/k26606_s20329/server_20329/left4dead2/addons/sourcemod/logs/errors_20211127.log")
L 11/27/2021 - 21:43:45: [CRASH] Accelerator uploaded crash dump: Crash ID: WDPK-Z3FD-J7FL
L 11/27/2021 - 21:43:50: SourceMod error session started
L 11/27/2021 - 21:43:50: Info (map "c1m1_hotel") (file "/home/k26606_s20329/server_20329/left4dead2/addons/sourcemod/logs/errors_20211127.log")
L 11/27/2021 - 21:43:50: [confoglcompmod.smx] [Confogl] CvarSettings: Could not find CVar specified (l4d2_tongue_delay)
L 11/27/2021 - 21:43:53: Error log file session closed.
L 11/27/2021 - 23:04:40: SourceMod error session started
L 11/27/2021 - 23:04:40: Info (map "c1m1_hotel") (file "/home/k26606_s20329/server_20329/left4dead2/addons/sourcemod/logs/errors_20211127.log")
L 11/27/2021 - 23:04:40: [CRASH] Accelerator uploaded crash dump: Crash ID: EW3X-GPD2-XB7W
L 11/27/2021 - 23:04:42: [confoglcompmod.smx] [Confogl] CvarSettings: Could not find CVar specified (l4d2_tongue_delay)
L 11/27/2021 - 23:04:45: Error log file session closed.
