L 09/14/2021 - 01:19:52: SourceMod error session started
L 09/14/2021 - 01:19:52: Info (map "c5m1_waterfront") (file "/home/k26606_s24044/server_24044/left4dead2/addons/sourcemod/logs/errors_20210914.log")
L 09/14/2021 - 01:19:52: [CRASH] Accelerator uploaded crash dump: Crash ID: 5Z5K-NG45-U37M
L 09/14/2021 - 01:19:57: Error log file session closed.
L 09/14/2021 - 15:21:23: SourceMod error session started
L 09/14/2021 - 15:21:23: Info (map "c2m1_highway") (file "/home/k26606_s24044/server_24044/left4dead2/addons/sourcemod/logs/errors_20210914.log")
L 09/14/2021 - 15:21:23: [confoglcompmod.smx] [Confogl] CvarSettings: Attempt to track ConVar sv_minrate, which is already being tracked.
L 09/14/2021 - 15:21:23: [confoglcompmod.smx] [Confogl] CvarSettings: Attempt to track ConVar sv_maxrate, which is already being tracked.
L 09/14/2021 - 15:21:23: [confoglcompmod.smx] [Confogl] CvarSettings: Attempt to track ConVar sv_mincmdrate, which is already being tracked.
L 09/14/2021 - 15:21:23: [confoglcompmod.smx] [Confogl] CvarSettings: Attempt to track ConVar sv_maxcmdrate, which is already being tracked.
L 09/14/2021 - 15:21:23: [confoglcompmod.smx] [Confogl] CvarSettings: Attempt to track ConVar sv_minupdaterate, which is already being tracked.
L 09/14/2021 - 15:21:23: [confoglcompmod.smx] [Confogl] CvarSettings: Attempt to track ConVar sv_maxupdaterate, which is already being tracked.
L 09/14/2021 - 15:21:23: [confoglcompmod.smx] [Confogl] CvarSettings: Attempt to track ConVar nb_update_frequency, which is already being tracked.
L 09/14/2021 - 15:21:23: [confoglcompmod.smx] [Confogl] CvarSettings: Attempt to track ConVar net_splitpacket_maxrate, which is already being tracked.
L 09/14/2021 - 15:21:23: [confoglcompmod.smx] [Confogl] CvarSettings: Attempt to track ConVar sv_client_min_interp_ratio, which is already being tracked.
L 09/14/2021 - 15:21:23: [confoglcompmod.smx] [Confogl] CvarSettings: Attempt to track ConVar sv_client_max_interp_ratio, which is already being tracked.
L 09/14/2021 - 15:21:23: [confoglcompmod.smx] [Confogl] CvarSettings: Attempt to track ConVar fps_max, which is already being tracked.
L 09/14/2021 - 15:21:26: Error log file session closed.
L 09/14/2021 - 16:32:05: SourceMod error session started
L 09/14/2021 - 16:32:05: Info (map "c2m5_concert") (file "/home/k26606_s24044/server_24044/left4dead2/addons/sourcemod/logs/errors_20210914.log")
L 09/14/2021 - 16:32:05: [SM] Exception reported: Client 6 is not in game
L 09/14/2021 - 16:32:05: [SM] Blaming: optional/l4d_hats.smx
L 09/14/2021 - 16:32:05: [SM] Call stack trace:
L 09/14/2021 - 16:32:05: [SM]   [0] GetClientTeam
L 09/14/2021 - 16:32:05: [SM]   [1] Line 812, D:\l4d2 serv\LIVESERVER\serwery\standard 60T\addons\sourcemod\scripting\l4d_hats.sp::Event_PlayerDeath
L 09/14/2021 - 16:32:06: [SM] Exception reported: Client 6 is not in game
L 09/14/2021 - 16:32:06: [SM] Blaming: optional/l4d_hats.smx
L 09/14/2021 - 16:32:06: [SM] Call stack trace:
L 09/14/2021 - 16:32:06: [SM]   [0] GetClientTeam
L 09/14/2021 - 16:32:06: [SM]   [1] Line 812, D:\l4d2 serv\LIVESERVER\serwery\standard 60T\addons\sourcemod\scripting\l4d_hats.sp::Event_PlayerDeath
L 09/14/2021 - 16:32:06: [SM] Exception reported: Client 6 is not in game
L 09/14/2021 - 16:32:06: [SM] Blaming: optional/l4d_hats.smx
L 09/14/2021 - 16:32:06: [SM] Call stack trace:
L 09/14/2021 - 16:32:06: [SM]   [0] GetClientTeam
L 09/14/2021 - 16:32:06: [SM]   [1] Line 812, D:\l4d2 serv\LIVESERVER\serwery\standard 60T\addons\sourcemod\scripting\l4d_hats.sp::Event_PlayerDeath
L 09/14/2021 - 16:32:06: [SM] Exception reported: Client 6 is not in game
L 09/14/2021 - 16:32:06: [SM] Blaming: optional/l4d_hats.smx
L 09/14/2021 - 16:32:06: [SM] Call stack trace:
L 09/14/2021 - 16:32:06: [SM]   [0] GetClientTeam
L 09/14/2021 - 16:32:06: [SM]   [1] Line 812, D:\l4d2 serv\LIVESERVER\serwery\standard 60T\addons\sourcemod\scripting\l4d_hats.sp::Event_PlayerDeath
L 09/14/2021 - 16:32:06: [SM] Exception reported: Client 6 is not in game
L 09/14/2021 - 16:32:06: [SM] Blaming: optional/l4d_hats.smx
L 09/14/2021 - 16:32:06: [SM] Call stack trace:
L 09/14/2021 - 16:32:06: [SM]   [0] GetClientTeam
L 09/14/2021 - 16:32:06: [SM]   [1] Line 812, D:\l4d2 serv\LIVESERVER\serwery\standard 60T\addons\sourcemod\scripting\l4d_hats.sp::Event_PlayerDeath
L 09/14/2021 - 16:32:09: [SM] Exception reported: Client 6 is not in game
L 09/14/2021 - 16:32:09: [SM] Blaming: optional/l4d_hats.smx
L 09/14/2021 - 16:32:09: [SM] Call stack trace:
L 09/14/2021 - 16:32:09: [SM]   [0] GetClientTeam
L 09/14/2021 - 16:32:09: [SM]   [1] Line 812, D:\l4d2 serv\LIVESERVER\serwery\standard 60T\addons\sourcemod\scripting\l4d_hats.sp::Event_PlayerDeath
L 09/14/2021 - 16:32:09: [SM] Exception reported: Client 6 is not in game
L 09/14/2021 - 16:32:09: [SM] Blaming: optional/l4d_hats.smx
L 09/14/2021 - 16:32:09: [SM] Call stack trace:
L 09/14/2021 - 16:32:09: [SM]   [0] GetClientTeam
L 09/14/2021 - 16:32:09: [SM]   [1] Line 812, D:\l4d2 serv\LIVESERVER\serwery\standard 60T\addons\sourcemod\scripting\l4d_hats.sp::Event_PlayerDeath
L 09/14/2021 - 16:32:09: [SM] Exception reported: Client 6 is not in game
L 09/14/2021 - 16:32:09: [SM] Blaming: optional/l4d_hats.smx
L 09/14/2021 - 16:32:09: [SM] Call stack trace:
L 09/14/2021 - 16:32:09: [SM]   [0] GetClientTeam
L 09/14/2021 - 16:32:09: [SM]   [1] Line 812, D:\l4d2 serv\LIVESERVER\serwery\standard 60T\addons\sourcemod\scripting\l4d_hats.sp::Event_PlayerDeath
L 09/14/2021 - 16:32:22: [SM] Exception reported: Client 6 is not in game
L 09/14/2021 - 16:32:22: [SM] Blaming: optional/l4d_hats.smx
L 09/14/2021 - 16:32:22: [SM] Call stack trace:
L 09/14/2021 - 16:32:22: [SM]   [0] GetClientTeam
L 09/14/2021 - 16:32:22: [SM]   [1] Line 812, D:\l4d2 serv\LIVESERVER\serwery\standard 60T\addons\sourcemod\scripting\l4d_hats.sp::Event_PlayerDeath
L 09/14/2021 - 16:34:08: [SM] Exception reported: Client 6 is not in game
L 09/14/2021 - 16:34:08: [SM] Blaming: optional/l4d_hats.smx
L 09/14/2021 - 16:34:08: [SM] Call stack trace:
L 09/14/2021 - 16:34:08: [SM]   [0] GetClientTeam
L 09/14/2021 - 16:34:08: [SM]   [1] Line 812, D:\l4d2 serv\LIVESERVER\serwery\standard 60T\addons\sourcemod\scripting\l4d_hats.sp::Event_PlayerDeath
L 09/14/2021 - 16:34:10: [SM] Exception reported: Client 6 is not in game
L 09/14/2021 - 16:34:10: [SM] Blaming: optional/l4d_hats.smx
L 09/14/2021 - 16:34:10: [SM] Call stack trace:
L 09/14/2021 - 16:34:10: [SM]   [0] GetClientTeam
L 09/14/2021 - 16:34:10: [SM]   [1] Line 812, D:\l4d2 serv\LIVESERVER\serwery\standard 60T\addons\sourcemod\scripting\l4d_hats.sp::Event_PlayerDeath
L 09/14/2021 - 16:34:21: [SM] Exception reported: Client 6 is not in game
L 09/14/2021 - 16:34:21: [SM] Blaming: optional/l4d_hats.smx
L 09/14/2021 - 16:34:21: [SM] Call stack trace:
L 09/14/2021 - 16:34:21: [SM]   [0] GetClientTeam
L 09/14/2021 - 16:34:21: [SM]   [1] Line 812, D:\l4d2 serv\LIVESERVER\serwery\standard 60T\addons\sourcemod\scripting\l4d_hats.sp::Event_PlayerDeath
L 09/14/2021 - 16:34:21: [SM] Exception reported: Client 6 is not in game
L 09/14/2021 - 16:34:21: [SM] Blaming: optional/l4d_hats.smx
L 09/14/2021 - 16:34:21: [SM] Call stack trace:
L 09/14/2021 - 16:34:21: [SM]   [0] GetClientTeam
L 09/14/2021 - 16:34:21: [SM]   [1] Line 812, D:\l4d2 serv\LIVESERVER\serwery\standard 60T\addons\sourcemod\scripting\l4d_hats.sp::Event_PlayerDeath
L 09/14/2021 - 16:34:23: [SM] Exception reported: Client 6 is not in game
L 09/14/2021 - 16:34:23: [SM] Blaming: optional/l4d_hats.smx
L 09/14/2021 - 16:34:23: [SM] Call stack trace:
L 09/14/2021 - 16:34:23: [SM]   [0] GetClientTeam
L 09/14/2021 - 16:34:23: [SM]   [1] Line 812, D:\l4d2 serv\LIVESERVER\serwery\standard 60T\addons\sourcemod\scripting\l4d_hats.sp::Event_PlayerDeath
L 09/14/2021 - 16:34:25: [SM] Exception reported: Client 6 is not in game
L 09/14/2021 - 16:34:25: [SM] Blaming: optional/l4d_hats.smx
L 09/14/2021 - 16:34:25: [SM] Call stack trace:
L 09/14/2021 - 16:34:25: [SM]   [0] GetClientTeam
L 09/14/2021 - 16:34:25: [SM]   [1] Line 812, D:\l4d2 serv\LIVESERVER\serwery\standard 60T\addons\sourcemod\scripting\l4d_hats.sp::Event_PlayerDeath
L 09/14/2021 - 16:34:27: [SM] Exception reported: Client 6 is not in game
L 09/14/2021 - 16:34:27: [SM] Blaming: optional/l4d_hats.smx
L 09/14/2021 - 16:34:27: [SM] Call stack trace:
L 09/14/2021 - 16:34:27: [SM]   [0] GetClientTeam
L 09/14/2021 - 16:34:27: [SM]   [1] Line 812, D:\l4d2 serv\LIVESERVER\serwery\standard 60T\addons\sourcemod\scripting\l4d_hats.sp::Event_PlayerDeath
L 09/14/2021 - 16:34:27: [SM] Exception reported: Client 6 is not in game
L 09/14/2021 - 16:34:27: [SM] Blaming: optional/l4d_hats.smx
L 09/14/2021 - 16:34:27: [SM] Call stack trace:
L 09/14/2021 - 16:34:27: [SM]   [0] GetClientTeam
L 09/14/2021 - 16:34:27: [SM]   [1] Line 812, D:\l4d2 serv\LIVESERVER\serwery\standard 60T\addons\sourcemod\scripting\l4d_hats.sp::Event_PlayerDeath
L 09/14/2021 - 16:34:28: [SM] Exception reported: Client 6 is not in game
L 09/14/2021 - 16:34:28: [SM] Blaming: optional/l4d_hats.smx
L 09/14/2021 - 16:34:28: [SM] Call stack trace:
L 09/14/2021 - 16:34:28: [SM]   [0] GetClientTeam
L 09/14/2021 - 16:34:28: [SM]   [1] Line 812, D:\l4d2 serv\LIVESERVER\serwery\standard 60T\addons\sourcemod\scripting\l4d_hats.sp::Event_PlayerDeath
L 09/14/2021 - 16:34:29: [SM] Exception reported: Client 6 is not in game
L 09/14/2021 - 16:34:29: [SM] Blaming: optional/l4d_hats.smx
L 09/14/2021 - 16:34:29: [SM] Call stack trace:
L 09/14/2021 - 16:34:29: [SM]   [0] GetClientTeam
L 09/14/2021 - 16:34:29: [SM]   [1] Line 812, D:\l4d2 serv\LIVESERVER\serwery\standard 60T\addons\sourcemod\scripting\l4d_hats.sp::Event_PlayerDeath
L 09/14/2021 - 16:34:30: [SM] Exception reported: Client 6 is not in game
L 09/14/2021 - 16:34:30: [SM] Blaming: optional/l4d_hats.smx
L 09/14/2021 - 16:34:30: [SM] Call stack trace:
L 09/14/2021 - 16:34:30: [SM]   [0] GetClientTeam
L 09/14/2021 - 16:34:30: [SM]   [1] Line 812, D:\l4d2 serv\LIVESERVER\serwery\standard 60T\addons\sourcemod\scripting\l4d_hats.sp::Event_PlayerDeath
L 09/14/2021 - 16:34:31: [SM] Exception reported: Client 6 is not in game
L 09/14/2021 - 16:34:31: [SM] Blaming: optional/l4d_hats.smx
L 09/14/2021 - 16:34:31: [SM] Call stack trace:
L 09/14/2021 - 16:34:31: [SM]   [0] GetClientTeam
L 09/14/2021 - 16:34:31: [SM]   [1] Line 812, D:\l4d2 serv\LIVESERVER\serwery\standard 60T\addons\sourcemod\scripting\l4d_hats.sp::Event_PlayerDeath
L 09/14/2021 - 16:34:32: [SM] Exception reported: Client 6 is not in game
L 09/14/2021 - 16:34:32: [SM] Blaming: optional/l4d_hats.smx
L 09/14/2021 - 16:34:32: [SM] Call stack trace:
L 09/14/2021 - 16:34:32: [SM]   [0] GetClientTeam
L 09/14/2021 - 16:34:32: [SM]   [1] Line 812, D:\l4d2 serv\LIVESERVER\serwery\standard 60T\addons\sourcemod\scripting\l4d_hats.sp::Event_PlayerDeath
L 09/14/2021 - 16:34:34: [SM] Exception reported: Client 6 is not in game
L 09/14/2021 - 16:34:34: [SM] Blaming: optional/l4d_hats.smx
L 09/14/2021 - 16:34:34: [SM] Call stack trace:
L 09/14/2021 - 16:34:34: [SM]   [0] GetClientTeam
L 09/14/2021 - 16:34:34: [SM]   [1] Line 812, D:\l4d2 serv\LIVESERVER\serwery\standard 60T\addons\sourcemod\scripting\l4d_hats.sp::Event_PlayerDeath
L 09/14/2021 - 16:34:36: [SM] Exception reported: Client 6 is not in game
L 09/14/2021 - 16:34:36: [SM] Blaming: optional/l4d_hats.smx
L 09/14/2021 - 16:34:36: [SM] Call stack trace:
L 09/14/2021 - 16:34:36: [SM]   [0] GetClientTeam
L 09/14/2021 - 16:34:36: [SM]   [1] Line 812, D:\l4d2 serv\LIVESERVER\serwery\standard 60T\addons\sourcemod\scripting\l4d_hats.sp::Event_PlayerDeath
L 09/14/2021 - 16:34:37: [SM] Exception reported: Client 6 is not in game
L 09/14/2021 - 16:34:37: [SM] Blaming: optional/l4d_hats.smx
L 09/14/2021 - 16:34:37: [SM] Call stack trace:
L 09/14/2021 - 16:34:37: [SM]   [0] GetClientTeam
L 09/14/2021 - 16:34:37: [SM]   [1] Line 812, D:\l4d2 serv\LIVESERVER\serwery\standard 60T\addons\sourcemod\scripting\l4d_hats.sp::Event_PlayerDeath
L 09/14/2021 - 16:34:38: [SM] Exception reported: Client 6 is not in game
L 09/14/2021 - 16:34:38: [SM] Blaming: optional/l4d_hats.smx
L 09/14/2021 - 16:34:38: [SM] Call stack trace:
L 09/14/2021 - 16:34:38: [SM]   [0] GetClientTeam
L 09/14/2021 - 16:34:38: [SM]   [1] Line 812, D:\l4d2 serv\LIVESERVER\serwery\standard 60T\addons\sourcemod\scripting\l4d_hats.sp::Event_PlayerDeath
L 09/14/2021 - 16:34:38: [SM] Exception reported: Client 6 is not in game
L 09/14/2021 - 16:34:38: [SM] Blaming: optional/l4d_hats.smx
L 09/14/2021 - 16:34:38: [SM] Call stack trace:
L 09/14/2021 - 16:34:38: [SM]   [0] GetClientTeam
L 09/14/2021 - 16:34:38: [SM]   [1] Line 812, D:\l4d2 serv\LIVESERVER\serwery\standard 60T\addons\sourcemod\scripting\l4d_hats.sp::Event_PlayerDeath
L 09/14/2021 - 16:34:39: [SM] Exception reported: Client 6 is not in game
L 09/14/2021 - 16:34:39: [SM] Blaming: optional/l4d_hats.smx
L 09/14/2021 - 16:34:39: [SM] Call stack trace:
L 09/14/2021 - 16:34:39: [SM]   [0] GetClientTeam
L 09/14/2021 - 16:34:39: [SM]   [1] Line 812, D:\l4d2 serv\LIVESERVER\serwery\standard 60T\addons\sourcemod\scripting\l4d_hats.sp::Event_PlayerDeath
L 09/14/2021 - 16:34:40: [SM] Exception reported: Client 6 is not in game
L 09/14/2021 - 16:34:40: [SM] Blaming: optional/l4d_hats.smx
L 09/14/2021 - 16:34:40: [SM] Call stack trace:
L 09/14/2021 - 16:34:40: [SM]   [0] GetClientTeam
L 09/14/2021 - 16:34:40: [SM]   [1] Line 812, D:\l4d2 serv\LIVESERVER\serwery\standard 60T\addons\sourcemod\scripting\l4d_hats.sp::Event_PlayerDeath
L 09/14/2021 - 16:34:42: [SM] Exception reported: Client 6 is not in game
L 09/14/2021 - 16:34:42: [SM] Blaming: optional/l4d_hats.smx
L 09/14/2021 - 16:34:42: [SM] Call stack trace:
L 09/14/2021 - 16:34:42: [SM]   [0] GetClientTeam
L 09/14/2021 - 16:34:42: [SM]   [1] Line 812, D:\l4d2 serv\LIVESERVER\serwery\standard 60T\addons\sourcemod\scripting\l4d_hats.sp::Event_PlayerDeath
L 09/14/2021 - 16:34:42: [SM] Exception reported: Client 6 is not in game
L 09/14/2021 - 16:34:42: [SM] Blaming: optional/l4d_hats.smx
L 09/14/2021 - 16:34:42: [SM] Call stack trace:
L 09/14/2021 - 16:34:42: [SM]   [0] GetClientTeam
L 09/14/2021 - 16:34:42: [SM]   [1] Line 812, D:\l4d2 serv\LIVESERVER\serwery\standard 60T\addons\sourcemod\scripting\l4d_hats.sp::Event_PlayerDeath
L 09/14/2021 - 16:34:43: [SM] Exception reported: Client 6 is not in game
L 09/14/2021 - 16:34:43: [SM] Blaming: optional/l4d_hats.smx
L 09/14/2021 - 16:34:43: [SM] Call stack trace:
L 09/14/2021 - 16:34:43: [SM]   [0] GetClientTeam
L 09/14/2021 - 16:34:43: [SM]   [1] Line 812, D:\l4d2 serv\LIVESERVER\serwery\standard 60T\addons\sourcemod\scripting\l4d_hats.sp::Event_PlayerDeath
L 09/14/2021 - 16:34:43: [SM] Exception reported: Client 6 is not in game
L 09/14/2021 - 16:34:43: [SM] Blaming: optional/l4d_hats.smx
L 09/14/2021 - 16:34:43: [SM] Call stack trace:
L 09/14/2021 - 16:34:43: [SM]   [0] GetClientTeam
L 09/14/2021 - 16:34:43: [SM]   [1] Line 812, D:\l4d2 serv\LIVESERVER\serwery\standard 60T\addons\sourcemod\scripting\l4d_hats.sp::Event_PlayerDeath
L 09/14/2021 - 16:34:43: [SM] Exception reported: Client 6 is not in game
L 09/14/2021 - 16:34:43: [SM] Blaming: optional/l4d_hats.smx
L 09/14/2021 - 16:34:43: [SM] Call stack trace:
L 09/14/2021 - 16:34:43: [SM]   [0] GetClientTeam
L 09/14/2021 - 16:34:43: [SM]   [1] Line 812, D:\l4d2 serv\LIVESERVER\serwery\standard 60T\addons\sourcemod\scripting\l4d_hats.sp::Event_PlayerDeath
L 09/14/2021 - 16:34:44: [SM] Exception reported: Client 6 is not in game
L 09/14/2021 - 16:34:44: [SM] Blaming: optional/l4d_hats.smx
L 09/14/2021 - 16:34:44: [SM] Call stack trace:
L 09/14/2021 - 16:34:44: [SM]   [0] GetClientTeam
L 09/14/2021 - 16:34:44: [SM]   [1] Line 812, D:\l4d2 serv\LIVESERVER\serwery\standard 60T\addons\sourcemod\scripting\l4d_hats.sp::Event_PlayerDeath
L 09/14/2021 - 16:34:45: [SM] Exception reported: Client 6 is not in game
L 09/14/2021 - 16:34:45: [SM] Blaming: optional/l4d_hats.smx
L 09/14/2021 - 16:34:45: [SM] Call stack trace:
L 09/14/2021 - 16:34:45: [SM]   [0] GetClientTeam
L 09/14/2021 - 16:34:45: [SM]   [1] Line 812, D:\l4d2 serv\LIVESERVER\serwery\standard 60T\addons\sourcemod\scripting\l4d_hats.sp::Event_PlayerDeath
L 09/14/2021 - 16:34:46: [SM] Exception reported: Client 6 is not in game
L 09/14/2021 - 16:34:46: [SM] Blaming: optional/l4d_hats.smx
L 09/14/2021 - 16:34:46: [SM] Call stack trace:
L 09/14/2021 - 16:34:46: [SM]   [0] GetClientTeam
L 09/14/2021 - 16:34:46: [SM]   [1] Line 812, D:\l4d2 serv\LIVESERVER\serwery\standard 60T\addons\sourcemod\scripting\l4d_hats.sp::Event_PlayerDeath
L 09/14/2021 - 16:34:46: [SM] Exception reported: Client 6 is not in game
L 09/14/2021 - 16:34:46: [SM] Blaming: optional/l4d_hats.smx
L 09/14/2021 - 16:34:46: [SM] Call stack trace:
L 09/14/2021 - 16:34:46: [SM]   [0] GetClientTeam
L 09/14/2021 - 16:34:46: [SM]   [1] Line 812, D:\l4d2 serv\LIVESERVER\serwery\standard 60T\addons\sourcemod\scripting\l4d_hats.sp::Event_PlayerDeath
L 09/14/2021 - 16:34:47: [SM] Exception reported: Client 6 is not in game
L 09/14/2021 - 16:34:47: [SM] Blaming: optional/l4d_hats.smx
L 09/14/2021 - 16:34:47: [SM] Call stack trace:
L 09/14/2021 - 16:34:47: [SM]   [0] GetClientTeam
L 09/14/2021 - 16:34:47: [SM]   [1] Line 812, D:\l4d2 serv\LIVESERVER\serwery\standard 60T\addons\sourcemod\scripting\l4d_hats.sp::Event_PlayerDeath
L 09/14/2021 - 16:34:47: [SM] Exception reported: Client 6 is not in game
L 09/14/2021 - 16:34:47: [SM] Blaming: optional/l4d_hats.smx
L 09/14/2021 - 16:34:47: [SM] Call stack trace:
L 09/14/2021 - 16:34:47: [SM]   [0] GetClientTeam
L 09/14/2021 - 16:34:47: [SM]   [1] Line 812, D:\l4d2 serv\LIVESERVER\serwery\standard 60T\addons\sourcemod\scripting\l4d_hats.sp::Event_PlayerDeath
L 09/14/2021 - 16:34:49: [SM] Exception reported: Client 6 is not in game
L 09/14/2021 - 16:34:49: [SM] Blaming: optional/l4d_hats.smx
L 09/14/2021 - 16:34:49: [SM] Call stack trace:
L 09/14/2021 - 16:34:49: [SM]   [0] GetClientTeam
L 09/14/2021 - 16:34:49: [SM]   [1] Line 812, D:\l4d2 serv\LIVESERVER\serwery\standard 60T\addons\sourcemod\scripting\l4d_hats.sp::Event_PlayerDeath
L 09/14/2021 - 16:34:49: [SM] Exception reported: Client 6 is not in game
L 09/14/2021 - 16:34:49: [SM] Blaming: optional/l4d_hats.smx
L 09/14/2021 - 16:34:49: [SM] Call stack trace:
L 09/14/2021 - 16:34:49: [SM]   [0] GetClientTeam
L 09/14/2021 - 16:34:49: [SM]   [1] Line 812, D:\l4d2 serv\LIVESERVER\serwery\standard 60T\addons\sourcemod\scripting\l4d_hats.sp::Event_PlayerDeath
L 09/14/2021 - 16:34:49: [SM] Exception reported: Client 6 is not in game
L 09/14/2021 - 16:34:49: [SM] Blaming: optional/l4d_hats.smx
L 09/14/2021 - 16:34:49: [SM] Call stack trace:
L 09/14/2021 - 16:34:49: [SM]   [0] GetClientTeam
L 09/14/2021 - 16:34:49: [SM]   [1] Line 812, D:\l4d2 serv\LIVESERVER\serwery\standard 60T\addons\sourcemod\scripting\l4d_hats.sp::Event_PlayerDeath
L 09/14/2021 - 16:34:54: [SM] Exception reported: Client 6 is not in game
L 09/14/2021 - 16:34:54: [SM] Blaming: optional/l4d_hats.smx
L 09/14/2021 - 16:34:54: [SM] Call stack trace:
L 09/14/2021 - 16:34:54: [SM]   [0] GetClientTeam
L 09/14/2021 - 16:34:54: [SM]   [1] Line 812, D:\l4d2 serv\LIVESERVER\serwery\standard 60T\addons\sourcemod\scripting\l4d_hats.sp::Event_PlayerDeath
L 09/14/2021 - 16:34:55: [SM] Exception reported: Client 6 is not in game
L 09/14/2021 - 16:34:55: [SM] Blaming: optional/l4d_hats.smx
L 09/14/2021 - 16:34:55: [SM] Call stack trace:
L 09/14/2021 - 16:34:55: [SM]   [0] GetClientTeam
L 09/14/2021 - 16:34:55: [SM]   [1] Line 812, D:\l4d2 serv\LIVESERVER\serwery\standard 60T\addons\sourcemod\scripting\l4d_hats.sp::Event_PlayerDeath
L 09/14/2021 - 16:34:56: [SM] Exception reported: Client 6 is not in game
L 09/14/2021 - 16:34:56: [SM] Blaming: optional/l4d_hats.smx
L 09/14/2021 - 16:34:56: [SM] Call stack trace:
L 09/14/2021 - 16:34:56: [SM]   [0] GetClientTeam
L 09/14/2021 - 16:34:56: [SM]   [1] Line 812, D:\l4d2 serv\LIVESERVER\serwery\standard 60T\addons\sourcemod\scripting\l4d_hats.sp::Event_PlayerDeath
L 09/14/2021 - 16:35:06: [SM] Exception reported: Client 6 is not in game
L 09/14/2021 - 16:35:06: [SM] Blaming: optional/l4d_hats.smx
L 09/14/2021 - 16:35:06: [SM] Call stack trace:
L 09/14/2021 - 16:35:06: [SM]   [0] GetClientTeam
L 09/14/2021 - 16:35:06: [SM]   [1] Line 812, D:\l4d2 serv\LIVESERVER\serwery\standard 60T\addons\sourcemod\scripting\l4d_hats.sp::Event_PlayerDeath
L 09/14/2021 - 16:35:12: [SM] Exception reported: Client 6 is not in game
L 09/14/2021 - 16:35:12: [SM] Blaming: optional/l4d_hats.smx
L 09/14/2021 - 16:35:12: [SM] Call stack trace:
L 09/14/2021 - 16:35:12: [SM]   [0] GetClientTeam
L 09/14/2021 - 16:35:12: [SM]   [1] Line 812, D:\l4d2 serv\LIVESERVER\serwery\standard 60T\addons\sourcemod\scripting\l4d_hats.sp::Event_PlayerDeath
L 09/14/2021 - 16:35:16: [SM] Exception reported: Client 6 is not in game
L 09/14/2021 - 16:35:16: [SM] Blaming: optional/l4d_hats.smx
L 09/14/2021 - 16:35:16: [SM] Call stack trace:
L 09/14/2021 - 16:35:16: [SM]   [0] GetClientTeam
L 09/14/2021 - 16:35:16: [SM]   [1] Line 812, D:\l4d2 serv\LIVESERVER\serwery\standard 60T\addons\sourcemod\scripting\l4d_hats.sp::Event_PlayerDeath
L 09/14/2021 - 16:35:17: [SM] Exception reported: Client 6 is not in game
L 09/14/2021 - 16:35:17: [SM] Blaming: optional/l4d_hats.smx
L 09/14/2021 - 16:35:17: [SM] Call stack trace:
L 09/14/2021 - 16:35:17: [SM]   [0] GetClientTeam
L 09/14/2021 - 16:35:17: [SM]   [1] Line 812, D:\l4d2 serv\LIVESERVER\serwery\standard 60T\addons\sourcemod\scripting\l4d_hats.sp::Event_PlayerDeath
L 09/14/2021 - 16:35:19: [SM] Exception reported: Client 6 is not in game
L 09/14/2021 - 16:35:19: [SM] Blaming: optional/l4d_hats.smx
L 09/14/2021 - 16:35:19: [SM] Call stack trace:
L 09/14/2021 - 16:35:19: [SM]   [0] GetClientTeam
L 09/14/2021 - 16:35:19: [SM]   [1] Line 812, D:\l4d2 serv\LIVESERVER\serwery\standard 60T\addons\sourcemod\scripting\l4d_hats.sp::Event_PlayerDeath
L 09/14/2021 - 16:35:46: [SM] Exception reported: Client 6 is not in game
L 09/14/2021 - 16:35:46: [SM] Blaming: optional/l4d_hats.smx
L 09/14/2021 - 16:35:46: [SM] Call stack trace:
L 09/14/2021 - 16:35:46: [SM]   [0] GetClientTeam
L 09/14/2021 - 16:35:46: [SM]   [1] Line 812, D:\l4d2 serv\LIVESERVER\serwery\standard 60T\addons\sourcemod\scripting\l4d_hats.sp::Event_PlayerDeath
L 09/14/2021 - 16:35:47: [SM] Exception reported: Client 6 is not in game
L 09/14/2021 - 16:35:47: [SM] Blaming: optional/l4d_hats.smx
L 09/14/2021 - 16:35:47: [SM] Call stack trace:
L 09/14/2021 - 16:35:47: [SM]   [0] GetClientTeam
L 09/14/2021 - 16:35:47: [SM]   [1] Line 812, D:\l4d2 serv\LIVESERVER\serwery\standard 60T\addons\sourcemod\scripting\l4d_hats.sp::Event_PlayerDeath
L 09/14/2021 - 16:35:47: [SM] Exception reported: Client 6 is not in game
L 09/14/2021 - 16:35:47: [SM] Blaming: optional/l4d_hats.smx
L 09/14/2021 - 16:35:47: [SM] Call stack trace:
L 09/14/2021 - 16:35:47: [SM]   [0] GetClientTeam
L 09/14/2021 - 16:35:47: [SM]   [1] Line 812, D:\l4d2 serv\LIVESERVER\serwery\standard 60T\addons\sourcemod\scripting\l4d_hats.sp::Event_PlayerDeath
L 09/14/2021 - 16:35:47: [SM] Exception reported: Client 6 is not in game
L 09/14/2021 - 16:35:47: [SM] Blaming: optional/l4d_hats.smx
L 09/14/2021 - 16:35:47: [SM] Call stack trace:
L 09/14/2021 - 16:35:47: [SM]   [0] GetClientTeam
L 09/14/2021 - 16:35:47: [SM]   [1] Line 812, D:\l4d2 serv\LIVESERVER\serwery\standard 60T\addons\sourcemod\scripting\l4d_hats.sp::Event_PlayerDeath
L 09/14/2021 - 16:35:48: [SM] Exception reported: Client 6 is not in game
L 09/14/2021 - 16:35:48: [SM] Blaming: optional/l4d_hats.smx
L 09/14/2021 - 16:35:48: [SM] Call stack trace:
L 09/14/2021 - 16:35:48: [SM]   [0] GetClientTeam
L 09/14/2021 - 16:35:48: [SM]   [1] Line 812, D:\l4d2 serv\LIVESERVER\serwery\standard 60T\addons\sourcemod\scripting\l4d_hats.sp::Event_PlayerDeath
L 09/14/2021 - 16:35:48: [SM] Exception reported: Client 6 is not in game
L 09/14/2021 - 16:35:48: [SM] Blaming: optional/l4d_hats.smx
L 09/14/2021 - 16:35:48: [SM] Call stack trace:
L 09/14/2021 - 16:35:48: [SM]   [0] GetClientTeam
L 09/14/2021 - 16:35:48: [SM]   [1] Line 812, D:\l4d2 serv\LIVESERVER\serwery\standard 60T\addons\sourcemod\scripting\l4d_hats.sp::Event_PlayerDeath
L 09/14/2021 - 16:35:50: [SM] Exception reported: Client 6 is not in game
L 09/14/2021 - 16:35:50: [SM] Blaming: optional/l4d_hats.smx
L 09/14/2021 - 16:35:50: [SM] Call stack trace:
L 09/14/2021 - 16:35:50: [SM]   [0] GetClientTeam
L 09/14/2021 - 16:35:50: [SM]   [1] Line 812, D:\l4d2 serv\LIVESERVER\serwery\standard 60T\addons\sourcemod\scripting\l4d_hats.sp::Event_PlayerDeath
L 09/14/2021 - 16:35:50: [SM] Exception reported: Client 6 is not in game
L 09/14/2021 - 16:35:50: [SM] Blaming: optional/l4d_hats.smx
L 09/14/2021 - 16:35:50: [SM] Call stack trace:
L 09/14/2021 - 16:35:50: [SM]   [0] GetClientTeam
L 09/14/2021 - 16:35:50: [SM]   [1] Line 812, D:\l4d2 serv\LIVESERVER\serwery\standard 60T\addons\sourcemod\scripting\l4d_hats.sp::Event_PlayerDeath
L 09/14/2021 - 16:35:51: [SM] Exception reported: Client 6 is not in game
L 09/14/2021 - 16:35:51: [SM] Blaming: optional/l4d_hats.smx
L 09/14/2021 - 16:35:51: [SM] Call stack trace:
L 09/14/2021 - 16:35:51: [SM]   [0] GetClientTeam
L 09/14/2021 - 16:35:51: [SM]   [1] Line 812, D:\l4d2 serv\LIVESERVER\serwery\standard 60T\addons\sourcemod\scripting\l4d_hats.sp::Event_PlayerDeath
L 09/14/2021 - 16:35:52: [SM] Exception reported: Client 6 is not in game
L 09/14/2021 - 16:35:52: [SM] Blaming: optional/l4d_hats.smx
L 09/14/2021 - 16:35:52: [SM] Call stack trace:
L 09/14/2021 - 16:35:52: [SM]   [0] GetClientTeam
L 09/14/2021 - 16:35:52: [SM]   [1] Line 812, D:\l4d2 serv\LIVESERVER\serwery\standard 60T\addons\sourcemod\scripting\l4d_hats.sp::Event_PlayerDeath
L 09/14/2021 - 16:35:52: [SM] Exception reported: Client 6 is not in game
L 09/14/2021 - 16:35:52: [SM] Blaming: optional/l4d_hats.smx
L 09/14/2021 - 16:35:52: [SM] Call stack trace:
L 09/14/2021 - 16:35:52: [SM]   [0] GetClientTeam
L 09/14/2021 - 16:35:52: [SM]   [1] Line 812, D:\l4d2 serv\LIVESERVER\serwery\standard 60T\addons\sourcemod\scripting\l4d_hats.sp::Event_PlayerDeath
L 09/14/2021 - 16:35:53: [SM] Exception reported: Client 6 is not in game
L 09/14/2021 - 16:35:53: [SM] Blaming: optional/l4d_hats.smx
L 09/14/2021 - 16:35:53: [SM] Call stack trace:
L 09/14/2021 - 16:35:53: [SM]   [0] GetClientTeam
L 09/14/2021 - 16:35:53: [SM]   [1] Line 812, D:\l4d2 serv\LIVESERVER\serwery\standard 60T\addons\sourcemod\scripting\l4d_hats.sp::Event_PlayerDeath
L 09/14/2021 - 16:35:53: [SM] Exception reported: Client 6 is not in game
L 09/14/2021 - 16:35:53: [SM] Blaming: optional/l4d_hats.smx
L 09/14/2021 - 16:35:53: [SM] Call stack trace:
L 09/14/2021 - 16:35:53: [SM]   [0] GetClientTeam
L 09/14/2021 - 16:35:53: [SM]   [1] Line 812, D:\l4d2 serv\LIVESERVER\serwery\standard 60T\addons\sourcemod\scripting\l4d_hats.sp::Event_PlayerDeath
L 09/14/2021 - 16:35:54: [SM] Exception reported: Client 6 is not in game
L 09/14/2021 - 16:35:54: [SM] Blaming: optional/l4d_hats.smx
L 09/14/2021 - 16:35:54: [SM] Call stack trace:
L 09/14/2021 - 16:35:54: [SM]   [0] GetClientTeam
L 09/14/2021 - 16:35:54: [SM]   [1] Line 812, D:\l4d2 serv\LIVESERVER\serwery\standard 60T\addons\sourcemod\scripting\l4d_hats.sp::Event_PlayerDeath
L 09/14/2021 - 16:35:55: [SM] Exception reported: Client 6 is not in game
L 09/14/2021 - 16:35:55: [SM] Blaming: optional/l4d_hats.smx
L 09/14/2021 - 16:35:55: [SM] Call stack trace:
L 09/14/2021 - 16:35:55: [SM]   [0] GetClientTeam
L 09/14/2021 - 16:35:55: [SM]   [1] Line 812, D:\l4d2 serv\LIVESERVER\serwery\standard 60T\addons\sourcemod\scripting\l4d_hats.sp::Event_PlayerDeath
L 09/14/2021 - 16:35:57: [SM] Exception reported: Client 6 is not in game
L 09/14/2021 - 16:35:57: [SM] Blaming: optional/l4d_hats.smx
L 09/14/2021 - 16:35:57: [SM] Call stack trace:
L 09/14/2021 - 16:35:57: [SM]   [0] GetClientTeam
L 09/14/2021 - 16:35:57: [SM]   [1] Line 812, D:\l4d2 serv\LIVESERVER\serwery\standard 60T\addons\sourcemod\scripting\l4d_hats.sp::Event_PlayerDeath
L 09/14/2021 - 16:35:57: [SM] Exception reported: Client 6 is not in game
L 09/14/2021 - 16:35:57: [SM] Blaming: optional/l4d_hats.smx
L 09/14/2021 - 16:35:57: [SM] Call stack trace:
L 09/14/2021 - 16:35:57: [SM]   [0] GetClientTeam
L 09/14/2021 - 16:35:57: [SM]   [1] Line 812, D:\l4d2 serv\LIVESERVER\serwery\standard 60T\addons\sourcemod\scripting\l4d_hats.sp::Event_PlayerDeath
L 09/14/2021 - 16:35:57: [SM] Exception reported: Client 6 is not in game
L 09/14/2021 - 16:35:57: [SM] Blaming: optional/l4d_hats.smx
L 09/14/2021 - 16:35:57: [SM] Call stack trace:
L 09/14/2021 - 16:35:57: [SM]   [0] GetClientTeam
L 09/14/2021 - 16:35:57: [SM]   [1] Line 812, D:\l4d2 serv\LIVESERVER\serwery\standard 60T\addons\sourcemod\scripting\l4d_hats.sp::Event_PlayerDeath
L 09/14/2021 - 16:35:58: [SM] Exception reported: Client 6 is not in game
L 09/14/2021 - 16:35:58: [SM] Blaming: optional/l4d_hats.smx
L 09/14/2021 - 16:35:58: [SM] Call stack trace:
L 09/14/2021 - 16:35:58: [SM]   [0] GetClientTeam
L 09/14/2021 - 16:35:58: [SM]   [1] Line 812, D:\l4d2 serv\LIVESERVER\serwery\standard 60T\addons\sourcemod\scripting\l4d_hats.sp::Event_PlayerDeath
L 09/14/2021 - 16:35:59: [SM] Exception reported: Client 6 is not in game
L 09/14/2021 - 16:35:59: [SM] Blaming: optional/l4d_hats.smx
L 09/14/2021 - 16:35:59: [SM] Call stack trace:
L 09/14/2021 - 16:35:59: [SM]   [0] GetClientTeam
L 09/14/2021 - 16:35:59: [SM]   [1] Line 812, D:\l4d2 serv\LIVESERVER\serwery\standard 60T\addons\sourcemod\scripting\l4d_hats.sp::Event_PlayerDeath
L 09/14/2021 - 16:36:02: [SM] Exception reported: Client 6 is not in game
L 09/14/2021 - 16:36:02: [SM] Blaming: optional/l4d_hats.smx
L 09/14/2021 - 16:36:02: [SM] Call stack trace:
L 09/14/2021 - 16:36:02: [SM]   [0] GetClientTeam
L 09/14/2021 - 16:36:02: [SM]   [1] Line 812, D:\l4d2 serv\LIVESERVER\serwery\standard 60T\addons\sourcemod\scripting\l4d_hats.sp::Event_PlayerDeath
L 09/14/2021 - 16:36:02: [SM] Exception reported: Client 6 is not in game
L 09/14/2021 - 16:36:02: [SM] Blaming: optional/l4d_hats.smx
L 09/14/2021 - 16:36:02: [SM] Call stack trace:
L 09/14/2021 - 16:36:02: [SM]   [0] GetClientTeam
L 09/14/2021 - 16:36:02: [SM]   [1] Line 812, D:\l4d2 serv\LIVESERVER\serwery\standard 60T\addons\sourcemod\scripting\l4d_hats.sp::Event_PlayerDeath
L 09/14/2021 - 16:36:03: [SM] Exception reported: Client 6 is not in game
L 09/14/2021 - 16:36:03: [SM] Blaming: optional/l4d_hats.smx
L 09/14/2021 - 16:36:03: [SM] Call stack trace:
L 09/14/2021 - 16:36:03: [SM]   [0] GetClientTeam
L 09/14/2021 - 16:36:03: [SM]   [1] Line 812, D:\l4d2 serv\LIVESERVER\serwery\standard 60T\addons\sourcemod\scripting\l4d_hats.sp::Event_PlayerDeath
L 09/14/2021 - 16:36:03: [SM] Exception reported: Client 6 is not in game
L 09/14/2021 - 16:36:03: [SM] Blaming: optional/l4d_hats.smx
L 09/14/2021 - 16:36:03: [SM] Call stack trace:
L 09/14/2021 - 16:36:03: [SM]   [0] GetClientTeam
L 09/14/2021 - 16:36:03: [SM]   [1] Line 812, D:\l4d2 serv\LIVESERVER\serwery\standard 60T\addons\sourcemod\scripting\l4d_hats.sp::Event_PlayerDeath
L 09/14/2021 - 16:36:03: [SM] Exception reported: Client 6 is not in game
L 09/14/2021 - 16:36:03: [SM] Blaming: optional/l4d_hats.smx
L 09/14/2021 - 16:36:03: [SM] Call stack trace:
L 09/14/2021 - 16:36:03: [SM]   [0] GetClientTeam
L 09/14/2021 - 16:36:03: [SM]   [1] Line 812, D:\l4d2 serv\LIVESERVER\serwery\standard 60T\addons\sourcemod\scripting\l4d_hats.sp::Event_PlayerDeath
L 09/14/2021 - 16:36:05: [SM] Exception reported: Client 6 is not in game
L 09/14/2021 - 16:36:05: [SM] Blaming: optional/l4d_hats.smx
L 09/14/2021 - 16:36:05: [SM] Call stack trace:
L 09/14/2021 - 16:36:05: [SM]   [0] GetClientTeam
L 09/14/2021 - 16:36:05: [SM]   [1] Line 812, D:\l4d2 serv\LIVESERVER\serwery\standard 60T\addons\sourcemod\scripting\l4d_hats.sp::Event_PlayerDeath
L 09/14/2021 - 16:36:05: [SM] Exception reported: Client 6 is not in game
L 09/14/2021 - 16:36:05: [SM] Blaming: optional/l4d_hats.smx
L 09/14/2021 - 16:36:05: [SM] Call stack trace:
L 09/14/2021 - 16:36:05: [SM]   [0] GetClientTeam
L 09/14/2021 - 16:36:05: [SM]   [1] Line 812, D:\l4d2 serv\LIVESERVER\serwery\standard 60T\addons\sourcemod\scripting\l4d_hats.sp::Event_PlayerDeath
L 09/14/2021 - 16:36:05: [SM] Exception reported: Client 6 is not in game
L 09/14/2021 - 16:36:05: [SM] Blaming: optional/l4d_hats.smx
L 09/14/2021 - 16:36:05: [SM] Call stack trace:
L 09/14/2021 - 16:36:05: [SM]   [0] GetClientTeam
L 09/14/2021 - 16:36:05: [SM]   [1] Line 812, D:\l4d2 serv\LIVESERVER\serwery\standard 60T\addons\sourcemod\scripting\l4d_hats.sp::Event_PlayerDeath
L 09/14/2021 - 16:36:05: [SM] Exception reported: Client 6 is not in game
L 09/14/2021 - 16:36:05: [SM] Blaming: optional/l4d_hats.smx
L 09/14/2021 - 16:36:05: [SM] Call stack trace:
L 09/14/2021 - 16:36:05: [SM]   [0] GetClientTeam
L 09/14/2021 - 16:36:05: [SM]   [1] Line 812, D:\l4d2 serv\LIVESERVER\serwery\standard 60T\addons\sourcemod\scripting\l4d_hats.sp::Event_PlayerDeath
L 09/14/2021 - 16:36:09: [SM] Exception reported: Client 6 is not in game
L 09/14/2021 - 16:36:09: [SM] Blaming: optional/l4d_hats.smx
L 09/14/2021 - 16:36:09: [SM] Call stack trace:
L 09/14/2021 - 16:36:09: [SM]   [0] GetClientTeam
L 09/14/2021 - 16:36:09: [SM]   [1] Line 812, D:\l4d2 serv\LIVESERVER\serwery\standard 60T\addons\sourcemod\scripting\l4d_hats.sp::Event_PlayerDeath
L 09/14/2021 - 16:36:10: [SM] Exception reported: Client 6 is not in game
L 09/14/2021 - 16:36:10: [SM] Blaming: optional/l4d_hats.smx
L 09/14/2021 - 16:36:10: [SM] Call stack trace:
L 09/14/2021 - 16:36:10: [SM]   [0] GetClientTeam
L 09/14/2021 - 16:36:10: [SM]   [1] Line 812, D:\l4d2 serv\LIVESERVER\serwery\standard 60T\addons\sourcemod\scripting\l4d_hats.sp::Event_PlayerDeath
L 09/14/2021 - 16:36:10: [SM] Exception reported: Client 6 is not in game
L 09/14/2021 - 16:36:10: [SM] Blaming: optional/l4d_hats.smx
L 09/14/2021 - 16:36:10: [SM] Call stack trace:
L 09/14/2021 - 16:36:10: [SM]   [0] GetClientTeam
L 09/14/2021 - 16:36:10: [SM]   [1] Line 812, D:\l4d2 serv\LIVESERVER\serwery\standard 60T\addons\sourcemod\scripting\l4d_hats.sp::Event_PlayerDeath
L 09/14/2021 - 16:36:10: [SM] Exception reported: Client 6 is not in game
L 09/14/2021 - 16:36:10: [SM] Blaming: optional/l4d_hats.smx
L 09/14/2021 - 16:36:10: [SM] Call stack trace:
L 09/14/2021 - 16:36:10: [SM]   [0] GetClientTeam
L 09/14/2021 - 16:36:10: [SM]   [1] Line 812, D:\l4d2 serv\LIVESERVER\serwery\standard 60T\addons\sourcemod\scripting\l4d_hats.sp::Event_PlayerDeath
L 09/14/2021 - 16:36:10: [SM] Exception reported: Client 6 is not in game
L 09/14/2021 - 16:36:10: [SM] Blaming: optional/l4d_hats.smx
L 09/14/2021 - 16:36:10: [SM] Call stack trace:
L 09/14/2021 - 16:36:10: [SM]   [0] GetClientTeam
L 09/14/2021 - 16:36:10: [SM]   [1] Line 812, D:\l4d2 serv\LIVESERVER\serwery\standard 60T\addons\sourcemod\scripting\l4d_hats.sp::Event_PlayerDeath
L 09/14/2021 - 16:36:10: [SM] Exception reported: Client 6 is not in game
L 09/14/2021 - 16:36:10: [SM] Blaming: optional/l4d_hats.smx
L 09/14/2021 - 16:36:10: [SM] Call stack trace:
L 09/14/2021 - 16:36:10: [SM]   [0] GetClientTeam
L 09/14/2021 - 16:36:10: [SM]   [1] Line 812, D:\l4d2 serv\LIVESERVER\serwery\standard 60T\addons\sourcemod\scripting\l4d_hats.sp::Event_PlayerDeath
L 09/14/2021 - 16:36:10: [SM] Exception reported: Client 6 is not in game
L 09/14/2021 - 16:36:10: [SM] Blaming: optional/l4d_hats.smx
L 09/14/2021 - 16:36:10: [SM] Call stack trace:
L 09/14/2021 - 16:36:10: [SM]   [0] GetClientTeam
L 09/14/2021 - 16:36:10: [SM]   [1] Line 812, D:\l4d2 serv\LIVESERVER\serwery\standard 60T\addons\sourcemod\scripting\l4d_hats.sp::Event_PlayerDeath
L 09/14/2021 - 16:36:10: [SM] Exception reported: Client 6 is not in game
L 09/14/2021 - 16:36:10: [SM] Blaming: optional/l4d_hats.smx
L 09/14/2021 - 16:36:10: [SM] Call stack trace:
L 09/14/2021 - 16:36:10: [SM]   [0] GetClientTeam
L 09/14/2021 - 16:36:10: [SM]   [1] Line 812, D:\l4d2 serv\LIVESERVER\serwery\standard 60T\addons\sourcemod\scripting\l4d_hats.sp::Event_PlayerDeath
L 09/14/2021 - 16:36:13: [SM] Exception reported: Client 6 is not in game
L 09/14/2021 - 16:36:13: [SM] Blaming: optional/l4d_hats.smx
L 09/14/2021 - 16:36:13: [SM] Call stack trace:
L 09/14/2021 - 16:36:13: [SM]   [0] GetClientTeam
L 09/14/2021 - 16:36:13: [SM]   [1] Line 812, D:\l4d2 serv\LIVESERVER\serwery\standard 60T\addons\sourcemod\scripting\l4d_hats.sp::Event_PlayerDeath
L 09/14/2021 - 16:36:14: [SM] Exception reported: Client 6 is not in game
L 09/14/2021 - 16:36:14: [SM] Blaming: optional/l4d_hats.smx
L 09/14/2021 - 16:36:14: [SM] Call stack trace:
L 09/14/2021 - 16:36:14: [SM]   [0] GetClientTeam
L 09/14/2021 - 16:36:14: [SM]   [1] Line 812, D:\l4d2 serv\LIVESERVER\serwery\standard 60T\addons\sourcemod\scripting\l4d_hats.sp::Event_PlayerDeath
L 09/14/2021 - 16:36:17: [SM] Exception reported: Client 6 is not in game
L 09/14/2021 - 16:36:17: [SM] Blaming: optional/l4d_hats.smx
L 09/14/2021 - 16:36:17: [SM] Call stack trace:
L 09/14/2021 - 16:36:17: [SM]   [0] GetClientTeam
L 09/14/2021 - 16:36:17: [SM]   [1] Line 812, D:\l4d2 serv\LIVESERVER\serwery\standard 60T\addons\sourcemod\scripting\l4d_hats.sp::Event_PlayerDeath
L 09/14/2021 - 16:36:17: [SM] Exception reported: Client 6 is not in game
L 09/14/2021 - 16:36:17: [SM] Blaming: optional/l4d_hats.smx
L 09/14/2021 - 16:36:17: [SM] Call stack trace:
L 09/14/2021 - 16:36:17: [SM]   [0] GetClientTeam
L 09/14/2021 - 16:36:17: [SM]   [1] Line 812, D:\l4d2 serv\LIVESERVER\serwery\standard 60T\addons\sourcemod\scripting\l4d_hats.sp::Event_PlayerDeath
L 09/14/2021 - 16:36:18: [SM] Exception reported: Client 6 is not in game
L 09/14/2021 - 16:36:18: [SM] Blaming: optional/l4d_hats.smx
L 09/14/2021 - 16:36:18: [SM] Call stack trace:
L 09/14/2021 - 16:36:18: [SM]   [0] GetClientTeam
L 09/14/2021 - 16:36:18: [SM]   [1] Line 812, D:\l4d2 serv\LIVESERVER\serwery\standard 60T\addons\sourcemod\scripting\l4d_hats.sp::Event_PlayerDeath
L 09/14/2021 - 16:36:20: [SM] Exception reported: Client 6 is not in game
L 09/14/2021 - 16:36:20: [SM] Blaming: optional/l4d_hats.smx
L 09/14/2021 - 16:36:20: [SM] Call stack trace:
L 09/14/2021 - 16:36:20: [SM]   [0] GetClientTeam
L 09/14/2021 - 16:36:20: [SM]   [1] Line 812, D:\l4d2 serv\LIVESERVER\serwery\standard 60T\addons\sourcemod\scripting\l4d_hats.sp::Event_PlayerDeath
L 09/14/2021 - 16:36:20: [SM] Exception reported: Client 6 is not in game
L 09/14/2021 - 16:36:20: [SM] Blaming: optional/l4d_hats.smx
L 09/14/2021 - 16:36:20: [SM] Call stack trace:
L 09/14/2021 - 16:36:20: [SM]   [0] GetClientTeam
L 09/14/2021 - 16:36:20: [SM]   [1] Line 812, D:\l4d2 serv\LIVESERVER\serwery\standard 60T\addons\sourcemod\scripting\l4d_hats.sp::Event_PlayerDeath
L 09/14/2021 - 16:36:21: [SM] Exception reported: Client 6 is not in game
L 09/14/2021 - 16:36:21: [SM] Blaming: optional/l4d_hats.smx
L 09/14/2021 - 16:36:21: [SM] Call stack trace:
L 09/14/2021 - 16:36:21: [SM]   [0] GetClientTeam
L 09/14/2021 - 16:36:21: [SM]   [1] Line 812, D:\l4d2 serv\LIVESERVER\serwery\standard 60T\addons\sourcemod\scripting\l4d_hats.sp::Event_PlayerDeath
L 09/14/2021 - 16:36:23: [SM] Exception reported: Client 6 is not in game
L 09/14/2021 - 16:36:23: [SM] Blaming: optional/l4d_hats.smx
L 09/14/2021 - 16:36:23: [SM] Call stack trace:
L 09/14/2021 - 16:36:23: [SM]   [0] GetClientTeam
L 09/14/2021 - 16:36:23: [SM]   [1] Line 812, D:\l4d2 serv\LIVESERVER\serwery\standard 60T\addons\sourcemod\scripting\l4d_hats.sp::Event_PlayerDeath
L 09/14/2021 - 16:36:23: [SM] Exception reported: Client 6 is not in game
L 09/14/2021 - 16:36:23: [SM] Blaming: optional/l4d_hats.smx
L 09/14/2021 - 16:36:23: [SM] Call stack trace:
L 09/14/2021 - 16:36:23: [SM]   [0] GetClientTeam
L 09/14/2021 - 16:36:23: [SM]   [1] Line 812, D:\l4d2 serv\LIVESERVER\serwery\standard 60T\addons\sourcemod\scripting\l4d_hats.sp::Event_PlayerDeath
L 09/14/2021 - 16:36:25: [SM] Exception reported: Client 6 is not in game
L 09/14/2021 - 16:36:25: [SM] Blaming: optional/l4d_hats.smx
L 09/14/2021 - 16:36:25: [SM] Call stack trace:
L 09/14/2021 - 16:36:25: [SM]   [0] GetClientTeam
L 09/14/2021 - 16:36:25: [SM]   [1] Line 812, D:\l4d2 serv\LIVESERVER\serwery\standard 60T\addons\sourcemod\scripting\l4d_hats.sp::Event_PlayerDeath
L 09/14/2021 - 16:36:25: [SM] Exception reported: Client 6 is not in game
L 09/14/2021 - 16:36:25: [SM] Blaming: optional/l4d_hats.smx
L 09/14/2021 - 16:36:25: [SM] Call stack trace:
L 09/14/2021 - 16:36:25: [SM]   [0] GetClientTeam
L 09/14/2021 - 16:36:25: [SM]   [1] Line 812, D:\l4d2 serv\LIVESERVER\serwery\standard 60T\addons\sourcemod\scripting\l4d_hats.sp::Event_PlayerDeath
L 09/14/2021 - 16:36:26: [SM] Exception reported: Client 6 is not in game
L 09/14/2021 - 16:36:26: [SM] Blaming: optional/l4d_hats.smx
L 09/14/2021 - 16:36:26: [SM] Call stack trace:
L 09/14/2021 - 16:36:26: [SM]   [0] GetClientTeam
L 09/14/2021 - 16:36:26: [SM]   [1] Line 812, D:\l4d2 serv\LIVESERVER\serwery\standard 60T\addons\sourcemod\scripting\l4d_hats.sp::Event_PlayerDeath
L 09/14/2021 - 16:36:26: [SM] Exception reported: Client 6 is not in game
L 09/14/2021 - 16:36:26: [SM] Blaming: optional/l4d_hats.smx
L 09/14/2021 - 16:36:26: [SM] Call stack trace:
L 09/14/2021 - 16:36:26: [SM]   [0] GetClientTeam
L 09/14/2021 - 16:36:26: [SM]   [1] Line 812, D:\l4d2 serv\LIVESERVER\serwery\standard 60T\addons\sourcemod\scripting\l4d_hats.sp::Event_PlayerDeath
L 09/14/2021 - 16:36:27: [SM] Exception reported: Client 6 is not in game
L 09/14/2021 - 16:36:27: [SM] Blaming: optional/l4d_hats.smx
L 09/14/2021 - 16:36:27: [SM] Call stack trace:
L 09/14/2021 - 16:36:27: [SM]   [0] GetClientTeam
L 09/14/2021 - 16:36:27: [SM]   [1] Line 812, D:\l4d2 serv\LIVESERVER\serwery\standard 60T\addons\sourcemod\scripting\l4d_hats.sp::Event_PlayerDeath
L 09/14/2021 - 16:36:27: [SM] Exception reported: Client 6 is not in game
L 09/14/2021 - 16:36:27: [SM] Blaming: optional/l4d_hats.smx
L 09/14/2021 - 16:36:27: [SM] Call stack trace:
L 09/14/2021 - 16:36:27: [SM]   [0] GetClientTeam
L 09/14/2021 - 16:36:27: [SM]   [1] Line 812, D:\l4d2 serv\LIVESERVER\serwery\standard 60T\addons\sourcemod\scripting\l4d_hats.sp::Event_PlayerDeath
L 09/14/2021 - 16:36:28: [SM] Exception reported: Client 6 is not in game
L 09/14/2021 - 16:36:28: [SM] Blaming: optional/l4d_hats.smx
L 09/14/2021 - 16:36:28: [SM] Call stack trace:
L 09/14/2021 - 16:36:28: [SM]   [0] GetClientTeam
L 09/14/2021 - 16:36:28: [SM]   [1] Line 812, D:\l4d2 serv\LIVESERVER\serwery\standard 60T\addons\sourcemod\scripting\l4d_hats.sp::Event_PlayerDeath
L 09/14/2021 - 16:36:28: [SM] Exception reported: Client 6 is not in game
L 09/14/2021 - 16:36:28: [SM] Blaming: optional/l4d_hats.smx
L 09/14/2021 - 16:36:28: [SM] Call stack trace:
L 09/14/2021 - 16:36:28: [SM]   [0] GetClientTeam
L 09/14/2021 - 16:36:28: [SM]   [1] Line 812, D:\l4d2 serv\LIVESERVER\serwery\standard 60T\addons\sourcemod\scripting\l4d_hats.sp::Event_PlayerDeath
L 09/14/2021 - 16:36:30: [SM] Exception reported: Client 6 is not in game
L 09/14/2021 - 16:36:30: [SM] Blaming: optional/l4d_hats.smx
L 09/14/2021 - 16:36:30: [SM] Call stack trace:
L 09/14/2021 - 16:36:30: [SM]   [0] GetClientTeam
L 09/14/2021 - 16:36:30: [SM]   [1] Line 812, D:\l4d2 serv\LIVESERVER\serwery\standard 60T\addons\sourcemod\scripting\l4d_hats.sp::Event_PlayerDeath
L 09/14/2021 - 16:36:32: [SM] Exception reported: Client 6 is not in game
L 09/14/2021 - 16:36:32: [SM] Blaming: optional/l4d_hats.smx
L 09/14/2021 - 16:36:32: [SM] Call stack trace:
L 09/14/2021 - 16:36:32: [SM]   [0] GetClientTeam
L 09/14/2021 - 16:36:32: [SM]   [1] Line 812, D:\l4d2 serv\LIVESERVER\serwery\standard 60T\addons\sourcemod\scripting\l4d_hats.sp::Event_PlayerDeath
L 09/14/2021 - 16:36:32: [SM] Exception reported: Client 6 is not in game
L 09/14/2021 - 16:36:32: [SM] Blaming: optional/l4d_hats.smx
L 09/14/2021 - 16:36:32: [SM] Call stack trace:
L 09/14/2021 - 16:36:32: [SM]   [0] GetClientTeam
L 09/14/2021 - 16:36:32: [SM]   [1] Line 812, D:\l4d2 serv\LIVESERVER\serwery\standard 60T\addons\sourcemod\scripting\l4d_hats.sp::Event_PlayerDeath
L 09/14/2021 - 16:36:33: [SM] Exception reported: Client 6 is not in game
L 09/14/2021 - 16:36:33: [SM] Blaming: optional/l4d_hats.smx
L 09/14/2021 - 16:36:33: [SM] Call stack trace:
L 09/14/2021 - 16:36:33: [SM]   [0] GetClientTeam
L 09/14/2021 - 16:36:33: [SM]   [1] Line 812, D:\l4d2 serv\LIVESERVER\serwery\standard 60T\addons\sourcemod\scripting\l4d_hats.sp::Event_PlayerDeath
L 09/14/2021 - 16:36:34: [SM] Exception reported: Client 6 is not in game
L 09/14/2021 - 16:36:34: [SM] Blaming: optional/l4d_hats.smx
L 09/14/2021 - 16:36:34: [SM] Call stack trace:
L 09/14/2021 - 16:36:34: [SM]   [0] GetClientTeam
L 09/14/2021 - 16:36:34: [SM]   [1] Line 812, D:\l4d2 serv\LIVESERVER\serwery\standard 60T\addons\sourcemod\scripting\l4d_hats.sp::Event_PlayerDeath
L 09/14/2021 - 16:36:34: [SM] Exception reported: Client 6 is not in game
L 09/14/2021 - 16:36:34: [SM] Blaming: optional/l4d_hats.smx
L 09/14/2021 - 16:36:34: [SM] Call stack trace:
L 09/14/2021 - 16:36:34: [SM]   [0] GetClientTeam
L 09/14/2021 - 16:36:34: [SM]   [1] Line 812, D:\l4d2 serv\LIVESERVER\serwery\standard 60T\addons\sourcemod\scripting\l4d_hats.sp::Event_PlayerDeath
L 09/14/2021 - 16:36:36: [SM] Exception reported: Client 6 is not in game
L 09/14/2021 - 16:36:36: [SM] Blaming: optional/l4d_hats.smx
L 09/14/2021 - 16:36:36: [SM] Call stack trace:
L 09/14/2021 - 16:36:36: [SM]   [0] GetClientTeam
L 09/14/2021 - 16:36:36: [SM]   [1] Line 812, D:\l4d2 serv\LIVESERVER\serwery\standard 60T\addons\sourcemod\scripting\l4d_hats.sp::Event_PlayerDeath
L 09/14/2021 - 16:36:36: [SM] Exception reported: Client 6 is not in game
L 09/14/2021 - 16:36:36: [SM] Blaming: optional/l4d_hats.smx
L 09/14/2021 - 16:36:36: [SM] Call stack trace:
L 09/14/2021 - 16:36:36: [SM]   [0] GetClientTeam
L 09/14/2021 - 16:36:36: [SM]   [1] Line 812, D:\l4d2 serv\LIVESERVER\serwery\standard 60T\addons\sourcemod\scripting\l4d_hats.sp::Event_PlayerDeath
L 09/14/2021 - 16:36:37: [SM] Exception reported: Client 6 is not in game
L 09/14/2021 - 16:36:37: [SM] Blaming: optional/l4d_hats.smx
L 09/14/2021 - 16:36:37: [SM] Call stack trace:
L 09/14/2021 - 16:36:37: [SM]   [0] GetClientTeam
L 09/14/2021 - 16:36:37: [SM]   [1] Line 812, D:\l4d2 serv\LIVESERVER\serwery\standard 60T\addons\sourcemod\scripting\l4d_hats.sp::Event_PlayerDeath
L 09/14/2021 - 16:36:38: [SM] Exception reported: Client 6 is not in game
L 09/14/2021 - 16:36:38: [SM] Blaming: optional/l4d_hats.smx
L 09/14/2021 - 16:36:38: [SM] Call stack trace:
L 09/14/2021 - 16:36:38: [SM]   [0] GetClientTeam
L 09/14/2021 - 16:36:38: [SM]   [1] Line 812, D:\l4d2 serv\LIVESERVER\serwery\standard 60T\addons\sourcemod\scripting\l4d_hats.sp::Event_PlayerDeath
L 09/14/2021 - 16:36:41: [SM] Exception reported: Client 6 is not in game
L 09/14/2021 - 16:36:41: [SM] Blaming: optional/l4d_hats.smx
L 09/14/2021 - 16:36:41: [SM] Call stack trace:
L 09/14/2021 - 16:36:41: [SM]   [0] GetClientTeam
L 09/14/2021 - 16:36:41: [SM]   [1] Line 812, D:\l4d2 serv\LIVESERVER\serwery\standard 60T\addons\sourcemod\scripting\l4d_hats.sp::Event_PlayerDeath
L 09/14/2021 - 16:36:41: [SM] Exception reported: Client 6 is not in game
L 09/14/2021 - 16:36:41: [SM] Blaming: optional/l4d_hats.smx
L 09/14/2021 - 16:36:41: [SM] Call stack trace:
L 09/14/2021 - 16:36:41: [SM]   [0] GetClientTeam
L 09/14/2021 - 16:36:41: [SM]   [1] Line 812, D:\l4d2 serv\LIVESERVER\serwery\standard 60T\addons\sourcemod\scripting\l4d_hats.sp::Event_PlayerDeath
L 09/14/2021 - 16:36:43: [SM] Exception reported: Client 6 is not in game
L 09/14/2021 - 16:36:43: [SM] Blaming: optional/l4d_hats.smx
L 09/14/2021 - 16:36:43: [SM] Call stack trace:
L 09/14/2021 - 16:36:43: [SM]   [0] GetClientTeam
L 09/14/2021 - 16:36:43: [SM]   [1] Line 812, D:\l4d2 serv\LIVESERVER\serwery\standard 60T\addons\sourcemod\scripting\l4d_hats.sp::Event_PlayerDeath
L 09/14/2021 - 16:36:53: [SM] Exception reported: Client 6 is not in game
L 09/14/2021 - 16:36:53: [SM] Blaming: optional/l4d_hats.smx
L 09/14/2021 - 16:36:53: [SM] Call stack trace:
L 09/14/2021 - 16:36:53: [SM]   [0] GetClientTeam
L 09/14/2021 - 16:36:53: [SM]   [1] Line 812, D:\l4d2 serv\LIVESERVER\serwery\standard 60T\addons\sourcemod\scripting\l4d_hats.sp::Event_PlayerDeath
L 09/14/2021 - 16:36:53: [SM] Exception reported: Client 6 is not in game
L 09/14/2021 - 16:36:53: [SM] Blaming: optional/l4d_hats.smx
L 09/14/2021 - 16:36:53: [SM] Call stack trace:
L 09/14/2021 - 16:36:53: [SM]   [0] GetClientTeam
L 09/14/2021 - 16:36:53: [SM]   [1] Line 812, D:\l4d2 serv\LIVESERVER\serwery\standard 60T\addons\sourcemod\scripting\l4d_hats.sp::Event_PlayerDeath
L 09/14/2021 - 16:36:53: [SM] Exception reported: Client 6 is not in game
L 09/14/2021 - 16:36:53: [SM] Blaming: optional/l4d_hats.smx
L 09/14/2021 - 16:36:53: [SM] Call stack trace:
L 09/14/2021 - 16:36:53: [SM]   [0] GetClientTeam
L 09/14/2021 - 16:36:53: [SM]   [1] Line 812, D:\l4d2 serv\LIVESERVER\serwery\standard 60T\addons\sourcemod\scripting\l4d_hats.sp::Event_PlayerDeath
L 09/14/2021 - 16:36:53: [SM] Exception reported: Client 6 is not in game
L 09/14/2021 - 16:36:53: [SM] Blaming: optional/l4d_hats.smx
L 09/14/2021 - 16:36:53: [SM] Call stack trace:
L 09/14/2021 - 16:36:53: [SM]   [0] GetClientTeam
L 09/14/2021 - 16:36:53: [SM]   [1] Line 812, D:\l4d2 serv\LIVESERVER\serwery\standard 60T\addons\sourcemod\scripting\l4d_hats.sp::Event_PlayerDeath
L 09/14/2021 - 16:36:53: [SM] Exception reported: Client 6 is not in game
L 09/14/2021 - 16:36:53: [SM] Blaming: optional/l4d_hats.smx
L 09/14/2021 - 16:36:53: [SM] Call stack trace:
L 09/14/2021 - 16:36:53: [SM]   [0] GetClientTeam
L 09/14/2021 - 16:36:53: [SM]   [1] Line 812, D:\l4d2 serv\LIVESERVER\serwery\standard 60T\addons\sourcemod\scripting\l4d_hats.sp::Event_PlayerDeath
L 09/14/2021 - 16:36:55: [SM] Exception reported: Client 6 is not in game
L 09/14/2021 - 16:36:55: [SM] Blaming: optional/l4d_hats.smx
L 09/14/2021 - 16:36:55: [SM] Call stack trace:
L 09/14/2021 - 16:36:55: [SM]   [0] GetClientTeam
L 09/14/2021 - 16:36:55: [SM]   [1] Line 812, D:\l4d2 serv\LIVESERVER\serwery\standard 60T\addons\sourcemod\scripting\l4d_hats.sp::Event_PlayerDeath
L 09/14/2021 - 16:36:55: [SM] Exception reported: Client 6 is not in game
L 09/14/2021 - 16:36:55: [SM] Blaming: optional/l4d_hats.smx
L 09/14/2021 - 16:36:55: [SM] Call stack trace:
L 09/14/2021 - 16:36:55: [SM]   [0] GetClientTeam
L 09/14/2021 - 16:36:55: [SM]   [1] Line 812, D:\l4d2 serv\LIVESERVER\serwery\standard 60T\addons\sourcemod\scripting\l4d_hats.sp::Event_PlayerDeath
L 09/14/2021 - 16:36:55: [SM] Exception reported: Client 6 is not in game
L 09/14/2021 - 16:36:55: [SM] Blaming: optional/l4d_hats.smx
L 09/14/2021 - 16:36:55: [SM] Call stack trace:
L 09/14/2021 - 16:36:55: [SM]   [0] GetClientTeam
L 09/14/2021 - 16:36:55: [SM]   [1] Line 812, D:\l4d2 serv\LIVESERVER\serwery\standard 60T\addons\sourcemod\scripting\l4d_hats.sp::Event_PlayerDeath
L 09/14/2021 - 16:36:57: [SM] Exception reported: Client 6 is not in game
L 09/14/2021 - 16:36:57: [SM] Blaming: optional/l4d_hats.smx
L 09/14/2021 - 16:36:57: [SM] Call stack trace:
L 09/14/2021 - 16:36:57: [SM]   [0] GetClientTeam
L 09/14/2021 - 16:36:57: [SM]   [1] Line 812, D:\l4d2 serv\LIVESERVER\serwery\standard 60T\addons\sourcemod\scripting\l4d_hats.sp::Event_PlayerDeath
L 09/14/2021 - 16:36:57: [SM] Exception reported: Client 6 is not in game
L 09/14/2021 - 16:36:57: [SM] Blaming: optional/l4d_hats.smx
L 09/14/2021 - 16:36:57: [SM] Call stack trace:
L 09/14/2021 - 16:36:57: [SM]   [0] GetClientTeam
L 09/14/2021 - 16:36:57: [SM]   [1] Line 812, D:\l4d2 serv\LIVESERVER\serwery\standard 60T\addons\sourcemod\scripting\l4d_hats.sp::Event_PlayerDeath
L 09/14/2021 - 16:36:57: [SM] Exception reported: Client 6 is not in game
L 09/14/2021 - 16:36:57: [SM] Blaming: optional/l4d_hats.smx
L 09/14/2021 - 16:36:57: [SM] Call stack trace:
L 09/14/2021 - 16:36:57: [SM]   [0] GetClientTeam
L 09/14/2021 - 16:36:57: [SM]   [1] Line 812, D:\l4d2 serv\LIVESERVER\serwery\standard 60T\addons\sourcemod\scripting\l4d_hats.sp::Event_PlayerDeath
L 09/14/2021 - 16:37:02: [SM] Exception reported: Client 6 is not in game
L 09/14/2021 - 16:37:02: [SM] Blaming: optional/l4d_hats.smx
L 09/14/2021 - 16:37:02: [SM] Call stack trace:
L 09/14/2021 - 16:37:02: [SM]   [0] GetClientTeam
L 09/14/2021 - 16:37:02: [SM]   [1] Line 812, D:\l4d2 serv\LIVESERVER\serwery\standard 60T\addons\sourcemod\scripting\l4d_hats.sp::Event_PlayerDeath
L 09/14/2021 - 16:37:08: [SM] Exception reported: Client 6 is not in game
L 09/14/2021 - 16:37:08: [SM] Blaming: optional/l4d_hats.smx
L 09/14/2021 - 16:37:08: [SM] Call stack trace:
L 09/14/2021 - 16:37:08: [SM]   [0] GetClientTeam
L 09/14/2021 - 16:37:08: [SM]   [1] Line 812, D:\l4d2 serv\LIVESERVER\serwery\standard 60T\addons\sourcemod\scripting\l4d_hats.sp::Event_PlayerDeath
L 09/14/2021 - 16:37:14: [SM] Exception reported: Client 6 is not in game
L 09/14/2021 - 16:37:14: [SM] Blaming: optional/l4d_hats.smx
L 09/14/2021 - 16:37:14: [SM] Call stack trace:
L 09/14/2021 - 16:37:14: [SM]   [0] GetClientTeam
L 09/14/2021 - 16:37:14: [SM]   [1] Line 812, D:\l4d2 serv\LIVESERVER\serwery\standard 60T\addons\sourcemod\scripting\l4d_hats.sp::Event_PlayerDeath
L 09/14/2021 - 16:37:14: [SM] Exception reported: Client 6 is not in game
L 09/14/2021 - 16:37:14: [SM] Blaming: optional/l4d_hats.smx
L 09/14/2021 - 16:37:14: [SM] Call stack trace:
L 09/14/2021 - 16:37:14: [SM]   [0] GetClientTeam
L 09/14/2021 - 16:37:14: [SM]   [1] Line 812, D:\l4d2 serv\LIVESERVER\serwery\standard 60T\addons\sourcemod\scripting\l4d_hats.sp::Event_PlayerDeath
L 09/14/2021 - 16:37:14: [SM] Exception reported: Client 6 is not in game
L 09/14/2021 - 16:37:14: [SM] Blaming: optional/l4d_hats.smx
L 09/14/2021 - 16:37:14: [SM] Call stack trace:
L 09/14/2021 - 16:37:14: [SM]   [0] GetClientTeam
L 09/14/2021 - 16:37:14: [SM]   [1] Line 812, D:\l4d2 serv\LIVESERVER\serwery\standard 60T\addons\sourcemod\scripting\l4d_hats.sp::Event_PlayerDeath
L 09/14/2021 - 16:37:14: [SM] Exception reported: Client 6 is not in game
L 09/14/2021 - 16:37:14: [SM] Blaming: optional/l4d_hats.smx
L 09/14/2021 - 16:37:14: [SM] Call stack trace:
L 09/14/2021 - 16:37:14: [SM]   [0] GetClientTeam
L 09/14/2021 - 16:37:14: [SM]   [1] Line 812, D:\l4d2 serv\LIVESERVER\serwery\standard 60T\addons\sourcemod\scripting\l4d_hats.sp::Event_PlayerDeath
L 09/14/2021 - 16:37:14: [SM] Exception reported: Client 6 is not in game
L 09/14/2021 - 16:37:14: [SM] Blaming: optional/l4d_hats.smx
L 09/14/2021 - 16:37:14: [SM] Call stack trace:
L 09/14/2021 - 16:37:14: [SM]   [0] GetClientTeam
L 09/14/2021 - 16:37:14: [SM]   [1] Line 812, D:\l4d2 serv\LIVESERVER\serwery\standard 60T\addons\sourcemod\scripting\l4d_hats.sp::Event_PlayerDeath
L 09/14/2021 - 16:37:14: [SM] Exception reported: Client 6 is not in game
L 09/14/2021 - 16:37:14: [SM] Blaming: optional/l4d_hats.smx
L 09/14/2021 - 16:37:14: [SM] Call stack trace:
L 09/14/2021 - 16:37:14: [SM]   [0] GetClientTeam
L 09/14/2021 - 16:37:14: [SM]   [1] Line 812, D:\l4d2 serv\LIVESERVER\serwery\standard 60T\addons\sourcemod\scripting\l4d_hats.sp::Event_PlayerDeath
L 09/14/2021 - 16:37:14: [SM] Exception reported: Client 6 is not in game
L 09/14/2021 - 16:37:14: [SM] Blaming: optional/l4d_hats.smx
L 09/14/2021 - 16:37:14: [SM] Call stack trace:
L 09/14/2021 - 16:37:14: [SM]   [0] GetClientTeam
L 09/14/2021 - 16:37:14: [SM]   [1] Line 812, D:\l4d2 serv\LIVESERVER\serwery\standard 60T\addons\sourcemod\scripting\l4d_hats.sp::Event_PlayerDeath
L 09/14/2021 - 16:37:14: [SM] Exception reported: Client 6 is not in game
L 09/14/2021 - 16:37:14: [SM] Blaming: optional/l4d_hats.smx
L 09/14/2021 - 16:37:14: [SM] Call stack trace:
L 09/14/2021 - 16:37:14: [SM]   [0] GetClientTeam
L 09/14/2021 - 16:37:14: [SM]   [1] Line 812, D:\l4d2 serv\LIVESERVER\serwery\standard 60T\addons\sourcemod\scripting\l4d_hats.sp::Event_PlayerDeath
L 09/14/2021 - 16:37:14: [SM] Exception reported: Client 6 is not in game
L 09/14/2021 - 16:37:14: [SM] Blaming: optional/l4d_hats.smx
L 09/14/2021 - 16:37:14: [SM] Call stack trace:
L 09/14/2021 - 16:37:14: [SM]   [0] GetClientTeam
L 09/14/2021 - 16:37:14: [SM]   [1] Line 812, D:\l4d2 serv\LIVESERVER\serwery\standard 60T\addons\sourcemod\scripting\l4d_hats.sp::Event_PlayerDeath
L 09/14/2021 - 16:37:14: [SM] Exception reported: Client 6 is not in game
L 09/14/2021 - 16:37:14: [SM] Blaming: optional/l4d_hats.smx
L 09/14/2021 - 16:37:14: [SM] Call stack trace:
L 09/14/2021 - 16:37:14: [SM]   [0] GetClientTeam
L 09/14/2021 - 16:37:14: [SM]   [1] Line 812, D:\l4d2 serv\LIVESERVER\serwery\standard 60T\addons\sourcemod\scripting\l4d_hats.sp::Event_PlayerDeath
L 09/14/2021 - 16:37:14: [SM] Exception reported: Client 6 is not in game
L 09/14/2021 - 16:37:14: [SM] Blaming: optional/l4d_hats.smx
L 09/14/2021 - 16:37:14: [SM] Call stack trace:
L 09/14/2021 - 16:37:14: [SM]   [0] GetClientTeam
L 09/14/2021 - 16:37:14: [SM]   [1] Line 812, D:\l4d2 serv\LIVESERVER\serwery\standard 60T\addons\sourcemod\scripting\l4d_hats.sp::Event_PlayerDeath
L 09/14/2021 - 16:37:14: [SM] Exception reported: Client 6 is not in game
L 09/14/2021 - 16:37:14: [SM] Blaming: optional/l4d_hats.smx
L 09/14/2021 - 16:37:14: [SM] Call stack trace:
L 09/14/2021 - 16:37:14: [SM]   [0] GetClientTeam
L 09/14/2021 - 16:37:14: [SM]   [1] Line 812, D:\l4d2 serv\LIVESERVER\serwery\standard 60T\addons\sourcemod\scripting\l4d_hats.sp::Event_PlayerDeath
L 09/14/2021 - 16:37:14: [SM] Exception reported: Client 6 is not in game
L 09/14/2021 - 16:37:14: [SM] Blaming: optional/l4d_hats.smx
L 09/14/2021 - 16:37:14: [SM] Call stack trace:
L 09/14/2021 - 16:37:14: [SM]   [0] GetClientTeam
L 09/14/2021 - 16:37:14: [SM]   [1] Line 812, D:\l4d2 serv\LIVESERVER\serwery\standard 60T\addons\sourcemod\scripting\l4d_hats.sp::Event_PlayerDeath
L 09/14/2021 - 16:37:15: [SM] Exception reported: Client 6 is not in game
L 09/14/2021 - 16:37:15: [SM] Blaming: optional/l4d_hats.smx
L 09/14/2021 - 16:37:15: [SM] Call stack trace:
L 09/14/2021 - 16:37:15: [SM]   [0] GetClientTeam
L 09/14/2021 - 16:37:15: [SM]   [1] Line 812, D:\l4d2 serv\LIVESERVER\serwery\standard 60T\addons\sourcemod\scripting\l4d_hats.sp::Event_PlayerDeath
L 09/14/2021 - 16:37:15: [SM] Exception reported: Client 6 is not in game
L 09/14/2021 - 16:37:15: [SM] Blaming: optional/l4d_hats.smx
L 09/14/2021 - 16:37:15: [SM] Call stack trace:
L 09/14/2021 - 16:37:15: [SM]   [0] GetClientTeam
L 09/14/2021 - 16:37:15: [SM]   [1] Line 812, D:\l4d2 serv\LIVESERVER\serwery\standard 60T\addons\sourcemod\scripting\l4d_hats.sp::Event_PlayerDeath
L 09/14/2021 - 16:37:15: [SM] Exception reported: Client 6 is not in game
L 09/14/2021 - 16:37:15: [SM] Blaming: optional/l4d_hats.smx
L 09/14/2021 - 16:37:15: [SM] Call stack trace:
L 09/14/2021 - 16:37:15: [SM]   [0] GetClientTeam
L 09/14/2021 - 16:37:15: [SM]   [1] Line 812, D:\l4d2 serv\LIVESERVER\serwery\standard 60T\addons\sourcemod\scripting\l4d_hats.sp::Event_PlayerDeath
L 09/14/2021 - 16:37:15: [SM] Exception reported: Client 6 is not in game
L 09/14/2021 - 16:37:15: [SM] Blaming: optional/l4d_hats.smx
L 09/14/2021 - 16:37:15: [SM] Call stack trace:
L 09/14/2021 - 16:37:15: [SM]   [0] GetClientTeam
L 09/14/2021 - 16:37:15: [SM]   [1] Line 812, D:\l4d2 serv\LIVESERVER\serwery\standard 60T\addons\sourcemod\scripting\l4d_hats.sp::Event_PlayerDeath
L 09/14/2021 - 16:37:15: [SM] Exception reported: Client 6 is not in game
L 09/14/2021 - 16:37:15: [SM] Blaming: optional/l4d_hats.smx
L 09/14/2021 - 16:37:15: [SM] Call stack trace:
L 09/14/2021 - 16:37:15: [SM]   [0] GetClientTeam
L 09/14/2021 - 16:37:15: [SM]   [1] Line 812, D:\l4d2 serv\LIVESERVER\serwery\standard 60T\addons\sourcemod\scripting\l4d_hats.sp::Event_PlayerDeath
L 09/14/2021 - 16:37:15: [SM] Exception reported: Client 6 is not in game
L 09/14/2021 - 16:37:15: [SM] Blaming: optional/l4d_hats.smx
L 09/14/2021 - 16:37:15: [SM] Call stack trace:
L 09/14/2021 - 16:37:15: [SM]   [0] GetClientTeam
L 09/14/2021 - 16:37:15: [SM]   [1] Line 812, D:\l4d2 serv\LIVESERVER\serwery\standard 60T\addons\sourcemod\scripting\l4d_hats.sp::Event_PlayerDeath
L 09/14/2021 - 16:37:16: [SM] Exception reported: Client 6 is not in game
L 09/14/2021 - 16:37:16: [SM] Blaming: optional/l4d_hats.smx
L 09/14/2021 - 16:37:16: [SM] Call stack trace:
L 09/14/2021 - 16:37:16: [SM]   [0] GetClientTeam
L 09/14/2021 - 16:37:16: [SM]   [1] Line 812, D:\l4d2 serv\LIVESERVER\serwery\standard 60T\addons\sourcemod\scripting\l4d_hats.sp::Event_PlayerDeath
L 09/14/2021 - 16:37:16: [SM] Exception reported: Client 6 is not in game
L 09/14/2021 - 16:37:16: [SM] Blaming: optional/l4d_hats.smx
L 09/14/2021 - 16:37:16: [SM] Call stack trace:
L 09/14/2021 - 16:37:16: [SM]   [0] GetClientTeam
L 09/14/2021 - 16:37:16: [SM]   [1] Line 812, D:\l4d2 serv\LIVESERVER\serwery\standard 60T\addons\sourcemod\scripting\l4d_hats.sp::Event_PlayerDeath
L 09/14/2021 - 16:54:42: SourceMod error session started
L 09/14/2021 - 16:54:42: Info (map "c5m1_waterfront") (file "/home/k26606_s24044/server_24044/left4dead2/addons/sourcemod/logs/errors_20210914.log")
L 09/14/2021 - 16:54:42: [CRASH] Accelerator uploaded crash dump: Crash ID: TXSB-MQS4-6R7T
L 09/14/2021 - 16:54:46: Error log file session closed.
L 09/14/2021 - 16:55:04: SourceMod error session started
L 09/14/2021 - 16:55:04: Info (map "c5m1_waterfront") (file "/home/k26606_s24044/server_24044/left4dead2/addons/sourcemod/logs/errors_20210914.log")
L 09/14/2021 - 16:55:04: [CRASH] Accelerator uploaded crash dump: Crash ID: WJJ2-R5XJ-7QDC
L 09/14/2021 - 16:55:10: Error log file session closed.
L 09/14/2021 - 19:36:01: SourceMod error session started
L 09/14/2021 - 19:36:01: Info (map "c5m1_waterfront") (file "/home/k26606_s24044/server_24044/left4dead2/addons/sourcemod/logs/errors_20210914.log")
L 09/14/2021 - 19:36:01: [CRASH] Accelerator uploaded crash dump: Crash ID: GPZX-OOYI-BCCG
L 09/14/2021 - 19:36:07: Error log file session closed.
L 09/14/2021 - 21:07:19: SourceMod error session started
L 09/14/2021 - 21:07:19: Info (map "c5m1_waterfront") (file "/home/k26606_s24044/server_24044/left4dead2/addons/sourcemod/logs/errors_20210914.log")
L 09/14/2021 - 21:07:19: [CRASH] Accelerator uploaded crash dump: Crash ID: TL6I-3ETV-R6GD
L 09/14/2021 - 21:07:25: Error log file session closed.
L 09/14/2021 - 22:04:25: SourceMod error session started
L 09/14/2021 - 22:04:25: Info (map "c5m1_waterfront") (file "/home/k26606_s24044/server_24044/left4dead2/addons/sourcemod/logs/errors_20210914.log")
L 09/14/2021 - 22:04:25: [confoglcompmod.smx] [Confogl] CvarSettings: Attempt to track ConVar sv_minrate, which is already being tracked.
L 09/14/2021 - 22:04:25: [confoglcompmod.smx] [Confogl] CvarSettings: Attempt to track ConVar sv_maxrate, which is already being tracked.
L 09/14/2021 - 22:04:25: [confoglcompmod.smx] [Confogl] CvarSettings: Attempt to track ConVar sv_mincmdrate, which is already being tracked.
L 09/14/2021 - 22:04:25: [confoglcompmod.smx] [Confogl] CvarSettings: Attempt to track ConVar sv_maxcmdrate, which is already being tracked.
L 09/14/2021 - 22:04:25: [confoglcompmod.smx] [Confogl] CvarSettings: Attempt to track ConVar sv_minupdaterate, which is already being tracked.
L 09/14/2021 - 22:04:25: [confoglcompmod.smx] [Confogl] CvarSettings: Attempt to track ConVar sv_maxupdaterate, which is already being tracked.
L 09/14/2021 - 22:04:25: [confoglcompmod.smx] [Confogl] CvarSettings: Attempt to track ConVar nb_update_frequency, which is already being tracked.
L 09/14/2021 - 22:04:25: [confoglcompmod.smx] [Confogl] CvarSettings: Attempt to track ConVar net_splitpacket_maxrate, which is already being tracked.
L 09/14/2021 - 22:04:25: [confoglcompmod.smx] [Confogl] CvarSettings: Attempt to track ConVar sv_client_min_interp_ratio, which is already being tracked.
L 09/14/2021 - 22:04:25: [confoglcompmod.smx] [Confogl] CvarSettings: Attempt to track ConVar sv_client_max_interp_ratio, which is already being tracked.
L 09/14/2021 - 22:04:25: [confoglcompmod.smx] [Confogl] CvarSettings: Attempt to track ConVar fps_max, which is already being tracked.
L 09/14/2021 - 22:04:29: Error log file session closed.
L 09/14/2021 - 22:10:07: SourceMod error session started
L 09/14/2021 - 22:10:07: Info (map "c5m1_waterfront") (file "/home/k26606_s24044/server_24044/left4dead2/addons/sourcemod/logs/errors_20210914.log")
L 09/14/2021 - 22:10:07: [SM] Exception reported: Entity 7 (7) is invalid
L 09/14/2021 - 22:10:07: [SM] Blaming: confoglcompmod.smx
L 09/14/2021 - 22:10:07: [SM] Call stack trace:
L 09/14/2021 - 22:10:07: [SM]   [0] SetEntProp
L 09/14/2021 - 22:10:07: [SM]   [1] Line 256, modules/GhostTank.sp::GT_IncapTimer
L 09/14/2021 - 22:15:03: Error log file session closed.
L 09/14/2021 - 23:00:00: SourceMod error session started
L 09/14/2021 - 23:00:00: Info (map "c5m1_waterfront") (file "/home/k26606_s24044/server_24044/left4dead2/addons/sourcemod/logs/errors_20210914.log")
L 09/14/2021 - 23:00:00: [CRASH] Accelerator uploaded crash dump: Crash ID: 43ZQ-QXTZ-W7X5
L 09/14/2021 - 23:00:05: Error log file session closed.
L 09/14/2021 - 23:02:06: SourceMod error session started
L 09/14/2021 - 23:02:06: Info (map "c10m1_caves") (file "/home/k26606_s24044/server_24044/left4dead2/addons/sourcemod/logs/errors_20210914.log")
L 09/14/2021 - 23:02:06: [confoglcompmod.smx] [Confogl] CvarSettings: Attempt to track ConVar sv_minrate, which is already being tracked.
L 09/14/2021 - 23:02:06: [confoglcompmod.smx] [Confogl] CvarSettings: Attempt to track ConVar sv_maxrate, which is already being tracked.
L 09/14/2021 - 23:02:06: [confoglcompmod.smx] [Confogl] CvarSettings: Attempt to track ConVar sv_mincmdrate, which is already being tracked.
L 09/14/2021 - 23:02:06: [confoglcompmod.smx] [Confogl] CvarSettings: Attempt to track ConVar sv_maxcmdrate, which is already being tracked.
L 09/14/2021 - 23:02:06: [confoglcompmod.smx] [Confogl] CvarSettings: Attempt to track ConVar sv_minupdaterate, which is already being tracked.
L 09/14/2021 - 23:02:06: [confoglcompmod.smx] [Confogl] CvarSettings: Attempt to track ConVar sv_maxupdaterate, which is already being tracked.
L 09/14/2021 - 23:02:06: [confoglcompmod.smx] [Confogl] CvarSettings: Attempt to track ConVar nb_update_frequency, which is already being tracked.
L 09/14/2021 - 23:02:06: [confoglcompmod.smx] [Confogl] CvarSettings: Attempt to track ConVar net_splitpacket_maxrate, which is already being tracked.
L 09/14/2021 - 23:02:06: [confoglcompmod.smx] [Confogl] CvarSettings: Attempt to track ConVar sv_client_min_interp_ratio, which is already being tracked.
L 09/14/2021 - 23:02:06: [confoglcompmod.smx] [Confogl] CvarSettings: Attempt to track ConVar sv_client_max_interp_ratio, which is already being tracked.
L 09/14/2021 - 23:02:06: [confoglcompmod.smx] [Confogl] CvarSettings: Attempt to track ConVar fps_max, which is already being tracked.
L 09/14/2021 - 23:02:09: Error log file session closed.
L 09/14/2021 - 23:58:23: SourceMod error session started
L 09/14/2021 - 23:58:23: Info (map "c5m1_waterfront") (file "/home/k26606_s24044/server_24044/left4dead2/addons/sourcemod/logs/errors_20210914.log")
L 09/14/2021 - 23:58:23: [CRASH] Accelerator uploaded crash dump: Crash ID: BWCV-T7T6-J3NX
L 09/14/2021 - 23:58:29: Error log file session closed.
L 09/14/2021 - 23:59:10: SourceMod error session started
L 09/14/2021 - 23:59:10: Info (map "c5m1_waterfront") (file "/home/k26606_s24044/server_24044/left4dead2/addons/sourcemod/logs/errors_20210914.log")
L 09/14/2021 - 23:59:10: [CRASH] Accelerator uploaded crash dump: Crash ID: JZ2A-RC4J-4XCH
L 09/14/2021 - 23:59:14: Error log file session closed.
