L 08/14/2021 - 00:04:21: SourceMod error session started
L 08/14/2021 - 00:04:21: Info (map "c1m1_hotel") (file "/home/k26606_s20329/server_20329/left4dead2/addons/sourcemod/logs/errors_20210814.log")
L 08/14/2021 - 00:04:21: [CRASH] Accelerator uploaded crash dump: Crash ID: KCUR-CCGQ-3EXG
L 08/14/2021 - 00:04:26: Error log file session closed.
L 08/14/2021 - 01:24:57: SourceMod error session started
L 08/14/2021 - 01:24:57: Info (map "c1m1_hotel") (file "/home/k26606_s20329/server_20329/left4dead2/addons/sourcemod/logs/errors_20210814.log")
L 08/14/2021 - 01:24:57: [CRASH] Accelerator failed to upload crash dump: The requested URL returned error: 502 (22)
L 08/14/2021 - 01:25:02: Error log file session closed.
L 08/14/2021 - 10:08:48: SourceMod error session started
L 08/14/2021 - 10:08:48: Info (map "c1m1_hotel") (file "/home/k26606_s20329/server_20329/left4dead2/addons/sourcemod/logs/errors_20210814.log")
L 08/14/2021 - 10:08:48: [CRASH] Accelerator uploaded crash dump: Crash ID: JLEF-A7A6-XJB7
L 08/14/2021 - 10:08:53: Error log file session closed.
L 08/14/2021 - 12:38:54: SourceMod error session started
L 08/14/2021 - 12:38:54: Info (map "c1m1_hotel") (file "/home/k26606_s20329/server_20329/left4dead2/addons/sourcemod/logs/errors_20210814.log")
L 08/14/2021 - 12:38:54: [CRASH] Accelerator uploaded crash dump: Crash ID: HZDP-SSPR-UTXF
L 08/14/2021 - 12:38:59: Error log file session closed.
L 08/14/2021 - 13:26:29: SourceMod error session started
L 08/14/2021 - 13:26:29: Info (map "c1m1_hotel") (file "/home/k26606_s20329/server_20329/left4dead2/addons/sourcemod/logs/errors_20210814.log")
L 08/14/2021 - 13:26:29: [CRASH] Accelerator uploaded crash dump: Crash ID: IOOT-V5YZ-RYW6
L 08/14/2021 - 13:26:34: Error log file session closed.
L 08/14/2021 - 15:52:04: SourceMod error session started
L 08/14/2021 - 15:52:04: Info (map "c13m1_alpinecreek") (file "/home/k26606_s20329/server_20329/left4dead2/addons/sourcemod/logs/errors_20210814.log")
L 08/14/2021 - 15:52:04: [SM] Exception reported: Handle 291e04f2 is invalid (error 3)
L 08/14/2021 - 15:52:04: [SM] Blaming: optional/kether/sm_give.smx
L 08/14/2021 - 15:52:04: [SM] Call stack trace:
L 08/14/2021 - 15:52:04: [SM]   [0] CloseHandle
L 08/14/2021 - 15:52:04: [SM]   [1] Line 197, D:\l4d2 serv\LIVESERVER\serwery\standard 60T\addons\sourcemod\scripting\sm_give.sp::ItemsMenuHandler
L 08/14/2021 - 15:55:20: Error log file session closed.
L 08/14/2021 - 16:24:00: SourceMod error session started
L 08/14/2021 - 16:24:00: Info (map "c13m3_memorialbridge") (file "/home/k26606_s20329/server_20329/left4dead2/addons/sourcemod/logs/errors_20210814.log")
L 08/14/2021 - 16:24:00: [SM] Exception reported: Handle 926e04fe is invalid (error 3)
L 08/14/2021 - 16:24:00: [SM] Blaming: optional/kether/sm_give.smx
L 08/14/2021 - 16:24:00: [SM] Call stack trace:
L 08/14/2021 - 16:24:00: [SM]   [0] CloseHandle
L 08/14/2021 - 16:24:00: [SM]   [1] Line 197, D:\l4d2 serv\LIVESERVER\serwery\standard 60T\addons\sourcemod\scripting\sm_give.sp::ItemsMenuHandler
L 08/14/2021 - 16:25:23: SourceMod error session started
L 08/14/2021 - 16:25:23: Info (map "c1m1_hotel") (file "/home/k26606_s20329/server_20329/left4dead2/addons/sourcemod/logs/errors_20210814.log")
L 08/14/2021 - 16:25:23: [CRASH] Accelerator uploaded crash dump: Crash ID: RY5C-AQGA-HEE4
L 08/14/2021 - 16:25:27: Error log file session closed.
L 08/14/2021 - 16:57:07: SourceMod error session started
L 08/14/2021 - 16:57:07: Info (map "c2m2_fairgrounds") (file "/home/k26606_s20329/server_20329/left4dead2/addons/sourcemod/logs/errors_20210814.log")
L 08/14/2021 - 16:57:07: [SM] Exception reported: Handle bcb0048f is invalid (error 3)
L 08/14/2021 - 16:57:07: [SM] Blaming: optional/kether/sm_give.smx
L 08/14/2021 - 16:57:07: [SM] Call stack trace:
L 08/14/2021 - 16:57:07: [SM]   [0] CloseHandle
L 08/14/2021 - 16:57:07: [SM]   [1] Line 197, D:\l4d2 serv\LIVESERVER\serwery\standard 60T\addons\sourcemod\scripting\sm_give.sp::ItemsMenuHandler
L 08/14/2021 - 17:19:16: Error log file session closed.
L 08/14/2021 - 17:54:58: SourceMod error session started
L 08/14/2021 - 17:54:58: Info (map "c1m1_hotel") (file "/home/k26606_s20329/server_20329/left4dead2/addons/sourcemod/logs/errors_20210814.log")
L 08/14/2021 - 17:54:58: [CRASH] Accelerator uploaded crash dump: Crash ID: 6H64-T3H6-6ACK
L 08/14/2021 - 17:55:03: Error log file session closed.
L 08/14/2021 - 18:23:30: SourceMod error session started
L 08/14/2021 - 18:23:30: Info (map "c7m2_barge") (file "/home/k26606_s20329/server_20329/left4dead2/addons/sourcemod/logs/errors_20210814.log")
L 08/14/2021 - 18:23:30: [SM] Exception reported: Handle 2eb3050d is invalid (error 3)
L 08/14/2021 - 18:23:30: [SM] Blaming: optional/kether/sm_give.smx
L 08/14/2021 - 18:23:30: [SM] Call stack trace:
L 08/14/2021 - 18:23:30: [SM]   [0] CloseHandle
L 08/14/2021 - 18:23:30: [SM]   [1] Line 197, D:\l4d2 serv\LIVESERVER\serwery\standard 60T\addons\sourcemod\scripting\sm_give.sp::ItemsMenuHandler
L 08/14/2021 - 18:43:23: Error log file session closed.
L 08/14/2021 - 19:00:03: SourceMod error session started
L 08/14/2021 - 19:00:03: Info (map "c1m1_hotel") (file "/home/k26606_s20329/server_20329/left4dead2/addons/sourcemod/logs/errors_20210814.log")
L 08/14/2021 - 19:00:03: [CRASH] Accelerator uploaded crash dump: Crash ID: SBUW-CPBW-JIXZ
L 08/14/2021 - 19:00:08: Error log file session closed.
L 08/14/2021 - 20:09:56: SourceMod error session started
L 08/14/2021 - 20:09:56: Info (map "c1m1_hotel") (file "/home/k26606_s20329/server_20329/left4dead2/addons/sourcemod/logs/errors_20210814.log")
L 08/14/2021 - 20:09:56: [CRASH] Accelerator uploaded crash dump: Crash ID: F3V2-ZOMD-CXF5
L 08/14/2021 - 20:10:01: Error log file session closed.
L 08/14/2021 - 21:04:57: SourceMod error session started
L 08/14/2021 - 21:04:57: Info (map "c1m1_hotel") (file "/home/k26606_s20329/server_20329/left4dead2/addons/sourcemod/logs/errors_20210814.log")
L 08/14/2021 - 21:04:57: [CRASH] Accelerator uploaded crash dump: Crash ID: PAZQ-Z6UO-4TSU
L 08/14/2021 - 21:05:02: Error log file session closed.
L 08/14/2021 - 21:25:24: SourceMod error session started
L 08/14/2021 - 21:25:24: Info (map "c8m2_subway") (file "/home/k26606_s20329/server_20329/left4dead2/addons/sourcemod/logs/errors_20210814.log")
L 08/14/2021 - 21:25:24: [SM] Exception reported: Handle efd804ea is invalid (error 3)
L 08/14/2021 - 21:25:24: [SM] Blaming: optional/kether/sm_give.smx
L 08/14/2021 - 21:25:24: [SM] Call stack trace:
L 08/14/2021 - 21:25:24: [SM]   [0] CloseHandle
L 08/14/2021 - 21:25:24: [SM]   [1] Line 197, D:\l4d2 serv\LIVESERVER\serwery\standard 60T\addons\sourcemod\scripting\sm_give.sp::ItemsMenuHandler
L 08/14/2021 - 21:39:12: Error log file session closed.
L 08/14/2021 - 21:41:22: SourceMod error session started
L 08/14/2021 - 21:41:22: Info (map "c1m1_hotel") (file "/home/k26606_s20329/server_20329/left4dead2/addons/sourcemod/logs/errors_20210814.log")
L 08/14/2021 - 21:41:22: [CRASH] Accelerator uploaded crash dump: Crash ID: SKKJ-EI6W-Y3O2
L 08/14/2021 - 21:41:27: Error log file session closed.
L 08/14/2021 - 22:30:19: SourceMod error session started
L 08/14/2021 - 22:30:19: Info (map "c1m1_hotel") (file "/home/k26606_s20329/server_20329/left4dead2/addons/sourcemod/logs/errors_20210814.log")
L 08/14/2021 - 22:30:19: [CRASH] Accelerator uploaded crash dump: Crash ID: KWCK-KGAH-KQBD
L 08/14/2021 - 22:30:24: Error log file session closed.
