L 12/24/2021 - 13:41:48: SourceMod error session started
L 12/24/2021 - 13:41:48: Info (map "c1m1_hotel") (file "/home/k26606_s20329/server_20329/left4dead2/addons/sourcemod/logs/errors_20211224.log")
L 12/24/2021 - 13:41:48: [CRASH] Accelerator uploaded crash dump: Crash ID: 6LRP-YXXT-U6E7
L 12/24/2021 - 13:41:51: [confoglcompmod.smx] [Confogl] CvarSettings: Could not find CVar specified (l4d2_tongue_delay)
L 12/24/2021 - 13:41:55: Error log file session closed.
L 12/24/2021 - 13:45:02: SourceMod error session started
L 12/24/2021 - 13:45:02: Info (map "c1m1_hotel") (file "/home/k26606_s20329/server_20329/left4dead2/addons/sourcemod/logs/errors_20211224.log")
L 12/24/2021 - 13:45:02: [CRASH] Accelerator uploaded crash dump: Crash ID: 7TLZ-S4F2-MSCZ
L 12/24/2021 - 13:45:04: [confoglcompmod.smx] [Confogl] CvarSettings: Could not find CVar specified (l4d2_tongue_delay)
L 12/24/2021 - 13:45:08: Error log file session closed.
L 12/24/2021 - 13:47:23: SourceMod error session started
L 12/24/2021 - 13:47:23: Info (map "c1m1_hotel") (file "/home/k26606_s20329/server_20329/left4dead2/addons/sourcemod/logs/errors_20211224.log")
L 12/24/2021 - 13:47:23: [CRASH] Accelerator uploaded crash dump: Crash ID: CFIR-VH77-TICH
L 12/24/2021 - 13:47:25: [confoglcompmod.smx] [Confogl] CvarSettings: Could not find CVar specified (l4d2_tongue_delay)
L 12/24/2021 - 13:47:28: Error log file session closed.
L 12/24/2021 - 13:53:03: SourceMod error session started
L 12/24/2021 - 13:53:03: Info (map "c1m1_hotel") (file "/home/k26606_s20329/server_20329/left4dead2/addons/sourcemod/logs/errors_20211224.log")
L 12/24/2021 - 13:53:03: [CRASH] Accelerator uploaded crash dump: Crash ID: BAIJ-SSGY-ZJT5
L 12/24/2021 - 13:53:05: [confoglcompmod.smx] [Confogl] CvarSettings: Could not find CVar specified (l4d2_tongue_delay)
L 12/24/2021 - 13:53:09: Error log file session closed.
L 12/24/2021 - 13:55:53: SourceMod error session started
L 12/24/2021 - 13:55:53: Info (map "c1m1_hotel") (file "/home/k26606_s20329/server_20329/left4dead2/addons/sourcemod/logs/errors_20211224.log")
L 12/24/2021 - 13:55:53: [CRASH] Accelerator uploaded crash dump: Crash ID: 7Z6W-235A-MIRO
L 12/24/2021 - 13:55:55: [confoglcompmod.smx] [Confogl] CvarSettings: Could not find CVar specified (l4d2_tongue_delay)
L 12/24/2021 - 13:55:58: Error log file session closed.
L 12/24/2021 - 13:57:27: SourceMod error session started
L 12/24/2021 - 13:57:27: Info (map "c1m1_hotel") (file "/home/k26606_s20329/server_20329/left4dead2/addons/sourcemod/logs/errors_20211224.log")
L 12/24/2021 - 13:57:27: [CRASH] Accelerator uploaded crash dump: Crash ID: A6J2-T5ID-LCJS
L 12/24/2021 - 13:57:29: [confoglcompmod.smx] [Confogl] CvarSettings: Could not find CVar specified (l4d2_tongue_delay)
L 12/24/2021 - 13:57:33: Error log file session closed.
L 12/24/2021 - 13:59:30: SourceMod error session started
L 12/24/2021 - 13:59:30: Info (map "c1m1_hotel") (file "/home/k26606_s20329/server_20329/left4dead2/addons/sourcemod/logs/errors_20211224.log")
L 12/24/2021 - 13:59:30: [CRASH] Accelerator uploaded crash dump: Crash ID: M6K5-6SC2-FHYK
L 12/24/2021 - 13:59:32: [confoglcompmod.smx] [Confogl] CvarSettings: Could not find CVar specified (l4d2_tongue_delay)
L 12/24/2021 - 13:59:35: Error log file session closed.
L 12/24/2021 - 14:03:04: SourceMod error session started
L 12/24/2021 - 14:03:04: Info (map "c1m1_hotel") (file "/home/k26606_s20329/server_20329/left4dead2/addons/sourcemod/logs/errors_20211224.log")
L 12/24/2021 - 14:03:04: [CRASH] Accelerator uploaded crash dump: Crash ID: QGK4-YUZL-X2B5
L 12/24/2021 - 14:03:06: [confoglcompmod.smx] [Confogl] CvarSettings: Could not find CVar specified (l4d2_tongue_delay)
L 12/24/2021 - 14:03:09: Error log file session closed.
L 12/24/2021 - 14:07:16: SourceMod error session started
L 12/24/2021 - 14:07:16: Info (map "c1m1_hotel") (file "/home/k26606_s20329/server_20329/left4dead2/addons/sourcemod/logs/errors_20211224.log")
L 12/24/2021 - 14:07:16: [CRASH] Accelerator uploaded crash dump: Crash ID: 7ZY2-EBSB-6MEN
L 12/24/2021 - 14:07:18: [confoglcompmod.smx] [Confogl] CvarSettings: Could not find CVar specified (l4d2_tongue_delay)
L 12/24/2021 - 14:07:22: Error log file session closed.
L 12/24/2021 - 14:09:07: SourceMod error session started
L 12/24/2021 - 14:09:07: Info (map "c1m1_hotel") (file "/home/k26606_s20329/server_20329/left4dead2/addons/sourcemod/logs/errors_20211224.log")
L 12/24/2021 - 14:09:07: [CRASH] Accelerator uploaded crash dump: Crash ID: 744B-6F6L-YVFF
L 12/24/2021 - 14:09:09: [confoglcompmod.smx] [Confogl] CvarSettings: Could not find CVar specified (l4d2_tongue_delay)
L 12/24/2021 - 14:09:12: Error log file session closed.
L 12/24/2021 - 22:57:00: SourceMod error session started
L 12/24/2021 - 22:57:00: Info (map "c1m1_hotel") (file "/home/k26606_s20329/server_20329/left4dead2/addons/sourcemod/logs/errors_20211224.log")
L 12/24/2021 - 22:57:00: [CRASH] Accelerator uploaded crash dump: Crash ID: XQGF-H5CQ-456D
L 12/24/2021 - 22:57:02: [confoglcompmod.smx] [Confogl] CvarSettings: Could not find CVar specified (l4d2_tongue_delay)
L 12/24/2021 - 22:57:06: Error log file session closed.
L 12/24/2021 - 23:49:25: SourceMod error session started
L 12/24/2021 - 23:49:25: Info (map "c1m1_hotel") (file "/home/k26606_s20329/server_20329/left4dead2/addons/sourcemod/logs/errors_20211224.log")
L 12/24/2021 - 23:49:25: [CRASH] Accelerator uploaded crash dump: Crash ID: YXWW-RWYC-BY3T
L 12/24/2021 - 23:49:27: [confoglcompmod.smx] [Confogl] CvarSettings: Could not find CVar specified (l4d2_tongue_delay)
L 12/24/2021 - 23:49:31: Error log file session closed.
