L 08/10/2021 - 01:02:00: SourceMod error session started
L 08/10/2021 - 01:02:00: Info (map "c1m1_hotel") (file "/home/k26606_s20329/server_20329/left4dead2/addons/sourcemod/logs/errors_20210810.log")
L 08/10/2021 - 01:02:00: [CRASH] Accelerator uploaded crash dump: Crash ID: VI33-DAJE-DAUV
L 08/10/2021 - 01:02:05: Error log file session closed.
L 08/10/2021 - 07:12:23: SourceMod error session started
L 08/10/2021 - 07:12:23: Info (map "c1m1_hotel") (file "/home/k26606_s20329/server_20329/left4dead2/addons/sourcemod/logs/errors_20210810.log")
L 08/10/2021 - 07:12:23: [CRASH] Accelerator uploaded crash dump: Crash ID: 3DVH-ITJ5-B4GC
L 08/10/2021 - 07:12:28: Error log file session closed.
L 08/10/2021 - 07:31:21: SourceMod error session started
L 08/10/2021 - 07:31:21: Info (map "c1m1_hotel") (file "/home/k26606_s20329/server_20329/left4dead2/addons/sourcemod/logs/errors_20210810.log")
L 08/10/2021 - 07:31:21: [CRASH] Accelerator uploaded crash dump: Crash ID: 4TAE-FIPX-P4G7
L 08/10/2021 - 07:31:26: Error log file session closed.
L 08/10/2021 - 08:20:40: SourceMod error session started
L 08/10/2021 - 08:20:40: Info (map "c1m1_hotel") (file "/home/k26606_s20329/server_20329/left4dead2/addons/sourcemod/logs/errors_20210810.log")
L 08/10/2021 - 08:20:40: [CRASH] Accelerator uploaded crash dump: Crash ID: ZJHY-ZHJI-KSYY
L 08/10/2021 - 08:20:45: Error log file session closed.
L 08/10/2021 - 08:28:10: SourceMod error session started
L 08/10/2021 - 08:28:10: Info (map "c5m2_park") (file "/home/k26606_s20329/server_20329/left4dead2/addons/sourcemod/logs/errors_20210810.log")
L 08/10/2021 - 08:28:10: [SM] Exception reported: Handle 483204a9 is invalid (error 3)
L 08/10/2021 - 08:28:10: [SM] Blaming: optional/kether/sm_give.smx
L 08/10/2021 - 08:28:10: [SM] Call stack trace:
L 08/10/2021 - 08:28:10: [SM]   [0] CloseHandle
L 08/10/2021 - 08:28:10: [SM]   [1] Line 197, D:\l4d2 serv\LIVESERVER\serwery\standard 60T\addons\sourcemod\scripting\sm_give.sp::ItemsMenuHandler
L 08/10/2021 - 08:30:28: Error log file session closed.
L 08/10/2021 - 08:36:59: SourceMod error session started
L 08/10/2021 - 08:36:59: Info (map "c5m4_quarter") (file "/home/k26606_s20329/server_20329/left4dead2/addons/sourcemod/logs/errors_20210810.log")
L 08/10/2021 - 08:36:59: [SM] Exception reported: Handle f50c0497 is invalid (error 3)
L 08/10/2021 - 08:36:59: [SM] Blaming: optional/kether/sm_give.smx
L 08/10/2021 - 08:36:59: [SM] Call stack trace:
L 08/10/2021 - 08:36:59: [SM]   [0] CloseHandle
L 08/10/2021 - 08:36:59: [SM]   [1] Line 197, D:\l4d2 serv\LIVESERVER\serwery\standard 60T\addons\sourcemod\scripting\sm_give.sp::ItemsMenuHandler
L 08/10/2021 - 08:39:03: Error log file session closed.
L 08/10/2021 - 08:39:15: SourceMod error session started
L 08/10/2021 - 08:39:15: Info (map "c1m1_hotel") (file "/home/k26606_s20329/server_20329/left4dead2/addons/sourcemod/logs/errors_20210810.log")
L 08/10/2021 - 08:39:15: [CRASH] Accelerator uploaded crash dump: Crash ID: TN6B-6TAU-7HG2
L 08/10/2021 - 08:39:20: Error log file session closed.
L 08/10/2021 - 08:46:07: SourceMod error session started
L 08/10/2021 - 08:46:07: Info (map "c1m1_hotel") (file "/home/k26606_s20329/server_20329/left4dead2/addons/sourcemod/logs/errors_20210810.log")
L 08/10/2021 - 08:46:07: [CRASH] Accelerator uploaded crash dump: Crash ID: GNKU-244P-LA6G
L 08/10/2021 - 08:46:12: Error log file session closed.
L 08/10/2021 - 08:49:47: SourceMod error session started
L 08/10/2021 - 08:49:47: Info (map "c1m1_hotel") (file "/home/k26606_s20329/server_20329/left4dead2/addons/sourcemod/logs/errors_20210810.log")
L 08/10/2021 - 08:49:47: [CRASH] Accelerator uploaded crash dump: Crash ID: 7AUJ-CBEL-FJQE
L 08/10/2021 - 08:49:52: Error log file session closed.
L 08/10/2021 - 09:42:30: SourceMod error session started
L 08/10/2021 - 09:42:30: Info (map "c1m1_hotel") (file "/home/k26606_s20329/server_20329/left4dead2/addons/sourcemod/logs/errors_20210810.log")
L 08/10/2021 - 09:42:30: [CRASH] Accelerator uploaded crash dump: Crash ID: CJA7-XKQ5-4QEM
L 08/10/2021 - 09:42:35: Error log file session closed.
L 08/10/2021 - 13:03:25: SourceMod error session started
L 08/10/2021 - 13:03:25: Info (map "c1m1_hotel") (file "/home/k26606_s20329/server_20329/left4dead2/addons/sourcemod/logs/errors_20210810.log")
L 08/10/2021 - 13:03:25: [CRASH] Accelerator uploaded crash dump: Crash ID: GO2I-IGFS-6YPL
L 08/10/2021 - 13:03:30: Error log file session closed.
L 08/10/2021 - 13:34:52: SourceMod error session started
L 08/10/2021 - 13:34:52: Info (map "c1m1_hotel") (file "/home/k26606_s20329/server_20329/left4dead2/addons/sourcemod/logs/errors_20210810.log")
L 08/10/2021 - 13:34:52: [CRASH] Accelerator uploaded crash dump: Crash ID: GVRD-KSG4-NSGS
L 08/10/2021 - 13:34:57: Error log file session closed.
L 08/10/2021 - 17:09:51: SourceMod error session started
L 08/10/2021 - 17:09:51: Info (map "c10m1_caves") (file "/home/k26606_s20329/server_20329/left4dead2/addons/sourcemod/logs/errors_20210810.log")
L 08/10/2021 - 17:09:51: [confoglcompmod.smx] [Confogl] CvarSettings: Could not find CVar specified (sound_flags)
L 08/10/2021 - 17:09:54: Error log file session closed.
L 08/10/2021 - 17:24:27: SourceMod error session started
L 08/10/2021 - 17:24:27: Info (map "c1m1_hotel") (file "/home/k26606_s20329/server_20329/left4dead2/addons/sourcemod/logs/errors_20210810.log")
L 08/10/2021 - 17:24:27: [CRASH] Accelerator uploaded crash dump: Crash ID: K5VF-3JH5-5SDD
L 08/10/2021 - 17:24:32: Error log file session closed.
L 08/10/2021 - 17:26:43: SourceMod error session started
L 08/10/2021 - 17:26:43: Info (map "c10m1_caves") (file "/home/k26606_s20329/server_20329/left4dead2/addons/sourcemod/logs/errors_20210810.log")
L 08/10/2021 - 17:26:43: [confoglcompmod.smx] [Confogl] CvarSettings: Could not find CVar specified (sound_flags)
L 08/10/2021 - 17:26:46: Error log file session closed.
L 08/10/2021 - 18:01:57: SourceMod error session started
L 08/10/2021 - 18:01:57: Info (map "c1m1_hotel") (file "/home/k26606_s20329/server_20329/left4dead2/addons/sourcemod/logs/errors_20210810.log")
L 08/10/2021 - 18:01:57: [CRASH] Accelerator uploaded crash dump: Crash ID: 3IEE-4BNN-XHRX
L 08/10/2021 - 18:02:02: Error log file session closed.
L 08/10/2021 - 18:51:40: SourceMod error session started
L 08/10/2021 - 18:51:40: Info (map "c12m2_traintunnel") (file "/home/k26606_s20329/server_20329/left4dead2/addons/sourcemod/logs/errors_20210810.log")
L 08/10/2021 - 18:51:40: [SM] Exception reported: Array index out-of-bounds (index 4, limit 4)
L 08/10/2021 - 18:51:40: [SM] Blaming: optional/kether/c_l4d2scores.smx
L 08/10/2021 - 18:51:40: [SM] Call stack trace:
L 08/10/2021 - 18:51:40: [SM]   [1] Line 1087, D:\l4d2 serv\addons\sourcemod\scripting\kether\c_l4d2scores.sp::TryTeamPlacement
L 08/10/2021 - 18:51:40: [SM]   [2] Line 661, D:\l4d2 serv\addons\sourcemod\scripting\kether\c_l4d2scores.sp::Command_SwapTo
L 08/10/2021 - 19:00:15: Error log file session closed.
L 08/10/2021 - 19:02:39: SourceMod error session started
L 08/10/2021 - 19:02:39: Info (map "c1m1_hotel") (file "/home/k26606_s20329/server_20329/left4dead2/addons/sourcemod/logs/errors_20210810.log")
L 08/10/2021 - 19:02:39: [CRASH] Accelerator uploaded crash dump: Crash ID: VZGQ-GOJV-T7A5
L 08/10/2021 - 19:02:44: Error log file session closed.
L 08/10/2021 - 20:14:32: SourceMod error session started
L 08/10/2021 - 20:14:32: Info (map "c1m1_hotel") (file "/home/k26606_s20329/server_20329/left4dead2/addons/sourcemod/logs/errors_20210810.log")
L 08/10/2021 - 20:14:32: [CRASH] Accelerator uploaded crash dump: Crash ID: X3EZ-4OHB-SV2D
L 08/10/2021 - 20:14:37: Error log file session closed.
L 08/10/2021 - 21:26:02: SourceMod error session started
L 08/10/2021 - 21:26:02: Info (map "c1m1_hotel") (file "/home/k26606_s20329/server_20329/left4dead2/addons/sourcemod/logs/errors_20210810.log")
L 08/10/2021 - 21:26:02: [CRASH] Accelerator uploaded crash dump: Crash ID: C55G-WOV3-6G7Y
L 08/10/2021 - 21:26:07: Error log file session closed.
L 08/10/2021 - 21:26:43: SourceMod error session started
L 08/10/2021 - 21:26:43: Info (map "c1m1_hotel") (file "/home/k26606_s20329/server_20329/left4dead2/addons/sourcemod/logs/errors_20210810.log")
L 08/10/2021 - 21:26:43: [CRASH] Accelerator uploaded crash dump: Crash ID: MAOA-PS22-UULF
L 08/10/2021 - 21:26:48: Error log file session closed.
L 08/10/2021 - 21:35:54: SourceMod error session started
L 08/10/2021 - 21:35:54: Info (map "c1m1_hotel") (file "/home/k26606_s20329/server_20329/left4dead2/addons/sourcemod/logs/errors_20210810.log")
L 08/10/2021 - 21:35:54: [CRASH] Accelerator uploaded crash dump: Crash ID: TITI-XXWO-QYVE
L 08/10/2021 - 21:35:59: Error log file session closed.
