L 10/07/2021 - 18:11:04: SourceMod error session started
L 10/07/2021 - 18:11:04: Info (map "c1m1_hotel") (file "/home/k26606_s20329/server_20329/left4dead2/addons/sourcemod/logs/errors_20211007.log")
L 10/07/2021 - 18:11:04: [SM] Exception reported: Invalid convar handle 0 (error 4)
L 10/07/2021 - 18:11:04: [SM] Blaming: fixes/l4d2_unsilent_jockey.smx
L 10/07/2021 - 18:11:04: [SM] Call stack trace:
L 10/07/2021 - 18:11:04: [SM]   [0] ConVar.AddChangeHook
L 10/07/2021 - 18:11:04: [SM]   [1] Line 91, D:\SourcePawn10\l4d2_unsilent_jockey.sp::OnPluginStart
L 10/07/2021 - 18:11:04: [SM] Unable to load plugin "fixes/l4d2_unsilent_jockey.smx": Error detected in plugin startup (see error logs)
L 10/07/2021 - 18:11:04: [CRASH] Accelerator uploaded crash dump: Crash ID: 3LSK-BVDA-ON6O
L 10/07/2021 - 18:11:06: [SM] Exception reported: Invalid convar handle 0 (error 4)
L 10/07/2021 - 18:11:06: [SM] Blaming: fixes/l4d2_unsilent_jockey.smx
L 10/07/2021 - 18:11:06: [SM] Call stack trace:
L 10/07/2021 - 18:11:06: [SM]   [0] ConVar.AddChangeHook
L 10/07/2021 - 18:11:06: [SM]   [1] Line 91, D:\SourcePawn10\l4d2_unsilent_jockey.sp::OnPluginStart
L 10/07/2021 - 18:11:07: [SM] Exception reported: Failed to find LagComp addresses: 0xedda9080, 00000000, 00000000
L 10/07/2021 - 18:11:07: [SM] Blaming: optional/kether/l4d2_lagcomp_manager.smx
L 10/07/2021 - 18:11:07: [SM] Call stack trace:
L 10/07/2021 - 18:11:07: [SM]   [0] SetFailState
L 10/07/2021 - 18:11:07: [SM]   [1] Line 32, D:\l4d2 serv\addons\sourcemod\scripting\kether\l4d2_lagcomp_manager.sp::OnPluginStart
L 10/07/2021 - 18:11:07: [confoglcompmod.smx] [Confogl] CvarSettings: Could not find CVar specified (confogl_disable_ghost_hurt)
L 10/07/2021 - 18:11:07: [confoglcompmod.smx] [Confogl] CvarSettings: Could not find CVar specified (confogl_remove_parachutist)
L 10/07/2021 - 18:11:07: [confoglcompmod.smx] [Confogl] CvarSettings: Could not find CVar specified (sm_unsilentjockey_enabled)
L 10/07/2021 - 18:11:07: [confoglcompmod.smx] [Confogl] CvarSettings: Could not find CVar specified (sm_unsilentjockey_always)
L 10/07/2021 - 18:11:07: [confoglcompmod.smx] [Confogl] CvarSettings: Could not find CVar specified (sm_unsilentjockey_time)
L 10/07/2021 - 18:11:11: Error log file session closed.
L 10/07/2021 - 18:50:05: SourceMod error session started
L 10/07/2021 - 18:50:05: Info (map "c1m1_hotel") (file "/home/k26606_s20329/server_20329/left4dead2/addons/sourcemod/logs/errors_20211007.log")
L 10/07/2021 - 18:50:05: [SM] Exception reported: Invalid convar handle 0 (error 4)
L 10/07/2021 - 18:50:05: [SM] Blaming: fixes/l4d2_unsilent_jockey.smx
L 10/07/2021 - 18:50:05: [SM] Call stack trace:
L 10/07/2021 - 18:50:05: [SM]   [0] ConVar.AddChangeHook
L 10/07/2021 - 18:50:05: [SM]   [1] Line 91, D:\SourcePawn10\l4d2_unsilent_jockey.sp::OnPluginStart
L 10/07/2021 - 18:50:05: [SM] Unable to load plugin "fixes/l4d2_unsilent_jockey.smx": Error detected in plugin startup (see error logs)
L 10/07/2021 - 18:50:05: [CRASH] Accelerator uploaded crash dump: Crash ID: L6UK-UA5J-CB4U
L 10/07/2021 - 18:50:07: [SM] Exception reported: Invalid convar handle 0 (error 4)
L 10/07/2021 - 18:50:07: [SM] Blaming: fixes/l4d2_unsilent_jockey.smx
L 10/07/2021 - 18:50:07: [SM] Call stack trace:
L 10/07/2021 - 18:50:07: [SM]   [0] ConVar.AddChangeHook
L 10/07/2021 - 18:50:07: [SM]   [1] Line 91, D:\SourcePawn10\l4d2_unsilent_jockey.sp::OnPluginStart
L 10/07/2021 - 18:50:07: [SM] Exception reported: Failed to find LagComp addresses: 0xede3a080, 00000000, 00000000
L 10/07/2021 - 18:50:07: [SM] Blaming: optional/kether/l4d2_lagcomp_manager.smx
L 10/07/2021 - 18:50:07: [SM] Call stack trace:
L 10/07/2021 - 18:50:07: [SM]   [0] SetFailState
L 10/07/2021 - 18:50:07: [SM]   [1] Line 32, D:\l4d2 serv\addons\sourcemod\scripting\kether\l4d2_lagcomp_manager.sp::OnPluginStart
L 10/07/2021 - 18:50:07: [confoglcompmod.smx] [Confogl] CvarSettings: Could not find CVar specified (confogl_disable_ghost_hurt)
L 10/07/2021 - 18:50:07: [confoglcompmod.smx] [Confogl] CvarSettings: Could not find CVar specified (confogl_remove_parachutist)
L 10/07/2021 - 18:50:07: [confoglcompmod.smx] [Confogl] CvarSettings: Could not find CVar specified (sm_unsilentjockey_enabled)
L 10/07/2021 - 18:50:07: [confoglcompmod.smx] [Confogl] CvarSettings: Could not find CVar specified (sm_unsilentjockey_always)
L 10/07/2021 - 18:50:07: [confoglcompmod.smx] [Confogl] CvarSettings: Could not find CVar specified (sm_unsilentjockey_time)
L 10/07/2021 - 18:50:11: Error log file session closed.
L 10/07/2021 - 20:44:05: SourceMod error session started
L 10/07/2021 - 20:44:05: Info (map "c1m1_hotel") (file "/home/k26606_s20329/server_20329/left4dead2/addons/sourcemod/logs/errors_20211007.log")
L 10/07/2021 - 20:44:05: [SM] Exception reported: Invalid convar handle 0 (error 4)
L 10/07/2021 - 20:44:05: [SM] Blaming: fixes/l4d2_unsilent_jockey.smx
L 10/07/2021 - 20:44:05: [SM] Call stack trace:
L 10/07/2021 - 20:44:05: [SM]   [0] ConVar.AddChangeHook
L 10/07/2021 - 20:44:05: [SM]   [1] Line 91, D:\SourcePawn10\l4d2_unsilent_jockey.sp::OnPluginStart
L 10/07/2021 - 20:44:05: [SM] Unable to load plugin "fixes/l4d2_unsilent_jockey.smx": Error detected in plugin startup (see error logs)
L 10/07/2021 - 20:44:05: [CRASH] Accelerator uploaded crash dump: Crash ID: QJN5-Q5MR-5AOY
L 10/07/2021 - 20:44:07: [SM] Exception reported: Invalid convar handle 0 (error 4)
L 10/07/2021 - 20:44:07: [SM] Blaming: fixes/l4d2_unsilent_jockey.smx
L 10/07/2021 - 20:44:07: [SM] Call stack trace:
L 10/07/2021 - 20:44:07: [SM]   [0] ConVar.AddChangeHook
L 10/07/2021 - 20:44:07: [SM]   [1] Line 91, D:\SourcePawn10\l4d2_unsilent_jockey.sp::OnPluginStart
L 10/07/2021 - 20:44:07: [SM] Exception reported: Failed to find LagComp addresses: 0xeddbf080, 00000000, 00000000
L 10/07/2021 - 20:44:07: [SM] Blaming: optional/kether/l4d2_lagcomp_manager.smx
L 10/07/2021 - 20:44:07: [SM] Call stack trace:
L 10/07/2021 - 20:44:07: [SM]   [0] SetFailState
L 10/07/2021 - 20:44:07: [SM]   [1] Line 32, D:\l4d2 serv\addons\sourcemod\scripting\kether\l4d2_lagcomp_manager.sp::OnPluginStart
L 10/07/2021 - 20:44:08: [confoglcompmod.smx] [Confogl] CvarSettings: Could not find CVar specified (confogl_disable_ghost_hurt)
L 10/07/2021 - 20:44:08: [confoglcompmod.smx] [Confogl] CvarSettings: Could not find CVar specified (confogl_remove_parachutist)
L 10/07/2021 - 20:44:08: [confoglcompmod.smx] [Confogl] CvarSettings: Could not find CVar specified (sm_unsilentjockey_enabled)
L 10/07/2021 - 20:44:08: [confoglcompmod.smx] [Confogl] CvarSettings: Could not find CVar specified (sm_unsilentjockey_always)
L 10/07/2021 - 20:44:08: [confoglcompmod.smx] [Confogl] CvarSettings: Could not find CVar specified (sm_unsilentjockey_time)
L 10/07/2021 - 20:44:11: Error log file session closed.
L 10/07/2021 - 21:31:45: SourceMod error session started
L 10/07/2021 - 21:31:45: Info (map "c1m1_hotel") (file "/home/k26606_s20329/server_20329/left4dead2/addons/sourcemod/logs/errors_20211007.log")
L 10/07/2021 - 21:31:45: [SM] Exception reported: Invalid convar handle 0 (error 4)
L 10/07/2021 - 21:31:45: [SM] Blaming: fixes/l4d2_unsilent_jockey.smx
L 10/07/2021 - 21:31:45: [SM] Call stack trace:
L 10/07/2021 - 21:31:45: [SM]   [0] ConVar.AddChangeHook
L 10/07/2021 - 21:31:45: [SM]   [1] Line 91, D:\SourcePawn10\l4d2_unsilent_jockey.sp::OnPluginStart
L 10/07/2021 - 21:31:45: [SM] Unable to load plugin "fixes/l4d2_unsilent_jockey.smx": Error detected in plugin startup (see error logs)
L 10/07/2021 - 21:31:45: [CRASH] Accelerator uploaded crash dump: Crash ID: I75Z-XJ2J-HMZR
L 10/07/2021 - 21:31:47: [SM] Exception reported: Invalid convar handle 0 (error 4)
L 10/07/2021 - 21:31:47: [SM] Blaming: fixes/l4d2_unsilent_jockey.smx
L 10/07/2021 - 21:31:47: [SM] Call stack trace:
L 10/07/2021 - 21:31:47: [SM]   [0] ConVar.AddChangeHook
L 10/07/2021 - 21:31:47: [SM]   [1] Line 91, D:\SourcePawn10\l4d2_unsilent_jockey.sp::OnPluginStart
L 10/07/2021 - 21:31:47: [SM] Exception reported: Failed to find LagComp addresses: 0xede1b080, 00000000, 00000000
L 10/07/2021 - 21:31:47: [SM] Blaming: optional/kether/l4d2_lagcomp_manager.smx
L 10/07/2021 - 21:31:47: [SM] Call stack trace:
L 10/07/2021 - 21:31:47: [SM]   [0] SetFailState
L 10/07/2021 - 21:31:47: [SM]   [1] Line 32, D:\l4d2 serv\addons\sourcemod\scripting\kether\l4d2_lagcomp_manager.sp::OnPluginStart
L 10/07/2021 - 21:31:48: [confoglcompmod.smx] [Confogl] CvarSettings: Could not find CVar specified (confogl_disable_ghost_hurt)
L 10/07/2021 - 21:31:48: [confoglcompmod.smx] [Confogl] CvarSettings: Could not find CVar specified (confogl_remove_parachutist)
L 10/07/2021 - 21:31:48: [confoglcompmod.smx] [Confogl] CvarSettings: Could not find CVar specified (sm_unsilentjockey_enabled)
L 10/07/2021 - 21:31:48: [confoglcompmod.smx] [Confogl] CvarSettings: Could not find CVar specified (sm_unsilentjockey_always)
L 10/07/2021 - 21:31:48: [confoglcompmod.smx] [Confogl] CvarSettings: Could not find CVar specified (sm_unsilentjockey_time)
L 10/07/2021 - 21:31:51: Error log file session closed.
