L 10/09/2021 - 17:34:41: SourceMod error session started
L 10/09/2021 - 17:34:41: Info (map "c1m1_hotel") (file "/home/k26606_s20329/server_20329/left4dead2/addons/sourcemod/logs/errors_20211009.log")
L 10/09/2021 - 17:34:41: [SM] Exception reported: Invalid convar handle 0 (error 4)
L 10/09/2021 - 17:34:41: [SM] Blaming: fixes/l4d2_unsilent_jockey.smx
L 10/09/2021 - 17:34:41: [SM] Call stack trace:
L 10/09/2021 - 17:34:41: [SM]   [0] ConVar.AddChangeHook
L 10/09/2021 - 17:34:41: [SM]   [1] Line 91, D:\SourcePawn10\l4d2_unsilent_jockey.sp::OnPluginStart
L 10/09/2021 - 17:34:41: [SM] Unable to load plugin "fixes/l4d2_unsilent_jockey.smx": Error detected in plugin startup (see error logs)
L 10/09/2021 - 17:34:41: [CRASH] Accelerator uploaded crash dump: Crash ID: 3ACV-62HQ-A3JF
L 10/09/2021 - 17:34:43: [SM] Exception reported: Invalid convar handle 0 (error 4)
L 10/09/2021 - 17:34:43: [SM] Blaming: fixes/l4d2_unsilent_jockey.smx
L 10/09/2021 - 17:34:43: [SM] Call stack trace:
L 10/09/2021 - 17:34:43: [SM]   [0] ConVar.AddChangeHook
L 10/09/2021 - 17:34:43: [SM]   [1] Line 91, D:\SourcePawn10\l4d2_unsilent_jockey.sp::OnPluginStart
L 10/09/2021 - 17:34:43: [SM] Exception reported: Failed to find LagComp addresses: 0xede10080, 00000000, 00000000
L 10/09/2021 - 17:34:43: [SM] Blaming: optional/kether/l4d2_lagcomp_manager.smx
L 10/09/2021 - 17:34:43: [SM] Call stack trace:
L 10/09/2021 - 17:34:43: [SM]   [0] SetFailState
L 10/09/2021 - 17:34:43: [SM]   [1] Line 32, D:\l4d2 serv\addons\sourcemod\scripting\kether\l4d2_lagcomp_manager.sp::OnPluginStart
L 10/09/2021 - 17:34:44: [confoglcompmod.smx] [Confogl] CvarSettings: Could not find CVar specified (confogl_disable_ghost_hurt)
L 10/09/2021 - 17:34:44: [confoglcompmod.smx] [Confogl] CvarSettings: Could not find CVar specified (confogl_remove_parachutist)
L 10/09/2021 - 17:34:44: [confoglcompmod.smx] [Confogl] CvarSettings: Could not find CVar specified (sm_unsilentjockey_enabled)
L 10/09/2021 - 17:34:44: [confoglcompmod.smx] [Confogl] CvarSettings: Could not find CVar specified (sm_unsilentjockey_always)
L 10/09/2021 - 17:34:44: [confoglcompmod.smx] [Confogl] CvarSettings: Could not find CVar specified (sm_unsilentjockey_time)
L 10/09/2021 - 17:34:47: Error log file session closed.
L 10/09/2021 - 19:38:14: SourceMod error session started
L 10/09/2021 - 19:38:14: Info (map "c1m1_hotel") (file "/home/k26606_s20329/server_20329/left4dead2/addons/sourcemod/logs/errors_20211009.log")
L 10/09/2021 - 19:38:14: [SM] Exception reported: Invalid convar handle 0 (error 4)
L 10/09/2021 - 19:38:14: [SM] Blaming: fixes/l4d2_unsilent_jockey.smx
L 10/09/2021 - 19:38:14: [SM] Call stack trace:
L 10/09/2021 - 19:38:14: [SM]   [0] ConVar.AddChangeHook
L 10/09/2021 - 19:38:14: [SM]   [1] Line 91, D:\SourcePawn10\l4d2_unsilent_jockey.sp::OnPluginStart
L 10/09/2021 - 19:38:14: [SM] Unable to load plugin "fixes/l4d2_unsilent_jockey.smx": Error detected in plugin startup (see error logs)
L 10/09/2021 - 19:38:15: [CRASH] Accelerator uploaded crash dump: Crash ID: F4F5-HULC-CR5C
L 10/09/2021 - 19:38:16: [SM] Exception reported: Invalid convar handle 0 (error 4)
L 10/09/2021 - 19:38:16: [SM] Blaming: fixes/l4d2_unsilent_jockey.smx
L 10/09/2021 - 19:38:16: [SM] Call stack trace:
L 10/09/2021 - 19:38:16: [SM]   [0] ConVar.AddChangeHook
L 10/09/2021 - 19:38:16: [SM]   [1] Line 91, D:\SourcePawn10\l4d2_unsilent_jockey.sp::OnPluginStart
L 10/09/2021 - 19:38:16: [SM] Exception reported: Failed to find LagComp addresses: 0xedda9080, 00000000, 00000000
L 10/09/2021 - 19:38:16: [SM] Blaming: optional/kether/l4d2_lagcomp_manager.smx
L 10/09/2021 - 19:38:16: [SM] Call stack trace:
L 10/09/2021 - 19:38:16: [SM]   [0] SetFailState
L 10/09/2021 - 19:38:16: [SM]   [1] Line 32, D:\l4d2 serv\addons\sourcemod\scripting\kether\l4d2_lagcomp_manager.sp::OnPluginStart
L 10/09/2021 - 19:38:17: [confoglcompmod.smx] [Confogl] CvarSettings: Could not find CVar specified (confogl_disable_ghost_hurt)
L 10/09/2021 - 19:38:17: [confoglcompmod.smx] [Confogl] CvarSettings: Could not find CVar specified (confogl_remove_parachutist)
L 10/09/2021 - 19:38:17: [confoglcompmod.smx] [Confogl] CvarSettings: Could not find CVar specified (sm_unsilentjockey_enabled)
L 10/09/2021 - 19:38:17: [confoglcompmod.smx] [Confogl] CvarSettings: Could not find CVar specified (sm_unsilentjockey_always)
L 10/09/2021 - 19:38:17: [confoglcompmod.smx] [Confogl] CvarSettings: Could not find CVar specified (sm_unsilentjockey_time)
L 10/09/2021 - 19:38:20: Error log file session closed.
L 10/09/2021 - 21:43:54: SourceMod error session started
L 10/09/2021 - 21:43:54: Info (map "c1m1_hotel") (file "/home/k26606_s20329/server_20329/left4dead2/addons/sourcemod/logs/errors_20211009.log")
L 10/09/2021 - 21:43:54: [SM] Exception reported: Invalid convar handle 0 (error 4)
L 10/09/2021 - 21:43:54: [SM] Blaming: fixes/l4d2_unsilent_jockey.smx
L 10/09/2021 - 21:43:54: [SM] Call stack trace:
L 10/09/2021 - 21:43:54: [SM]   [0] ConVar.AddChangeHook
L 10/09/2021 - 21:43:54: [SM]   [1] Line 91, D:\SourcePawn10\l4d2_unsilent_jockey.sp::OnPluginStart
L 10/09/2021 - 21:43:54: [SM] Unable to load plugin "fixes/l4d2_unsilent_jockey.smx": Error detected in plugin startup (see error logs)
L 10/09/2021 - 21:43:55: [CRASH] Accelerator uploaded crash dump: Crash ID: AHSJ-B2US-75CM
L 10/09/2021 - 21:43:56: [SM] Exception reported: Invalid convar handle 0 (error 4)
L 10/09/2021 - 21:43:56: [SM] Blaming: fixes/l4d2_unsilent_jockey.smx
L 10/09/2021 - 21:43:56: [SM] Call stack trace:
L 10/09/2021 - 21:43:56: [SM]   [0] ConVar.AddChangeHook
L 10/09/2021 - 21:43:56: [SM]   [1] Line 91, D:\SourcePawn10\l4d2_unsilent_jockey.sp::OnPluginStart
L 10/09/2021 - 21:43:56: [SM] Exception reported: Failed to find LagComp addresses: 0xede5a080, 00000000, 00000000
L 10/09/2021 - 21:43:56: [SM] Blaming: optional/kether/l4d2_lagcomp_manager.smx
L 10/09/2021 - 21:43:56: [SM] Call stack trace:
L 10/09/2021 - 21:43:56: [SM]   [0] SetFailState
L 10/09/2021 - 21:43:56: [SM]   [1] Line 32, D:\l4d2 serv\addons\sourcemod\scripting\kether\l4d2_lagcomp_manager.sp::OnPluginStart
L 10/09/2021 - 21:43:57: [confoglcompmod.smx] [Confogl] CvarSettings: Could not find CVar specified (confogl_disable_ghost_hurt)
L 10/09/2021 - 21:43:57: [confoglcompmod.smx] [Confogl] CvarSettings: Could not find CVar specified (confogl_remove_parachutist)
L 10/09/2021 - 21:43:57: [confoglcompmod.smx] [Confogl] CvarSettings: Could not find CVar specified (sm_unsilentjockey_enabled)
L 10/09/2021 - 21:43:57: [confoglcompmod.smx] [Confogl] CvarSettings: Could not find CVar specified (sm_unsilentjockey_always)
L 10/09/2021 - 21:43:57: [confoglcompmod.smx] [Confogl] CvarSettings: Could not find CVar specified (sm_unsilentjockey_time)
L 10/09/2021 - 21:44:00: Error log file session closed.
L 10/09/2021 - 23:18:17: SourceMod error session started
L 10/09/2021 - 23:18:17: Info (map "c1m1_hotel") (file "/home/k26606_s20329/server_20329/left4dead2/addons/sourcemod/logs/errors_20211009.log")
L 10/09/2021 - 23:18:17: [SM] Exception reported: Invalid convar handle 0 (error 4)
L 10/09/2021 - 23:18:17: [SM] Blaming: fixes/l4d2_unsilent_jockey.smx
L 10/09/2021 - 23:18:17: [SM] Call stack trace:
L 10/09/2021 - 23:18:17: [SM]   [0] ConVar.AddChangeHook
L 10/09/2021 - 23:18:17: [SM]   [1] Line 91, D:\SourcePawn10\l4d2_unsilent_jockey.sp::OnPluginStart
L 10/09/2021 - 23:18:17: [SM] Unable to load plugin "fixes/l4d2_unsilent_jockey.smx": Error detected in plugin startup (see error logs)
L 10/09/2021 - 23:18:18: [CRASH] Accelerator uploaded crash dump: Crash ID: KRPW-I2XD-37ZM
L 10/09/2021 - 23:18:19: [SM] Exception reported: Invalid convar handle 0 (error 4)
L 10/09/2021 - 23:18:19: [SM] Blaming: fixes/l4d2_unsilent_jockey.smx
L 10/09/2021 - 23:18:19: [SM] Call stack trace:
L 10/09/2021 - 23:18:19: [SM]   [0] ConVar.AddChangeHook
L 10/09/2021 - 23:18:19: [SM]   [1] Line 91, D:\SourcePawn10\l4d2_unsilent_jockey.sp::OnPluginStart
L 10/09/2021 - 23:18:19: [SM] Exception reported: Failed to find LagComp addresses: 0xeddcc080, 00000000, 00000000
L 10/09/2021 - 23:18:19: [SM] Blaming: optional/kether/l4d2_lagcomp_manager.smx
L 10/09/2021 - 23:18:19: [SM] Call stack trace:
L 10/09/2021 - 23:18:19: [SM]   [0] SetFailState
L 10/09/2021 - 23:18:19: [SM]   [1] Line 32, D:\l4d2 serv\addons\sourcemod\scripting\kether\l4d2_lagcomp_manager.sp::OnPluginStart
L 10/09/2021 - 23:18:20: [confoglcompmod.smx] [Confogl] CvarSettings: Could not find CVar specified (confogl_disable_ghost_hurt)
L 10/09/2021 - 23:18:20: [confoglcompmod.smx] [Confogl] CvarSettings: Could not find CVar specified (confogl_remove_parachutist)
L 10/09/2021 - 23:18:20: [confoglcompmod.smx] [Confogl] CvarSettings: Could not find CVar specified (sm_unsilentjockey_enabled)
L 10/09/2021 - 23:18:20: [confoglcompmod.smx] [Confogl] CvarSettings: Could not find CVar specified (sm_unsilentjockey_always)
L 10/09/2021 - 23:18:20: [confoglcompmod.smx] [Confogl] CvarSettings: Could not find CVar specified (sm_unsilentjockey_time)
L 10/09/2021 - 23:18:23: Error log file session closed.
