L 08/04/2021 - 00:10:15: SourceMod error session started
L 08/04/2021 - 00:10:15: Info (map "c1m1_hotel") (file "/home/k26606_s20329/server_20329/left4dead2/addons/sourcemod/logs/errors_20210804.log")
L 08/04/2021 - 00:10:15: [CRASH] Accelerator uploaded crash dump: Crash ID: IO6F-OHI5-U7RY
L 08/04/2021 - 00:10:17: [confoglcompmod.smx] [Confogl] CvarSettings: Attempt to track ConVar z_female_boomer_spawn_chance, which is already being tracked.
L 08/04/2021 - 00:10:20: Error log file session closed.
L 08/04/2021 - 14:24:50: SourceMod error session started
L 08/04/2021 - 14:24:50: Info (map "c1m1_hotel") (file "/home/k26606_s20329/server_20329/left4dead2/addons/sourcemod/logs/errors_20210804.log")
L 08/04/2021 - 14:24:50: [CRASH] Accelerator uploaded crash dump: Crash ID: CMY6-H3YD-S4X6
L 08/04/2021 - 14:24:52: [confoglcompmod.smx] [Confogl] CvarSettings: Attempt to track ConVar z_female_boomer_spawn_chance, which is already being tracked.
L 08/04/2021 - 14:24:55: Error log file session closed.
L 08/04/2021 - 17:46:32: SourceMod error session started
L 08/04/2021 - 17:46:32: Info (map "c1m1_hotel") (file "/home/k26606_s20329/server_20329/left4dead2/addons/sourcemod/logs/errors_20210804.log")
L 08/04/2021 - 17:46:32: [CRASH] Accelerator uploaded crash dump: Crash ID: EQCW-VBZ3-CZUU
L 08/04/2021 - 17:46:34: [confoglcompmod.smx] [Confogl] CvarSettings: Attempt to track ConVar z_female_boomer_spawn_chance, which is already being tracked.
L 08/04/2021 - 17:46:37: Error log file session closed.
L 08/04/2021 - 19:00:56: SourceMod error session started
L 08/04/2021 - 19:00:56: Info (map "c1m1_hotel") (file "/home/k26606_s20329/server_20329/left4dead2/addons/sourcemod/logs/errors_20210804.log")
L 08/04/2021 - 19:00:56: [CRASH] Accelerator uploaded crash dump: Crash ID: 54QT-LKMF-YTBV
L 08/04/2021 - 19:00:57: [confoglcompmod.smx] [Confogl] CvarSettings: Attempt to track ConVar z_female_boomer_spawn_chance, which is already being tracked.
L 08/04/2021 - 19:01:00: Error log file session closed.
L 08/04/2021 - 19:57:21: SourceMod error session started
L 08/04/2021 - 19:57:21: Info (map "c1m1_hotel") (file "/home/k26606_s20329/server_20329/left4dead2/addons/sourcemod/logs/errors_20210804.log")
L 08/04/2021 - 19:57:21: [CRASH] Accelerator uploaded crash dump: Crash ID: JESS-SYQD-MCGO
L 08/04/2021 - 19:57:23: [confoglcompmod.smx] [Confogl] CvarSettings: Attempt to track ConVar z_female_boomer_spawn_chance, which is already being tracked.
L 08/04/2021 - 19:57:26: Error log file session closed.
L 08/04/2021 - 20:04:58: SourceMod error session started
L 08/04/2021 - 20:04:58: Info (map "c1m1_hotel") (file "/home/k26606_s20329/server_20329/left4dead2/addons/sourcemod/logs/errors_20210804.log")
L 08/04/2021 - 20:04:58: [confoglcompmod.smx] [Confogl] CvarSettings: Attempt to track ConVar z_female_boomer_spawn_chance, which is already being tracked.
L 08/04/2021 - 20:05:01: Error log file session closed.
L 08/04/2021 - 20:11:03: SourceMod error session started
L 08/04/2021 - 20:11:03: Info (map "c1m1_hotel") (file "/home/k26606_s20329/server_20329/left4dead2/addons/sourcemod/logs/errors_20210804.log")
L 08/04/2021 - 20:11:03: [confoglcompmod.smx] [Confogl] CvarSettings: Attempt to track ConVar z_female_boomer_spawn_chance, which is already being tracked.
L 08/04/2021 - 20:11:06: Error log file session closed.
L 08/04/2021 - 21:03:17: SourceMod error session started
L 08/04/2021 - 21:03:17: Info (map "c1m1_hotel") (file "/home/k26606_s20329/server_20329/left4dead2/addons/sourcemod/logs/errors_20210804.log")
L 08/04/2021 - 21:03:17: [CRASH] Accelerator uploaded crash dump: Crash ID: I6IC-BFNI-UPAE
L 08/04/2021 - 21:03:19: [confoglcompmod.smx] [Confogl] CvarSettings: Attempt to track ConVar z_female_boomer_spawn_chance, which is already being tracked.
L 08/04/2021 - 21:03:22: Error log file session closed.
L 08/04/2021 - 21:04:25: SourceMod error session started
L 08/04/2021 - 21:04:25: Info (map "c1m1_hotel") (file "/home/k26606_s20329/server_20329/left4dead2/addons/sourcemod/logs/errors_20210804.log")
L 08/04/2021 - 21:04:25: [CRASH] Accelerator uploaded crash dump: Crash ID: 6UQO-ARKX-6IGU
L 08/04/2021 - 21:04:27: [confoglcompmod.smx] [Confogl] CvarSettings: Attempt to track ConVar z_female_boomer_spawn_chance, which is already being tracked.
L 08/04/2021 - 21:04:30: Error log file session closed.
L 08/04/2021 - 22:30:17: SourceMod error session started
L 08/04/2021 - 22:30:17: Info (map "c1m1_hotel") (file "/home/k26606_s20329/server_20329/left4dead2/addons/sourcemod/logs/errors_20210804.log")
L 08/04/2021 - 22:30:17: [CRASH] Accelerator uploaded crash dump: Crash ID: POZG-LGEV-JJG4
L 08/04/2021 - 22:30:19: [confoglcompmod.smx] [Confogl] CvarSettings: Attempt to track ConVar z_female_boomer_spawn_chance, which is already being tracked.
L 08/04/2021 - 22:30:22: Error log file session closed.
L 08/04/2021 - 22:38:32: SourceMod error session started
L 08/04/2021 - 22:38:32: Info (map "c3m1_rurallighthouseVS") (file "/home/k26606_s20329/server_20329/left4dead2/addons/sourcemod/logs/errors_20210804.log")
L 08/04/2021 - 22:38:32: [confoglcompmod.smx] [Confogl] CvarSettings: Attempt to track ConVar z_female_boomer_spawn_chance, which is already being tracked.
L 08/04/2021 - 22:38:36: Error log file session closed.
L 08/04/2021 - 23:53:30: SourceMod error session started
L 08/04/2021 - 23:53:30: Info (map "c1m1_hotel") (file "/home/k26606_s20329/server_20329/left4dead2/addons/sourcemod/logs/errors_20210804.log")
L 08/04/2021 - 23:53:30: [CRASH] Accelerator uploaded crash dump: Crash ID: UCZL-IDPS-7M5T
L 08/04/2021 - 23:53:32: [confoglcompmod.smx] [Confogl] CvarSettings: Attempt to track ConVar z_female_boomer_spawn_chance, which is already being tracked.
L 08/04/2021 - 23:53:35: Error log file session closed.
