L 08/01/2021 - 14:47:46: SourceMod error session started
L 08/01/2021 - 14:47:46: Info (map "c1m1_hotel") (file "/home/k26606_s20329/server_20329/left4dead2/addons/sourcemod/logs/errors_20210801.log")
L 08/01/2021 - 14:47:46: [CRASH] Accelerator uploaded crash dump: Crash ID: NW5P-EADP-OIDI
L 08/01/2021 - 14:47:51: Error log file session closed.
L 08/01/2021 - 15:36:19: SourceMod error session started
L 08/01/2021 - 15:36:19: Info (map "c1m1_hotel") (file "/home/k26606_s20329/server_20329/left4dead2/addons/sourcemod/logs/errors_20210801.log")
L 08/01/2021 - 15:36:19: [CRASH] Accelerator uploaded crash dump: Crash ID: 2NG2-TYWX-X5AV
L 08/01/2021 - 15:36:23: Error log file session closed.
L 08/01/2021 - 16:42:25: SourceMod error session started
L 08/01/2021 - 16:42:25: Info (map "c1m1_hotel") (file "/home/k26606_s20329/server_20329/left4dead2/addons/sourcemod/logs/errors_20210801.log")
L 08/01/2021 - 16:42:25: [CRASH] Accelerator uploaded crash dump: Crash ID: 5ZZK-CPZW-6XSJ
L 08/01/2021 - 16:42:30: Error log file session closed.
L 08/01/2021 - 20:41:11: SourceMod error session started
L 08/01/2021 - 20:41:11: Info (map "c1m1_hotel") (file "/home/k26606_s20329/server_20329/left4dead2/addons/sourcemod/logs/errors_20210801.log")
L 08/01/2021 - 20:41:11: [CRASH] Accelerator uploaded crash dump: Crash ID: C73W-ZBVU-25FB
L 08/01/2021 - 20:41:16: Error log file session closed.
L 08/01/2021 - 21:00:56: SourceMod error session started
L 08/01/2021 - 21:00:56: Info (map "c12m1_hilltop") (file "/home/k26606_s20329/server_20329/left4dead2/addons/sourcemod/logs/errors_20210801.log")
L 08/01/2021 - 21:00:56: [SM] Exception reported: Client index 0 is invalid
L 08/01/2021 - 21:00:56: [SM] Blaming: optional/kether/l4d_tank_control_eq.smx
L 08/01/2021 - 21:00:56: [SM] Call stack trace:
L 08/01/2021 - 21:00:56: [SM]   [0] IsClientInGame
L 08/01/2021 - 21:00:56: [SM]   [1] Line 174, D:\l4d2 serv\LIVESERVER\serwery\standard 60T\addons\sourcemod\scripting\l4d_tank_control_eq.sp::PlayerDeath_Event
L 08/01/2021 - 21:00:56: [SM]   [3] SDKCall
L 08/01/2021 - 21:00:56: [SM]   [4] Line 382, D:\l4d2 serv\addons\sourcemod\scripting\kether\c_l4d2scores.sp::L4D2_DirectorSwapTeams
L 08/01/2021 - 21:00:56: [SM]   [5] Line 913, D:\l4d2 serv\addons\sourcemod\scripting\kether\c_l4d2scores.sp::OnMapEnd
L 08/01/2021 - 21:00:56: [SM] Exception reported: Entity 1 (1) is invalid
L 08/01/2021 - 21:00:56: [SM] Blaming: optional/kether/l4d_tank_pass.smx
L 08/01/2021 - 21:00:56: [SM] Call stack trace:
L 08/01/2021 - 21:00:56: [SM]   [0] GetEntProp
L 08/01/2021 - 21:00:56: [SM]   [1] Line 244, D:\l4d2 serv\addons\sourcemod\scripting\include\l4d_lib.inc::IsPlayerTank
L 08/01/2021 - 21:00:56: [SM]   [2] Line 546, D:\l4d2 serv\addons\sourcemod\scripting\kether\l4d_tank_pass.sp::Event_EntityKilled
L 08/01/2021 - 21:00:56: [SM]   [4] SDKCall
L 08/01/2021 - 21:00:56: [SM]   [5] Line 382, D:\l4d2 serv\addons\sourcemod\scripting\kether\c_l4d2scores.sp::L4D2_DirectorSwapTeams
L 08/01/2021 - 21:00:56: [SM]   [6] Line 913, D:\l4d2 serv\addons\sourcemod\scripting\kether\c_l4d2scores.sp::OnMapEnd
L 08/01/2021 - 21:00:56: [SM] Exception reported: Client index 0 is invalid
L 08/01/2021 - 21:00:56: [SM] Blaming: optional/kether/l4d_tank_control_eq.smx
L 08/01/2021 - 21:00:56: [SM] Call stack trace:
L 08/01/2021 - 21:00:56: [SM]   [0] IsClientInGame
L 08/01/2021 - 21:00:56: [SM]   [1] Line 174, D:\l4d2 serv\LIVESERVER\serwery\standard 60T\addons\sourcemod\scripting\l4d_tank_control_eq.sp::PlayerDeath_Event
L 08/01/2021 - 21:00:56: [SM]   [3] SDKCall
L 08/01/2021 - 21:00:56: [SM]   [4] Line 382, D:\l4d2 serv\addons\sourcemod\scripting\kether\c_l4d2scores.sp::L4D2_DirectorSwapTeams
L 08/01/2021 - 21:00:56: [SM]   [5] Line 913, D:\l4d2 serv\addons\sourcemod\scripting\kether\c_l4d2scores.sp::OnMapEnd
L 08/01/2021 - 21:00:56: [SM] Exception reported: Entity 7 (7) is invalid
L 08/01/2021 - 21:00:56: [SM] Blaming: optional/kether/l4d_tank_pass.smx
L 08/01/2021 - 21:00:56: [SM] Call stack trace:
L 08/01/2021 - 21:00:56: [SM]   [0] GetEntProp
L 08/01/2021 - 21:00:56: [SM]   [1] Line 244, D:\l4d2 serv\addons\sourcemod\scripting\include\l4d_lib.inc::IsPlayerTank
L 08/01/2021 - 21:00:56: [SM]   [2] Line 546, D:\l4d2 serv\addons\sourcemod\scripting\kether\l4d_tank_pass.sp::Event_EntityKilled
L 08/01/2021 - 21:00:56: [SM]   [4] SDKCall
L 08/01/2021 - 21:00:56: [SM]   [5] Line 382, D:\l4d2 serv\addons\sourcemod\scripting\kether\c_l4d2scores.sp::L4D2_DirectorSwapTeams
L 08/01/2021 - 21:00:56: [SM]   [6] Line 913, D:\l4d2 serv\addons\sourcemod\scripting\kether\c_l4d2scores.sp::OnMapEnd
L 08/01/2021 - 21:00:56: [SM] Exception reported: Client index 0 is invalid
L 08/01/2021 - 21:00:56: [SM] Blaming: optional/kether/l4d_tank_control_eq.smx
L 08/01/2021 - 21:00:56: [SM] Call stack trace:
L 08/01/2021 - 21:00:56: [SM]   [0] IsClientInGame
L 08/01/2021 - 21:00:56: [SM]   [1] Line 174, D:\l4d2 serv\LIVESERVER\serwery\standard 60T\addons\sourcemod\scripting\l4d_tank_control_eq.sp::PlayerDeath_Event
L 08/01/2021 - 21:00:56: [SM]   [3] SDKCall
L 08/01/2021 - 21:00:56: [SM]   [4] Line 382, D:\l4d2 serv\addons\sourcemod\scripting\kether\c_l4d2scores.sp::L4D2_DirectorSwapTeams
L 08/01/2021 - 21:00:56: [SM]   [5] Line 913, D:\l4d2 serv\addons\sourcemod\scripting\kether\c_l4d2scores.sp::OnMapEnd
L 08/01/2021 - 21:00:56: [SM] Exception reported: Entity 9 (9) is invalid
L 08/01/2021 - 21:00:56: [SM] Blaming: optional/kether/l4d_tank_pass.smx
L 08/01/2021 - 21:00:56: [SM] Call stack trace:
L 08/01/2021 - 21:00:56: [SM]   [0] GetEntProp
L 08/01/2021 - 21:00:56: [SM]   [1] Line 244, D:\l4d2 serv\addons\sourcemod\scripting\include\l4d_lib.inc::IsPlayerTank
L 08/01/2021 - 21:00:56: [SM]   [2] Line 546, D:\l4d2 serv\addons\sourcemod\scripting\kether\l4d_tank_pass.sp::Event_EntityKilled
L 08/01/2021 - 21:00:56: [SM]   [4] SDKCall
L 08/01/2021 - 21:00:56: [SM]   [5] Line 382, D:\l4d2 serv\addons\sourcemod\scripting\kether\c_l4d2scores.sp::L4D2_DirectorSwapTeams
L 08/01/2021 - 21:00:56: [SM]   [6] Line 913, D:\l4d2 serv\addons\sourcemod\scripting\kether\c_l4d2scores.sp::OnMapEnd
L 08/01/2021 - 21:00:56: [SM] Exception reported: Client index 0 is invalid
L 08/01/2021 - 21:00:56: [SM] Blaming: optional/kether/l4d_tank_control_eq.smx
L 08/01/2021 - 21:00:56: [SM] Call stack trace:
L 08/01/2021 - 21:00:56: [SM]   [0] IsClientInGame
L 08/01/2021 - 21:00:56: [SM]   [1] Line 174, D:\l4d2 serv\LIVESERVER\serwery\standard 60T\addons\sourcemod\scripting\l4d_tank_control_eq.sp::PlayerDeath_Event
L 08/01/2021 - 21:00:56: [SM]   [3] SDKCall
L 08/01/2021 - 21:00:56: [SM]   [4] Line 382, D:\l4d2 serv\addons\sourcemod\scripting\kether\c_l4d2scores.sp::L4D2_DirectorSwapTeams
L 08/01/2021 - 21:00:56: [SM]   [5] Line 913, D:\l4d2 serv\addons\sourcemod\scripting\kether\c_l4d2scores.sp::OnMapEnd
L 08/01/2021 - 21:00:56: [SM] Exception reported: Entity 10 (10) is invalid
L 08/01/2021 - 21:00:56: [SM] Blaming: optional/kether/l4d_tank_pass.smx
L 08/01/2021 - 21:00:56: [SM] Call stack trace:
L 08/01/2021 - 21:00:56: [SM]   [0] GetEntProp
L 08/01/2021 - 21:00:56: [SM]   [1] Line 244, D:\l4d2 serv\addons\sourcemod\scripting\include\l4d_lib.inc::IsPlayerTank
L 08/01/2021 - 21:00:56: [SM]   [2] Line 546, D:\l4d2 serv\addons\sourcemod\scripting\kether\l4d_tank_pass.sp::Event_EntityKilled
L 08/01/2021 - 21:00:56: [SM]   [4] SDKCall
L 08/01/2021 - 21:00:56: [SM]   [5] Line 382, D:\l4d2 serv\addons\sourcemod\scripting\kether\c_l4d2scores.sp::L4D2_DirectorSwapTeams
L 08/01/2021 - 21:00:56: [SM]   [6] Line 913, D:\l4d2 serv\addons\sourcemod\scripting\kether\c_l4d2scores.sp::OnMapEnd
L 08/01/2021 - 21:00:56: [SM] Exception reported: Client index 0 is invalid
L 08/01/2021 - 21:00:56: [SM] Blaming: optional/kether/l4d_tank_control_eq.smx
L 08/01/2021 - 21:00:56: [SM] Call stack trace:
L 08/01/2021 - 21:00:56: [SM]   [0] IsClientInGame
L 08/01/2021 - 21:00:56: [SM]   [1] Line 174, D:\l4d2 serv\LIVESERVER\serwery\standard 60T\addons\sourcemod\scripting\l4d_tank_control_eq.sp::PlayerDeath_Event
L 08/01/2021 - 21:00:56: [SM]   [3] SDKCall
L 08/01/2021 - 21:00:56: [SM]   [4] Line 382, D:\l4d2 serv\addons\sourcemod\scripting\kether\c_l4d2scores.sp::L4D2_DirectorSwapTeams
L 08/01/2021 - 21:00:56: [SM]   [5] Line 913, D:\l4d2 serv\addons\sourcemod\scripting\kether\c_l4d2scores.sp::OnMapEnd
L 08/01/2021 - 21:00:56: [SM] Exception reported: Entity 11 (11) is invalid
L 08/01/2021 - 21:00:56: [SM] Blaming: optional/kether/l4d_tank_pass.smx
L 08/01/2021 - 21:00:56: [SM] Call stack trace:
L 08/01/2021 - 21:00:56: [SM]   [0] GetEntProp
L 08/01/2021 - 21:00:56: [SM]   [1] Line 244, D:\l4d2 serv\addons\sourcemod\scripting\include\l4d_lib.inc::IsPlayerTank
L 08/01/2021 - 21:00:56: [SM]   [2] Line 546, D:\l4d2 serv\addons\sourcemod\scripting\kether\l4d_tank_pass.sp::Event_EntityKilled
L 08/01/2021 - 21:00:56: [SM]   [4] SDKCall
L 08/01/2021 - 21:00:56: [SM]   [5] Line 382, D:\l4d2 serv\addons\sourcemod\scripting\kether\c_l4d2scores.sp::L4D2_DirectorSwapTeams
L 08/01/2021 - 21:00:56: [SM]   [6] Line 913, D:\l4d2 serv\addons\sourcemod\scripting\kether\c_l4d2scores.sp::OnMapEnd
L 08/01/2021 - 21:00:56: [SM] Exception reported: Client index 0 is invalid
L 08/01/2021 - 21:00:56: [SM] Blaming: optional/kether/l4d_tank_control_eq.smx
L 08/01/2021 - 21:00:56: [SM] Call stack trace:
L 08/01/2021 - 21:00:56: [SM]   [0] IsClientInGame
L 08/01/2021 - 21:00:56: [SM]   [1] Line 174, D:\l4d2 serv\LIVESERVER\serwery\standard 60T\addons\sourcemod\scripting\l4d_tank_control_eq.sp::PlayerDeath_Event
L 08/01/2021 - 21:00:56: [SM]   [3] SDKCall
L 08/01/2021 - 21:00:56: [SM]   [4] Line 382, D:\l4d2 serv\addons\sourcemod\scripting\kether\c_l4d2scores.sp::L4D2_DirectorSwapTeams
L 08/01/2021 - 21:00:56: [SM]   [5] Line 913, D:\l4d2 serv\addons\sourcemod\scripting\kether\c_l4d2scores.sp::OnMapEnd
L 08/01/2021 - 21:00:56: [SM] Exception reported: Entity 12 (12) is invalid
L 08/01/2021 - 21:00:56: [SM] Blaming: optional/kether/l4d_tank_pass.smx
L 08/01/2021 - 21:00:56: [SM] Call stack trace:
L 08/01/2021 - 21:00:56: [SM]   [0] GetEntProp
L 08/01/2021 - 21:00:56: [SM]   [1] Line 244, D:\l4d2 serv\addons\sourcemod\scripting\include\l4d_lib.inc::IsPlayerTank
L 08/01/2021 - 21:00:56: [SM]   [2] Line 546, D:\l4d2 serv\addons\sourcemod\scripting\kether\l4d_tank_pass.sp::Event_EntityKilled
L 08/01/2021 - 21:00:56: [SM]   [4] SDKCall
L 08/01/2021 - 21:00:56: [SM]   [5] Line 382, D:\l4d2 serv\addons\sourcemod\scripting\kether\c_l4d2scores.sp::L4D2_DirectorSwapTeams
L 08/01/2021 - 21:00:56: [SM]   [6] Line 913, D:\l4d2 serv\addons\sourcemod\scripting\kether\c_l4d2scores.sp::OnMapEnd
L 08/01/2021 - 21:00:57: Error log file session closed.
L 08/01/2021 - 21:13:09: SourceMod error session started
L 08/01/2021 - 21:13:09: Info (map "c12m2_traintunnel") (file "/home/k26606_s20329/server_20329/left4dead2/addons/sourcemod/logs/errors_20210801.log")
L 08/01/2021 - 21:13:09: [SM] Exception reported: Client index 0 is invalid
L 08/01/2021 - 21:13:09: [SM] Blaming: optional/kether/l4d_tank_control_eq.smx
L 08/01/2021 - 21:13:09: [SM] Call stack trace:
L 08/01/2021 - 21:13:09: [SM]   [0] IsClientInGame
L 08/01/2021 - 21:13:09: [SM]   [1] Line 174, D:\l4d2 serv\LIVESERVER\serwery\standard 60T\addons\sourcemod\scripting\l4d_tank_control_eq.sp::PlayerDeath_Event
L 08/01/2021 - 21:13:09: [SM]   [3] SDKCall
L 08/01/2021 - 21:13:09: [SM]   [4] Line 382, D:\l4d2 serv\addons\sourcemod\scripting\kether\c_l4d2scores.sp::L4D2_DirectorSwapTeams
L 08/01/2021 - 21:13:09: [SM]   [5] Line 913, D:\l4d2 serv\addons\sourcemod\scripting\kether\c_l4d2scores.sp::OnMapEnd
L 08/01/2021 - 21:13:09: [SM] Exception reported: Entity 1 (1) is invalid
L 08/01/2021 - 21:13:09: [SM] Blaming: optional/kether/l4d_tank_pass.smx
L 08/01/2021 - 21:13:09: [SM] Call stack trace:
L 08/01/2021 - 21:13:09: [SM]   [0] GetEntProp
L 08/01/2021 - 21:13:09: [SM]   [1] Line 244, D:\l4d2 serv\addons\sourcemod\scripting\include\l4d_lib.inc::IsPlayerTank
L 08/01/2021 - 21:13:09: [SM]   [2] Line 546, D:\l4d2 serv\addons\sourcemod\scripting\kether\l4d_tank_pass.sp::Event_EntityKilled
L 08/01/2021 - 21:13:09: [SM]   [4] SDKCall
L 08/01/2021 - 21:13:09: [SM]   [5] Line 382, D:\l4d2 serv\addons\sourcemod\scripting\kether\c_l4d2scores.sp::L4D2_DirectorSwapTeams
L 08/01/2021 - 21:13:09: [SM]   [6] Line 913, D:\l4d2 serv\addons\sourcemod\scripting\kether\c_l4d2scores.sp::OnMapEnd
L 08/01/2021 - 21:13:09: [SM] Exception reported: Client index 0 is invalid
L 08/01/2021 - 21:13:09: [SM] Blaming: optional/kether/l4d_tank_control_eq.smx
L 08/01/2021 - 21:13:09: [SM] Call stack trace:
L 08/01/2021 - 21:13:09: [SM]   [0] IsClientInGame
L 08/01/2021 - 21:13:09: [SM]   [1] Line 174, D:\l4d2 serv\LIVESERVER\serwery\standard 60T\addons\sourcemod\scripting\l4d_tank_control_eq.sp::PlayerDeath_Event
L 08/01/2021 - 21:13:09: [SM]   [3] SDKCall
L 08/01/2021 - 21:13:09: [SM]   [4] Line 382, D:\l4d2 serv\addons\sourcemod\scripting\kether\c_l4d2scores.sp::L4D2_DirectorSwapTeams
L 08/01/2021 - 21:13:09: [SM]   [5] Line 913, D:\l4d2 serv\addons\sourcemod\scripting\kether\c_l4d2scores.sp::OnMapEnd
L 08/01/2021 - 21:13:09: [SM] Exception reported: Entity 3 (3) is invalid
L 08/01/2021 - 21:13:09: [SM] Blaming: optional/kether/l4d_tank_pass.smx
L 08/01/2021 - 21:13:09: [SM] Call stack trace:
L 08/01/2021 - 21:13:09: [SM]   [0] GetEntProp
L 08/01/2021 - 21:13:09: [SM]   [1] Line 244, D:\l4d2 serv\addons\sourcemod\scripting\include\l4d_lib.inc::IsPlayerTank
L 08/01/2021 - 21:13:09: [SM]   [2] Line 546, D:\l4d2 serv\addons\sourcemod\scripting\kether\l4d_tank_pass.sp::Event_EntityKilled
L 08/01/2021 - 21:13:09: [SM]   [4] SDKCall
L 08/01/2021 - 21:13:09: [SM]   [5] Line 382, D:\l4d2 serv\addons\sourcemod\scripting\kether\c_l4d2scores.sp::L4D2_DirectorSwapTeams
L 08/01/2021 - 21:13:09: [SM]   [6] Line 913, D:\l4d2 serv\addons\sourcemod\scripting\kether\c_l4d2scores.sp::OnMapEnd
L 08/01/2021 - 21:13:09: [SM] Exception reported: Client index 0 is invalid
L 08/01/2021 - 21:13:09: [SM] Blaming: optional/kether/l4d_tank_control_eq.smx
L 08/01/2021 - 21:13:09: [SM] Call stack trace:
L 08/01/2021 - 21:13:09: [SM]   [0] IsClientInGame
L 08/01/2021 - 21:13:09: [SM]   [1] Line 174, D:\l4d2 serv\LIVESERVER\serwery\standard 60T\addons\sourcemod\scripting\l4d_tank_control_eq.sp::PlayerDeath_Event
L 08/01/2021 - 21:13:09: [SM]   [3] SDKCall
L 08/01/2021 - 21:13:09: [SM]   [4] Line 382, D:\l4d2 serv\addons\sourcemod\scripting\kether\c_l4d2scores.sp::L4D2_DirectorSwapTeams
L 08/01/2021 - 21:13:09: [SM]   [5] Line 913, D:\l4d2 serv\addons\sourcemod\scripting\kether\c_l4d2scores.sp::OnMapEnd
L 08/01/2021 - 21:13:09: [SM] Exception reported: Entity 4 (4) is invalid
L 08/01/2021 - 21:13:09: [SM] Blaming: optional/kether/l4d_tank_pass.smx
L 08/01/2021 - 21:13:09: [SM] Call stack trace:
L 08/01/2021 - 21:13:09: [SM]   [0] GetEntProp
L 08/01/2021 - 21:13:09: [SM]   [1] Line 244, D:\l4d2 serv\addons\sourcemod\scripting\include\l4d_lib.inc::IsPlayerTank
L 08/01/2021 - 21:13:09: [SM]   [2] Line 546, D:\l4d2 serv\addons\sourcemod\scripting\kether\l4d_tank_pass.sp::Event_EntityKilled
L 08/01/2021 - 21:13:09: [SM]   [4] SDKCall
L 08/01/2021 - 21:13:09: [SM]   [5] Line 382, D:\l4d2 serv\addons\sourcemod\scripting\kether\c_l4d2scores.sp::L4D2_DirectorSwapTeams
L 08/01/2021 - 21:13:09: [SM]   [6] Line 913, D:\l4d2 serv\addons\sourcemod\scripting\kether\c_l4d2scores.sp::OnMapEnd
L 08/01/2021 - 21:13:09: [SM] Exception reported: Client index 0 is invalid
L 08/01/2021 - 21:13:09: [SM] Blaming: optional/kether/l4d_tank_control_eq.smx
L 08/01/2021 - 21:13:09: [SM] Call stack trace:
L 08/01/2021 - 21:13:09: [SM]   [0] IsClientInGame
L 08/01/2021 - 21:13:09: [SM]   [1] Line 174, D:\l4d2 serv\LIVESERVER\serwery\standard 60T\addons\sourcemod\scripting\l4d_tank_control_eq.sp::PlayerDeath_Event
L 08/01/2021 - 21:13:09: [SM]   [3] SDKCall
L 08/01/2021 - 21:13:09: [SM]   [4] Line 382, D:\l4d2 serv\addons\sourcemod\scripting\kether\c_l4d2scores.sp::L4D2_DirectorSwapTeams
L 08/01/2021 - 21:13:09: [SM]   [5] Line 913, D:\l4d2 serv\addons\sourcemod\scripting\kether\c_l4d2scores.sp::OnMapEnd
L 08/01/2021 - 21:13:09: [SM] Exception reported: Entity 10 (10) is invalid
L 08/01/2021 - 21:13:09: [SM] Blaming: optional/kether/l4d_tank_pass.smx
L 08/01/2021 - 21:13:09: [SM] Call stack trace:
L 08/01/2021 - 21:13:09: [SM]   [0] GetEntProp
L 08/01/2021 - 21:13:09: [SM]   [1] Line 244, D:\l4d2 serv\addons\sourcemod\scripting\include\l4d_lib.inc::IsPlayerTank
L 08/01/2021 - 21:13:09: [SM]   [2] Line 546, D:\l4d2 serv\addons\sourcemod\scripting\kether\l4d_tank_pass.sp::Event_EntityKilled
L 08/01/2021 - 21:13:09: [SM]   [4] SDKCall
L 08/01/2021 - 21:13:09: [SM]   [5] Line 382, D:\l4d2 serv\addons\sourcemod\scripting\kether\c_l4d2scores.sp::L4D2_DirectorSwapTeams
L 08/01/2021 - 21:13:09: [SM]   [6] Line 913, D:\l4d2 serv\addons\sourcemod\scripting\kether\c_l4d2scores.sp::OnMapEnd
L 08/01/2021 - 21:13:09: Error log file session closed.
L 08/01/2021 - 21:41:46: SourceMod error session started
L 08/01/2021 - 21:41:46: Info (map "c12m4_barn") (file "/home/k26606_s20329/server_20329/left4dead2/addons/sourcemod/logs/errors_20210801.log")
L 08/01/2021 - 21:41:46: [SM] Exception reported: Client index 0 is invalid
L 08/01/2021 - 21:41:46: [SM] Blaming: optional/kether/l4d_tank_control_eq.smx
L 08/01/2021 - 21:41:46: [SM] Call stack trace:
L 08/01/2021 - 21:41:46: [SM]   [0] IsClientInGame
L 08/01/2021 - 21:41:46: [SM]   [1] Line 174, D:\l4d2 serv\LIVESERVER\serwery\standard 60T\addons\sourcemod\scripting\l4d_tank_control_eq.sp::PlayerDeath_Event
L 08/01/2021 - 21:41:46: [SM]   [3] SDKCall
L 08/01/2021 - 21:41:46: [SM]   [4] Line 382, D:\l4d2 serv\addons\sourcemod\scripting\kether\c_l4d2scores.sp::L4D2_DirectorSwapTeams
L 08/01/2021 - 21:41:46: [SM]   [5] Line 913, D:\l4d2 serv\addons\sourcemod\scripting\kether\c_l4d2scores.sp::OnMapEnd
L 08/01/2021 - 21:41:46: [SM] Exception reported: Entity 1 (1) is invalid
L 08/01/2021 - 21:41:46: [SM] Blaming: optional/kether/l4d_tank_pass.smx
L 08/01/2021 - 21:41:46: [SM] Call stack trace:
L 08/01/2021 - 21:41:46: [SM]   [0] GetEntProp
L 08/01/2021 - 21:41:46: [SM]   [1] Line 244, D:\l4d2 serv\addons\sourcemod\scripting\include\l4d_lib.inc::IsPlayerTank
L 08/01/2021 - 21:41:46: [SM]   [2] Line 546, D:\l4d2 serv\addons\sourcemod\scripting\kether\l4d_tank_pass.sp::Event_EntityKilled
L 08/01/2021 - 21:41:46: [SM]   [4] SDKCall
L 08/01/2021 - 21:41:46: [SM]   [5] Line 382, D:\l4d2 serv\addons\sourcemod\scripting\kether\c_l4d2scores.sp::L4D2_DirectorSwapTeams
L 08/01/2021 - 21:41:46: [SM]   [6] Line 913, D:\l4d2 serv\addons\sourcemod\scripting\kether\c_l4d2scores.sp::OnMapEnd
L 08/01/2021 - 21:41:46: [SM] Exception reported: Client index 0 is invalid
L 08/01/2021 - 21:41:46: [SM] Blaming: optional/kether/l4d_tank_control_eq.smx
L 08/01/2021 - 21:41:46: [SM] Call stack trace:
L 08/01/2021 - 21:41:46: [SM]   [0] IsClientInGame
L 08/01/2021 - 21:41:46: [SM]   [1] Line 174, D:\l4d2 serv\LIVESERVER\serwery\standard 60T\addons\sourcemod\scripting\l4d_tank_control_eq.sp::PlayerDeath_Event
L 08/01/2021 - 21:41:46: [SM]   [3] SDKCall
L 08/01/2021 - 21:41:46: [SM]   [4] Line 382, D:\l4d2 serv\addons\sourcemod\scripting\kether\c_l4d2scores.sp::L4D2_DirectorSwapTeams
L 08/01/2021 - 21:41:46: [SM]   [5] Line 913, D:\l4d2 serv\addons\sourcemod\scripting\kether\c_l4d2scores.sp::OnMapEnd
L 08/01/2021 - 21:41:46: [SM] Exception reported: Entity 3 (3) is invalid
L 08/01/2021 - 21:41:46: [SM] Blaming: optional/kether/l4d_tank_pass.smx
L 08/01/2021 - 21:41:46: [SM] Call stack trace:
L 08/01/2021 - 21:41:46: [SM]   [0] GetEntProp
L 08/01/2021 - 21:41:46: [SM]   [1] Line 244, D:\l4d2 serv\addons\sourcemod\scripting\include\l4d_lib.inc::IsPlayerTank
L 08/01/2021 - 21:41:46: [SM]   [2] Line 546, D:\l4d2 serv\addons\sourcemod\scripting\kether\l4d_tank_pass.sp::Event_EntityKilled
L 08/01/2021 - 21:41:46: [SM]   [4] SDKCall
L 08/01/2021 - 21:41:46: [SM]   [5] Line 382, D:\l4d2 serv\addons\sourcemod\scripting\kether\c_l4d2scores.sp::L4D2_DirectorSwapTeams
L 08/01/2021 - 21:41:46: [SM]   [6] Line 913, D:\l4d2 serv\addons\sourcemod\scripting\kether\c_l4d2scores.sp::OnMapEnd
L 08/01/2021 - 21:41:46: [SM] Exception reported: Client index 0 is invalid
L 08/01/2021 - 21:41:46: [SM] Blaming: optional/kether/l4d_tank_control_eq.smx
L 08/01/2021 - 21:41:46: [SM] Call stack trace:
L 08/01/2021 - 21:41:46: [SM]   [0] IsClientInGame
L 08/01/2021 - 21:41:46: [SM]   [1] Line 174, D:\l4d2 serv\LIVESERVER\serwery\standard 60T\addons\sourcemod\scripting\l4d_tank_control_eq.sp::PlayerDeath_Event
L 08/01/2021 - 21:41:46: [SM]   [3] SDKCall
L 08/01/2021 - 21:41:46: [SM]   [4] Line 382, D:\l4d2 serv\addons\sourcemod\scripting\kether\c_l4d2scores.sp::L4D2_DirectorSwapTeams
L 08/01/2021 - 21:41:46: [SM]   [5] Line 913, D:\l4d2 serv\addons\sourcemod\scripting\kether\c_l4d2scores.sp::OnMapEnd
L 08/01/2021 - 21:41:46: [SM] Exception reported: Entity 4 (4) is invalid
L 08/01/2021 - 21:41:46: [SM] Blaming: optional/kether/l4d_tank_pass.smx
L 08/01/2021 - 21:41:46: [SM] Call stack trace:
L 08/01/2021 - 21:41:46: [SM]   [0] GetEntProp
L 08/01/2021 - 21:41:46: [SM]   [1] Line 244, D:\l4d2 serv\addons\sourcemod\scripting\include\l4d_lib.inc::IsPlayerTank
L 08/01/2021 - 21:41:46: [SM]   [2] Line 546, D:\l4d2 serv\addons\sourcemod\scripting\kether\l4d_tank_pass.sp::Event_EntityKilled
L 08/01/2021 - 21:41:46: [SM]   [4] SDKCall
L 08/01/2021 - 21:41:46: [SM]   [5] Line 382, D:\l4d2 serv\addons\sourcemod\scripting\kether\c_l4d2scores.sp::L4D2_DirectorSwapTeams
L 08/01/2021 - 21:41:46: [SM]   [6] Line 913, D:\l4d2 serv\addons\sourcemod\scripting\kether\c_l4d2scores.sp::OnMapEnd
L 08/01/2021 - 21:41:46: [SM] Exception reported: Client index 0 is invalid
L 08/01/2021 - 21:41:46: [SM] Blaming: optional/kether/l4d_tank_control_eq.smx
L 08/01/2021 - 21:41:46: [SM] Call stack trace:
L 08/01/2021 - 21:41:46: [SM]   [0] IsClientInGame
L 08/01/2021 - 21:41:46: [SM]   [1] Line 174, D:\l4d2 serv\LIVESERVER\serwery\standard 60T\addons\sourcemod\scripting\l4d_tank_control_eq.sp::PlayerDeath_Event
L 08/01/2021 - 21:41:46: [SM]   [3] SDKCall
L 08/01/2021 - 21:41:46: [SM]   [4] Line 382, D:\l4d2 serv\addons\sourcemod\scripting\kether\c_l4d2scores.sp::L4D2_DirectorSwapTeams
L 08/01/2021 - 21:41:46: [SM]   [5] Line 913, D:\l4d2 serv\addons\sourcemod\scripting\kether\c_l4d2scores.sp::OnMapEnd
L 08/01/2021 - 21:41:46: [SM] Exception reported: Entity 10 (10) is invalid
L 08/01/2021 - 21:41:46: [SM] Blaming: optional/kether/l4d_tank_pass.smx
L 08/01/2021 - 21:41:46: [SM] Call stack trace:
L 08/01/2021 - 21:41:46: [SM]   [0] GetEntProp
L 08/01/2021 - 21:41:46: [SM]   [1] Line 244, D:\l4d2 serv\addons\sourcemod\scripting\include\l4d_lib.inc::IsPlayerTank
L 08/01/2021 - 21:41:46: [SM]   [2] Line 546, D:\l4d2 serv\addons\sourcemod\scripting\kether\l4d_tank_pass.sp::Event_EntityKilled
L 08/01/2021 - 21:41:46: [SM]   [4] SDKCall
L 08/01/2021 - 21:41:46: [SM]   [5] Line 382, D:\l4d2 serv\addons\sourcemod\scripting\kether\c_l4d2scores.sp::L4D2_DirectorSwapTeams
L 08/01/2021 - 21:41:46: [SM]   [6] Line 913, D:\l4d2 serv\addons\sourcemod\scripting\kether\c_l4d2scores.sp::OnMapEnd
L 08/01/2021 - 21:41:46: Error log file session closed.
L 08/01/2021 - 22:02:41: SourceMod error session started
L 08/01/2021 - 22:02:41: Info (map "c6m1_riverbank") (file "/home/k26606_s20329/server_20329/left4dead2/addons/sourcemod/logs/errors_20210801.log")
L 08/01/2021 - 22:02:41: [SM] Exception reported: Client index 0 is invalid
L 08/01/2021 - 22:02:41: [SM] Blaming: optional/kether/l4d_tank_control_eq.smx
L 08/01/2021 - 22:02:41: [SM] Call stack trace:
L 08/01/2021 - 22:02:41: [SM]   [0] IsClientInGame
L 08/01/2021 - 22:02:41: [SM]   [1] Line 174, D:\l4d2 serv\LIVESERVER\serwery\standard 60T\addons\sourcemod\scripting\l4d_tank_control_eq.sp::PlayerDeath_Event
L 08/01/2021 - 22:02:41: [SM]   [3] SDKCall
L 08/01/2021 - 22:02:41: [SM]   [4] Line 382, D:\l4d2 serv\addons\sourcemod\scripting\kether\c_l4d2scores.sp::L4D2_DirectorSwapTeams
L 08/01/2021 - 22:02:41: [SM]   [5] Line 913, D:\l4d2 serv\addons\sourcemod\scripting\kether\c_l4d2scores.sp::OnMapEnd
L 08/01/2021 - 22:02:41: [SM] Exception reported: Entity 1 (1) is invalid
L 08/01/2021 - 22:02:41: [SM] Blaming: optional/kether/l4d_tank_pass.smx
L 08/01/2021 - 22:02:41: [SM] Call stack trace:
L 08/01/2021 - 22:02:41: [SM]   [0] GetEntProp
L 08/01/2021 - 22:02:41: [SM]   [1] Line 244, D:\l4d2 serv\addons\sourcemod\scripting\include\l4d_lib.inc::IsPlayerTank
L 08/01/2021 - 22:02:41: [SM]   [2] Line 546, D:\l4d2 serv\addons\sourcemod\scripting\kether\l4d_tank_pass.sp::Event_EntityKilled
L 08/01/2021 - 22:02:41: [SM]   [4] SDKCall
L 08/01/2021 - 22:02:41: [SM]   [5] Line 382, D:\l4d2 serv\addons\sourcemod\scripting\kether\c_l4d2scores.sp::L4D2_DirectorSwapTeams
L 08/01/2021 - 22:02:41: [SM]   [6] Line 913, D:\l4d2 serv\addons\sourcemod\scripting\kether\c_l4d2scores.sp::OnMapEnd
L 08/01/2021 - 22:02:41: [SM] Exception reported: Client index 0 is invalid
L 08/01/2021 - 22:02:41: [SM] Blaming: optional/kether/l4d_tank_control_eq.smx
L 08/01/2021 - 22:02:41: [SM] Call stack trace:
L 08/01/2021 - 22:02:41: [SM]   [0] IsClientInGame
L 08/01/2021 - 22:02:41: [SM]   [1] Line 174, D:\l4d2 serv\LIVESERVER\serwery\standard 60T\addons\sourcemod\scripting\l4d_tank_control_eq.sp::PlayerDeath_Event
L 08/01/2021 - 22:02:41: [SM]   [3] SDKCall
L 08/01/2021 - 22:02:41: [SM]   [4] Line 382, D:\l4d2 serv\addons\sourcemod\scripting\kether\c_l4d2scores.sp::L4D2_DirectorSwapTeams
L 08/01/2021 - 22:02:41: [SM]   [5] Line 913, D:\l4d2 serv\addons\sourcemod\scripting\kether\c_l4d2scores.sp::OnMapEnd
L 08/01/2021 - 22:02:41: [SM] Exception reported: Entity 3 (3) is invalid
L 08/01/2021 - 22:02:41: [SM] Blaming: optional/kether/l4d_tank_pass.smx
L 08/01/2021 - 22:02:41: [SM] Call stack trace:
L 08/01/2021 - 22:02:41: [SM]   [0] GetEntProp
L 08/01/2021 - 22:02:41: [SM]   [1] Line 244, D:\l4d2 serv\addons\sourcemod\scripting\include\l4d_lib.inc::IsPlayerTank
L 08/01/2021 - 22:02:41: [SM]   [2] Line 546, D:\l4d2 serv\addons\sourcemod\scripting\kether\l4d_tank_pass.sp::Event_EntityKilled
L 08/01/2021 - 22:02:41: [SM]   [4] SDKCall
L 08/01/2021 - 22:02:41: [SM]   [5] Line 382, D:\l4d2 serv\addons\sourcemod\scripting\kether\c_l4d2scores.sp::L4D2_DirectorSwapTeams
L 08/01/2021 - 22:02:41: [SM]   [6] Line 913, D:\l4d2 serv\addons\sourcemod\scripting\kether\c_l4d2scores.sp::OnMapEnd
L 08/01/2021 - 22:02:41: [SM] Exception reported: Client index 0 is invalid
L 08/01/2021 - 22:02:41: [SM] Blaming: optional/kether/l4d_tank_control_eq.smx
L 08/01/2021 - 22:02:41: [SM] Call stack trace:
L 08/01/2021 - 22:02:41: [SM]   [0] IsClientInGame
L 08/01/2021 - 22:02:41: [SM]   [1] Line 174, D:\l4d2 serv\LIVESERVER\serwery\standard 60T\addons\sourcemod\scripting\l4d_tank_control_eq.sp::PlayerDeath_Event
L 08/01/2021 - 22:02:41: [SM]   [3] SDKCall
L 08/01/2021 - 22:02:41: [SM]   [4] Line 382, D:\l4d2 serv\addons\sourcemod\scripting\kether\c_l4d2scores.sp::L4D2_DirectorSwapTeams
L 08/01/2021 - 22:02:41: [SM]   [5] Line 913, D:\l4d2 serv\addons\sourcemod\scripting\kether\c_l4d2scores.sp::OnMapEnd
L 08/01/2021 - 22:02:41: [SM] Exception reported: Entity 4 (4) is invalid
L 08/01/2021 - 22:02:41: [SM] Blaming: optional/kether/l4d_tank_pass.smx
L 08/01/2021 - 22:02:41: [SM] Call stack trace:
L 08/01/2021 - 22:02:41: [SM]   [0] GetEntProp
L 08/01/2021 - 22:02:41: [SM]   [1] Line 244, D:\l4d2 serv\addons\sourcemod\scripting\include\l4d_lib.inc::IsPlayerTank
L 08/01/2021 - 22:02:41: [SM]   [2] Line 546, D:\l4d2 serv\addons\sourcemod\scripting\kether\l4d_tank_pass.sp::Event_EntityKilled
L 08/01/2021 - 22:02:41: [SM]   [4] SDKCall
L 08/01/2021 - 22:02:41: [SM]   [5] Line 382, D:\l4d2 serv\addons\sourcemod\scripting\kether\c_l4d2scores.sp::L4D2_DirectorSwapTeams
L 08/01/2021 - 22:02:41: [SM]   [6] Line 913, D:\l4d2 serv\addons\sourcemod\scripting\kether\c_l4d2scores.sp::OnMapEnd
L 08/01/2021 - 22:02:41: [SM] Exception reported: Client index 0 is invalid
L 08/01/2021 - 22:02:41: [SM] Blaming: optional/kether/l4d_tank_control_eq.smx
L 08/01/2021 - 22:02:41: [SM] Call stack trace:
L 08/01/2021 - 22:02:41: [SM]   [0] IsClientInGame
L 08/01/2021 - 22:02:41: [SM]   [1] Line 174, D:\l4d2 serv\LIVESERVER\serwery\standard 60T\addons\sourcemod\scripting\l4d_tank_control_eq.sp::PlayerDeath_Event
L 08/01/2021 - 22:02:41: [SM]   [3] SDKCall
L 08/01/2021 - 22:02:41: [SM]   [4] Line 382, D:\l4d2 serv\addons\sourcemod\scripting\kether\c_l4d2scores.sp::L4D2_DirectorSwapTeams
L 08/01/2021 - 22:02:41: [SM]   [5] Line 913, D:\l4d2 serv\addons\sourcemod\scripting\kether\c_l4d2scores.sp::OnMapEnd
L 08/01/2021 - 22:02:41: [SM] Exception reported: Entity 5 (5) is invalid
L 08/01/2021 - 22:02:41: [SM] Blaming: optional/kether/l4d_tank_pass.smx
L 08/01/2021 - 22:02:41: [SM] Call stack trace:
L 08/01/2021 - 22:02:41: [SM]   [0] GetEntProp
L 08/01/2021 - 22:02:41: [SM]   [1] Line 244, D:\l4d2 serv\addons\sourcemod\scripting\include\l4d_lib.inc::IsPlayerTank
L 08/01/2021 - 22:02:41: [SM]   [2] Line 546, D:\l4d2 serv\addons\sourcemod\scripting\kether\l4d_tank_pass.sp::Event_EntityKilled
L 08/01/2021 - 22:02:41: [SM]   [4] SDKCall
L 08/01/2021 - 22:02:41: [SM]   [5] Line 382, D:\l4d2 serv\addons\sourcemod\scripting\kether\c_l4d2scores.sp::L4D2_DirectorSwapTeams
L 08/01/2021 - 22:02:41: [SM]   [6] Line 913, D:\l4d2 serv\addons\sourcemod\scripting\kether\c_l4d2scores.sp::OnMapEnd
L 08/01/2021 - 22:02:41: [SM] Exception reported: Client index 0 is invalid
L 08/01/2021 - 22:02:41: [SM] Blaming: optional/kether/l4d_tank_control_eq.smx
L 08/01/2021 - 22:02:41: [SM] Call stack trace:
L 08/01/2021 - 22:02:41: [SM]   [0] IsClientInGame
L 08/01/2021 - 22:02:41: [SM]   [1] Line 174, D:\l4d2 serv\LIVESERVER\serwery\standard 60T\addons\sourcemod\scripting\l4d_tank_control_eq.sp::PlayerDeath_Event
L 08/01/2021 - 22:02:41: [SM]   [3] SDKCall
L 08/01/2021 - 22:02:41: [SM]   [4] Line 382, D:\l4d2 serv\addons\sourcemod\scripting\kether\c_l4d2scores.sp::L4D2_DirectorSwapTeams
L 08/01/2021 - 22:02:41: [SM]   [5] Line 913, D:\l4d2 serv\addons\sourcemod\scripting\kether\c_l4d2scores.sp::OnMapEnd
L 08/01/2021 - 22:02:41: [SM] Exception reported: Entity 9 (9) is invalid
L 08/01/2021 - 22:02:41: [SM] Blaming: optional/kether/l4d_tank_pass.smx
L 08/01/2021 - 22:02:41: [SM] Call stack trace:
L 08/01/2021 - 22:02:41: [SM]   [0] GetEntProp
L 08/01/2021 - 22:02:41: [SM]   [1] Line 244, D:\l4d2 serv\addons\sourcemod\scripting\include\l4d_lib.inc::IsPlayerTank
L 08/01/2021 - 22:02:41: [SM]   [2] Line 546, D:\l4d2 serv\addons\sourcemod\scripting\kether\l4d_tank_pass.sp::Event_EntityKilled
L 08/01/2021 - 22:02:41: [SM]   [4] SDKCall
L 08/01/2021 - 22:02:41: [SM]   [5] Line 382, D:\l4d2 serv\addons\sourcemod\scripting\kether\c_l4d2scores.sp::L4D2_DirectorSwapTeams
L 08/01/2021 - 22:02:41: [SM]   [6] Line 913, D:\l4d2 serv\addons\sourcemod\scripting\kether\c_l4d2scores.sp::OnMapEnd
L 08/01/2021 - 22:02:41: [SM] Exception reported: Client index 0 is invalid
L 08/01/2021 - 22:02:41: [SM] Blaming: optional/kether/l4d_tank_control_eq.smx
L 08/01/2021 - 22:02:41: [SM] Call stack trace:
L 08/01/2021 - 22:02:41: [SM]   [0] IsClientInGame
L 08/01/2021 - 22:02:41: [SM]   [1] Line 174, D:\l4d2 serv\LIVESERVER\serwery\standard 60T\addons\sourcemod\scripting\l4d_tank_control_eq.sp::PlayerDeath_Event
L 08/01/2021 - 22:02:41: [SM]   [3] SDKCall
L 08/01/2021 - 22:02:41: [SM]   [4] Line 382, D:\l4d2 serv\addons\sourcemod\scripting\kether\c_l4d2scores.sp::L4D2_DirectorSwapTeams
L 08/01/2021 - 22:02:41: [SM]   [5] Line 913, D:\l4d2 serv\addons\sourcemod\scripting\kether\c_l4d2scores.sp::OnMapEnd
L 08/01/2021 - 22:02:41: [SM] Exception reported: Entity 11 (11) is invalid
L 08/01/2021 - 22:02:41: [SM] Blaming: optional/kether/l4d_tank_pass.smx
L 08/01/2021 - 22:02:41: [SM] Call stack trace:
L 08/01/2021 - 22:02:41: [SM]   [0] GetEntProp
L 08/01/2021 - 22:02:41: [SM]   [1] Line 244, D:\l4d2 serv\addons\sourcemod\scripting\include\l4d_lib.inc::IsPlayerTank
L 08/01/2021 - 22:02:41: [SM]   [2] Line 546, D:\l4d2 serv\addons\sourcemod\scripting\kether\l4d_tank_pass.sp::Event_EntityKilled
L 08/01/2021 - 22:02:41: [SM]   [4] SDKCall
L 08/01/2021 - 22:02:41: [SM]   [5] Line 382, D:\l4d2 serv\addons\sourcemod\scripting\kether\c_l4d2scores.sp::L4D2_DirectorSwapTeams
L 08/01/2021 - 22:02:41: [SM]   [6] Line 913, D:\l4d2 serv\addons\sourcemod\scripting\kether\c_l4d2scores.sp::OnMapEnd
L 08/01/2021 - 22:02:41: [SM] Exception reported: Client index 0 is invalid
L 08/01/2021 - 22:02:41: [SM] Blaming: optional/kether/l4d_tank_control_eq.smx
L 08/01/2021 - 22:02:41: [SM] Call stack trace:
L 08/01/2021 - 22:02:41: [SM]   [0] IsClientInGame
L 08/01/2021 - 22:02:41: [SM]   [1] Line 174, D:\l4d2 serv\LIVESERVER\serwery\standard 60T\addons\sourcemod\scripting\l4d_tank_control_eq.sp::PlayerDeath_Event
L 08/01/2021 - 22:02:41: [SM]   [3] SDKCall
L 08/01/2021 - 22:02:41: [SM]   [4] Line 382, D:\l4d2 serv\addons\sourcemod\scripting\kether\c_l4d2scores.sp::L4D2_DirectorSwapTeams
L 08/01/2021 - 22:02:41: [SM]   [5] Line 913, D:\l4d2 serv\addons\sourcemod\scripting\kether\c_l4d2scores.sp::OnMapEnd
L 08/01/2021 - 22:02:41: [SM] Exception reported: Entity 12 (12) is invalid
L 08/01/2021 - 22:02:41: [SM] Blaming: optional/kether/l4d_tank_pass.smx
L 08/01/2021 - 22:02:41: [SM] Call stack trace:
L 08/01/2021 - 22:02:41: [SM]   [0] GetEntProp
L 08/01/2021 - 22:02:41: [SM]   [1] Line 244, D:\l4d2 serv\addons\sourcemod\scripting\include\l4d_lib.inc::IsPlayerTank
L 08/01/2021 - 22:02:41: [SM]   [2] Line 546, D:\l4d2 serv\addons\sourcemod\scripting\kether\l4d_tank_pass.sp::Event_EntityKilled
L 08/01/2021 - 22:02:41: [SM]   [4] SDKCall
L 08/01/2021 - 22:02:41: [SM]   [5] Line 382, D:\l4d2 serv\addons\sourcemod\scripting\kether\c_l4d2scores.sp::L4D2_DirectorSwapTeams
L 08/01/2021 - 22:02:41: [SM]   [6] Line 913, D:\l4d2 serv\addons\sourcemod\scripting\kether\c_l4d2scores.sp::OnMapEnd
L 08/01/2021 - 22:02:41: [SM] Exception reported: Client index 0 is invalid
L 08/01/2021 - 22:02:41: [SM] Blaming: optional/kether/l4d_tank_control_eq.smx
L 08/01/2021 - 22:02:41: [SM] Call stack trace:
L 08/01/2021 - 22:02:41: [SM]   [0] IsClientInGame
L 08/01/2021 - 22:02:41: [SM]   [1] Line 174, D:\l4d2 serv\LIVESERVER\serwery\standard 60T\addons\sourcemod\scripting\l4d_tank_control_eq.sp::PlayerDeath_Event
L 08/01/2021 - 22:02:41: [SM]   [3] SDKCall
L 08/01/2021 - 22:02:41: [SM]   [4] Line 382, D:\l4d2 serv\addons\sourcemod\scripting\kether\c_l4d2scores.sp::L4D2_DirectorSwapTeams
L 08/01/2021 - 22:02:41: [SM]   [5] Line 913, D:\l4d2 serv\addons\sourcemod\scripting\kether\c_l4d2scores.sp::OnMapEnd
L 08/01/2021 - 22:02:41: [SM] Exception reported: Entity 13 (13) is invalid
L 08/01/2021 - 22:02:41: [SM] Blaming: optional/kether/l4d_tank_pass.smx
L 08/01/2021 - 22:02:41: [SM] Call stack trace:
L 08/01/2021 - 22:02:41: [SM]   [0] GetEntProp
L 08/01/2021 - 22:02:41: [SM]   [1] Line 244, D:\l4d2 serv\addons\sourcemod\scripting\include\l4d_lib.inc::IsPlayerTank
L 08/01/2021 - 22:02:41: [SM]   [2] Line 546, D:\l4d2 serv\addons\sourcemod\scripting\kether\l4d_tank_pass.sp::Event_EntityKilled
L 08/01/2021 - 22:02:41: [SM]   [4] SDKCall
L 08/01/2021 - 22:02:41: [SM]   [5] Line 382, D:\l4d2 serv\addons\sourcemod\scripting\kether\c_l4d2scores.sp::L4D2_DirectorSwapTeams
L 08/01/2021 - 22:02:41: [SM]   [6] Line 913, D:\l4d2 serv\addons\sourcemod\scripting\kether\c_l4d2scores.sp::OnMapEnd
L 08/01/2021 - 22:02:41: [SM] Exception reported: Client index 0 is invalid
L 08/01/2021 - 22:02:41: [SM] Blaming: optional/kether/l4d_tank_control_eq.smx
L 08/01/2021 - 22:02:41: [SM] Call stack trace:
L 08/01/2021 - 22:02:41: [SM]   [0] IsClientInGame
L 08/01/2021 - 22:02:41: [SM]   [1] Line 174, D:\l4d2 serv\LIVESERVER\serwery\standard 60T\addons\sourcemod\scripting\l4d_tank_control_eq.sp::PlayerDeath_Event
L 08/01/2021 - 22:02:41: [SM]   [3] SDKCall
L 08/01/2021 - 22:02:41: [SM]   [4] Line 382, D:\l4d2 serv\addons\sourcemod\scripting\kether\c_l4d2scores.sp::L4D2_DirectorSwapTeams
L 08/01/2021 - 22:02:41: [SM]   [5] Line 913, D:\l4d2 serv\addons\sourcemod\scripting\kether\c_l4d2scores.sp::OnMapEnd
L 08/01/2021 - 22:02:41: [SM] Exception reported: Entity 14 (14) is invalid
L 08/01/2021 - 22:02:41: [SM] Blaming: optional/kether/l4d_tank_pass.smx
L 08/01/2021 - 22:02:41: [SM] Call stack trace:
L 08/01/2021 - 22:02:41: [SM]   [0] GetEntProp
L 08/01/2021 - 22:02:41: [SM]   [1] Line 244, D:\l4d2 serv\addons\sourcemod\scripting\include\l4d_lib.inc::IsPlayerTank
L 08/01/2021 - 22:02:41: [SM]   [2] Line 546, D:\l4d2 serv\addons\sourcemod\scripting\kether\l4d_tank_pass.sp::Event_EntityKilled
L 08/01/2021 - 22:02:41: [SM]   [4] SDKCall
L 08/01/2021 - 22:02:41: [SM]   [5] Line 382, D:\l4d2 serv\addons\sourcemod\scripting\kether\c_l4d2scores.sp::L4D2_DirectorSwapTeams
L 08/01/2021 - 22:02:41: [SM]   [6] Line 913, D:\l4d2 serv\addons\sourcemod\scripting\kether\c_l4d2scores.sp::OnMapEnd
L 08/01/2021 - 22:02:42: Error log file session closed.
L 08/01/2021 - 22:39:26: SourceMod error session started
L 08/01/2021 - 22:39:26: Info (map "c1m1_hotel") (file "/home/k26606_s20329/server_20329/left4dead2/addons/sourcemod/logs/errors_20210801.log")
L 08/01/2021 - 22:39:26: [CRASH] Accelerator uploaded crash dump: Crash ID: UHUY-MLSO-R2P5
L 08/01/2021 - 22:39:31: Error log file session closed.
L 08/01/2021 - 23:44:38: SourceMod error session started
L 08/01/2021 - 23:44:38: Info (map "c1m1_hotel") (file "/home/k26606_s20329/server_20329/left4dead2/addons/sourcemod/logs/errors_20210801.log")
L 08/01/2021 - 23:44:38: [CRASH] Accelerator uploaded crash dump: Crash ID: MYEA-UWSN-UI5O
L 08/01/2021 - 23:44:42: Error log file session closed.
