L 09/15/2021 - 00:00:32: SourceMod error session started
L 09/15/2021 - 00:00:32: Info (map "c2m1_highway") (file "/home/k26606_s24044/server_24044/left4dead2/addons/sourcemod/logs/errors_20210915.log")
L 09/15/2021 - 00:00:32: [confoglcompmod.smx] [Confogl] CvarSettings: Attempt to track ConVar sv_minrate, which is already being tracked.
L 09/15/2021 - 00:00:32: [confoglcompmod.smx] [Confogl] CvarSettings: Attempt to track ConVar sv_maxrate, which is already being tracked.
L 09/15/2021 - 00:00:32: [confoglcompmod.smx] [Confogl] CvarSettings: Attempt to track ConVar sv_mincmdrate, which is already being tracked.
L 09/15/2021 - 00:00:32: [confoglcompmod.smx] [Confogl] CvarSettings: Attempt to track ConVar sv_maxcmdrate, which is already being tracked.
L 09/15/2021 - 00:00:32: [confoglcompmod.smx] [Confogl] CvarSettings: Attempt to track ConVar sv_minupdaterate, which is already being tracked.
L 09/15/2021 - 00:00:32: [confoglcompmod.smx] [Confogl] CvarSettings: Attempt to track ConVar sv_maxupdaterate, which is already being tracked.
L 09/15/2021 - 00:00:32: [confoglcompmod.smx] [Confogl] CvarSettings: Attempt to track ConVar nb_update_frequency, which is already being tracked.
L 09/15/2021 - 00:00:32: [confoglcompmod.smx] [Confogl] CvarSettings: Attempt to track ConVar net_splitpacket_maxrate, which is already being tracked.
L 09/15/2021 - 00:00:32: [confoglcompmod.smx] [Confogl] CvarSettings: Attempt to track ConVar sv_client_min_interp_ratio, which is already being tracked.
L 09/15/2021 - 00:00:32: [confoglcompmod.smx] [Confogl] CvarSettings: Attempt to track ConVar sv_client_max_interp_ratio, which is already being tracked.
L 09/15/2021 - 00:00:32: [confoglcompmod.smx] [Confogl] CvarSettings: Attempt to track ConVar fps_max, which is already being tracked.
L 09/15/2021 - 00:00:35: Error log file session closed.
L 09/15/2021 - 01:04:13: SourceMod error session started
L 09/15/2021 - 01:04:13: Info (map "c5m1_waterfront") (file "/home/k26606_s24044/server_24044/left4dead2/addons/sourcemod/logs/errors_20210915.log")
L 09/15/2021 - 01:04:13: [CRASH] Accelerator uploaded crash dump: Crash ID: RJZR-HZAK-WPCM
L 09/15/2021 - 01:04:18: Error log file session closed.
L 09/15/2021 - 18:24:15: SourceMod error session started
L 09/15/2021 - 18:24:15: Info (map "c5m1_waterfront") (file "/home/k26606_s24044/server_24044/left4dead2/addons/sourcemod/logs/errors_20210915.log")
L 09/15/2021 - 18:24:15: [CRASH] Accelerator uploaded crash dump: Crash ID: 76JC-XY4L-PKAA
L 09/15/2021 - 18:24:21: Error log file session closed.
L 09/15/2021 - 20:39:20: SourceMod error session started
L 09/15/2021 - 20:39:20: Info (map "c8m1_apartment") (file "/home/k26606_s24044/server_24044/left4dead2/addons/sourcemod/logs/errors_20210915.log")
L 09/15/2021 - 20:39:20: [confoglcompmod.smx] [Confogl] CvarSettings: Attempt to track ConVar sv_minrate, which is already being tracked.
L 09/15/2021 - 20:39:20: [confoglcompmod.smx] [Confogl] CvarSettings: Attempt to track ConVar sv_maxrate, which is already being tracked.
L 09/15/2021 - 20:39:20: [confoglcompmod.smx] [Confogl] CvarSettings: Attempt to track ConVar sv_mincmdrate, which is already being tracked.
L 09/15/2021 - 20:39:20: [confoglcompmod.smx] [Confogl] CvarSettings: Attempt to track ConVar sv_maxcmdrate, which is already being tracked.
L 09/15/2021 - 20:39:20: [confoglcompmod.smx] [Confogl] CvarSettings: Attempt to track ConVar sv_minupdaterate, which is already being tracked.
L 09/15/2021 - 20:39:20: [confoglcompmod.smx] [Confogl] CvarSettings: Attempt to track ConVar sv_maxupdaterate, which is already being tracked.
L 09/15/2021 - 20:39:20: [confoglcompmod.smx] [Confogl] CvarSettings: Attempt to track ConVar nb_update_frequency, which is already being tracked.
L 09/15/2021 - 20:39:20: [confoglcompmod.smx] [Confogl] CvarSettings: Attempt to track ConVar net_splitpacket_maxrate, which is already being tracked.
L 09/15/2021 - 20:39:20: [confoglcompmod.smx] [Confogl] CvarSettings: Attempt to track ConVar sv_client_min_interp_ratio, which is already being tracked.
L 09/15/2021 - 20:39:20: [confoglcompmod.smx] [Confogl] CvarSettings: Attempt to track ConVar sv_client_max_interp_ratio, which is already being tracked.
L 09/15/2021 - 20:39:20: [confoglcompmod.smx] [Confogl] CvarSettings: Attempt to track ConVar fps_max, which is already being tracked.
L 09/15/2021 - 20:39:23: Error log file session closed.
L 09/15/2021 - 21:09:12: SourceMod error session started
L 09/15/2021 - 21:09:12: Info (map "c5m1_waterfront") (file "/home/k26606_s24044/server_24044/left4dead2/addons/sourcemod/logs/errors_20210915.log")
L 09/15/2021 - 21:09:12: [CRASH] Accelerator uploaded crash dump: Crash ID: Y3BE-6E2C-PTAR
L 09/15/2021 - 21:09:18: Error log file session closed.
