L 08/27/2021 - 18:26:14: SourceMod error session started
L 08/27/2021 - 18:26:14: Info (map "c5m1_waterfront") (file "/home/k26606_s24044/server_24044/left4dead2/addons/sourcemod/logs/errors_20210827.log")
L 08/27/2021 - 18:26:14: [CRASH] Accelerator uploaded crash dump: Crash ID: DL42-AAJ2-P4GX
L 08/27/2021 - 18:26:21: Error log file session closed.
L 08/27/2021 - 19:05:09: SourceMod error session started
L 08/27/2021 - 19:05:09: Info (map "c5m1_waterfront") (file "/home/k26606_s24044/server_24044/left4dead2/addons/sourcemod/logs/errors_20210827.log")
L 08/27/2021 - 19:05:09: [CRASH] Accelerator uploaded crash dump: Crash ID: GS2I-FK7R-L36N
L 08/27/2021 - 19:05:14: Error log file session closed.
L 08/27/2021 - 19:15:00: SourceMod error session started
L 08/27/2021 - 19:15:00: Info (map "c5m1_waterfront") (file "/home/k26606_s24044/server_24044/left4dead2/addons/sourcemod/logs/errors_20210827.log")
L 08/27/2021 - 19:15:00: [CRASH] Accelerator uploaded crash dump: Crash ID: GVUY-7PGG-IKYM
L 08/27/2021 - 19:15:06: Error log file session closed.
L 08/27/2021 - 21:10:05: SourceMod error session started
L 08/27/2021 - 21:10:05: Info (map "c5m1_waterfront") (file "/home/k26606_s24044/server_24044/left4dead2/addons/sourcemod/logs/errors_20210827.log")
L 08/27/2021 - 21:10:05: [CRASH] Accelerator uploaded crash dump: Crash ID: MNR6-UTYS-H2RN
L 08/27/2021 - 21:10:10: Error log file session closed.
L 08/27/2021 - 22:36:07: SourceMod error session started
L 08/27/2021 - 22:36:07: Info (map "c5m1_waterfront") (file "/home/k26606_s24044/server_24044/left4dead2/addons/sourcemod/logs/errors_20210827.log")
L 08/27/2021 - 22:36:07: [CRASH] Accelerator uploaded crash dump: Crash ID: FLMP-XS6U-WPPR
L 08/27/2021 - 22:36:13: Error log file session closed.
L 08/27/2021 - 23:36:37: SourceMod error session started
L 08/27/2021 - 23:36:37: Info (map "c5m1_waterfront") (file "/home/k26606_s24044/server_24044/left4dead2/addons/sourcemod/logs/errors_20210827.log")
L 08/27/2021 - 23:36:37: [CRASH] Accelerator uploaded crash dump: Crash ID: TMXD-AGKK-Z2ZO
L 08/27/2021 - 23:36:42: Error log file session closed.
