L 08/21/2021 - 13:12:59: SourceMod error session started
L 08/21/2021 - 13:12:59: Info (map "c5m1_waterfront") (file "/home/k26606_s24044/server_24044/left4dead2/addons/sourcemod/logs/errors_20210821.log")
L 08/21/2021 - 13:12:59: [CRASH] Accelerator uploaded crash dump: Crash ID: 5EX4-6H2M-IW6N
L 08/21/2021 - 13:13:09: Error log file session closed.
L 08/21/2021 - 14:51:29: SourceMod error session started
L 08/21/2021 - 14:51:29: Info (map "c5m1_waterfront") (file "/home/k26606_s24044/server_24044/left4dead2/addons/sourcemod/logs/errors_20210821.log")
L 08/21/2021 - 14:51:29: [CRASH] Accelerator uploaded crash dump: Crash ID: KSIX-TZI6-JUYB
L 08/21/2021 - 14:51:39: Error log file session closed.
L 08/21/2021 - 18:39:51: SourceMod error session started
L 08/21/2021 - 18:39:51: Info (map "c5m1_waterfront") (file "/home/k26606_s24044/server_24044/left4dead2/addons/sourcemod/logs/errors_20210821.log")
L 08/21/2021 - 18:39:51: [CRASH] Accelerator uploaded crash dump: Crash ID: JEUA-VCXJ-ESXB
L 08/21/2021 - 18:39:57: Error log file session closed.
L 08/21/2021 - 19:41:11: SourceMod error session started
L 08/21/2021 - 19:41:11: Info (map "c5m1_waterfront") (file "/home/k26606_s24044/server_24044/left4dead2/addons/sourcemod/logs/errors_20210821.log")
L 08/21/2021 - 19:41:11: [CRASH] Accelerator uploaded crash dump: Crash ID: QTL6-M4QD-GSRQ
L 08/21/2021 - 19:41:16: Error log file session closed.
L 08/21/2021 - 21:04:10: SourceMod error session started
L 08/21/2021 - 21:04:10: Info (map "c5m1_waterfront") (file "/home/k26606_s24044/server_24044/left4dead2/addons/sourcemod/logs/errors_20210821.log")
L 08/21/2021 - 21:04:10: [CRASH] Accelerator uploaded crash dump: Crash ID: S6U4-6LHL-ITIL
L 08/21/2021 - 21:04:16: Error log file session closed.
L 08/21/2021 - 22:56:07: SourceMod error session started
L 08/21/2021 - 22:56:07: Info (map "c5m1_waterfront") (file "/home/k26606_s24044/server_24044/left4dead2/addons/sourcemod/logs/errors_20210821.log")
L 08/21/2021 - 22:56:07: [CRASH] Accelerator uploaded crash dump: Crash ID: JWQM-JI2R-N3VD
L 08/21/2021 - 22:56:13: Error log file session closed.
L 08/21/2021 - 23:38:41: SourceMod error session started
L 08/21/2021 - 23:38:41: Info (map "c5m1_waterfront") (file "/home/k26606_s24044/server_24044/left4dead2/addons/sourcemod/logs/errors_20210821.log")
L 08/21/2021 - 23:38:41: [CRASH] Accelerator uploaded crash dump: Crash ID: LT3E-LIJX-4FTH
L 08/21/2021 - 23:38:47: Error log file session closed.
L 08/21/2021 - 23:43:01: SourceMod error session started
L 08/21/2021 - 23:43:01: Info (map "c5m1_waterfront") (file "/home/k26606_s24044/server_24044/left4dead2/addons/sourcemod/logs/errors_20210821.log")
L 08/21/2021 - 23:43:01: [CRASH] Accelerator uploaded crash dump: Crash ID: 6OFR-XO5M-42VS
L 08/21/2021 - 23:43:07: Error log file session closed.
