L 12/13/2021 - 19:12:16: SourceMod error session started
L 12/13/2021 - 19:12:16: Info (map "c1m1_hotel") (file "/home/k26606_s20329/server_20329/left4dead2/addons/sourcemod/logs/errors_20211213.log")
L 12/13/2021 - 19:12:16: [confoglcompmod.smx] [Confogl] CvarSettings: Could not find CVar specified (l4d2_tongue_delay)
L 12/13/2021 - 19:12:20: Error log file session closed.
L 12/13/2021 - 19:21:58: SourceMod error session started
L 12/13/2021 - 19:21:58: Info (map "c8m1_apartment") (file "/home/k26606_s20329/server_20329/left4dead2/addons/sourcemod/logs/errors_20211213.log")
L 12/13/2021 - 19:21:58: [confoglcompmod.smx] [Confogl] CvarSettings: Could not find CVar specified (l4d2_tongue_delay)
L 12/13/2021 - 19:21:58: [confoglcompmod.smx] [Confogl] CvarSettings: Attempt to track ConVar sv_minrate, which is already being tracked.
L 12/13/2021 - 19:21:58: [confoglcompmod.smx] [Confogl] CvarSettings: Attempt to track ConVar sv_maxrate, which is already being tracked.
L 12/13/2021 - 19:21:58: [confoglcompmod.smx] [Confogl] CvarSettings: Attempt to track ConVar sv_mincmdrate, which is already being tracked.
L 12/13/2021 - 19:21:58: [confoglcompmod.smx] [Confogl] CvarSettings: Attempt to track ConVar sv_maxcmdrate, which is already being tracked.
L 12/13/2021 - 19:21:58: [confoglcompmod.smx] [Confogl] CvarSettings: Attempt to track ConVar sv_minupdaterate, which is already being tracked.
L 12/13/2021 - 19:21:58: [confoglcompmod.smx] [Confogl] CvarSettings: Attempt to track ConVar sv_maxupdaterate, which is already being tracked.
L 12/13/2021 - 19:21:58: [confoglcompmod.smx] [Confogl] CvarSettings: Attempt to track ConVar nb_update_frequency, which is already being tracked.
L 12/13/2021 - 19:21:58: [confoglcompmod.smx] [Confogl] CvarSettings: Attempt to track ConVar net_splitpacket_maxrate, which is already being tracked.
L 12/13/2021 - 19:21:58: [confoglcompmod.smx] [Confogl] CvarSettings: Attempt to track ConVar sv_client_min_interp_ratio, which is already being tracked.
L 12/13/2021 - 19:21:58: [confoglcompmod.smx] [Confogl] CvarSettings: Attempt to track ConVar sv_client_max_interp_ratio, which is already being tracked.
L 12/13/2021 - 19:21:58: [confoglcompmod.smx] [Confogl] CvarSettings: Attempt to track ConVar fps_max, which is already being tracked.
L 12/13/2021 - 19:22:01: Error log file session closed.
L 12/13/2021 - 20:22:08: SourceMod error session started
L 12/13/2021 - 20:22:08: Info (map "c1m1_hotel") (file "/home/k26606_s20329/server_20329/left4dead2/addons/sourcemod/logs/errors_20211213.log")
L 12/13/2021 - 20:22:08: [CRASH] Accelerator uploaded crash dump: Crash ID: ONR4-YSKM-NXVA
L 12/13/2021 - 20:22:09: [confoglcompmod.smx] [Confogl] CvarSettings: Could not find CVar specified (l4d2_tongue_delay)
L 12/13/2021 - 20:22:13: Error log file session closed.
L 12/13/2021 - 20:27:17: SourceMod error session started
L 12/13/2021 - 20:27:17: Info (map "c1m1_hotel") (file "/home/k26606_s20329/server_20329/left4dead2/addons/sourcemod/logs/errors_20211213.log")
L 12/13/2021 - 20:27:17: [CRASH] Accelerator uploaded crash dump: Crash ID: 7WI3-L266-TJOB
L 12/13/2021 - 20:27:19: [confoglcompmod.smx] [Confogl] CvarSettings: Could not find CVar specified (l4d2_tongue_delay)
L 12/13/2021 - 20:27:23: Error log file session closed.
L 12/13/2021 - 22:05:16: SourceMod error session started
L 12/13/2021 - 22:05:16: Info (map "c1m1_hotel") (file "/home/k26606_s20329/server_20329/left4dead2/addons/sourcemod/logs/errors_20211213.log")
L 12/13/2021 - 22:05:16: [CRASH] Accelerator uploaded crash dump: Crash ID: I7DW-3565-DDHD
L 12/13/2021 - 22:05:17: [confoglcompmod.smx] [Confogl] CvarSettings: Could not find CVar specified (l4d2_tongue_delay)
L 12/13/2021 - 22:05:21: Error log file session closed.
