L 09/21/2021 - 00:58:06: SourceMod error session started
L 09/21/2021 - 00:58:06: Info (map "c1m1_hotel") (file "/home/k26606_s20329/server_20329/left4dead2/addons/sourcemod/logs/errors_20210921.log")
L 09/21/2021 - 00:58:06: [CRASH] Accelerator uploaded crash dump: Crash ID: GNWS-FXSQ-VARF
L 09/21/2021 - 00:58:08: [SM] Exception reported: Failed to find LagComp addresses: 0xeddca080, 00000000, 00000000
L 09/21/2021 - 00:58:08: [SM] Blaming: optional/kether/l4d2_lagcomp_manager.smx
L 09/21/2021 - 00:58:08: [SM] Call stack trace:
L 09/21/2021 - 00:58:08: [SM]   [0] SetFailState
L 09/21/2021 - 00:58:08: [SM]   [1] Line 32, D:\l4d2 serv\addons\sourcemod\scripting\kether\l4d2_lagcomp_manager.sp::OnPluginStart
L 09/21/2021 - 00:58:09: [confoglcompmod.smx] [Confogl] CvarSettings: Could not find CVar specified (confogl_disable_ghost_hurt)
L 09/21/2021 - 00:58:09: [confoglcompmod.smx] [Confogl] CvarSettings: Could not find CVar specified (confogl_remove_parachutist)
L 09/21/2021 - 00:58:09: [confoglcompmod.smx] [Confogl] CvarSettings: Could not find CVar specified (sm_unsilentjockey_always)
L 09/21/2021 - 00:58:09: [confoglcompmod.smx] [Confogl] CvarSettings: Could not find CVar specified (sm_unsilentjockey_time)
L 09/21/2021 - 00:58:12: Error log file session closed.
L 09/21/2021 - 23:54:13: SourceMod error session started
L 09/21/2021 - 23:54:13: Info (map "c1m1_hotel") (file "/home/k26606_s20329/server_20329/left4dead2/addons/sourcemod/logs/errors_20210921.log")
L 09/21/2021 - 23:54:13: [CRASH] Accelerator uploaded crash dump: Crash ID: HS6S-KFLO-YYWZ
L 09/21/2021 - 23:54:17: [SM] Exception reported: Failed to find LagComp addresses: 0xedda4080, 00000000, 00000000
L 09/21/2021 - 23:54:17: [SM] Blaming: optional/kether/l4d2_lagcomp_manager.smx
L 09/21/2021 - 23:54:17: [SM] Call stack trace:
L 09/21/2021 - 23:54:17: [SM]   [0] SetFailState
L 09/21/2021 - 23:54:17: [SM]   [1] Line 32, D:\l4d2 serv\addons\sourcemod\scripting\kether\l4d2_lagcomp_manager.sp::OnPluginStart
L 09/21/2021 - 23:54:17: [confoglcompmod.smx] [Confogl] CvarSettings: Could not find CVar specified (confogl_disable_ghost_hurt)
L 09/21/2021 - 23:54:17: [confoglcompmod.smx] [Confogl] CvarSettings: Could not find CVar specified (confogl_remove_parachutist)
L 09/21/2021 - 23:54:17: [confoglcompmod.smx] [Confogl] CvarSettings: Could not find CVar specified (sm_unsilentjockey_always)
L 09/21/2021 - 23:54:17: [confoglcompmod.smx] [Confogl] CvarSettings: Could not find CVar specified (sm_unsilentjockey_time)
L 09/21/2021 - 23:54:20: Error log file session closed.
