L 09/22/2021 - 00:07:47: SourceMod error session started
L 09/22/2021 - 00:07:47: Info (map "c1m1_hotel") (file "/home/k26606_s20329/server_20329/left4dead2/addons/sourcemod/logs/errors_20210922.log")
L 09/22/2021 - 00:07:47: [confoglcompmod.smx] [Confogl] CvarSettings: Could not find CVar specified (sound_flags)
L 09/22/2021 - 00:07:51: Error log file session closed.
L 09/22/2021 - 00:42:23: SourceMod error session started
L 09/22/2021 - 00:42:23: Info (map "c1m1_hotel") (file "/home/k26606_s20329/server_20329/left4dead2/addons/sourcemod/logs/errors_20210922.log")
L 09/22/2021 - 00:42:23: [CRASH] Accelerator uploaded crash dump: Crash ID: RLXS-62PS-BRMF
L 09/22/2021 - 00:42:24: [SM] Exception reported: Failed to find LagComp addresses: 0xede30080, 00000000, 00000000
L 09/22/2021 - 00:42:24: [SM] Blaming: optional/kether/l4d2_lagcomp_manager.smx
L 09/22/2021 - 00:42:24: [SM] Call stack trace:
L 09/22/2021 - 00:42:24: [SM]   [0] SetFailState
L 09/22/2021 - 00:42:24: [SM]   [1] Line 32, D:\l4d2 serv\addons\sourcemod\scripting\kether\l4d2_lagcomp_manager.sp::OnPluginStart
L 09/22/2021 - 00:42:25: [confoglcompmod.smx] [Confogl] CvarSettings: Could not find CVar specified (confogl_disable_ghost_hurt)
L 09/22/2021 - 00:42:25: [confoglcompmod.smx] [Confogl] CvarSettings: Could not find CVar specified (confogl_remove_parachutist)
L 09/22/2021 - 00:42:25: [confoglcompmod.smx] [Confogl] CvarSettings: Could not find CVar specified (sm_unsilentjockey_always)
L 09/22/2021 - 00:42:25: [confoglcompmod.smx] [Confogl] CvarSettings: Could not find CVar specified (sm_unsilentjockey_time)
L 09/22/2021 - 00:42:28: Error log file session closed.
L 09/22/2021 - 17:37:42: SourceMod error session started
L 09/22/2021 - 17:37:42: Info (map "c10m3_ranchhouse") (file "/home/k26606_s20329/server_20329/left4dead2/addons/sourcemod/logs/errors_20210922.log")
L 09/22/2021 - 17:37:42: [SM] Exception reported: Invalid entity passed 0
L 09/22/2021 - 17:37:42: [SM] Blaming: anticheat/l4d2_user_commands.smx
L 09/22/2021 - 17:37:42: [SM] Call stack trace:
L 09/22/2021 - 17:37:42: [SM]   [0] DynamicHook.HookEntity
L 09/22/2021 - 17:37:42: [SM]   [1] Line 119, D:\SourcePawn10\l4d2_user_commands.sp::OnClientPutInServer
L 09/22/2021 - 17:37:42: [SM]   [2] Line 104, D:\SourcePawn10\l4d2_user_commands.sp::OnPluginStart
L 09/22/2021 - 17:37:42: [SM] Unable to load plugin "anticheat/l4d2_user_commands.smx": Error detected in plugin startup (see error logs)
L 09/22/2021 - 17:38:07: [SM] Exception reported: Failed to find LagComp addresses: 0xede30080, 00000000, 00000000
L 09/22/2021 - 17:38:07: [SM] Blaming: optional/kether/l4d2_lagcomp_manager.smx
L 09/22/2021 - 17:38:07: [SM] Call stack trace:
L 09/22/2021 - 17:38:07: [SM]   [0] SetFailState
L 09/22/2021 - 17:38:07: [SM]   [1] Line 32, D:\l4d2 serv\addons\sourcemod\scripting\kether\l4d2_lagcomp_manager.sp::OnPluginStart
L 09/22/2021 - 17:38:07: [confoglcompmod.smx] [Confogl] CvarSettings: Could not find CVar specified (confogl_disable_ghost_hurt)
L 09/22/2021 - 17:38:07: [confoglcompmod.smx] [Confogl] CvarSettings: Could not find CVar specified (confogl_remove_parachutist)
L 09/22/2021 - 17:38:07: [confoglcompmod.smx] [Confogl] CvarSettings: Could not find CVar specified (sm_unsilentjockey_always)
L 09/22/2021 - 17:38:07: [confoglcompmod.smx] [Confogl] CvarSettings: Could not find CVar specified (sm_unsilentjockey_time)
L 09/22/2021 - 17:38:07: [confoglcompmod.smx] [Confogl] CvarSettings: Attempt to track ConVar sv_minrate, which is already being tracked.
L 09/22/2021 - 17:38:07: [confoglcompmod.smx] [Confogl] CvarSettings: Attempt to track ConVar sv_maxrate, which is already being tracked.
L 09/22/2021 - 17:38:07: [confoglcompmod.smx] [Confogl] CvarSettings: Attempt to track ConVar sv_mincmdrate, which is already being tracked.
L 09/22/2021 - 17:38:07: [confoglcompmod.smx] [Confogl] CvarSettings: Attempt to track ConVar sv_maxcmdrate, which is already being tracked.
L 09/22/2021 - 17:38:07: [confoglcompmod.smx] [Confogl] CvarSettings: Attempt to track ConVar sv_minupdaterate, which is already being tracked.
L 09/22/2021 - 17:38:07: [confoglcompmod.smx] [Confogl] CvarSettings: Attempt to track ConVar sv_maxupdaterate, which is already being tracked.
L 09/22/2021 - 17:38:07: [confoglcompmod.smx] [Confogl] CvarSettings: Attempt to track ConVar nb_update_frequency, which is already being tracked.
L 09/22/2021 - 17:38:07: [confoglcompmod.smx] [Confogl] CvarSettings: Attempt to track ConVar net_splitpacket_maxrate, which is already being tracked.
L 09/22/2021 - 17:38:07: [confoglcompmod.smx] [Confogl] CvarSettings: Attempt to track ConVar sv_client_min_interp_ratio, which is already being tracked.
L 09/22/2021 - 17:38:07: [confoglcompmod.smx] [Confogl] CvarSettings: Attempt to track ConVar sv_client_max_interp_ratio, which is already being tracked.
L 09/22/2021 - 17:38:07: [confoglcompmod.smx] [Confogl] CvarSettings: Attempt to track ConVar fps_max, which is already being tracked.
L 09/22/2021 - 17:38:10: Error log file session closed.
L 09/22/2021 - 19:16:31: SourceMod error session started
L 09/22/2021 - 19:16:31: Info (map "c1m1_hotel") (file "/home/k26606_s20329/server_20329/left4dead2/addons/sourcemod/logs/errors_20210922.log")
L 09/22/2021 - 19:16:31: [CRASH] Accelerator uploaded crash dump: Crash ID: 7TLZ-XCX4-735O
L 09/22/2021 - 19:16:37: [SM] Exception reported: Failed to find LagComp addresses: 0xede47080, 00000000, 00000000
L 09/22/2021 - 19:16:37: [SM] Blaming: optional/kether/l4d2_lagcomp_manager.smx
L 09/22/2021 - 19:16:37: [SM] Call stack trace:
L 09/22/2021 - 19:16:37: [SM]   [0] SetFailState
L 09/22/2021 - 19:16:37: [SM]   [1] Line 32, D:\l4d2 serv\addons\sourcemod\scripting\kether\l4d2_lagcomp_manager.sp::OnPluginStart
L 09/22/2021 - 19:16:37: [confoglcompmod.smx] [Confogl] CvarSettings: Could not find CVar specified (confogl_disable_ghost_hurt)
L 09/22/2021 - 19:16:37: [confoglcompmod.smx] [Confogl] CvarSettings: Could not find CVar specified (confogl_remove_parachutist)
L 09/22/2021 - 19:16:37: [confoglcompmod.smx] [Confogl] CvarSettings: Could not find CVar specified (sm_unsilentjockey_always)
L 09/22/2021 - 19:16:37: [confoglcompmod.smx] [Confogl] CvarSettings: Could not find CVar specified (sm_unsilentjockey_time)
L 09/22/2021 - 19:16:40: Error log file session closed.
L 09/22/2021 - 20:34:48: SourceMod error session started
L 09/22/2021 - 20:34:48: Info (map "c1m1_hotel") (file "/home/k26606_s20329/server_20329/left4dead2/addons/sourcemod/logs/errors_20210922.log")
L 09/22/2021 - 20:34:48: [CRASH] Accelerator uploaded crash dump: Crash ID: JPZJ-FXCA-GSPH
L 09/22/2021 - 20:34:50: [SM] Exception reported: Failed to find LagComp addresses: 0xede61080, 00000000, 00000000
L 09/22/2021 - 20:34:50: [SM] Blaming: optional/kether/l4d2_lagcomp_manager.smx
L 09/22/2021 - 20:34:50: [SM] Call stack trace:
L 09/22/2021 - 20:34:50: [SM]   [0] SetFailState
L 09/22/2021 - 20:34:50: [SM]   [1] Line 32, D:\l4d2 serv\addons\sourcemod\scripting\kether\l4d2_lagcomp_manager.sp::OnPluginStart
L 09/22/2021 - 20:34:50: [confoglcompmod.smx] [Confogl] CvarSettings: Could not find CVar specified (confogl_disable_ghost_hurt)
L 09/22/2021 - 20:34:50: [confoglcompmod.smx] [Confogl] CvarSettings: Could not find CVar specified (confogl_remove_parachutist)
L 09/22/2021 - 20:34:50: [confoglcompmod.smx] [Confogl] CvarSettings: Could not find CVar specified (sm_unsilentjockey_always)
L 09/22/2021 - 20:34:50: [confoglcompmod.smx] [Confogl] CvarSettings: Could not find CVar specified (sm_unsilentjockey_time)
L 09/22/2021 - 20:34:54: Error log file session closed.
