L 08/03/2021 - 18:24:52: SourceMod error session started
L 08/03/2021 - 18:24:52: Info (map "c1m1_hotel") (file "/home/k26606_s20329/server_20329/left4dead2/addons/sourcemod/logs/errors_20210803.log")
L 08/03/2021 - 18:24:52: [CRASH] Accelerator uploaded crash dump: Crash ID: BUOF-JHUG-HYXL
L 08/03/2021 - 18:24:54: [confoglcompmod.smx] [Confogl] CvarSettings: Attempt to track ConVar z_female_boomer_spawn_chance, which is already being tracked.
L 08/03/2021 - 18:24:57: Error log file session closed.
L 08/03/2021 - 19:28:51: SourceMod error session started
L 08/03/2021 - 19:28:51: Info (map "c1m1_hotel") (file "/home/k26606_s20329/server_20329/left4dead2/addons/sourcemod/logs/errors_20210803.log")
L 08/03/2021 - 19:28:51: [CRASH] Accelerator uploaded crash dump: Crash ID: RZVY-BLIY-SIK3
L 08/03/2021 - 19:28:53: [confoglcompmod.smx] [Confogl] CvarSettings: Attempt to track ConVar z_female_boomer_spawn_chance, which is already being tracked.
L 08/03/2021 - 19:28:56: Error log file session closed.
L 08/03/2021 - 21:52:12: SourceMod error session started
L 08/03/2021 - 21:52:12: Info (map "c1m1_hotel") (file "/home/k26606_s20329/server_20329/left4dead2/addons/sourcemod/logs/errors_20210803.log")
L 08/03/2021 - 21:52:12: [CRASH] Accelerator uploaded crash dump: Crash ID: PFX3-PCMU-FSHZ
L 08/03/2021 - 21:52:14: [confoglcompmod.smx] [Confogl] CvarSettings: Attempt to track ConVar z_female_boomer_spawn_chance, which is already being tracked.
L 08/03/2021 - 21:52:17: Error log file session closed.
L 08/03/2021 - 22:26:22: SourceMod error session started
L 08/03/2021 - 22:26:22: Info (map "c1m1_hotel") (file "/home/k26606_s20329/server_20329/left4dead2/addons/sourcemod/logs/errors_20210803.log")
L 08/03/2021 - 22:26:22: [CRASH] Accelerator uploaded crash dump: Crash ID: CIMX-TLF3-TXUJ
L 08/03/2021 - 22:26:23: [confoglcompmod.smx] [Confogl] CvarSettings: Attempt to track ConVar z_female_boomer_spawn_chance, which is already being tracked.
L 08/03/2021 - 22:26:27: Error log file session closed.
L 08/03/2021 - 22:35:11: SourceMod error session started
L 08/03/2021 - 22:35:11: Info (map "c1m1_hotel") (file "/home/k26606_s20329/server_20329/left4dead2/addons/sourcemod/logs/errors_20210803.log")
L 08/03/2021 - 22:35:11: [CRASH] Accelerator uploaded crash dump: Crash ID: WPXO-M4PV-U7BB
L 08/03/2021 - 22:35:13: [confoglcompmod.smx] [Confogl] CvarSettings: Attempt to track ConVar z_female_boomer_spawn_chance, which is already being tracked.
L 08/03/2021 - 22:35:16: Error log file session closed.
