L 12/14/2021 - 18:43:28: SourceMod error session started
L 12/14/2021 - 18:43:28: Info (map "c1m1_hotel") (file "/home/k26606_s20329/server_20329/left4dead2/addons/sourcemod/logs/errors_20211214.log")
L 12/14/2021 - 18:43:28: [confoglcompmod.smx] [Confogl] CvarSettings: Could not find CVar specified (l4d2_tongue_delay)
L 12/14/2021 - 18:43:28: [confoglcompmod.smx] [Confogl] CvarSettings: Attempt to track ConVar sv_minrate, which is already being tracked.
L 12/14/2021 - 18:43:28: [confoglcompmod.smx] [Confogl] CvarSettings: Attempt to track ConVar sv_maxrate, which is already being tracked.
L 12/14/2021 - 18:43:28: [confoglcompmod.smx] [Confogl] CvarSettings: Attempt to track ConVar sv_mincmdrate, which is already being tracked.
L 12/14/2021 - 18:43:28: [confoglcompmod.smx] [Confogl] CvarSettings: Attempt to track ConVar sv_maxcmdrate, which is already being tracked.
L 12/14/2021 - 18:43:28: [confoglcompmod.smx] [Confogl] CvarSettings: Attempt to track ConVar sv_minupdaterate, which is already being tracked.
L 12/14/2021 - 18:43:28: [confoglcompmod.smx] [Confogl] CvarSettings: Attempt to track ConVar sv_maxupdaterate, which is already being tracked.
L 12/14/2021 - 18:43:28: [confoglcompmod.smx] [Confogl] CvarSettings: Attempt to track ConVar nb_update_frequency, which is already being tracked.
L 12/14/2021 - 18:43:28: [confoglcompmod.smx] [Confogl] CvarSettings: Attempt to track ConVar net_splitpacket_maxrate, which is already being tracked.
L 12/14/2021 - 18:43:28: [confoglcompmod.smx] [Confogl] CvarSettings: Attempt to track ConVar sv_client_min_interp_ratio, which is already being tracked.
L 12/14/2021 - 18:43:28: [confoglcompmod.smx] [Confogl] CvarSettings: Attempt to track ConVar sv_client_max_interp_ratio, which is already being tracked.
L 12/14/2021 - 18:43:28: [confoglcompmod.smx] [Confogl] CvarSettings: Attempt to track ConVar fps_max, which is already being tracked.
L 12/14/2021 - 18:43:32: Error log file session closed.
L 12/14/2021 - 18:57:35: SourceMod error session started
L 12/14/2021 - 18:57:35: Info (map "c1m1_hotel") (file "/home/k26606_s20329/server_20329/left4dead2/addons/sourcemod/logs/errors_20211214.log")
L 12/14/2021 - 18:57:35: [CRASH] Accelerator uploaded crash dump: Crash ID: X7OF-AVB6-NB7U
L 12/14/2021 - 18:57:37: [confoglcompmod.smx] [Confogl] CvarSettings: Could not find CVar specified (l4d2_tongue_delay)
L 12/14/2021 - 18:57:40: Error log file session closed.
