L 12/15/2021 - 17:16:08: SourceMod error session started
L 12/15/2021 - 17:16:08: Info (map "c1m1_hotel") (file "/home/k26606_s20329/server_20329/left4dead2/addons/sourcemod/logs/errors_20211215.log")
L 12/15/2021 - 17:16:08: [CRASH] Accelerator uploaded crash dump: Crash ID: WCKJ-D4N6-6YZU
L 12/15/2021 - 17:16:10: [confoglcompmod.smx] [Confogl] CvarSettings: Could not find CVar specified (l4d2_tongue_delay)
L 12/15/2021 - 17:16:13: Error log file session closed.
L 12/15/2021 - 17:16:46: SourceMod error session started
L 12/15/2021 - 17:16:46: Info (map "c1m1_hotel") (file "/home/k26606_s20329/server_20329/left4dead2/addons/sourcemod/logs/errors_20211215.log")
L 12/15/2021 - 17:16:46: [CRASH] Accelerator uploaded crash dump: Crash ID: NI44-MDOT-J64Z
L 12/15/2021 - 17:16:48: [confoglcompmod.smx] [Confogl] CvarSettings: Could not find CVar specified (l4d2_tongue_delay)
L 12/15/2021 - 17:16:51: Error log file session closed.
L 12/15/2021 - 17:19:01: SourceMod error session started
L 12/15/2021 - 17:19:01: Info (map "c11m1_greenhouse") (file "/home/k26606_s20329/server_20329/left4dead2/addons/sourcemod/logs/errors_20211215.log")
L 12/15/2021 - 17:19:01: [confoglcompmod.smx] [Confogl] CvarSettings: Could not find CVar specified (l4d2_tongue_delay)
L 12/15/2021 - 17:19:04: Error log file session closed.
L 12/15/2021 - 18:23:42: SourceMod error session started
L 12/15/2021 - 18:23:42: Info (map "c1m1_hotel") (file "/home/k26606_s20329/server_20329/left4dead2/addons/sourcemod/logs/errors_20211215.log")
L 12/15/2021 - 18:23:42: [CRASH] Accelerator uploaded crash dump: Crash ID: OXSH-OYOE-5JFF
L 12/15/2021 - 18:23:44: [confoglcompmod.smx] [Confogl] CvarSettings: Could not find CVar specified (l4d2_tongue_delay)
L 12/15/2021 - 18:23:47: Error log file session closed.
L 12/15/2021 - 18:32:17: SourceMod error session started
L 12/15/2021 - 18:32:17: Info (map "c10m1_caves") (file "/home/k26606_s20329/server_20329/left4dead2/addons/sourcemod/logs/errors_20211215.log")
L 12/15/2021 - 18:32:17: [SM] Exception reported: Array index out-of-bounds (index -1, limit 66)
L 12/15/2021 - 18:32:17: [SM] Blaming: optional/kether/l4d2_charger_getup_fix.smx
L 12/15/2021 - 18:32:17: [SM] Call stack trace:
L 12/15/2021 - 18:32:17: [SM]   [1] Line 349, E:\BACKUPY\l4d2 for git\kether.pl\Kether.pl-L4D2-Server\addons\sourcemod\scripting\kether\l4d2_charger_getup_fix.sp::ResetIgnoreJockeyed
L 12/15/2021 - 18:32:17: [SM]   [2] Line 392, E:\BACKUPY\l4d2 for git\kether.pl\Kether.pl-L4D2-Server\addons\sourcemod\scripting\kether\l4d2_charger_getup_fix.sp::BlueMoonCaseCheck
L 12/15/2021 - 18:32:55: Error log file session closed.
L 12/15/2021 - 19:00:59: SourceMod error session started
L 12/15/2021 - 19:00:59: Info (map "c1m1_hotel") (file "/home/k26606_s20329/server_20329/left4dead2/addons/sourcemod/logs/errors_20211215.log")
L 12/15/2021 - 19:00:59: [CRASH] Accelerator uploaded crash dump: Crash ID: QE3H-X3TC-HGCK
L 12/15/2021 - 19:01:00: [confoglcompmod.smx] [Confogl] CvarSettings: Could not find CVar specified (l4d2_tongue_delay)
L 12/15/2021 - 19:01:04: Error log file session closed.
L 12/15/2021 - 20:18:28: SourceMod error session started
L 12/15/2021 - 20:18:28: Info (map "c1m1_hotel") (file "/home/k26606_s20329/server_20329/left4dead2/addons/sourcemod/logs/errors_20211215.log")
L 12/15/2021 - 20:18:28: [CRASH] Accelerator uploaded crash dump: Crash ID: LHZW-QFT2-W27C
L 12/15/2021 - 20:18:31: [confoglcompmod.smx] [Confogl] CvarSettings: Could not find CVar specified (l4d2_tongue_delay)
L 12/15/2021 - 20:18:35: Error log file session closed.
L 12/15/2021 - 21:08:43: SourceMod error session started
L 12/15/2021 - 21:08:43: Info (map "c1m1_hotel") (file "/home/k26606_s20329/server_20329/left4dead2/addons/sourcemod/logs/errors_20211215.log")
L 12/15/2021 - 21:08:43: [CRASH] Accelerator uploaded crash dump: Crash ID: 7QIA-G22B-C7UB
L 12/15/2021 - 21:08:44: [confoglcompmod.smx] [Confogl] CvarSettings: Could not find CVar specified (l4d2_tongue_delay)
L 12/15/2021 - 21:08:48: Error log file session closed.
