L 09/30/2021 - 00:25:38: SourceMod error session started
L 09/30/2021 - 00:25:38: Info (map "c1m1_hotel") (file "/home/k26606_s20329/server_20329/left4dead2/addons/sourcemod/logs/errors_20210930.log")
L 09/30/2021 - 00:25:38: [CRASH] Accelerator uploaded crash dump: Crash ID: 5LU7-QJ6T-KSRQ
L 09/30/2021 - 00:25:40: [SM] Exception reported: Failed to find LagComp addresses: 0xedda0080, 00000000, 00000000
L 09/30/2021 - 00:25:40: [SM] Blaming: optional/kether/l4d2_lagcomp_manager.smx
L 09/30/2021 - 00:25:40: [SM] Call stack trace:
L 09/30/2021 - 00:25:40: [SM]   [0] SetFailState
L 09/30/2021 - 00:25:40: [SM]   [1] Line 32, D:\l4d2 serv\addons\sourcemod\scripting\kether\l4d2_lagcomp_manager.sp::OnPluginStart
L 09/30/2021 - 00:25:40: [confoglcompmod.smx] [Confogl] CvarSettings: Could not find CVar specified (confogl_disable_ghost_hurt)
L 09/30/2021 - 00:25:40: [confoglcompmod.smx] [Confogl] CvarSettings: Could not find CVar specified (confogl_remove_parachutist)
L 09/30/2021 - 00:25:40: [confoglcompmod.smx] [Confogl] CvarSettings: Could not find CVar specified (sm_unsilentjockey_always)
L 09/30/2021 - 00:25:40: [confoglcompmod.smx] [Confogl] CvarSettings: Could not find CVar specified (sm_unsilentjockey_time)
L 09/30/2021 - 00:25:43: Error log file session closed.
L 09/30/2021 - 10:55:24: SourceMod error session started
L 09/30/2021 - 10:55:24: Info (map "c1m1_hotel") (file "/home/k26606_s20329/server_20329/left4dead2/addons/sourcemod/logs/errors_20210930.log")
L 09/30/2021 - 10:55:24: [CRASH] Accelerator uploaded crash dump: Crash ID: KNV6-BOFL-4RCI
L 09/30/2021 - 10:55:24: [CRASH] Accelerator uploaded crash dump: Crash ID: 5MPS-BQJD-XGBX
L 09/30/2021 - 10:55:36: SourceMod error session started
L 09/30/2021 - 10:55:36: Info (map "c1m1_hotel") (file "/home/k26606_s20329/server_20329/left4dead2/addons/sourcemod/logs/errors_20210930.log")
L 09/30/2021 - 10:55:36: [CRASH] Accelerator uploaded crash dump: Crash ID: T7XL-BVVH-QLJM
L 09/30/2021 - 10:55:37: [SM] Exception reported: Failed to find LagComp addresses: 0xeddaa080, 00000000, 00000000
L 09/30/2021 - 10:55:37: [SM] Blaming: optional/kether/l4d2_lagcomp_manager.smx
L 09/30/2021 - 10:55:37: [SM] Call stack trace:
L 09/30/2021 - 10:55:37: [SM]   [0] SetFailState
L 09/30/2021 - 10:55:37: [SM]   [1] Line 32, D:\l4d2 serv\addons\sourcemod\scripting\kether\l4d2_lagcomp_manager.sp::OnPluginStart
L 09/30/2021 - 10:55:38: [confoglcompmod.smx] [Confogl] CvarSettings: Could not find CVar specified (confogl_disable_ghost_hurt)
L 09/30/2021 - 10:55:38: [confoglcompmod.smx] [Confogl] CvarSettings: Could not find CVar specified (confogl_remove_parachutist)
L 09/30/2021 - 10:55:38: [confoglcompmod.smx] [Confogl] CvarSettings: Could not find CVar specified (sm_unsilentjockey_always)
L 09/30/2021 - 10:55:38: [confoglcompmod.smx] [Confogl] CvarSettings: Could not find CVar specified (sm_unsilentjockey_time)
L 09/30/2021 - 10:55:38: [confoglcompmod.smx] [Confogl] CvarSettings: Could not find CVar specified (l4d2_tank_prop_glow_range_min)
L 09/30/2021 - 10:55:41: Error log file session closed.
L 09/30/2021 - 10:59:49: SourceMod error session started
L 09/30/2021 - 10:59:49: Info (map "c1m1_hotel") (file "/home/k26606_s20329/server_20329/left4dead2/addons/sourcemod/logs/errors_20210930.log")
L 09/30/2021 - 10:59:49: [SM] Exception reported: Invalid convar handle 0 (error 4)
L 09/30/2021 - 10:59:49: [SM] Blaming: fixes/l4d2_unsilent_jockey.smx
L 09/30/2021 - 10:59:49: [SM] Call stack trace:
L 09/30/2021 - 10:59:49: [SM]   [0] ConVar.AddChangeHook
L 09/30/2021 - 10:59:49: [SM]   [1] Line 91, D:\SourcePawn10\l4d2_unsilent_jockey.sp::OnPluginStart
L 09/30/2021 - 10:59:49: [SM] Unable to load plugin "fixes/l4d2_unsilent_jockey.smx": Error detected in plugin startup (see error logs)
L 09/30/2021 - 10:59:50: [SM] Exception reported: Invalid convar handle 0 (error 4)
L 09/30/2021 - 10:59:50: [SM] Blaming: fixes/l4d2_unsilent_jockey.smx
L 09/30/2021 - 10:59:50: [SM] Call stack trace:
L 09/30/2021 - 10:59:50: [SM]   [0] ConVar.AddChangeHook
L 09/30/2021 - 10:59:50: [SM]   [1] Line 91, D:\SourcePawn10\l4d2_unsilent_jockey.sp::OnPluginStart
L 09/30/2021 - 10:59:50: [SM] Exception reported: Failed to find LagComp addresses: 0xede03080, 00000000, 00000000
L 09/30/2021 - 10:59:50: [SM] Blaming: optional/kether/l4d2_lagcomp_manager.smx
L 09/30/2021 - 10:59:50: [SM] Call stack trace:
L 09/30/2021 - 10:59:50: [SM]   [0] SetFailState
L 09/30/2021 - 10:59:50: [SM]   [1] Line 32, D:\l4d2 serv\addons\sourcemod\scripting\kether\l4d2_lagcomp_manager.sp::OnPluginStart
L 09/30/2021 - 10:59:51: [confoglcompmod.smx] [Confogl] CvarSettings: Could not find CVar specified (confogl_disable_ghost_hurt)
L 09/30/2021 - 10:59:51: [confoglcompmod.smx] [Confogl] CvarSettings: Could not find CVar specified (confogl_remove_parachutist)
L 09/30/2021 - 10:59:51: [confoglcompmod.smx] [Confogl] CvarSettings: Could not find CVar specified (sm_unsilentjockey_enabled)
L 09/30/2021 - 10:59:51: [confoglcompmod.smx] [Confogl] CvarSettings: Could not find CVar specified (sm_unsilentjockey_always)
L 09/30/2021 - 10:59:51: [confoglcompmod.smx] [Confogl] CvarSettings: Could not find CVar specified (sm_unsilentjockey_time)
L 09/30/2021 - 10:59:54: Error log file session closed.
L 09/30/2021 - 11:02:48: SourceMod error session started
L 09/30/2021 - 11:02:48: Info (map "c1m1_hotel") (file "/home/k26606_s20329/server_20329/left4dead2/addons/sourcemod/logs/errors_20210930.log")
L 09/30/2021 - 11:02:48: [SM] Exception reported: Invalid convar handle 0 (error 4)
L 09/30/2021 - 11:02:48: [SM] Blaming: fixes/l4d2_unsilent_jockey.smx
L 09/30/2021 - 11:02:48: [SM] Call stack trace:
L 09/30/2021 - 11:02:48: [SM]   [0] ConVar.AddChangeHook
L 09/30/2021 - 11:02:48: [SM]   [1] Line 91, D:\SourcePawn10\l4d2_unsilent_jockey.sp::OnPluginStart
L 09/30/2021 - 11:02:48: [SM] Unable to load plugin "fixes/l4d2_unsilent_jockey.smx": Error detected in plugin startup (see error logs)
L 09/30/2021 - 11:02:49: [CRASH] Accelerator uploaded crash dump: Crash ID: DS5O-KIVQ-SDID
L 09/30/2021 - 11:02:50: [SM] Exception reported: Invalid convar handle 0 (error 4)
L 09/30/2021 - 11:02:50: [SM] Blaming: fixes/l4d2_unsilent_jockey.smx
L 09/30/2021 - 11:02:50: [SM] Call stack trace:
L 09/30/2021 - 11:02:50: [SM]   [0] ConVar.AddChangeHook
L 09/30/2021 - 11:02:50: [SM]   [1] Line 91, D:\SourcePawn10\l4d2_unsilent_jockey.sp::OnPluginStart
L 09/30/2021 - 11:02:50: [SM] Exception reported: Failed to find LagComp addresses: 0xede44080, 00000000, 00000000
L 09/30/2021 - 11:02:50: [SM] Blaming: optional/kether/l4d2_lagcomp_manager.smx
L 09/30/2021 - 11:02:50: [SM] Call stack trace:
L 09/30/2021 - 11:02:50: [SM]   [0] SetFailState
L 09/30/2021 - 11:02:50: [SM]   [1] Line 32, D:\l4d2 serv\addons\sourcemod\scripting\kether\l4d2_lagcomp_manager.sp::OnPluginStart
L 09/30/2021 - 11:02:51: [confoglcompmod.smx] [Confogl] CvarSettings: Could not find CVar specified (confogl_disable_ghost_hurt)
L 09/30/2021 - 11:02:51: [confoglcompmod.smx] [Confogl] CvarSettings: Could not find CVar specified (confogl_remove_parachutist)
L 09/30/2021 - 11:02:51: [confoglcompmod.smx] [Confogl] CvarSettings: Could not find CVar specified (sm_unsilentjockey_enabled)
L 09/30/2021 - 11:02:51: [confoglcompmod.smx] [Confogl] CvarSettings: Could not find CVar specified (sm_unsilentjockey_always)
L 09/30/2021 - 11:02:51: [confoglcompmod.smx] [Confogl] CvarSettings: Could not find CVar specified (sm_unsilentjockey_time)
L 09/30/2021 - 11:02:54: Error log file session closed.
L 09/30/2021 - 11:07:33: SourceMod error session started
L 09/30/2021 - 11:07:33: Info (map "c1m1_hotel") (file "/home/k26606_s20329/server_20329/left4dead2/addons/sourcemod/logs/errors_20210930.log")
L 09/30/2021 - 11:07:33: [SM] Exception reported: Invalid convar handle 0 (error 4)
L 09/30/2021 - 11:07:33: [SM] Blaming: fixes/l4d2_unsilent_jockey.smx
L 09/30/2021 - 11:07:33: [SM] Call stack trace:
L 09/30/2021 - 11:07:33: [SM]   [0] ConVar.AddChangeHook
L 09/30/2021 - 11:07:33: [SM]   [1] Line 91, D:\SourcePawn10\l4d2_unsilent_jockey.sp::OnPluginStart
L 09/30/2021 - 11:07:33: [SM] Unable to load plugin "fixes/l4d2_unsilent_jockey.smx": Error detected in plugin startup (see error logs)
L 09/30/2021 - 11:07:33: [CRASH] Accelerator uploaded crash dump: Crash ID: LXH6-35AG-X4F4
L 09/30/2021 - 11:07:34: [SM] Exception reported: Invalid convar handle 0 (error 4)
L 09/30/2021 - 11:07:34: [SM] Blaming: fixes/l4d2_unsilent_jockey.smx
L 09/30/2021 - 11:07:34: [SM] Call stack trace:
L 09/30/2021 - 11:07:34: [SM]   [0] ConVar.AddChangeHook
L 09/30/2021 - 11:07:34: [SM]   [1] Line 91, D:\SourcePawn10\l4d2_unsilent_jockey.sp::OnPluginStart
L 09/30/2021 - 11:07:35: [SM] Exception reported: Failed to find LagComp addresses: 0xede51080, 00000000, 00000000
L 09/30/2021 - 11:07:35: [SM] Blaming: optional/kether/l4d2_lagcomp_manager.smx
L 09/30/2021 - 11:07:35: [SM] Call stack trace:
L 09/30/2021 - 11:07:35: [SM]   [0] SetFailState
L 09/30/2021 - 11:07:35: [SM]   [1] Line 32, D:\l4d2 serv\addons\sourcemod\scripting\kether\l4d2_lagcomp_manager.sp::OnPluginStart
L 09/30/2021 - 11:07:35: [confoglcompmod.smx] [Confogl] CvarSettings: Could not find CVar specified (confogl_disable_ghost_hurt)
L 09/30/2021 - 11:07:35: [confoglcompmod.smx] [Confogl] CvarSettings: Could not find CVar specified (confogl_remove_parachutist)
L 09/30/2021 - 11:07:35: [confoglcompmod.smx] [Confogl] CvarSettings: Could not find CVar specified (sm_unsilentjockey_enabled)
L 09/30/2021 - 11:07:35: [confoglcompmod.smx] [Confogl] CvarSettings: Could not find CVar specified (sm_unsilentjockey_always)
L 09/30/2021 - 11:07:35: [confoglcompmod.smx] [Confogl] CvarSettings: Could not find CVar specified (sm_unsilentjockey_time)
L 09/30/2021 - 11:07:38: Error log file session closed.
L 09/30/2021 - 11:10:47: SourceMod error session started
L 09/30/2021 - 11:10:47: Info (map "c1m1_hotel") (file "/home/k26606_s20329/server_20329/left4dead2/addons/sourcemod/logs/errors_20210930.log")
L 09/30/2021 - 11:10:47: [SM] Exception reported: Invalid convar handle 0 (error 4)
L 09/30/2021 - 11:10:47: [SM] Blaming: fixes/l4d2_unsilent_jockey.smx
L 09/30/2021 - 11:10:47: [SM] Call stack trace:
L 09/30/2021 - 11:10:47: [SM]   [0] ConVar.AddChangeHook
L 09/30/2021 - 11:10:47: [SM]   [1] Line 91, D:\SourcePawn10\l4d2_unsilent_jockey.sp::OnPluginStart
L 09/30/2021 - 11:10:47: [SM] Unable to load plugin "fixes/l4d2_unsilent_jockey.smx": Error detected in plugin startup (see error logs)
L 09/30/2021 - 11:10:48: [SM] Exception reported: Invalid convar handle 0 (error 4)
L 09/30/2021 - 11:10:48: [SM] Blaming: fixes/l4d2_unsilent_jockey.smx
L 09/30/2021 - 11:10:48: [SM] Call stack trace:
L 09/30/2021 - 11:10:48: [SM]   [0] ConVar.AddChangeHook
L 09/30/2021 - 11:10:48: [SM]   [1] Line 91, D:\SourcePawn10\l4d2_unsilent_jockey.sp::OnPluginStart
L 09/30/2021 - 11:10:48: [SM] Exception reported: Failed to find LagComp addresses: 0xedded080, 00000000, 00000000
L 09/30/2021 - 11:10:48: [SM] Blaming: optional/kether/l4d2_lagcomp_manager.smx
L 09/30/2021 - 11:10:48: [SM] Call stack trace:
L 09/30/2021 - 11:10:48: [SM]   [0] SetFailState
L 09/30/2021 - 11:10:48: [SM]   [1] Line 32, D:\l4d2 serv\addons\sourcemod\scripting\kether\l4d2_lagcomp_manager.sp::OnPluginStart
L 09/30/2021 - 11:10:49: [confoglcompmod.smx] [Confogl] CvarSettings: Could not find CVar specified (confogl_disable_ghost_hurt)
L 09/30/2021 - 11:10:49: [confoglcompmod.smx] [Confogl] CvarSettings: Could not find CVar specified (confogl_remove_parachutist)
L 09/30/2021 - 11:10:49: [confoglcompmod.smx] [Confogl] CvarSettings: Could not find CVar specified (sm_unsilentjockey_enabled)
L 09/30/2021 - 11:10:49: [confoglcompmod.smx] [Confogl] CvarSettings: Could not find CVar specified (sm_unsilentjockey_always)
L 09/30/2021 - 11:10:49: [confoglcompmod.smx] [Confogl] CvarSettings: Could not find CVar specified (sm_unsilentjockey_time)
L 09/30/2021 - 11:10:52: Error log file session closed.
L 09/30/2021 - 11:20:02: SourceMod error session started
L 09/30/2021 - 11:20:02: Info (map "c1m1_hotel") (file "/home/k26606_s20329/server_20329/left4dead2/addons/sourcemod/logs/errors_20210930.log")
L 09/30/2021 - 11:20:02: [SM] Exception reported: Invalid convar handle 0 (error 4)
L 09/30/2021 - 11:20:02: [SM] Blaming: fixes/l4d2_unsilent_jockey.smx
L 09/30/2021 - 11:20:02: [SM] Call stack trace:
L 09/30/2021 - 11:20:02: [SM]   [0] ConVar.AddChangeHook
L 09/30/2021 - 11:20:02: [SM]   [1] Line 91, D:\SourcePawn10\l4d2_unsilent_jockey.sp::OnPluginStart
L 09/30/2021 - 11:20:02: [SM] Unable to load plugin "fixes/l4d2_unsilent_jockey.smx": Error detected in plugin startup (see error logs)
L 09/30/2021 - 11:20:03: [CRASH] Accelerator uploaded crash dump: Crash ID: T5DF-XLUC-S56P
L 09/30/2021 - 11:20:04: [SM] Exception reported: Invalid convar handle 0 (error 4)
L 09/30/2021 - 11:20:04: [SM] Blaming: fixes/l4d2_unsilent_jockey.smx
L 09/30/2021 - 11:20:04: [SM] Call stack trace:
L 09/30/2021 - 11:20:04: [SM]   [0] ConVar.AddChangeHook
L 09/30/2021 - 11:20:04: [SM]   [1] Line 91, D:\SourcePawn10\l4d2_unsilent_jockey.sp::OnPluginStart
L 09/30/2021 - 11:20:04: [SM] Exception reported: Failed to find LagComp addresses: 0xede47080, 00000000, 00000000
L 09/30/2021 - 11:20:04: [SM] Blaming: optional/kether/l4d2_lagcomp_manager.smx
L 09/30/2021 - 11:20:04: [SM] Call stack trace:
L 09/30/2021 - 11:20:04: [SM]   [0] SetFailState
L 09/30/2021 - 11:20:04: [SM]   [1] Line 32, D:\l4d2 serv\addons\sourcemod\scripting\kether\l4d2_lagcomp_manager.sp::OnPluginStart
L 09/30/2021 - 11:20:05: [confoglcompmod.smx] [Confogl] CvarSettings: Could not find CVar specified (confogl_disable_ghost_hurt)
L 09/30/2021 - 11:20:05: [confoglcompmod.smx] [Confogl] CvarSettings: Could not find CVar specified (confogl_remove_parachutist)
L 09/30/2021 - 11:20:05: [confoglcompmod.smx] [Confogl] CvarSettings: Could not find CVar specified (sm_unsilentjockey_enabled)
L 09/30/2021 - 11:20:05: [confoglcompmod.smx] [Confogl] CvarSettings: Could not find CVar specified (sm_unsilentjockey_always)
L 09/30/2021 - 11:20:05: [confoglcompmod.smx] [Confogl] CvarSettings: Could not find CVar specified (sm_unsilentjockey_time)
L 09/30/2021 - 11:20:08: Error log file session closed.
L 09/30/2021 - 11:38:06: SourceMod error session started
L 09/30/2021 - 11:38:06: Info (map "c1m1_hotel") (file "/home/k26606_s20329/server_20329/left4dead2/addons/sourcemod/logs/errors_20210930.log")
L 09/30/2021 - 11:38:06: [SM] Exception reported: Invalid convar handle 0 (error 4)
L 09/30/2021 - 11:38:06: [SM] Blaming: fixes/l4d2_unsilent_jockey.smx
L 09/30/2021 - 11:38:06: [SM] Call stack trace:
L 09/30/2021 - 11:38:06: [SM]   [0] ConVar.AddChangeHook
L 09/30/2021 - 11:38:06: [SM]   [1] Line 91, D:\SourcePawn10\l4d2_unsilent_jockey.sp::OnPluginStart
L 09/30/2021 - 11:38:06: [SM] Unable to load plugin "fixes/l4d2_unsilent_jockey.smx": Error detected in plugin startup (see error logs)
L 09/30/2021 - 11:38:07: [SM] Exception reported: Invalid convar handle 0 (error 4)
L 09/30/2021 - 11:38:07: [SM] Blaming: fixes/l4d2_unsilent_jockey.smx
L 09/30/2021 - 11:38:07: [SM] Call stack trace:
L 09/30/2021 - 11:38:07: [SM]   [0] ConVar.AddChangeHook
L 09/30/2021 - 11:38:07: [SM]   [1] Line 91, D:\SourcePawn10\l4d2_unsilent_jockey.sp::OnPluginStart
L 09/30/2021 - 11:38:07: [SM] Exception reported: Failed to find LagComp addresses: 0xede60080, 00000000, 00000000
L 09/30/2021 - 11:38:07: [SM] Blaming: optional/kether/l4d2_lagcomp_manager.smx
L 09/30/2021 - 11:38:07: [SM] Call stack trace:
L 09/30/2021 - 11:38:07: [SM]   [0] SetFailState
L 09/30/2021 - 11:38:07: [SM]   [1] Line 32, D:\l4d2 serv\addons\sourcemod\scripting\kether\l4d2_lagcomp_manager.sp::OnPluginStart
L 09/30/2021 - 11:38:08: [confoglcompmod.smx] [Confogl] CvarSettings: Could not find CVar specified (confogl_disable_ghost_hurt)
L 09/30/2021 - 11:38:08: [confoglcompmod.smx] [Confogl] CvarSettings: Could not find CVar specified (confogl_remove_parachutist)
L 09/30/2021 - 11:38:08: [confoglcompmod.smx] [Confogl] CvarSettings: Could not find CVar specified (sm_unsilentjockey_enabled)
L 09/30/2021 - 11:38:08: [confoglcompmod.smx] [Confogl] CvarSettings: Could not find CVar specified (sm_unsilentjockey_always)
L 09/30/2021 - 11:38:08: [confoglcompmod.smx] [Confogl] CvarSettings: Could not find CVar specified (sm_unsilentjockey_time)
L 09/30/2021 - 11:38:11: Error log file session closed.
L 09/30/2021 - 11:39:28: SourceMod error session started
L 09/30/2021 - 11:39:28: Info (map "c1m1_hotel") (file "/home/k26606_s20329/server_20329/left4dead2/addons/sourcemod/logs/errors_20210930.log")
L 09/30/2021 - 11:39:28: [SM] Exception reported: Invalid convar handle 0 (error 4)
L 09/30/2021 - 11:39:28: [SM] Blaming: fixes/l4d2_unsilent_jockey.smx
L 09/30/2021 - 11:39:28: [SM] Call stack trace:
L 09/30/2021 - 11:39:28: [SM]   [0] ConVar.AddChangeHook
L 09/30/2021 - 11:39:28: [SM]   [1] Line 91, D:\SourcePawn10\l4d2_unsilent_jockey.sp::OnPluginStart
L 09/30/2021 - 11:39:28: [SM] Unable to load plugin "fixes/l4d2_unsilent_jockey.smx": Error detected in plugin startup (see error logs)
L 09/30/2021 - 11:39:28: [CRASH] Accelerator uploaded crash dump: Crash ID: CAU2-OFXF-RDD6
L 09/30/2021 - 11:39:30: [SM] Exception reported: Invalid convar handle 0 (error 4)
L 09/30/2021 - 11:39:30: [SM] Blaming: fixes/l4d2_unsilent_jockey.smx
L 09/30/2021 - 11:39:30: [SM] Call stack trace:
L 09/30/2021 - 11:39:30: [SM]   [0] ConVar.AddChangeHook
L 09/30/2021 - 11:39:30: [SM]   [1] Line 91, D:\SourcePawn10\l4d2_unsilent_jockey.sp::OnPluginStart
L 09/30/2021 - 11:39:30: [SM] Exception reported: Failed to find LagComp addresses: 0xede1b080, 00000000, 00000000
L 09/30/2021 - 11:39:30: [SM] Blaming: optional/kether/l4d2_lagcomp_manager.smx
L 09/30/2021 - 11:39:30: [SM] Call stack trace:
L 09/30/2021 - 11:39:30: [SM]   [0] SetFailState
L 09/30/2021 - 11:39:30: [SM]   [1] Line 32, D:\l4d2 serv\addons\sourcemod\scripting\kether\l4d2_lagcomp_manager.sp::OnPluginStart
L 09/30/2021 - 11:39:31: [confoglcompmod.smx] [Confogl] CvarSettings: Could not find CVar specified (confogl_disable_ghost_hurt)
L 09/30/2021 - 11:39:31: [confoglcompmod.smx] [Confogl] CvarSettings: Could not find CVar specified (confogl_remove_parachutist)
L 09/30/2021 - 11:39:31: [confoglcompmod.smx] [Confogl] CvarSettings: Could not find CVar specified (sm_unsilentjockey_enabled)
L 09/30/2021 - 11:39:31: [confoglcompmod.smx] [Confogl] CvarSettings: Could not find CVar specified (sm_unsilentjockey_always)
L 09/30/2021 - 11:39:31: [confoglcompmod.smx] [Confogl] CvarSettings: Could not find CVar specified (sm_unsilentjockey_time)
L 09/30/2021 - 11:39:34: Error log file session closed.
L 09/30/2021 - 11:40:02: SourceMod error session started
L 09/30/2021 - 11:40:02: Info (map "c1m1_hotel") (file "/home/k26606_s20329/server_20329/left4dead2/addons/sourcemod/logs/errors_20210930.log")
L 09/30/2021 - 11:40:02: [SM] Exception reported: Invalid convar handle 0 (error 4)
L 09/30/2021 - 11:40:02: [SM] Blaming: fixes/l4d2_unsilent_jockey.smx
L 09/30/2021 - 11:40:02: [SM] Call stack trace:
L 09/30/2021 - 11:40:02: [SM]   [0] ConVar.AddChangeHook
L 09/30/2021 - 11:40:02: [SM]   [1] Line 91, D:\SourcePawn10\l4d2_unsilent_jockey.sp::OnPluginStart
L 09/30/2021 - 11:40:02: [SM] Unable to load plugin "fixes/l4d2_unsilent_jockey.smx": Error detected in plugin startup (see error logs)
L 09/30/2021 - 11:40:04: [SM] Exception reported: Invalid convar handle 0 (error 4)
L 09/30/2021 - 11:40:04: [SM] Blaming: fixes/l4d2_unsilent_jockey.smx
L 09/30/2021 - 11:40:04: [SM] Call stack trace:
L 09/30/2021 - 11:40:04: [SM]   [0] ConVar.AddChangeHook
L 09/30/2021 - 11:40:04: [SM]   [1] Line 91, D:\SourcePawn10\l4d2_unsilent_jockey.sp::OnPluginStart
L 09/30/2021 - 11:40:04: [SM] Exception reported: Failed to find LagComp addresses: 0xede8f080, 00000000, 00000000
L 09/30/2021 - 11:40:04: [SM] Blaming: optional/kether/l4d2_lagcomp_manager.smx
L 09/30/2021 - 11:40:04: [SM] Call stack trace:
L 09/30/2021 - 11:40:04: [SM]   [0] SetFailState
L 09/30/2021 - 11:40:04: [SM]   [1] Line 32, D:\l4d2 serv\addons\sourcemod\scripting\kether\l4d2_lagcomp_manager.sp::OnPluginStart
L 09/30/2021 - 11:40:05: [confoglcompmod.smx] [Confogl] CvarSettings: Could not find CVar specified (confogl_disable_ghost_hurt)
L 09/30/2021 - 11:40:05: [confoglcompmod.smx] [Confogl] CvarSettings: Could not find CVar specified (confogl_remove_parachutist)
L 09/30/2021 - 11:40:05: [confoglcompmod.smx] [Confogl] CvarSettings: Could not find CVar specified (sm_unsilentjockey_enabled)
L 09/30/2021 - 11:40:05: [confoglcompmod.smx] [Confogl] CvarSettings: Could not find CVar specified (sm_unsilentjockey_always)
L 09/30/2021 - 11:40:05: [confoglcompmod.smx] [Confogl] CvarSettings: Could not find CVar specified (sm_unsilentjockey_time)
L 09/30/2021 - 11:40:08: Error log file session closed.
L 09/30/2021 - 11:41:51: SourceMod error session started
L 09/30/2021 - 11:41:51: Info (map "c1m1_hotel") (file "/home/k26606_s20329/server_20329/left4dead2/addons/sourcemod/logs/errors_20210930.log")
L 09/30/2021 - 11:41:51: [SM] Exception reported: Invalid convar handle 0 (error 4)
L 09/30/2021 - 11:41:51: [SM] Blaming: fixes/l4d2_unsilent_jockey.smx
L 09/30/2021 - 11:41:51: [SM] Call stack trace:
L 09/30/2021 - 11:41:51: [SM]   [0] ConVar.AddChangeHook
L 09/30/2021 - 11:41:51: [SM]   [1] Line 91, D:\SourcePawn10\l4d2_unsilent_jockey.sp::OnPluginStart
L 09/30/2021 - 11:41:51: [SM] Unable to load plugin "fixes/l4d2_unsilent_jockey.smx": Error detected in plugin startup (see error logs)
L 09/30/2021 - 11:41:51: [CRASH] Accelerator uploaded crash dump: Crash ID: 3J54-ROBN-3GPG
L 09/30/2021 - 11:41:53: [SM] Exception reported: Invalid convar handle 0 (error 4)
L 09/30/2021 - 11:41:53: [SM] Blaming: fixes/l4d2_unsilent_jockey.smx
L 09/30/2021 - 11:41:53: [SM] Call stack trace:
L 09/30/2021 - 11:41:53: [SM]   [0] ConVar.AddChangeHook
L 09/30/2021 - 11:41:53: [SM]   [1] Line 91, D:\SourcePawn10\l4d2_unsilent_jockey.sp::OnPluginStart
L 09/30/2021 - 11:41:53: [SM] Exception reported: Failed to find LagComp addresses: 0xedddc080, 00000000, 00000000
L 09/30/2021 - 11:41:53: [SM] Blaming: optional/kether/l4d2_lagcomp_manager.smx
L 09/30/2021 - 11:41:53: [SM] Call stack trace:
L 09/30/2021 - 11:41:53: [SM]   [0] SetFailState
L 09/30/2021 - 11:41:53: [SM]   [1] Line 32, D:\l4d2 serv\addons\sourcemod\scripting\kether\l4d2_lagcomp_manager.sp::OnPluginStart
L 09/30/2021 - 11:41:53: [confoglcompmod.smx] [Confogl] CvarSettings: Could not find CVar specified (confogl_disable_ghost_hurt)
L 09/30/2021 - 11:41:53: [confoglcompmod.smx] [Confogl] CvarSettings: Could not find CVar specified (confogl_remove_parachutist)
L 09/30/2021 - 11:41:53: [confoglcompmod.smx] [Confogl] CvarSettings: Could not find CVar specified (sm_unsilentjockey_enabled)
L 09/30/2021 - 11:41:53: [confoglcompmod.smx] [Confogl] CvarSettings: Could not find CVar specified (sm_unsilentjockey_always)
L 09/30/2021 - 11:41:53: [confoglcompmod.smx] [Confogl] CvarSettings: Could not find CVar specified (sm_unsilentjockey_time)
L 09/30/2021 - 11:41:57: Error log file session closed.
L 09/30/2021 - 11:43:34: SourceMod error session started
L 09/30/2021 - 11:43:34: Info (map "c1m1_hotel") (file "/home/k26606_s20329/server_20329/left4dead2/addons/sourcemod/logs/errors_20210930.log")
L 09/30/2021 - 11:43:34: [SM] Exception reported: Invalid convar handle 0 (error 4)
L 09/30/2021 - 11:43:34: [SM] Blaming: fixes/l4d2_unsilent_jockey.smx
L 09/30/2021 - 11:43:34: [SM] Call stack trace:
L 09/30/2021 - 11:43:34: [SM]   [0] ConVar.AddChangeHook
L 09/30/2021 - 11:43:34: [SM]   [1] Line 91, D:\SourcePawn10\l4d2_unsilent_jockey.sp::OnPluginStart
L 09/30/2021 - 11:43:34: [SM] Unable to load plugin "fixes/l4d2_unsilent_jockey.smx": Error detected in plugin startup (see error logs)
L 09/30/2021 - 11:43:36: [SM] Exception reported: Invalid convar handle 0 (error 4)
L 09/30/2021 - 11:43:36: [SM] Blaming: fixes/l4d2_unsilent_jockey.smx
L 09/30/2021 - 11:43:36: [SM] Call stack trace:
L 09/30/2021 - 11:43:36: [SM]   [0] ConVar.AddChangeHook
L 09/30/2021 - 11:43:36: [SM]   [1] Line 91, D:\SourcePawn10\l4d2_unsilent_jockey.sp::OnPluginStart
L 09/30/2021 - 11:43:36: [SM] Exception reported: Failed to find LagComp addresses: 0xede62080, 00000000, 00000000
L 09/30/2021 - 11:43:36: [SM] Blaming: optional/kether/l4d2_lagcomp_manager.smx
L 09/30/2021 - 11:43:36: [SM] Call stack trace:
L 09/30/2021 - 11:43:36: [SM]   [0] SetFailState
L 09/30/2021 - 11:43:36: [SM]   [1] Line 32, D:\l4d2 serv\addons\sourcemod\scripting\kether\l4d2_lagcomp_manager.sp::OnPluginStart
L 09/30/2021 - 11:43:37: [confoglcompmod.smx] [Confogl] CvarSettings: Could not find CVar specified (confogl_disable_ghost_hurt)
L 09/30/2021 - 11:43:37: [confoglcompmod.smx] [Confogl] CvarSettings: Could not find CVar specified (confogl_remove_parachutist)
L 09/30/2021 - 11:43:37: [confoglcompmod.smx] [Confogl] CvarSettings: Could not find CVar specified (sm_unsilentjockey_enabled)
L 09/30/2021 - 11:43:37: [confoglcompmod.smx] [Confogl] CvarSettings: Could not find CVar specified (sm_unsilentjockey_always)
L 09/30/2021 - 11:43:37: [confoglcompmod.smx] [Confogl] CvarSettings: Could not find CVar specified (sm_unsilentjockey_time)
L 09/30/2021 - 11:43:40: Error log file session closed.
L 09/30/2021 - 11:44:54: SourceMod error session started
L 09/30/2021 - 11:44:54: Info (map "c1m1_hotel") (file "/home/k26606_s20329/server_20329/left4dead2/addons/sourcemod/logs/errors_20210930.log")
L 09/30/2021 - 11:44:54: [SM] Exception reported: Invalid convar handle 0 (error 4)
L 09/30/2021 - 11:44:54: [SM] Blaming: fixes/l4d2_unsilent_jockey.smx
L 09/30/2021 - 11:44:54: [SM] Call stack trace:
L 09/30/2021 - 11:44:54: [SM]   [0] ConVar.AddChangeHook
L 09/30/2021 - 11:44:54: [SM]   [1] Line 91, D:\SourcePawn10\l4d2_unsilent_jockey.sp::OnPluginStart
L 09/30/2021 - 11:44:54: [SM] Unable to load plugin "fixes/l4d2_unsilent_jockey.smx": Error detected in plugin startup (see error logs)
L 09/30/2021 - 11:44:55: [CRASH] Accelerator uploaded crash dump: Crash ID: FUW5-RU7V-4UH6
L 09/30/2021 - 11:44:56: [SM] Exception reported: Invalid convar handle 0 (error 4)
L 09/30/2021 - 11:44:56: [SM] Blaming: fixes/l4d2_unsilent_jockey.smx
L 09/30/2021 - 11:44:56: [SM] Call stack trace:
L 09/30/2021 - 11:44:56: [SM]   [0] ConVar.AddChangeHook
L 09/30/2021 - 11:44:56: [SM]   [1] Line 91, D:\SourcePawn10\l4d2_unsilent_jockey.sp::OnPluginStart
L 09/30/2021 - 11:44:56: [SM] Exception reported: Failed to find LagComp addresses: 0xede25080, 00000000, 00000000
L 09/30/2021 - 11:44:56: [SM] Blaming: optional/kether/l4d2_lagcomp_manager.smx
L 09/30/2021 - 11:44:56: [SM] Call stack trace:
L 09/30/2021 - 11:44:56: [SM]   [0] SetFailState
L 09/30/2021 - 11:44:56: [SM]   [1] Line 32, D:\l4d2 serv\addons\sourcemod\scripting\kether\l4d2_lagcomp_manager.sp::OnPluginStart
L 09/30/2021 - 11:44:57: [confoglcompmod.smx] [Confogl] CvarSettings: Could not find CVar specified (confogl_disable_ghost_hurt)
L 09/30/2021 - 11:44:57: [confoglcompmod.smx] [Confogl] CvarSettings: Could not find CVar specified (confogl_remove_parachutist)
L 09/30/2021 - 11:44:57: [confoglcompmod.smx] [Confogl] CvarSettings: Could not find CVar specified (sm_unsilentjockey_enabled)
L 09/30/2021 - 11:44:57: [confoglcompmod.smx] [Confogl] CvarSettings: Could not find CVar specified (sm_unsilentjockey_always)
L 09/30/2021 - 11:44:57: [confoglcompmod.smx] [Confogl] CvarSettings: Could not find CVar specified (sm_unsilentjockey_time)
L 09/30/2021 - 11:45:00: Error log file session closed.
L 09/30/2021 - 11:49:42: SourceMod error session started
L 09/30/2021 - 11:49:42: Info (map "c1m1_hotel") (file "/home/k26606_s20329/server_20329/left4dead2/addons/sourcemod/logs/errors_20210930.log")
L 09/30/2021 - 11:49:42: [SM] Exception reported: Invalid convar handle 0 (error 4)
L 09/30/2021 - 11:49:42: [SM] Blaming: fixes/l4d2_unsilent_jockey.smx
L 09/30/2021 - 11:49:42: [SM] Call stack trace:
L 09/30/2021 - 11:49:42: [SM]   [0] ConVar.AddChangeHook
L 09/30/2021 - 11:49:42: [SM]   [1] Line 91, D:\SourcePawn10\l4d2_unsilent_jockey.sp::OnPluginStart
L 09/30/2021 - 11:49:42: [SM] Unable to load plugin "fixes/l4d2_unsilent_jockey.smx": Error detected in plugin startup (see error logs)
L 09/30/2021 - 11:49:44: [SM] Exception reported: Invalid convar handle 0 (error 4)
L 09/30/2021 - 11:49:44: [SM] Blaming: fixes/l4d2_unsilent_jockey.smx
L 09/30/2021 - 11:49:44: [SM] Call stack trace:
L 09/30/2021 - 11:49:44: [SM]   [0] ConVar.AddChangeHook
L 09/30/2021 - 11:49:44: [SM]   [1] Line 91, D:\SourcePawn10\l4d2_unsilent_jockey.sp::OnPluginStart
L 09/30/2021 - 11:49:44: [SM] Exception reported: Failed to find LagComp addresses: 0xedd97080, 00000000, 00000000
L 09/30/2021 - 11:49:44: [SM] Blaming: optional/kether/l4d2_lagcomp_manager.smx
L 09/30/2021 - 11:49:44: [SM] Call stack trace:
L 09/30/2021 - 11:49:44: [SM]   [0] SetFailState
L 09/30/2021 - 11:49:44: [SM]   [1] Line 32, D:\l4d2 serv\addons\sourcemod\scripting\kether\l4d2_lagcomp_manager.sp::OnPluginStart
L 09/30/2021 - 11:49:44: [confoglcompmod.smx] [Confogl] CvarSettings: Could not find CVar specified (confogl_disable_ghost_hurt)
L 09/30/2021 - 11:49:44: [confoglcompmod.smx] [Confogl] CvarSettings: Could not find CVar specified (confogl_remove_parachutist)
L 09/30/2021 - 11:49:44: [confoglcompmod.smx] [Confogl] CvarSettings: Could not find CVar specified (sm_unsilentjockey_enabled)
L 09/30/2021 - 11:49:44: [confoglcompmod.smx] [Confogl] CvarSettings: Could not find CVar specified (sm_unsilentjockey_always)
L 09/30/2021 - 11:49:44: [confoglcompmod.smx] [Confogl] CvarSettings: Could not find CVar specified (sm_unsilentjockey_time)
L 09/30/2021 - 11:49:48: Error log file session closed.
L 09/30/2021 - 11:51:03: SourceMod error session started
L 09/30/2021 - 11:51:03: Info (map "c1m1_hotel") (file "/home/k26606_s20329/server_20329/left4dead2/addons/sourcemod/logs/errors_20210930.log")
L 09/30/2021 - 11:51:03: [SM] Exception reported: Invalid convar handle 0 (error 4)
L 09/30/2021 - 11:51:03: [SM] Blaming: fixes/l4d2_unsilent_jockey.smx
L 09/30/2021 - 11:51:03: [SM] Call stack trace:
L 09/30/2021 - 11:51:03: [SM]   [0] ConVar.AddChangeHook
L 09/30/2021 - 11:51:03: [SM]   [1] Line 91, D:\SourcePawn10\l4d2_unsilent_jockey.sp::OnPluginStart
L 09/30/2021 - 11:51:03: [SM] Unable to load plugin "fixes/l4d2_unsilent_jockey.smx": Error detected in plugin startup (see error logs)
L 09/30/2021 - 11:51:03: [CRASH] Accelerator uploaded crash dump: Crash ID: JOLX-F2JE-IO76
L 09/30/2021 - 11:51:04: [SM] Exception reported: Invalid convar handle 0 (error 4)
L 09/30/2021 - 11:51:04: [SM] Blaming: fixes/l4d2_unsilent_jockey.smx
L 09/30/2021 - 11:51:04: [SM] Call stack trace:
L 09/30/2021 - 11:51:04: [SM]   [0] ConVar.AddChangeHook
L 09/30/2021 - 11:51:04: [SM]   [1] Line 91, D:\SourcePawn10\l4d2_unsilent_jockey.sp::OnPluginStart
L 09/30/2021 - 11:51:04: [SM] Exception reported: Failed to find LagComp addresses: 0xede03080, 00000000, 00000000
L 09/30/2021 - 11:51:04: [SM] Blaming: optional/kether/l4d2_lagcomp_manager.smx
L 09/30/2021 - 11:51:04: [SM] Call stack trace:
L 09/30/2021 - 11:51:04: [SM]   [0] SetFailState
L 09/30/2021 - 11:51:04: [SM]   [1] Line 32, D:\l4d2 serv\addons\sourcemod\scripting\kether\l4d2_lagcomp_manager.sp::OnPluginStart
L 09/30/2021 - 11:51:05: [confoglcompmod.smx] [Confogl] CvarSettings: Could not find CVar specified (confogl_disable_ghost_hurt)
L 09/30/2021 - 11:51:05: [confoglcompmod.smx] [Confogl] CvarSettings: Could not find CVar specified (confogl_remove_parachutist)
L 09/30/2021 - 11:51:05: [confoglcompmod.smx] [Confogl] CvarSettings: Could not find CVar specified (sm_unsilentjockey_enabled)
L 09/30/2021 - 11:51:05: [confoglcompmod.smx] [Confogl] CvarSettings: Could not find CVar specified (sm_unsilentjockey_always)
L 09/30/2021 - 11:51:05: [confoglcompmod.smx] [Confogl] CvarSettings: Could not find CVar specified (sm_unsilentjockey_time)
L 09/30/2021 - 11:51:08: Error log file session closed.
L 09/30/2021 - 11:52:38: SourceMod error session started
L 09/30/2021 - 11:52:38: Info (map "c1m1_hotel") (file "/home/k26606_s20329/server_20329/left4dead2/addons/sourcemod/logs/errors_20210930.log")
L 09/30/2021 - 11:52:38: [SM] Exception reported: Invalid convar handle 0 (error 4)
L 09/30/2021 - 11:52:38: [SM] Blaming: fixes/l4d2_unsilent_jockey.smx
L 09/30/2021 - 11:52:38: [SM] Call stack trace:
L 09/30/2021 - 11:52:38: [SM]   [0] ConVar.AddChangeHook
L 09/30/2021 - 11:52:38: [SM]   [1] Line 91, D:\SourcePawn10\l4d2_unsilent_jockey.sp::OnPluginStart
L 09/30/2021 - 11:52:38: [SM] Unable to load plugin "fixes/l4d2_unsilent_jockey.smx": Error detected in plugin startup (see error logs)
L 09/30/2021 - 11:52:40: [SM] Exception reported: Invalid convar handle 0 (error 4)
L 09/30/2021 - 11:52:40: [SM] Blaming: fixes/l4d2_unsilent_jockey.smx
L 09/30/2021 - 11:52:40: [SM] Call stack trace:
L 09/30/2021 - 11:52:40: [SM]   [0] ConVar.AddChangeHook
L 09/30/2021 - 11:52:40: [SM]   [1] Line 91, D:\SourcePawn10\l4d2_unsilent_jockey.sp::OnPluginStart
L 09/30/2021 - 11:52:40: [SM] Exception reported: Failed to find LagComp addresses: 0xede4d080, 00000000, 00000000
L 09/30/2021 - 11:52:40: [SM] Blaming: optional/kether/l4d2_lagcomp_manager.smx
L 09/30/2021 - 11:52:40: [SM] Call stack trace:
L 09/30/2021 - 11:52:40: [SM]   [0] SetFailState
L 09/30/2021 - 11:52:40: [SM]   [1] Line 32, D:\l4d2 serv\addons\sourcemod\scripting\kether\l4d2_lagcomp_manager.sp::OnPluginStart
L 09/30/2021 - 11:52:41: [confoglcompmod.smx] [Confogl] CvarSettings: Could not find CVar specified (confogl_disable_ghost_hurt)
L 09/30/2021 - 11:52:41: [confoglcompmod.smx] [Confogl] CvarSettings: Could not find CVar specified (confogl_remove_parachutist)
L 09/30/2021 - 11:52:41: [confoglcompmod.smx] [Confogl] CvarSettings: Could not find CVar specified (sm_unsilentjockey_enabled)
L 09/30/2021 - 11:52:41: [confoglcompmod.smx] [Confogl] CvarSettings: Could not find CVar specified (sm_unsilentjockey_always)
L 09/30/2021 - 11:52:41: [confoglcompmod.smx] [Confogl] CvarSettings: Could not find CVar specified (sm_unsilentjockey_time)
L 09/30/2021 - 11:52:44: Error log file session closed.
L 09/30/2021 - 11:55:26: SourceMod error session started
L 09/30/2021 - 11:55:26: Info (map "c1m1_hotel") (file "/home/k26606_s20329/server_20329/left4dead2/addons/sourcemod/logs/errors_20210930.log")
L 09/30/2021 - 11:55:26: [SM] Exception reported: Invalid convar handle 0 (error 4)
L 09/30/2021 - 11:55:26: [SM] Blaming: fixes/l4d2_unsilent_jockey.smx
L 09/30/2021 - 11:55:26: [SM] Call stack trace:
L 09/30/2021 - 11:55:26: [SM]   [0] ConVar.AddChangeHook
L 09/30/2021 - 11:55:26: [SM]   [1] Line 91, D:\SourcePawn10\l4d2_unsilent_jockey.sp::OnPluginStart
L 09/30/2021 - 11:55:26: [SM] Unable to load plugin "fixes/l4d2_unsilent_jockey.smx": Error detected in plugin startup (see error logs)
L 09/30/2021 - 11:55:27: [CRASH] Accelerator uploaded crash dump: Crash ID: 5RVL-NUX2-X6FS
L 09/30/2021 - 11:55:28: [SM] Exception reported: Invalid convar handle 0 (error 4)
L 09/30/2021 - 11:55:28: [SM] Blaming: fixes/l4d2_unsilent_jockey.smx
L 09/30/2021 - 11:55:28: [SM] Call stack trace:
L 09/30/2021 - 11:55:28: [SM]   [0] ConVar.AddChangeHook
L 09/30/2021 - 11:55:28: [SM]   [1] Line 91, D:\SourcePawn10\l4d2_unsilent_jockey.sp::OnPluginStart
L 09/30/2021 - 11:55:28: [SM] Exception reported: Failed to find LagComp addresses: 0xedded080, 00000000, 00000000
L 09/30/2021 - 11:55:28: [SM] Blaming: optional/kether/l4d2_lagcomp_manager.smx
L 09/30/2021 - 11:55:28: [SM] Call stack trace:
L 09/30/2021 - 11:55:28: [SM]   [0] SetFailState
L 09/30/2021 - 11:55:28: [SM]   [1] Line 32, D:\l4d2 serv\addons\sourcemod\scripting\kether\l4d2_lagcomp_manager.sp::OnPluginStart
L 09/30/2021 - 11:55:29: [confoglcompmod.smx] [Confogl] CvarSettings: Could not find CVar specified (confogl_disable_ghost_hurt)
L 09/30/2021 - 11:55:29: [confoglcompmod.smx] [Confogl] CvarSettings: Could not find CVar specified (confogl_remove_parachutist)
L 09/30/2021 - 11:55:29: [confoglcompmod.smx] [Confogl] CvarSettings: Could not find CVar specified (sm_unsilentjockey_enabled)
L 09/30/2021 - 11:55:29: [confoglcompmod.smx] [Confogl] CvarSettings: Could not find CVar specified (sm_unsilentjockey_always)
L 09/30/2021 - 11:55:29: [confoglcompmod.smx] [Confogl] CvarSettings: Could not find CVar specified (sm_unsilentjockey_time)
L 09/30/2021 - 11:55:32: Error log file session closed.
L 09/30/2021 - 11:58:09: SourceMod error session started
L 09/30/2021 - 11:58:09: Info (map "c1m1_hotel") (file "/home/k26606_s20329/server_20329/left4dead2/addons/sourcemod/logs/errors_20210930.log")
L 09/30/2021 - 11:58:09: [SM] Exception reported: Invalid convar handle 0 (error 4)
L 09/30/2021 - 11:58:09: [SM] Blaming: fixes/l4d2_unsilent_jockey.smx
L 09/30/2021 - 11:58:09: [SM] Call stack trace:
L 09/30/2021 - 11:58:09: [SM]   [0] ConVar.AddChangeHook
L 09/30/2021 - 11:58:09: [SM]   [1] Line 91, D:\SourcePawn10\l4d2_unsilent_jockey.sp::OnPluginStart
L 09/30/2021 - 11:58:09: [SM] Unable to load plugin "fixes/l4d2_unsilent_jockey.smx": Error detected in plugin startup (see error logs)
L 09/30/2021 - 11:58:10: [SM] Exception reported: Invalid convar handle 0 (error 4)
L 09/30/2021 - 11:58:10: [SM] Blaming: fixes/l4d2_unsilent_jockey.smx
L 09/30/2021 - 11:58:10: [SM] Call stack trace:
L 09/30/2021 - 11:58:10: [SM]   [0] ConVar.AddChangeHook
L 09/30/2021 - 11:58:10: [SM]   [1] Line 91, D:\SourcePawn10\l4d2_unsilent_jockey.sp::OnPluginStart
L 09/30/2021 - 11:58:11: [SM] Exception reported: Failed to find LagComp addresses: 0xede64080, 00000000, 00000000
L 09/30/2021 - 11:58:11: [SM] Blaming: optional/kether/l4d2_lagcomp_manager.smx
L 09/30/2021 - 11:58:11: [SM] Call stack trace:
L 09/30/2021 - 11:58:11: [SM]   [0] SetFailState
L 09/30/2021 - 11:58:11: [SM]   [1] Line 32, D:\l4d2 serv\addons\sourcemod\scripting\kether\l4d2_lagcomp_manager.sp::OnPluginStart
L 09/30/2021 - 11:58:11: [confoglcompmod.smx] [Confogl] CvarSettings: Could not find CVar specified (confogl_disable_ghost_hurt)
L 09/30/2021 - 11:58:11: [confoglcompmod.smx] [Confogl] CvarSettings: Could not find CVar specified (confogl_remove_parachutist)
L 09/30/2021 - 11:58:11: [confoglcompmod.smx] [Confogl] CvarSettings: Could not find CVar specified (sm_unsilentjockey_enabled)
L 09/30/2021 - 11:58:11: [confoglcompmod.smx] [Confogl] CvarSettings: Could not find CVar specified (sm_unsilentjockey_always)
L 09/30/2021 - 11:58:11: [confoglcompmod.smx] [Confogl] CvarSettings: Could not find CVar specified (sm_unsilentjockey_time)
L 09/30/2021 - 11:58:14: Error log file session closed.
L 09/30/2021 - 11:59:42: SourceMod error session started
L 09/30/2021 - 11:59:42: Info (map "c1m1_hotel") (file "/home/k26606_s20329/server_20329/left4dead2/addons/sourcemod/logs/errors_20210930.log")
L 09/30/2021 - 11:59:42: [SM] Exception reported: Invalid convar handle 0 (error 4)
L 09/30/2021 - 11:59:42: [SM] Blaming: fixes/l4d2_unsilent_jockey.smx
L 09/30/2021 - 11:59:42: [SM] Call stack trace:
L 09/30/2021 - 11:59:42: [SM]   [0] ConVar.AddChangeHook
L 09/30/2021 - 11:59:42: [SM]   [1] Line 91, D:\SourcePawn10\l4d2_unsilent_jockey.sp::OnPluginStart
L 09/30/2021 - 11:59:42: [SM] Unable to load plugin "fixes/l4d2_unsilent_jockey.smx": Error detected in plugin startup (see error logs)
L 09/30/2021 - 11:59:42: [CRASH] Accelerator uploaded crash dump: Crash ID: 6IEQ-E4ZC-JV2O
L 09/30/2021 - 11:59:44: [SM] Exception reported: Invalid convar handle 0 (error 4)
L 09/30/2021 - 11:59:44: [SM] Blaming: fixes/l4d2_unsilent_jockey.smx
L 09/30/2021 - 11:59:44: [SM] Call stack trace:
L 09/30/2021 - 11:59:44: [SM]   [0] ConVar.AddChangeHook
L 09/30/2021 - 11:59:44: [SM]   [1] Line 91, D:\SourcePawn10\l4d2_unsilent_jockey.sp::OnPluginStart
L 09/30/2021 - 11:59:44: [SM] Exception reported: Failed to find LagComp addresses: 0xeddb9080, 00000000, 00000000
L 09/30/2021 - 11:59:44: [SM] Blaming: optional/kether/l4d2_lagcomp_manager.smx
L 09/30/2021 - 11:59:44: [SM] Call stack trace:
L 09/30/2021 - 11:59:44: [SM]   [0] SetFailState
L 09/30/2021 - 11:59:44: [SM]   [1] Line 32, D:\l4d2 serv\addons\sourcemod\scripting\kether\l4d2_lagcomp_manager.sp::OnPluginStart
L 09/30/2021 - 11:59:44: [confoglcompmod.smx] [Confogl] CvarSettings: Could not find CVar specified (confogl_disable_ghost_hurt)
L 09/30/2021 - 11:59:44: [confoglcompmod.smx] [Confogl] CvarSettings: Could not find CVar specified (confogl_remove_parachutist)
L 09/30/2021 - 11:59:44: [confoglcompmod.smx] [Confogl] CvarSettings: Could not find CVar specified (sm_unsilentjockey_enabled)
L 09/30/2021 - 11:59:44: [confoglcompmod.smx] [Confogl] CvarSettings: Could not find CVar specified (sm_unsilentjockey_always)
L 09/30/2021 - 11:59:44: [confoglcompmod.smx] [Confogl] CvarSettings: Could not find CVar specified (sm_unsilentjockey_time)
L 09/30/2021 - 11:59:48: Error log file session closed.
L 09/30/2021 - 12:07:26: SourceMod error session started
L 09/30/2021 - 12:07:26: Info (map "c1m1_hotel") (file "/home/k26606_s20329/server_20329/left4dead2/addons/sourcemod/logs/errors_20210930.log")
L 09/30/2021 - 12:07:26: [SM] Exception reported: Invalid convar handle 0 (error 4)
L 09/30/2021 - 12:07:26: [SM] Blaming: fixes/l4d2_unsilent_jockey.smx
L 09/30/2021 - 12:07:26: [SM] Call stack trace:
L 09/30/2021 - 12:07:26: [SM]   [0] ConVar.AddChangeHook
L 09/30/2021 - 12:07:26: [SM]   [1] Line 91, D:\SourcePawn10\l4d2_unsilent_jockey.sp::OnPluginStart
L 09/30/2021 - 12:07:26: [SM] Unable to load plugin "fixes/l4d2_unsilent_jockey.smx": Error detected in plugin startup (see error logs)
L 09/30/2021 - 12:07:28: [SM] Exception reported: Invalid convar handle 0 (error 4)
L 09/30/2021 - 12:07:28: [SM] Blaming: fixes/l4d2_unsilent_jockey.smx
L 09/30/2021 - 12:07:28: [SM] Call stack trace:
L 09/30/2021 - 12:07:28: [SM]   [0] ConVar.AddChangeHook
L 09/30/2021 - 12:07:28: [SM]   [1] Line 91, D:\SourcePawn10\l4d2_unsilent_jockey.sp::OnPluginStart
L 09/30/2021 - 12:07:28: [SM] Exception reported: Failed to find LagComp addresses: 0xede4f080, 00000000, 00000000
L 09/30/2021 - 12:07:28: [SM] Blaming: optional/kether/l4d2_lagcomp_manager.smx
L 09/30/2021 - 12:07:28: [SM] Call stack trace:
L 09/30/2021 - 12:07:28: [SM]   [0] SetFailState
L 09/30/2021 - 12:07:28: [SM]   [1] Line 32, D:\l4d2 serv\addons\sourcemod\scripting\kether\l4d2_lagcomp_manager.sp::OnPluginStart
L 09/30/2021 - 12:07:29: [confoglcompmod.smx] [Confogl] CvarSettings: Could not find CVar specified (confogl_disable_ghost_hurt)
L 09/30/2021 - 12:07:29: [confoglcompmod.smx] [Confogl] CvarSettings: Could not find CVar specified (confogl_remove_parachutist)
L 09/30/2021 - 12:07:29: [confoglcompmod.smx] [Confogl] CvarSettings: Could not find CVar specified (sm_unsilentjockey_enabled)
L 09/30/2021 - 12:07:29: [confoglcompmod.smx] [Confogl] CvarSettings: Could not find CVar specified (sm_unsilentjockey_always)
L 09/30/2021 - 12:07:29: [confoglcompmod.smx] [Confogl] CvarSettings: Could not find CVar specified (sm_unsilentjockey_time)
L 09/30/2021 - 12:07:32: Error log file session closed.
L 09/30/2021 - 12:17:26: SourceMod error session started
L 09/30/2021 - 12:17:26: Info (map "c1m1_hotel") (file "/home/k26606_s20329/server_20329/left4dead2/addons/sourcemod/logs/errors_20210930.log")
L 09/30/2021 - 12:17:26: [SM] Exception reported: Invalid convar handle 0 (error 4)
L 09/30/2021 - 12:17:26: [SM] Blaming: fixes/l4d2_unsilent_jockey.smx
L 09/30/2021 - 12:17:26: [SM] Call stack trace:
L 09/30/2021 - 12:17:26: [SM]   [0] ConVar.AddChangeHook
L 09/30/2021 - 12:17:26: [SM]   [1] Line 91, D:\SourcePawn10\l4d2_unsilent_jockey.sp::OnPluginStart
L 09/30/2021 - 12:17:26: [SM] Unable to load plugin "fixes/l4d2_unsilent_jockey.smx": Error detected in plugin startup (see error logs)
L 09/30/2021 - 12:17:26: [CRASH] Accelerator uploaded crash dump: Crash ID: JWZF-TMLR-VT6B
L 09/30/2021 - 12:17:28: [SM] Exception reported: Invalid convar handle 0 (error 4)
L 09/30/2021 - 12:17:28: [SM] Blaming: fixes/l4d2_unsilent_jockey.smx
L 09/30/2021 - 12:17:28: [SM] Call stack trace:
L 09/30/2021 - 12:17:28: [SM]   [0] ConVar.AddChangeHook
L 09/30/2021 - 12:17:28: [SM]   [1] Line 91, D:\SourcePawn10\l4d2_unsilent_jockey.sp::OnPluginStart
L 09/30/2021 - 12:17:28: [SM] Exception reported: Failed to find LagComp addresses: 0xeddba080, 00000000, 00000000
L 09/30/2021 - 12:17:28: [SM] Blaming: optional/kether/l4d2_lagcomp_manager.smx
L 09/30/2021 - 12:17:28: [SM] Call stack trace:
L 09/30/2021 - 12:17:28: [SM]   [0] SetFailState
L 09/30/2021 - 12:17:28: [SM]   [1] Line 32, D:\l4d2 serv\addons\sourcemod\scripting\kether\l4d2_lagcomp_manager.sp::OnPluginStart
L 09/30/2021 - 12:17:28: [confoglcompmod.smx] [Confogl] CvarSettings: Could not find CVar specified (confogl_disable_ghost_hurt)
L 09/30/2021 - 12:17:28: [confoglcompmod.smx] [Confogl] CvarSettings: Could not find CVar specified (confogl_remove_parachutist)
L 09/30/2021 - 12:17:28: [confoglcompmod.smx] [Confogl] CvarSettings: Could not find CVar specified (sm_unsilentjockey_enabled)
L 09/30/2021 - 12:17:28: [confoglcompmod.smx] [Confogl] CvarSettings: Could not find CVar specified (sm_unsilentjockey_always)
L 09/30/2021 - 12:17:28: [confoglcompmod.smx] [Confogl] CvarSettings: Could not find CVar specified (sm_unsilentjockey_time)
L 09/30/2021 - 12:17:32: Error log file session closed.
L 09/30/2021 - 14:43:53: SourceMod error session started
L 09/30/2021 - 14:43:53: Info (map "c8m1_apartment") (file "/home/k26606_s20329/server_20329/left4dead2/addons/sourcemod/logs/errors_20210930.log")
L 09/30/2021 - 14:43:53: [SM] Exception reported: Handle 50500495 is invalid (error 3)
L 09/30/2021 - 14:43:53: [SM] Blaming: optional/kether/sm_give.smx
L 09/30/2021 - 14:43:53: [SM] Call stack trace:
L 09/30/2021 - 14:43:53: [SM]   [0] CloseHandle
L 09/30/2021 - 14:43:53: [SM]   [1] Line 197, D:\l4d2 serv\LIVESERVER\serwery\standard 60T\addons\sourcemod\scripting\sm_give.sp::ItemsMenuHandler
L 09/30/2021 - 14:44:51: Error log file session closed.
L 09/30/2021 - 14:48:37: SourceMod error session started
L 09/30/2021 - 14:48:37: Info (map "c1m1_hotel") (file "/home/k26606_s20329/server_20329/left4dead2/addons/sourcemod/logs/errors_20210930.log")
L 09/30/2021 - 14:48:37: [SM] Exception reported: Invalid convar handle 0 (error 4)
L 09/30/2021 - 14:48:37: [SM] Blaming: fixes/l4d2_unsilent_jockey.smx
L 09/30/2021 - 14:48:37: [SM] Call stack trace:
L 09/30/2021 - 14:48:37: [SM]   [0] ConVar.AddChangeHook
L 09/30/2021 - 14:48:37: [SM]   [1] Line 91, D:\SourcePawn10\l4d2_unsilent_jockey.sp::OnPluginStart
L 09/30/2021 - 14:48:37: [SM] Unable to load plugin "fixes/l4d2_unsilent_jockey.smx": Error detected in plugin startup (see error logs)
L 09/30/2021 - 14:48:38: [CRASH] Accelerator uploaded crash dump: Crash ID: YDKX-5ZR7-XLUZ
L 09/30/2021 - 14:48:39: [SM] Exception reported: Invalid convar handle 0 (error 4)
L 09/30/2021 - 14:48:39: [SM] Blaming: fixes/l4d2_unsilent_jockey.smx
L 09/30/2021 - 14:48:39: [SM] Call stack trace:
L 09/30/2021 - 14:48:39: [SM]   [0] ConVar.AddChangeHook
L 09/30/2021 - 14:48:39: [SM]   [1] Line 91, D:\SourcePawn10\l4d2_unsilent_jockey.sp::OnPluginStart
L 09/30/2021 - 14:48:39: [SM] Exception reported: Failed to find LagComp addresses: 0xede2c080, 00000000, 00000000
L 09/30/2021 - 14:48:39: [SM] Blaming: optional/kether/l4d2_lagcomp_manager.smx
L 09/30/2021 - 14:48:39: [SM] Call stack trace:
L 09/30/2021 - 14:48:39: [SM]   [0] SetFailState
L 09/30/2021 - 14:48:39: [SM]   [1] Line 32, D:\l4d2 serv\addons\sourcemod\scripting\kether\l4d2_lagcomp_manager.sp::OnPluginStart
L 09/30/2021 - 14:48:40: [confoglcompmod.smx] [Confogl] CvarSettings: Could not find CVar specified (confogl_disable_ghost_hurt)
L 09/30/2021 - 14:48:40: [confoglcompmod.smx] [Confogl] CvarSettings: Could not find CVar specified (confogl_remove_parachutist)
L 09/30/2021 - 14:48:40: [confoglcompmod.smx] [Confogl] CvarSettings: Could not find CVar specified (sm_unsilentjockey_enabled)
L 09/30/2021 - 14:48:40: [confoglcompmod.smx] [Confogl] CvarSettings: Could not find CVar specified (sm_unsilentjockey_always)
L 09/30/2021 - 14:48:40: [confoglcompmod.smx] [Confogl] CvarSettings: Could not find CVar specified (sm_unsilentjockey_time)
L 09/30/2021 - 14:48:43: Error log file session closed.
L 09/30/2021 - 15:07:36: SourceMod error session started
L 09/30/2021 - 15:07:36: Info (map "c8m3_sewers") (file "/home/k26606_s20329/server_20329/left4dead2/addons/sourcemod/logs/errors_20210930.log")
L 09/30/2021 - 15:07:36: [SM] Exception reported: Handle e02a04cb is invalid (error 3)
L 09/30/2021 - 15:07:36: [SM] Blaming: optional/kether/sm_give.smx
L 09/30/2021 - 15:07:36: [SM] Call stack trace:
L 09/30/2021 - 15:07:36: [SM]   [0] CloseHandle
L 09/30/2021 - 15:07:36: [SM]   [1] Line 197, D:\l4d2 serv\LIVESERVER\serwery\standard 60T\addons\sourcemod\scripting\sm_give.sp::ItemsMenuHandler
L 09/30/2021 - 15:13:44: Error log file session closed.
L 09/30/2021 - 15:20:41: SourceMod error session started
L 09/30/2021 - 15:20:41: Info (map "c1m1_hotel") (file "/home/k26606_s20329/server_20329/left4dead2/addons/sourcemod/logs/errors_20210930.log")
L 09/30/2021 - 15:20:41: [SM] Exception reported: Invalid convar handle 0 (error 4)
L 09/30/2021 - 15:20:41: [SM] Blaming: fixes/l4d2_unsilent_jockey.smx
L 09/30/2021 - 15:20:41: [SM] Call stack trace:
L 09/30/2021 - 15:20:41: [SM]   [0] ConVar.AddChangeHook
L 09/30/2021 - 15:20:41: [SM]   [1] Line 91, D:\SourcePawn10\l4d2_unsilent_jockey.sp::OnPluginStart
L 09/30/2021 - 15:20:41: [SM] Unable to load plugin "fixes/l4d2_unsilent_jockey.smx": Error detected in plugin startup (see error logs)
L 09/30/2021 - 15:20:42: [CRASH] Accelerator uploaded crash dump: Crash ID: 34CC-ZBZC-KQED
L 09/30/2021 - 15:20:43: [SM] Exception reported: Invalid convar handle 0 (error 4)
L 09/30/2021 - 15:20:43: [SM] Blaming: fixes/l4d2_unsilent_jockey.smx
L 09/30/2021 - 15:20:43: [SM] Call stack trace:
L 09/30/2021 - 15:20:43: [SM]   [0] ConVar.AddChangeHook
L 09/30/2021 - 15:20:43: [SM]   [1] Line 91, D:\SourcePawn10\l4d2_unsilent_jockey.sp::OnPluginStart
L 09/30/2021 - 15:20:43: [SM] Exception reported: Failed to find LagComp addresses: 0xede66080, 00000000, 00000000
L 09/30/2021 - 15:20:43: [SM] Blaming: optional/kether/l4d2_lagcomp_manager.smx
L 09/30/2021 - 15:20:43: [SM] Call stack trace:
L 09/30/2021 - 15:20:43: [SM]   [0] SetFailState
L 09/30/2021 - 15:20:43: [SM]   [1] Line 32, D:\l4d2 serv\addons\sourcemod\scripting\kether\l4d2_lagcomp_manager.sp::OnPluginStart
L 09/30/2021 - 15:20:44: [confoglcompmod.smx] [Confogl] CvarSettings: Could not find CVar specified (confogl_disable_ghost_hurt)
L 09/30/2021 - 15:20:44: [confoglcompmod.smx] [Confogl] CvarSettings: Could not find CVar specified (confogl_remove_parachutist)
L 09/30/2021 - 15:20:44: [confoglcompmod.smx] [Confogl] CvarSettings: Could not find CVar specified (sm_unsilentjockey_enabled)
L 09/30/2021 - 15:20:44: [confoglcompmod.smx] [Confogl] CvarSettings: Could not find CVar specified (sm_unsilentjockey_always)
L 09/30/2021 - 15:20:44: [confoglcompmod.smx] [Confogl] CvarSettings: Could not find CVar specified (sm_unsilentjockey_time)
L 09/30/2021 - 15:20:47: Error log file session closed.
L 09/30/2021 - 15:29:11: SourceMod error session started
L 09/30/2021 - 15:29:11: Info (map "c1m1_hotel") (file "/home/k26606_s20329/server_20329/left4dead2/addons/sourcemod/logs/errors_20210930.log")
L 09/30/2021 - 15:29:11: [SM] Exception reported: Invalid convar handle 0 (error 4)
L 09/30/2021 - 15:29:11: [SM] Blaming: fixes/l4d2_unsilent_jockey.smx
L 09/30/2021 - 15:29:11: [SM] Call stack trace:
L 09/30/2021 - 15:29:11: [SM]   [0] ConVar.AddChangeHook
L 09/30/2021 - 15:29:11: [SM]   [1] Line 91, D:\SourcePawn10\l4d2_unsilent_jockey.sp::OnPluginStart
L 09/30/2021 - 15:29:11: [SM] Unable to load plugin "fixes/l4d2_unsilent_jockey.smx": Error detected in plugin startup (see error logs)
L 09/30/2021 - 15:29:13: [SM] Exception reported: Invalid convar handle 0 (error 4)
L 09/30/2021 - 15:29:13: [SM] Blaming: fixes/l4d2_unsilent_jockey.smx
L 09/30/2021 - 15:29:13: [SM] Call stack trace:
L 09/30/2021 - 15:29:13: [SM]   [0] ConVar.AddChangeHook
L 09/30/2021 - 15:29:13: [SM]   [1] Line 91, D:\SourcePawn10\l4d2_unsilent_jockey.sp::OnPluginStart
L 09/30/2021 - 15:29:13: [SM] Exception reported: Failed to find LagComp addresses: 0xede00080, 00000000, 00000000
L 09/30/2021 - 15:29:13: [SM] Blaming: optional/kether/l4d2_lagcomp_manager.smx
L 09/30/2021 - 15:29:13: [SM] Call stack trace:
L 09/30/2021 - 15:29:13: [SM]   [0] SetFailState
L 09/30/2021 - 15:29:13: [SM]   [1] Line 32, D:\l4d2 serv\addons\sourcemod\scripting\kether\l4d2_lagcomp_manager.sp::OnPluginStart
L 09/30/2021 - 15:29:14: [confoglcompmod.smx] [Confogl] CvarSettings: Could not find CVar specified (confogl_disable_ghost_hurt)
L 09/30/2021 - 15:29:14: [confoglcompmod.smx] [Confogl] CvarSettings: Could not find CVar specified (confogl_remove_parachutist)
L 09/30/2021 - 15:29:14: [confoglcompmod.smx] [Confogl] CvarSettings: Could not find CVar specified (sm_unsilentjockey_enabled)
L 09/30/2021 - 15:29:14: [confoglcompmod.smx] [Confogl] CvarSettings: Could not find CVar specified (sm_unsilentjockey_always)
L 09/30/2021 - 15:29:14: [confoglcompmod.smx] [Confogl] CvarSettings: Could not find CVar specified (sm_unsilentjockey_time)
L 09/30/2021 - 15:29:15: [CRASH] Accelerator uploaded crash dump: Crash ID: 55NO-IBGN-5FN2
L 09/30/2021 - 15:29:17: Error log file session closed.
L 09/30/2021 - 18:47:28: SourceMod error session started
L 09/30/2021 - 18:47:28: Info (map "c1m1_hotel") (file "/home/k26606_s20329/server_20329/left4dead2/addons/sourcemod/logs/errors_20210930.log")
L 09/30/2021 - 18:47:28: [SM] Exception reported: Invalid convar handle 0 (error 4)
L 09/30/2021 - 18:47:28: [SM] Blaming: fixes/l4d2_unsilent_jockey.smx
L 09/30/2021 - 18:47:28: [SM] Call stack trace:
L 09/30/2021 - 18:47:28: [SM]   [0] ConVar.AddChangeHook
L 09/30/2021 - 18:47:28: [SM]   [1] Line 91, D:\SourcePawn10\l4d2_unsilent_jockey.sp::OnPluginStart
L 09/30/2021 - 18:47:28: [SM] Unable to load plugin "fixes/l4d2_unsilent_jockey.smx": Error detected in plugin startup (see error logs)
L 09/30/2021 - 18:47:29: [CRASH] Accelerator uploaded crash dump: Crash ID: GIJW-Z7FZ-QJVC
L 09/30/2021 - 18:47:30: [SM] Exception reported: Invalid convar handle 0 (error 4)
L 09/30/2021 - 18:47:30: [SM] Blaming: fixes/l4d2_unsilent_jockey.smx
L 09/30/2021 - 18:47:30: [SM] Call stack trace:
L 09/30/2021 - 18:47:30: [SM]   [0] ConVar.AddChangeHook
L 09/30/2021 - 18:47:30: [SM]   [1] Line 91, D:\SourcePawn10\l4d2_unsilent_jockey.sp::OnPluginStart
L 09/30/2021 - 18:47:30: [SM] Exception reported: Failed to find LagComp addresses: 0xedd9e080, 00000000, 00000000
L 09/30/2021 - 18:47:30: [SM] Blaming: optional/kether/l4d2_lagcomp_manager.smx
L 09/30/2021 - 18:47:30: [SM] Call stack trace:
L 09/30/2021 - 18:47:30: [SM]   [0] SetFailState
L 09/30/2021 - 18:47:30: [SM]   [1] Line 32, D:\l4d2 serv\addons\sourcemod\scripting\kether\l4d2_lagcomp_manager.sp::OnPluginStart
L 09/30/2021 - 18:47:31: [confoglcompmod.smx] [Confogl] CvarSettings: Could not find CVar specified (confogl_disable_ghost_hurt)
L 09/30/2021 - 18:47:31: [confoglcompmod.smx] [Confogl] CvarSettings: Could not find CVar specified (confogl_remove_parachutist)
L 09/30/2021 - 18:47:31: [confoglcompmod.smx] [Confogl] CvarSettings: Could not find CVar specified (sm_unsilentjockey_enabled)
L 09/30/2021 - 18:47:31: [confoglcompmod.smx] [Confogl] CvarSettings: Could not find CVar specified (sm_unsilentjockey_always)
L 09/30/2021 - 18:47:31: [confoglcompmod.smx] [Confogl] CvarSettings: Could not find CVar specified (sm_unsilentjockey_time)
L 09/30/2021 - 18:47:34: Error log file session closed.
L 09/30/2021 - 19:51:22: SourceMod error session started
L 09/30/2021 - 19:51:22: Info (map "c1m1_hotel") (file "/home/k26606_s20329/server_20329/left4dead2/addons/sourcemod/logs/errors_20210930.log")
L 09/30/2021 - 19:51:22: [SM] Exception reported: Invalid convar handle 0 (error 4)
L 09/30/2021 - 19:51:22: [SM] Blaming: fixes/l4d2_unsilent_jockey.smx
L 09/30/2021 - 19:51:22: [SM] Call stack trace:
L 09/30/2021 - 19:51:22: [SM]   [0] ConVar.AddChangeHook
L 09/30/2021 - 19:51:22: [SM]   [1] Line 91, D:\SourcePawn10\l4d2_unsilent_jockey.sp::OnPluginStart
L 09/30/2021 - 19:51:22: [SM] Unable to load plugin "fixes/l4d2_unsilent_jockey.smx": Error detected in plugin startup (see error logs)
L 09/30/2021 - 19:51:23: [CRASH] Accelerator uploaded crash dump: Crash ID: ZSXR-TNKQ-FQB3
L 09/30/2021 - 19:51:24: [SM] Exception reported: Invalid convar handle 0 (error 4)
L 09/30/2021 - 19:51:24: [SM] Blaming: fixes/l4d2_unsilent_jockey.smx
L 09/30/2021 - 19:51:24: [SM] Call stack trace:
L 09/30/2021 - 19:51:24: [SM]   [0] ConVar.AddChangeHook
L 09/30/2021 - 19:51:24: [SM]   [1] Line 91, D:\SourcePawn10\l4d2_unsilent_jockey.sp::OnPluginStart
L 09/30/2021 - 19:51:24: [SM] Exception reported: Failed to find LagComp addresses: 0xede8b080, 00000000, 00000000
L 09/30/2021 - 19:51:24: [SM] Blaming: optional/kether/l4d2_lagcomp_manager.smx
L 09/30/2021 - 19:51:24: [SM] Call stack trace:
L 09/30/2021 - 19:51:24: [SM]   [0] SetFailState
L 09/30/2021 - 19:51:24: [SM]   [1] Line 32, D:\l4d2 serv\addons\sourcemod\scripting\kether\l4d2_lagcomp_manager.sp::OnPluginStart
L 09/30/2021 - 19:51:25: [confoglcompmod.smx] [Confogl] CvarSettings: Could not find CVar specified (confogl_disable_ghost_hurt)
L 09/30/2021 - 19:51:25: [confoglcompmod.smx] [Confogl] CvarSettings: Could not find CVar specified (confogl_remove_parachutist)
L 09/30/2021 - 19:51:25: [confoglcompmod.smx] [Confogl] CvarSettings: Could not find CVar specified (sm_unsilentjockey_enabled)
L 09/30/2021 - 19:51:25: [confoglcompmod.smx] [Confogl] CvarSettings: Could not find CVar specified (sm_unsilentjockey_always)
L 09/30/2021 - 19:51:25: [confoglcompmod.smx] [Confogl] CvarSettings: Could not find CVar specified (sm_unsilentjockey_time)
L 09/30/2021 - 19:51:29: Error log file session closed.
L 09/30/2021 - 19:52:32: SourceMod error session started
L 09/30/2021 - 19:52:32: Info (map "c1m1_hotel") (file "/home/k26606_s20329/server_20329/left4dead2/addons/sourcemod/logs/errors_20210930.log")
L 09/30/2021 - 19:52:32: [SM] Exception reported: Invalid convar handle 0 (error 4)
L 09/30/2021 - 19:52:32: [SM] Blaming: fixes/l4d2_unsilent_jockey.smx
L 09/30/2021 - 19:52:32: [SM] Call stack trace:
L 09/30/2021 - 19:52:32: [SM]   [0] ConVar.AddChangeHook
L 09/30/2021 - 19:52:32: [SM]   [1] Line 91, D:\SourcePawn10\l4d2_unsilent_jockey.sp::OnPluginStart
L 09/30/2021 - 19:52:32: [SM] Unable to load plugin "fixes/l4d2_unsilent_jockey.smx": Error detected in plugin startup (see error logs)
L 09/30/2021 - 19:52:32: [CRASH] Accelerator uploaded crash dump: Crash ID: NE2T-ZTPQ-DYPP
L 09/30/2021 - 19:52:34: [SM] Exception reported: Invalid convar handle 0 (error 4)
L 09/30/2021 - 19:52:34: [SM] Blaming: fixes/l4d2_unsilent_jockey.smx
L 09/30/2021 - 19:52:34: [SM] Call stack trace:
L 09/30/2021 - 19:52:34: [SM]   [0] ConVar.AddChangeHook
L 09/30/2021 - 19:52:34: [SM]   [1] Line 91, D:\SourcePawn10\l4d2_unsilent_jockey.sp::OnPluginStart
L 09/30/2021 - 19:52:34: [SM] Exception reported: Failed to find LagComp addresses: 0xeddd8080, 00000000, 00000000
L 09/30/2021 - 19:52:34: [SM] Blaming: optional/kether/l4d2_lagcomp_manager.smx
L 09/30/2021 - 19:52:34: [SM] Call stack trace:
L 09/30/2021 - 19:52:34: [SM]   [0] SetFailState
L 09/30/2021 - 19:52:34: [SM]   [1] Line 32, D:\l4d2 serv\addons\sourcemod\scripting\kether\l4d2_lagcomp_manager.sp::OnPluginStart
L 09/30/2021 - 19:52:35: [confoglcompmod.smx] [Confogl] CvarSettings: Could not find CVar specified (confogl_disable_ghost_hurt)
L 09/30/2021 - 19:52:35: [confoglcompmod.smx] [Confogl] CvarSettings: Could not find CVar specified (confogl_remove_parachutist)
L 09/30/2021 - 19:52:35: [confoglcompmod.smx] [Confogl] CvarSettings: Could not find CVar specified (sm_unsilentjockey_enabled)
L 09/30/2021 - 19:52:35: [confoglcompmod.smx] [Confogl] CvarSettings: Could not find CVar specified (sm_unsilentjockey_always)
L 09/30/2021 - 19:52:35: [confoglcompmod.smx] [Confogl] CvarSettings: Could not find CVar specified (sm_unsilentjockey_time)
L 09/30/2021 - 19:52:38: Error log file session closed.
L 09/30/2021 - 20:01:06: SourceMod error session started
L 09/30/2021 - 20:01:06: Info (map "c1m1_hotel") (file "/home/k26606_s20329/server_20329/left4dead2/addons/sourcemod/logs/errors_20210930.log")
L 09/30/2021 - 20:01:06: [SM] Exception reported: Invalid convar handle 0 (error 4)
L 09/30/2021 - 20:01:06: [SM] Blaming: fixes/l4d2_unsilent_jockey.smx
L 09/30/2021 - 20:01:06: [SM] Call stack trace:
L 09/30/2021 - 20:01:06: [SM]   [0] ConVar.AddChangeHook
L 09/30/2021 - 20:01:06: [SM]   [1] Line 91, D:\SourcePawn10\l4d2_unsilent_jockey.sp::OnPluginStart
L 09/30/2021 - 20:01:06: [SM] Unable to load plugin "fixes/l4d2_unsilent_jockey.smx": Error detected in plugin startup (see error logs)
L 09/30/2021 - 20:01:06: [CRASH] Accelerator uploaded crash dump: Crash ID: F7ZE-HB6V-VBGY
L 09/30/2021 - 20:01:07: [SM] Exception reported: Invalid convar handle 0 (error 4)
L 09/30/2021 - 20:01:07: [SM] Blaming: fixes/l4d2_unsilent_jockey.smx
L 09/30/2021 - 20:01:07: [SM] Call stack trace:
L 09/30/2021 - 20:01:07: [SM]   [0] ConVar.AddChangeHook
L 09/30/2021 - 20:01:07: [SM]   [1] Line 91, D:\SourcePawn10\l4d2_unsilent_jockey.sp::OnPluginStart
L 09/30/2021 - 20:01:08: [SM] Exception reported: Failed to find LagComp addresses: 0xede38080, 00000000, 00000000
L 09/30/2021 - 20:01:08: [SM] Blaming: optional/kether/l4d2_lagcomp_manager.smx
L 09/30/2021 - 20:01:08: [SM] Call stack trace:
L 09/30/2021 - 20:01:08: [SM]   [0] SetFailState
L 09/30/2021 - 20:01:08: [SM]   [1] Line 32, D:\l4d2 serv\addons\sourcemod\scripting\kether\l4d2_lagcomp_manager.sp::OnPluginStart
L 09/30/2021 - 20:01:09: [confoglcompmod.smx] [Confogl] CvarSettings: Could not find CVar specified (confogl_disable_ghost_hurt)
L 09/30/2021 - 20:01:09: [confoglcompmod.smx] [Confogl] CvarSettings: Could not find CVar specified (confogl_remove_parachutist)
L 09/30/2021 - 20:01:09: [confoglcompmod.smx] [Confogl] CvarSettings: Could not find CVar specified (sm_unsilentjockey_enabled)
L 09/30/2021 - 20:01:09: [confoglcompmod.smx] [Confogl] CvarSettings: Could not find CVar specified (sm_unsilentjockey_always)
L 09/30/2021 - 20:01:09: [confoglcompmod.smx] [Confogl] CvarSettings: Could not find CVar specified (sm_unsilentjockey_time)
L 09/30/2021 - 20:01:12: Error log file session closed.
L 09/30/2021 - 21:21:59: SourceMod error session started
L 09/30/2021 - 21:21:59: Info (map "c1m1_hotel") (file "/home/k26606_s20329/server_20329/left4dead2/addons/sourcemod/logs/errors_20210930.log")
L 09/30/2021 - 21:21:59: [SM] Exception reported: Invalid convar handle 0 (error 4)
L 09/30/2021 - 21:21:59: [SM] Blaming: fixes/l4d2_unsilent_jockey.smx
L 09/30/2021 - 21:21:59: [SM] Call stack trace:
L 09/30/2021 - 21:21:59: [SM]   [0] ConVar.AddChangeHook
L 09/30/2021 - 21:21:59: [SM]   [1] Line 91, D:\SourcePawn10\l4d2_unsilent_jockey.sp::OnPluginStart
L 09/30/2021 - 21:21:59: [SM] Unable to load plugin "fixes/l4d2_unsilent_jockey.smx": Error detected in plugin startup (see error logs)
L 09/30/2021 - 21:21:59: [CRASH] Accelerator uploaded crash dump: Crash ID: WLWP-BV2O-W6RL
L 09/30/2021 - 21:22:01: [SM] Exception reported: Invalid convar handle 0 (error 4)
L 09/30/2021 - 21:22:01: [SM] Blaming: fixes/l4d2_unsilent_jockey.smx
L 09/30/2021 - 21:22:01: [SM] Call stack trace:
L 09/30/2021 - 21:22:01: [SM]   [0] ConVar.AddChangeHook
L 09/30/2021 - 21:22:01: [SM]   [1] Line 91, D:\SourcePawn10\l4d2_unsilent_jockey.sp::OnPluginStart
L 09/30/2021 - 21:22:01: [SM] Exception reported: Failed to find LagComp addresses: 0xede4c080, 00000000, 00000000
L 09/30/2021 - 21:22:01: [SM] Blaming: optional/kether/l4d2_lagcomp_manager.smx
L 09/30/2021 - 21:22:01: [SM] Call stack trace:
L 09/30/2021 - 21:22:01: [SM]   [0] SetFailState
L 09/30/2021 - 21:22:01: [SM]   [1] Line 32, D:\l4d2 serv\addons\sourcemod\scripting\kether\l4d2_lagcomp_manager.sp::OnPluginStart
L 09/30/2021 - 21:22:02: [confoglcompmod.smx] [Confogl] CvarSettings: Could not find CVar specified (confogl_disable_ghost_hurt)
L 09/30/2021 - 21:22:02: [confoglcompmod.smx] [Confogl] CvarSettings: Could not find CVar specified (confogl_remove_parachutist)
L 09/30/2021 - 21:22:02: [confoglcompmod.smx] [Confogl] CvarSettings: Could not find CVar specified (sm_unsilentjockey_enabled)
L 09/30/2021 - 21:22:02: [confoglcompmod.smx] [Confogl] CvarSettings: Could not find CVar specified (sm_unsilentjockey_always)
L 09/30/2021 - 21:22:02: [confoglcompmod.smx] [Confogl] CvarSettings: Could not find CVar specified (sm_unsilentjockey_time)
L 09/30/2021 - 21:22:05: Error log file session closed.
L 09/30/2021 - 21:23:20: SourceMod error session started
L 09/30/2021 - 21:23:20: Info (map "c1m1_hotel") (file "/home/k26606_s20329/server_20329/left4dead2/addons/sourcemod/logs/errors_20210930.log")
L 09/30/2021 - 21:23:20: [SM] Exception reported: Invalid convar handle 0 (error 4)
L 09/30/2021 - 21:23:20: [SM] Blaming: fixes/l4d2_unsilent_jockey.smx
L 09/30/2021 - 21:23:20: [SM] Call stack trace:
L 09/30/2021 - 21:23:20: [SM]   [0] ConVar.AddChangeHook
L 09/30/2021 - 21:23:20: [SM]   [1] Line 91, D:\SourcePawn10\l4d2_unsilent_jockey.sp::OnPluginStart
L 09/30/2021 - 21:23:20: [SM] Unable to load plugin "fixes/l4d2_unsilent_jockey.smx": Error detected in plugin startup (see error logs)
L 09/30/2021 - 21:23:20: [CRASH] Accelerator uploaded crash dump: Crash ID: YAOO-5AS4-M4IO
L 09/30/2021 - 21:23:21: [SM] Exception reported: Invalid convar handle 0 (error 4)
L 09/30/2021 - 21:23:21: [SM] Blaming: fixes/l4d2_unsilent_jockey.smx
L 09/30/2021 - 21:23:21: [SM] Call stack trace:
L 09/30/2021 - 21:23:21: [SM]   [0] ConVar.AddChangeHook
L 09/30/2021 - 21:23:21: [SM]   [1] Line 91, D:\SourcePawn10\l4d2_unsilent_jockey.sp::OnPluginStart
L 09/30/2021 - 21:23:21: [SM] Exception reported: Failed to find LagComp addresses: 0xede88080, 00000000, 00000000
L 09/30/2021 - 21:23:21: [SM] Blaming: optional/kether/l4d2_lagcomp_manager.smx
L 09/30/2021 - 21:23:21: [SM] Call stack trace:
L 09/30/2021 - 21:23:21: [SM]   [0] SetFailState
L 09/30/2021 - 21:23:21: [SM]   [1] Line 32, D:\l4d2 serv\addons\sourcemod\scripting\kether\l4d2_lagcomp_manager.sp::OnPluginStart
L 09/30/2021 - 21:23:22: [confoglcompmod.smx] [Confogl] CvarSettings: Could not find CVar specified (confogl_disable_ghost_hurt)
L 09/30/2021 - 21:23:22: [confoglcompmod.smx] [Confogl] CvarSettings: Could not find CVar specified (confogl_remove_parachutist)
L 09/30/2021 - 21:23:22: [confoglcompmod.smx] [Confogl] CvarSettings: Could not find CVar specified (sm_unsilentjockey_enabled)
L 09/30/2021 - 21:23:22: [confoglcompmod.smx] [Confogl] CvarSettings: Could not find CVar specified (sm_unsilentjockey_always)
L 09/30/2021 - 21:23:22: [confoglcompmod.smx] [Confogl] CvarSettings: Could not find CVar specified (sm_unsilentjockey_time)
L 09/30/2021 - 21:23:25: Error log file session closed.
L 09/30/2021 - 21:42:55: SourceMod error session started
L 09/30/2021 - 21:42:55: Info (map "c1m2_streets") (file "/home/k26606_s20329/server_20329/left4dead2/addons/sourcemod/logs/errors_20210930.log")
L 09/30/2021 - 21:42:55: [SM] Exception reported: Entity 3 (3) is invalid
L 09/30/2021 - 21:42:55: [SM] Blaming: optional/kether/l4d_tank_pass.smx
L 09/30/2021 - 21:42:55: [SM] Call stack trace:
L 09/30/2021 - 21:42:55: [SM]   [0] GetEntProp
L 09/30/2021 - 21:42:55: [SM]   [1] Line 244, D:\l4d2 serv\addons\sourcemod\scripting\include\l4d_lib.inc::IsPlayerTank
L 09/30/2021 - 21:42:55: [SM]   [2] Line 819, D:\l4d2 serv\addons\sourcemod\scripting\kether\l4d_tank_pass.sp::IsTank
L 09/30/2021 - 21:42:55: [SM]   [3] Line 814, D:\l4d2 serv\addons\sourcemod\scripting\kether\l4d_tank_pass.sp::IsAliveTank
L 09/30/2021 - 21:42:55: [SM]   [4] Line 552, D:\l4d2 serv\addons\sourcemod\scripting\kether\l4d_tank_pass.sp::OnEntKilled
L 09/30/2021 - 21:53:38: Error log file session closed.
L 09/30/2021 - 22:10:26: SourceMod error session started
L 09/30/2021 - 22:10:26: Info (map "c1m1_hotel") (file "/home/k26606_s20329/server_20329/left4dead2/addons/sourcemod/logs/errors_20210930.log")
L 09/30/2021 - 22:10:26: [SM] Exception reported: Invalid convar handle 0 (error 4)
L 09/30/2021 - 22:10:26: [SM] Blaming: fixes/l4d2_unsilent_jockey.smx
L 09/30/2021 - 22:10:26: [SM] Call stack trace:
L 09/30/2021 - 22:10:26: [SM]   [0] ConVar.AddChangeHook
L 09/30/2021 - 22:10:26: [SM]   [1] Line 91, D:\SourcePawn10\l4d2_unsilent_jockey.sp::OnPluginStart
L 09/30/2021 - 22:10:26: [SM] Unable to load plugin "fixes/l4d2_unsilent_jockey.smx": Error detected in plugin startup (see error logs)
L 09/30/2021 - 22:10:27: [CRASH] Accelerator uploaded crash dump: Crash ID: YF27-SYQO-W523
L 09/30/2021 - 22:10:28: [SM] Exception reported: Invalid convar handle 0 (error 4)
L 09/30/2021 - 22:10:28: [SM] Blaming: fixes/l4d2_unsilent_jockey.smx
L 09/30/2021 - 22:10:28: [SM] Call stack trace:
L 09/30/2021 - 22:10:28: [SM]   [0] ConVar.AddChangeHook
L 09/30/2021 - 22:10:28: [SM]   [1] Line 91, D:\SourcePawn10\l4d2_unsilent_jockey.sp::OnPluginStart
L 09/30/2021 - 22:10:28: [SM] Exception reported: Failed to find LagComp addresses: 0xede37080, 00000000, 00000000
L 09/30/2021 - 22:10:28: [SM] Blaming: optional/kether/l4d2_lagcomp_manager.smx
L 09/30/2021 - 22:10:28: [SM] Call stack trace:
L 09/30/2021 - 22:10:28: [SM]   [0] SetFailState
L 09/30/2021 - 22:10:28: [SM]   [1] Line 32, D:\l4d2 serv\addons\sourcemod\scripting\kether\l4d2_lagcomp_manager.sp::OnPluginStart
L 09/30/2021 - 22:10:29: [confoglcompmod.smx] [Confogl] CvarSettings: Could not find CVar specified (confogl_disable_ghost_hurt)
L 09/30/2021 - 22:10:29: [confoglcompmod.smx] [Confogl] CvarSettings: Could not find CVar specified (confogl_remove_parachutist)
L 09/30/2021 - 22:10:29: [confoglcompmod.smx] [Confogl] CvarSettings: Could not find CVar specified (sm_unsilentjockey_enabled)
L 09/30/2021 - 22:10:29: [confoglcompmod.smx] [Confogl] CvarSettings: Could not find CVar specified (sm_unsilentjockey_always)
L 09/30/2021 - 22:10:29: [confoglcompmod.smx] [Confogl] CvarSettings: Could not find CVar specified (sm_unsilentjockey_time)
L 09/30/2021 - 22:10:29: Error log file session closed.
L 09/30/2021 - 22:10:29: SourceMod error session started
L 09/30/2021 - 22:10:29: Info (map "c1m1_hotel") (file "/home/k26606_s20329/server_20329/left4dead2/addons/sourcemod/logs/errors_20210930.log")
L 09/30/2021 - 22:10:29: [SM] Exception reported: Invalid convar handle 0 (error 4)
L 09/30/2021 - 22:10:29: [SM] Blaming: fixes/l4d2_unsilent_jockey.smx
L 09/30/2021 - 22:10:29: [SM] Call stack trace:
L 09/30/2021 - 22:10:29: [SM]   [0] ConVar.AddChangeHook
L 09/30/2021 - 22:10:29: [SM]   [1] Line 91, D:\SourcePawn10\l4d2_unsilent_jockey.sp::OnPluginStart
L 09/30/2021 - 22:10:29: [SM] Unable to load plugin "fixes/l4d2_unsilent_jockey.smx": Error detected in plugin startup (see error logs)
L 09/30/2021 - 22:10:33: Error log file session closed.
L 09/30/2021 - 22:52:19: SourceMod error session started
L 09/30/2021 - 22:52:19: Info (map "c1m1_hotel") (file "/home/k26606_s20329/server_20329/left4dead2/addons/sourcemod/logs/errors_20210930.log")
L 09/30/2021 - 22:52:19: [SM] Exception reported: Invalid convar handle 0 (error 4)
L 09/30/2021 - 22:52:19: [SM] Blaming: fixes/l4d2_unsilent_jockey.smx
L 09/30/2021 - 22:52:19: [SM] Call stack trace:
L 09/30/2021 - 22:52:19: [SM]   [0] ConVar.AddChangeHook
L 09/30/2021 - 22:52:19: [SM]   [1] Line 91, D:\SourcePawn10\l4d2_unsilent_jockey.sp::OnPluginStart
L 09/30/2021 - 22:52:19: [SM] Unable to load plugin "fixes/l4d2_unsilent_jockey.smx": Error detected in plugin startup (see error logs)
L 09/30/2021 - 22:52:21: [SM] Exception reported: Invalid convar handle 0 (error 4)
L 09/30/2021 - 22:52:21: [SM] Blaming: fixes/l4d2_unsilent_jockey.smx
L 09/30/2021 - 22:52:21: [SM] Call stack trace:
L 09/30/2021 - 22:52:21: [SM]   [0] ConVar.AddChangeHook
L 09/30/2021 - 22:52:21: [SM]   [1] Line 91, D:\SourcePawn10\l4d2_unsilent_jockey.sp::OnPluginStart
L 09/30/2021 - 22:52:21: [SM] Exception reported: Failed to find LagComp addresses: 0xede39080, 00000000, 00000000
L 09/30/2021 - 22:52:21: [SM] Blaming: optional/kether/l4d2_lagcomp_manager.smx
L 09/30/2021 - 22:52:21: [SM] Call stack trace:
L 09/30/2021 - 22:52:21: [SM]   [0] SetFailState
L 09/30/2021 - 22:52:21: [SM]   [1] Line 32, D:\l4d2 serv\addons\sourcemod\scripting\kether\l4d2_lagcomp_manager.sp::OnPluginStart
L 09/30/2021 - 22:52:22: [confoglcompmod.smx] [Confogl] CvarSettings: Could not find CVar specified (confogl_disable_ghost_hurt)
L 09/30/2021 - 22:52:22: [confoglcompmod.smx] [Confogl] CvarSettings: Could not find CVar specified (confogl_remove_parachutist)
L 09/30/2021 - 22:52:22: [confoglcompmod.smx] [Confogl] CvarSettings: Could not find CVar specified (sm_unsilentjockey_enabled)
L 09/30/2021 - 22:52:22: [confoglcompmod.smx] [Confogl] CvarSettings: Could not find CVar specified (sm_unsilentjockey_always)
L 09/30/2021 - 22:52:22: [confoglcompmod.smx] [Confogl] CvarSettings: Could not find CVar specified (sm_unsilentjockey_time)
L 09/30/2021 - 22:52:25: Error log file session closed.
L 09/30/2021 - 23:44:46: SourceMod error session started
L 09/30/2021 - 23:44:46: Info (map "c5m4_quarter") (file "/home/k26606_s20329/server_20329/left4dead2/addons/sourcemod/logs/errors_20210930.log")
L 09/30/2021 - 23:44:46: [SM] Exception reported: Array index out-of-bounds (index -1, limit 5001)
L 09/30/2021 - 23:44:46: [SM] Blaming: optional/kether/l4d2_custom_commands.smx
L 09/30/2021 - 23:44:46: [SM] Call stack trace:
L 09/30/2021 - 23:44:46: [SM]   [1] Line 5125, C:\Users\Uzytkownik\Desktop\Gry\sourcemod\scripting\l4d2_custom_commands.sp::GrabLookingEntity
L 09/30/2021 - 23:44:46: [SM]   [2] Line 1972, C:\Users\Uzytkownik\Desktop\Gry\sourcemod\scripting\l4d2_custom_commands.sp::CmdGrabEntity
L 09/30/2021 - 23:45:29: SourceMod error session started
L 09/30/2021 - 23:45:29: Info (map "c1m1_hotel") (file "/home/k26606_s20329/server_20329/left4dead2/addons/sourcemod/logs/errors_20210930.log")
L 09/30/2021 - 23:45:29: [SM] Exception reported: Invalid convar handle 0 (error 4)
L 09/30/2021 - 23:45:29: [SM] Blaming: fixes/l4d2_unsilent_jockey.smx
L 09/30/2021 - 23:45:29: [SM] Call stack trace:
L 09/30/2021 - 23:45:29: [SM]   [0] ConVar.AddChangeHook
L 09/30/2021 - 23:45:29: [SM]   [1] Line 91, D:\SourcePawn10\l4d2_unsilent_jockey.sp::OnPluginStart
L 09/30/2021 - 23:45:29: [SM] Unable to load plugin "fixes/l4d2_unsilent_jockey.smx": Error detected in plugin startup (see error logs)
L 09/30/2021 - 23:45:29: [CRASH] Accelerator uploaded crash dump: Crash ID: YSTY-CDNU-J4C6
L 09/30/2021 - 23:45:30: [SM] Exception reported: Invalid convar handle 0 (error 4)
L 09/30/2021 - 23:45:30: [SM] Blaming: fixes/l4d2_unsilent_jockey.smx
L 09/30/2021 - 23:45:30: [SM] Call stack trace:
L 09/30/2021 - 23:45:30: [SM]   [0] ConVar.AddChangeHook
L 09/30/2021 - 23:45:30: [SM]   [1] Line 91, D:\SourcePawn10\l4d2_unsilent_jockey.sp::OnPluginStart
L 09/30/2021 - 23:45:30: [SM] Exception reported: Failed to find LagComp addresses: 0xede2f080, 00000000, 00000000
L 09/30/2021 - 23:45:30: [SM] Blaming: optional/kether/l4d2_lagcomp_manager.smx
L 09/30/2021 - 23:45:30: [SM] Call stack trace:
L 09/30/2021 - 23:45:30: [SM]   [0] SetFailState
L 09/30/2021 - 23:45:30: [SM]   [1] Line 32, D:\l4d2 serv\addons\sourcemod\scripting\kether\l4d2_lagcomp_manager.sp::OnPluginStart
L 09/30/2021 - 23:45:31: [confoglcompmod.smx] [Confogl] CvarSettings: Could not find CVar specified (confogl_disable_ghost_hurt)
L 09/30/2021 - 23:45:31: [confoglcompmod.smx] [Confogl] CvarSettings: Could not find CVar specified (confogl_remove_parachutist)
L 09/30/2021 - 23:45:31: [confoglcompmod.smx] [Confogl] CvarSettings: Could not find CVar specified (sm_unsilentjockey_enabled)
L 09/30/2021 - 23:45:31: [confoglcompmod.smx] [Confogl] CvarSettings: Could not find CVar specified (sm_unsilentjockey_always)
L 09/30/2021 - 23:45:31: [confoglcompmod.smx] [Confogl] CvarSettings: Could not find CVar specified (sm_unsilentjockey_time)
L 09/30/2021 - 23:45:34: Error log file session closed.
