L 09/06/2021 - 00:15:09: SourceMod error session started
L 09/06/2021 - 00:15:09: Info (map "c5m1_waterfront") (file "/home/k26606_s24044/server_24044/left4dead2/addons/sourcemod/logs/errors_20210906.log")
L 09/06/2021 - 00:15:09: [CRASH] Accelerator uploaded crash dump: Crash ID: V5ZV-PUAU-3EWX
L 09/06/2021 - 00:15:14: Error log file session closed.
L 09/06/2021 - 18:25:12: SourceMod error session started
L 09/06/2021 - 18:25:12: Info (map "c5m1_waterfront") (file "/home/k26606_s24044/server_24044/left4dead2/addons/sourcemod/logs/errors_20210906.log")
L 09/06/2021 - 18:25:12: [CRASH] Accelerator uploaded crash dump: Crash ID: BYP5-VBYR-WQ2C
L 09/06/2021 - 18:25:19: Error log file session closed.
L 09/06/2021 - 19:02:56: SourceMod error session started
L 09/06/2021 - 19:02:56: Info (map "c5m1_waterfront") (file "/home/k26606_s24044/server_24044/left4dead2/addons/sourcemod/logs/errors_20210906.log")
L 09/06/2021 - 19:02:56: [CRASH] Accelerator uploaded crash dump: Crash ID: YEO5-PAWP-HFWE
L 09/06/2021 - 19:03:06: Error log file session closed.
L 09/06/2021 - 20:15:22: SourceMod error session started
L 09/06/2021 - 20:15:22: Info (map "c5m1_waterfront") (file "/home/k26606_s24044/server_24044/left4dead2/addons/sourcemod/logs/errors_20210906.log")
L 09/06/2021 - 20:15:22: [CRASH] Accelerator uploaded crash dump: Crash ID: T4RI-UGOI-45I7
L 09/06/2021 - 20:15:28: Error log file session closed.
L 09/06/2021 - 21:26:57: SourceMod error session started
L 09/06/2021 - 21:26:57: Info (map "c5m1_waterfront") (file "/home/k26606_s24044/server_24044/left4dead2/addons/sourcemod/logs/errors_20210906.log")
L 09/06/2021 - 21:26:57: [CRASH] Accelerator uploaded crash dump: Crash ID: 2NXI-P3QK-VZKC
L 09/06/2021 - 21:27:03: Error log file session closed.
L 09/06/2021 - 22:51:43: SourceMod error session started
L 09/06/2021 - 22:51:43: Info (map "c5m1_waterfront") (file "/home/k26606_s24044/server_24044/left4dead2/addons/sourcemod/logs/errors_20210906.log")
L 09/06/2021 - 22:51:43: [CRASH] Accelerator uploaded crash dump: Crash ID: PNCH-FQKF-NSN3
L 09/06/2021 - 22:51:49: Error log file session closed.
