L 11/15/2021 - 17:46:12: SourceMod error session started
L 11/15/2021 - 17:46:12: Info (map "c1m1_hotel") (file "/home/k26606_s20329/server_20329/left4dead2/addons/sourcemod/logs/errors_20211115.log")
L 11/15/2021 - 17:46:12: [CRASH] Accelerator uploaded crash dump: Crash ID: LPAS-5CJF-HGKV
L 11/15/2021 - 17:46:17: [confoglcompmod.smx] [Confogl] CvarSettings: Could not find CVar specified (l4d2_tongue_delay)
L 11/15/2021 - 17:46:20: Error log file session closed.
L 11/15/2021 - 18:52:10: SourceMod error session started
L 11/15/2021 - 18:52:10: Info (map "c1m1_hotel") (file "/home/k26606_s20329/server_20329/left4dead2/addons/sourcemod/logs/errors_20211115.log")
L 11/15/2021 - 18:52:10: [CRASH] Accelerator uploaded crash dump: Crash ID: OFCA-ICTK-FORE
L 11/15/2021 - 18:52:11: [confoglcompmod.smx] [Confogl] CvarSettings: Could not find CVar specified (l4d2_tongue_delay)
L 11/15/2021 - 18:52:15: Error log file session closed.
L 11/15/2021 - 19:55:15: SourceMod error session started
L 11/15/2021 - 19:55:15: Info (map "c1m1_hotel") (file "/home/k26606_s20329/server_20329/left4dead2/addons/sourcemod/logs/errors_20211115.log")
L 11/15/2021 - 19:55:15: [CRASH] Accelerator uploaded crash dump: Crash ID: U72B-666M-JTLC
L 11/15/2021 - 19:55:16: [confoglcompmod.smx] [Confogl] CvarSettings: Could not find CVar specified (l4d2_tongue_delay)
L 11/15/2021 - 19:55:19: Error log file session closed.
L 11/15/2021 - 21:11:26: SourceMod error session started
L 11/15/2021 - 21:11:26: Info (map "c1m1_hotel") (file "/home/k26606_s20329/server_20329/left4dead2/addons/sourcemod/logs/errors_20211115.log")
L 11/15/2021 - 21:11:26: [CRASH] Accelerator uploaded crash dump: Crash ID: DHIF-26NV-QVIU
L 11/15/2021 - 21:11:27: [confoglcompmod.smx] [Confogl] CvarSettings: Could not find CVar specified (l4d2_tongue_delay)
L 11/15/2021 - 21:11:30: Error log file session closed.
