L 10/01/2021 - 18:17:16: SourceMod error session started
L 10/01/2021 - 18:17:16: Info (map "c1m1_hotel") (file "/home/k26606_s20329/server_20329/left4dead2/addons/sourcemod/logs/errors_20211001.log")
L 10/01/2021 - 18:17:16: [SM] Exception reported: Invalid convar handle 0 (error 4)
L 10/01/2021 - 18:17:16: [SM] Blaming: fixes/l4d2_unsilent_jockey.smx
L 10/01/2021 - 18:17:16: [SM] Call stack trace:
L 10/01/2021 - 18:17:16: [SM]   [0] ConVar.AddChangeHook
L 10/01/2021 - 18:17:16: [SM]   [1] Line 91, D:\SourcePawn10\l4d2_unsilent_jockey.sp::OnPluginStart
L 10/01/2021 - 18:17:16: [SM] Unable to load plugin "fixes/l4d2_unsilent_jockey.smx": Error detected in plugin startup (see error logs)
L 10/01/2021 - 18:17:17: [CRASH] Accelerator uploaded crash dump: Crash ID: SKOZ-UPLP-Q3U7
L 10/01/2021 - 18:17:20: [SM] Exception reported: Invalid convar handle 0 (error 4)
L 10/01/2021 - 18:17:20: [SM] Blaming: fixes/l4d2_unsilent_jockey.smx
L 10/01/2021 - 18:17:20: [SM] Call stack trace:
L 10/01/2021 - 18:17:20: [SM]   [0] ConVar.AddChangeHook
L 10/01/2021 - 18:17:20: [SM]   [1] Line 91, D:\SourcePawn10\l4d2_unsilent_jockey.sp::OnPluginStart
L 10/01/2021 - 18:17:21: [SM] Exception reported: Failed to find LagComp addresses: 0xede2e080, 00000000, 00000000
L 10/01/2021 - 18:17:21: [SM] Blaming: optional/kether/l4d2_lagcomp_manager.smx
L 10/01/2021 - 18:17:21: [SM] Call stack trace:
L 10/01/2021 - 18:17:21: [SM]   [0] SetFailState
L 10/01/2021 - 18:17:21: [SM]   [1] Line 32, D:\l4d2 serv\addons\sourcemod\scripting\kether\l4d2_lagcomp_manager.sp::OnPluginStart
L 10/01/2021 - 18:17:22: [confoglcompmod.smx] [Confogl] CvarSettings: Could not find CVar specified (confogl_disable_ghost_hurt)
L 10/01/2021 - 18:17:22: [confoglcompmod.smx] [Confogl] CvarSettings: Could not find CVar specified (confogl_remove_parachutist)
L 10/01/2021 - 18:17:22: [confoglcompmod.smx] [Confogl] CvarSettings: Could not find CVar specified (sm_unsilentjockey_enabled)
L 10/01/2021 - 18:17:22: [confoglcompmod.smx] [Confogl] CvarSettings: Could not find CVar specified (sm_unsilentjockey_always)
L 10/01/2021 - 18:17:22: [confoglcompmod.smx] [Confogl] CvarSettings: Could not find CVar specified (sm_unsilentjockey_time)
L 10/01/2021 - 18:17:26: Error log file session closed.
L 10/01/2021 - 20:41:14: SourceMod error session started
L 10/01/2021 - 20:41:14: Info (map "c1m2_streets") (file "/home/k26606_s20329/server_20329/left4dead2/addons/sourcemod/logs/errors_20211001.log")
L 10/01/2021 - 20:41:14: [SM] Exception reported: Entity 5 (5) is invalid
L 10/01/2021 - 20:41:14: [SM] Blaming: optional/kether/l4d_tank_pass.smx
L 10/01/2021 - 20:41:14: [SM] Call stack trace:
L 10/01/2021 - 20:41:14: [SM]   [0] GetEntProp
L 10/01/2021 - 20:41:14: [SM]   [1] Line 244, D:\l4d2 serv\addons\sourcemod\scripting\include\l4d_lib.inc::IsPlayerTank
L 10/01/2021 - 20:41:14: [SM]   [2] Line 819, D:\l4d2 serv\addons\sourcemod\scripting\kether\l4d_tank_pass.sp::IsTank
L 10/01/2021 - 20:41:14: [SM]   [3] Line 814, D:\l4d2 serv\addons\sourcemod\scripting\kether\l4d_tank_pass.sp::IsAliveTank
L 10/01/2021 - 20:41:14: [SM]   [4] Line 552, D:\l4d2 serv\addons\sourcemod\scripting\kether\l4d_tank_pass.sp::OnEntKilled
L 10/01/2021 - 21:01:23: Error log file session closed.
L 10/01/2021 - 21:18:00: SourceMod error session started
L 10/01/2021 - 21:18:00: Info (map "c1m1_hotel") (file "/home/k26606_s20329/server_20329/left4dead2/addons/sourcemod/logs/errors_20211001.log")
L 10/01/2021 - 21:18:00: [SM] Exception reported: Invalid convar handle 0 (error 4)
L 10/01/2021 - 21:18:00: [SM] Blaming: fixes/l4d2_unsilent_jockey.smx
L 10/01/2021 - 21:18:00: [SM] Call stack trace:
L 10/01/2021 - 21:18:00: [SM]   [0] ConVar.AddChangeHook
L 10/01/2021 - 21:18:00: [SM]   [1] Line 91, D:\SourcePawn10\l4d2_unsilent_jockey.sp::OnPluginStart
L 10/01/2021 - 21:18:00: [SM] Unable to load plugin "fixes/l4d2_unsilent_jockey.smx": Error detected in plugin startup (see error logs)
L 10/01/2021 - 21:18:00: [CRASH] Accelerator uploaded crash dump: Crash ID: 7K2T-PYD6-PNDL
L 10/01/2021 - 21:18:02: [SM] Exception reported: Invalid convar handle 0 (error 4)
L 10/01/2021 - 21:18:02: [SM] Blaming: fixes/l4d2_unsilent_jockey.smx
L 10/01/2021 - 21:18:02: [SM] Call stack trace:
L 10/01/2021 - 21:18:02: [SM]   [0] ConVar.AddChangeHook
L 10/01/2021 - 21:18:02: [SM]   [1] Line 91, D:\SourcePawn10\l4d2_unsilent_jockey.sp::OnPluginStart
L 10/01/2021 - 21:18:02: [SM] Exception reported: Failed to find LagComp addresses: 0xede1a080, 00000000, 00000000
L 10/01/2021 - 21:18:02: [SM] Blaming: optional/kether/l4d2_lagcomp_manager.smx
L 10/01/2021 - 21:18:02: [SM] Call stack trace:
L 10/01/2021 - 21:18:02: [SM]   [0] SetFailState
L 10/01/2021 - 21:18:02: [SM]   [1] Line 32, D:\l4d2 serv\addons\sourcemod\scripting\kether\l4d2_lagcomp_manager.sp::OnPluginStart
L 10/01/2021 - 21:18:03: [confoglcompmod.smx] [Confogl] CvarSettings: Could not find CVar specified (confogl_disable_ghost_hurt)
L 10/01/2021 - 21:18:03: [confoglcompmod.smx] [Confogl] CvarSettings: Could not find CVar specified (confogl_remove_parachutist)
L 10/01/2021 - 21:18:03: [confoglcompmod.smx] [Confogl] CvarSettings: Could not find CVar specified (sm_unsilentjockey_enabled)
L 10/01/2021 - 21:18:03: [confoglcompmod.smx] [Confogl] CvarSettings: Could not find CVar specified (sm_unsilentjockey_always)
L 10/01/2021 - 21:18:03: [confoglcompmod.smx] [Confogl] CvarSettings: Could not find CVar specified (sm_unsilentjockey_time)
L 10/01/2021 - 21:18:06: Error log file session closed.
L 10/01/2021 - 21:56:47: SourceMod error session started
L 10/01/2021 - 21:56:47: Info (map "c1m1_hotel") (file "/home/k26606_s20329/server_20329/left4dead2/addons/sourcemod/logs/errors_20211001.log")
L 10/01/2021 - 21:56:47: [SM] Exception reported: Invalid convar handle 0 (error 4)
L 10/01/2021 - 21:56:47: [SM] Blaming: fixes/l4d2_unsilent_jockey.smx
L 10/01/2021 - 21:56:47: [SM] Call stack trace:
L 10/01/2021 - 21:56:47: [SM]   [0] ConVar.AddChangeHook
L 10/01/2021 - 21:56:47: [SM]   [1] Line 91, D:\SourcePawn10\l4d2_unsilent_jockey.sp::OnPluginStart
L 10/01/2021 - 21:56:47: [SM] Unable to load plugin "fixes/l4d2_unsilent_jockey.smx": Error detected in plugin startup (see error logs)
L 10/01/2021 - 21:56:47: [CRASH] Accelerator uploaded crash dump: Crash ID: Y55R-ADXM-KA7F
L 10/01/2021 - 21:56:49: [SM] Exception reported: Invalid convar handle 0 (error 4)
L 10/01/2021 - 21:56:49: [SM] Blaming: fixes/l4d2_unsilent_jockey.smx
L 10/01/2021 - 21:56:49: [SM] Call stack trace:
L 10/01/2021 - 21:56:49: [SM]   [0] ConVar.AddChangeHook
L 10/01/2021 - 21:56:49: [SM]   [1] Line 91, D:\SourcePawn10\l4d2_unsilent_jockey.sp::OnPluginStart
L 10/01/2021 - 21:56:49: [SM] Exception reported: Failed to find LagComp addresses: 0xede54080, 00000000, 00000000
L 10/01/2021 - 21:56:49: [SM] Blaming: optional/kether/l4d2_lagcomp_manager.smx
L 10/01/2021 - 21:56:49: [SM] Call stack trace:
L 10/01/2021 - 21:56:49: [SM]   [0] SetFailState
L 10/01/2021 - 21:56:49: [SM]   [1] Line 32, D:\l4d2 serv\addons\sourcemod\scripting\kether\l4d2_lagcomp_manager.sp::OnPluginStart
L 10/01/2021 - 21:56:50: [confoglcompmod.smx] [Confogl] CvarSettings: Could not find CVar specified (confogl_disable_ghost_hurt)
L 10/01/2021 - 21:56:50: [confoglcompmod.smx] [Confogl] CvarSettings: Could not find CVar specified (confogl_remove_parachutist)
L 10/01/2021 - 21:56:50: [confoglcompmod.smx] [Confogl] CvarSettings: Could not find CVar specified (sm_unsilentjockey_enabled)
L 10/01/2021 - 21:56:50: [confoglcompmod.smx] [Confogl] CvarSettings: Could not find CVar specified (sm_unsilentjockey_always)
L 10/01/2021 - 21:56:50: [confoglcompmod.smx] [Confogl] CvarSettings: Could not find CVar specified (sm_unsilentjockey_time)
L 10/01/2021 - 21:56:53: Error log file session closed.
L 10/01/2021 - 23:05:23: SourceMod error session started
L 10/01/2021 - 23:05:23: Info (map "c1m1_hotel") (file "/home/k26606_s20329/server_20329/left4dead2/addons/sourcemod/logs/errors_20211001.log")
L 10/01/2021 - 23:05:23: [SM] Exception reported: Invalid convar handle 0 (error 4)
L 10/01/2021 - 23:05:23: [SM] Blaming: fixes/l4d2_unsilent_jockey.smx
L 10/01/2021 - 23:05:23: [SM] Call stack trace:
L 10/01/2021 - 23:05:23: [SM]   [0] ConVar.AddChangeHook
L 10/01/2021 - 23:05:23: [SM]   [1] Line 91, D:\SourcePawn10\l4d2_unsilent_jockey.sp::OnPluginStart
L 10/01/2021 - 23:05:23: [SM] Unable to load plugin "fixes/l4d2_unsilent_jockey.smx": Error detected in plugin startup (see error logs)
L 10/01/2021 - 23:05:24: [CRASH] Accelerator uploaded crash dump: Crash ID: 6Q6T-H66G-KY7T
L 10/01/2021 - 23:05:25: [SM] Exception reported: Invalid convar handle 0 (error 4)
L 10/01/2021 - 23:05:25: [SM] Blaming: fixes/l4d2_unsilent_jockey.smx
L 10/01/2021 - 23:05:25: [SM] Call stack trace:
L 10/01/2021 - 23:05:25: [SM]   [0] ConVar.AddChangeHook
L 10/01/2021 - 23:05:25: [SM]   [1] Line 91, D:\SourcePawn10\l4d2_unsilent_jockey.sp::OnPluginStart
L 10/01/2021 - 23:05:25: [SM] Exception reported: Failed to find LagComp addresses: 0xede2e080, 00000000, 00000000
L 10/01/2021 - 23:05:25: [SM] Blaming: optional/kether/l4d2_lagcomp_manager.smx
L 10/01/2021 - 23:05:25: [SM] Call stack trace:
L 10/01/2021 - 23:05:25: [SM]   [0] SetFailState
L 10/01/2021 - 23:05:25: [SM]   [1] Line 32, D:\l4d2 serv\addons\sourcemod\scripting\kether\l4d2_lagcomp_manager.sp::OnPluginStart
L 10/01/2021 - 23:05:26: [confoglcompmod.smx] [Confogl] CvarSettings: Could not find CVar specified (confogl_disable_ghost_hurt)
L 10/01/2021 - 23:05:26: [confoglcompmod.smx] [Confogl] CvarSettings: Could not find CVar specified (confogl_remove_parachutist)
L 10/01/2021 - 23:05:26: [confoglcompmod.smx] [Confogl] CvarSettings: Could not find CVar specified (sm_unsilentjockey_enabled)
L 10/01/2021 - 23:05:26: [confoglcompmod.smx] [Confogl] CvarSettings: Could not find CVar specified (sm_unsilentjockey_always)
L 10/01/2021 - 23:05:26: [confoglcompmod.smx] [Confogl] CvarSettings: Could not find CVar specified (sm_unsilentjockey_time)
L 10/01/2021 - 23:05:29: Error log file session closed.
