L 10/19/2021 - 19:37:24: SourceMod error session started
L 10/19/2021 - 19:37:24: Info (map "c1m1_hotel") (file "/home/k26606_s20329/server_20329/left4dead2/addons/sourcemod/logs/errors_20211019.log")
L 10/19/2021 - 19:37:24: [SM] Exception reported: Invalid convar handle 0 (error 4)
L 10/19/2021 - 19:37:24: [SM] Blaming: fixes/l4d2_unsilent_jockey.smx
L 10/19/2021 - 19:37:24: [SM] Call stack trace:
L 10/19/2021 - 19:37:24: [SM]   [0] ConVar.AddChangeHook
L 10/19/2021 - 19:37:24: [SM]   [1] Line 91, D:\SourcePawn10\l4d2_unsilent_jockey.sp::OnPluginStart
L 10/19/2021 - 19:37:24: [SM] Unable to load plugin "fixes/l4d2_unsilent_jockey.smx": Error detected in plugin startup (see error logs)
L 10/19/2021 - 19:37:24: [CRASH] Accelerator uploaded crash dump: Crash ID: OEKP-GYP7-6LHF
L 10/19/2021 - 19:37:26: [SM] Exception reported: Invalid convar handle 0 (error 4)
L 10/19/2021 - 19:37:26: [SM] Blaming: fixes/l4d2_unsilent_jockey.smx
L 10/19/2021 - 19:37:26: [SM] Call stack trace:
L 10/19/2021 - 19:37:26: [SM]   [0] ConVar.AddChangeHook
L 10/19/2021 - 19:37:26: [SM]   [1] Line 91, D:\SourcePawn10\l4d2_unsilent_jockey.sp::OnPluginStart
L 10/19/2021 - 19:37:26: [SM] Exception reported: Failed to find LagComp addresses: 0xede75080, 00000000, 00000000
L 10/19/2021 - 19:37:26: [SM] Blaming: optional/kether/l4d2_lagcomp_manager.smx
L 10/19/2021 - 19:37:26: [SM] Call stack trace:
L 10/19/2021 - 19:37:26: [SM]   [0] SetFailState
L 10/19/2021 - 19:37:26: [SM]   [1] Line 32, D:\l4d2 serv\addons\sourcemod\scripting\kether\l4d2_lagcomp_manager.sp::OnPluginStart
L 10/19/2021 - 19:37:27: [confoglcompmod.smx] [Confogl] CvarSettings: Could not find CVar specified (confogl_disable_ghost_hurt)
L 10/19/2021 - 19:37:27: [confoglcompmod.smx] [Confogl] CvarSettings: Could not find CVar specified (confogl_remove_parachutist)
L 10/19/2021 - 19:37:27: [confoglcompmod.smx] [Confogl] CvarSettings: Could not find CVar specified (sm_unsilentjockey_enabled)
L 10/19/2021 - 19:37:27: [confoglcompmod.smx] [Confogl] CvarSettings: Could not find CVar specified (sm_unsilentjockey_always)
L 10/19/2021 - 19:37:27: [confoglcompmod.smx] [Confogl] CvarSettings: Could not find CVar specified (sm_unsilentjockey_time)
L 10/19/2021 - 19:37:30: Error log file session closed.
L 10/19/2021 - 20:35:21: SourceMod error session started
L 10/19/2021 - 20:35:21: Info (map "c1m1_hotel") (file "/home/k26606_s20329/server_20329/left4dead2/addons/sourcemod/logs/errors_20211019.log")
L 10/19/2021 - 20:35:21: [SM] Exception reported: Invalid convar handle 0 (error 4)
L 10/19/2021 - 20:35:21: [SM] Blaming: fixes/l4d2_unsilent_jockey.smx
L 10/19/2021 - 20:35:21: [SM] Call stack trace:
L 10/19/2021 - 20:35:21: [SM]   [0] ConVar.AddChangeHook
L 10/19/2021 - 20:35:21: [SM]   [1] Line 91, D:\SourcePawn10\l4d2_unsilent_jockey.sp::OnPluginStart
L 10/19/2021 - 20:35:21: [SM] Unable to load plugin "fixes/l4d2_unsilent_jockey.smx": Error detected in plugin startup (see error logs)
L 10/19/2021 - 20:35:21: [CRASH] Accelerator uploaded crash dump: Crash ID: 6BO3-ZIUW-TERC
L 10/19/2021 - 20:35:22: [SM] Exception reported: Invalid convar handle 0 (error 4)
L 10/19/2021 - 20:35:22: [SM] Blaming: fixes/l4d2_unsilent_jockey.smx
L 10/19/2021 - 20:35:22: [SM] Call stack trace:
L 10/19/2021 - 20:35:22: [SM]   [0] ConVar.AddChangeHook
L 10/19/2021 - 20:35:22: [SM]   [1] Line 91, D:\SourcePawn10\l4d2_unsilent_jockey.sp::OnPluginStart
L 10/19/2021 - 20:35:23: [SM] Exception reported: Failed to find LagComp addresses: 0xede6d080, 00000000, 00000000
L 10/19/2021 - 20:35:23: [SM] Blaming: optional/kether/l4d2_lagcomp_manager.smx
L 10/19/2021 - 20:35:23: [SM] Call stack trace:
L 10/19/2021 - 20:35:23: [SM]   [0] SetFailState
L 10/19/2021 - 20:35:23: [SM]   [1] Line 32, D:\l4d2 serv\addons\sourcemod\scripting\kether\l4d2_lagcomp_manager.sp::OnPluginStart
L 10/19/2021 - 20:35:24: [confoglcompmod.smx] [Confogl] CvarSettings: Could not find CVar specified (confogl_disable_ghost_hurt)
L 10/19/2021 - 20:35:24: [confoglcompmod.smx] [Confogl] CvarSettings: Could not find CVar specified (confogl_remove_parachutist)
L 10/19/2021 - 20:35:24: [confoglcompmod.smx] [Confogl] CvarSettings: Could not find CVar specified (sm_unsilentjockey_enabled)
L 10/19/2021 - 20:35:24: [confoglcompmod.smx] [Confogl] CvarSettings: Could not find CVar specified (sm_unsilentjockey_always)
L 10/19/2021 - 20:35:24: [confoglcompmod.smx] [Confogl] CvarSettings: Could not find CVar specified (sm_unsilentjockey_time)
L 10/19/2021 - 20:35:27: Error log file session closed.
L 10/19/2021 - 21:38:32: SourceMod error session started
L 10/19/2021 - 21:38:32: Info (map "c1m1_hotel") (file "/home/k26606_s20329/server_20329/left4dead2/addons/sourcemod/logs/errors_20211019.log")
L 10/19/2021 - 21:38:32: [SM] Exception reported: Invalid convar handle 0 (error 4)
L 10/19/2021 - 21:38:32: [SM] Blaming: fixes/l4d2_unsilent_jockey.smx
L 10/19/2021 - 21:38:32: [SM] Call stack trace:
L 10/19/2021 - 21:38:32: [SM]   [0] ConVar.AddChangeHook
L 10/19/2021 - 21:38:32: [SM]   [1] Line 91, D:\SourcePawn10\l4d2_unsilent_jockey.sp::OnPluginStart
L 10/19/2021 - 21:38:32: [SM] Unable to load plugin "fixes/l4d2_unsilent_jockey.smx": Error detected in plugin startup (see error logs)
L 10/19/2021 - 21:38:33: [CRASH] Accelerator uploaded crash dump: Crash ID: VMTN-T2HZ-H4U7
L 10/19/2021 - 21:38:34: [SM] Exception reported: Invalid convar handle 0 (error 4)
L 10/19/2021 - 21:38:34: [SM] Blaming: fixes/l4d2_unsilent_jockey.smx
L 10/19/2021 - 21:38:34: [SM] Call stack trace:
L 10/19/2021 - 21:38:34: [SM]   [0] ConVar.AddChangeHook
L 10/19/2021 - 21:38:34: [SM]   [1] Line 91, D:\SourcePawn10\l4d2_unsilent_jockey.sp::OnPluginStart
L 10/19/2021 - 21:38:34: [SM] Exception reported: Failed to find LagComp addresses: 0xede34080, 00000000, 00000000
L 10/19/2021 - 21:38:34: [SM] Blaming: optional/kether/l4d2_lagcomp_manager.smx
L 10/19/2021 - 21:38:34: [SM] Call stack trace:
L 10/19/2021 - 21:38:34: [SM]   [0] SetFailState
L 10/19/2021 - 21:38:34: [SM]   [1] Line 32, D:\l4d2 serv\addons\sourcemod\scripting\kether\l4d2_lagcomp_manager.sp::OnPluginStart
L 10/19/2021 - 21:38:35: [confoglcompmod.smx] [Confogl] CvarSettings: Could not find CVar specified (confogl_disable_ghost_hurt)
L 10/19/2021 - 21:38:35: [confoglcompmod.smx] [Confogl] CvarSettings: Could not find CVar specified (confogl_remove_parachutist)
L 10/19/2021 - 21:38:35: [confoglcompmod.smx] [Confogl] CvarSettings: Could not find CVar specified (sm_unsilentjockey_enabled)
L 10/19/2021 - 21:38:35: [confoglcompmod.smx] [Confogl] CvarSettings: Could not find CVar specified (sm_unsilentjockey_always)
L 10/19/2021 - 21:38:35: [confoglcompmod.smx] [Confogl] CvarSettings: Could not find CVar specified (sm_unsilentjockey_time)
L 10/19/2021 - 21:38:38: Error log file session closed.
L 10/19/2021 - 22:51:26: SourceMod error session started
L 10/19/2021 - 22:51:26: Info (map "c1m1_hotel") (file "/home/k26606_s20329/server_20329/left4dead2/addons/sourcemod/logs/errors_20211019.log")
L 10/19/2021 - 22:51:26: [SM] Exception reported: Invalid convar handle 0 (error 4)
L 10/19/2021 - 22:51:26: [SM] Blaming: fixes/l4d2_unsilent_jockey.smx
L 10/19/2021 - 22:51:26: [SM] Call stack trace:
L 10/19/2021 - 22:51:26: [SM]   [0] ConVar.AddChangeHook
L 10/19/2021 - 22:51:26: [SM]   [1] Line 91, D:\SourcePawn10\l4d2_unsilent_jockey.sp::OnPluginStart
L 10/19/2021 - 22:51:26: [SM] Unable to load plugin "fixes/l4d2_unsilent_jockey.smx": Error detected in plugin startup (see error logs)
L 10/19/2021 - 22:51:26: [CRASH] Accelerator uploaded crash dump: Crash ID: QZBH-HIFM-7BX3
L 10/19/2021 - 22:51:28: [SM] Exception reported: Invalid convar handle 0 (error 4)
L 10/19/2021 - 22:51:28: [SM] Blaming: fixes/l4d2_unsilent_jockey.smx
L 10/19/2021 - 22:51:28: [SM] Call stack trace:
L 10/19/2021 - 22:51:28: [SM]   [0] ConVar.AddChangeHook
L 10/19/2021 - 22:51:28: [SM]   [1] Line 91, D:\SourcePawn10\l4d2_unsilent_jockey.sp::OnPluginStart
L 10/19/2021 - 22:51:28: [SM] Exception reported: Failed to find LagComp addresses: 0xede38080, 00000000, 00000000
L 10/19/2021 - 22:51:28: [SM] Blaming: optional/kether/l4d2_lagcomp_manager.smx
L 10/19/2021 - 22:51:28: [SM] Call stack trace:
L 10/19/2021 - 22:51:28: [SM]   [0] SetFailState
L 10/19/2021 - 22:51:28: [SM]   [1] Line 32, D:\l4d2 serv\addons\sourcemod\scripting\kether\l4d2_lagcomp_manager.sp::OnPluginStart
L 10/19/2021 - 22:51:29: [confoglcompmod.smx] [Confogl] CvarSettings: Could not find CVar specified (confogl_disable_ghost_hurt)
L 10/19/2021 - 22:51:29: [confoglcompmod.smx] [Confogl] CvarSettings: Could not find CVar specified (confogl_remove_parachutist)
L 10/19/2021 - 22:51:29: [confoglcompmod.smx] [Confogl] CvarSettings: Could not find CVar specified (sm_unsilentjockey_enabled)
L 10/19/2021 - 22:51:29: [confoglcompmod.smx] [Confogl] CvarSettings: Could not find CVar specified (sm_unsilentjockey_always)
L 10/19/2021 - 22:51:29: [confoglcompmod.smx] [Confogl] CvarSettings: Could not find CVar specified (sm_unsilentjockey_time)
L 10/19/2021 - 22:51:32: Error log file session closed.
