L 09/03/2021 - 15:22:06: SourceMod error session started
L 09/03/2021 - 15:22:06: Info (map "uf1_boulevard") (file "/home/k26606_s24044/server_24044/left4dead2/addons/sourcemod/logs/errors_20210903.log")
L 09/03/2021 - 15:22:06: [SM] Exception reported: Handle 92bb0479 is invalid (error 3)
L 09/03/2021 - 15:22:06: [SM] Blaming: optional/kether/sm_give.smx
L 09/03/2021 - 15:22:06: [SM] Call stack trace:
L 09/03/2021 - 15:22:06: [SM]   [0] CloseHandle
L 09/03/2021 - 15:22:06: [SM]   [1] Line 197, D:\l4d2 serv\LIVESERVER\serwery\standard 60T\addons\sourcemod\scripting\sm_give.sp::ItemsMenuHandler
L 09/03/2021 - 15:40:27: SourceMod error session started
L 09/03/2021 - 15:40:27: Info (map "uf1_boulevard") (file "/home/k26606_s24044/server_24044/left4dead2/addons/sourcemod/logs/errors_20210903.log")
L 09/03/2021 - 15:40:27: [SM] Exception reported: Handle 48390479 is invalid (error 3)
L 09/03/2021 - 15:40:27: [SM] Blaming: optional/kether/sm_give.smx
L 09/03/2021 - 15:40:27: [SM] Call stack trace:
L 09/03/2021 - 15:40:27: [SM]   [0] CloseHandle
L 09/03/2021 - 15:40:27: [SM]   [1] Line 197, D:\l4d2 serv\LIVESERVER\serwery\standard 60T\addons\sourcemod\scripting\sm_give.sp::ItemsMenuHandler
L 09/03/2021 - 15:40:33: [SM] Exception reported: Handle 484d0481 is invalid (error 3)
L 09/03/2021 - 15:40:33: [SM] Blaming: optional/kether/sm_give.smx
L 09/03/2021 - 15:40:33: [SM] Call stack trace:
L 09/03/2021 - 15:40:33: [SM]   [0] CloseHandle
L 09/03/2021 - 15:40:33: [SM]   [1] Line 197, D:\l4d2 serv\LIVESERVER\serwery\standard 60T\addons\sourcemod\scripting\sm_give.sp::ItemsMenuHandler
L 09/03/2021 - 15:43:18: SourceMod error session started
L 09/03/2021 - 15:43:18: Info (map "c5m1_waterfront") (file "/home/k26606_s24044/server_24044/left4dead2/addons/sourcemod/logs/errors_20210903.log")
L 09/03/2021 - 15:43:18: [CRASH] Accelerator uploaded crash dump: Crash ID: 32GU-WY5D-IVQX
L 09/03/2021 - 15:43:24: Error log file session closed.
L 09/03/2021 - 16:28:03: SourceMod error session started
L 09/03/2021 - 16:28:03: Info (map "c5m1_waterfront") (file "/home/k26606_s24044/server_24044/left4dead2/addons/sourcemod/logs/errors_20210903.log")
L 09/03/2021 - 16:28:03: [CRASH] Accelerator uploaded crash dump: Crash ID: BWE7-EINS-55VB
L 09/03/2021 - 16:28:08: Error log file session closed.
L 09/03/2021 - 16:35:40: SourceMod error session started
L 09/03/2021 - 16:35:40: Info (map "c5m1_waterfront") (file "/home/k26606_s24044/server_24044/left4dead2/addons/sourcemod/logs/errors_20210903.log")
L 09/03/2021 - 16:35:40: [CRASH] Accelerator uploaded crash dump: Crash ID: CFF4-C2QE-XSJ4
L 09/03/2021 - 16:35:46: Error log file session closed.
L 09/03/2021 - 16:40:04: SourceMod error session started
L 09/03/2021 - 16:40:04: Info (map "c5m1_waterfront") (file "/home/k26606_s24044/server_24044/left4dead2/addons/sourcemod/logs/errors_20210903.log")
L 09/03/2021 - 16:40:04: [CRASH] Accelerator uploaded crash dump: Crash ID: Y5WC-EF2I-DZP3
L 09/03/2021 - 16:40:09: Error log file session closed.
L 09/03/2021 - 20:09:31: SourceMod error session started
L 09/03/2021 - 20:09:31: Info (map "c5m1_waterfront") (file "/home/k26606_s24044/server_24044/left4dead2/addons/sourcemod/logs/errors_20210903.log")
L 09/03/2021 - 20:09:31: [CRASH] Accelerator uploaded crash dump: Crash ID: W3FV-SWLK-UWTL
L 09/03/2021 - 20:09:39: Error log file session closed.
L 09/03/2021 - 21:53:09: SourceMod error session started
L 09/03/2021 - 21:53:09: Info (map "c5m1_waterfront") (file "/home/k26606_s24044/server_24044/left4dead2/addons/sourcemod/logs/errors_20210903.log")
L 09/03/2021 - 21:53:09: [CRASH] Accelerator uploaded crash dump: Crash ID: RREJ-3Y6X-RGPT
L 09/03/2021 - 21:53:15: Error log file session closed.
L 09/03/2021 - 23:24:36: SourceMod error session started
L 09/03/2021 - 23:24:36: Info (map "c5m1_waterfront") (file "/home/k26606_s24044/server_24044/left4dead2/addons/sourcemod/logs/errors_20210903.log")
L 09/03/2021 - 23:24:36: [CRASH] Accelerator uploaded crash dump: Crash ID: VP4H-LSRN-IMFV
L 09/03/2021 - 23:24:42: Error log file session closed.
