L 10/12/2021 - 18:52:34: SourceMod error session started
L 10/12/2021 - 18:52:34: Info (map "c5m1_waterfront") (file "/home/k26606_s20329/server_20329/left4dead2/addons/sourcemod/logs/errors_20211012.log")
L 10/12/2021 - 18:52:34: [SM] Exception reported: Array index out-of-bounds (index 4, limit 4)
L 10/12/2021 - 18:52:34: [SM] Blaming: optional/kether/c_l4d2scores.smx
L 10/12/2021 - 18:52:34: [SM] Call stack trace:
L 10/12/2021 - 18:52:34: [SM]   [1] Line 1087, D:\l4d2 serv\addons\sourcemod\scripting\kether\c_l4d2scores.sp::TryTeamPlacement
L 10/12/2021 - 18:52:34: [SM]   [2] Line 661, D:\l4d2 serv\addons\sourcemod\scripting\kether\c_l4d2scores.sp::Command_SwapTo
L 10/12/2021 - 19:06:46: Error log file session closed.
L 10/12/2021 - 19:58:21: SourceMod error session started
L 10/12/2021 - 19:58:21: Info (map "c1m1_hotel") (file "/home/k26606_s20329/server_20329/left4dead2/addons/sourcemod/logs/errors_20211012.log")
L 10/12/2021 - 19:58:21: [SM] Exception reported: Invalid convar handle 0 (error 4)
L 10/12/2021 - 19:58:21: [SM] Blaming: fixes/l4d2_unsilent_jockey.smx
L 10/12/2021 - 19:58:21: [SM] Call stack trace:
L 10/12/2021 - 19:58:21: [SM]   [0] ConVar.AddChangeHook
L 10/12/2021 - 19:58:21: [SM]   [1] Line 91, D:\SourcePawn10\l4d2_unsilent_jockey.sp::OnPluginStart
L 10/12/2021 - 19:58:21: [SM] Unable to load plugin "fixes/l4d2_unsilent_jockey.smx": Error detected in plugin startup (see error logs)
L 10/12/2021 - 19:58:22: [CRASH] Accelerator uploaded crash dump: Crash ID: FCLG-X2ZQ-KIDE
L 10/12/2021 - 19:58:24: [SM] Exception reported: Invalid convar handle 0 (error 4)
L 10/12/2021 - 19:58:24: [SM] Blaming: fixes/l4d2_unsilent_jockey.smx
L 10/12/2021 - 19:58:24: [SM] Call stack trace:
L 10/12/2021 - 19:58:24: [SM]   [0] ConVar.AddChangeHook
L 10/12/2021 - 19:58:24: [SM]   [1] Line 91, D:\SourcePawn10\l4d2_unsilent_jockey.sp::OnPluginStart
L 10/12/2021 - 19:58:26: [SM] Exception reported: Failed to find LagComp addresses: 0xede53080, 00000000, 00000000
L 10/12/2021 - 19:58:26: [SM] Blaming: optional/kether/l4d2_lagcomp_manager.smx
L 10/12/2021 - 19:58:26: [SM] Call stack trace:
L 10/12/2021 - 19:58:26: [SM]   [0] SetFailState
L 10/12/2021 - 19:58:26: [SM]   [1] Line 32, D:\l4d2 serv\addons\sourcemod\scripting\kether\l4d2_lagcomp_manager.sp::OnPluginStart
L 10/12/2021 - 19:58:26: [confoglcompmod.smx] [Confogl] CvarSettings: Could not find CVar specified (confogl_disable_ghost_hurt)
L 10/12/2021 - 19:58:26: [confoglcompmod.smx] [Confogl] CvarSettings: Could not find CVar specified (confogl_remove_parachutist)
L 10/12/2021 - 19:58:26: [confoglcompmod.smx] [Confogl] CvarSettings: Could not find CVar specified (sm_unsilentjockey_enabled)
L 10/12/2021 - 19:58:26: [confoglcompmod.smx] [Confogl] CvarSettings: Could not find CVar specified (sm_unsilentjockey_always)
L 10/12/2021 - 19:58:26: [confoglcompmod.smx] [Confogl] CvarSettings: Could not find CVar specified (sm_unsilentjockey_time)
L 10/12/2021 - 19:58:29: Error log file session closed.
L 10/12/2021 - 21:58:41: SourceMod error session started
L 10/12/2021 - 21:58:41: Info (map "c1m1_hotel") (file "/home/k26606_s20329/server_20329/left4dead2/addons/sourcemod/logs/errors_20211012.log")
L 10/12/2021 - 21:58:41: [SM] Exception reported: Invalid convar handle 0 (error 4)
L 10/12/2021 - 21:58:41: [SM] Blaming: fixes/l4d2_unsilent_jockey.smx
L 10/12/2021 - 21:58:41: [SM] Call stack trace:
L 10/12/2021 - 21:58:41: [SM]   [0] ConVar.AddChangeHook
L 10/12/2021 - 21:58:41: [SM]   [1] Line 91, D:\SourcePawn10\l4d2_unsilent_jockey.sp::OnPluginStart
L 10/12/2021 - 21:58:41: [SM] Unable to load plugin "fixes/l4d2_unsilent_jockey.smx": Error detected in plugin startup (see error logs)
L 10/12/2021 - 21:58:42: [CRASH] Accelerator uploaded crash dump: Crash ID: 4KGQ-6BD4-2RLI
L 10/12/2021 - 21:58:43: [SM] Exception reported: Invalid convar handle 0 (error 4)
L 10/12/2021 - 21:58:43: [SM] Blaming: fixes/l4d2_unsilent_jockey.smx
L 10/12/2021 - 21:58:43: [SM] Call stack trace:
L 10/12/2021 - 21:58:43: [SM]   [0] ConVar.AddChangeHook
L 10/12/2021 - 21:58:43: [SM]   [1] Line 91, D:\SourcePawn10\l4d2_unsilent_jockey.sp::OnPluginStart
L 10/12/2021 - 21:58:43: [SM] Exception reported: Failed to find LagComp addresses: 0xede5f080, 00000000, 00000000
L 10/12/2021 - 21:58:43: [SM] Blaming: optional/kether/l4d2_lagcomp_manager.smx
L 10/12/2021 - 21:58:43: [SM] Call stack trace:
L 10/12/2021 - 21:58:43: [SM]   [0] SetFailState
L 10/12/2021 - 21:58:43: [SM]   [1] Line 32, D:\l4d2 serv\addons\sourcemod\scripting\kether\l4d2_lagcomp_manager.sp::OnPluginStart
L 10/12/2021 - 21:58:44: [confoglcompmod.smx] [Confogl] CvarSettings: Could not find CVar specified (confogl_disable_ghost_hurt)
L 10/12/2021 - 21:58:44: [confoglcompmod.smx] [Confogl] CvarSettings: Could not find CVar specified (confogl_remove_parachutist)
L 10/12/2021 - 21:58:44: [confoglcompmod.smx] [Confogl] CvarSettings: Could not find CVar specified (sm_unsilentjockey_enabled)
L 10/12/2021 - 21:58:44: [confoglcompmod.smx] [Confogl] CvarSettings: Could not find CVar specified (sm_unsilentjockey_always)
L 10/12/2021 - 21:58:44: [confoglcompmod.smx] [Confogl] CvarSettings: Could not find CVar specified (sm_unsilentjockey_time)
L 10/12/2021 - 21:58:47: Error log file session closed.
