L 12/20/2021 - 06:46:57: SourceMod log file session started (file "/home/k26606_s20329/server_20329/left4dead2/addons/sourcemod/logs/L20211220.log") (Version "1.10.0.6494")
L 12/20/2021 - 06:46:57: [fixes/firebulletsfix.smx] Found offset for Weapon_ShootPosition 286
L 12/20/2021 - 06:46:57: [confoglcompmod.smx] Set password on yuya, password 
L 12/20/2021 - 06:46:58: [navmesh.smx] Found .NAV file in maps\c1m1_hotel.nav
L 12/20/2021 - 06:46:58: [navmesh.smx] Is mesh analyzed: 1
L 12/20/2021 - 06:46:58: [navmesh.smx] Nav version: 16; SubVersion: 14 (v10+); BSPSize: 32807960; MagicNumber: -17958194
L 12/20/2021 - 06:46:58: [navmesh.smx] Place count: 0
L 12/20/2021 - 06:46:58: [navmesh.smx] Has unnamed areas: true
L 12/20/2021 - 06:46:58: [navmesh.smx] Population type: c1streets
L 12/20/2021 - 06:46:58: [navmesh.smx] Area count: 1582
L 12/20/2021 - 06:46:58: [navmesh.smx] Parsed 1582 areas in 0.017214 seconds.
L 12/20/2021 - 06:46:58: [navmesh.smx] Ladder count: 0
L 12/20/2021 - 06:47:08: [fixes/firebulletsfix.smx] Found offset for Weapon_ShootPosition 286
L 12/20/2021 - 06:47:08: [confoglcompmod.smx] Set password on yuya, password 
L 12/20/2021 - 06:47:12: -------- Mapchange to c1m1_hotel --------
L 12/20/2021 - 06:47:13: [basecommands.smx] "Console<0><Console><Console>" changed cvar (cvar "confogl_match_execcfg_plugins") (value "generalfixes.cfg;confogl_plugins.cfg;sharedplugins.cfg")
L 12/20/2021 - 06:47:13: [basecommands.smx] "Console<0><Console><Console>" changed cvar (cvar "l4d2_addons_eclipse") (value "0")
L 12/20/2021 - 06:47:13: [basecommands.smx] "Console<0><Console><Console>" changed cvar (cvar "sv_allow_wait_command") (value "0")
L 12/20/2021 - 06:47:13: [basecommands.smx] "Console<0><Console><Console>" changed cvar (cvar "sv_minrate") (value "108000")
L 12/20/2021 - 06:47:13: [basecommands.smx] "Console<0><Console><Console>" changed cvar (cvar "sv_maxrate") (value "108000")
L 12/20/2021 - 06:47:13: [basecommands.smx] "Console<0><Console><Console>" changed cvar (cvar "sv_mincmdrate") (value "108")
L 12/20/2021 - 06:47:13: [basecommands.smx] "Console<0><Console><Console>" changed cvar (cvar "sv_maxcmdrate") (value "108")
L 12/20/2021 - 06:47:13: [basecommands.smx] "Console<0><Console><Console>" changed cvar (cvar "sv_minupdaterate") (value "108")
L 12/20/2021 - 06:47:13: [basecommands.smx] "Console<0><Console><Console>" changed cvar (cvar "sv_maxupdaterate") (value "108")
L 12/20/2021 - 06:47:13: [basecommands.smx] "Console<0><Console><Console>" changed cvar (cvar "nb_update_frequency") (value "0.024")
L 12/20/2021 - 06:47:13: [basecommands.smx] "Console<0><Console><Console>" changed cvar (cvar "net_splitpacket_maxrate") (value "54000")
L 12/20/2021 - 06:47:13: [basecommands.smx] "Console<0><Console><Console>" changed cvar (cvar "sv_client_min_interp_ratio") (value "0")
L 12/20/2021 - 06:47:13: [basecommands.smx] "Console<0><Console><Console>" changed cvar (cvar "sv_client_max_interp_ratio") (value "2")
L 12/20/2021 - 06:47:13: [basecommands.smx] "Console<0><Console><Console>" changed cvar (cvar "fps_max") (value "200")
L 12/20/2021 - 06:47:13: [basecommands.smx] "Console<0><Console><Console>" changed cvar (cvar "mv_maxplayers") (value "16")
L 12/20/2021 - 06:47:13: [basecommands.smx] "Console<0><Console><Console>" changed cvar (cvar "sv_maxplayers") (value "16")
L 12/20/2021 - 06:47:13: [basecommands.smx] "Console<0><Console><Console>" changed cvar (cvar "sv_allowdownload") (value "1")
L 12/20/2021 - 06:47:13: [basecommands.smx] "Console<0><Console><Console>" changed cvar (cvar "l4d_nth_joininfected") (value "1")
L 12/20/2021 - 06:47:13: [basecommands.smx] "Console<0><Console><Console>" changed cvar (cvar "l4d_nth_joinsurvivors") (value "1")
L 12/20/2021 - 06:47:13: [basecommands.smx] "Console<0><Console><Console>" changed cvar (cvar "l4d_nth_kill") (value "0")
L 12/20/2021 - 06:47:13: [basecommands.smx] "Console<0><Console><Console>" changed cvar (cvar "l4d_nth_spectate") (value "1")
L 12/20/2021 - 06:47:13: [basecommands.smx] "Console<0><Console><Console>" changed cvar (cvar "l4d_nth_message") (value "0")
L 12/20/2021 - 06:47:13: [basecommands.smx] "Console<0><Console><Console>" changed cvar (cvar "l4d_nth_timerrepeat") (value "9999")
L 12/20/2021 - 06:47:13: [basecommands.smx] "Console<0><Console><Console>" changed cvar (cvar "vs_max_team_switches") (value "9999")
L 12/20/2021 - 06:47:13: [basecommands.smx] "Console<0><Console><Console>" changed cvar (cvar "mp_autoteambalance") (value "0")
L 12/20/2021 - 06:47:13: [basecommands.smx] "Console<0><Console><Console>" changed cvar (cvar "sv_unlag_fixstuck") (value "1")
L 12/20/2021 - 06:47:13: [basecommands.smx] "Console<0><Console><Console>" changed cvar (cvar "z_brawl_chance") (value "0")
L 12/20/2021 - 06:47:13: [basecommands.smx] "Console<0><Console><Console>" changed cvar (cvar "sv_maxunlag") (value "1")
L 12/20/2021 - 06:47:13: [basecommands.smx] "Console<0><Console><Console>" changed cvar (cvar "sv_forcepreload") (value "1")
L 12/20/2021 - 06:47:13: [basecommands.smx] "Console<0><Console><Console>" changed cvar (cvar "sv_client_predict") (value "1")
L 12/20/2021 - 06:47:13: [basecommands.smx] "Console<0><Console><Console>" changed cvar (cvar "sv_client_cmdrate_difference") (value "0")
L 12/20/2021 - 06:47:13: [basecommands.smx] "Console<0><Console><Console>" changed cvar (cvar "sv_max_queries_sec_global") (value "10")
L 12/20/2021 - 06:47:13: [basecommands.smx] "Console<0><Console><Console>" changed cvar (cvar "sv_max_queries_sec") (value "3")
L 12/20/2021 - 06:47:13: [basecommands.smx] "Console<0><Console><Console>" changed cvar (cvar "sv_max_queries_window") (value "10")
L 12/20/2021 - 06:47:13: [basecommands.smx] "Console<0><Console><Console>" changed cvar (cvar "sv_player_stuck_tolerance") (value "5")
L 12/20/2021 - 06:47:13: [basecommands.smx] "Console<0><Console><Console>" changed cvar (cvar "sv_stats") (value "0")
L 12/20/2021 - 06:47:13: [basecommands.smx] "Console<0><Console><Console>" changed cvar (cvar "sv_clockcorrection_msecs") (value "25")
L 12/20/2021 - 06:47:13: [basecommands.smx] "Console<0><Console><Console>" changed cvar (cvar "tank_swing_physics_prop_force") (value "3")
L 12/20/2021 - 06:49:50: [optional/kether/l4d2_skill_detect.smx] Witch Crown Check: Failed: bungled: 1 / crowntype: 0 (entity: 439)
L 12/20/2021 - 06:49:50: [optional/kether/l4d2_skill_detect.smx] Witch Crown Check: Further details: attacker: Coach, attacker dmg: 61, teamless dmg: 0
L 12/20/2021 - 06:52:59: [fixes/firebulletsfix.smx] Found offset for Weapon_ShootPosition 286
L 12/20/2021 - 06:53:00: [confoglcompmod.smx] Set password on yuya, password 
L 12/20/2021 - 06:53:00: [navmesh.smx] Found .NAV file in maps\c1m1_hotel.nav
L 12/20/2021 - 06:53:00: [navmesh.smx] Is mesh analyzed: 1
L 12/20/2021 - 06:53:00: [navmesh.smx] Nav version: 16; SubVersion: 14 (v10+); BSPSize: 32807960; MagicNumber: -17958194
L 12/20/2021 - 06:53:00: [navmesh.smx] Place count: 0
L 12/20/2021 - 06:53:00: [navmesh.smx] Has unnamed areas: true
L 12/20/2021 - 06:53:00: [navmesh.smx] Population type: c1streets
L 12/20/2021 - 06:53:00: [navmesh.smx] Area count: 1582
L 12/20/2021 - 06:53:00: [navmesh.smx] Parsed 1582 areas in 0.017080 seconds.
L 12/20/2021 - 06:53:00: [navmesh.smx] Ladder count: 0
L 12/20/2021 - 06:53:16: SourceMod log file session started (file "/home/k26606_s20329/server_20329/left4dead2/addons/sourcemod/logs/L20211220.log") (Version "1.10.0.6494")
L 12/20/2021 - 06:53:16: [fixes/firebulletsfix.smx] Found offset for Weapon_ShootPosition 286
L 12/20/2021 - 06:53:17: [navmesh.smx] Found .NAV file in maps\c1m1_hotel.nav
L 12/20/2021 - 06:53:17: [navmesh.smx] Is mesh analyzed: 1
L 12/20/2021 - 06:53:17: [navmesh.smx] Nav version: 16; SubVersion: 14 (v10+); BSPSize: 32807960; MagicNumber: -17958194
L 12/20/2021 - 06:53:17: [navmesh.smx] Place count: 0
L 12/20/2021 - 06:53:17: [navmesh.smx] Has unnamed areas: true
L 12/20/2021 - 06:53:17: [navmesh.smx] Population type: c1streets
L 12/20/2021 - 06:53:17: [navmesh.smx] Area count: 1582
L 12/20/2021 - 06:53:17: [navmesh.smx] Parsed 1582 areas in 0.017362 seconds.
L 12/20/2021 - 06:53:17: [navmesh.smx] Ladder count: 0
L 12/20/2021 - 06:53:17: [basecommands.smx] "Console<0><Console><Console>" changed cvar (cvar "confogl_match_execcfg_plugins") (value "generalfixes.cfg;confogl_plugins.cfg;sharedplugins.cfg")
L 12/20/2021 - 06:53:17: [basecommands.smx] "Console<0><Console><Console>" changed cvar (cvar "l4d2_addons_eclipse") (value "0")
L 12/20/2021 - 06:53:17: [basecommands.smx] "Console<0><Console><Console>" changed cvar (cvar "sv_allow_wait_command") (value "0")
L 12/20/2021 - 06:53:17: [basecommands.smx] "Console<0><Console><Console>" changed cvar (cvar "sv_minrate") (value "108000")
L 12/20/2021 - 06:53:17: [basecommands.smx] "Console<0><Console><Console>" changed cvar (cvar "sv_maxrate") (value "108000")
L 12/20/2021 - 06:53:17: [basecommands.smx] "Console<0><Console><Console>" changed cvar (cvar "sv_mincmdrate") (value "108")
L 12/20/2021 - 06:53:17: [basecommands.smx] "Console<0><Console><Console>" changed cvar (cvar "sv_maxcmdrate") (value "108")
L 12/20/2021 - 06:53:17: [basecommands.smx] "Console<0><Console><Console>" changed cvar (cvar "sv_minupdaterate") (value "108")
L 12/20/2021 - 06:53:17: [basecommands.smx] "Console<0><Console><Console>" changed cvar (cvar "sv_maxupdaterate") (value "108")
L 12/20/2021 - 06:53:17: [basecommands.smx] "Console<0><Console><Console>" changed cvar (cvar "nb_update_frequency") (value "0.024")
L 12/20/2021 - 06:53:17: [basecommands.smx] "Console<0><Console><Console>" changed cvar (cvar "net_splitpacket_maxrate") (value "54000")
L 12/20/2021 - 06:53:17: [basecommands.smx] "Console<0><Console><Console>" changed cvar (cvar "sv_client_min_interp_ratio") (value "0")
L 12/20/2021 - 06:53:17: [basecommands.smx] "Console<0><Console><Console>" changed cvar (cvar "sv_client_max_interp_ratio") (value "2")
L 12/20/2021 - 06:53:17: [basecommands.smx] "Console<0><Console><Console>" changed cvar (cvar "fps_max") (value "200")
L 12/20/2021 - 06:53:17: [basecommands.smx] "Console<0><Console><Console>" changed cvar (cvar "mv_maxplayers") (value "16")
L 12/20/2021 - 06:53:17: [basecommands.smx] "Console<0><Console><Console>" changed cvar (cvar "sv_maxplayers") (value "16")
L 12/20/2021 - 06:53:17: [basecommands.smx] "Console<0><Console><Console>" changed cvar (cvar "sv_allowdownload") (value "1")
L 12/20/2021 - 06:53:17: [basecommands.smx] "Console<0><Console><Console>" changed cvar (cvar "vs_max_team_switches") (value "9999")
L 12/20/2021 - 06:53:17: [basecommands.smx] "Console<0><Console><Console>" changed cvar (cvar "mp_autoteambalance") (value "0")
L 12/20/2021 - 06:53:17: [basecommands.smx] "Console<0><Console><Console>" changed cvar (cvar "sv_unlag_fixstuck") (value "1")
L 12/20/2021 - 06:53:17: [basecommands.smx] "Console<0><Console><Console>" changed cvar (cvar "z_brawl_chance") (value "0")
L 12/20/2021 - 06:53:17: [basecommands.smx] "Console<0><Console><Console>" changed cvar (cvar "sv_maxunlag") (value "1")
L 12/20/2021 - 06:53:17: [basecommands.smx] "Console<0><Console><Console>" changed cvar (cvar "sv_forcepreload") (value "1")
L 12/20/2021 - 06:53:17: [basecommands.smx] "Console<0><Console><Console>" changed cvar (cvar "sv_client_predict") (value "1")
L 12/20/2021 - 06:53:17: [basecommands.smx] "Console<0><Console><Console>" changed cvar (cvar "sv_client_cmdrate_difference") (value "0")
L 12/20/2021 - 06:53:17: [basecommands.smx] "Console<0><Console><Console>" changed cvar (cvar "sv_max_queries_sec_global") (value "10")
L 12/20/2021 - 06:53:17: [basecommands.smx] "Console<0><Console><Console>" changed cvar (cvar "sv_max_queries_sec") (value "3")
L 12/20/2021 - 06:53:17: [basecommands.smx] "Console<0><Console><Console>" changed cvar (cvar "sv_max_queries_window") (value "10")
L 12/20/2021 - 06:53:17: [basecommands.smx] "Console<0><Console><Console>" changed cvar (cvar "sv_player_stuck_tolerance") (value "5")
L 12/20/2021 - 06:53:17: [basecommands.smx] "Console<0><Console><Console>" changed cvar (cvar "sv_stats") (value "0")
L 12/20/2021 - 06:53:17: [basecommands.smx] "Console<0><Console><Console>" changed cvar (cvar "sv_clockcorrection_msecs") (value "25")
L 12/20/2021 - 06:53:17: [basecommands.smx] "Console<0><Console><Console>" changed cvar (cvar "tank_swing_physics_prop_force") (value "3")
L 12/20/2021 - 06:53:18: [fixes/firebulletsfix.smx] Found offset for Weapon_ShootPosition 286
L 12/20/2021 - 06:53:22: -------- Mapchange to c1m1_hotel --------
L 12/20/2021 - 06:53:22: [basecommands.smx] "Console<0><Console><Console>" changed cvar (cvar "confogl_match_execcfg_plugins") (value "generalfixes.cfg;confogl_plugins.cfg;sharedplugins.cfg")
L 12/20/2021 - 06:53:22: [basecommands.smx] "Console<0><Console><Console>" changed cvar (cvar "l4d2_addons_eclipse") (value "0")
L 12/20/2021 - 06:53:22: [basecommands.smx] "Console<0><Console><Console>" changed cvar (cvar "sv_allow_wait_command") (value "0")
L 12/20/2021 - 06:53:22: [basecommands.smx] "Console<0><Console><Console>" changed cvar (cvar "sv_minrate") (value "108000")
L 12/20/2021 - 06:53:22: [basecommands.smx] "Console<0><Console><Console>" changed cvar (cvar "sv_maxrate") (value "108000")
L 12/20/2021 - 06:53:22: [basecommands.smx] "Console<0><Console><Console>" changed cvar (cvar "sv_mincmdrate") (value "108")
L 12/20/2021 - 06:53:22: [basecommands.smx] "Console<0><Console><Console>" changed cvar (cvar "sv_maxcmdrate") (value "108")
L 12/20/2021 - 06:53:22: [basecommands.smx] "Console<0><Console><Console>" changed cvar (cvar "sv_minupdaterate") (value "108")
L 12/20/2021 - 06:53:22: [basecommands.smx] "Console<0><Console><Console>" changed cvar (cvar "sv_maxupdaterate") (value "108")
L 12/20/2021 - 06:53:22: [basecommands.smx] "Console<0><Console><Console>" changed cvar (cvar "nb_update_frequency") (value "0.024")
L 12/20/2021 - 06:53:22: [basecommands.smx] "Console<0><Console><Console>" changed cvar (cvar "net_splitpacket_maxrate") (value "54000")
L 12/20/2021 - 06:53:22: [basecommands.smx] "Console<0><Console><Console>" changed cvar (cvar "sv_client_min_interp_ratio") (value "0")
L 12/20/2021 - 06:53:22: [basecommands.smx] "Console<0><Console><Console>" changed cvar (cvar "sv_client_max_interp_ratio") (value "2")
L 12/20/2021 - 06:53:22: [basecommands.smx] "Console<0><Console><Console>" changed cvar (cvar "fps_max") (value "200")
L 12/20/2021 - 06:53:22: [basecommands.smx] "Console<0><Console><Console>" changed cvar (cvar "mv_maxplayers") (value "16")
L 12/20/2021 - 06:53:22: [basecommands.smx] "Console<0><Console><Console>" changed cvar (cvar "sv_maxplayers") (value "16")
L 12/20/2021 - 06:53:22: [basecommands.smx] "Console<0><Console><Console>" changed cvar (cvar "sv_allowdownload") (value "1")
L 12/20/2021 - 06:53:22: [basecommands.smx] "Console<0><Console><Console>" changed cvar (cvar "l4d_nth_joininfected") (value "1")
L 12/20/2021 - 06:53:22: [basecommands.smx] "Console<0><Console><Console>" changed cvar (cvar "l4d_nth_joinsurvivors") (value "1")
L 12/20/2021 - 06:53:22: [basecommands.smx] "Console<0><Console><Console>" changed cvar (cvar "l4d_nth_kill") (value "0")
L 12/20/2021 - 06:53:22: [basecommands.smx] "Console<0><Console><Console>" changed cvar (cvar "l4d_nth_spectate") (value "1")
L 12/20/2021 - 06:53:22: [basecommands.smx] "Console<0><Console><Console>" changed cvar (cvar "l4d_nth_message") (value "0")
L 12/20/2021 - 06:53:22: [basecommands.smx] "Console<0><Console><Console>" changed cvar (cvar "l4d_nth_timerrepeat") (value "9999")
L 12/20/2021 - 06:53:22: [basecommands.smx] "Console<0><Console><Console>" changed cvar (cvar "vs_max_team_switches") (value "9999")
L 12/20/2021 - 06:53:22: [basecommands.smx] "Console<0><Console><Console>" changed cvar (cvar "mp_autoteambalance") (value "0")
L 12/20/2021 - 06:53:22: [basecommands.smx] "Console<0><Console><Console>" changed cvar (cvar "sv_unlag_fixstuck") (value "1")
L 12/20/2021 - 06:53:22: [basecommands.smx] "Console<0><Console><Console>" changed cvar (cvar "z_brawl_chance") (value "0")
L 12/20/2021 - 06:53:22: [basecommands.smx] "Console<0><Console><Console>" changed cvar (cvar "sv_maxunlag") (value "1")
L 12/20/2021 - 06:53:22: [basecommands.smx] "Console<0><Console><Console>" changed cvar (cvar "sv_forcepreload") (value "1")
L 12/20/2021 - 06:53:22: [basecommands.smx] "Console<0><Console><Console>" changed cvar (cvar "sv_client_predict") (value "1")
L 12/20/2021 - 06:53:22: [basecommands.smx] "Console<0><Console><Console>" changed cvar (cvar "sv_client_cmdrate_difference") (value "0")
L 12/20/2021 - 06:53:22: [basecommands.smx] "Console<0><Console><Console>" changed cvar (cvar "sv_max_queries_sec_global") (value "10")
L 12/20/2021 - 06:53:22: [basecommands.smx] "Console<0><Console><Console>" changed cvar (cvar "sv_max_queries_sec") (value "3")
L 12/20/2021 - 06:53:22: [basecommands.smx] "Console<0><Console><Console>" changed cvar (cvar "sv_max_queries_window") (value "10")
L 12/20/2021 - 06:53:22: [basecommands.smx] "Console<0><Console><Console>" changed cvar (cvar "sv_player_stuck_tolerance") (value "5")
L 12/20/2021 - 06:53:22: [basecommands.smx] "Console<0><Console><Console>" changed cvar (cvar "sv_stats") (value "0")
L 12/20/2021 - 06:53:22: [basecommands.smx] "Console<0><Console><Console>" changed cvar (cvar "sv_clockcorrection_msecs") (value "25")
L 12/20/2021 - 06:53:22: [basecommands.smx] "Console<0><Console><Console>" changed cvar (cvar "tank_swing_physics_prop_force") (value "3")
L 12/20/2021 - 17:15:52: [optional/kether/l4d2_skill_detect.smx] Clear: 2 freed 3 from 1: time: 1.01 / 3.33 -- class: smoker (with shove? 1)
L 12/20/2021 - 17:17:37: [optional/kether/l4d2_skill_detect.smx] Clear: 7 freed 8 from 1: time: 0.35 / 3.33 -- class: smoker (with shove? 1)
L 12/20/2021 - 17:18:32: -------- Mapchange to c1m2_streets --------
L 12/20/2021 - 17:18:33: [basecommands.smx] "Console<0><Console><Console>" changed cvar (cvar "confogl_match_execcfg_plugins") (value "generalfixes.cfg;confogl_plugins.cfg;sharedplugins.cfg")
L 12/20/2021 - 17:18:33: [basecommands.smx] "Console<0><Console><Console>" changed cvar (cvar "l4d2_addons_eclipse") (value "0")
L 12/20/2021 - 17:18:33: [basecommands.smx] "Console<0><Console><Console>" changed cvar (cvar "sv_allow_wait_command") (value "0")
L 12/20/2021 - 17:18:33: [basecommands.smx] "Console<0><Console><Console>" changed cvar (cvar "sv_minrate") (value "108000")
L 12/20/2021 - 17:18:33: [basecommands.smx] "Console<0><Console><Console>" changed cvar (cvar "sv_maxrate") (value "108000")
L 12/20/2021 - 17:18:33: [basecommands.smx] "Console<0><Console><Console>" changed cvar (cvar "sv_mincmdrate") (value "108")
L 12/20/2021 - 17:18:33: [basecommands.smx] "Console<0><Console><Console>" changed cvar (cvar "sv_maxcmdrate") (value "108")
L 12/20/2021 - 17:18:33: [basecommands.smx] "Console<0><Console><Console>" changed cvar (cvar "sv_minupdaterate") (value "108")
L 12/20/2021 - 17:18:33: [basecommands.smx] "Console<0><Console><Console>" changed cvar (cvar "sv_maxupdaterate") (value "108")
L 12/20/2021 - 17:18:33: [basecommands.smx] "Console<0><Console><Console>" changed cvar (cvar "nb_update_frequency") (value "0.024")
L 12/20/2021 - 17:18:33: [basecommands.smx] "Console<0><Console><Console>" changed cvar (cvar "net_splitpacket_maxrate") (value "54000")
L 12/20/2021 - 17:18:33: [basecommands.smx] "Console<0><Console><Console>" changed cvar (cvar "sv_client_min_interp_ratio") (value "0")
L 12/20/2021 - 17:18:33: [basecommands.smx] "Console<0><Console><Console>" changed cvar (cvar "sv_client_max_interp_ratio") (value "2")
L 12/20/2021 - 17:18:33: [basecommands.smx] "Console<0><Console><Console>" changed cvar (cvar "fps_max") (value "200")
L 12/20/2021 - 17:18:33: [basecommands.smx] "Console<0><Console><Console>" changed cvar (cvar "mv_maxplayers") (value "16")
L 12/20/2021 - 17:18:33: [basecommands.smx] "Console<0><Console><Console>" changed cvar (cvar "sv_maxplayers") (value "16")
L 12/20/2021 - 17:18:33: [basecommands.smx] "Console<0><Console><Console>" changed cvar (cvar "sv_allowdownload") (value "1")
L 12/20/2021 - 17:18:33: [basecommands.smx] "Console<0><Console><Console>" changed cvar (cvar "l4d_nth_joininfected") (value "1")
L 12/20/2021 - 17:18:33: [basecommands.smx] "Console<0><Console><Console>" changed cvar (cvar "l4d_nth_joinsurvivors") (value "1")
L 12/20/2021 - 17:18:33: [basecommands.smx] "Console<0><Console><Console>" changed cvar (cvar "l4d_nth_kill") (value "0")
L 12/20/2021 - 17:18:33: [basecommands.smx] "Console<0><Console><Console>" changed cvar (cvar "l4d_nth_spectate") (value "1")
L 12/20/2021 - 17:18:33: [basecommands.smx] "Console<0><Console><Console>" changed cvar (cvar "l4d_nth_message") (value "0")
L 12/20/2021 - 17:18:33: [basecommands.smx] "Console<0><Console><Console>" changed cvar (cvar "l4d_nth_timerrepeat") (value "9999")
L 12/20/2021 - 17:18:33: [basecommands.smx] "Console<0><Console><Console>" changed cvar (cvar "vs_max_team_switches") (value "9999")
L 12/20/2021 - 17:18:33: [basecommands.smx] "Console<0><Console><Console>" changed cvar (cvar "mp_autoteambalance") (value "0")
L 12/20/2021 - 17:18:33: [basecommands.smx] "Console<0><Console><Console>" changed cvar (cvar "sv_unlag_fixstuck") (value "1")
L 12/20/2021 - 17:18:33: [basecommands.smx] "Console<0><Console><Console>" changed cvar (cvar "z_brawl_chance") (value "0")
L 12/20/2021 - 17:18:33: [basecommands.smx] "Console<0><Console><Console>" changed cvar (cvar "sv_maxunlag") (value "1")
L 12/20/2021 - 17:18:33: [basecommands.smx] "Console<0><Console><Console>" changed cvar (cvar "sv_forcepreload") (value "1")
L 12/20/2021 - 17:18:33: [basecommands.smx] "Console<0><Console><Console>" changed cvar (cvar "sv_client_predict") (value "1")
L 12/20/2021 - 17:18:33: [basecommands.smx] "Console<0><Console><Console>" changed cvar (cvar "sv_client_cmdrate_difference") (value "0")
L 12/20/2021 - 17:18:33: [basecommands.smx] "Console<0><Console><Console>" changed cvar (cvar "sv_max_queries_sec_global") (value "10")
L 12/20/2021 - 17:18:33: [basecommands.smx] "Console<0><Console><Console>" changed cvar (cvar "sv_max_queries_sec") (value "3")
L 12/20/2021 - 17:18:33: [basecommands.smx] "Console<0><Console><Console>" changed cvar (cvar "sv_max_queries_window") (value "10")
L 12/20/2021 - 17:18:33: [basecommands.smx] "Console<0><Console><Console>" changed cvar (cvar "sv_player_stuck_tolerance") (value "5")
L 12/20/2021 - 17:18:33: [basecommands.smx] "Console<0><Console><Console>" changed cvar (cvar "sv_stats") (value "0")
L 12/20/2021 - 17:18:33: [basecommands.smx] "Console<0><Console><Console>" changed cvar (cvar "sv_clockcorrection_msecs") (value "25")
L 12/20/2021 - 17:18:33: [basecommands.smx] "Console<0><Console><Console>" changed cvar (cvar "tank_swing_physics_prop_force") (value "3")
L 12/20/2021 - 17:19:19: SourceMod log file session started (file "/home/k26606_s20329/server_20329/left4dead2/addons/sourcemod/logs/L20211220.log") (Version "1.10.0.6494")
L 12/20/2021 - 17:19:19: [fixes/firebulletsfix.smx] Found offset for Weapon_ShootPosition 286
L 12/20/2021 - 17:19:21: [navmesh.smx] Found .NAV file in maps\c1m1_hotel.nav
L 12/20/2021 - 17:19:21: [navmesh.smx] Is mesh analyzed: 1
L 12/20/2021 - 17:19:21: [navmesh.smx] Nav version: 16; SubVersion: 14 (v10+); BSPSize: 32807960; MagicNumber: -17958194
L 12/20/2021 - 17:19:21: [navmesh.smx] Place count: 0
L 12/20/2021 - 17:19:21: [navmesh.smx] Has unnamed areas: true
L 12/20/2021 - 17:19:21: [navmesh.smx] Population type: c1streets
L 12/20/2021 - 17:19:21: [navmesh.smx] Area count: 1582
L 12/20/2021 - 17:19:21: [navmesh.smx] Parsed 1582 areas in 0.032453 seconds.
L 12/20/2021 - 17:19:21: [navmesh.smx] Ladder count: 0
L 12/20/2021 - 17:19:21: [basecommands.smx] "Console<0><Console><Console>" changed cvar (cvar "confogl_match_execcfg_plugins") (value "generalfixes.cfg;confogl_plugins.cfg;sharedplugins.cfg")
L 12/20/2021 - 17:19:21: [basecommands.smx] "Console<0><Console><Console>" changed cvar (cvar "l4d2_addons_eclipse") (value "0")
L 12/20/2021 - 17:19:21: [basecommands.smx] "Console<0><Console><Console>" changed cvar (cvar "sv_allow_wait_command") (value "0")
L 12/20/2021 - 17:19:21: [basecommands.smx] "Console<0><Console><Console>" changed cvar (cvar "sv_minrate") (value "108000")
L 12/20/2021 - 17:19:21: [basecommands.smx] "Console<0><Console><Console>" changed cvar (cvar "sv_maxrate") (value "108000")
L 12/20/2021 - 17:19:21: [basecommands.smx] "Console<0><Console><Console>" changed cvar (cvar "sv_mincmdrate") (value "108")
L 12/20/2021 - 17:19:21: [basecommands.smx] "Console<0><Console><Console>" changed cvar (cvar "sv_maxcmdrate") (value "108")
L 12/20/2021 - 17:19:21: [basecommands.smx] "Console<0><Console><Console>" changed cvar (cvar "sv_minupdaterate") (value "108")
L 12/20/2021 - 17:19:21: [basecommands.smx] "Console<0><Console><Console>" changed cvar (cvar "sv_maxupdaterate") (value "108")
L 12/20/2021 - 17:19:21: [basecommands.smx] "Console<0><Console><Console>" changed cvar (cvar "nb_update_frequency") (value "0.024")
L 12/20/2021 - 17:19:21: [basecommands.smx] "Console<0><Console><Console>" changed cvar (cvar "net_splitpacket_maxrate") (value "54000")
L 12/20/2021 - 17:19:21: [basecommands.smx] "Console<0><Console><Console>" changed cvar (cvar "sv_client_min_interp_ratio") (value "0")
L 12/20/2021 - 17:19:21: [basecommands.smx] "Console<0><Console><Console>" changed cvar (cvar "sv_client_max_interp_ratio") (value "2")
L 12/20/2021 - 17:19:21: [basecommands.smx] "Console<0><Console><Console>" changed cvar (cvar "fps_max") (value "200")
L 12/20/2021 - 17:19:21: [basecommands.smx] "Console<0><Console><Console>" changed cvar (cvar "mv_maxplayers") (value "16")
L 12/20/2021 - 17:19:21: [basecommands.smx] "Console<0><Console><Console>" changed cvar (cvar "sv_maxplayers") (value "16")
L 12/20/2021 - 17:19:21: [basecommands.smx] "Console<0><Console><Console>" changed cvar (cvar "sv_allowdownload") (value "1")
L 12/20/2021 - 17:19:21: [basecommands.smx] "Console<0><Console><Console>" changed cvar (cvar "vs_max_team_switches") (value "9999")
L 12/20/2021 - 17:19:21: [basecommands.smx] "Console<0><Console><Console>" changed cvar (cvar "mp_autoteambalance") (value "0")
L 12/20/2021 - 17:19:21: [basecommands.smx] "Console<0><Console><Console>" changed cvar (cvar "sv_unlag_fixstuck") (value "1")
L 12/20/2021 - 17:19:21: [basecommands.smx] "Console<0><Console><Console>" changed cvar (cvar "z_brawl_chance") (value "0")
L 12/20/2021 - 17:19:21: [basecommands.smx] "Console<0><Console><Console>" changed cvar (cvar "sv_maxunlag") (value "1")
L 12/20/2021 - 17:19:21: [basecommands.smx] "Console<0><Console><Console>" changed cvar (cvar "sv_forcepreload") (value "1")
L 12/20/2021 - 17:19:21: [basecommands.smx] "Console<0><Console><Console>" changed cvar (cvar "sv_client_predict") (value "1")
L 12/20/2021 - 17:19:21: [basecommands.smx] "Console<0><Console><Console>" changed cvar (cvar "sv_client_cmdrate_difference") (value "0")
L 12/20/2021 - 17:19:21: [basecommands.smx] "Console<0><Console><Console>" changed cvar (cvar "sv_max_queries_sec_global") (value "10")
L 12/20/2021 - 17:19:21: [basecommands.smx] "Console<0><Console><Console>" changed cvar (cvar "sv_max_queries_sec") (value "3")
L 12/20/2021 - 17:19:21: [basecommands.smx] "Console<0><Console><Console>" changed cvar (cvar "sv_max_queries_window") (value "10")
L 12/20/2021 - 17:19:21: [basecommands.smx] "Console<0><Console><Console>" changed cvar (cvar "sv_player_stuck_tolerance") (value "5")
L 12/20/2021 - 17:19:21: [basecommands.smx] "Console<0><Console><Console>" changed cvar (cvar "sv_stats") (value "0")
L 12/20/2021 - 17:19:21: [basecommands.smx] "Console<0><Console><Console>" changed cvar (cvar "sv_clockcorrection_msecs") (value "25")
L 12/20/2021 - 17:19:21: [basecommands.smx] "Console<0><Console><Console>" changed cvar (cvar "tank_swing_physics_prop_force") (value "3")
L 12/20/2021 - 17:19:21: [fixes/firebulletsfix.smx] Found offset for Weapon_ShootPosition 286
L 12/20/2021 - 17:19:26: -------- Mapchange to c1m1_hotel --------
L 12/20/2021 - 17:19:26: [basecommands.smx] "Console<0><Console><Console>" changed cvar (cvar "confogl_match_execcfg_plugins") (value "generalfixes.cfg;confogl_plugins.cfg;sharedplugins.cfg")
L 12/20/2021 - 17:19:26: [basecommands.smx] "Console<0><Console><Console>" changed cvar (cvar "l4d2_addons_eclipse") (value "0")
L 12/20/2021 - 17:19:26: [basecommands.smx] "Console<0><Console><Console>" changed cvar (cvar "sv_allow_wait_command") (value "0")
L 12/20/2021 - 17:19:26: [basecommands.smx] "Console<0><Console><Console>" changed cvar (cvar "sv_minrate") (value "108000")
L 12/20/2021 - 17:19:26: [basecommands.smx] "Console<0><Console><Console>" changed cvar (cvar "sv_maxrate") (value "108000")
L 12/20/2021 - 17:19:26: [basecommands.smx] "Console<0><Console><Console>" changed cvar (cvar "sv_mincmdrate") (value "108")
L 12/20/2021 - 17:19:26: [basecommands.smx] "Console<0><Console><Console>" changed cvar (cvar "sv_maxcmdrate") (value "108")
L 12/20/2021 - 17:19:26: [basecommands.smx] "Console<0><Console><Console>" changed cvar (cvar "sv_minupdaterate") (value "108")
L 12/20/2021 - 17:19:26: [basecommands.smx] "Console<0><Console><Console>" changed cvar (cvar "sv_maxupdaterate") (value "108")
L 12/20/2021 - 17:19:26: [basecommands.smx] "Console<0><Console><Console>" changed cvar (cvar "nb_update_frequency") (value "0.024")
L 12/20/2021 - 17:19:26: [basecommands.smx] "Console<0><Console><Console>" changed cvar (cvar "net_splitpacket_maxrate") (value "54000")
L 12/20/2021 - 17:19:26: [basecommands.smx] "Console<0><Console><Console>" changed cvar (cvar "sv_client_min_interp_ratio") (value "0")
L 12/20/2021 - 17:19:26: [basecommands.smx] "Console<0><Console><Console>" changed cvar (cvar "sv_client_max_interp_ratio") (value "2")
L 12/20/2021 - 17:19:26: [basecommands.smx] "Console<0><Console><Console>" changed cvar (cvar "fps_max") (value "200")
L 12/20/2021 - 17:19:26: [basecommands.smx] "Console<0><Console><Console>" changed cvar (cvar "mv_maxplayers") (value "16")
L 12/20/2021 - 17:19:26: [basecommands.smx] "Console<0><Console><Console>" changed cvar (cvar "sv_maxplayers") (value "16")
L 12/20/2021 - 17:19:26: [basecommands.smx] "Console<0><Console><Console>" changed cvar (cvar "sv_allowdownload") (value "1")
L 12/20/2021 - 17:19:26: [basecommands.smx] "Console<0><Console><Console>" changed cvar (cvar "l4d_nth_joininfected") (value "1")
L 12/20/2021 - 17:19:26: [basecommands.smx] "Console<0><Console><Console>" changed cvar (cvar "l4d_nth_joinsurvivors") (value "1")
L 12/20/2021 - 17:19:26: [basecommands.smx] "Console<0><Console><Console>" changed cvar (cvar "l4d_nth_kill") (value "0")
L 12/20/2021 - 17:19:26: [basecommands.smx] "Console<0><Console><Console>" changed cvar (cvar "l4d_nth_spectate") (value "1")
L 12/20/2021 - 17:19:26: [basecommands.smx] "Console<0><Console><Console>" changed cvar (cvar "l4d_nth_message") (value "0")
L 12/20/2021 - 17:19:26: [basecommands.smx] "Console<0><Console><Console>" changed cvar (cvar "l4d_nth_timerrepeat") (value "9999")
L 12/20/2021 - 17:19:26: [basecommands.smx] "Console<0><Console><Console>" changed cvar (cvar "vs_max_team_switches") (value "9999")
L 12/20/2021 - 17:19:26: [basecommands.smx] "Console<0><Console><Console>" changed cvar (cvar "mp_autoteambalance") (value "0")
L 12/20/2021 - 17:19:26: [basecommands.smx] "Console<0><Console><Console>" changed cvar (cvar "sv_unlag_fixstuck") (value "1")
L 12/20/2021 - 17:19:26: [basecommands.smx] "Console<0><Console><Console>" changed cvar (cvar "z_brawl_chance") (value "0")
L 12/20/2021 - 17:19:26: [basecommands.smx] "Console<0><Console><Console>" changed cvar (cvar "sv_maxunlag") (value "1")
L 12/20/2021 - 17:19:26: [basecommands.smx] "Console<0><Console><Console>" changed cvar (cvar "sv_forcepreload") (value "1")
L 12/20/2021 - 17:19:26: [basecommands.smx] "Console<0><Console><Console>" changed cvar (cvar "sv_client_predict") (value "1")
L 12/20/2021 - 17:19:26: [basecommands.smx] "Console<0><Console><Console>" changed cvar (cvar "sv_client_cmdrate_difference") (value "0")
L 12/20/2021 - 17:19:26: [basecommands.smx] "Console<0><Console><Console>" changed cvar (cvar "sv_max_queries_sec_global") (value "10")
L 12/20/2021 - 17:19:26: [basecommands.smx] "Console<0><Console><Console>" changed cvar (cvar "sv_max_queries_sec") (value "3")
L 12/20/2021 - 17:19:26: [basecommands.smx] "Console<0><Console><Console>" changed cvar (cvar "sv_max_queries_window") (value "10")
L 12/20/2021 - 17:19:26: [basecommands.smx] "Console<0><Console><Console>" changed cvar (cvar "sv_player_stuck_tolerance") (value "5")
L 12/20/2021 - 17:19:26: [basecommands.smx] "Console<0><Console><Console>" changed cvar (cvar "sv_stats") (value "0")
L 12/20/2021 - 17:19:26: [basecommands.smx] "Console<0><Console><Console>" changed cvar (cvar "sv_clockcorrection_msecs") (value "25")
L 12/20/2021 - 17:19:26: [basecommands.smx] "Console<0><Console><Console>" changed cvar (cvar "tank_swing_physics_prop_force") (value "3")
L 12/20/2021 - 20:19:32: -------- Mapchange to c2m1_highway --------
L 12/20/2021 - 20:19:33: [basecommands.smx] "Console<0><Console><Console>" changed cvar (cvar "confogl_match_execcfg_plugins") (value "generalfixes.cfg;confogl_plugins.cfg;sharedplugins.cfg")
L 12/20/2021 - 20:19:33: [basecommands.smx] "Console<0><Console><Console>" changed cvar (cvar "l4d2_addons_eclipse") (value "0")
L 12/20/2021 - 20:19:33: [basecommands.smx] "Console<0><Console><Console>" changed cvar (cvar "sv_allow_wait_command") (value "0")
L 12/20/2021 - 20:19:33: [basecommands.smx] "Console<0><Console><Console>" changed cvar (cvar "sv_minrate") (value "108000")
L 12/20/2021 - 20:19:33: [basecommands.smx] "Console<0><Console><Console>" changed cvar (cvar "sv_maxrate") (value "108000")
L 12/20/2021 - 20:19:33: [basecommands.smx] "Console<0><Console><Console>" changed cvar (cvar "sv_mincmdrate") (value "108")
L 12/20/2021 - 20:19:33: [basecommands.smx] "Console<0><Console><Console>" changed cvar (cvar "sv_maxcmdrate") (value "108")
L 12/20/2021 - 20:19:33: [basecommands.smx] "Console<0><Console><Console>" changed cvar (cvar "sv_minupdaterate") (value "108")
L 12/20/2021 - 20:19:33: [basecommands.smx] "Console<0><Console><Console>" changed cvar (cvar "sv_maxupdaterate") (value "108")
L 12/20/2021 - 20:19:33: [basecommands.smx] "Console<0><Console><Console>" changed cvar (cvar "nb_update_frequency") (value "0.024")
L 12/20/2021 - 20:19:33: [basecommands.smx] "Console<0><Console><Console>" changed cvar (cvar "net_splitpacket_maxrate") (value "54000")
L 12/20/2021 - 20:19:33: [basecommands.smx] "Console<0><Console><Console>" changed cvar (cvar "sv_client_min_interp_ratio") (value "0")
L 12/20/2021 - 20:19:33: [basecommands.smx] "Console<0><Console><Console>" changed cvar (cvar "sv_client_max_interp_ratio") (value "2")
L 12/20/2021 - 20:19:33: [basecommands.smx] "Console<0><Console><Console>" changed cvar (cvar "fps_max") (value "200")
L 12/20/2021 - 20:19:33: [basecommands.smx] "Console<0><Console><Console>" changed cvar (cvar "mv_maxplayers") (value "16")
L 12/20/2021 - 20:19:33: [basecommands.smx] "Console<0><Console><Console>" changed cvar (cvar "sv_maxplayers") (value "16")
L 12/20/2021 - 20:19:33: [basecommands.smx] "Console<0><Console><Console>" changed cvar (cvar "sv_allowdownload") (value "1")
L 12/20/2021 - 20:19:33: [basecommands.smx] "Console<0><Console><Console>" changed cvar (cvar "l4d_nth_joininfected") (value "1")
L 12/20/2021 - 20:19:33: [basecommands.smx] "Console<0><Console><Console>" changed cvar (cvar "l4d_nth_joinsurvivors") (value "1")
L 12/20/2021 - 20:19:33: [basecommands.smx] "Console<0><Console><Console>" changed cvar (cvar "l4d_nth_kill") (value "0")
L 12/20/2021 - 20:19:33: [basecommands.smx] "Console<0><Console><Console>" changed cvar (cvar "l4d_nth_spectate") (value "1")
L 12/20/2021 - 20:19:33: [basecommands.smx] "Console<0><Console><Console>" changed cvar (cvar "l4d_nth_message") (value "0")
L 12/20/2021 - 20:19:33: [basecommands.smx] "Console<0><Console><Console>" changed cvar (cvar "l4d_nth_timerrepeat") (value "9999")
L 12/20/2021 - 20:19:33: [basecommands.smx] "Console<0><Console><Console>" changed cvar (cvar "vs_max_team_switches") (value "9999")
L 12/20/2021 - 20:19:33: [basecommands.smx] "Console<0><Console><Console>" changed cvar (cvar "mp_autoteambalance") (value "0")
L 12/20/2021 - 20:19:33: [basecommands.smx] "Console<0><Console><Console>" changed cvar (cvar "sv_unlag_fixstuck") (value "1")
L 12/20/2021 - 20:19:33: [basecommands.smx] "Console<0><Console><Console>" changed cvar (cvar "z_brawl_chance") (value "0")
L 12/20/2021 - 20:19:33: [basecommands.smx] "Console<0><Console><Console>" changed cvar (cvar "sv_maxunlag") (value "1")
L 12/20/2021 - 20:19:33: [basecommands.smx] "Console<0><Console><Console>" changed cvar (cvar "sv_forcepreload") (value "1")
L 12/20/2021 - 20:19:33: [basecommands.smx] "Console<0><Console><Console>" changed cvar (cvar "sv_client_predict") (value "1")
L 12/20/2021 - 20:19:33: [basecommands.smx] "Console<0><Console><Console>" changed cvar (cvar "sv_client_cmdrate_difference") (value "0")
L 12/20/2021 - 20:19:33: [basecommands.smx] "Console<0><Console><Console>" changed cvar (cvar "sv_max_queries_sec_global") (value "10")
L 12/20/2021 - 20:19:33: [basecommands.smx] "Console<0><Console><Console>" changed cvar (cvar "sv_max_queries_sec") (value "3")
L 12/20/2021 - 20:19:33: [basecommands.smx] "Console<0><Console><Console>" changed cvar (cvar "sv_max_queries_window") (value "10")
L 12/20/2021 - 20:19:33: [basecommands.smx] "Console<0><Console><Console>" changed cvar (cvar "sv_player_stuck_tolerance") (value "5")
L 12/20/2021 - 20:19:33: [basecommands.smx] "Console<0><Console><Console>" changed cvar (cvar "sv_stats") (value "0")
L 12/20/2021 - 20:19:33: [basecommands.smx] "Console<0><Console><Console>" changed cvar (cvar "sv_clockcorrection_msecs") (value "25")
L 12/20/2021 - 20:19:33: [basecommands.smx] "Console<0><Console><Console>" changed cvar (cvar "tank_swing_physics_prop_force") (value "3")
L 12/20/2021 - 20:24:19: [optional/kether/l4d2_skill_detect.smx] Clear: 9 freed 6 from 8: time: -1.00 / 2.35 -- class: smoker (with shove? 0)
L 12/20/2021 - 20:25:19: [optional/kether/l4d2_skill_detect.smx] Clear: 2 freed 4 from 8: time: 3.80 / -1.00 -- class: jockey (with shove? 0)
L 12/20/2021 - 20:25:43: [optional/kether/l4d2_skill_detect.smx] Clear: 6 freed 2 from 3: time: 0.80 / -1.00 -- class: hunter (with shove? 0)
L 12/20/2021 - 20:27:34: [optional/kether/l4d2_skill_detect.smx] Clear: 9 freed 2 from 8: time: 7.31 / -1.00 -- class: hunter (with shove? 0)
L 12/20/2021 - 20:28:17: [optional/kether/l4d2_skill_detect.smx] Clear: 9 freed 2 from 8: time: 0.97 / -1.00 -- class: jockey (with shove? 0)
L 12/20/2021 - 20:28:19: [optional/kether/l4d2_skill_detect.smx] Clear: 2 freed 9 from 1: time: -1.00 / 1.57 -- class: smoker (with shove? 1)
L 12/20/2021 - 20:29:00: [optional/kether/l4d2_skill_detect.smx] Clear: 6 freed 4 from 7: time: 2.02 / -1.00 -- class: hunter (with shove? 0)
L 12/20/2021 - 20:30:34: [optional/kether/l4d2_skill_detect.smx] Charge carry start: 1 - 6 -- time: 661.00
L 12/20/2021 - 20:30:39: [optional/kether/l4d2_skill_detect.smx] Clear: 9 freed 6 from 1: time: 1.62 / 4.64 -- class: charger (with shove? 0)
L 12/20/2021 - 20:30:39: [optional/kether/l4d2_skill_detect.smx] Checking charge victim: 1 - 6 - flags: 1 (alive? 1)
L 12/20/2021 - 20:31:00: [optional/kether/l4d2_skill_detect.smx] Witch Crown Check: crown shot: 894, harrassed: 0 (full health: 1000 / drawthresh: 500 / oneshot 0)
L 12/20/2021 - 20:31:34: [optional/kether/l4d2_skill_detect.smx] Charge carry start: 8 - 6 -- time: 721.14
L 12/20/2021 - 20:31:37: [optional/kether/l4d2_skill_detect.smx] Clear: 2 freed 6 from 8: time: 0.79 / 2.76 -- class: charger (with shove? 0)
L 12/20/2021 - 20:31:38: [optional/kether/l4d2_skill_detect.smx] Checking charge victim: 8 - 6 - flags: 1 (alive? 1)
L 12/20/2021 - 20:32:14: [optional/kether/l4d2_skill_detect.smx] Clear: 6 freed 2 from 8: time: 0.51 / -1.00 -- class: jockey (with shove? 0)
L 12/20/2021 - 20:32:24: [optional/kether/l4d2_skill_detect.smx] Clear: 4 freed 2 from 7: time: 1.15 / -1.00 -- class: hunter (with shove? 0)
L 12/20/2021 - 20:33:55: [optional/kether/l4d2_skill_detect.smx] Clear: 2 freed 9 from 3: time: -1.00 / 2.08 -- class: smoker (with shove? 1)
L 12/20/2021 - 20:33:59: [optional/kether/l4d2_skill_detect.smx] Clear: 2 freed 6 from 8: time: 2.06 / -1.00 -- class: hunter (with shove? 0)
L 12/20/2021 - 20:34:02: [optional/kether/l4d2_skill_detect.smx] Charge carry start: 1 - 9 -- time: 868.84
L 12/20/2021 - 20:34:06: [optional/kether/l4d2_skill_detect.smx] Checking charge victim: 1 - 9 - flags: 1 (alive? 1)
L 12/20/2021 - 20:34:07: [optional/kether/l4d2_skill_detect.smx] Clear: 2 freed 9 from 1: time: 3.24 / 5.25 -- class: charger (with shove? 0)
L 12/20/2021 - 20:37:34: [optional/kether/l4d2_skill_detect.smx] Clear: 8 freed 3 from 2: time: 0.91 / -1.00 -- class: hunter (with shove? 0)
L 12/20/2021 - 20:38:26: [optional/kether/l4d2_skill_detect.smx] Clear: 1 freed 7 from 6: time: 1.81 / -1.00 -- class: jockey (with shove? 0)
L 12/20/2021 - 20:40:01: [optional/kether/l4d2_skill_detect.smx] Clear: 1 freed 3 from 6: time: 1.50 / -1.00 -- class: hunter (with shove? 0)
L 12/20/2021 - 20:40:19: [optional/kether/l4d2_skill_detect.smx] Charge carry start: 4 - 1 -- time: 1199.98
L 12/20/2021 - 20:40:23: [optional/kether/l4d2_skill_detect.smx] Checking charge victim: 4 - 1 - flags: 1 (alive? 1)
L 12/20/2021 - 20:40:23: [optional/kether/l4d2_skill_detect.smx] Clear: 7 freed 1 from 4: time: 2.68 / 3.71 -- class: charger (with shove? 0)
L 12/20/2021 - 20:41:18: -------- Mapchange to c2m2_fairgrounds --------
L 12/20/2021 - 20:41:19: [basecommands.smx] "Console<0><Console><Console>" changed cvar (cvar "confogl_match_execcfg_plugins") (value "generalfixes.cfg;confogl_plugins.cfg;sharedplugins.cfg")
L 12/20/2021 - 20:41:19: [basecommands.smx] "Console<0><Console><Console>" changed cvar (cvar "l4d2_addons_eclipse") (value "0")
L 12/20/2021 - 20:41:19: [basecommands.smx] "Console<0><Console><Console>" changed cvar (cvar "sv_allow_wait_command") (value "0")
L 12/20/2021 - 20:41:19: [basecommands.smx] "Console<0><Console><Console>" changed cvar (cvar "sv_minrate") (value "108000")
L 12/20/2021 - 20:41:19: [basecommands.smx] "Console<0><Console><Console>" changed cvar (cvar "sv_maxrate") (value "108000")
L 12/20/2021 - 20:41:19: [basecommands.smx] "Console<0><Console><Console>" changed cvar (cvar "sv_mincmdrate") (value "108")
L 12/20/2021 - 20:41:19: [basecommands.smx] "Console<0><Console><Console>" changed cvar (cvar "sv_maxcmdrate") (value "108")
L 12/20/2021 - 20:41:19: [basecommands.smx] "Console<0><Console><Console>" changed cvar (cvar "sv_minupdaterate") (value "108")
L 12/20/2021 - 20:41:19: [basecommands.smx] "Console<0><Console><Console>" changed cvar (cvar "sv_maxupdaterate") (value "108")
L 12/20/2021 - 20:41:19: [basecommands.smx] "Console<0><Console><Console>" changed cvar (cvar "nb_update_frequency") (value "0.024")
L 12/20/2021 - 20:41:19: [basecommands.smx] "Console<0><Console><Console>" changed cvar (cvar "net_splitpacket_maxrate") (value "54000")
L 12/20/2021 - 20:41:19: [basecommands.smx] "Console<0><Console><Console>" changed cvar (cvar "sv_client_min_interp_ratio") (value "0")
L 12/20/2021 - 20:41:19: [basecommands.smx] "Console<0><Console><Console>" changed cvar (cvar "sv_client_max_interp_ratio") (value "2")
L 12/20/2021 - 20:41:19: [basecommands.smx] "Console<0><Console><Console>" changed cvar (cvar "fps_max") (value "200")
L 12/20/2021 - 20:41:19: [basecommands.smx] "Console<0><Console><Console>" changed cvar (cvar "mv_maxplayers") (value "16")
L 12/20/2021 - 20:41:19: [basecommands.smx] "Console<0><Console><Console>" changed cvar (cvar "sv_maxplayers") (value "16")
L 12/20/2021 - 20:41:19: [basecommands.smx] "Console<0><Console><Console>" changed cvar (cvar "sv_allowdownload") (value "1")
L 12/20/2021 - 20:41:19: [basecommands.smx] "Console<0><Console><Console>" changed cvar (cvar "l4d_nth_joininfected") (value "1")
L 12/20/2021 - 20:41:19: [basecommands.smx] "Console<0><Console><Console>" changed cvar (cvar "l4d_nth_joinsurvivors") (value "1")
L 12/20/2021 - 20:41:19: [basecommands.smx] "Console<0><Console><Console>" changed cvar (cvar "l4d_nth_kill") (value "0")
L 12/20/2021 - 20:41:19: [basecommands.smx] "Console<0><Console><Console>" changed cvar (cvar "l4d_nth_spectate") (value "1")
L 12/20/2021 - 20:41:19: [basecommands.smx] "Console<0><Console><Console>" changed cvar (cvar "l4d_nth_message") (value "0")
L 12/20/2021 - 20:41:19: [basecommands.smx] "Console<0><Console><Console>" changed cvar (cvar "l4d_nth_timerrepeat") (value "9999")
L 12/20/2021 - 20:41:19: [basecommands.smx] "Console<0><Console><Console>" changed cvar (cvar "vs_max_team_switches") (value "9999")
L 12/20/2021 - 20:41:19: [basecommands.smx] "Console<0><Console><Console>" changed cvar (cvar "mp_autoteambalance") (value "0")
L 12/20/2021 - 20:41:19: [basecommands.smx] "Console<0><Console><Console>" changed cvar (cvar "sv_unlag_fixstuck") (value "1")
L 12/20/2021 - 20:41:19: [basecommands.smx] "Console<0><Console><Console>" changed cvar (cvar "z_brawl_chance") (value "0")
L 12/20/2021 - 20:41:19: [basecommands.smx] "Console<0><Console><Console>" changed cvar (cvar "sv_maxunlag") (value "1")
L 12/20/2021 - 20:41:19: [basecommands.smx] "Console<0><Console><Console>" changed cvar (cvar "sv_forcepreload") (value "1")
L 12/20/2021 - 20:41:19: [basecommands.smx] "Console<0><Console><Console>" changed cvar (cvar "sv_client_predict") (value "1")
L 12/20/2021 - 20:41:19: [basecommands.smx] "Console<0><Console><Console>" changed cvar (cvar "sv_client_cmdrate_difference") (value "0")
L 12/20/2021 - 20:41:19: [basecommands.smx] "Console<0><Console><Console>" changed cvar (cvar "sv_max_queries_sec_global") (value "10")
L 12/20/2021 - 20:41:19: [basecommands.smx] "Console<0><Console><Console>" changed cvar (cvar "sv_max_queries_sec") (value "3")
L 12/20/2021 - 20:41:19: [basecommands.smx] "Console<0><Console><Console>" changed cvar (cvar "sv_max_queries_window") (value "10")
L 12/20/2021 - 20:41:19: [basecommands.smx] "Console<0><Console><Console>" changed cvar (cvar "sv_player_stuck_tolerance") (value "5")
L 12/20/2021 - 20:41:19: [basecommands.smx] "Console<0><Console><Console>" changed cvar (cvar "sv_stats") (value "0")
L 12/20/2021 - 20:41:19: [basecommands.smx] "Console<0><Console><Console>" changed cvar (cvar "sv_clockcorrection_msecs") (value "25")
L 12/20/2021 - 20:41:19: [basecommands.smx] "Console<0><Console><Console>" changed cvar (cvar "tank_swing_physics_prop_force") (value "3")
L 12/20/2021 - 20:43:14: [optional/kether/l4d2_skill_detect.smx] Clear: 9 freed 4 from 7: time: 0.91 / -1.00 -- class: hunter (with shove? 0)
L 12/20/2021 - 20:43:19: [optional/kether/l4d2_skill_detect.smx] Clear: 9 freed 2 from 8: time: 0.90 / -1.00 -- class: jockey (with shove? 1)
L 12/20/2021 - 20:43:51: [optional/kether/l4d2_skill_detect.smx] Clear: 2 freed 4 from 7: time: -1.00 / 2.67 -- class: smoker (with shove? 0)
L 12/20/2021 - 20:44:12: [optional/kether/l4d2_skill_detect.smx] Clear: 2 freed 9 from 8: time: 0.42 / -1.00 -- class: hunter (with shove? 0)
L 12/20/2021 - 20:44:32: [optional/kether/l4d2_skill_detect.smx] Witch Crown Check: crown shot: 944, harrassed: 0 (full health: 1000 / drawthresh: 500 / oneshot 1)
L 12/20/2021 - 20:45:12: [optional/kether/l4d2_skill_detect.smx] Clear: 2 freed 9 from 8: time: -1.00 / 2.49 -- class: smoker (with shove? 0)
L 12/20/2021 - 20:45:53: [optional/kether/l4d2_skill_detect.smx] Clear: 6 freed 2 from 3: time: 1.69 / -1.00 -- class: hunter (with shove? 0)
L 12/20/2021 - 20:47:07: [optional/kether/l4d2_skill_detect.smx] Clear: 2 freed 6 from 3: time: 0.82 / 4.11 -- class: smoker (with shove? 0)
L 12/20/2021 - 20:47:13: [optional/kether/l4d2_skill_detect.smx] Clear: 2 freed 9 from 1: time: 1.23 / -1.00 -- class: hunter (with shove? 0)
L 12/20/2021 - 20:47:17: [optional/kether/l4d2_skill_detect.smx] Clear: 2 freed 6 from 8: time: 2.27 / -1.00 -- class: jockey (with shove? 0)
L 12/20/2021 - 20:48:24: [optional/kether/l4d2_skill_detect.smx] Charge carry start: 7 - 9 -- time: 425.50
L 12/20/2021 - 20:48:29: [optional/kether/l4d2_skill_detect.smx] Checking charge victim: 7 - 9 - flags: 1 (alive? 1)
L 12/20/2021 - 20:48:31: [optional/kether/l4d2_skill_detect.smx] Clear: 2 freed 9 from 7: time: 4.34 / 7.27 -- class: charger (with shove? 0)
L 12/20/2021 - 20:49:25: [optional/kether/l4d2_skill_detect.smx] Clear: 6 freed 10 from 3: time: -1.00 / 0.78 -- class: smoker (with shove? 0)
L 12/20/2021 - 20:49:26: [optional/kether/l4d2_skill_detect.smx] Charge carry start: 1 - 10 -- time: 487.63
L 12/20/2021 - 20:49:31: [optional/kether/l4d2_skill_detect.smx] Checking charge victim: 1 - 10 - flags: 1 (alive? 1)
L 12/20/2021 - 20:49:43: [optional/kether/l4d2_skill_detect.smx] Clear: 9 freed 10 from 1: time: 13.97 / 17.12 -- class: charger (with shove? 0)
L 12/20/2021 - 20:49:54: [optional/kether/l4d2_skill_detect.smx] Clear: 9 freed 10 from 7: time: 3.68 / -1.00 -- class: hunter (with shove? 0)
L 12/20/2021 - 20:51:33: [optional/kether/l4d2_skill_detect.smx] Clear: 7 freed 3 from 2: time: 1.38 / -1.00 -- class: hunter (with shove? 1)
L 12/20/2021 - 20:51:33: [optional/kether/l4d2_skill_detect.smx] Charge carry start: 10 - 1 -- time: 614.76
L 12/20/2021 - 20:51:37: [optional/kether/l4d2_skill_detect.smx] Checking charge victim: 10 - 1 - flags: 1 (alive? 1)
L 12/20/2021 - 20:51:37: [optional/kether/l4d2_skill_detect.smx] Checking charge victim: 10 - 8 - flags: 0 (alive? 1)
L 12/20/2021 - 20:51:38: [optional/kether/l4d2_skill_detect.smx] Clear: 7 freed 1 from 10: time: 3.72 / 4.73 -- class: charger (with shove? 0)
L 12/20/2021 - 20:51:39: [optional/kether/l4d2_skill_detect.smx] Clear: 1 freed 3 from 2: time: 3.34 / -1.00 -- class: hunter (with shove? 0)
L 12/20/2021 - 20:52:20: [optional/kether/l4d2_skill_detect.smx] Clear: 3 freed 8 from 6: time: -1.00 / 2.70 -- class: smoker (with shove? 0)
L 12/20/2021 - 20:52:37: [optional/kether/l4d2_skill_detect.smx] Clear: 1 freed 8 from 6: time: -1.00 / 2.55 -- class: smoker (with shove? 0)
L 12/20/2021 - 20:52:48: [optional/kether/l4d2_skill_detect.smx] Charge carry start: 9 - 8 -- time: 689.62
L 12/20/2021 - 20:52:52: [optional/kether/l4d2_skill_detect.smx] Checking charge victim: 9 - 8 - flags: 1 (alive? 1)
L 12/20/2021 - 20:52:52: [optional/kether/l4d2_skill_detect.smx] Clear: 1 freed 8 from 9: time: 2.15 / 3.38 -- class: charger (with shove? 0)
L 12/20/2021 - 20:53:17: [optional/kether/l4d2_skill_detect.smx] Clear: 8 freed 1 from 2: time: 1.16 / -1.00 -- class: jockey (with shove? 1)
L 12/20/2021 - 20:53:22: [optional/kether/l4d2_skill_detect.smx] Clear: 1 freed 7 from 9: time: 0.91 / -1.00 -- class: hunter (with shove? 0)
L 12/20/2021 - 20:53:55: [optional/kether/l4d2_skill_detect.smx] Charge carry start: 10 - 7 -- time: 756.69
L 12/20/2021 - 20:53:55: [optional/kether/l4d2_skill_detect.smx] Clear: 7 freed 7 from 10: time: 0.00 / 0.00 -- class: charger (with shove? 0)
L 12/20/2021 - 20:53:58: [optional/kether/l4d2_skill_detect.smx] Checking charge victim: 10 - 7 - flags: 1 (alive? 1)
L 12/20/2021 - 20:54:05: [optional/kether/l4d2_skill_detect.smx] Clear: 1 freed 8 from 2: time: -1.00 / 1.14 -- class: smoker (with shove? 0)
L 12/20/2021 - 20:54:34: [optional/kether/l4d2_skill_detect.smx] Clear: 7 freed 1 from 10: time: 0.98 / -1.00 -- class: jockey (with shove? 0)
L 12/20/2021 - 20:54:35: [optional/kether/l4d2_skill_detect.smx] Charge carry start: 9 - 1 -- time: 796.80
L 12/20/2021 - 20:54:38: [optional/kether/l4d2_skill_detect.smx] Clear: 8 freed 1 from 9: time: 1.09 / 2.38 -- class: charger (with shove? 0)
L 12/20/2021 - 20:54:39: [optional/kether/l4d2_skill_detect.smx] Checking charge victim: 9 - 1 - flags: 1 (alive? 1)
L 12/20/2021 - 20:55:39: [optional/kether/l4d2_skill_detect.smx] Clear: 8 freed 1 from 6: time: 10.41 / -1.00 -- class: jockey (with shove? 0)
L 12/20/2021 - 20:55:45: [optional/kether/l4d2_skill_detect.smx] Charge carry start: 10 - 7 -- time: 866.64
L 12/20/2021 - 20:55:49: [optional/kether/l4d2_skill_detect.smx] Checking charge victim: 10 - 7 - flags: 1 (alive? 1)
L 12/20/2021 - 20:56:18: [optional/kether/l4d2_skill_detect.smx] Clear: 8 freed 7 from 6: time: 1.03 / 5.87 -- class: smoker (with shove? 0)
L 12/20/2021 - 20:56:52: -------- Mapchange to c2m3_coaster --------
L 12/20/2021 - 20:56:54: [basecommands.smx] "Console<0><Console><Console>" changed cvar (cvar "confogl_match_execcfg_plugins") (value "generalfixes.cfg;confogl_plugins.cfg;sharedplugins.cfg")
L 12/20/2021 - 20:56:54: [basecommands.smx] "Console<0><Console><Console>" changed cvar (cvar "l4d2_addons_eclipse") (value "0")
L 12/20/2021 - 20:56:54: [basecommands.smx] "Console<0><Console><Console>" changed cvar (cvar "sv_allow_wait_command") (value "0")
L 12/20/2021 - 20:56:54: [basecommands.smx] "Console<0><Console><Console>" changed cvar (cvar "sv_minrate") (value "108000")
L 12/20/2021 - 20:56:54: [basecommands.smx] "Console<0><Console><Console>" changed cvar (cvar "sv_maxrate") (value "108000")
L 12/20/2021 - 20:56:54: [basecommands.smx] "Console<0><Console><Console>" changed cvar (cvar "sv_mincmdrate") (value "108")
L 12/20/2021 - 20:56:54: [basecommands.smx] "Console<0><Console><Console>" changed cvar (cvar "sv_maxcmdrate") (value "108")
L 12/20/2021 - 20:56:54: [basecommands.smx] "Console<0><Console><Console>" changed cvar (cvar "sv_minupdaterate") (value "108")
L 12/20/2021 - 20:56:54: [basecommands.smx] "Console<0><Console><Console>" changed cvar (cvar "sv_maxupdaterate") (value "108")
L 12/20/2021 - 20:56:54: [basecommands.smx] "Console<0><Console><Console>" changed cvar (cvar "nb_update_frequency") (value "0.024")
L 12/20/2021 - 20:56:54: [basecommands.smx] "Console<0><Console><Console>" changed cvar (cvar "net_splitpacket_maxrate") (value "54000")
L 12/20/2021 - 20:56:54: [basecommands.smx] "Console<0><Console><Console>" changed cvar (cvar "sv_client_min_interp_ratio") (value "0")
L 12/20/2021 - 20:56:54: [basecommands.smx] "Console<0><Console><Console>" changed cvar (cvar "sv_client_max_interp_ratio") (value "2")
L 12/20/2021 - 20:56:54: [basecommands.smx] "Console<0><Console><Console>" changed cvar (cvar "fps_max") (value "200")
L 12/20/2021 - 20:56:54: [basecommands.smx] "Console<0><Console><Console>" changed cvar (cvar "mv_maxplayers") (value "16")
L 12/20/2021 - 20:56:54: [basecommands.smx] "Console<0><Console><Console>" changed cvar (cvar "sv_maxplayers") (value "16")
L 12/20/2021 - 20:56:54: [basecommands.smx] "Console<0><Console><Console>" changed cvar (cvar "sv_allowdownload") (value "1")
L 12/20/2021 - 20:56:54: [basecommands.smx] "Console<0><Console><Console>" changed cvar (cvar "l4d_nth_joininfected") (value "1")
L 12/20/2021 - 20:56:54: [basecommands.smx] "Console<0><Console><Console>" changed cvar (cvar "l4d_nth_joinsurvivors") (value "1")
L 12/20/2021 - 20:56:54: [basecommands.smx] "Console<0><Console><Console>" changed cvar (cvar "l4d_nth_kill") (value "0")
L 12/20/2021 - 20:56:54: [basecommands.smx] "Console<0><Console><Console>" changed cvar (cvar "l4d_nth_spectate") (value "1")
L 12/20/2021 - 20:56:54: [basecommands.smx] "Console<0><Console><Console>" changed cvar (cvar "l4d_nth_message") (value "0")
L 12/20/2021 - 20:56:54: [basecommands.smx] "Console<0><Console><Console>" changed cvar (cvar "l4d_nth_timerrepeat") (value "9999")
L 12/20/2021 - 20:56:54: [basecommands.smx] "Console<0><Console><Console>" changed cvar (cvar "vs_max_team_switches") (value "9999")
L 12/20/2021 - 20:56:54: [basecommands.smx] "Console<0><Console><Console>" changed cvar (cvar "mp_autoteambalance") (value "0")
L 12/20/2021 - 20:56:54: [basecommands.smx] "Console<0><Console><Console>" changed cvar (cvar "sv_unlag_fixstuck") (value "1")
L 12/20/2021 - 20:56:54: [basecommands.smx] "Console<0><Console><Console>" changed cvar (cvar "z_brawl_chance") (value "0")
L 12/20/2021 - 20:56:54: [basecommands.smx] "Console<0><Console><Console>" changed cvar (cvar "sv_maxunlag") (value "1")
L 12/20/2021 - 20:56:54: [basecommands.smx] "Console<0><Console><Console>" changed cvar (cvar "sv_forcepreload") (value "1")
L 12/20/2021 - 20:56:54: [basecommands.smx] "Console<0><Console><Console>" changed cvar (cvar "sv_client_predict") (value "1")
L 12/20/2021 - 20:56:54: [basecommands.smx] "Console<0><Console><Console>" changed cvar (cvar "sv_client_cmdrate_difference") (value "0")
L 12/20/2021 - 20:56:54: [basecommands.smx] "Console<0><Console><Console>" changed cvar (cvar "sv_max_queries_sec_global") (value "10")
L 12/20/2021 - 20:56:54: [basecommands.smx] "Console<0><Console><Console>" changed cvar (cvar "sv_max_queries_sec") (value "3")
L 12/20/2021 - 20:56:54: [basecommands.smx] "Console<0><Console><Console>" changed cvar (cvar "sv_max_queries_window") (value "10")
L 12/20/2021 - 20:56:54: [basecommands.smx] "Console<0><Console><Console>" changed cvar (cvar "sv_player_stuck_tolerance") (value "5")
L 12/20/2021 - 20:56:54: [basecommands.smx] "Console<0><Console><Console>" changed cvar (cvar "sv_stats") (value "0")
L 12/20/2021 - 20:56:54: [basecommands.smx] "Console<0><Console><Console>" changed cvar (cvar "sv_clockcorrection_msecs") (value "25")
L 12/20/2021 - 20:56:54: [basecommands.smx] "Console<0><Console><Console>" changed cvar (cvar "tank_swing_physics_prop_force") (value "3")
L 12/20/2021 - 20:58:39: [optional/kether/l4d2_skill_detect.smx] Clear: 6 freed 10 from 14: time: -1.00 / 2.46 -- class: smoker (with shove? 0)
L 12/20/2021 - 20:58:41: [optional/kether/l4d2_skill_detect.smx] Charge carry start: 5 - 10 -- time: 107.23
L 12/20/2021 - 20:58:44: [optional/kether/l4d2_skill_detect.smx] Checking charge victim: 5 - 10 - flags: 1 (alive? 1)
L 12/20/2021 - 20:58:46: [optional/kether/l4d2_skill_detect.smx] Clear: 2 freed 10 from 5: time: 3.33 / 5.16 -- class: charger (with shove? 0)
L 12/20/2021 - 20:59:19: [optional/kether/l4d2_skill_detect.smx] Clear: 9 freed 2 from 8: time: 1.45 / -1.00 -- class: hunter (with shove? 0)
L 12/20/2021 - 20:59:23: [optional/kether/l4d2_skill_detect.smx] Clear: 2 freed 9 from 5: time: 0.81 / -1.00 -- class: jockey (with shove? 1)
L 12/20/2021 - 21:00:03: [optional/kether/l4d2_skill_detect.smx] Clear: 2 freed 6 from 5: time: 4.25 / -1.00 -- class: hunter (with shove? 0)
L 12/20/2021 - 21:01:30: [optional/kether/l4d2_skill_detect.smx] Clear: 2 freed 9 from 8: time: 1.50 / -1.00 -- class: hunter (with shove? 0)
L 12/20/2021 - 21:01:35: [optional/kether/l4d2_skill_detect.smx] Charge carry start: 14 - 2 -- time: 281.30
L 12/20/2021 - 21:01:38: [optional/kether/l4d2_skill_detect.smx] Checking charge victim: 14 - 2 - flags: 1 (alive? 1)
L 12/20/2021 - 21:02:49: [optional/kether/l4d2_skill_detect.smx] Clear: 9 freed 10 from 8: time: 1.73 / -1.00 -- class: hunter (with shove? 0)
L 12/20/2021 - 21:02:49: [optional/kether/l4d2_skill_detect.smx] Clear: 2 freed 6 from 5: time: 0.46 / 1.97 -- class: smoker (with shove? 0)
L 12/20/2021 - 21:03:29: [optional/kether/l4d2_skill_detect.smx] Charge carry start: 8 - 2 -- time: 363.41
L 12/20/2021 - 21:03:30: [optional/kether/l4d2_skill_detect.smx] Clear: 10 freed 2 from 8: time: 0.00 / 0.33 -- class: charger (with shove? 0)
L 12/20/2021 - 21:03:32: [optional/kether/l4d2_skill_detect.smx] Checking charge victim: 8 - 2 - flags: 1 (alive? 1)
L 12/20/2021 - 21:04:09: [optional/kether/l4d2_skill_detect.smx] Clear: 10 freed 6 from 14: time: 2.27 / -1.00 -- class: hunter (with shove? 1)
L 12/20/2021 - 21:04:10: [optional/kether/l4d2_skill_detect.smx] Clear: 2 freed 9 from 1: time: 7.09 / -1.00 -- class: jockey (with shove? 0)
L 12/20/2021 - 21:07:01: [optional/kether/l4d2_skill_detect.smx] Clear: 8 freed 1 from 9: time: -1.00 / 0.76 -- class: smoker (with shove? 0)
L 12/20/2021 - 21:08:17: [optional/kether/l4d2_skill_detect.smx] Clear: 5 freed 8 from 6: time: 0.95 / -1.00 -- class: hunter (with shove? 0)
L 12/20/2021 - 21:08:18: [optional/kether/l4d2_skill_detect.smx] Clear: 14 freed 5 from 10: time: -1.00 / 0.50 -- class: smoker (with shove? 0)
L 12/20/2021 - 21:09:28: [optional/kether/l4d2_skill_detect.smx] Clear: 1 freed 14 from 2: time: 0.37 / 1.43 -- class: smoker (with shove? 0)
L 12/20/2021 - 21:09:31: [optional/kether/l4d2_skill_detect.smx] Clear: 14 freed 5 from 9: time: 1.57 / -1.00 -- class: hunter (with shove? 1)
L 12/20/2021 - 21:09:54: [optional/kether/l4d2_skill_detect.smx] Clear: 8 freed 8 from 2: time: -1.00 / 0.56 -- class: smoker (with shove? 1)
L 12/20/2021 - 21:10:08: [optional/kether/l4d2_skill_detect.smx] Clear: 8 freed 5 from 10: time: 0.28 / -1.00 -- class: hunter (with shove? 1)
L 12/20/2021 - 21:10:09: [optional/kether/l4d2_skill_detect.smx] Clear: 8 freed 5 from 10: time: 0.95 / -1.00 -- class: hunter (with shove? 0)
L 12/20/2021 - 21:11:48: -------- Mapchange to c2m4_barns --------
L 12/20/2021 - 21:11:49: [basecommands.smx] "Console<0><Console><Console>" changed cvar (cvar "confogl_match_execcfg_plugins") (value "generalfixes.cfg;confogl_plugins.cfg;sharedplugins.cfg")
L 12/20/2021 - 21:11:49: [basecommands.smx] "Console<0><Console><Console>" changed cvar (cvar "l4d2_addons_eclipse") (value "0")
L 12/20/2021 - 21:11:49: [basecommands.smx] "Console<0><Console><Console>" changed cvar (cvar "sv_allow_wait_command") (value "0")
L 12/20/2021 - 21:11:49: [basecommands.smx] "Console<0><Console><Console>" changed cvar (cvar "sv_minrate") (value "108000")
L 12/20/2021 - 21:11:49: [basecommands.smx] "Console<0><Console><Console>" changed cvar (cvar "sv_maxrate") (value "108000")
L 12/20/2021 - 21:11:49: [basecommands.smx] "Console<0><Console><Console>" changed cvar (cvar "sv_mincmdrate") (value "108")
L 12/20/2021 - 21:11:49: [basecommands.smx] "Console<0><Console><Console>" changed cvar (cvar "sv_maxcmdrate") (value "108")
L 12/20/2021 - 21:11:49: [basecommands.smx] "Console<0><Console><Console>" changed cvar (cvar "sv_minupdaterate") (value "108")
L 12/20/2021 - 21:11:49: [basecommands.smx] "Console<0><Console><Console>" changed cvar (cvar "sv_maxupdaterate") (value "108")
L 12/20/2021 - 21:11:49: [basecommands.smx] "Console<0><Console><Console>" changed cvar (cvar "nb_update_frequency") (value "0.024")
L 12/20/2021 - 21:11:49: [basecommands.smx] "Console<0><Console><Console>" changed cvar (cvar "net_splitpacket_maxrate") (value "54000")
L 12/20/2021 - 21:11:49: [basecommands.smx] "Console<0><Console><Console>" changed cvar (cvar "sv_client_min_interp_ratio") (value "0")
L 12/20/2021 - 21:11:49: [basecommands.smx] "Console<0><Console><Console>" changed cvar (cvar "sv_client_max_interp_ratio") (value "2")
L 12/20/2021 - 21:11:49: [basecommands.smx] "Console<0><Console><Console>" changed cvar (cvar "fps_max") (value "200")
L 12/20/2021 - 21:11:49: [basecommands.smx] "Console<0><Console><Console>" changed cvar (cvar "mv_maxplayers") (value "16")
L 12/20/2021 - 21:11:49: [basecommands.smx] "Console<0><Console><Console>" changed cvar (cvar "sv_maxplayers") (value "16")
L 12/20/2021 - 21:11:49: [basecommands.smx] "Console<0><Console><Console>" changed cvar (cvar "sv_allowdownload") (value "1")
L 12/20/2021 - 21:11:49: [basecommands.smx] "Console<0><Console><Console>" changed cvar (cvar "l4d_nth_joininfected") (value "1")
L 12/20/2021 - 21:11:49: [basecommands.smx] "Console<0><Console><Console>" changed cvar (cvar "l4d_nth_joinsurvivors") (value "1")
L 12/20/2021 - 21:11:49: [basecommands.smx] "Console<0><Console><Console>" changed cvar (cvar "l4d_nth_kill") (value "0")
L 12/20/2021 - 21:11:49: [basecommands.smx] "Console<0><Console><Console>" changed cvar (cvar "l4d_nth_spectate") (value "1")
L 12/20/2021 - 21:11:49: [basecommands.smx] "Console<0><Console><Console>" changed cvar (cvar "l4d_nth_message") (value "0")
L 12/20/2021 - 21:11:49: [basecommands.smx] "Console<0><Console><Console>" changed cvar (cvar "l4d_nth_timerrepeat") (value "9999")
L 12/20/2021 - 21:11:49: [basecommands.smx] "Console<0><Console><Console>" changed cvar (cvar "vs_max_team_switches") (value "9999")
L 12/20/2021 - 21:11:49: [basecommands.smx] "Console<0><Console><Console>" changed cvar (cvar "mp_autoteambalance") (value "0")
L 12/20/2021 - 21:11:49: [basecommands.smx] "Console<0><Console><Console>" changed cvar (cvar "sv_unlag_fixstuck") (value "1")
L 12/20/2021 - 21:11:49: [basecommands.smx] "Console<0><Console><Console>" changed cvar (cvar "z_brawl_chance") (value "0")
L 12/20/2021 - 21:11:49: [basecommands.smx] "Console<0><Console><Console>" changed cvar (cvar "sv_maxunlag") (value "1")
L 12/20/2021 - 21:11:49: [basecommands.smx] "Console<0><Console><Console>" changed cvar (cvar "sv_forcepreload") (value "1")
L 12/20/2021 - 21:11:49: [basecommands.smx] "Console<0><Console><Console>" changed cvar (cvar "sv_client_predict") (value "1")
L 12/20/2021 - 21:11:49: [basecommands.smx] "Console<0><Console><Console>" changed cvar (cvar "sv_client_cmdrate_difference") (value "0")
L 12/20/2021 - 21:11:49: [basecommands.smx] "Console<0><Console><Console>" changed cvar (cvar "sv_max_queries_sec_global") (value "10")
L 12/20/2021 - 21:11:49: [basecommands.smx] "Console<0><Console><Console>" changed cvar (cvar "sv_max_queries_sec") (value "3")
L 12/20/2021 - 21:11:49: [basecommands.smx] "Console<0><Console><Console>" changed cvar (cvar "sv_max_queries_window") (value "10")
L 12/20/2021 - 21:11:49: [basecommands.smx] "Console<0><Console><Console>" changed cvar (cvar "sv_player_stuck_tolerance") (value "5")
L 12/20/2021 - 21:11:49: [basecommands.smx] "Console<0><Console><Console>" changed cvar (cvar "sv_stats") (value "0")
L 12/20/2021 - 21:11:49: [basecommands.smx] "Console<0><Console><Console>" changed cvar (cvar "sv_clockcorrection_msecs") (value "25")
L 12/20/2021 - 21:11:49: [basecommands.smx] "Console<0><Console><Console>" changed cvar (cvar "tank_swing_physics_prop_force") (value "3")
L 12/20/2021 - 21:14:10: [optional/kether/l4d2_skill_detect.smx] Clear: 9 freed 10 from 8: time: 2.24 / -1.00 -- class: jockey (with shove? 0)
L 12/20/2021 - 21:14:10: [optional/kether/l4d2_skill_detect.smx] Clear: 2 freed 6 from 1: time: 1.67 / -1.00 -- class: hunter (with shove? 1)
L 12/20/2021 - 21:15:12: [optional/kether/l4d2_skill_detect.smx] Clear: 9 freed 10 from 5: time: -1.00 / 1.44 -- class: smoker (with shove? 0)
L 12/20/2021 - 21:15:19: [optional/kether/l4d2_skill_detect.smx] Charge carry start: 1 - 6 -- time: 210.55
L 12/20/2021 - 21:15:22: [optional/kether/l4d2_skill_detect.smx] Checking charge victim: 1 - 6 - flags: 1 (alive? 1)
L 12/20/2021 - 21:15:25: [optional/kether/l4d2_skill_detect.smx] Clear: 9 freed 6 from 1: time: 5.39 / 6.14 -- class: charger (with shove? 0)
L 12/20/2021 - 21:15:43: [optional/kether/l4d2_skill_detect.smx] Clear: 6 freed 10 from 5: time: -1.00 / 3.84 -- class: smoker (with shove? 0)
L 12/20/2021 - 21:15:58: [optional/kether/l4d2_skill_detect.smx] Clear: 6 freed 9 from 1: time: 1.48 / -1.00 -- class: hunter (with shove? 0)
L 12/20/2021 - 21:16:23: [optional/kether/l4d2_skill_detect.smx] Charge carry start: 5 - 2 -- time: 274.24
L 12/20/2021 - 21:16:26: [optional/kether/l4d2_skill_detect.smx] Checking charge victim: 5 - 2 - flags: 1 (alive? 1)
L 12/20/2021 - 21:16:26: [optional/kether/l4d2_skill_detect.smx] Clear: 6 freed 2 from 5: time: 2.17 / 3.25 -- class: charger (with shove? 0)
L 12/20/2021 - 21:16:31: [optional/kether/l4d2_skill_detect.smx] Clear: 6 freed 2 from 1: time: 2.05 / -1.00 -- class: jockey (with shove? 1)
L 12/20/2021 - 21:17:05: [optional/kether/l4d2_skill_detect.smx] Clear: 9 freed 2 from 5: time: -1.00 / 1.05 -- class: smoker (with shove? 0)
L 12/20/2021 - 21:17:21: [optional/kether/l4d2_skill_detect.smx] Clear: 10 freed 2 from 5: time: 0.95 / 2.46 -- class: smoker (with shove? 0)
L 12/20/2021 - 21:17:38: [optional/kether/l4d2_skill_detect.smx] Clear: 6 freed 10 from 5: time: 0.55 / 2.92 -- class: smoker (with shove? 0)
L 12/20/2021 - 21:17:51: [optional/kether/l4d2_skill_detect.smx] Charge carry start: 14 - 6 -- time: 362.36
L 12/20/2021 - 21:17:53: [optional/kether/l4d2_skill_detect.smx] Clear: 2 freed 6 from 14: time: 0.75 / 2.20 -- class: charger (with shove? 0)
L 12/20/2021 - 21:17:54: [optional/kether/l4d2_skill_detect.smx] Checking charge victim: 14 - 6 - flags: 1 (alive? 1)
L 12/20/2021 - 21:18:27: [optional/kether/l4d2_skill_detect.smx] Clear: 9 freed 10 from 14: time: 1.48 / -1.00 -- class: hunter (with shove? 0)
L 12/20/2021 - 21:19:16: [optional/kether/l4d2_skill_detect.smx] Clear: 2 freed 6 from 14: time: 2.04 / -1.00 -- class: jockey (with shove? 0)
L 12/20/2021 - 21:19:29: [optional/kether/l4d2_skill_detect.smx] Clear: 9 freed 10 from 8: time: 0.78 / 3.88 -- class: smoker (with shove? 0)
L 12/20/2021 - 21:19:55: [optional/kether/l4d2_skill_detect.smx] Charge carry start: 14 - 10 -- time: 486.87
L 12/20/2021 - 21:20:00: [optional/kether/l4d2_skill_detect.smx] Checking charge victim: 14 - 10 - flags: 1 (alive? 1)
L 12/20/2021 - 21:20:04: [optional/kether/l4d2_skill_detect.smx] Witch Crown Check: Failed: bungled: 0 / crowntype: 0 (entity: 273)
L 12/20/2021 - 21:20:04: [optional/kether/l4d2_skill_detect.smx] Witch Crown Check: Further details: attacker: llo , attacker dmg: 967, teamless dmg: 0
L 12/20/2021 - 21:20:11: [optional/kether/l4d2_skill_detect.smx] Clear: 2 freed 9 from 8: time: 8.83 / -1.00 -- class: jockey (with shove? 0)
L 12/20/2021 - 21:21:22: [optional/kether/l4d2_skill_detect.smx] Clear: 2 freed 6 from 1: time: 0.95 / -1.00 -- class: jockey (with shove? 1)
L 12/20/2021 - 21:21:26: [optional/kether/l4d2_skill_detect.smx] Clear: 6 freed 9 from 8: time: -1.00 / 1.41 -- class: smoker (with shove? 0)
L 12/20/2021 - 21:22:29: [optional/kether/l4d2_skill_detect.smx] Clear: 9 freed 2 from 14: time: 3.16 / -1.00 -- class: jockey (with shove? 0)
L 12/20/2021 - 21:22:33: [optional/kether/l4d2_skill_detect.smx] Clear: 2 freed 9 from 5: time: -1.00 / 1.10 -- class: smoker (with shove? 1)
L 12/20/2021 - 21:22:40: [optional/kether/l4d2_skill_detect.smx] Charge carry start: 8 - 2 -- time: 651.62
L 12/20/2021 - 21:22:42: [optional/kether/l4d2_skill_detect.smx] Clear: 9 freed 2 from 8: time: 0.38 / 2.13 -- class: charger (with shove? 0)
L 12/20/2021 - 21:22:44: [optional/kether/l4d2_skill_detect.smx] Checking charge victim: 8 - 2 - flags: 1 (alive? 1)
L 12/20/2021 - 21:25:07: [optional/kether/l4d2_skill_detect.smx] Clear: 5 freed 14 from 10: time: 3.68 / -1.00 -- class: jockey (with shove? 1)
L 12/20/2021 - 21:25:49: [optional/kether/l4d2_skill_detect.smx] Clear: 8 freed 14 from 6: time: 1.08 / 4.66 -- class: smoker (with shove? 0)
L 12/20/2021 - 21:27:03: SourceMod log file session started (file "/home/k26606_s20329/server_20329/left4dead2/addons/sourcemod/logs/L20211220.log") (Version "1.10.0.6494")
L 12/20/2021 - 21:27:03: [fixes/firebulletsfix.smx] Found offset for Weapon_ShootPosition 286
L 12/20/2021 - 21:27:04: [navmesh.smx] Found .NAV file in maps\c1m1_hotel.nav
L 12/20/2021 - 21:27:04: [navmesh.smx] Is mesh analyzed: 1
L 12/20/2021 - 21:27:04: [navmesh.smx] Nav version: 16; SubVersion: 14 (v10+); BSPSize: 32807960; MagicNumber: -17958194
L 12/20/2021 - 21:27:04: [navmesh.smx] Place count: 0
L 12/20/2021 - 21:27:04: [navmesh.smx] Has unnamed areas: true
L 12/20/2021 - 21:27:04: [navmesh.smx] Population type: c1streets
L 12/20/2021 - 21:27:04: [navmesh.smx] Area count: 1582
L 12/20/2021 - 21:27:04: [navmesh.smx] Parsed 1582 areas in 0.018861 seconds.
L 12/20/2021 - 21:27:04: [navmesh.smx] Ladder count: 0
L 12/20/2021 - 21:27:05: [basecommands.smx] "Console<0><Console><Console>" changed cvar (cvar "confogl_match_execcfg_plugins") (value "generalfixes.cfg;confogl_plugins.cfg;sharedplugins.cfg")
L 12/20/2021 - 21:27:05: [basecommands.smx] "Console<0><Console><Console>" changed cvar (cvar "l4d2_addons_eclipse") (value "0")
L 12/20/2021 - 21:27:05: [basecommands.smx] "Console<0><Console><Console>" changed cvar (cvar "sv_allow_wait_command") (value "0")
L 12/20/2021 - 21:27:05: [basecommands.smx] "Console<0><Console><Console>" changed cvar (cvar "sv_minrate") (value "108000")
L 12/20/2021 - 21:27:05: [basecommands.smx] "Console<0><Console><Console>" changed cvar (cvar "sv_maxrate") (value "108000")
L 12/20/2021 - 21:27:05: [basecommands.smx] "Console<0><Console><Console>" changed cvar (cvar "sv_mincmdrate") (value "108")
L 12/20/2021 - 21:27:05: [basecommands.smx] "Console<0><Console><Console>" changed cvar (cvar "sv_maxcmdrate") (value "108")
L 12/20/2021 - 21:27:05: [basecommands.smx] "Console<0><Console><Console>" changed cvar (cvar "sv_minupdaterate") (value "108")
L 12/20/2021 - 21:27:05: [basecommands.smx] "Console<0><Console><Console>" changed cvar (cvar "sv_maxupdaterate") (value "108")
L 12/20/2021 - 21:27:05: [basecommands.smx] "Console<0><Console><Console>" changed cvar (cvar "nb_update_frequency") (value "0.024")
L 12/20/2021 - 21:27:05: [basecommands.smx] "Console<0><Console><Console>" changed cvar (cvar "net_splitpacket_maxrate") (value "54000")
L 12/20/2021 - 21:27:05: [basecommands.smx] "Console<0><Console><Console>" changed cvar (cvar "sv_client_min_interp_ratio") (value "0")
L 12/20/2021 - 21:27:05: [basecommands.smx] "Console<0><Console><Console>" changed cvar (cvar "sv_client_max_interp_ratio") (value "2")
L 12/20/2021 - 21:27:05: [basecommands.smx] "Console<0><Console><Console>" changed cvar (cvar "fps_max") (value "200")
L 12/20/2021 - 21:27:05: [basecommands.smx] "Console<0><Console><Console>" changed cvar (cvar "mv_maxplayers") (value "16")
L 12/20/2021 - 21:27:05: [basecommands.smx] "Console<0><Console><Console>" changed cvar (cvar "sv_maxplayers") (value "16")
L 12/20/2021 - 21:27:05: [basecommands.smx] "Console<0><Console><Console>" changed cvar (cvar "sv_allowdownload") (value "1")
L 12/20/2021 - 21:27:05: [basecommands.smx] "Console<0><Console><Console>" changed cvar (cvar "vs_max_team_switches") (value "9999")
L 12/20/2021 - 21:27:05: [basecommands.smx] "Console<0><Console><Console>" changed cvar (cvar "mp_autoteambalance") (value "0")
L 12/20/2021 - 21:27:05: [basecommands.smx] "Console<0><Console><Console>" changed cvar (cvar "sv_unlag_fixstuck") (value "1")
L 12/20/2021 - 21:27:05: [basecommands.smx] "Console<0><Console><Console>" changed cvar (cvar "z_brawl_chance") (value "0")
L 12/20/2021 - 21:27:05: [basecommands.smx] "Console<0><Console><Console>" changed cvar (cvar "sv_maxunlag") (value "1")
L 12/20/2021 - 21:27:05: [basecommands.smx] "Console<0><Console><Console>" changed cvar (cvar "sv_forcepreload") (value "1")
L 12/20/2021 - 21:27:05: [basecommands.smx] "Console<0><Console><Console>" changed cvar (cvar "sv_client_predict") (value "1")
L 12/20/2021 - 21:27:05: [basecommands.smx] "Console<0><Console><Console>" changed cvar (cvar "sv_client_cmdrate_difference") (value "0")
L 12/20/2021 - 21:27:05: [basecommands.smx] "Console<0><Console><Console>" changed cvar (cvar "sv_max_queries_sec_global") (value "10")
L 12/20/2021 - 21:27:05: [basecommands.smx] "Console<0><Console><Console>" changed cvar (cvar "sv_max_queries_sec") (value "3")
L 12/20/2021 - 21:27:05: [basecommands.smx] "Console<0><Console><Console>" changed cvar (cvar "sv_max_queries_window") (value "10")
L 12/20/2021 - 21:27:05: [basecommands.smx] "Console<0><Console><Console>" changed cvar (cvar "sv_player_stuck_tolerance") (value "5")
L 12/20/2021 - 21:27:05: [basecommands.smx] "Console<0><Console><Console>" changed cvar (cvar "sv_stats") (value "0")
L 12/20/2021 - 21:27:05: [basecommands.smx] "Console<0><Console><Console>" changed cvar (cvar "sv_clockcorrection_msecs") (value "25")
L 12/20/2021 - 21:27:05: [basecommands.smx] "Console<0><Console><Console>" changed cvar (cvar "tank_swing_physics_prop_force") (value "3")
L 12/20/2021 - 21:27:05: [fixes/firebulletsfix.smx] Found offset for Weapon_ShootPosition 286
L 12/20/2021 - 21:27:10: -------- Mapchange to c1m1_hotel --------
L 12/20/2021 - 21:27:10: [basecommands.smx] "Console<0><Console><Console>" changed cvar (cvar "confogl_match_execcfg_plugins") (value "generalfixes.cfg;confogl_plugins.cfg;sharedplugins.cfg")
L 12/20/2021 - 21:27:10: [basecommands.smx] "Console<0><Console><Console>" changed cvar (cvar "l4d2_addons_eclipse") (value "0")
L 12/20/2021 - 21:27:10: [basecommands.smx] "Console<0><Console><Console>" changed cvar (cvar "sv_allow_wait_command") (value "0")
L 12/20/2021 - 21:27:10: [basecommands.smx] "Console<0><Console><Console>" changed cvar (cvar "sv_minrate") (value "108000")
L 12/20/2021 - 21:27:10: [basecommands.smx] "Console<0><Console><Console>" changed cvar (cvar "sv_maxrate") (value "108000")
L 12/20/2021 - 21:27:10: [basecommands.smx] "Console<0><Console><Console>" changed cvar (cvar "sv_mincmdrate") (value "108")
L 12/20/2021 - 21:27:10: [basecommands.smx] "Console<0><Console><Console>" changed cvar (cvar "sv_maxcmdrate") (value "108")
L 12/20/2021 - 21:27:10: [basecommands.smx] "Console<0><Console><Console>" changed cvar (cvar "sv_minupdaterate") (value "108")
L 12/20/2021 - 21:27:10: [basecommands.smx] "Console<0><Console><Console>" changed cvar (cvar "sv_maxupdaterate") (value "108")
L 12/20/2021 - 21:27:10: [basecommands.smx] "Console<0><Console><Console>" changed cvar (cvar "nb_update_frequency") (value "0.024")
L 12/20/2021 - 21:27:10: [basecommands.smx] "Console<0><Console><Console>" changed cvar (cvar "net_splitpacket_maxrate") (value "54000")
L 12/20/2021 - 21:27:10: [basecommands.smx] "Console<0><Console><Console>" changed cvar (cvar "sv_client_min_interp_ratio") (value "0")
L 12/20/2021 - 21:27:10: [basecommands.smx] "Console<0><Console><Console>" changed cvar (cvar "sv_client_max_interp_ratio") (value "2")
L 12/20/2021 - 21:27:10: [basecommands.smx] "Console<0><Console><Console>" changed cvar (cvar "fps_max") (value "200")
L 12/20/2021 - 21:27:10: [basecommands.smx] "Console<0><Console><Console>" changed cvar (cvar "mv_maxplayers") (value "16")
L 12/20/2021 - 21:27:10: [basecommands.smx] "Console<0><Console><Console>" changed cvar (cvar "sv_maxplayers") (value "16")
L 12/20/2021 - 21:27:10: [basecommands.smx] "Console<0><Console><Console>" changed cvar (cvar "sv_allowdownload") (value "1")
L 12/20/2021 - 21:27:10: [basecommands.smx] "Console<0><Console><Console>" changed cvar (cvar "l4d_nth_joininfected") (value "1")
L 12/20/2021 - 21:27:10: [basecommands.smx] "Console<0><Console><Console>" changed cvar (cvar "l4d_nth_joinsurvivors") (value "1")
L 12/20/2021 - 21:27:10: [basecommands.smx] "Console<0><Console><Console>" changed cvar (cvar "l4d_nth_kill") (value "0")
L 12/20/2021 - 21:27:10: [basecommands.smx] "Console<0><Console><Console>" changed cvar (cvar "l4d_nth_spectate") (value "1")
L 12/20/2021 - 21:27:10: [basecommands.smx] "Console<0><Console><Console>" changed cvar (cvar "l4d_nth_message") (value "0")
L 12/20/2021 - 21:27:10: [basecommands.smx] "Console<0><Console><Console>" changed cvar (cvar "l4d_nth_timerrepeat") (value "9999")
L 12/20/2021 - 21:27:10: [basecommands.smx] "Console<0><Console><Console>" changed cvar (cvar "vs_max_team_switches") (value "9999")
L 12/20/2021 - 21:27:10: [basecommands.smx] "Console<0><Console><Console>" changed cvar (cvar "mp_autoteambalance") (value "0")
L 12/20/2021 - 21:27:10: [basecommands.smx] "Console<0><Console><Console>" changed cvar (cvar "sv_unlag_fixstuck") (value "1")
L 12/20/2021 - 21:27:10: [basecommands.smx] "Console<0><Console><Console>" changed cvar (cvar "z_brawl_chance") (value "0")
L 12/20/2021 - 21:27:10: [basecommands.smx] "Console<0><Console><Console>" changed cvar (cvar "sv_maxunlag") (value "1")
L 12/20/2021 - 21:27:10: [basecommands.smx] "Console<0><Console><Console>" changed cvar (cvar "sv_forcepreload") (value "1")
L 12/20/2021 - 21:27:10: [basecommands.smx] "Console<0><Console><Console>" changed cvar (cvar "sv_client_predict") (value "1")
L 12/20/2021 - 21:27:10: [basecommands.smx] "Console<0><Console><Console>" changed cvar (cvar "sv_client_cmdrate_difference") (value "0")
L 12/20/2021 - 21:27:10: [basecommands.smx] "Console<0><Console><Console>" changed cvar (cvar "sv_max_queries_sec_global") (value "10")
L 12/20/2021 - 21:27:10: [basecommands.smx] "Console<0><Console><Console>" changed cvar (cvar "sv_max_queries_sec") (value "3")
L 12/20/2021 - 21:27:10: [basecommands.smx] "Console<0><Console><Console>" changed cvar (cvar "sv_max_queries_window") (value "10")
L 12/20/2021 - 21:27:10: [basecommands.smx] "Console<0><Console><Console>" changed cvar (cvar "sv_player_stuck_tolerance") (value "5")
L 12/20/2021 - 21:27:10: [basecommands.smx] "Console<0><Console><Console>" changed cvar (cvar "sv_stats") (value "0")
L 12/20/2021 - 21:27:10: [basecommands.smx] "Console<0><Console><Console>" changed cvar (cvar "sv_clockcorrection_msecs") (value "25")
L 12/20/2021 - 21:27:10: [basecommands.smx] "Console<0><Console><Console>" changed cvar (cvar "tank_swing_physics_prop_force") (value "3")
L 12/23/2021 - 18:35:58: Log file closed.
