L 10/21/2021 - 00:00:16: SourceMod log file session started (file "/home/k26606_s20329/server_20329/left4dead2/addons/sourcemod/logs/L20211021.log") (Version "1.10.0.6494")
L 10/21/2021 - 00:00:16: [optional/kether/l4d2_skill_detect.smx] Clear: 3 freed 4 from 5: time: 0.41 / 0.88 -- class: smoker (with shove? 1)
L 10/21/2021 - 00:00:18: [optional/kether/l4d2_skill_detect.smx] Charge carry start: 8 - 4 -- time: 653.22
L 10/21/2021 - 00:00:20: [optional/kether/l4d2_skill_detect.smx] Clear: 2 freed 4 from 8: time: 0.74 / 2.31 -- class: charger (with shove? 0)
L 10/21/2021 - 00:00:21: [optional/kether/l4d2_skill_detect.smx] Checking charge victim: 8 - 3 - flags: 0 (alive? 1)
L 10/21/2021 - 00:00:21: [optional/kether/l4d2_skill_detect.smx] Checking charge victim: 8 - 4 - flags: 1 (alive? 1)
L 10/21/2021 - 00:00:43: [optional/kether/l4d2_skill_detect.smx] Clear: 3 freed 4 from 10: time: 1.01 / -1.00 -- class: jockey (with shove? 1)
L 10/21/2021 - 00:01:02: [optional/kether/l4d2_skill_detect.smx] Charge carry start: 9 - 6 -- time: 698.04
L 10/21/2021 - 00:01:06: [optional/kether/l4d2_skill_detect.smx] Checking charge victim: 9 - 3 - flags: 0 (alive? 1)
L 10/21/2021 - 00:01:06: [optional/kether/l4d2_skill_detect.smx] Clear: 2 freed 6 from 9: time: 1.89 / 3.25 -- class: charger (with shove? 0)
L 10/21/2021 - 00:01:06: [optional/kether/l4d2_skill_detect.smx] Checking charge victim: 9 - 6 - flags: 1 (alive? 1)
L 10/21/2021 - 00:01:42: [optional/kether/l4d2_skill_detect.smx] Clear: 4 freed 2 from 8: time: 1.35 / 4.41 -- class: smoker (with shove? 0)
L 10/21/2021 - 00:03:12: [optional/kether/l4d2_skill_detect.smx] Clear: 10 freed 8 from 2: time: -1.00 / 0.83 -- class: smoker (with shove? 0)
L 10/21/2021 - 00:06:06: [optional/kether/l4d2_skill_detect.smx] Clear: 9 freed 5 from 2: time: 9.91 / -1.00 -- class: jockey (with shove? 0)
L 10/21/2021 - 00:06:48: [optional/kether/l4d2_skill_detect.smx] Clear: 9 freed 5 from 3: time: 2.08 / -1.00 -- class: hunter (with shove? 0)
L 10/21/2021 - 00:07:49: [optional/kether/l4d2_skill_detect.smx] Clear: 8 freed 9 from 3: time: 0.34 / -1.00 -- class: jockey (with shove? 0)
L 10/21/2021 - 00:07:50: [optional/kether/l4d2_skill_detect.smx] Witch Crown Check: Failed: bungled: 0 / crowntype: 0 (entity: 106)
L 10/21/2021 - 00:07:50: [optional/kether/l4d2_skill_detect.smx] Witch Crown Check: Further details: attacker: zjebana mapa, attacker dmg: 90, teamless dmg: 24
L 10/21/2021 - 00:08:06: [optional/kether/l4d2_skill_detect.smx] Charge carry start: 2 - 8 -- time: 1026.82
L 10/21/2021 - 00:08:10: [optional/kether/l4d2_skill_detect.smx] Clear: 5 freed 8 from 2: time: 0.67 / 3.26 -- class: charger (with shove? 0)
L 10/21/2021 - 00:08:11: [optional/kether/l4d2_skill_detect.smx] Checking charge victim: 2 - 8 - flags: 1 (alive? 1)
L 10/21/2021 - 00:09:19: [optional/kether/l4d2_skill_detect.smx] Clear: 5 freed 9 from 1: time: -1.00 / 0.50 -- class: smoker (with shove? 0)
L 10/21/2021 - 00:09:23: [optional/kether/l4d2_skill_detect.smx] Clear: 5 freed 8 from 2: time: 0.77 / -1.00 -- class: hunter (with shove? 1)
L 10/21/2021 - 00:10:48: [optional/kether/l4d2_skill_detect.smx] Clear: 9 freed 8 from 2: time: 2.83 / -1.00 -- class: jockey (with shove? 0)
L 10/21/2021 - 00:10:52: [optional/kether/l4d2_skill_detect.smx] Clear: 9 freed 10 from 4: time: 1.80 / -1.00 -- class: hunter (with shove? 0)
L 10/21/2021 - 00:11:31: [optional/kether/l4d2_skill_detect.smx] Charge carry start: 1 - 8 -- time: 1231.23
L 10/21/2021 - 00:11:34: [optional/kether/l4d2_skill_detect.smx] Checking charge victim: 1 - 8 - flags: 1 (alive? 1)
L 10/21/2021 - 00:11:34: [optional/kether/l4d2_skill_detect.smx] Checking charge victim: 1 - 5 - flags: 0 (alive? 1)
L 10/21/2021 - 00:11:34: [optional/kether/l4d2_skill_detect.smx] Clear: 10 freed 8 from 1: time: 2.19 / 3.46 -- class: charger (with shove? 0)
L 10/21/2021 - 00:12:14: [optional/kether/l4d2_skill_detect.smx] Clear: 10 freed 5 from 1: time: 0.79 / -1.00 -- class: hunter (with shove? 0)
L 10/21/2021 - 00:12:18: [optional/kether/l4d2_skill_detect.smx] Clear: 5 freed 10 from 4: time: 0.17 / 2.49 -- class: smoker (with shove? 0)
L 10/21/2021 - 00:13:38: [optional/kether/l4d2_skill_detect.smx] Clear: 10 freed 9 from 3: time: 1.14 / -1.00 -- class: hunter (with shove? 0)
L 10/21/2021 - 00:14:23: [optional/kether/l4d2_skill_detect.smx] Clear: 5 freed 8 from 1: time: 8.22 / 8.49 -- class: smoker (with shove? 1)
L 10/21/2021 - 00:15:01: [optional/kether/l4d2_skill_detect.smx] Clear: 10 freed 5 from 2: time: -1.00 / 1.49 -- class: smoker (with shove? 0)
L 10/21/2021 - 00:15:12: [optional/kether/l4d2_skill_detect.smx] Charge carry start: 4 - 8 -- time: 1452.53
L 10/21/2021 - 00:15:12: [optional/kether/l4d2_skill_detect.smx] Clear: 8 freed 8 from 4: time: 0.00 / 0.08 -- class: charger (with shove? 0)
L 10/21/2021 - 00:15:15: [optional/kether/l4d2_skill_detect.smx] Checking charge victim: 4 - 8 - flags: 1 (alive? 1)
L 10/21/2021 - 00:16:12: [optional/kether/l4d2_skill_detect.smx] Clear: 9 freed 5 from 3: time: 1.76 / 1.77 -- class: smoker (with shove? 0)
L 10/21/2021 - 00:16:37: -------- Mapchange to l4d2_city17_05 --------
L 10/21/2021 - 00:16:37: [basecommands.smx] "Console<0><Console><Console>" changed cvar (cvar "confogl_match_execcfg_plugins") (value "generalfixes.cfg;confogl_plugins.cfg;sharedplugins.cfg")
L 10/21/2021 - 00:16:37: [basecommands.smx] "Console<0><Console><Console>" changed cvar (cvar "l4d2_addons_eclipse") (value "0")
L 10/21/2021 - 00:16:37: [basecommands.smx] "Console<0><Console><Console>" changed cvar (cvar "sv_allow_wait_command") (value "0")
L 10/21/2021 - 00:16:37: [basecommands.smx] "Console<0><Console><Console>" changed cvar (cvar "sv_minrate") (value "30000")
L 10/21/2021 - 00:16:37: [basecommands.smx] "Console<0><Console><Console>" changed cvar (cvar "sv_maxrate") (value "67000")
L 10/21/2021 - 00:16:37: [basecommands.smx] "Console<0><Console><Console>" changed cvar (cvar "sv_mincmdrate") (value "30")
L 10/21/2021 - 00:16:37: [basecommands.smx] "Console<0><Console><Console>" changed cvar (cvar "sv_maxcmdrate") (value "67")
L 10/21/2021 - 00:16:37: [basecommands.smx] "Console<0><Console><Console>" changed cvar (cvar "sv_minupdaterate") (value "30")
L 10/21/2021 - 00:16:37: [basecommands.smx] "Console<0><Console><Console>" changed cvar (cvar "sv_maxupdaterate") (value "67")
L 10/21/2021 - 00:16:37: [basecommands.smx] "Console<0><Console><Console>" changed cvar (cvar "nb_update_frequency") (value "0.03")
L 10/21/2021 - 00:16:37: [basecommands.smx] "Console<0><Console><Console>" changed cvar (cvar "net_splitpacket_maxrate") (value "33500")
L 10/21/2021 - 00:16:37: [basecommands.smx] "Console<0><Console><Console>" changed cvar (cvar "sv_client_min_interp_ratio") (value "0")
L 10/21/2021 - 00:16:37: [basecommands.smx] "Console<0><Console><Console>" changed cvar (cvar "sv_client_max_interp_ratio") (value "2")
L 10/21/2021 - 00:16:37: [basecommands.smx] "Console<0><Console><Console>" changed cvar (cvar "fps_max") (value "0")
L 10/21/2021 - 00:16:37: [basecommands.smx] "Console<0><Console><Console>" changed cvar (cvar "mv_maxplayers") (value "16")
L 10/21/2021 - 00:16:37: [basecommands.smx] "Console<0><Console><Console>" changed cvar (cvar "sv_maxplayers") (value "16")
L 10/21/2021 - 00:16:37: [basecommands.smx] "Console<0><Console><Console>" changed cvar (cvar "sv_allowdownload") (value "1")
L 10/21/2021 - 00:16:37: [basecommands.smx] "Console<0><Console><Console>" changed cvar (cvar "l4d_nth_joininfected") (value "1")
L 10/21/2021 - 00:16:37: [basecommands.smx] "Console<0><Console><Console>" changed cvar (cvar "l4d_nth_joinsurvivors") (value "1")
L 10/21/2021 - 00:16:37: [basecommands.smx] "Console<0><Console><Console>" changed cvar (cvar "l4d_nth_kill") (value "0")
L 10/21/2021 - 00:16:37: [basecommands.smx] "Console<0><Console><Console>" changed cvar (cvar "l4d_nth_spectate") (value "1")
L 10/21/2021 - 00:16:37: [basecommands.smx] "Console<0><Console><Console>" changed cvar (cvar "l4d_nth_message") (value "0")
L 10/21/2021 - 00:16:37: [basecommands.smx] "Console<0><Console><Console>" changed cvar (cvar "l4d_nth_timerrepeat") (value "9999")
L 10/21/2021 - 00:16:37: [basecommands.smx] "Console<0><Console><Console>" changed cvar (cvar "vs_max_team_switches") (value "9999")
L 10/21/2021 - 00:16:37: [basecommands.smx] "Console<0><Console><Console>" changed cvar (cvar "mp_autoteambalance") (value "0")
L 10/21/2021 - 00:16:37: [basecommands.smx] "Console<0><Console><Console>" changed cvar (cvar "sv_unlag_fixstuck") (value "1")
L 10/21/2021 - 00:16:37: [basecommands.smx] "Console<0><Console><Console>" changed cvar (cvar "z_brawl_chance") (value "0")
L 10/21/2021 - 00:16:37: [basecommands.smx] "Console<0><Console><Console>" changed cvar (cvar "sv_maxunlag") (value "1")
L 10/21/2021 - 00:16:37: [basecommands.smx] "Console<0><Console><Console>" changed cvar (cvar "sv_forcepreload") (value "1")
L 10/21/2021 - 00:16:37: [basecommands.smx] "Console<0><Console><Console>" changed cvar (cvar "sv_client_predict") (value "1")
L 10/21/2021 - 00:16:37: [basecommands.smx] "Console<0><Console><Console>" changed cvar (cvar "sv_client_cmdrate_difference") (value "0")
L 10/21/2021 - 00:16:37: [basecommands.smx] "Console<0><Console><Console>" changed cvar (cvar "sv_max_queries_sec_global") (value "10")
L 10/21/2021 - 00:16:37: [basecommands.smx] "Console<0><Console><Console>" changed cvar (cvar "sv_max_queries_sec") (value "3")
L 10/21/2021 - 00:16:37: [basecommands.smx] "Console<0><Console><Console>" changed cvar (cvar "sv_max_queries_window") (value "10")
L 10/21/2021 - 00:16:37: [basecommands.smx] "Console<0><Console><Console>" changed cvar (cvar "sv_player_stuck_tolerance") (value "5")
L 10/21/2021 - 00:16:37: [basecommands.smx] "Console<0><Console><Console>" changed cvar (cvar "sv_stats") (value "0")
L 10/21/2021 - 00:16:37: [basecommands.smx] "Console<0><Console><Console>" changed cvar (cvar "sv_clockcorrection_msecs") (value "25")
L 10/21/2021 - 00:16:37: [basecommands.smx] "Console<0><Console><Console>" changed cvar (cvar "z_max_neighbor_range") (value "16")
L 10/21/2021 - 00:16:37: [basecommands.smx] "Console<0><Console><Console>" changed cvar (cvar "nb_friction_forward") (value "0")
L 10/21/2021 - 00:17:56: [optional/kether/autopause.smx] [AutoPause] Player STEAM_1:0:187655491 left the game with -80.492538 time until spawn.
L 10/21/2021 - 00:18:02: [optional/kether/autopause.smx] [AutoPause] Player STEAM_1:0:30493294 left the game with -86.477607 time until spawn.
L 10/21/2021 - 00:18:11: [optional/kether/autopause.smx] [AutoPause] Player STEAM_1:1:7369554 left the game with -94.671638 time until spawn.
L 10/21/2021 - 00:18:14: [optional/kether/autopause.smx] [AutoPause] Player STEAM_1:0:42192634 left the game with -97.626861 time until spawn.
L 10/21/2021 - 00:18:30: SourceMod log file session started (file "/home/k26606_s20329/server_20329/left4dead2/addons/sourcemod/logs/L20211021.log") (Version "1.10.0.6494")
L 10/21/2021 - 00:18:30: [fixes/firebulletsfix.smx] Found offset for Weapon_ShootPosition 286
L 10/21/2021 - 00:18:31: [navmesh.smx] Found .NAV file in maps\c1m1_hotel.nav
L 10/21/2021 - 00:18:31: [navmesh.smx] Is mesh analyzed: 1
L 10/21/2021 - 00:18:31: [navmesh.smx] Nav version: 16; SubVersion: 14 (v10+); BSPSize: 32807960; MagicNumber: -17958194
L 10/21/2021 - 00:18:31: [navmesh.smx] Place count: 0
L 10/21/2021 - 00:18:31: [navmesh.smx] Has unnamed areas: true
L 10/21/2021 - 00:18:31: [navmesh.smx] Population type: c1streets
L 10/21/2021 - 00:18:31: [navmesh.smx] Area count: 1582
L 10/21/2021 - 00:18:31: [navmesh.smx] Parsed 1582 areas in 0.017837 seconds.
L 10/21/2021 - 00:18:31: [navmesh.smx] Ladder count: 0
L 10/21/2021 - 00:18:31: [basecommands.smx] "Console<0><Console><Console>" changed cvar (cvar "sv_minrate") (value "5000")
L 10/21/2021 - 00:18:31: [basecommands.smx] "Console<0><Console><Console>" changed cvar (cvar "sv_maxrate") (value "67000")
L 10/21/2021 - 00:18:31: [basecommands.smx] "Console<0><Console><Console>" changed cvar (cvar "sv_mincmdrate") (value "5")
L 10/21/2021 - 00:18:31: [basecommands.smx] "Console<0><Console><Console>" changed cvar (cvar "sv_maxcmdrate") (value "67")
L 10/21/2021 - 00:18:31: [basecommands.smx] "Console<0><Console><Console>" changed cvar (cvar "sv_minupdaterate") (value "5")
L 10/21/2021 - 00:18:31: [basecommands.smx] "Console<0><Console><Console>" changed cvar (cvar "sv_maxupdaterate") (value "67")
L 10/21/2021 - 00:18:31: [basecommands.smx] "Console<0><Console><Console>" changed cvar (cvar "net_splitpacket_maxrate") (value "33500")
L 10/21/2021 - 00:18:31: [basecommands.smx] "Console<0><Console><Console>" changed cvar (cvar "fps_max") (value "0")
L 10/21/2021 - 00:18:31: [basecommands.smx] "Console<0><Console><Console>" changed cvar (cvar "sv_minrate") (value "30000")
L 10/21/2021 - 00:18:31: [basecommands.smx] "Console<0><Console><Console>" changed cvar (cvar "sv_maxrate") (value "67000")
L 10/21/2021 - 00:18:31: [basecommands.smx] "Console<0><Console><Console>" changed cvar (cvar "sv_mincmdrate") (value "67")
L 10/21/2021 - 00:18:31: [basecommands.smx] "Console<0><Console><Console>" changed cvar (cvar "sv_maxcmdrate") (value "67")
L 10/21/2021 - 00:18:31: [basecommands.smx] "Console<0><Console><Console>" changed cvar (cvar "sv_minupdaterate") (value "67")
L 10/21/2021 - 00:18:31: [basecommands.smx] "Console<0><Console><Console>" changed cvar (cvar "sv_maxupdaterate") (value "67")
L 10/21/2021 - 00:18:31: [basecommands.smx] "Console<0><Console><Console>" changed cvar (cvar "net_splitpacket_maxrate") (value "33500")
L 10/21/2021 - 00:18:31: [basecommands.smx] "Console<0><Console><Console>" changed cvar (cvar "fps_max") (value "0")
L 10/21/2021 - 00:18:31: [basecommands.smx] "Console<0><Console><Console>" changed cvar (cvar "sv_minrate") (value "5000")
L 10/21/2021 - 00:18:31: [basecommands.smx] "Console<0><Console><Console>" changed cvar (cvar "sv_maxrate") (value "67000")
L 10/21/2021 - 00:18:31: [basecommands.smx] "Console<0><Console><Console>" changed cvar (cvar "sv_mincmdrate") (value "5")
L 10/21/2021 - 00:18:31: [basecommands.smx] "Console<0><Console><Console>" changed cvar (cvar "sv_maxcmdrate") (value "67")
L 10/21/2021 - 00:18:31: [basecommands.smx] "Console<0><Console><Console>" changed cvar (cvar "sv_minupdaterate") (value "5")
L 10/21/2021 - 00:18:31: [basecommands.smx] "Console<0><Console><Console>" changed cvar (cvar "sv_maxupdaterate") (value "67")
L 10/21/2021 - 00:18:31: [basecommands.smx] "Console<0><Console><Console>" changed cvar (cvar "net_splitpacket_maxrate") (value "33500")
L 10/21/2021 - 00:18:31: [basecommands.smx] "Console<0><Console><Console>" changed cvar (cvar "fps_max") (value "0")
L 10/21/2021 - 00:18:31: [basecommands.smx] "Console<0><Console><Console>" changed cvar (cvar "sv_minrate") (value "30000")
L 10/21/2021 - 00:18:31: [basecommands.smx] "Console<0><Console><Console>" changed cvar (cvar "sv_maxrate") (value "67000")
L 10/21/2021 - 00:18:31: [basecommands.smx] "Console<0><Console><Console>" changed cvar (cvar "sv_mincmdrate") (value "67")
L 10/21/2021 - 00:18:31: [basecommands.smx] "Console<0><Console><Console>" changed cvar (cvar "sv_maxcmdrate") (value "67")
L 10/21/2021 - 00:18:31: [basecommands.smx] "Console<0><Console><Console>" changed cvar (cvar "sv_minupdaterate") (value "67")
L 10/21/2021 - 00:18:31: [basecommands.smx] "Console<0><Console><Console>" changed cvar (cvar "sv_maxupdaterate") (value "67")
L 10/21/2021 - 00:18:31: [basecommands.smx] "Console<0><Console><Console>" changed cvar (cvar "net_splitpacket_maxrate") (value "33500")
L 10/21/2021 - 00:18:31: [basecommands.smx] "Console<0><Console><Console>" changed cvar (cvar "fps_max") (value "0")
L 10/21/2021 - 00:18:31: [basecommands.smx] "Console<0><Console><Console>" changed cvar (cvar "confogl_match_execcfg_plugins") (value "generalfixes.cfg;confogl_plugins.cfg;sharedplugins.cfg")
L 10/21/2021 - 00:18:31: [basecommands.smx] "Console<0><Console><Console>" changed cvar (cvar "l4d2_addons_eclipse") (value "0")
L 10/21/2021 - 00:18:31: [basecommands.smx] "Console<0><Console><Console>" changed cvar (cvar "sv_allow_wait_command") (value "0")
L 10/21/2021 - 00:18:31: [basecommands.smx] "Console<0><Console><Console>" changed cvar (cvar "sv_minrate") (value "30000")
L 10/21/2021 - 00:18:31: [basecommands.smx] "Console<0><Console><Console>" changed cvar (cvar "sv_maxrate") (value "67000")
L 10/21/2021 - 00:18:31: [basecommands.smx] "Console<0><Console><Console>" changed cvar (cvar "sv_mincmdrate") (value "30")
L 10/21/2021 - 00:18:31: [basecommands.smx] "Console<0><Console><Console>" changed cvar (cvar "sv_maxcmdrate") (value "67")
L 10/21/2021 - 00:18:31: [basecommands.smx] "Console<0><Console><Console>" changed cvar (cvar "sv_minupdaterate") (value "30")
L 10/21/2021 - 00:18:31: [basecommands.smx] "Console<0><Console><Console>" changed cvar (cvar "sv_maxupdaterate") (value "67")
L 10/21/2021 - 00:18:31: [basecommands.smx] "Console<0><Console><Console>" changed cvar (cvar "nb_update_frequency") (value "0.03")
L 10/21/2021 - 00:18:31: [basecommands.smx] "Console<0><Console><Console>" changed cvar (cvar "net_splitpacket_maxrate") (value "33500")
L 10/21/2021 - 00:18:31: [basecommands.smx] "Console<0><Console><Console>" changed cvar (cvar "sv_client_min_interp_ratio") (value "0")
L 10/21/2021 - 00:18:31: [basecommands.smx] "Console<0><Console><Console>" changed cvar (cvar "sv_client_max_interp_ratio") (value "2")
L 10/21/2021 - 00:18:31: [basecommands.smx] "Console<0><Console><Console>" changed cvar (cvar "fps_max") (value "0")
L 10/21/2021 - 00:18:31: [basecommands.smx] "Console<0><Console><Console>" changed cvar (cvar "mv_maxplayers") (value "16")
L 10/21/2021 - 00:18:31: [basecommands.smx] "Console<0><Console><Console>" changed cvar (cvar "sv_maxplayers") (value "16")
L 10/21/2021 - 00:18:31: [basecommands.smx] "Console<0><Console><Console>" changed cvar (cvar "sv_allowdownload") (value "1")
L 10/21/2021 - 00:18:31: [basecommands.smx] "Console<0><Console><Console>" changed cvar (cvar "vs_max_team_switches") (value "9999")
L 10/21/2021 - 00:18:31: [basecommands.smx] "Console<0><Console><Console>" changed cvar (cvar "mp_autoteambalance") (value "0")
L 10/21/2021 - 00:18:31: [basecommands.smx] "Console<0><Console><Console>" changed cvar (cvar "sv_unlag_fixstuck") (value "1")
L 10/21/2021 - 00:18:31: [basecommands.smx] "Console<0><Console><Console>" changed cvar (cvar "z_brawl_chance") (value "0")
L 10/21/2021 - 00:18:31: [basecommands.smx] "Console<0><Console><Console>" changed cvar (cvar "sv_maxunlag") (value "1")
L 10/21/2021 - 00:18:31: [basecommands.smx] "Console<0><Console><Console>" changed cvar (cvar "sv_forcepreload") (value "1")
L 10/21/2021 - 00:18:31: [basecommands.smx] "Console<0><Console><Console>" changed cvar (cvar "sv_client_predict") (value "1")
L 10/21/2021 - 00:18:31: [basecommands.smx] "Console<0><Console><Console>" changed cvar (cvar "sv_client_cmdrate_difference") (value "0")
L 10/21/2021 - 00:18:31: [basecommands.smx] "Console<0><Console><Console>" changed cvar (cvar "sv_max_queries_sec_global") (value "10")
L 10/21/2021 - 00:18:31: [basecommands.smx] "Console<0><Console><Console>" changed cvar (cvar "sv_max_queries_sec") (value "3")
L 10/21/2021 - 00:18:31: [basecommands.smx] "Console<0><Console><Console>" changed cvar (cvar "sv_max_queries_window") (value "10")
L 10/21/2021 - 00:18:31: [basecommands.smx] "Console<0><Console><Console>" changed cvar (cvar "sv_player_stuck_tolerance") (value "5")
L 10/21/2021 - 00:18:31: [basecommands.smx] "Console<0><Console><Console>" changed cvar (cvar "sv_stats") (value "0")
L 10/21/2021 - 00:18:31: [basecommands.smx] "Console<0><Console><Console>" changed cvar (cvar "sv_clockcorrection_msecs") (value "25")
L 10/21/2021 - 00:18:31: [basecommands.smx] "Console<0><Console><Console>" changed cvar (cvar "z_max_neighbor_range") (value "16")
L 10/21/2021 - 00:18:31: [basecommands.smx] "Console<0><Console><Console>" changed cvar (cvar "nb_friction_forward") (value "0")
L 10/21/2021 - 00:18:31: [fixes/firebulletsfix.smx] Found offset for Weapon_ShootPosition 286
L 10/21/2021 - 00:18:35: -------- Mapchange to c1m1_hotel --------
L 10/21/2021 - 00:18:36: [basecommands.smx] "Console<0><Console><Console>" changed cvar (cvar "confogl_match_execcfg_plugins") (value "generalfixes.cfg;confogl_plugins.cfg;sharedplugins.cfg")
L 10/21/2021 - 00:18:36: [basecommands.smx] "Console<0><Console><Console>" changed cvar (cvar "l4d2_addons_eclipse") (value "0")
L 10/21/2021 - 00:18:36: [basecommands.smx] "Console<0><Console><Console>" changed cvar (cvar "sv_allow_wait_command") (value "0")
L 10/21/2021 - 00:18:36: [basecommands.smx] "Console<0><Console><Console>" changed cvar (cvar "sv_minrate") (value "30000")
L 10/21/2021 - 00:18:36: [basecommands.smx] "Console<0><Console><Console>" changed cvar (cvar "sv_maxrate") (value "67000")
L 10/21/2021 - 00:18:36: [basecommands.smx] "Console<0><Console><Console>" changed cvar (cvar "sv_mincmdrate") (value "30")
L 10/21/2021 - 00:18:36: [basecommands.smx] "Console<0><Console><Console>" changed cvar (cvar "sv_maxcmdrate") (value "67")
L 10/21/2021 - 00:18:36: [basecommands.smx] "Console<0><Console><Console>" changed cvar (cvar "sv_minupdaterate") (value "30")
L 10/21/2021 - 00:18:36: [basecommands.smx] "Console<0><Console><Console>" changed cvar (cvar "sv_maxupdaterate") (value "67")
L 10/21/2021 - 00:18:36: [basecommands.smx] "Console<0><Console><Console>" changed cvar (cvar "nb_update_frequency") (value "0.03")
L 10/21/2021 - 00:18:36: [basecommands.smx] "Console<0><Console><Console>" changed cvar (cvar "net_splitpacket_maxrate") (value "33500")
L 10/21/2021 - 00:18:36: [basecommands.smx] "Console<0><Console><Console>" changed cvar (cvar "sv_client_min_interp_ratio") (value "0")
L 10/21/2021 - 00:18:36: [basecommands.smx] "Console<0><Console><Console>" changed cvar (cvar "sv_client_max_interp_ratio") (value "2")
L 10/21/2021 - 00:18:36: [basecommands.smx] "Console<0><Console><Console>" changed cvar (cvar "fps_max") (value "0")
L 10/21/2021 - 00:18:36: [basecommands.smx] "Console<0><Console><Console>" changed cvar (cvar "mv_maxplayers") (value "16")
L 10/21/2021 - 00:18:36: [basecommands.smx] "Console<0><Console><Console>" changed cvar (cvar "sv_maxplayers") (value "16")
L 10/21/2021 - 00:18:36: [basecommands.smx] "Console<0><Console><Console>" changed cvar (cvar "sv_allowdownload") (value "1")
L 10/21/2021 - 00:18:36: [basecommands.smx] "Console<0><Console><Console>" changed cvar (cvar "l4d_nth_joininfected") (value "1")
L 10/21/2021 - 00:18:36: [basecommands.smx] "Console<0><Console><Console>" changed cvar (cvar "l4d_nth_joinsurvivors") (value "1")
L 10/21/2021 - 00:18:36: [basecommands.smx] "Console<0><Console><Console>" changed cvar (cvar "l4d_nth_kill") (value "0")
L 10/21/2021 - 00:18:36: [basecommands.smx] "Console<0><Console><Console>" changed cvar (cvar "l4d_nth_spectate") (value "1")
L 10/21/2021 - 00:18:36: [basecommands.smx] "Console<0><Console><Console>" changed cvar (cvar "l4d_nth_message") (value "0")
L 10/21/2021 - 00:18:36: [basecommands.smx] "Console<0><Console><Console>" changed cvar (cvar "l4d_nth_timerrepeat") (value "9999")
L 10/21/2021 - 00:18:36: [basecommands.smx] "Console<0><Console><Console>" changed cvar (cvar "vs_max_team_switches") (value "9999")
L 10/21/2021 - 00:18:36: [basecommands.smx] "Console<0><Console><Console>" changed cvar (cvar "mp_autoteambalance") (value "0")
L 10/21/2021 - 00:18:36: [basecommands.smx] "Console<0><Console><Console>" changed cvar (cvar "sv_unlag_fixstuck") (value "1")
L 10/21/2021 - 00:18:36: [basecommands.smx] "Console<0><Console><Console>" changed cvar (cvar "z_brawl_chance") (value "0")
L 10/21/2021 - 00:18:36: [basecommands.smx] "Console<0><Console><Console>" changed cvar (cvar "sv_maxunlag") (value "1")
L 10/21/2021 - 00:18:36: [basecommands.smx] "Console<0><Console><Console>" changed cvar (cvar "sv_forcepreload") (value "1")
L 10/21/2021 - 00:18:36: [basecommands.smx] "Console<0><Console><Console>" changed cvar (cvar "sv_client_predict") (value "1")
L 10/21/2021 - 00:18:36: [basecommands.smx] "Console<0><Console><Console>" changed cvar (cvar "sv_client_cmdrate_difference") (value "0")
L 10/21/2021 - 00:18:36: [basecommands.smx] "Console<0><Console><Console>" changed cvar (cvar "sv_max_queries_sec_global") (value "10")
L 10/21/2021 - 00:18:36: [basecommands.smx] "Console<0><Console><Console>" changed cvar (cvar "sv_max_queries_sec") (value "3")
L 10/21/2021 - 00:18:36: [basecommands.smx] "Console<0><Console><Console>" changed cvar (cvar "sv_max_queries_window") (value "10")
L 10/21/2021 - 00:18:36: [basecommands.smx] "Console<0><Console><Console>" changed cvar (cvar "sv_player_stuck_tolerance") (value "5")
L 10/21/2021 - 00:18:36: [basecommands.smx] "Console<0><Console><Console>" changed cvar (cvar "sv_stats") (value "0")
L 10/21/2021 - 00:18:36: [basecommands.smx] "Console<0><Console><Console>" changed cvar (cvar "sv_clockcorrection_msecs") (value "25")
L 10/21/2021 - 00:18:36: [basecommands.smx] "Console<0><Console><Console>" changed cvar (cvar "z_max_neighbor_range") (value "16")
L 10/21/2021 - 00:18:36: [basecommands.smx] "Console<0><Console><Console>" changed cvar (cvar "nb_friction_forward") (value "0")
