L 12/03/2021 - 14:36:14: SourceMod log file session started (file "/home/k26606_s20329/server_20329/left4dead2/addons/sourcemod/logs/L20211203.log") (Version "1.10.0.6494")
L 12/03/2021 - 14:36:14: [basecommands.smx] "Console<0><Console><Console>" changed cvar (cvar "confogl_match_execcfg_plugins") (value "generalfixes.cfg;confogl_plugins.cfg;sharedplugins.cfg")
L 12/03/2021 - 14:36:14: [basecommands.smx] "Console<0><Console><Console>" changed cvar (cvar "l4d2_addons_eclipse") (value "0")
L 12/03/2021 - 14:36:14: [basecommands.smx] "Console<0><Console><Console>" changed cvar (cvar "sv_allow_wait_command") (value "0")
L 12/03/2021 - 14:36:14: [basecommands.smx] "Console<0><Console><Console>" changed cvar (cvar "sv_minrate") (value "108000")
L 12/03/2021 - 14:36:14: [basecommands.smx] "Console<0><Console><Console>" changed cvar (cvar "sv_maxrate") (value "108000")
L 12/03/2021 - 14:36:14: [basecommands.smx] "Console<0><Console><Console>" changed cvar (cvar "sv_mincmdrate") (value "108")
L 12/03/2021 - 14:36:14: [basecommands.smx] "Console<0><Console><Console>" changed cvar (cvar "sv_maxcmdrate") (value "108")
L 12/03/2021 - 14:36:14: [basecommands.smx] "Console<0><Console><Console>" changed cvar (cvar "sv_minupdaterate") (value "108")
L 12/03/2021 - 14:36:14: [basecommands.smx] "Console<0><Console><Console>" changed cvar (cvar "sv_maxupdaterate") (value "108")
L 12/03/2021 - 14:36:14: [basecommands.smx] "Console<0><Console><Console>" changed cvar (cvar "nb_update_frequency") (value "0.024")
L 12/03/2021 - 14:36:14: [basecommands.smx] "Console<0><Console><Console>" changed cvar (cvar "net_splitpacket_maxrate") (value "54000")
L 12/03/2021 - 14:36:14: [basecommands.smx] "Console<0><Console><Console>" changed cvar (cvar "sv_client_min_interp_ratio") (value "0")
L 12/03/2021 - 14:36:14: [basecommands.smx] "Console<0><Console><Console>" changed cvar (cvar "sv_client_max_interp_ratio") (value "2")
L 12/03/2021 - 14:36:14: [basecommands.smx] "Console<0><Console><Console>" changed cvar (cvar "fps_max") (value "200")
L 12/03/2021 - 14:36:14: [basecommands.smx] "Console<0><Console><Console>" changed cvar (cvar "mv_maxplayers") (value "16")
L 12/03/2021 - 14:36:14: [basecommands.smx] "Console<0><Console><Console>" changed cvar (cvar "sv_maxplayers") (value "16")
L 12/03/2021 - 14:36:14: [basecommands.smx] "Console<0><Console><Console>" changed cvar (cvar "sv_allowdownload") (value "1")
L 12/03/2021 - 14:36:14: [basecommands.smx] "Console<0><Console><Console>" changed cvar (cvar "l4d_nth_joininfected") (value "1")
L 12/03/2021 - 14:36:14: [basecommands.smx] "Console<0><Console><Console>" changed cvar (cvar "l4d_nth_joinsurvivors") (value "1")
L 12/03/2021 - 14:36:14: [basecommands.smx] "Console<0><Console><Console>" changed cvar (cvar "l4d_nth_kill") (value "0")
L 12/03/2021 - 14:36:14: [basecommands.smx] "Console<0><Console><Console>" changed cvar (cvar "l4d_nth_spectate") (value "1")
L 12/03/2021 - 14:36:14: [basecommands.smx] "Console<0><Console><Console>" changed cvar (cvar "l4d_nth_message") (value "0")
L 12/03/2021 - 14:36:14: [basecommands.smx] "Console<0><Console><Console>" changed cvar (cvar "l4d_nth_timerrepeat") (value "9999")
L 12/03/2021 - 14:36:14: [basecommands.smx] "Console<0><Console><Console>" changed cvar (cvar "vs_max_team_switches") (value "9999")
L 12/03/2021 - 14:36:14: [basecommands.smx] "Console<0><Console><Console>" changed cvar (cvar "mp_autoteambalance") (value "0")
L 12/03/2021 - 14:36:14: [basecommands.smx] "Console<0><Console><Console>" changed cvar (cvar "sv_unlag_fixstuck") (value "1")
L 12/03/2021 - 14:36:14: [basecommands.smx] "Console<0><Console><Console>" changed cvar (cvar "z_brawl_chance") (value "0")
L 12/03/2021 - 14:36:14: [basecommands.smx] "Console<0><Console><Console>" changed cvar (cvar "sv_maxunlag") (value "1")
L 12/03/2021 - 14:36:14: [basecommands.smx] "Console<0><Console><Console>" changed cvar (cvar "sv_forcepreload") (value "1")
L 12/03/2021 - 14:36:14: [basecommands.smx] "Console<0><Console><Console>" changed cvar (cvar "sv_client_predict") (value "1")
L 12/03/2021 - 14:36:14: [basecommands.smx] "Console<0><Console><Console>" changed cvar (cvar "sv_client_cmdrate_difference") (value "0")
L 12/03/2021 - 14:36:14: [basecommands.smx] "Console<0><Console><Console>" changed cvar (cvar "sv_max_queries_sec_global") (value "10")
L 12/03/2021 - 14:36:14: [basecommands.smx] "Console<0><Console><Console>" changed cvar (cvar "sv_max_queries_sec") (value "3")
L 12/03/2021 - 14:36:14: [basecommands.smx] "Console<0><Console><Console>" changed cvar (cvar "sv_max_queries_window") (value "10")
L 12/03/2021 - 14:36:14: [basecommands.smx] "Console<0><Console><Console>" changed cvar (cvar "sv_player_stuck_tolerance") (value "5")
L 12/03/2021 - 14:36:14: [basecommands.smx] "Console<0><Console><Console>" changed cvar (cvar "sv_stats") (value "0")
L 12/03/2021 - 14:36:14: [basecommands.smx] "Console<0><Console><Console>" changed cvar (cvar "sv_clockcorrection_msecs") (value "25")
L 12/03/2021 - 14:39:02: [optional/kether/l4d2_skill_detect.smx] Charge carry start: 5 - 4 -- time: 168.74
L 12/03/2021 - 14:39:04: [optional/kether/l4d2_skill_detect.smx] Clear: 1 freed 4 from 5: time: 0.03 / 1.53 -- class: charger (with shove? 0)
L 12/03/2021 - 14:39:06: [optional/kether/l4d2_skill_detect.smx] Clear: 1 freed 3 from 6: time: 1.77 / -1.00 -- class: hunter (with shove? 0)
L 12/03/2021 - 14:39:06: [optional/kether/l4d2_skill_detect.smx] Checking charge victim: 5 - 4 - flags: 1 (alive? 1)
L 12/03/2021 - 14:39:07: [optional/kether/l4d2_skill_detect.smx] Clear: 4 freed 2 from 7: time: 0.61 / 3.43 -- class: smoker (with shove? 1)
L 12/03/2021 - 14:39:31: [optional/kether/l4d2_skill_detect.smx] Clear: 1 freed 4 from 7: time: 3.67 / 6.31 -- class: smoker (with shove? 0)
L 12/03/2021 - 14:39:49: [optional/kether/l4d2_skill_detect.smx] Clear: 3 freed 4 from 8: time: 3.39 / 215.47 -- class: charger (with shove? 0)
L 12/03/2021 - 14:39:49: [optional/kether/l4d2_skill_detect.smx] Clear: 2 freed 1 from 7: time: -1.00 / 1.06 -- class: smoker (with shove? 1)
L 12/03/2021 - 14:40:02: [optional/kether/l4d2_skill_detect.smx] Clear: 4 freed 2 from 6: time: 1.21 / -1.00 -- class: jockey (with shove? 1)
L 12/03/2021 - 14:40:33: [optional/kether/l4d2_skill_detect.smx] Clear: 4 freed 1 from 5: time: 3.70 / -1.00 -- class: hunter (with shove? 1)
L 12/03/2021 - 14:41:03: [optional/kether/l4d2_skill_detect.smx] Charge carry start: 8 - 2 -- time: 289.32
L 12/03/2021 - 14:41:04: [optional/kether/l4d2_skill_detect.smx] Witch Crown Check: crown shot: 857, harrassed: 1 (full health: 1000 / drawthresh: 500 / oneshot 0)
L 12/03/2021 - 14:41:07: [optional/kether/l4d2_skill_detect.smx] Checking charge victim: 8 - 2 - flags: 1 (alive? 1)
L 12/03/2021 - 14:41:19: [optional/kether/l4d2_skill_detect.smx] Clear: 3 freed 2 from 8: time: 14.12 / 16.38 -- class: charger (with shove? 0)
L 12/03/2021 - 14:41:58: [optional/kether/l4d2_skill_detect.smx] Clear: 4 freed 1 from 5: time: -1.00 / 1.83 -- class: smoker (with shove? 0)
L 12/03/2021 - 14:42:59: [optional/kether/l4d2_skill_detect.smx] Clear: 3 freed 4 from 8: time: 6.59 / -1.00 -- class: jockey (with shove? 0)
L 12/03/2021 - 14:43:07: [optional/kether/l4d2_skill_detect.smx] Clear: 3 freed 4 from 7: time: 6.94 / -1.00 -- class: hunter (with shove? 0)
L 12/03/2021 - 14:43:26: [optional/kether/l4d2_skill_detect.smx] Clear: 4 freed 3 from 5: time: -1.00 / 1.72 -- class: smoker (with shove? 1)
L 12/03/2021 - 14:46:17: [optional/kether/l4d2_skill_detect.smx] Clear: 5 freed 6 from 1: time: 0.96 / -1.00 -- class: hunter (with shove? 0)
L 12/03/2021 - 14:46:18: [optional/kether/l4d2_skill_detect.smx] Charge carry start: 2 - 7 -- time: 603.76
L 12/03/2021 - 14:46:20: [optional/kether/l4d2_skill_detect.smx] Clear: 6 freed 8 from 3: time: 1.62 / 5.80 -- class: smoker (with shove? 0)
L 12/03/2021 - 14:46:21: [optional/kether/l4d2_skill_detect.smx] Checking charge victim: 2 - 7 - flags: 1 (alive? 1)
L 12/03/2021 - 14:46:22: [optional/kether/l4d2_skill_detect.smx] Clear: 8 freed 7 from 2: time: 2.89 / 4.25 -- class: charger (with shove? 0)
L 12/03/2021 - 14:46:53: [optional/kether/l4d2_skill_detect.smx] Clear: 6 freed 8 from 1: time: 2.04 / -1.00 -- class: jockey (with shove? 0)
L 12/03/2021 - 14:47:33: [optional/kether/l4d2_skill_detect.smx] Witch Crown Check: crown shot: 899, harrassed: 1 (full health: 1000 / drawthresh: 500 / oneshot 0)
L 12/03/2021 - 14:48:20: [optional/kether/l4d2_skill_detect.smx] Clear: 5 freed 5 from 1: time: -1.00 / 0.19 -- class: smoker (with shove? 1)
L 12/03/2021 - 14:48:44: [optional/kether/l4d2_skill_detect.smx] Clear: 7 freed 5 from 2: time: 1.57 / -1.00 -- class: hunter (with shove? 0)
L 12/03/2021 - 14:48:56: [optional/kether/l4d2_skill_detect.smx] Clear: 6 freed 8 from 1: time: 7.37 / -1.00 -- class: jockey (with shove? 1)
L 12/03/2021 - 14:49:26: [optional/kether/l4d2_skill_detect.smx] Clear: 8 freed 6 from 3: time: -1.00 / 2.24 -- class: smoker (with shove? 0)
L 12/03/2021 - 14:49:41: [optional/kether/l4d2_skill_detect.smx] Clear: 8 freed 6 from 1: time: 1.38 / -1.00 -- class: hunter (with shove? 0)
L 12/03/2021 - 14:50:17: -------- Mapchange to c11m1_greenhouse --------
L 12/03/2021 - 14:50:17: [basecommands.smx] "Console<0><Console><Console>" changed cvar (cvar "confogl_match_execcfg_plugins") (value "generalfixes.cfg;confogl_plugins.cfg;sharedplugins.cfg")
L 12/03/2021 - 14:50:17: [basecommands.smx] "Console<0><Console><Console>" changed cvar (cvar "l4d2_addons_eclipse") (value "0")
L 12/03/2021 - 14:50:17: [basecommands.smx] "Console<0><Console><Console>" changed cvar (cvar "sv_allow_wait_command") (value "0")
L 12/03/2021 - 14:50:17: [basecommands.smx] "Console<0><Console><Console>" changed cvar (cvar "sv_minrate") (value "108000")
L 12/03/2021 - 14:50:17: [basecommands.smx] "Console<0><Console><Console>" changed cvar (cvar "sv_maxrate") (value "108000")
L 12/03/2021 - 14:50:17: [basecommands.smx] "Console<0><Console><Console>" changed cvar (cvar "sv_mincmdrate") (value "108")
L 12/03/2021 - 14:50:17: [basecommands.smx] "Console<0><Console><Console>" changed cvar (cvar "sv_maxcmdrate") (value "108")
L 12/03/2021 - 14:50:17: [basecommands.smx] "Console<0><Console><Console>" changed cvar (cvar "sv_minupdaterate") (value "108")
L 12/03/2021 - 14:50:17: [basecommands.smx] "Console<0><Console><Console>" changed cvar (cvar "sv_maxupdaterate") (value "108")
L 12/03/2021 - 14:50:17: [basecommands.smx] "Console<0><Console><Console>" changed cvar (cvar "nb_update_frequency") (value "0.024")
L 12/03/2021 - 14:50:17: [basecommands.smx] "Console<0><Console><Console>" changed cvar (cvar "net_splitpacket_maxrate") (value "54000")
L 12/03/2021 - 14:50:17: [basecommands.smx] "Console<0><Console><Console>" changed cvar (cvar "sv_client_min_interp_ratio") (value "0")
L 12/03/2021 - 14:50:17: [basecommands.smx] "Console<0><Console><Console>" changed cvar (cvar "sv_client_max_interp_ratio") (value "2")
L 12/03/2021 - 14:50:17: [basecommands.smx] "Console<0><Console><Console>" changed cvar (cvar "fps_max") (value "200")
L 12/03/2021 - 14:50:17: [basecommands.smx] "Console<0><Console><Console>" changed cvar (cvar "mv_maxplayers") (value "16")
L 12/03/2021 - 14:50:17: [basecommands.smx] "Console<0><Console><Console>" changed cvar (cvar "sv_maxplayers") (value "16")
L 12/03/2021 - 14:50:17: [basecommands.smx] "Console<0><Console><Console>" changed cvar (cvar "sv_allowdownload") (value "1")
L 12/03/2021 - 14:50:17: [basecommands.smx] "Console<0><Console><Console>" changed cvar (cvar "l4d_nth_joininfected") (value "1")
L 12/03/2021 - 14:50:17: [basecommands.smx] "Console<0><Console><Console>" changed cvar (cvar "l4d_nth_joinsurvivors") (value "1")
L 12/03/2021 - 14:50:17: [basecommands.smx] "Console<0><Console><Console>" changed cvar (cvar "l4d_nth_kill") (value "0")
L 12/03/2021 - 14:50:17: [basecommands.smx] "Console<0><Console><Console>" changed cvar (cvar "l4d_nth_spectate") (value "1")
L 12/03/2021 - 14:50:17: [basecommands.smx] "Console<0><Console><Console>" changed cvar (cvar "l4d_nth_message") (value "0")
L 12/03/2021 - 14:50:17: [basecommands.smx] "Console<0><Console><Console>" changed cvar (cvar "l4d_nth_timerrepeat") (value "9999")
L 12/03/2021 - 14:50:17: [basecommands.smx] "Console<0><Console><Console>" changed cvar (cvar "vs_max_team_switches") (value "9999")
L 12/03/2021 - 14:50:17: [basecommands.smx] "Console<0><Console><Console>" changed cvar (cvar "mp_autoteambalance") (value "0")
L 12/03/2021 - 14:50:17: [basecommands.smx] "Console<0><Console><Console>" changed cvar (cvar "sv_unlag_fixstuck") (value "1")
L 12/03/2021 - 14:50:17: [basecommands.smx] "Console<0><Console><Console>" changed cvar (cvar "z_brawl_chance") (value "0")
L 12/03/2021 - 14:50:17: [basecommands.smx] "Console<0><Console><Console>" changed cvar (cvar "sv_maxunlag") (value "1")
L 12/03/2021 - 14:50:17: [basecommands.smx] "Console<0><Console><Console>" changed cvar (cvar "sv_forcepreload") (value "1")
L 12/03/2021 - 14:50:17: [basecommands.smx] "Console<0><Console><Console>" changed cvar (cvar "sv_client_predict") (value "1")
L 12/03/2021 - 14:50:17: [basecommands.smx] "Console<0><Console><Console>" changed cvar (cvar "sv_client_cmdrate_difference") (value "0")
L 12/03/2021 - 14:50:17: [basecommands.smx] "Console<0><Console><Console>" changed cvar (cvar "sv_max_queries_sec_global") (value "10")
L 12/03/2021 - 14:50:17: [basecommands.smx] "Console<0><Console><Console>" changed cvar (cvar "sv_max_queries_sec") (value "3")
L 12/03/2021 - 14:50:17: [basecommands.smx] "Console<0><Console><Console>" changed cvar (cvar "sv_max_queries_window") (value "10")
L 12/03/2021 - 14:50:17: [basecommands.smx] "Console<0><Console><Console>" changed cvar (cvar "sv_player_stuck_tolerance") (value "5")
L 12/03/2021 - 14:50:17: [basecommands.smx] "Console<0><Console><Console>" changed cvar (cvar "sv_stats") (value "0")
L 12/03/2021 - 14:50:17: [basecommands.smx] "Console<0><Console><Console>" changed cvar (cvar "sv_clockcorrection_msecs") (value "25")
L 12/03/2021 - 14:52:20: [basecommands.smx] "af1`<5><STEAM_1:1:117101124><>" kicked "j.<22><STEAM_1:0:599016452><>" (reason ""suck a dick"")
L 12/03/2021 - 14:54:07: [optional/kether/l4d2_skill_detect.smx] Clear: 1 freed 7 from 5: time: 0.81 / 1.13 -- class: smoker (with shove? 0)
L 12/03/2021 - 14:54:39: [optional/kether/l4d2_skill_detect.smx] Clear: 2 freed 6 from 4: time: 1.02 / -1.00 -- class: jockey (with shove? 1)
L 12/03/2021 - 14:54:42: [optional/kether/l4d2_skill_detect.smx] Witch Crown Check: crown shot: 164, harrassed: 1 (full health: 1000 / drawthresh: 500 / oneshot 0)
L 12/03/2021 - 14:54:58: [optional/kether/l4d2_skill_detect.smx] Clear: 6 freed 1 from 5: time: 3.17 / -1.00 -- class: hunter (with shove? 0)
L 12/03/2021 - 14:55:01: [optional/kether/l4d2_skill_detect.smx] Charge carry start: 8 - 1 -- time: 283.71
L 12/03/2021 - 14:55:05: [optional/kether/l4d2_skill_detect.smx] Checking charge victim: 8 - 1 - flags: 145 (alive? 1)
L 12/03/2021 - 14:55:08: [optional/kether/l4d2_skill_detect.smx] Checking charge victim: 8 - 1 - flags: 403 (alive? 0)
L 12/03/2021 - 14:55:32: [optional/kether/l4d2_skill_detect.smx] Clear: 2 freed 7 from 5: time: 0.62 / -1.00 -- class: jockey (with shove? 1)
L 12/03/2021 - 14:57:18: [optional/kether/l4d2_skill_detect.smx] Clear: 3 freed 8 from 6: time: 1.80 / -1.00 -- class: hunter (with shove? 1)
L 12/03/2021 - 14:57:43: [optional/kether/l4d2_skill_detect.smx] Clear: 3 freed 8 from 2: time: 2.25 / -1.00 -- class: jockey (with shove? 1)
L 12/03/2021 - 14:58:05: [optional/kether/l4d2_skill_detect.smx] Clear: 3 freed 3 from 1: time: -1.00 / 0.62 -- class: smoker (with shove? 1)
L 12/03/2021 - 14:58:06: [optional/kether/l4d2_skill_detect.smx] Witch Crown Check: Failed: bungled: 1 / crowntype: 1 (entity: 177)
L 12/03/2021 - 14:58:06: [optional/kether/l4d2_skill_detect.smx] Witch Crown Check: Further details: attacker: Muha, attacker dmg: 130, teamless dmg: 8
L 12/03/2021 - 14:58:18: [optional/kether/l4d2_skill_detect.smx] Clear: 3 freed 8 from 2: time: 1.34 / -1.00 -- class: hunter (with shove? 0)
L 12/03/2021 - 15:00:24: [optional/kether/l4d2_skill_detect.smx] Clear: 5 freed 4 from 2: time: 0.18 / 2.49 -- class: smoker (with shove? 0)
L 12/03/2021 - 15:01:03: [optional/kether/l4d2_skill_detect.smx] Charge carry start: 7 - 9 -- time: 646.47
L 12/03/2021 - 15:01:06: [optional/kether/l4d2_skill_detect.smx] Clear: 4 freed 9 from 7: time: 0.62 / 2.20 -- class: charger (with shove? 0)
L 12/03/2021 - 15:01:07: [optional/kether/l4d2_skill_detect.smx] Checking charge victim: 7 - 8 - flags: 0 (alive? 1)
L 12/03/2021 - 15:01:07: [optional/kether/l4d2_skill_detect.smx] Checking charge victim: 7 - 9 - flags: 1 (alive? 1)
L 12/03/2021 - 15:01:27: [optional/kether/l4d2_skill_detect.smx] calarm trigger: caller 741 / activator 741 / delay: 0.00
L 12/03/2021 - 15:01:53: -------- Mapchange to c11m2_offices --------
L 12/03/2021 - 15:01:54: [basecommands.smx] "Console<0><Console><Console>" changed cvar (cvar "confogl_match_execcfg_plugins") (value "generalfixes.cfg;confogl_plugins.cfg;sharedplugins.cfg")
L 12/03/2021 - 15:01:54: [basecommands.smx] "Console<0><Console><Console>" changed cvar (cvar "l4d2_addons_eclipse") (value "0")
L 12/03/2021 - 15:01:54: [basecommands.smx] "Console<0><Console><Console>" changed cvar (cvar "sv_allow_wait_command") (value "0")
L 12/03/2021 - 15:01:54: [basecommands.smx] "Console<0><Console><Console>" changed cvar (cvar "sv_minrate") (value "108000")
L 12/03/2021 - 15:01:54: [basecommands.smx] "Console<0><Console><Console>" changed cvar (cvar "sv_maxrate") (value "108000")
L 12/03/2021 - 15:01:54: [basecommands.smx] "Console<0><Console><Console>" changed cvar (cvar "sv_mincmdrate") (value "108")
L 12/03/2021 - 15:01:54: [basecommands.smx] "Console<0><Console><Console>" changed cvar (cvar "sv_maxcmdrate") (value "108")
L 12/03/2021 - 15:01:54: [basecommands.smx] "Console<0><Console><Console>" changed cvar (cvar "sv_minupdaterate") (value "108")
L 12/03/2021 - 15:01:54: [basecommands.smx] "Console<0><Console><Console>" changed cvar (cvar "sv_maxupdaterate") (value "108")
L 12/03/2021 - 15:01:54: [basecommands.smx] "Console<0><Console><Console>" changed cvar (cvar "nb_update_frequency") (value "0.024")
L 12/03/2021 - 15:01:54: [basecommands.smx] "Console<0><Console><Console>" changed cvar (cvar "net_splitpacket_maxrate") (value "54000")
L 12/03/2021 - 15:01:54: [basecommands.smx] "Console<0><Console><Console>" changed cvar (cvar "sv_client_min_interp_ratio") (value "0")
L 12/03/2021 - 15:01:54: [basecommands.smx] "Console<0><Console><Console>" changed cvar (cvar "sv_client_max_interp_ratio") (value "2")
L 12/03/2021 - 15:01:54: [basecommands.smx] "Console<0><Console><Console>" changed cvar (cvar "fps_max") (value "200")
L 12/03/2021 - 15:01:54: [basecommands.smx] "Console<0><Console><Console>" changed cvar (cvar "mv_maxplayers") (value "16")
L 12/03/2021 - 15:01:54: [basecommands.smx] "Console<0><Console><Console>" changed cvar (cvar "sv_maxplayers") (value "16")
L 12/03/2021 - 15:01:54: [basecommands.smx] "Console<0><Console><Console>" changed cvar (cvar "sv_allowdownload") (value "1")
L 12/03/2021 - 15:01:54: [basecommands.smx] "Console<0><Console><Console>" changed cvar (cvar "l4d_nth_joininfected") (value "1")
L 12/03/2021 - 15:01:54: [basecommands.smx] "Console<0><Console><Console>" changed cvar (cvar "l4d_nth_joinsurvivors") (value "1")
L 12/03/2021 - 15:01:54: [basecommands.smx] "Console<0><Console><Console>" changed cvar (cvar "l4d_nth_kill") (value "0")
L 12/03/2021 - 15:01:54: [basecommands.smx] "Console<0><Console><Console>" changed cvar (cvar "l4d_nth_spectate") (value "1")
L 12/03/2021 - 15:01:54: [basecommands.smx] "Console<0><Console><Console>" changed cvar (cvar "l4d_nth_message") (value "0")
L 12/03/2021 - 15:01:54: [basecommands.smx] "Console<0><Console><Console>" changed cvar (cvar "l4d_nth_timerrepeat") (value "9999")
L 12/03/2021 - 15:01:54: [basecommands.smx] "Console<0><Console><Console>" changed cvar (cvar "vs_max_team_switches") (value "9999")
L 12/03/2021 - 15:01:54: [basecommands.smx] "Console<0><Console><Console>" changed cvar (cvar "mp_autoteambalance") (value "0")
L 12/03/2021 - 15:01:54: [basecommands.smx] "Console<0><Console><Console>" changed cvar (cvar "sv_unlag_fixstuck") (value "1")
L 12/03/2021 - 15:01:54: [basecommands.smx] "Console<0><Console><Console>" changed cvar (cvar "z_brawl_chance") (value "0")
L 12/03/2021 - 15:01:54: [basecommands.smx] "Console<0><Console><Console>" changed cvar (cvar "sv_maxunlag") (value "1")
L 12/03/2021 - 15:01:54: [basecommands.smx] "Console<0><Console><Console>" changed cvar (cvar "sv_forcepreload") (value "1")
L 12/03/2021 - 15:01:54: [basecommands.smx] "Console<0><Console><Console>" changed cvar (cvar "sv_client_predict") (value "1")
L 12/03/2021 - 15:01:54: [basecommands.smx] "Console<0><Console><Console>" changed cvar (cvar "sv_client_cmdrate_difference") (value "0")
L 12/03/2021 - 15:01:54: [basecommands.smx] "Console<0><Console><Console>" changed cvar (cvar "sv_max_queries_sec_global") (value "10")
L 12/03/2021 - 15:01:54: [basecommands.smx] "Console<0><Console><Console>" changed cvar (cvar "sv_max_queries_sec") (value "3")
L 12/03/2021 - 15:01:54: [basecommands.smx] "Console<0><Console><Console>" changed cvar (cvar "sv_max_queries_window") (value "10")
L 12/03/2021 - 15:01:54: [basecommands.smx] "Console<0><Console><Console>" changed cvar (cvar "sv_player_stuck_tolerance") (value "5")
L 12/03/2021 - 15:01:54: [basecommands.smx] "Console<0><Console><Console>" changed cvar (cvar "sv_stats") (value "0")
L 12/03/2021 - 15:01:54: [basecommands.smx] "Console<0><Console><Console>" changed cvar (cvar "sv_clockcorrection_msecs") (value "25")
L 12/03/2021 - 15:05:17: [optional/kether/l4d2_skill_detect.smx] Clear: 7 freed 8 from 2: time: 0.94 / -1.00 -- class: jockey (with shove? 0)
L 12/03/2021 - 15:06:00: [optional/kether/l4d2_skill_detect.smx] Clear: 7 freed 8 from 6: time: -1.00 / 1.56 -- class: smoker (with shove? 1)
L 12/03/2021 - 15:06:01: [optional/kether/l4d2_skill_detect.smx] Clear: 4 freed 5 from 9: time: 0.91 / -1.00 -- class: hunter (with shove? 0)
L 12/03/2021 - 15:06:36: [optional/kether/l4d2_skill_detect.smx] Clear: 4 freed 7 from 9: time: 3.83 / -1.00 -- class: jockey (with shove? 0)
L 12/03/2021 - 15:06:42: [optional/kether/l4d2_skill_detect.smx] Clear: 4 freed 8 from 1: time: 1.83 / 288.64 -- class: charger (with shove? 0)
L 12/03/2021 - 15:08:05: [optional/kether/l4d2_skill_detect.smx] Clear: 5 freed 4 from 1: time: 0.81 / -1.00 -- class: hunter (with shove? 0)
L 12/03/2021 - 15:08:21: [optional/kether/l4d2_skill_detect.smx] Clear: 7 freed 8 from 2: time: 2.92 / -1.00 -- class: jockey (with shove? 0)
L 12/03/2021 - 15:08:39: [optional/kether/l4d2_skill_detect.smx] Charge carry start: 1 - 4 -- time: 406.08
L 12/03/2021 - 15:08:43: [optional/kether/l4d2_skill_detect.smx] Checking charge victim: 1 - 4 - flags: 1 (alive? 1)
L 12/03/2021 - 15:10:05: [optional/kether/l4d2_skill_detect.smx] Clear: 8 freed 4 from 2: time: 1.50 / -1.00 -- class: hunter (with shove? 0)
L 12/03/2021 - 15:12:10: [optional/kether/l4d2_skill_detect.smx] Clear: 5 freed 7 from 2: time: 2.49 / 2.79 -- class: smoker (with shove? 1)
L 12/03/2021 - 15:12:16: [optional/kether/l4d2_skill_detect.smx] Charge carry start: 9 - 8 -- time: 622.53
L 12/03/2021 - 15:12:18: [optional/kether/l4d2_skill_detect.smx] Clear: 7 freed 8 from 9: time: 0.52 / 1.87 -- class: charger (with shove? 0)
L 12/03/2021 - 15:12:19: [optional/kether/l4d2_skill_detect.smx] Checking charge victim: 9 - 8 - flags: 1 (alive? 1)
L 12/03/2021 - 15:12:32: [optional/kether/l4d2_skill_detect.smx] Witch Crown Check: crown shot: 976, harrassed: 0 (full health: 1000 / drawthresh: 500 / oneshot 1)
L 12/03/2021 - 15:12:44: [optional/kether/l4d2_skill_detect.smx] Clear: 7 freed 8 from 1: time: 0.85 / -1.00 -- class: hunter (with shove? 0)
L 12/03/2021 - 15:13:21: [optional/kether/l4d2_skill_detect.smx] Clear: 7 freed 4 from 2: time: 2.42 / 2.55 -- class: smoker (with shove? 0)
L 12/03/2021 - 15:15:50: [optional/kether/l4d2_skill_detect.smx] Clear: 6 freed 1 from 8: time: 5.41 / 5.51 -- class: smoker (with shove? 1)
L 12/03/2021 - 15:16:25: [optional/kether/l4d2_skill_detect.smx] Clear: 1 freed 2 from 7: time: 3.54 / -1.00 -- class: hunter (with shove? 1)
L 12/03/2021 - 15:17:05: [optional/kether/l4d2_skill_detect.smx] Clear: 2 freed 1 from 5: time: -1.00 / 1.06 -- class: smoker (with shove? 1)
L 12/03/2021 - 15:17:23: [optional/kether/l4d2_skill_detect.smx] Clear: 1 freed 9 from 4: time: 2.40 / -1.00 -- class: jockey (with shove? 0)
L 12/03/2021 - 15:18:29: [optional/kether/l4d2_skill_detect.smx] Clear: 1 freed 1 from 5: time: -1.00 / 0.84 -- class: smoker (with shove? 0)
L 12/03/2021 - 15:18:54: [optional/kether/l4d2_skill_detect.smx] Charge carry start: 8 - 6 -- time: 1021.06
L 12/03/2021 - 15:18:55: [optional/kether/l4d2_skill_detect.smx] Clear: 2 freed 6 from 8: time: 0.00 / 0.39 -- class: charger (with shove? 0)
L 12/03/2021 - 15:18:57: [optional/kether/l4d2_skill_detect.smx] Checking charge victim: 8 - 6 - flags: 1 (alive? 1)
L 12/03/2021 - 15:19:34: -------- Mapchange to c11m3_garage --------
L 12/03/2021 - 15:19:35: [basecommands.smx] "Console<0><Console><Console>" changed cvar (cvar "confogl_match_execcfg_plugins") (value "generalfixes.cfg;confogl_plugins.cfg;sharedplugins.cfg")
L 12/03/2021 - 15:19:35: [basecommands.smx] "Console<0><Console><Console>" changed cvar (cvar "l4d2_addons_eclipse") (value "0")
L 12/03/2021 - 15:19:35: [basecommands.smx] "Console<0><Console><Console>" changed cvar (cvar "sv_allow_wait_command") (value "0")
L 12/03/2021 - 15:19:35: [basecommands.smx] "Console<0><Console><Console>" changed cvar (cvar "sv_minrate") (value "108000")
L 12/03/2021 - 15:19:35: [basecommands.smx] "Console<0><Console><Console>" changed cvar (cvar "sv_maxrate") (value "108000")
L 12/03/2021 - 15:19:35: [basecommands.smx] "Console<0><Console><Console>" changed cvar (cvar "sv_mincmdrate") (value "108")
L 12/03/2021 - 15:19:35: [basecommands.smx] "Console<0><Console><Console>" changed cvar (cvar "sv_maxcmdrate") (value "108")
L 12/03/2021 - 15:19:35: [basecommands.smx] "Console<0><Console><Console>" changed cvar (cvar "sv_minupdaterate") (value "108")
L 12/03/2021 - 15:19:35: [basecommands.smx] "Console<0><Console><Console>" changed cvar (cvar "sv_maxupdaterate") (value "108")
L 12/03/2021 - 15:19:35: [basecommands.smx] "Console<0><Console><Console>" changed cvar (cvar "nb_update_frequency") (value "0.024")
L 12/03/2021 - 15:19:35: [basecommands.smx] "Console<0><Console><Console>" changed cvar (cvar "net_splitpacket_maxrate") (value "54000")
L 12/03/2021 - 15:19:35: [basecommands.smx] "Console<0><Console><Console>" changed cvar (cvar "sv_client_min_interp_ratio") (value "0")
L 12/03/2021 - 15:19:35: [basecommands.smx] "Console<0><Console><Console>" changed cvar (cvar "sv_client_max_interp_ratio") (value "2")
L 12/03/2021 - 15:19:35: [basecommands.smx] "Console<0><Console><Console>" changed cvar (cvar "fps_max") (value "200")
L 12/03/2021 - 15:19:35: [basecommands.smx] "Console<0><Console><Console>" changed cvar (cvar "mv_maxplayers") (value "16")
L 12/03/2021 - 15:19:35: [basecommands.smx] "Console<0><Console><Console>" changed cvar (cvar "sv_maxplayers") (value "16")
L 12/03/2021 - 15:19:35: [basecommands.smx] "Console<0><Console><Console>" changed cvar (cvar "sv_allowdownload") (value "1")
L 12/03/2021 - 15:19:35: [basecommands.smx] "Console<0><Console><Console>" changed cvar (cvar "l4d_nth_joininfected") (value "1")
L 12/03/2021 - 15:19:35: [basecommands.smx] "Console<0><Console><Console>" changed cvar (cvar "l4d_nth_joinsurvivors") (value "1")
L 12/03/2021 - 15:19:35: [basecommands.smx] "Console<0><Console><Console>" changed cvar (cvar "l4d_nth_kill") (value "0")
L 12/03/2021 - 15:19:35: [basecommands.smx] "Console<0><Console><Console>" changed cvar (cvar "l4d_nth_spectate") (value "1")
L 12/03/2021 - 15:19:35: [basecommands.smx] "Console<0><Console><Console>" changed cvar (cvar "l4d_nth_message") (value "0")
L 12/03/2021 - 15:19:35: [basecommands.smx] "Console<0><Console><Console>" changed cvar (cvar "l4d_nth_timerrepeat") (value "9999")
L 12/03/2021 - 15:19:35: [basecommands.smx] "Console<0><Console><Console>" changed cvar (cvar "vs_max_team_switches") (value "9999")
L 12/03/2021 - 15:19:35: [basecommands.smx] "Console<0><Console><Console>" changed cvar (cvar "mp_autoteambalance") (value "0")
L 12/03/2021 - 15:19:35: [basecommands.smx] "Console<0><Console><Console>" changed cvar (cvar "sv_unlag_fixstuck") (value "1")
L 12/03/2021 - 15:19:35: [basecommands.smx] "Console<0><Console><Console>" changed cvar (cvar "z_brawl_chance") (value "0")
L 12/03/2021 - 15:19:35: [basecommands.smx] "Console<0><Console><Console>" changed cvar (cvar "sv_maxunlag") (value "1")
L 12/03/2021 - 15:19:35: [basecommands.smx] "Console<0><Console><Console>" changed cvar (cvar "sv_forcepreload") (value "1")
L 12/03/2021 - 15:19:35: [basecommands.smx] "Console<0><Console><Console>" changed cvar (cvar "sv_client_predict") (value "1")
L 12/03/2021 - 15:19:35: [basecommands.smx] "Console<0><Console><Console>" changed cvar (cvar "sv_client_cmdrate_difference") (value "0")
L 12/03/2021 - 15:19:35: [basecommands.smx] "Console<0><Console><Console>" changed cvar (cvar "sv_max_queries_sec_global") (value "10")
L 12/03/2021 - 15:19:35: [basecommands.smx] "Console<0><Console><Console>" changed cvar (cvar "sv_max_queries_sec") (value "3")
L 12/03/2021 - 15:19:35: [basecommands.smx] "Console<0><Console><Console>" changed cvar (cvar "sv_max_queries_window") (value "10")
L 12/03/2021 - 15:19:35: [basecommands.smx] "Console<0><Console><Console>" changed cvar (cvar "sv_player_stuck_tolerance") (value "5")
L 12/03/2021 - 15:19:35: [basecommands.smx] "Console<0><Console><Console>" changed cvar (cvar "sv_stats") (value "0")
L 12/03/2021 - 15:19:35: [basecommands.smx] "Console<0><Console><Console>" changed cvar (cvar "sv_clockcorrection_msecs") (value "25")
L 12/03/2021 - 15:20:26: [optional/kether/l4d2_skill_detect.smx] Clear: 5 freed 7 from 9: time: 0.20 / 51.17 -- class: charger (with shove? 0)
L 12/03/2021 - 15:20:28: [optional/kether/l4d2_skill_detect.smx] Clear: 8 freed 5 from 1: time: 1.50 / -1.00 -- class: hunter (with shove? 0)
L 12/03/2021 - 15:20:32: [optional/kether/l4d2_skill_detect.smx] Clear: 5 freed 4 from 6: time: 0.67 / 3.02 -- class: smoker (with shove? 1)
L 12/03/2021 - 15:21:06: [optional/kether/l4d2_skill_detect.smx] Clear: 4 freed 5 from 1: time: 3.12 / -1.00 -- class: jockey (with shove? 0)
L 12/03/2021 - 15:21:53: [optional/kether/l4d2_skill_detect.smx] Clear: 7 freed 4 from 9: time: 1.42 / 4.98 -- class: smoker (with shove? 0)
L 12/03/2021 - 15:21:57: [optional/kether/l4d2_skill_detect.smx] Clear: 5 freed 8 from 1: time: 2.93 / -1.00 -- class: hunter (with shove? 0)
L 12/03/2021 - 15:22:31: [optional/kether/l4d2_skill_detect.smx] Charge carry start: 1 - 5 -- time: 176.26
L 12/03/2021 - 15:22:35: [optional/kether/l4d2_skill_detect.smx] Checking charge victim: 1 - 7 - flags: 0 (alive? 1)
L 12/03/2021 - 15:22:35: [optional/kether/l4d2_skill_detect.smx] Clear: 4 freed 5 from 1: time: 2.29 / 4.23 -- class: charger (with shove? 0)
L 12/03/2021 - 15:22:35: [optional/kether/l4d2_skill_detect.smx] Checking charge victim: 1 - 5 - flags: 1 (alive? 1)
L 12/03/2021 - 15:22:36: [optional/kether/l4d2_skill_detect.smx] Clear: 4 freed 8 from 6: time: 2.28 / 3.75 -- class: smoker (with shove? 1)
L 12/03/2021 - 15:23:09: [optional/kether/l4d2_skill_detect.smx] Clear: 7 freed 5 from 2: time: 1.15 / -1.00 -- class: hunter (with shove? 0)
L 12/03/2021 - 15:23:16: [optional/kether/l4d2_skill_detect.smx] Charge carry start: 9 - 4 -- time: 221.87
L 12/03/2021 - 15:23:21: [optional/kether/l4d2_skill_detect.smx] Checking charge victim: 9 - 4 - flags: 1 (alive? 1)
L 12/03/2021 - 15:23:44: [optional/kether/l4d2_skill_detect.smx] Clear: 8 freed 4 from 9: time: 24.13 / 27.31 -- class: charger (with shove? 0)
L 12/03/2021 - 15:23:54: [optional/kether/l4d2_skill_detect.smx] Clear: 8 freed 8 from 2: time: -1.00 / 0.20 -- class: smoker (with shove? 1)
L 12/03/2021 - 15:24:19: [optional/kether/l4d2_skill_detect.smx] Clear: 8 freed 7 from 6: time: 1.30 / -1.00 -- class: jockey (with shove? 0)
L 12/03/2021 - 15:25:00: [optional/kether/l4d2_skill_detect.smx] Clear: 8 freed 7 from 6: time: -1.00 / 0.89 -- class: smoker (with shove? 0)
L 12/03/2021 - 15:25:47: [optional/kether/l4d2_skill_detect.smx] Clear: 5 freed 4 from 6: time: -1.00 / 0.37 -- class: smoker (with shove? 0)
L 12/03/2021 - 15:26:08: [optional/kether/l4d2_skill_detect.smx] Charge carry start: 9 - 7 -- time: 393.70
L 12/03/2021 - 15:26:12: [optional/kether/l4d2_skill_detect.smx] Checking charge victim: 9 - 7 - flags: 1 (alive? 1)
L 12/03/2021 - 15:27:07: [optional/kether/l4d2_skill_detect.smx] Charge carry start: 1 - 8 -- time: 452.45
L 12/03/2021 - 15:27:10: [optional/kether/l4d2_skill_detect.smx] Clear: 7 freed 8 from 1: time: 1.94 / 2.97 -- class: charger (with shove? 0)
L 12/03/2021 - 15:27:10: [optional/kether/l4d2_skill_detect.smx] Checking charge victim: 1 - 8 - flags: 1 (alive? 1)
L 12/03/2021 - 15:27:11: [optional/kether/l4d2_skill_detect.smx] Clear: 4 freed 7 from 9: time: -1.00 / 1.61 -- class: smoker (with shove? 0)
L 12/03/2021 - 15:28:00: [optional/kether/l4d2_skill_detect.smx] Charge carry start: 9 - 7 -- time: 505.42
L 12/03/2021 - 15:28:02: [optional/kether/l4d2_skill_detect.smx] Clear: 4 freed 7 from 9: time: 1.25 / 2.33 -- class: charger (with shove? 0)
L 12/03/2021 - 15:28:03: [optional/kether/l4d2_skill_detect.smx] Checking charge victim: 9 - 7 - flags: 1 (alive? 1)
L 12/03/2021 - 15:28:07: [optional/kether/l4d2_skill_detect.smx] Clear: 7 freed 8 from 6: time: 3.77 / -1.00 -- class: jockey (with shove? 0)
L 12/03/2021 - 15:28:42: [optional/kether/l4d2_skill_detect.smx] Clear: 5 freed 7 from 9: time: -1.00 / 1.08 -- class: smoker (with shove? 0)
L 12/03/2021 - 15:28:47: [optional/kether/l4d2_skill_detect.smx] Clear: 8 freed 7 from 2: time: 0.92 / -1.00 -- class: hunter (with shove? 0)
L 12/03/2021 - 15:29:03: [optional/kether/l4d2_skill_detect.smx] Clear: 5 freed 8 from 9: time: 0.75 / 0.75 -- class: smoker (with shove? 0)
L 12/03/2021 - 15:29:19: [optional/kether/l4d2_skill_detect.smx] Charge carry start: 6 - 5 -- time: 584.24
L 12/03/2021 - 15:29:22: [optional/kether/l4d2_skill_detect.smx] Checking charge victim: 6 - 5 - flags: 1 (alive? 1)
L 12/03/2021 - 15:29:28: [optional/kether/l4d2_skill_detect.smx] Clear: 8 freed 5 from 6: time: 7.93 / 9.42 -- class: charger (with shove? 0)
L 12/03/2021 - 15:29:58: [optional/kether/l4d2_skill_detect.smx] calarm trigger: caller 1212 / activator 1212 / delay: 0.00
L 12/03/2021 - 15:30:07: [optional/kether/l4d2_skill_detect.smx] Clear: 5 freed 4 from 1: time: 0.65 / -1.00 -- class: jockey (with shove? 0)
L 12/03/2021 - 15:30:09: [optional/kether/l4d2_skill_detect.smx] Clear: 8 freed 7 from 9: time: 1.38 / -1.00 -- class: hunter (with shove? 0)
L 12/03/2021 - 15:31:16: [optional/kether/l4d2_skill_detect.smx] Charge carry start: 9 - 4 -- time: 701.75
L 12/03/2021 - 15:31:19: [optional/kether/l4d2_skill_detect.smx] Checking charge victim: 9 - 4 - flags: 1 (alive? 1)
L 12/03/2021 - 15:31:20: [optional/kether/l4d2_skill_detect.smx] Checking charge victim: 9 - 7 - flags: 0 (alive? 1)
L 12/03/2021 - 15:31:38: [playercommands.smx] "Krevik<10><STEAM_1:0:23813599><>" slayed "𝕬𝖑𝖆𝖓<8><STEAM_1:0:502886500><>"
L 12/03/2021 - 15:31:38: [playercommands.smx] "Krevik<10><STEAM_1:0:23813599><>" slayed "Muha<9><STEAM_1:0:187655491><>"
L 12/03/2021 - 15:31:38: [playercommands.smx] "Krevik<10><STEAM_1:0:23813599><>" slayed "Krevik<10><STEAM_1:0:23813599><>"
L 12/03/2021 - 15:31:38: [playercommands.smx] "Krevik<10><STEAM_1:0:23813599><>" slayed "Melisanderu27<11><STEAM_1:1:197235625><>"
L 12/03/2021 - 15:31:38: [playercommands.smx] "Krevik<10><STEAM_1:0:23813599><>" slayed "►ωдḺƘℯℜ◄<12><STEAM_1:0:200361813><>"
L 12/03/2021 - 15:33:11: [optional/kether/l4d2_skill_detect.smx] Clear: 1 freed 2 from 5: time: -1.00 / 1.19 -- class: smoker (with shove? 0)
L 12/03/2021 - 15:33:21: [optional/kether/l4d2_skill_detect.smx] Clear: 1 freed 9 from 8: time: 4.14 / -1.00 -- class: hunter (with shove? 0)
L 12/03/2021 - 15:34:04: [optional/kether/l4d2_skill_detect.smx] Clear: 6 freed 1 from 7: time: 2.80 / -1.00 -- class: jockey (with shove? 0)
L 12/03/2021 - 15:34:09: [optional/kether/l4d2_skill_detect.smx] Clear: 1 freed 9 from 8: time: 3.18 / 3.37 -- class: smoker (with shove? 0)
L 12/03/2021 - 15:34:47: [optional/kether/l4d2_skill_detect.smx] Clear: 2 freed 1 from 5: time: 1.75 / -1.00 -- class: hunter (with shove? 0)
L 12/03/2021 - 15:35:38: [optional/kether/l4d2_skill_detect.smx] Clear: 2 freed 1 from 8: time: -1.00 / 1.54 -- class: smoker (with shove? 1)
L 12/03/2021 - 15:35:53: [optional/kether/l4d2_skill_detect.smx] Clear: 2 freed 1 from 7: time: 2.08 / -1.00 -- class: hunter (with shove? 1)
L 12/03/2021 - 15:36:22: [optional/kether/l4d2_skill_detect.smx] Clear: 9 freed 2 from 8: time: 0.87 / 1007.97 -- class: charger (with shove? 0)
L 12/03/2021 - 15:36:37: [optional/kether/l4d2_skill_detect.smx] Clear: 6 freed 1 from 4: time: 11.20 / 13.90 -- class: smoker (with shove? 1)
L 12/03/2021 - 15:36:38: [optional/kether/l4d2_skill_detect.smx] Clear: 1 freed 2 from 7: time: 4.35 / -1.00 -- class: jockey (with shove? 0)
L 12/03/2021 - 15:37:05: [optional/kether/l4d2_skill_detect.smx] Clear: 9 freed 1 from 4: time: -1.00 / 2.22 -- class: smoker (with shove? 0)
L 12/03/2021 - 15:37:07: [optional/kether/l4d2_skill_detect.smx] Charge carry start: 7 - 9 -- time: 1052.70
L 12/03/2021 - 15:37:11: [optional/kether/l4d2_skill_detect.smx] Checking charge victim: 7 - 9 - flags: 1 (alive? 1)
L 12/03/2021 - 15:37:19: [optional/kether/l4d2_skill_detect.smx] Clear: 1 freed 9 from 5: time: 1.82 / -1.00 -- class: hunter (with shove? 0)
L 12/03/2021 - 15:37:27: [optional/kether/l4d2_skill_detect.smx] Witch Crown Check: crown shot: 906, harrassed: 1 (full health: 1000 / drawthresh: 500 / oneshot 0)
L 12/03/2021 - 15:37:50: [optional/kether/l4d2_skill_detect.smx] Clear: 2 freed 1 from 5: time: -1.00 / 0.83 -- class: smoker (with shove? 0)
L 12/03/2021 - 15:38:20: [optional/kether/l4d2_skill_detect.smx] Charge carry start: 5 - 6 -- time: 1125.50
L 12/03/2021 - 15:38:23: [optional/kether/l4d2_skill_detect.smx] Checking charge victim: 5 - 6 - flags: 1 (alive? 1)
L 12/03/2021 - 15:38:24: [optional/kether/l4d2_skill_detect.smx] Checking charge victim: 5 - 1 - flags: 0 (alive? 1)
L 12/03/2021 - 15:38:24: [optional/kether/l4d2_skill_detect.smx] Checking charge victim: 5 - 9 - flags: 0 (alive? 1)
L 12/03/2021 - 15:38:24: [optional/kether/l4d2_skill_detect.smx] Clear: 2 freed 6 from 5: time: 3.19 / 4.35 -- class: charger (with shove? 0)
L 12/03/2021 - 15:38:37: [optional/kether/l4d2_skill_detect.smx] Clear: 9 freed 6 from 4: time: 0.73 / -1.00 -- class: hunter (with shove? 0)
L 12/03/2021 - 15:38:40: [optional/kether/l4d2_skill_detect.smx] Clear: 9 freed 2 from 7: time: 2.66 / -1.00 -- class: jockey (with shove? 0)
L 12/03/2021 - 15:39:14: [optional/kether/l4d2_skill_detect.smx] Charge carry start: 4 - 2 -- time: 1179.85
L 12/03/2021 - 15:39:16: [optional/kether/l4d2_skill_detect.smx] Clear: 6 freed 2 from 4: time: 1.01 / 1.97 -- class: charger (with shove? 0)
L 12/03/2021 - 15:39:17: [optional/kether/l4d2_skill_detect.smx] Checking charge victim: 4 - 2 - flags: 1 (alive? 1)
L 12/03/2021 - 15:39:21: [optional/kether/l4d2_skill_detect.smx] Clear: 9 freed 6 from 7: time: -1.00 / 1.36 -- class: smoker (with shove? 1)
L 12/03/2021 - 15:40:09: [playercommands.smx] "SATANİXON deepgoretube.site<6><STEAM_1:0:52369020><>" slayed "SATANİXON deepgoretube.site<6><STEAM_1:0:52369020><>"
L 12/03/2021 - 15:40:09: [playercommands.smx] "SATANİXON deepgoretube.site<6><STEAM_1:0:52369020><>" slayed "𝕬𝖑𝖆𝖓<8><STEAM_1:0:502886500><>"
L 12/03/2021 - 15:40:09: [optional/kether/l4d2_skill_detect.smx] Clear: 4 freed 2 from 4: time: 14.50 / -1.00 -- class: jockey (with shove? 0)
L 12/03/2021 - 15:40:09: [playercommands.smx] "SATANİXON deepgoretube.site<6><STEAM_1:0:52369020><>" slayed "Muha<9><STEAM_1:0:187655491><>"
L 12/03/2021 - 15:40:09: [playercommands.smx] "SATANİXON deepgoretube.site<6><STEAM_1:0:52369020><>" slayed "Krevik<10><STEAM_1:0:23813599><>"
L 12/03/2021 - 15:40:09: [playercommands.smx] "SATANİXON deepgoretube.site<6><STEAM_1:0:52369020><>" slayed "Melisanderu27<11><STEAM_1:1:197235625><>"
L 12/03/2021 - 15:40:09: [playercommands.smx] "SATANİXON deepgoretube.site<6><STEAM_1:0:52369020><>" slayed "►ωдḺƘℯℜ◄<12><STEAM_1:0:200361813><>"
L 12/03/2021 - 15:40:09: [playercommands.smx] "SATANİXON deepgoretube.site<6><STEAM_1:0:52369020><>" slayed "vathariel<16><STEAM_1:0:166828468><>"
L 12/03/2021 - 15:40:27: -------- Mapchange to c11m4_terminal --------
L 12/03/2021 - 15:40:28: [basecommands.smx] "Console<0><Console><Console>" changed cvar (cvar "confogl_match_execcfg_plugins") (value "generalfixes.cfg;confogl_plugins.cfg;sharedplugins.cfg")
L 12/03/2021 - 15:40:28: [basecommands.smx] "Console<0><Console><Console>" changed cvar (cvar "l4d2_addons_eclipse") (value "0")
L 12/03/2021 - 15:40:28: [basecommands.smx] "Console<0><Console><Console>" changed cvar (cvar "sv_allow_wait_command") (value "0")
L 12/03/2021 - 15:40:28: [basecommands.smx] "Console<0><Console><Console>" changed cvar (cvar "sv_minrate") (value "108000")
L 12/03/2021 - 15:40:28: [basecommands.smx] "Console<0><Console><Console>" changed cvar (cvar "sv_maxrate") (value "108000")
L 12/03/2021 - 15:40:28: [basecommands.smx] "Console<0><Console><Console>" changed cvar (cvar "sv_mincmdrate") (value "108")
L 12/03/2021 - 15:40:28: [basecommands.smx] "Console<0><Console><Console>" changed cvar (cvar "sv_maxcmdrate") (value "108")
L 12/03/2021 - 15:40:28: [basecommands.smx] "Console<0><Console><Console>" changed cvar (cvar "sv_minupdaterate") (value "108")
L 12/03/2021 - 15:40:28: [basecommands.smx] "Console<0><Console><Console>" changed cvar (cvar "sv_maxupdaterate") (value "108")
L 12/03/2021 - 15:40:28: [basecommands.smx] "Console<0><Console><Console>" changed cvar (cvar "nb_update_frequency") (value "0.024")
L 12/03/2021 - 15:40:28: [basecommands.smx] "Console<0><Console><Console>" changed cvar (cvar "net_splitpacket_maxrate") (value "54000")
L 12/03/2021 - 15:40:28: [basecommands.smx] "Console<0><Console><Console>" changed cvar (cvar "sv_client_min_interp_ratio") (value "0")
L 12/03/2021 - 15:40:28: [basecommands.smx] "Console<0><Console><Console>" changed cvar (cvar "sv_client_max_interp_ratio") (value "2")
L 12/03/2021 - 15:40:28: [basecommands.smx] "Console<0><Console><Console>" changed cvar (cvar "fps_max") (value "200")
L 12/03/2021 - 15:40:28: [basecommands.smx] "Console<0><Console><Console>" changed cvar (cvar "mv_maxplayers") (value "16")
L 12/03/2021 - 15:40:28: [basecommands.smx] "Console<0><Console><Console>" changed cvar (cvar "sv_maxplayers") (value "16")
L 12/03/2021 - 15:40:28: [basecommands.smx] "Console<0><Console><Console>" changed cvar (cvar "sv_allowdownload") (value "1")
L 12/03/2021 - 15:40:28: [basecommands.smx] "Console<0><Console><Console>" changed cvar (cvar "l4d_nth_joininfected") (value "1")
L 12/03/2021 - 15:40:28: [basecommands.smx] "Console<0><Console><Console>" changed cvar (cvar "l4d_nth_joinsurvivors") (value "1")
L 12/03/2021 - 15:40:28: [basecommands.smx] "Console<0><Console><Console>" changed cvar (cvar "l4d_nth_kill") (value "0")
L 12/03/2021 - 15:40:28: [basecommands.smx] "Console<0><Console><Console>" changed cvar (cvar "l4d_nth_spectate") (value "1")
L 12/03/2021 - 15:40:28: [basecommands.smx] "Console<0><Console><Console>" changed cvar (cvar "l4d_nth_message") (value "0")
L 12/03/2021 - 15:40:28: [basecommands.smx] "Console<0><Console><Console>" changed cvar (cvar "l4d_nth_timerrepeat") (value "9999")
L 12/03/2021 - 15:40:28: [basecommands.smx] "Console<0><Console><Console>" changed cvar (cvar "vs_max_team_switches") (value "9999")
L 12/03/2021 - 15:40:28: [basecommands.smx] "Console<0><Console><Console>" changed cvar (cvar "mp_autoteambalance") (value "0")
L 12/03/2021 - 15:40:28: [basecommands.smx] "Console<0><Console><Console>" changed cvar (cvar "sv_unlag_fixstuck") (value "1")
L 12/03/2021 - 15:40:28: [basecommands.smx] "Console<0><Console><Console>" changed cvar (cvar "z_brawl_chance") (value "0")
L 12/03/2021 - 15:40:28: [basecommands.smx] "Console<0><Console><Console>" changed cvar (cvar "sv_maxunlag") (value "1")
L 12/03/2021 - 15:40:28: [basecommands.smx] "Console<0><Console><Console>" changed cvar (cvar "sv_forcepreload") (value "1")
L 12/03/2021 - 15:40:28: [basecommands.smx] "Console<0><Console><Console>" changed cvar (cvar "sv_client_predict") (value "1")
L 12/03/2021 - 15:40:28: [basecommands.smx] "Console<0><Console><Console>" changed cvar (cvar "sv_client_cmdrate_difference") (value "0")
L 12/03/2021 - 15:40:28: [basecommands.smx] "Console<0><Console><Console>" changed cvar (cvar "sv_max_queries_sec_global") (value "10")
L 12/03/2021 - 15:40:28: [basecommands.smx] "Console<0><Console><Console>" changed cvar (cvar "sv_max_queries_sec") (value "3")
L 12/03/2021 - 15:40:28: [basecommands.smx] "Console<0><Console><Console>" changed cvar (cvar "sv_max_queries_window") (value "10")
L 12/03/2021 - 15:40:28: [basecommands.smx] "Console<0><Console><Console>" changed cvar (cvar "sv_player_stuck_tolerance") (value "5")
L 12/03/2021 - 15:40:28: [basecommands.smx] "Console<0><Console><Console>" changed cvar (cvar "sv_stats") (value "0")
L 12/03/2021 - 15:40:28: [basecommands.smx] "Console<0><Console><Console>" changed cvar (cvar "sv_clockcorrection_msecs") (value "25")
L 12/03/2021 - 15:42:40: [optional/kether/l4d2_skill_detect.smx] Clear: 3 freed 5 from 1: time: -1.00 / 0.54 -- class: smoker (with shove? 0)
L 12/03/2021 - 15:42:56: [optional/kether/l4d2_skill_detect.smx] Clear: 5 freed 8 from 6: time: 3.36 / -1.00 -- class: jockey (with shove? 0)
L 12/03/2021 - 15:43:37: [optional/kether/l4d2_skill_detect.smx] Clear: 5 freed 8 from 2: time: 2.07 / -1.00 -- class: hunter (with shove? 0)
L 12/03/2021 - 15:43:39: [optional/kether/l4d2_skill_detect.smx] Clear: 5 freed 3 from 6: time: 6.60 / 9.39 -- class: smoker (with shove? 0)
L 12/03/2021 - 15:43:44: [optional/kether/l4d2_skill_detect.smx] Charge carry start: 1 - 3 -- time: 196.71
L 12/03/2021 - 15:43:46: [optional/kether/l4d2_skill_detect.smx] Clear: 8 freed 3 from 1: time: 1.07 / 2.35 -- class: charger (with shove? 0)
L 12/03/2021 - 15:43:47: [optional/kether/l4d2_skill_detect.smx] Checking charge victim: 1 - 3 - flags: 1 (alive? 1)
L 12/03/2021 - 15:44:07: [optional/kether/l4d2_skill_detect.smx] Clear: 5 freed 7 from 2: time: 1.65 / -1.00 -- class: jockey (with shove? 0)
L 12/03/2021 - 15:44:48: [optional/kether/l4d2_skill_detect.smx] Clear: 5 freed 7 from 2: time: -1.00 / 0.65 -- class: smoker (with shove? 0)
L 12/03/2021 - 15:44:54: [optional/kether/l4d2_skill_detect.smx] Charge carry start: 6 - 5 -- time: 266.55
L 12/03/2021 - 15:44:57: [optional/kether/l4d2_skill_detect.smx] Checking charge victim: 6 - 5 - flags: 1 (alive? 1)
L 12/03/2021 - 15:44:59: [optional/kether/l4d2_skill_detect.smx] Clear: 8 freed 5 from 6: time: 3.38 / 4.87 -- class: charger (with shove? 0)
L 12/03/2021 - 15:45:03: [optional/kether/l4d2_skill_detect.smx] Clear: 7 freed 8 from 2: time: -1.00 / 1.43 -- class: smoker (with shove? 0)
L 12/03/2021 - 15:46:28: [optional/kether/l4d2_skill_detect.smx] Clear: 5 freed 8 from 1: time: -1.00 / 1.34 -- class: smoker (with shove? 0)
L 12/03/2021 - 15:46:45: [optional/kether/l4d2_skill_detect.smx] Clear: 7 freed 3 from 9: time: 1.38 / -1.00 -- class: hunter (with shove? 0)
L 12/03/2021 - 15:47:25: [optional/kether/l4d2_skill_detect.smx] Charge carry start: 9 - 7 -- time: 417.38
L 12/03/2021 - 15:47:27: [optional/kether/l4d2_skill_detect.smx] Clear: 3 freed 5 from 1: time: 0.52 / -1.00 -- class: jockey (with shove? 1)
L 12/03/2021 - 15:47:30: [optional/kether/l4d2_skill_detect.smx] Checking charge victim: 9 - 7 - flags: 1 (alive? 1)
L 12/03/2021 - 15:47:33: [optional/kether/l4d2_skill_detect.smx] Clear: 3 freed 7 from 9: time: 5.63 / 8.32 -- class: charger (with shove? 0)
L 12/03/2021 - 15:47:35: [optional/kether/l4d2_skill_detect.smx] Clear: 3 freed 8 from 6: time: 3.14 / 5.62 -- class: smoker (with shove? 1)
L 12/03/2021 - 15:49:02: [optional/kether/l4d2_skill_detect.smx] Clear: 7 freed 3 from 6: time: 1.16 / -1.00 -- class: hunter (with shove? 0)
L 12/03/2021 - 15:49:09: [optional/kether/l4d2_skill_detect.smx] Witch Crown Check: Failed: bungled: 0 / crowntype: 0 (entity: 281)
L 12/03/2021 - 15:49:09: [optional/kether/l4d2_skill_detect.smx] Witch Crown Check: Further details: attacker: giga kox, attacker dmg: 250, teamless dmg: 0
L 12/03/2021 - 15:49:18: [optional/kether/l4d2_skill_detect.smx] Charge carry start: 9 - 3 -- time: 530.36
L 12/03/2021 - 15:49:21: [optional/kether/l4d2_skill_detect.smx] Checking charge victim: 9 - 3 - flags: 1 (alive? 0)
L 12/03/2021 - 15:49:27: [playercommands.smx] "Muha<9><STEAM_1:0:187655491><>" slayed "►ωдḺƘℯℜ◄<12><STEAM_1:0:200361813><>"
L 12/03/2021 - 15:49:40: [optional/l4d_sm_respawn.smx] "SATANİXON deepgoretube.site<6><STEAM_1:0:52369020><>" teleported "►ωдḺƘℯℜ◄<12><STEAM_1:0:200361813><>" after respawning him
L 12/03/2021 - 15:49:44: [playercommands.smx] "Muha<9><STEAM_1:0:187655491><>" slayed "►ωдḺƘℯℜ◄<12><STEAM_1:0:200361813><>"
L 12/03/2021 - 15:50:54: [optional/kether/l4d2_skill_detect.smx] Charge carry start: 7 - 2 -- time: 626.37
L 12/03/2021 - 15:50:54: [optional/kether/l4d2_skill_detect.smx] Clear: 9 freed 2 from 7: time: 0.00 / 0.01 -- class: charger (with shove? 0)
L 12/03/2021 - 15:50:56: [optional/kether/l4d2_skill_detect.smx] Clear: 6 freed 9 from 5: time: 1.46 / -1.00 -- class: jockey (with shove? 0)
L 12/03/2021 - 15:50:56: [optional/kether/l4d2_skill_detect.smx] Checking charge victim: 7 - 2 - flags: 1 (alive? 1)
L 12/03/2021 - 15:52:07: [playercommands.smx] "Muha<9><STEAM_1:0:187655491><>" slayed "Tank<86><BOT><>"
L 12/03/2021 - 15:52:29: [optional/kether/l4d2_skill_detect.smx] Clear: 9 freed 6 from 10: time: 2.18 / 5.38 -- class: smoker (with shove? 0)
L 12/03/2021 - 15:53:01: [optional/kether/l4d2_skill_detect.smx] Clear: 1 freed 9 from 10: time: 1.19 / -1.00 -- class: jockey (with shove? 0)
L 12/03/2021 - 15:54:29: [optional/kether/l4d2_skill_detect.smx] Charge carry start: 10 - 2 -- time: 841.99
L 12/03/2021 - 15:54:32: [optional/kether/l4d2_skill_detect.smx] Witch Crown Check: Failed: bungled: 0 / crowntype: 0 (entity: 156)
L 12/03/2021 - 15:54:32: [optional/kether/l4d2_skill_detect.smx] Witch Crown Check: Further details: attacker: vathariel, attacker dmg: 360, teamless dmg: 47
L 12/03/2021 - 15:54:34: [optional/kether/l4d2_skill_detect.smx] Checking charge victim: 10 - 2 - flags: 1 (alive? 1)
L 12/03/2021 - 15:55:15: [optional/kether/l4d2_skill_detect.smx] Clear: 1 freed 1 from 10: time: -1.00 / 0.75 -- class: smoker (with shove? 0)
L 12/03/2021 - 15:55:41: [optional/kether/l4d2_skill_detect.smx] Clear: 5 freed 2 from 4: time: -1.00 / 913.93 -- class: charger (with shove? 0)
L 12/03/2021 - 15:55:43: [optional/l4d_sm_respawn.smx] "Krevik<10><STEAM_1:0:23813599><>" teleported "af1`<71><STEAM_1:1:117101124><>" after respawning him
L 12/03/2021 - 15:55:43: [optional/l4d_sm_respawn.smx] "Krevik<10><STEAM_1:0:23813599><>" teleported "SATANİXON deepgoretube.site<6><STEAM_1:0:52369020><>" after respawning him
L 12/03/2021 - 15:55:43: [optional/l4d_sm_respawn.smx] "Krevik<10><STEAM_1:0:23813599><>" teleported "Krevik<10><STEAM_1:0:23813599><>" after respawning him
L 12/03/2021 - 15:55:43: [optional/l4d_sm_respawn.smx] "Krevik<10><STEAM_1:0:23813599><>" teleported "vathariel<16><STEAM_1:0:166828468><>" after respawning him
L 12/03/2021 - 15:55:48: [playercommands.smx] "SATANİXON deepgoretube.site<6><STEAM_1:0:52369020><>" slapped "SATANİXON deepgoretube.site<6><STEAM_1:0:52369020><>" (damage "0")
L 12/03/2021 - 15:55:49: [playercommands.smx] "SATANİXON deepgoretube.site<6><STEAM_1:0:52369020><>" slapped "SATANİXON deepgoretube.site<6><STEAM_1:0:52369020><>" (damage "0")
L 12/03/2021 - 15:55:49: [playercommands.smx] "SATANİXON deepgoretube.site<6><STEAM_1:0:52369020><>" slapped "SATANİXON deepgoretube.site<6><STEAM_1:0:52369020><>" (damage "0")
L 12/03/2021 - 15:55:49: [playercommands.smx] "SATANİXON deepgoretube.site<6><STEAM_1:0:52369020><>" slapped "SATANİXON deepgoretube.site<6><STEAM_1:0:52369020><>" (damage "0")
L 12/03/2021 - 15:55:49: [playercommands.smx] "SATANİXON deepgoretube.site<6><STEAM_1:0:52369020><>" slapped "SATANİXON deepgoretube.site<6><STEAM_1:0:52369020><>" (damage "0")
L 12/03/2021 - 15:55:49: [playercommands.smx] "SATANİXON deepgoretube.site<6><STEAM_1:0:52369020><>" slapped "SATANİXON deepgoretube.site<6><STEAM_1:0:52369020><>" (damage "0")
L 12/03/2021 - 15:55:49: [playercommands.smx] "SATANİXON deepgoretube.site<6><STEAM_1:0:52369020><>" slapped "SATANİXON deepgoretube.site<6><STEAM_1:0:52369020><>" (damage "0")
L 12/03/2021 - 15:55:50: [playercommands.smx] "SATANİXON deepgoretube.site<6><STEAM_1:0:52369020><>" slapped "SATANİXON deepgoretube.site<6><STEAM_1:0:52369020><>" (damage "0")
L 12/03/2021 - 15:55:50: [playercommands.smx] "SATANİXON deepgoretube.site<6><STEAM_1:0:52369020><>" slapped "SATANİXON deepgoretube.site<6><STEAM_1:0:52369020><>" (damage "0")
L 12/03/2021 - 15:55:50: [playercommands.smx] "SATANİXON deepgoretube.site<6><STEAM_1:0:52369020><>" slapped "SATANİXON deepgoretube.site<6><STEAM_1:0:52369020><>" (damage "0")
L 12/03/2021 - 15:55:50: [playercommands.smx] "SATANİXON deepgoretube.site<6><STEAM_1:0:52369020><>" slapped "SATANİXON deepgoretube.site<6><STEAM_1:0:52369020><>" (damage "0")
L 12/03/2021 - 15:55:50: [playercommands.smx] "SATANİXON deepgoretube.site<6><STEAM_1:0:52369020><>" slapped "SATANİXON deepgoretube.site<6><STEAM_1:0:52369020><>" (damage "0")
L 12/03/2021 - 15:55:50: [playercommands.smx] "SATANİXON deepgoretube.site<6><STEAM_1:0:52369020><>" slapped "SATANİXON deepgoretube.site<6><STEAM_1:0:52369020><>" (damage "0")
L 12/03/2021 - 15:55:51: [playercommands.smx] "SATANİXON deepgoretube.site<6><STEAM_1:0:52369020><>" slapped "giga kox<51><STEAM_1:1:220538333><>" (damage "0")
L 12/03/2021 - 15:55:51: [playercommands.smx] "SATANİXON deepgoretube.site<6><STEAM_1:0:52369020><>" slapped "SATANİXON deepgoretube.site<6><STEAM_1:0:52369020><>" (damage "0")
L 12/03/2021 - 15:55:51: [playercommands.smx] "SATANİXON deepgoretube.site<6><STEAM_1:0:52369020><>" slapped "giga kox<51><STEAM_1:1:220538333><>" (damage "0")
L 12/03/2021 - 15:55:51: [playercommands.smx] "SATANİXON deepgoretube.site<6><STEAM_1:0:52369020><>" slapped "giga kox<51><STEAM_1:1:220538333><>" (damage "0")
L 12/03/2021 - 15:55:51: [playercommands.smx] "SATANİXON deepgoretube.site<6><STEAM_1:0:52369020><>" slapped "giga kox<51><STEAM_1:1:220538333><>" (damage "0")
L 12/03/2021 - 15:55:51: [playercommands.smx] "SATANİXON deepgoretube.site<6><STEAM_1:0:52369020><>" slapped "Charger<87><BOT><>" (damage "0")
L 12/03/2021 - 15:55:51: [playercommands.smx] "SATANİXON deepgoretube.site<6><STEAM_1:0:52369020><>" slapped "giga kox<51><STEAM_1:1:220538333><>" (damage "0")
L 12/03/2021 - 15:55:51: [playercommands.smx] "SATANİXON deepgoretube.site<6><STEAM_1:0:52369020><>" slapped "giga kox<51><STEAM_1:1:220538333><>" (damage "0")
L 12/03/2021 - 15:55:51: [playercommands.smx] "SATANİXON deepgoretube.site<6><STEAM_1:0:52369020><>" slapped "Charger<87><BOT><>" (damage "0")
L 12/03/2021 - 15:55:51: [playercommands.smx] "SATANİXON deepgoretube.site<6><STEAM_1:0:52369020><>" slapped "giga kox<51><STEAM_1:1:220538333><>" (damage "0")
L 12/03/2021 - 15:55:51: [playercommands.smx] "SATANİXON deepgoretube.site<6><STEAM_1:0:52369020><>" slapped "Charger<87><BOT><>" (damage "0")
L 12/03/2021 - 15:55:52: [playercommands.smx] "SATANİXON deepgoretube.site<6><STEAM_1:0:52369020><>" slapped "giga kox<51><STEAM_1:1:220538333><>" (damage "0")
L 12/03/2021 - 15:55:52: [playercommands.smx] "SATANİXON deepgoretube.site<6><STEAM_1:0:52369020><>" slapped "Charger<87><BOT><>" (damage "0")
L 12/03/2021 - 15:55:52: [playercommands.smx] "SATANİXON deepgoretube.site<6><STEAM_1:0:52369020><>" slapped "giga kox<51><STEAM_1:1:220538333><>" (damage "0")
L 12/03/2021 - 15:55:52: [playercommands.smx] "SATANİXON deepgoretube.site<6><STEAM_1:0:52369020><>" slapped "Charger<87><BOT><>" (damage "0")
L 12/03/2021 - 15:55:52: [playercommands.smx] "SATANİXON deepgoretube.site<6><STEAM_1:0:52369020><>" slapped "giga kox<51><STEAM_1:1:220538333><>" (damage "0")
L 12/03/2021 - 15:55:52: [playercommands.smx] "SATANİXON deepgoretube.site<6><STEAM_1:0:52369020><>" slapped "Zoey<88><BOT><>" (damage "0")
L 12/03/2021 - 15:55:52: [playercommands.smx] "SATANİXON deepgoretube.site<6><STEAM_1:0:52369020><>" slapped "Zoey<88><BOT><>" (damage "0")
L 12/03/2021 - 15:55:52: [playercommands.smx] "SATANİXON deepgoretube.site<6><STEAM_1:0:52369020><>" slapped "Charger<87><BOT><>" (damage "0")
L 12/03/2021 - 15:55:52: [playercommands.smx] "SATANİXON deepgoretube.site<6><STEAM_1:0:52369020><>" slapped "Zoey<88><BOT><>" (damage "0")
L 12/03/2021 - 15:55:53: [playercommands.smx] "SATANİXON deepgoretube.site<6><STEAM_1:0:52369020><>" slapped "Charger<87><BOT><>" (damage "0")
L 12/03/2021 - 15:55:53: [playercommands.smx] "SATANİXON deepgoretube.site<6><STEAM_1:0:52369020><>" slapped "Zoey<88><BOT><>" (damage "0")
L 12/03/2021 - 15:55:53: [playercommands.smx] "SATANİXON deepgoretube.site<6><STEAM_1:0:52369020><>" slapped "Charger<87><BOT><>" (damage "0")
L 12/03/2021 - 15:55:53: [playercommands.smx] "SATANİXON deepgoretube.site<6><STEAM_1:0:52369020><>" slapped "giga kox<51><STEAM_1:1:220538333><>" (damage "0")
L 12/03/2021 - 15:55:53: [playercommands.smx] "SATANİXON deepgoretube.site<6><STEAM_1:0:52369020><>" slapped "Charger<87><BOT><>" (damage "0")
L 12/03/2021 - 15:55:53: [playercommands.smx] "SATANİXON deepgoretube.site<6><STEAM_1:0:52369020><>" slapped "giga kox<51><STEAM_1:1:220538333><>" (damage "0")
L 12/03/2021 - 15:55:53: [playercommands.smx] "SATANİXON deepgoretube.site<6><STEAM_1:0:52369020><>" slapped "Charger<87><BOT><>" (damage "0")
L 12/03/2021 - 15:55:53: [optional/kether/autopause.smx] [AutoPause] Player STEAM_1:0:10986331 left the game with -927.037048 time until spawn.
L 12/03/2021 - 15:56:07: SourceMod log file session started (file "/home/k26606_s20329/server_20329/left4dead2/addons/sourcemod/logs/L20211203.log") (Version "1.10.0.6494")
L 12/03/2021 - 15:56:07: [fixes/firebulletsfix.smx] Found offset for Weapon_ShootPosition 286
L 12/03/2021 - 15:56:08: [navmesh.smx] Found .NAV file in maps\c1m1_hotel.nav
L 12/03/2021 - 15:56:08: [navmesh.smx] Is mesh analyzed: 1
L 12/03/2021 - 15:56:08: [navmesh.smx] Nav version: 16; SubVersion: 14 (v10+); BSPSize: 32807960; MagicNumber: -17958194
L 12/03/2021 - 15:56:08: [navmesh.smx] Place count: 0
L 12/03/2021 - 15:56:08: [navmesh.smx] Has unnamed areas: true
L 12/03/2021 - 15:56:08: [navmesh.smx] Population type: c1streets
L 12/03/2021 - 15:56:08: [navmesh.smx] Area count: 1582
L 12/03/2021 - 15:56:08: [navmesh.smx] Parsed 1582 areas in 0.017683 seconds.
L 12/03/2021 - 15:56:08: [navmesh.smx] Ladder count: 0
L 12/03/2021 - 15:56:08: [basecommands.smx] "Console<0><Console><Console>" changed cvar (cvar "confogl_match_execcfg_plugins") (value "generalfixes.cfg;confogl_plugins.cfg;sharedplugins.cfg")
L 12/03/2021 - 15:56:08: [basecommands.smx] "Console<0><Console><Console>" changed cvar (cvar "l4d2_addons_eclipse") (value "0")
L 12/03/2021 - 15:56:08: [basecommands.smx] "Console<0><Console><Console>" changed cvar (cvar "sv_allow_wait_command") (value "0")
L 12/03/2021 - 15:56:08: [basecommands.smx] "Console<0><Console><Console>" changed cvar (cvar "sv_minrate") (value "108000")
L 12/03/2021 - 15:56:08: [basecommands.smx] "Console<0><Console><Console>" changed cvar (cvar "sv_maxrate") (value "108000")
L 12/03/2021 - 15:56:08: [basecommands.smx] "Console<0><Console><Console>" changed cvar (cvar "sv_mincmdrate") (value "108")
L 12/03/2021 - 15:56:08: [basecommands.smx] "Console<0><Console><Console>" changed cvar (cvar "sv_maxcmdrate") (value "108")
L 12/03/2021 - 15:56:08: [basecommands.smx] "Console<0><Console><Console>" changed cvar (cvar "sv_minupdaterate") (value "108")
L 12/03/2021 - 15:56:08: [basecommands.smx] "Console<0><Console><Console>" changed cvar (cvar "sv_maxupdaterate") (value "108")
L 12/03/2021 - 15:56:08: [basecommands.smx] "Console<0><Console><Console>" changed cvar (cvar "nb_update_frequency") (value "0.024")
L 12/03/2021 - 15:56:08: [basecommands.smx] "Console<0><Console><Console>" changed cvar (cvar "net_splitpacket_maxrate") (value "54000")
L 12/03/2021 - 15:56:08: [basecommands.smx] "Console<0><Console><Console>" changed cvar (cvar "sv_client_min_interp_ratio") (value "0")
L 12/03/2021 - 15:56:08: [basecommands.smx] "Console<0><Console><Console>" changed cvar (cvar "sv_client_max_interp_ratio") (value "2")
L 12/03/2021 - 15:56:08: [basecommands.smx] "Console<0><Console><Console>" changed cvar (cvar "fps_max") (value "200")
L 12/03/2021 - 15:56:08: [basecommands.smx] "Console<0><Console><Console>" changed cvar (cvar "mv_maxplayers") (value "16")
L 12/03/2021 - 15:56:08: [basecommands.smx] "Console<0><Console><Console>" changed cvar (cvar "sv_maxplayers") (value "16")
L 12/03/2021 - 15:56:08: [basecommands.smx] "Console<0><Console><Console>" changed cvar (cvar "sv_allowdownload") (value "1")
L 12/03/2021 - 15:56:08: [basecommands.smx] "Console<0><Console><Console>" changed cvar (cvar "vs_max_team_switches") (value "9999")
L 12/03/2021 - 15:56:08: [basecommands.smx] "Console<0><Console><Console>" changed cvar (cvar "mp_autoteambalance") (value "0")
L 12/03/2021 - 15:56:08: [basecommands.smx] "Console<0><Console><Console>" changed cvar (cvar "sv_unlag_fixstuck") (value "1")
L 12/03/2021 - 15:56:08: [basecommands.smx] "Console<0><Console><Console>" changed cvar (cvar "z_brawl_chance") (value "0")
L 12/03/2021 - 15:56:08: [basecommands.smx] "Console<0><Console><Console>" changed cvar (cvar "sv_maxunlag") (value "1")
L 12/03/2021 - 15:56:08: [basecommands.smx] "Console<0><Console><Console>" changed cvar (cvar "sv_forcepreload") (value "1")
L 12/03/2021 - 15:56:08: [basecommands.smx] "Console<0><Console><Console>" changed cvar (cvar "sv_client_predict") (value "1")
L 12/03/2021 - 15:56:08: [basecommands.smx] "Console<0><Console><Console>" changed cvar (cvar "sv_client_cmdrate_difference") (value "0")
L 12/03/2021 - 15:56:08: [basecommands.smx] "Console<0><Console><Console>" changed cvar (cvar "sv_max_queries_sec_global") (value "10")
L 12/03/2021 - 15:56:08: [basecommands.smx] "Console<0><Console><Console>" changed cvar (cvar "sv_max_queries_sec") (value "3")
L 12/03/2021 - 15:56:08: [basecommands.smx] "Console<0><Console><Console>" changed cvar (cvar "sv_max_queries_window") (value "10")
L 12/03/2021 - 15:56:08: [basecommands.smx] "Console<0><Console><Console>" changed cvar (cvar "sv_player_stuck_tolerance") (value "5")
L 12/03/2021 - 15:56:08: [basecommands.smx] "Console<0><Console><Console>" changed cvar (cvar "sv_stats") (value "0")
L 12/03/2021 - 15:56:08: [basecommands.smx] "Console<0><Console><Console>" changed cvar (cvar "sv_clockcorrection_msecs") (value "25")
L 12/03/2021 - 15:56:09: [fixes/firebulletsfix.smx] Found offset for Weapon_ShootPosition 286
L 12/03/2021 - 15:56:13: -------- Mapchange to c1m1_hotel --------
L 12/03/2021 - 15:56:13: [basecommands.smx] "Console<0><Console><Console>" changed cvar (cvar "confogl_match_execcfg_plugins") (value "generalfixes.cfg;confogl_plugins.cfg;sharedplugins.cfg")
L 12/03/2021 - 15:56:13: [basecommands.smx] "Console<0><Console><Console>" changed cvar (cvar "l4d2_addons_eclipse") (value "0")
L 12/03/2021 - 15:56:13: [basecommands.smx] "Console<0><Console><Console>" changed cvar (cvar "sv_allow_wait_command") (value "0")
L 12/03/2021 - 15:56:13: [basecommands.smx] "Console<0><Console><Console>" changed cvar (cvar "sv_minrate") (value "108000")
L 12/03/2021 - 15:56:13: [basecommands.smx] "Console<0><Console><Console>" changed cvar (cvar "sv_maxrate") (value "108000")
L 12/03/2021 - 15:56:13: [basecommands.smx] "Console<0><Console><Console>" changed cvar (cvar "sv_mincmdrate") (value "108")
L 12/03/2021 - 15:56:13: [basecommands.smx] "Console<0><Console><Console>" changed cvar (cvar "sv_maxcmdrate") (value "108")
L 12/03/2021 - 15:56:13: [basecommands.smx] "Console<0><Console><Console>" changed cvar (cvar "sv_minupdaterate") (value "108")
L 12/03/2021 - 15:56:13: [basecommands.smx] "Console<0><Console><Console>" changed cvar (cvar "sv_maxupdaterate") (value "108")
L 12/03/2021 - 15:56:13: [basecommands.smx] "Console<0><Console><Console>" changed cvar (cvar "nb_update_frequency") (value "0.024")
L 12/03/2021 - 15:56:13: [basecommands.smx] "Console<0><Console><Console>" changed cvar (cvar "net_splitpacket_maxrate") (value "54000")
L 12/03/2021 - 15:56:13: [basecommands.smx] "Console<0><Console><Console>" changed cvar (cvar "sv_client_min_interp_ratio") (value "0")
L 12/03/2021 - 15:56:13: [basecommands.smx] "Console<0><Console><Console>" changed cvar (cvar "sv_client_max_interp_ratio") (value "2")
L 12/03/2021 - 15:56:13: [basecommands.smx] "Console<0><Console><Console>" changed cvar (cvar "fps_max") (value "200")
L 12/03/2021 - 15:56:13: [basecommands.smx] "Console<0><Console><Console>" changed cvar (cvar "mv_maxplayers") (value "16")
L 12/03/2021 - 15:56:13: [basecommands.smx] "Console<0><Console><Console>" changed cvar (cvar "sv_maxplayers") (value "16")
L 12/03/2021 - 15:56:13: [basecommands.smx] "Console<0><Console><Console>" changed cvar (cvar "sv_allowdownload") (value "1")
L 12/03/2021 - 15:56:13: [basecommands.smx] "Console<0><Console><Console>" changed cvar (cvar "l4d_nth_joininfected") (value "1")
L 12/03/2021 - 15:56:13: [basecommands.smx] "Console<0><Console><Console>" changed cvar (cvar "l4d_nth_joinsurvivors") (value "1")
L 12/03/2021 - 15:56:13: [basecommands.smx] "Console<0><Console><Console>" changed cvar (cvar "l4d_nth_kill") (value "0")
L 12/03/2021 - 15:56:13: [basecommands.smx] "Console<0><Console><Console>" changed cvar (cvar "l4d_nth_spectate") (value "1")
L 12/03/2021 - 15:56:13: [basecommands.smx] "Console<0><Console><Console>" changed cvar (cvar "l4d_nth_message") (value "0")
L 12/03/2021 - 15:56:13: [basecommands.smx] "Console<0><Console><Console>" changed cvar (cvar "l4d_nth_timerrepeat") (value "9999")
L 12/03/2021 - 15:56:13: [basecommands.smx] "Console<0><Console><Console>" changed cvar (cvar "vs_max_team_switches") (value "9999")
L 12/03/2021 - 15:56:13: [basecommands.smx] "Console<0><Console><Console>" changed cvar (cvar "mp_autoteambalance") (value "0")
L 12/03/2021 - 15:56:13: [basecommands.smx] "Console<0><Console><Console>" changed cvar (cvar "sv_unlag_fixstuck") (value "1")
L 12/03/2021 - 15:56:13: [basecommands.smx] "Console<0><Console><Console>" changed cvar (cvar "z_brawl_chance") (value "0")
L 12/03/2021 - 15:56:13: [basecommands.smx] "Console<0><Console><Console>" changed cvar (cvar "sv_maxunlag") (value "1")
L 12/03/2021 - 15:56:13: [basecommands.smx] "Console<0><Console><Console>" changed cvar (cvar "sv_forcepreload") (value "1")
L 12/03/2021 - 15:56:13: [basecommands.smx] "Console<0><Console><Console>" changed cvar (cvar "sv_client_predict") (value "1")
L 12/03/2021 - 15:56:13: [basecommands.smx] "Console<0><Console><Console>" changed cvar (cvar "sv_client_cmdrate_difference") (value "0")
L 12/03/2021 - 15:56:13: [basecommands.smx] "Console<0><Console><Console>" changed cvar (cvar "sv_max_queries_sec_global") (value "10")
L 12/03/2021 - 15:56:13: [basecommands.smx] "Console<0><Console><Console>" changed cvar (cvar "sv_max_queries_sec") (value "3")
L 12/03/2021 - 15:56:13: [basecommands.smx] "Console<0><Console><Console>" changed cvar (cvar "sv_max_queries_window") (value "10")
L 12/03/2021 - 15:56:13: [basecommands.smx] "Console<0><Console><Console>" changed cvar (cvar "sv_player_stuck_tolerance") (value "5")
L 12/03/2021 - 15:56:13: [basecommands.smx] "Console<0><Console><Console>" changed cvar (cvar "sv_stats") (value "0")
L 12/03/2021 - 15:56:13: [basecommands.smx] "Console<0><Console><Console>" changed cvar (cvar "sv_clockcorrection_msecs") (value "25")
L 12/03/2021 - 20:46:48: -------- Mapchange to c8m1_apartment --------
L 12/03/2021 - 20:46:49: [basecommands.smx] "Console<0><Console><Console>" changed cvar (cvar "confogl_match_execcfg_plugins") (value "generalfixes.cfg;confogl_plugins.cfg;sharedplugins.cfg")
L 12/03/2021 - 20:46:49: [basecommands.smx] "Console<0><Console><Console>" changed cvar (cvar "l4d2_addons_eclipse") (value "0")
L 12/03/2021 - 20:46:49: [basecommands.smx] "Console<0><Console><Console>" changed cvar (cvar "sv_allow_wait_command") (value "0")
L 12/03/2021 - 20:46:49: [basecommands.smx] "Console<0><Console><Console>" changed cvar (cvar "sv_minrate") (value "108000")
L 12/03/2021 - 20:46:49: [basecommands.smx] "Console<0><Console><Console>" changed cvar (cvar "sv_maxrate") (value "108000")
L 12/03/2021 - 20:46:49: [basecommands.smx] "Console<0><Console><Console>" changed cvar (cvar "sv_mincmdrate") (value "108")
L 12/03/2021 - 20:46:49: [basecommands.smx] "Console<0><Console><Console>" changed cvar (cvar "sv_maxcmdrate") (value "108")
L 12/03/2021 - 20:46:49: [basecommands.smx] "Console<0><Console><Console>" changed cvar (cvar "sv_minupdaterate") (value "108")
L 12/03/2021 - 20:46:49: [basecommands.smx] "Console<0><Console><Console>" changed cvar (cvar "sv_maxupdaterate") (value "108")
L 12/03/2021 - 20:46:49: [basecommands.smx] "Console<0><Console><Console>" changed cvar (cvar "nb_update_frequency") (value "0.024")
L 12/03/2021 - 20:46:49: [basecommands.smx] "Console<0><Console><Console>" changed cvar (cvar "net_splitpacket_maxrate") (value "54000")
L 12/03/2021 - 20:46:49: [basecommands.smx] "Console<0><Console><Console>" changed cvar (cvar "sv_client_min_interp_ratio") (value "0")
L 12/03/2021 - 20:46:49: [basecommands.smx] "Console<0><Console><Console>" changed cvar (cvar "sv_client_max_interp_ratio") (value "2")
L 12/03/2021 - 20:46:49: [basecommands.smx] "Console<0><Console><Console>" changed cvar (cvar "fps_max") (value "200")
L 12/03/2021 - 20:46:49: [basecommands.smx] "Console<0><Console><Console>" changed cvar (cvar "mv_maxplayers") (value "16")
L 12/03/2021 - 20:46:49: [basecommands.smx] "Console<0><Console><Console>" changed cvar (cvar "sv_maxplayers") (value "16")
L 12/03/2021 - 20:46:49: [basecommands.smx] "Console<0><Console><Console>" changed cvar (cvar "sv_allowdownload") (value "1")
L 12/03/2021 - 20:46:49: [basecommands.smx] "Console<0><Console><Console>" changed cvar (cvar "l4d_nth_joininfected") (value "1")
L 12/03/2021 - 20:46:49: [basecommands.smx] "Console<0><Console><Console>" changed cvar (cvar "l4d_nth_joinsurvivors") (value "1")
L 12/03/2021 - 20:46:49: [basecommands.smx] "Console<0><Console><Console>" changed cvar (cvar "l4d_nth_kill") (value "0")
L 12/03/2021 - 20:46:49: [basecommands.smx] "Console<0><Console><Console>" changed cvar (cvar "l4d_nth_spectate") (value "1")
L 12/03/2021 - 20:46:49: [basecommands.smx] "Console<0><Console><Console>" changed cvar (cvar "l4d_nth_message") (value "0")
L 12/03/2021 - 20:46:49: [basecommands.smx] "Console<0><Console><Console>" changed cvar (cvar "l4d_nth_timerrepeat") (value "9999")
L 12/03/2021 - 20:46:49: [basecommands.smx] "Console<0><Console><Console>" changed cvar (cvar "vs_max_team_switches") (value "9999")
L 12/03/2021 - 20:46:49: [basecommands.smx] "Console<0><Console><Console>" changed cvar (cvar "mp_autoteambalance") (value "0")
L 12/03/2021 - 20:46:49: [basecommands.smx] "Console<0><Console><Console>" changed cvar (cvar "sv_unlag_fixstuck") (value "1")
L 12/03/2021 - 20:46:49: [basecommands.smx] "Console<0><Console><Console>" changed cvar (cvar "z_brawl_chance") (value "0")
L 12/03/2021 - 20:46:49: [basecommands.smx] "Console<0><Console><Console>" changed cvar (cvar "sv_maxunlag") (value "1")
L 12/03/2021 - 20:46:49: [basecommands.smx] "Console<0><Console><Console>" changed cvar (cvar "sv_forcepreload") (value "1")
L 12/03/2021 - 20:46:49: [basecommands.smx] "Console<0><Console><Console>" changed cvar (cvar "sv_client_predict") (value "1")
L 12/03/2021 - 20:46:49: [basecommands.smx] "Console<0><Console><Console>" changed cvar (cvar "sv_client_cmdrate_difference") (value "0")
L 12/03/2021 - 20:46:49: [basecommands.smx] "Console<0><Console><Console>" changed cvar (cvar "sv_max_queries_sec_global") (value "10")
L 12/03/2021 - 20:46:49: [basecommands.smx] "Console<0><Console><Console>" changed cvar (cvar "sv_max_queries_sec") (value "3")
L 12/03/2021 - 20:46:49: [basecommands.smx] "Console<0><Console><Console>" changed cvar (cvar "sv_max_queries_window") (value "10")
L 12/03/2021 - 20:46:49: [basecommands.smx] "Console<0><Console><Console>" changed cvar (cvar "sv_player_stuck_tolerance") (value "5")
L 12/03/2021 - 20:46:49: [basecommands.smx] "Console<0><Console><Console>" changed cvar (cvar "sv_stats") (value "0")
L 12/03/2021 - 20:46:49: [basecommands.smx] "Console<0><Console><Console>" changed cvar (cvar "sv_clockcorrection_msecs") (value "25")
L 12/03/2021 - 20:47:11: [optional/kether/autopause.smx] [AutoPause] Player STEAM_1:1:23591579 left the game with -23.916666 time until spawn.
L 12/03/2021 - 20:47:37: [playercommands.smx] "Krevik<4><STEAM_1:0:23813599><>" slayed "Zoey<7><BOT><>"
L 12/03/2021 - 20:47:39: [playercommands.smx] "Krevik<4><STEAM_1:0:23813599><>" slayed "Francis<6><BOT><>"
L 12/03/2021 - 20:47:42: [playercommands.smx] "Krevik<4><STEAM_1:0:23813599><>" slayed "✿abc<9><STEAM_1:1:116496273><>"
L 12/03/2021 - 20:48:02: [funcommands.smx] "Krevik<4><STEAM_1:0:23813599><>" toggled noclip on "Krevik<4><STEAM_1:0:23813599><>"
L 12/03/2021 - 20:48:28: [playercommands.smx] "Krevik<4><STEAM_1:0:23813599><>" slayed "Jockey<12><BOT><>"
L 12/03/2021 - 20:48:41: [basecommands.smx] "Krevik<4><STEAM_1:0:23813599><>" changed cvar (cvar "tank_swing_physics_prop_force") (value "1")
L 12/03/2021 - 20:48:49: [basecommands.smx] "Krevik<4><STEAM_1:0:23813599><>" changed cvar (cvar "tank_swing_physics_prop_force") (value "2")
L 12/03/2021 - 20:49:50: [basecommands.smx] "Krevik<4><STEAM_1:0:23813599><>" changed cvar (cvar "tank_swing_physics_prop_force") (value "2")
L 12/03/2021 - 20:50:59: [optional/kether/autopause.smx] [AutoPause] Player STEAM_1:1:52951310 left the game with -82.740753 time until spawn.
L 12/03/2021 - 20:50:59: [optional/kether/autopause.smx] [AutoPause] Player STEAM_1:0:52369020 left the game with -251.527786 time until spawn.
L 12/03/2021 - 20:51:03: [optional/kether/autopause.smx] [AutoPause] Player STEAM_1:0:187655491 left the game with -256.351867 time until spawn.
L 12/03/2021 - 20:51:16: SourceMod log file session started (file "/home/k26606_s20329/server_20329/left4dead2/addons/sourcemod/logs/L20211203.log") (Version "1.10.0.6494")
L 12/03/2021 - 20:51:16: [fixes/firebulletsfix.smx] Found offset for Weapon_ShootPosition 286
L 12/03/2021 - 20:51:17: [navmesh.smx] Found .NAV file in maps\c1m1_hotel.nav
L 12/03/2021 - 20:51:17: [navmesh.smx] Is mesh analyzed: 1
L 12/03/2021 - 20:51:17: [navmesh.smx] Nav version: 16; SubVersion: 14 (v10+); BSPSize: 32807960; MagicNumber: -17958194
L 12/03/2021 - 20:51:17: [navmesh.smx] Place count: 0
L 12/03/2021 - 20:51:17: [navmesh.smx] Has unnamed areas: true
L 12/03/2021 - 20:51:17: [navmesh.smx] Population type: c1streets
L 12/03/2021 - 20:51:17: [navmesh.smx] Area count: 1582
L 12/03/2021 - 20:51:17: [navmesh.smx] Parsed 1582 areas in 0.018115 seconds.
L 12/03/2021 - 20:51:17: [navmesh.smx] Ladder count: 0
L 12/03/2021 - 20:51:17: [basecommands.smx] "Console<0><Console><Console>" changed cvar (cvar "confogl_match_execcfg_plugins") (value "generalfixes.cfg;confogl_plugins.cfg;sharedplugins.cfg")
L 12/03/2021 - 20:51:17: [basecommands.smx] "Console<0><Console><Console>" changed cvar (cvar "l4d2_addons_eclipse") (value "0")
L 12/03/2021 - 20:51:17: [basecommands.smx] "Console<0><Console><Console>" changed cvar (cvar "sv_allow_wait_command") (value "0")
L 12/03/2021 - 20:51:17: [basecommands.smx] "Console<0><Console><Console>" changed cvar (cvar "sv_minrate") (value "108000")
L 12/03/2021 - 20:51:17: [basecommands.smx] "Console<0><Console><Console>" changed cvar (cvar "sv_maxrate") (value "108000")
L 12/03/2021 - 20:51:17: [basecommands.smx] "Console<0><Console><Console>" changed cvar (cvar "sv_mincmdrate") (value "108")
L 12/03/2021 - 20:51:17: [basecommands.smx] "Console<0><Console><Console>" changed cvar (cvar "sv_maxcmdrate") (value "108")
L 12/03/2021 - 20:51:17: [basecommands.smx] "Console<0><Console><Console>" changed cvar (cvar "sv_minupdaterate") (value "108")
L 12/03/2021 - 20:51:17: [basecommands.smx] "Console<0><Console><Console>" changed cvar (cvar "sv_maxupdaterate") (value "108")
L 12/03/2021 - 20:51:17: [basecommands.smx] "Console<0><Console><Console>" changed cvar (cvar "nb_update_frequency") (value "0.024")
L 12/03/2021 - 20:51:17: [basecommands.smx] "Console<0><Console><Console>" changed cvar (cvar "net_splitpacket_maxrate") (value "54000")
L 12/03/2021 - 20:51:17: [basecommands.smx] "Console<0><Console><Console>" changed cvar (cvar "sv_client_min_interp_ratio") (value "0")
L 12/03/2021 - 20:51:17: [basecommands.smx] "Console<0><Console><Console>" changed cvar (cvar "sv_client_max_interp_ratio") (value "2")
L 12/03/2021 - 20:51:17: [basecommands.smx] "Console<0><Console><Console>" changed cvar (cvar "fps_max") (value "200")
L 12/03/2021 - 20:51:17: [basecommands.smx] "Console<0><Console><Console>" changed cvar (cvar "mv_maxplayers") (value "16")
L 12/03/2021 - 20:51:17: [basecommands.smx] "Console<0><Console><Console>" changed cvar (cvar "sv_maxplayers") (value "16")
L 12/03/2021 - 20:51:17: [basecommands.smx] "Console<0><Console><Console>" changed cvar (cvar "sv_allowdownload") (value "1")
L 12/03/2021 - 20:51:17: [basecommands.smx] "Console<0><Console><Console>" changed cvar (cvar "vs_max_team_switches") (value "9999")
L 12/03/2021 - 20:51:17: [basecommands.smx] "Console<0><Console><Console>" changed cvar (cvar "mp_autoteambalance") (value "0")
L 12/03/2021 - 20:51:17: [basecommands.smx] "Console<0><Console><Console>" changed cvar (cvar "sv_unlag_fixstuck") (value "1")
L 12/03/2021 - 20:51:17: [basecommands.smx] "Console<0><Console><Console>" changed cvar (cvar "z_brawl_chance") (value "0")
L 12/03/2021 - 20:51:17: [basecommands.smx] "Console<0><Console><Console>" changed cvar (cvar "sv_maxunlag") (value "1")
L 12/03/2021 - 20:51:17: [basecommands.smx] "Console<0><Console><Console>" changed cvar (cvar "sv_forcepreload") (value "1")
L 12/03/2021 - 20:51:17: [basecommands.smx] "Console<0><Console><Console>" changed cvar (cvar "sv_client_predict") (value "1")
L 12/03/2021 - 20:51:17: [basecommands.smx] "Console<0><Console><Console>" changed cvar (cvar "sv_client_cmdrate_difference") (value "0")
L 12/03/2021 - 20:51:17: [basecommands.smx] "Console<0><Console><Console>" changed cvar (cvar "sv_max_queries_sec_global") (value "10")
L 12/03/2021 - 20:51:17: [basecommands.smx] "Console<0><Console><Console>" changed cvar (cvar "sv_max_queries_sec") (value "3")
L 12/03/2021 - 20:51:17: [basecommands.smx] "Console<0><Console><Console>" changed cvar (cvar "sv_max_queries_window") (value "10")
L 12/03/2021 - 20:51:17: [basecommands.smx] "Console<0><Console><Console>" changed cvar (cvar "sv_player_stuck_tolerance") (value "5")
L 12/03/2021 - 20:51:17: [basecommands.smx] "Console<0><Console><Console>" changed cvar (cvar "sv_stats") (value "0")
L 12/03/2021 - 20:51:17: [basecommands.smx] "Console<0><Console><Console>" changed cvar (cvar "sv_clockcorrection_msecs") (value "25")
L 12/03/2021 - 20:51:18: [fixes/firebulletsfix.smx] Found offset for Weapon_ShootPosition 286
L 12/03/2021 - 20:51:21: -------- Mapchange to c1m1_hotel --------
L 12/03/2021 - 20:51:22: [basecommands.smx] "Console<0><Console><Console>" changed cvar (cvar "confogl_match_execcfg_plugins") (value "generalfixes.cfg;confogl_plugins.cfg;sharedplugins.cfg")
L 12/03/2021 - 20:51:22: [basecommands.smx] "Console<0><Console><Console>" changed cvar (cvar "l4d2_addons_eclipse") (value "0")
L 12/03/2021 - 20:51:22: [basecommands.smx] "Console<0><Console><Console>" changed cvar (cvar "sv_allow_wait_command") (value "0")
L 12/03/2021 - 20:51:22: [basecommands.smx] "Console<0><Console><Console>" changed cvar (cvar "sv_minrate") (value "108000")
L 12/03/2021 - 20:51:22: [basecommands.smx] "Console<0><Console><Console>" changed cvar (cvar "sv_maxrate") (value "108000")
L 12/03/2021 - 20:51:22: [basecommands.smx] "Console<0><Console><Console>" changed cvar (cvar "sv_mincmdrate") (value "108")
L 12/03/2021 - 20:51:22: [basecommands.smx] "Console<0><Console><Console>" changed cvar (cvar "sv_maxcmdrate") (value "108")
L 12/03/2021 - 20:51:22: [basecommands.smx] "Console<0><Console><Console>" changed cvar (cvar "sv_minupdaterate") (value "108")
L 12/03/2021 - 20:51:22: [basecommands.smx] "Console<0><Console><Console>" changed cvar (cvar "sv_maxupdaterate") (value "108")
L 12/03/2021 - 20:51:22: [basecommands.smx] "Console<0><Console><Console>" changed cvar (cvar "nb_update_frequency") (value "0.024")
L 12/03/2021 - 20:51:22: [basecommands.smx] "Console<0><Console><Console>" changed cvar (cvar "net_splitpacket_maxrate") (value "54000")
L 12/03/2021 - 20:51:22: [basecommands.smx] "Console<0><Console><Console>" changed cvar (cvar "sv_client_min_interp_ratio") (value "0")
L 12/03/2021 - 20:51:22: [basecommands.smx] "Console<0><Console><Console>" changed cvar (cvar "sv_client_max_interp_ratio") (value "2")
L 12/03/2021 - 20:51:22: [basecommands.smx] "Console<0><Console><Console>" changed cvar (cvar "fps_max") (value "200")
L 12/03/2021 - 20:51:22: [basecommands.smx] "Console<0><Console><Console>" changed cvar (cvar "mv_maxplayers") (value "16")
L 12/03/2021 - 20:51:22: [basecommands.smx] "Console<0><Console><Console>" changed cvar (cvar "sv_maxplayers") (value "16")
L 12/03/2021 - 20:51:22: [basecommands.smx] "Console<0><Console><Console>" changed cvar (cvar "sv_allowdownload") (value "1")
L 12/03/2021 - 20:51:22: [basecommands.smx] "Console<0><Console><Console>" changed cvar (cvar "l4d_nth_joininfected") (value "1")
L 12/03/2021 - 20:51:22: [basecommands.smx] "Console<0><Console><Console>" changed cvar (cvar "l4d_nth_joinsurvivors") (value "1")
L 12/03/2021 - 20:51:22: [basecommands.smx] "Console<0><Console><Console>" changed cvar (cvar "l4d_nth_kill") (value "0")
L 12/03/2021 - 20:51:22: [basecommands.smx] "Console<0><Console><Console>" changed cvar (cvar "l4d_nth_spectate") (value "1")
L 12/03/2021 - 20:51:22: [basecommands.smx] "Console<0><Console><Console>" changed cvar (cvar "l4d_nth_message") (value "0")
L 12/03/2021 - 20:51:22: [basecommands.smx] "Console<0><Console><Console>" changed cvar (cvar "l4d_nth_timerrepeat") (value "9999")
L 12/03/2021 - 20:51:22: [basecommands.smx] "Console<0><Console><Console>" changed cvar (cvar "vs_max_team_switches") (value "9999")
L 12/03/2021 - 20:51:22: [basecommands.smx] "Console<0><Console><Console>" changed cvar (cvar "mp_autoteambalance") (value "0")
L 12/03/2021 - 20:51:22: [basecommands.smx] "Console<0><Console><Console>" changed cvar (cvar "sv_unlag_fixstuck") (value "1")
L 12/03/2021 - 20:51:22: [basecommands.smx] "Console<0><Console><Console>" changed cvar (cvar "z_brawl_chance") (value "0")
L 12/03/2021 - 20:51:22: [basecommands.smx] "Console<0><Console><Console>" changed cvar (cvar "sv_maxunlag") (value "1")
L 12/03/2021 - 20:51:22: [basecommands.smx] "Console<0><Console><Console>" changed cvar (cvar "sv_forcepreload") (value "1")
L 12/03/2021 - 20:51:22: [basecommands.smx] "Console<0><Console><Console>" changed cvar (cvar "sv_client_predict") (value "1")
L 12/03/2021 - 20:51:22: [basecommands.smx] "Console<0><Console><Console>" changed cvar (cvar "sv_client_cmdrate_difference") (value "0")
L 12/03/2021 - 20:51:22: [basecommands.smx] "Console<0><Console><Console>" changed cvar (cvar "sv_max_queries_sec_global") (value "10")
L 12/03/2021 - 20:51:22: [basecommands.smx] "Console<0><Console><Console>" changed cvar (cvar "sv_max_queries_sec") (value "3")
L 12/03/2021 - 20:51:22: [basecommands.smx] "Console<0><Console><Console>" changed cvar (cvar "sv_max_queries_window") (value "10")
L 12/03/2021 - 20:51:22: [basecommands.smx] "Console<0><Console><Console>" changed cvar (cvar "sv_player_stuck_tolerance") (value "5")
L 12/03/2021 - 20:51:22: [basecommands.smx] "Console<0><Console><Console>" changed cvar (cvar "sv_stats") (value "0")
L 12/03/2021 - 20:51:22: [basecommands.smx] "Console<0><Console><Console>" changed cvar (cvar "sv_clockcorrection_msecs") (value "25")
L 12/04/2021 - 10:37:31: Log file closed.
