L 12/17/2021 - 15:51:25: SourceMod log file session started (file "/home/k26606_s20329/server_20329/left4dead2/addons/sourcemod/logs/L20211217.log") (Version "1.10.0.6494")
L 12/17/2021 - 15:51:25: [fixes/firebulletsfix.smx] Found offset for Weapon_ShootPosition 286
L 12/17/2021 - 15:51:28: [navmesh.smx] Found .NAV file in maps\c1m1_hotel.nav
L 12/17/2021 - 15:51:28: [navmesh.smx] Is mesh analyzed: 1
L 12/17/2021 - 15:51:28: [navmesh.smx] Nav version: 16; SubVersion: 14 (v10+); BSPSize: 32807960; MagicNumber: -17958194
L 12/17/2021 - 15:51:28: [navmesh.smx] Place count: 0
L 12/17/2021 - 15:51:28: [navmesh.smx] Has unnamed areas: true
L 12/17/2021 - 15:51:28: [navmesh.smx] Population type: c1streets
L 12/17/2021 - 15:51:28: [navmesh.smx] Area count: 1582
L 12/17/2021 - 15:51:28: [navmesh.smx] Parsed 1582 areas in 0.017568 seconds.
L 12/17/2021 - 15:51:28: [navmesh.smx] Ladder count: 0
L 12/17/2021 - 15:51:28: [basecommands.smx] "Console<0><Console><Console>" changed cvar (cvar "confogl_match_execcfg_plugins") (value "generalfixes.cfg;confogl_plugins.cfg;sharedplugins.cfg")
L 12/17/2021 - 15:51:28: [basecommands.smx] "Console<0><Console><Console>" changed cvar (cvar "l4d2_addons_eclipse") (value "0")
L 12/17/2021 - 15:51:28: [basecommands.smx] "Console<0><Console><Console>" changed cvar (cvar "sv_allow_wait_command") (value "0")
L 12/17/2021 - 15:51:28: [basecommands.smx] "Console<0><Console><Console>" changed cvar (cvar "sv_minrate") (value "108000")
L 12/17/2021 - 15:51:28: [basecommands.smx] "Console<0><Console><Console>" changed cvar (cvar "sv_maxrate") (value "108000")
L 12/17/2021 - 15:51:28: [basecommands.smx] "Console<0><Console><Console>" changed cvar (cvar "sv_mincmdrate") (value "108")
L 12/17/2021 - 15:51:28: [basecommands.smx] "Console<0><Console><Console>" changed cvar (cvar "sv_maxcmdrate") (value "108")
L 12/17/2021 - 15:51:28: [basecommands.smx] "Console<0><Console><Console>" changed cvar (cvar "sv_minupdaterate") (value "108")
L 12/17/2021 - 15:51:28: [basecommands.smx] "Console<0><Console><Console>" changed cvar (cvar "sv_maxupdaterate") (value "108")
L 12/17/2021 - 15:51:28: [basecommands.smx] "Console<0><Console><Console>" changed cvar (cvar "nb_update_frequency") (value "0.024")
L 12/17/2021 - 15:51:28: [basecommands.smx] "Console<0><Console><Console>" changed cvar (cvar "net_splitpacket_maxrate") (value "54000")
L 12/17/2021 - 15:51:28: [basecommands.smx] "Console<0><Console><Console>" changed cvar (cvar "sv_client_min_interp_ratio") (value "0")
L 12/17/2021 - 15:51:28: [basecommands.smx] "Console<0><Console><Console>" changed cvar (cvar "sv_client_max_interp_ratio") (value "2")
L 12/17/2021 - 15:51:28: [basecommands.smx] "Console<0><Console><Console>" changed cvar (cvar "fps_max") (value "200")
L 12/17/2021 - 15:51:28: [basecommands.smx] "Console<0><Console><Console>" changed cvar (cvar "mv_maxplayers") (value "16")
L 12/17/2021 - 15:51:28: [basecommands.smx] "Console<0><Console><Console>" changed cvar (cvar "sv_maxplayers") (value "16")
L 12/17/2021 - 15:51:28: [basecommands.smx] "Console<0><Console><Console>" changed cvar (cvar "sv_allowdownload") (value "1")
L 12/17/2021 - 15:51:28: [basecommands.smx] "Console<0><Console><Console>" changed cvar (cvar "vs_max_team_switches") (value "9999")
L 12/17/2021 - 15:51:28: [basecommands.smx] "Console<0><Console><Console>" changed cvar (cvar "mp_autoteambalance") (value "0")
L 12/17/2021 - 15:51:28: [basecommands.smx] "Console<0><Console><Console>" changed cvar (cvar "sv_unlag_fixstuck") (value "1")
L 12/17/2021 - 15:51:28: [basecommands.smx] "Console<0><Console><Console>" changed cvar (cvar "z_brawl_chance") (value "0")
L 12/17/2021 - 15:51:28: [basecommands.smx] "Console<0><Console><Console>" changed cvar (cvar "sv_maxunlag") (value "1")
L 12/17/2021 - 15:51:28: [basecommands.smx] "Console<0><Console><Console>" changed cvar (cvar "sv_forcepreload") (value "1")
L 12/17/2021 - 15:51:28: [basecommands.smx] "Console<0><Console><Console>" changed cvar (cvar "sv_client_predict") (value "1")
L 12/17/2021 - 15:51:28: [basecommands.smx] "Console<0><Console><Console>" changed cvar (cvar "sv_client_cmdrate_difference") (value "0")
L 12/17/2021 - 15:51:28: [basecommands.smx] "Console<0><Console><Console>" changed cvar (cvar "sv_max_queries_sec_global") (value "10")
L 12/17/2021 - 15:51:28: [basecommands.smx] "Console<0><Console><Console>" changed cvar (cvar "sv_max_queries_sec") (value "3")
L 12/17/2021 - 15:51:28: [basecommands.smx] "Console<0><Console><Console>" changed cvar (cvar "sv_max_queries_window") (value "10")
L 12/17/2021 - 15:51:28: [basecommands.smx] "Console<0><Console><Console>" changed cvar (cvar "sv_player_stuck_tolerance") (value "5")
L 12/17/2021 - 15:51:28: [basecommands.smx] "Console<0><Console><Console>" changed cvar (cvar "sv_stats") (value "0")
L 12/17/2021 - 15:51:28: [basecommands.smx] "Console<0><Console><Console>" changed cvar (cvar "sv_clockcorrection_msecs") (value "25")
L 12/17/2021 - 15:51:28: [basecommands.smx] "Console<0><Console><Console>" changed cvar (cvar "tank_swing_physics_prop_force") (value "3")
L 12/17/2021 - 15:51:28: [fixes/firebulletsfix.smx] Found offset for Weapon_ShootPosition 286
L 12/17/2021 - 15:51:34: -------- Mapchange to c1m1_hotel --------
L 12/17/2021 - 15:51:34: [basecommands.smx] "Console<0><Console><Console>" changed cvar (cvar "confogl_match_execcfg_plugins") (value "generalfixes.cfg;confogl_plugins.cfg;sharedplugins.cfg")
L 12/17/2021 - 15:51:34: [basecommands.smx] "Console<0><Console><Console>" changed cvar (cvar "l4d2_addons_eclipse") (value "0")
L 12/17/2021 - 15:51:34: [basecommands.smx] "Console<0><Console><Console>" changed cvar (cvar "sv_allow_wait_command") (value "0")
L 12/17/2021 - 15:51:34: [basecommands.smx] "Console<0><Console><Console>" changed cvar (cvar "sv_minrate") (value "108000")
L 12/17/2021 - 15:51:34: [basecommands.smx] "Console<0><Console><Console>" changed cvar (cvar "sv_maxrate") (value "108000")
L 12/17/2021 - 15:51:34: [basecommands.smx] "Console<0><Console><Console>" changed cvar (cvar "sv_mincmdrate") (value "108")
L 12/17/2021 - 15:51:34: [basecommands.smx] "Console<0><Console><Console>" changed cvar (cvar "sv_maxcmdrate") (value "108")
L 12/17/2021 - 15:51:34: [basecommands.smx] "Console<0><Console><Console>" changed cvar (cvar "sv_minupdaterate") (value "108")
L 12/17/2021 - 15:51:34: [basecommands.smx] "Console<0><Console><Console>" changed cvar (cvar "sv_maxupdaterate") (value "108")
L 12/17/2021 - 15:51:34: [basecommands.smx] "Console<0><Console><Console>" changed cvar (cvar "nb_update_frequency") (value "0.024")
L 12/17/2021 - 15:51:34: [basecommands.smx] "Console<0><Console><Console>" changed cvar (cvar "net_splitpacket_maxrate") (value "54000")
L 12/17/2021 - 15:51:34: [basecommands.smx] "Console<0><Console><Console>" changed cvar (cvar "sv_client_min_interp_ratio") (value "0")
L 12/17/2021 - 15:51:34: [basecommands.smx] "Console<0><Console><Console>" changed cvar (cvar "sv_client_max_interp_ratio") (value "2")
L 12/17/2021 - 15:51:34: [basecommands.smx] "Console<0><Console><Console>" changed cvar (cvar "fps_max") (value "200")
L 12/17/2021 - 15:51:34: [basecommands.smx] "Console<0><Console><Console>" changed cvar (cvar "mv_maxplayers") (value "16")
L 12/17/2021 - 15:51:34: [basecommands.smx] "Console<0><Console><Console>" changed cvar (cvar "sv_maxplayers") (value "16")
L 12/17/2021 - 15:51:34: [basecommands.smx] "Console<0><Console><Console>" changed cvar (cvar "sv_allowdownload") (value "1")
L 12/17/2021 - 15:51:34: [basecommands.smx] "Console<0><Console><Console>" changed cvar (cvar "l4d_nth_joininfected") (value "1")
L 12/17/2021 - 15:51:34: [basecommands.smx] "Console<0><Console><Console>" changed cvar (cvar "l4d_nth_joinsurvivors") (value "1")
L 12/17/2021 - 15:51:34: [basecommands.smx] "Console<0><Console><Console>" changed cvar (cvar "l4d_nth_kill") (value "0")
L 12/17/2021 - 15:51:34: [basecommands.smx] "Console<0><Console><Console>" changed cvar (cvar "l4d_nth_spectate") (value "1")
L 12/17/2021 - 15:51:34: [basecommands.smx] "Console<0><Console><Console>" changed cvar (cvar "l4d_nth_message") (value "0")
L 12/17/2021 - 15:51:34: [basecommands.smx] "Console<0><Console><Console>" changed cvar (cvar "l4d_nth_timerrepeat") (value "9999")
L 12/17/2021 - 15:51:34: [basecommands.smx] "Console<0><Console><Console>" changed cvar (cvar "vs_max_team_switches") (value "9999")
L 12/17/2021 - 15:51:34: [basecommands.smx] "Console<0><Console><Console>" changed cvar (cvar "mp_autoteambalance") (value "0")
L 12/17/2021 - 15:51:34: [basecommands.smx] "Console<0><Console><Console>" changed cvar (cvar "sv_unlag_fixstuck") (value "1")
L 12/17/2021 - 15:51:34: [basecommands.smx] "Console<0><Console><Console>" changed cvar (cvar "z_brawl_chance") (value "0")
L 12/17/2021 - 15:51:34: [basecommands.smx] "Console<0><Console><Console>" changed cvar (cvar "sv_maxunlag") (value "1")
L 12/17/2021 - 15:51:34: [basecommands.smx] "Console<0><Console><Console>" changed cvar (cvar "sv_forcepreload") (value "1")
L 12/17/2021 - 15:51:34: [basecommands.smx] "Console<0><Console><Console>" changed cvar (cvar "sv_client_predict") (value "1")
L 12/17/2021 - 15:51:34: [basecommands.smx] "Console<0><Console><Console>" changed cvar (cvar "sv_client_cmdrate_difference") (value "0")
L 12/17/2021 - 15:51:34: [basecommands.smx] "Console<0><Console><Console>" changed cvar (cvar "sv_max_queries_sec_global") (value "10")
L 12/17/2021 - 15:51:34: [basecommands.smx] "Console<0><Console><Console>" changed cvar (cvar "sv_max_queries_sec") (value "3")
L 12/17/2021 - 15:51:34: [basecommands.smx] "Console<0><Console><Console>" changed cvar (cvar "sv_max_queries_window") (value "10")
L 12/17/2021 - 15:51:34: [basecommands.smx] "Console<0><Console><Console>" changed cvar (cvar "sv_player_stuck_tolerance") (value "5")
L 12/17/2021 - 15:51:34: [basecommands.smx] "Console<0><Console><Console>" changed cvar (cvar "sv_stats") (value "0")
L 12/17/2021 - 15:51:34: [basecommands.smx] "Console<0><Console><Console>" changed cvar (cvar "sv_clockcorrection_msecs") (value "25")
L 12/17/2021 - 15:51:34: [basecommands.smx] "Console<0><Console><Console>" changed cvar (cvar "tank_swing_physics_prop_force") (value "3")
L 12/17/2021 - 15:53:00: [playercommands.smx] "SATANİXON deepgoretube.site<2><STEAM_1:0:52369020><>" slayed "Rochelle<3><BOT><>"
L 12/17/2021 - 15:53:00: [playercommands.smx] "SATANİXON deepgoretube.site<2><STEAM_1:0:52369020><>" slayed "Ellis<4><BOT><>"
L 12/17/2021 - 15:53:00: [playercommands.smx] "SATANİXON deepgoretube.site<2><STEAM_1:0:52369020><>" slayed "Coach<5><BOT><>"
L 12/17/2021 - 15:53:00: [playercommands.smx] "SATANİXON deepgoretube.site<2><STEAM_1:0:52369020><>" slayed "Tank<6><BOT><>"
L 12/17/2021 - 15:53:26: [playercommands.smx] "SATANİXON deepgoretube.site<2><STEAM_1:0:52369020><>" slayed "SATANİXON deepgoretube.site<2><STEAM_1:0:52369020><>"
L 12/17/2021 - 15:53:26: [playercommands.smx] "SATANİXON deepgoretube.site<2><STEAM_1:0:52369020><>" slayed "Nick<7><BOT><>"
L 12/17/2021 - 15:53:26: [playercommands.smx] "SATANİXON deepgoretube.site<2><STEAM_1:0:52369020><>" slayed "Ellis<8><BOT><>"
L 12/17/2021 - 15:53:26: [playercommands.smx] "SATANİXON deepgoretube.site<2><STEAM_1:0:52369020><>" slayed "Rochelle<9><BOT><>"
L 12/17/2021 - 15:53:26: [playercommands.smx] "SATANİXON deepgoretube.site<2><STEAM_1:0:52369020><>" slayed "Coach<10><BOT><>"
L 12/17/2021 - 15:53:48: -------- Mapchange to c1m2_streets --------
L 12/17/2021 - 15:53:49: [basecommands.smx] "Console<0><Console><Console>" changed cvar (cvar "confogl_match_execcfg_plugins") (value "generalfixes.cfg;confogl_plugins.cfg;sharedplugins.cfg")
L 12/17/2021 - 15:53:49: [basecommands.smx] "Console<0><Console><Console>" changed cvar (cvar "l4d2_addons_eclipse") (value "0")
L 12/17/2021 - 15:53:49: [basecommands.smx] "Console<0><Console><Console>" changed cvar (cvar "sv_allow_wait_command") (value "0")
L 12/17/2021 - 15:53:49: [basecommands.smx] "Console<0><Console><Console>" changed cvar (cvar "sv_minrate") (value "108000")
L 12/17/2021 - 15:53:49: [basecommands.smx] "Console<0><Console><Console>" changed cvar (cvar "sv_maxrate") (value "108000")
L 12/17/2021 - 15:53:49: [basecommands.smx] "Console<0><Console><Console>" changed cvar (cvar "sv_mincmdrate") (value "108")
L 12/17/2021 - 15:53:49: [basecommands.smx] "Console<0><Console><Console>" changed cvar (cvar "sv_maxcmdrate") (value "108")
L 12/17/2021 - 15:53:49: [basecommands.smx] "Console<0><Console><Console>" changed cvar (cvar "sv_minupdaterate") (value "108")
L 12/17/2021 - 15:53:49: [basecommands.smx] "Console<0><Console><Console>" changed cvar (cvar "sv_maxupdaterate") (value "108")
L 12/17/2021 - 15:53:49: [basecommands.smx] "Console<0><Console><Console>" changed cvar (cvar "nb_update_frequency") (value "0.024")
L 12/17/2021 - 15:53:49: [basecommands.smx] "Console<0><Console><Console>" changed cvar (cvar "net_splitpacket_maxrate") (value "54000")
L 12/17/2021 - 15:53:49: [basecommands.smx] "Console<0><Console><Console>" changed cvar (cvar "sv_client_min_interp_ratio") (value "0")
L 12/17/2021 - 15:53:49: [basecommands.smx] "Console<0><Console><Console>" changed cvar (cvar "sv_client_max_interp_ratio") (value "2")
L 12/17/2021 - 15:53:49: [basecommands.smx] "Console<0><Console><Console>" changed cvar (cvar "fps_max") (value "200")
L 12/17/2021 - 15:53:49: [basecommands.smx] "Console<0><Console><Console>" changed cvar (cvar "mv_maxplayers") (value "16")
L 12/17/2021 - 15:53:49: [basecommands.smx] "Console<0><Console><Console>" changed cvar (cvar "sv_maxplayers") (value "16")
L 12/17/2021 - 15:53:49: [basecommands.smx] "Console<0><Console><Console>" changed cvar (cvar "sv_allowdownload") (value "1")
L 12/17/2021 - 15:53:49: [basecommands.smx] "Console<0><Console><Console>" changed cvar (cvar "l4d_nth_joininfected") (value "1")
L 12/17/2021 - 15:53:49: [basecommands.smx] "Console<0><Console><Console>" changed cvar (cvar "l4d_nth_joinsurvivors") (value "1")
L 12/17/2021 - 15:53:49: [basecommands.smx] "Console<0><Console><Console>" changed cvar (cvar "l4d_nth_kill") (value "0")
L 12/17/2021 - 15:53:49: [basecommands.smx] "Console<0><Console><Console>" changed cvar (cvar "l4d_nth_spectate") (value "1")
L 12/17/2021 - 15:53:49: [basecommands.smx] "Console<0><Console><Console>" changed cvar (cvar "l4d_nth_message") (value "0")
L 12/17/2021 - 15:53:49: [basecommands.smx] "Console<0><Console><Console>" changed cvar (cvar "l4d_nth_timerrepeat") (value "9999")
L 12/17/2021 - 15:53:49: [basecommands.smx] "Console<0><Console><Console>" changed cvar (cvar "vs_max_team_switches") (value "9999")
L 12/17/2021 - 15:53:49: [basecommands.smx] "Console<0><Console><Console>" changed cvar (cvar "mp_autoteambalance") (value "0")
L 12/17/2021 - 15:53:49: [basecommands.smx] "Console<0><Console><Console>" changed cvar (cvar "sv_unlag_fixstuck") (value "1")
L 12/17/2021 - 15:53:49: [basecommands.smx] "Console<0><Console><Console>" changed cvar (cvar "z_brawl_chance") (value "0")
L 12/17/2021 - 15:53:49: [basecommands.smx] "Console<0><Console><Console>" changed cvar (cvar "sv_maxunlag") (value "1")
L 12/17/2021 - 15:53:49: [basecommands.smx] "Console<0><Console><Console>" changed cvar (cvar "sv_forcepreload") (value "1")
L 12/17/2021 - 15:53:49: [basecommands.smx] "Console<0><Console><Console>" changed cvar (cvar "sv_client_predict") (value "1")
L 12/17/2021 - 15:53:49: [basecommands.smx] "Console<0><Console><Console>" changed cvar (cvar "sv_client_cmdrate_difference") (value "0")
L 12/17/2021 - 15:53:49: [basecommands.smx] "Console<0><Console><Console>" changed cvar (cvar "sv_max_queries_sec_global") (value "10")
L 12/17/2021 - 15:53:49: [basecommands.smx] "Console<0><Console><Console>" changed cvar (cvar "sv_max_queries_sec") (value "3")
L 12/17/2021 - 15:53:49: [basecommands.smx] "Console<0><Console><Console>" changed cvar (cvar "sv_max_queries_window") (value "10")
L 12/17/2021 - 15:53:49: [basecommands.smx] "Console<0><Console><Console>" changed cvar (cvar "sv_player_stuck_tolerance") (value "5")
L 12/17/2021 - 15:53:49: [basecommands.smx] "Console<0><Console><Console>" changed cvar (cvar "sv_stats") (value "0")
L 12/17/2021 - 15:53:49: [basecommands.smx] "Console<0><Console><Console>" changed cvar (cvar "sv_clockcorrection_msecs") (value "25")
L 12/17/2021 - 15:53:49: [basecommands.smx] "Console<0><Console><Console>" changed cvar (cvar "tank_swing_physics_prop_force") (value "3")
L 12/17/2021 - 15:57:13: [optional/kether/autopause.smx] [AutoPause] Player STEAM_1:0:52369020 left the game with -206.481475 time until spawn.
L 12/17/2021 - 15:57:26: SourceMod log file session started (file "/home/k26606_s20329/server_20329/left4dead2/addons/sourcemod/logs/L20211217.log") (Version "1.10.0.6494")
L 12/17/2021 - 15:57:26: [fixes/firebulletsfix.smx] Found offset for Weapon_ShootPosition 286
L 12/17/2021 - 15:57:27: [navmesh.smx] Found .NAV file in maps\c1m1_hotel.nav
L 12/17/2021 - 15:57:27: [navmesh.smx] Is mesh analyzed: 1
L 12/17/2021 - 15:57:27: [navmesh.smx] Nav version: 16; SubVersion: 14 (v10+); BSPSize: 32807960; MagicNumber: -17958194
L 12/17/2021 - 15:57:27: [navmesh.smx] Place count: 0
L 12/17/2021 - 15:57:27: [navmesh.smx] Has unnamed areas: true
L 12/17/2021 - 15:57:27: [navmesh.smx] Population type: c1streets
L 12/17/2021 - 15:57:27: [navmesh.smx] Area count: 1582
L 12/17/2021 - 15:57:27: [navmesh.smx] Parsed 1582 areas in 0.018062 seconds.
L 12/17/2021 - 15:57:27: [navmesh.smx] Ladder count: 0
L 12/17/2021 - 15:57:27: [basecommands.smx] "Console<0><Console><Console>" changed cvar (cvar "confogl_match_execcfg_plugins") (value "generalfixes.cfg;confogl_plugins.cfg;sharedplugins.cfg")
L 12/17/2021 - 15:57:27: [basecommands.smx] "Console<0><Console><Console>" changed cvar (cvar "l4d2_addons_eclipse") (value "0")
L 12/17/2021 - 15:57:27: [basecommands.smx] "Console<0><Console><Console>" changed cvar (cvar "sv_allow_wait_command") (value "0")
L 12/17/2021 - 15:57:27: [basecommands.smx] "Console<0><Console><Console>" changed cvar (cvar "sv_minrate") (value "108000")
L 12/17/2021 - 15:57:27: [basecommands.smx] "Console<0><Console><Console>" changed cvar (cvar "sv_maxrate") (value "108000")
L 12/17/2021 - 15:57:27: [basecommands.smx] "Console<0><Console><Console>" changed cvar (cvar "sv_mincmdrate") (value "108")
L 12/17/2021 - 15:57:27: [basecommands.smx] "Console<0><Console><Console>" changed cvar (cvar "sv_maxcmdrate") (value "108")
L 12/17/2021 - 15:57:27: [basecommands.smx] "Console<0><Console><Console>" changed cvar (cvar "sv_minupdaterate") (value "108")
L 12/17/2021 - 15:57:27: [basecommands.smx] "Console<0><Console><Console>" changed cvar (cvar "sv_maxupdaterate") (value "108")
L 12/17/2021 - 15:57:27: [basecommands.smx] "Console<0><Console><Console>" changed cvar (cvar "nb_update_frequency") (value "0.024")
L 12/17/2021 - 15:57:27: [basecommands.smx] "Console<0><Console><Console>" changed cvar (cvar "net_splitpacket_maxrate") (value "54000")
L 12/17/2021 - 15:57:27: [basecommands.smx] "Console<0><Console><Console>" changed cvar (cvar "sv_client_min_interp_ratio") (value "0")
L 12/17/2021 - 15:57:27: [basecommands.smx] "Console<0><Console><Console>" changed cvar (cvar "sv_client_max_interp_ratio") (value "2")
L 12/17/2021 - 15:57:27: [basecommands.smx] "Console<0><Console><Console>" changed cvar (cvar "fps_max") (value "200")
L 12/17/2021 - 15:57:27: [basecommands.smx] "Console<0><Console><Console>" changed cvar (cvar "mv_maxplayers") (value "16")
L 12/17/2021 - 15:57:27: [basecommands.smx] "Console<0><Console><Console>" changed cvar (cvar "sv_maxplayers") (value "16")
L 12/17/2021 - 15:57:27: [basecommands.smx] "Console<0><Console><Console>" changed cvar (cvar "sv_allowdownload") (value "1")
L 12/17/2021 - 15:57:27: [basecommands.smx] "Console<0><Console><Console>" changed cvar (cvar "vs_max_team_switches") (value "9999")
L 12/17/2021 - 15:57:27: [basecommands.smx] "Console<0><Console><Console>" changed cvar (cvar "mp_autoteambalance") (value "0")
L 12/17/2021 - 15:57:27: [basecommands.smx] "Console<0><Console><Console>" changed cvar (cvar "sv_unlag_fixstuck") (value "1")
L 12/17/2021 - 15:57:27: [basecommands.smx] "Console<0><Console><Console>" changed cvar (cvar "z_brawl_chance") (value "0")
L 12/17/2021 - 15:57:27: [basecommands.smx] "Console<0><Console><Console>" changed cvar (cvar "sv_maxunlag") (value "1")
L 12/17/2021 - 15:57:27: [basecommands.smx] "Console<0><Console><Console>" changed cvar (cvar "sv_forcepreload") (value "1")
L 12/17/2021 - 15:57:27: [basecommands.smx] "Console<0><Console><Console>" changed cvar (cvar "sv_client_predict") (value "1")
L 12/17/2021 - 15:57:27: [basecommands.smx] "Console<0><Console><Console>" changed cvar (cvar "sv_client_cmdrate_difference") (value "0")
L 12/17/2021 - 15:57:27: [basecommands.smx] "Console<0><Console><Console>" changed cvar (cvar "sv_max_queries_sec_global") (value "10")
L 12/17/2021 - 15:57:27: [basecommands.smx] "Console<0><Console><Console>" changed cvar (cvar "sv_max_queries_sec") (value "3")
L 12/17/2021 - 15:57:27: [basecommands.smx] "Console<0><Console><Console>" changed cvar (cvar "sv_max_queries_window") (value "10")
L 12/17/2021 - 15:57:27: [basecommands.smx] "Console<0><Console><Console>" changed cvar (cvar "sv_player_stuck_tolerance") (value "5")
L 12/17/2021 - 15:57:27: [basecommands.smx] "Console<0><Console><Console>" changed cvar (cvar "sv_stats") (value "0")
L 12/17/2021 - 15:57:27: [basecommands.smx] "Console<0><Console><Console>" changed cvar (cvar "sv_clockcorrection_msecs") (value "25")
L 12/17/2021 - 15:57:27: [basecommands.smx] "Console<0><Console><Console>" changed cvar (cvar "tank_swing_physics_prop_force") (value "3")
L 12/17/2021 - 15:57:27: [fixes/firebulletsfix.smx] Found offset for Weapon_ShootPosition 286
L 12/17/2021 - 15:57:31: -------- Mapchange to c1m1_hotel --------
L 12/17/2021 - 15:57:32: [basecommands.smx] "Console<0><Console><Console>" changed cvar (cvar "confogl_match_execcfg_plugins") (value "generalfixes.cfg;confogl_plugins.cfg;sharedplugins.cfg")
L 12/17/2021 - 15:57:32: [basecommands.smx] "Console<0><Console><Console>" changed cvar (cvar "l4d2_addons_eclipse") (value "0")
L 12/17/2021 - 15:57:32: [basecommands.smx] "Console<0><Console><Console>" changed cvar (cvar "sv_allow_wait_command") (value "0")
L 12/17/2021 - 15:57:32: [basecommands.smx] "Console<0><Console><Console>" changed cvar (cvar "sv_minrate") (value "108000")
L 12/17/2021 - 15:57:32: [basecommands.smx] "Console<0><Console><Console>" changed cvar (cvar "sv_maxrate") (value "108000")
L 12/17/2021 - 15:57:32: [basecommands.smx] "Console<0><Console><Console>" changed cvar (cvar "sv_mincmdrate") (value "108")
L 12/17/2021 - 15:57:32: [basecommands.smx] "Console<0><Console><Console>" changed cvar (cvar "sv_maxcmdrate") (value "108")
L 12/17/2021 - 15:57:32: [basecommands.smx] "Console<0><Console><Console>" changed cvar (cvar "sv_minupdaterate") (value "108")
L 12/17/2021 - 15:57:32: [basecommands.smx] "Console<0><Console><Console>" changed cvar (cvar "sv_maxupdaterate") (value "108")
L 12/17/2021 - 15:57:32: [basecommands.smx] "Console<0><Console><Console>" changed cvar (cvar "nb_update_frequency") (value "0.024")
L 12/17/2021 - 15:57:32: [basecommands.smx] "Console<0><Console><Console>" changed cvar (cvar "net_splitpacket_maxrate") (value "54000")
L 12/17/2021 - 15:57:32: [basecommands.smx] "Console<0><Console><Console>" changed cvar (cvar "sv_client_min_interp_ratio") (value "0")
L 12/17/2021 - 15:57:32: [basecommands.smx] "Console<0><Console><Console>" changed cvar (cvar "sv_client_max_interp_ratio") (value "2")
L 12/17/2021 - 15:57:32: [basecommands.smx] "Console<0><Console><Console>" changed cvar (cvar "fps_max") (value "200")
L 12/17/2021 - 15:57:32: [basecommands.smx] "Console<0><Console><Console>" changed cvar (cvar "mv_maxplayers") (value "16")
L 12/17/2021 - 15:57:32: [basecommands.smx] "Console<0><Console><Console>" changed cvar (cvar "sv_maxplayers") (value "16")
L 12/17/2021 - 15:57:32: [basecommands.smx] "Console<0><Console><Console>" changed cvar (cvar "sv_allowdownload") (value "1")
L 12/17/2021 - 15:57:32: [basecommands.smx] "Console<0><Console><Console>" changed cvar (cvar "l4d_nth_joininfected") (value "1")
L 12/17/2021 - 15:57:32: [basecommands.smx] "Console<0><Console><Console>" changed cvar (cvar "l4d_nth_joinsurvivors") (value "1")
L 12/17/2021 - 15:57:32: [basecommands.smx] "Console<0><Console><Console>" changed cvar (cvar "l4d_nth_kill") (value "0")
L 12/17/2021 - 15:57:32: [basecommands.smx] "Console<0><Console><Console>" changed cvar (cvar "l4d_nth_spectate") (value "1")
L 12/17/2021 - 15:57:32: [basecommands.smx] "Console<0><Console><Console>" changed cvar (cvar "l4d_nth_message") (value "0")
L 12/17/2021 - 15:57:32: [basecommands.smx] "Console<0><Console><Console>" changed cvar (cvar "l4d_nth_timerrepeat") (value "9999")
L 12/17/2021 - 15:57:32: [basecommands.smx] "Console<0><Console><Console>" changed cvar (cvar "vs_max_team_switches") (value "9999")
L 12/17/2021 - 15:57:32: [basecommands.smx] "Console<0><Console><Console>" changed cvar (cvar "mp_autoteambalance") (value "0")
L 12/17/2021 - 15:57:32: [basecommands.smx] "Console<0><Console><Console>" changed cvar (cvar "sv_unlag_fixstuck") (value "1")
L 12/17/2021 - 15:57:32: [basecommands.smx] "Console<0><Console><Console>" changed cvar (cvar "z_brawl_chance") (value "0")
L 12/17/2021 - 15:57:32: [basecommands.smx] "Console<0><Console><Console>" changed cvar (cvar "sv_maxunlag") (value "1")
L 12/17/2021 - 15:57:32: [basecommands.smx] "Console<0><Console><Console>" changed cvar (cvar "sv_forcepreload") (value "1")
L 12/17/2021 - 15:57:32: [basecommands.smx] "Console<0><Console><Console>" changed cvar (cvar "sv_client_predict") (value "1")
L 12/17/2021 - 15:57:32: [basecommands.smx] "Console<0><Console><Console>" changed cvar (cvar "sv_client_cmdrate_difference") (value "0")
L 12/17/2021 - 15:57:32: [basecommands.smx] "Console<0><Console><Console>" changed cvar (cvar "sv_max_queries_sec_global") (value "10")
L 12/17/2021 - 15:57:32: [basecommands.smx] "Console<0><Console><Console>" changed cvar (cvar "sv_max_queries_sec") (value "3")
L 12/17/2021 - 15:57:32: [basecommands.smx] "Console<0><Console><Console>" changed cvar (cvar "sv_max_queries_window") (value "10")
L 12/17/2021 - 15:57:32: [basecommands.smx] "Console<0><Console><Console>" changed cvar (cvar "sv_player_stuck_tolerance") (value "5")
L 12/17/2021 - 15:57:32: [basecommands.smx] "Console<0><Console><Console>" changed cvar (cvar "sv_stats") (value "0")
L 12/17/2021 - 15:57:32: [basecommands.smx] "Console<0><Console><Console>" changed cvar (cvar "sv_clockcorrection_msecs") (value "25")
L 12/17/2021 - 15:57:32: [basecommands.smx] "Console<0><Console><Console>" changed cvar (cvar "tank_swing_physics_prop_force") (value "3")
L 12/17/2021 - 15:58:19: [basecommands.smx] "SATANİXON deepgoretube.site<2><STEAM_1:0:52369020><>" changed map to "c1m2_streets"
L 12/17/2021 - 15:58:22: [SM] Changed map to "c1m2_streets"
L 12/17/2021 - 15:58:23: -------- Mapchange to c1m2_streets --------
L 12/17/2021 - 15:58:24: [basecommands.smx] "Console<0><Console><Console>" changed cvar (cvar "confogl_match_execcfg_plugins") (value "generalfixes.cfg;confogl_plugins.cfg;sharedplugins.cfg")
L 12/17/2021 - 15:58:24: [basecommands.smx] "Console<0><Console><Console>" changed cvar (cvar "l4d2_addons_eclipse") (value "0")
L 12/17/2021 - 15:58:24: [basecommands.smx] "Console<0><Console><Console>" changed cvar (cvar "sv_allow_wait_command") (value "0")
L 12/17/2021 - 15:58:24: [basecommands.smx] "Console<0><Console><Console>" changed cvar (cvar "sv_minrate") (value "108000")
L 12/17/2021 - 15:58:24: [basecommands.smx] "Console<0><Console><Console>" changed cvar (cvar "sv_maxrate") (value "108000")
L 12/17/2021 - 15:58:24: [basecommands.smx] "Console<0><Console><Console>" changed cvar (cvar "sv_mincmdrate") (value "108")
L 12/17/2021 - 15:58:24: [basecommands.smx] "Console<0><Console><Console>" changed cvar (cvar "sv_maxcmdrate") (value "108")
L 12/17/2021 - 15:58:24: [basecommands.smx] "Console<0><Console><Console>" changed cvar (cvar "sv_minupdaterate") (value "108")
L 12/17/2021 - 15:58:24: [basecommands.smx] "Console<0><Console><Console>" changed cvar (cvar "sv_maxupdaterate") (value "108")
L 12/17/2021 - 15:58:24: [basecommands.smx] "Console<0><Console><Console>" changed cvar (cvar "nb_update_frequency") (value "0.024")
L 12/17/2021 - 15:58:24: [basecommands.smx] "Console<0><Console><Console>" changed cvar (cvar "net_splitpacket_maxrate") (value "54000")
L 12/17/2021 - 15:58:24: [basecommands.smx] "Console<0><Console><Console>" changed cvar (cvar "sv_client_min_interp_ratio") (value "0")
L 12/17/2021 - 15:58:24: [basecommands.smx] "Console<0><Console><Console>" changed cvar (cvar "sv_client_max_interp_ratio") (value "2")
L 12/17/2021 - 15:58:24: [basecommands.smx] "Console<0><Console><Console>" changed cvar (cvar "fps_max") (value "200")
L 12/17/2021 - 15:58:24: [basecommands.smx] "Console<0><Console><Console>" changed cvar (cvar "mv_maxplayers") (value "16")
L 12/17/2021 - 15:58:24: [basecommands.smx] "Console<0><Console><Console>" changed cvar (cvar "sv_maxplayers") (value "16")
L 12/17/2021 - 15:58:24: [basecommands.smx] "Console<0><Console><Console>" changed cvar (cvar "sv_allowdownload") (value "1")
L 12/17/2021 - 15:58:24: [basecommands.smx] "Console<0><Console><Console>" changed cvar (cvar "l4d_nth_joininfected") (value "1")
L 12/17/2021 - 15:58:24: [basecommands.smx] "Console<0><Console><Console>" changed cvar (cvar "l4d_nth_joinsurvivors") (value "1")
L 12/17/2021 - 15:58:24: [basecommands.smx] "Console<0><Console><Console>" changed cvar (cvar "l4d_nth_kill") (value "0")
L 12/17/2021 - 15:58:24: [basecommands.smx] "Console<0><Console><Console>" changed cvar (cvar "l4d_nth_spectate") (value "1")
L 12/17/2021 - 15:58:24: [basecommands.smx] "Console<0><Console><Console>" changed cvar (cvar "l4d_nth_message") (value "0")
L 12/17/2021 - 15:58:24: [basecommands.smx] "Console<0><Console><Console>" changed cvar (cvar "l4d_nth_timerrepeat") (value "9999")
L 12/17/2021 - 15:58:24: [basecommands.smx] "Console<0><Console><Console>" changed cvar (cvar "vs_max_team_switches") (value "9999")
L 12/17/2021 - 15:58:24: [basecommands.smx] "Console<0><Console><Console>" changed cvar (cvar "mp_autoteambalance") (value "0")
L 12/17/2021 - 15:58:24: [basecommands.smx] "Console<0><Console><Console>" changed cvar (cvar "sv_unlag_fixstuck") (value "1")
L 12/17/2021 - 15:58:24: [basecommands.smx] "Console<0><Console><Console>" changed cvar (cvar "z_brawl_chance") (value "0")
L 12/17/2021 - 15:58:24: [basecommands.smx] "Console<0><Console><Console>" changed cvar (cvar "sv_maxunlag") (value "1")
L 12/17/2021 - 15:58:24: [basecommands.smx] "Console<0><Console><Console>" changed cvar (cvar "sv_forcepreload") (value "1")
L 12/17/2021 - 15:58:24: [basecommands.smx] "Console<0><Console><Console>" changed cvar (cvar "sv_client_predict") (value "1")
L 12/17/2021 - 15:58:24: [basecommands.smx] "Console<0><Console><Console>" changed cvar (cvar "sv_client_cmdrate_difference") (value "0")
L 12/17/2021 - 15:58:24: [basecommands.smx] "Console<0><Console><Console>" changed cvar (cvar "sv_max_queries_sec_global") (value "10")
L 12/17/2021 - 15:58:24: [basecommands.smx] "Console<0><Console><Console>" changed cvar (cvar "sv_max_queries_sec") (value "3")
L 12/17/2021 - 15:58:24: [basecommands.smx] "Console<0><Console><Console>" changed cvar (cvar "sv_max_queries_window") (value "10")
L 12/17/2021 - 15:58:24: [basecommands.smx] "Console<0><Console><Console>" changed cvar (cvar "sv_player_stuck_tolerance") (value "5")
L 12/17/2021 - 15:58:24: [basecommands.smx] "Console<0><Console><Console>" changed cvar (cvar "sv_stats") (value "0")
L 12/17/2021 - 15:58:24: [basecommands.smx] "Console<0><Console><Console>" changed cvar (cvar "sv_clockcorrection_msecs") (value "25")
L 12/17/2021 - 15:58:24: [basecommands.smx] "Console<0><Console><Console>" changed cvar (cvar "tank_swing_physics_prop_force") (value "3")
L 12/17/2021 - 16:01:38: [basecommands.smx] "SATANİXON deepgoretube.site<2><STEAM_1:0:52369020><>" changed map to "c5m1_waterfront"
L 12/17/2021 - 16:01:41: [SM] Changed map to "c5m1_waterfront"
L 12/17/2021 - 16:01:42: -------- Mapchange to c5m1_waterfront --------
L 12/17/2021 - 16:01:43: [basecommands.smx] "Console<0><Console><Console>" changed cvar (cvar "confogl_match_execcfg_plugins") (value "generalfixes.cfg;confogl_plugins.cfg;sharedplugins.cfg")
L 12/17/2021 - 16:01:43: [basecommands.smx] "Console<0><Console><Console>" changed cvar (cvar "l4d2_addons_eclipse") (value "0")
L 12/17/2021 - 16:01:43: [basecommands.smx] "Console<0><Console><Console>" changed cvar (cvar "sv_allow_wait_command") (value "0")
L 12/17/2021 - 16:01:43: [basecommands.smx] "Console<0><Console><Console>" changed cvar (cvar "sv_minrate") (value "108000")
L 12/17/2021 - 16:01:43: [basecommands.smx] "Console<0><Console><Console>" changed cvar (cvar "sv_maxrate") (value "108000")
L 12/17/2021 - 16:01:43: [basecommands.smx] "Console<0><Console><Console>" changed cvar (cvar "sv_mincmdrate") (value "108")
L 12/17/2021 - 16:01:43: [basecommands.smx] "Console<0><Console><Console>" changed cvar (cvar "sv_maxcmdrate") (value "108")
L 12/17/2021 - 16:01:43: [basecommands.smx] "Console<0><Console><Console>" changed cvar (cvar "sv_minupdaterate") (value "108")
L 12/17/2021 - 16:01:43: [basecommands.smx] "Console<0><Console><Console>" changed cvar (cvar "sv_maxupdaterate") (value "108")
L 12/17/2021 - 16:01:43: [basecommands.smx] "Console<0><Console><Console>" changed cvar (cvar "nb_update_frequency") (value "0.024")
L 12/17/2021 - 16:01:43: [basecommands.smx] "Console<0><Console><Console>" changed cvar (cvar "net_splitpacket_maxrate") (value "54000")
L 12/17/2021 - 16:01:43: [basecommands.smx] "Console<0><Console><Console>" changed cvar (cvar "sv_client_min_interp_ratio") (value "0")
L 12/17/2021 - 16:01:43: [basecommands.smx] "Console<0><Console><Console>" changed cvar (cvar "sv_client_max_interp_ratio") (value "2")
L 12/17/2021 - 16:01:43: [basecommands.smx] "Console<0><Console><Console>" changed cvar (cvar "fps_max") (value "200")
L 12/17/2021 - 16:01:43: [basecommands.smx] "Console<0><Console><Console>" changed cvar (cvar "mv_maxplayers") (value "16")
L 12/17/2021 - 16:01:43: [basecommands.smx] "Console<0><Console><Console>" changed cvar (cvar "sv_maxplayers") (value "16")
L 12/17/2021 - 16:01:43: [basecommands.smx] "Console<0><Console><Console>" changed cvar (cvar "sv_allowdownload") (value "1")
L 12/17/2021 - 16:01:43: [basecommands.smx] "Console<0><Console><Console>" changed cvar (cvar "l4d_nth_joininfected") (value "1")
L 12/17/2021 - 16:01:43: [basecommands.smx] "Console<0><Console><Console>" changed cvar (cvar "l4d_nth_joinsurvivors") (value "1")
L 12/17/2021 - 16:01:43: [basecommands.smx] "Console<0><Console><Console>" changed cvar (cvar "l4d_nth_kill") (value "0")
L 12/17/2021 - 16:01:43: [basecommands.smx] "Console<0><Console><Console>" changed cvar (cvar "l4d_nth_spectate") (value "1")
L 12/17/2021 - 16:01:43: [basecommands.smx] "Console<0><Console><Console>" changed cvar (cvar "l4d_nth_message") (value "0")
L 12/17/2021 - 16:01:43: [basecommands.smx] "Console<0><Console><Console>" changed cvar (cvar "l4d_nth_timerrepeat") (value "9999")
L 12/17/2021 - 16:01:43: [basecommands.smx] "Console<0><Console><Console>" changed cvar (cvar "vs_max_team_switches") (value "9999")
L 12/17/2021 - 16:01:43: [basecommands.smx] "Console<0><Console><Console>" changed cvar (cvar "mp_autoteambalance") (value "0")
L 12/17/2021 - 16:01:43: [basecommands.smx] "Console<0><Console><Console>" changed cvar (cvar "sv_unlag_fixstuck") (value "1")
L 12/17/2021 - 16:01:43: [basecommands.smx] "Console<0><Console><Console>" changed cvar (cvar "z_brawl_chance") (value "0")
L 12/17/2021 - 16:01:43: [basecommands.smx] "Console<0><Console><Console>" changed cvar (cvar "sv_maxunlag") (value "1")
L 12/17/2021 - 16:01:43: [basecommands.smx] "Console<0><Console><Console>" changed cvar (cvar "sv_forcepreload") (value "1")
L 12/17/2021 - 16:01:43: [basecommands.smx] "Console<0><Console><Console>" changed cvar (cvar "sv_client_predict") (value "1")
L 12/17/2021 - 16:01:43: [basecommands.smx] "Console<0><Console><Console>" changed cvar (cvar "sv_client_cmdrate_difference") (value "0")
L 12/17/2021 - 16:01:43: [basecommands.smx] "Console<0><Console><Console>" changed cvar (cvar "sv_max_queries_sec_global") (value "10")
L 12/17/2021 - 16:01:43: [basecommands.smx] "Console<0><Console><Console>" changed cvar (cvar "sv_max_queries_sec") (value "3")
L 12/17/2021 - 16:01:43: [basecommands.smx] "Console<0><Console><Console>" changed cvar (cvar "sv_max_queries_window") (value "10")
L 12/17/2021 - 16:01:43: [basecommands.smx] "Console<0><Console><Console>" changed cvar (cvar "sv_player_stuck_tolerance") (value "5")
L 12/17/2021 - 16:01:43: [basecommands.smx] "Console<0><Console><Console>" changed cvar (cvar "sv_stats") (value "0")
L 12/17/2021 - 16:01:43: [basecommands.smx] "Console<0><Console><Console>" changed cvar (cvar "sv_clockcorrection_msecs") (value "25")
L 12/17/2021 - 16:01:43: [basecommands.smx] "Console<0><Console><Console>" changed cvar (cvar "tank_swing_physics_prop_force") (value "3")
L 12/17/2021 - 16:02:23: [funcommands.smx] "SATANİXON deepgoretube.site<2><STEAM_1:0:52369020><>" toggled noclip on "SATANİXON deepgoretube.site<2><STEAM_1:0:52369020><>"
L 12/17/2021 - 16:03:01: [basecommands.smx] "SATANİXON deepgoretube.site<2><STEAM_1:0:52369020><>" changed map to "c5m2_park"
L 12/17/2021 - 16:03:04: [SM] Changed map to "c5m2_park"
L 12/17/2021 - 16:03:05: -------- Mapchange to c5m2_park --------
L 12/17/2021 - 16:03:05: [basecommands.smx] "Console<0><Console><Console>" changed cvar (cvar "confogl_match_execcfg_plugins") (value "generalfixes.cfg;confogl_plugins.cfg;sharedplugins.cfg")
L 12/17/2021 - 16:03:05: [basecommands.smx] "Console<0><Console><Console>" changed cvar (cvar "l4d2_addons_eclipse") (value "0")
L 12/17/2021 - 16:03:05: [basecommands.smx] "Console<0><Console><Console>" changed cvar (cvar "sv_allow_wait_command") (value "0")
L 12/17/2021 - 16:03:05: [basecommands.smx] "Console<0><Console><Console>" changed cvar (cvar "sv_minrate") (value "108000")
L 12/17/2021 - 16:03:05: [basecommands.smx] "Console<0><Console><Console>" changed cvar (cvar "sv_maxrate") (value "108000")
L 12/17/2021 - 16:03:05: [basecommands.smx] "Console<0><Console><Console>" changed cvar (cvar "sv_mincmdrate") (value "108")
L 12/17/2021 - 16:03:05: [basecommands.smx] "Console<0><Console><Console>" changed cvar (cvar "sv_maxcmdrate") (value "108")
L 12/17/2021 - 16:03:05: [basecommands.smx] "Console<0><Console><Console>" changed cvar (cvar "sv_minupdaterate") (value "108")
L 12/17/2021 - 16:03:05: [basecommands.smx] "Console<0><Console><Console>" changed cvar (cvar "sv_maxupdaterate") (value "108")
L 12/17/2021 - 16:03:05: [basecommands.smx] "Console<0><Console><Console>" changed cvar (cvar "nb_update_frequency") (value "0.024")
L 12/17/2021 - 16:03:05: [basecommands.smx] "Console<0><Console><Console>" changed cvar (cvar "net_splitpacket_maxrate") (value "54000")
L 12/17/2021 - 16:03:05: [basecommands.smx] "Console<0><Console><Console>" changed cvar (cvar "sv_client_min_interp_ratio") (value "0")
L 12/17/2021 - 16:03:05: [basecommands.smx] "Console<0><Console><Console>" changed cvar (cvar "sv_client_max_interp_ratio") (value "2")
L 12/17/2021 - 16:03:05: [basecommands.smx] "Console<0><Console><Console>" changed cvar (cvar "fps_max") (value "200")
L 12/17/2021 - 16:03:05: [basecommands.smx] "Console<0><Console><Console>" changed cvar (cvar "mv_maxplayers") (value "16")
L 12/17/2021 - 16:03:05: [basecommands.smx] "Console<0><Console><Console>" changed cvar (cvar "sv_maxplayers") (value "16")
L 12/17/2021 - 16:03:05: [basecommands.smx] "Console<0><Console><Console>" changed cvar (cvar "sv_allowdownload") (value "1")
L 12/17/2021 - 16:03:05: [basecommands.smx] "Console<0><Console><Console>" changed cvar (cvar "l4d_nth_joininfected") (value "1")
L 12/17/2021 - 16:03:05: [basecommands.smx] "Console<0><Console><Console>" changed cvar (cvar "l4d_nth_joinsurvivors") (value "1")
L 12/17/2021 - 16:03:05: [basecommands.smx] "Console<0><Console><Console>" changed cvar (cvar "l4d_nth_kill") (value "0")
L 12/17/2021 - 16:03:05: [basecommands.smx] "Console<0><Console><Console>" changed cvar (cvar "l4d_nth_spectate") (value "1")
L 12/17/2021 - 16:03:05: [basecommands.smx] "Console<0><Console><Console>" changed cvar (cvar "l4d_nth_message") (value "0")
L 12/17/2021 - 16:03:05: [basecommands.smx] "Console<0><Console><Console>" changed cvar (cvar "l4d_nth_timerrepeat") (value "9999")
L 12/17/2021 - 16:03:05: [basecommands.smx] "Console<0><Console><Console>" changed cvar (cvar "vs_max_team_switches") (value "9999")
L 12/17/2021 - 16:03:05: [basecommands.smx] "Console<0><Console><Console>" changed cvar (cvar "mp_autoteambalance") (value "0")
L 12/17/2021 - 16:03:05: [basecommands.smx] "Console<0><Console><Console>" changed cvar (cvar "sv_unlag_fixstuck") (value "1")
L 12/17/2021 - 16:03:05: [basecommands.smx] "Console<0><Console><Console>" changed cvar (cvar "z_brawl_chance") (value "0")
L 12/17/2021 - 16:03:05: [basecommands.smx] "Console<0><Console><Console>" changed cvar (cvar "sv_maxunlag") (value "1")
L 12/17/2021 - 16:03:05: [basecommands.smx] "Console<0><Console><Console>" changed cvar (cvar "sv_forcepreload") (value "1")
L 12/17/2021 - 16:03:05: [basecommands.smx] "Console<0><Console><Console>" changed cvar (cvar "sv_client_predict") (value "1")
L 12/17/2021 - 16:03:05: [basecommands.smx] "Console<0><Console><Console>" changed cvar (cvar "sv_client_cmdrate_difference") (value "0")
L 12/17/2021 - 16:03:05: [basecommands.smx] "Console<0><Console><Console>" changed cvar (cvar "sv_max_queries_sec_global") (value "10")
L 12/17/2021 - 16:03:05: [basecommands.smx] "Console<0><Console><Console>" changed cvar (cvar "sv_max_queries_sec") (value "3")
L 12/17/2021 - 16:03:05: [basecommands.smx] "Console<0><Console><Console>" changed cvar (cvar "sv_max_queries_window") (value "10")
L 12/17/2021 - 16:03:05: [basecommands.smx] "Console<0><Console><Console>" changed cvar (cvar "sv_player_stuck_tolerance") (value "5")
L 12/17/2021 - 16:03:05: [basecommands.smx] "Console<0><Console><Console>" changed cvar (cvar "sv_stats") (value "0")
L 12/17/2021 - 16:03:05: [basecommands.smx] "Console<0><Console><Console>" changed cvar (cvar "sv_clockcorrection_msecs") (value "25")
L 12/17/2021 - 16:03:05: [basecommands.smx] "Console<0><Console><Console>" changed cvar (cvar "tank_swing_physics_prop_force") (value "3")
L 12/17/2021 - 16:03:31: [funcommands.smx] "SATANİXON deepgoretube.site<2><STEAM_1:0:52369020><>" toggled noclip on "SATANİXON deepgoretube.site<2><STEAM_1:0:52369020><>"
L 12/17/2021 - 16:09:55: [optional/kether/autopause.smx] [AutoPause] Player STEAM_1:0:52369020 left the game with -411.296295 time until spawn.
L 12/17/2021 - 16:10:07: SourceMod log file session started (file "/home/k26606_s20329/server_20329/left4dead2/addons/sourcemod/logs/L20211217.log") (Version "1.10.0.6494")
L 12/17/2021 - 16:10:07: [fixes/firebulletsfix.smx] Found offset for Weapon_ShootPosition 286
L 12/17/2021 - 16:10:09: [navmesh.smx] Found .NAV file in maps\c1m1_hotel.nav
L 12/17/2021 - 16:10:09: [navmesh.smx] Is mesh analyzed: 1
L 12/17/2021 - 16:10:09: [navmesh.smx] Nav version: 16; SubVersion: 14 (v10+); BSPSize: 32807960; MagicNumber: -17958194
L 12/17/2021 - 16:10:09: [navmesh.smx] Place count: 0
L 12/17/2021 - 16:10:09: [navmesh.smx] Has unnamed areas: true
L 12/17/2021 - 16:10:09: [navmesh.smx] Population type: c1streets
L 12/17/2021 - 16:10:09: [navmesh.smx] Area count: 1582
L 12/17/2021 - 16:10:09: [navmesh.smx] Parsed 1582 areas in 0.018061 seconds.
L 12/17/2021 - 16:10:09: [navmesh.smx] Ladder count: 0
L 12/17/2021 - 16:10:09: [basecommands.smx] "Console<0><Console><Console>" changed cvar (cvar "confogl_match_execcfg_plugins") (value "generalfixes.cfg;confogl_plugins.cfg;sharedplugins.cfg")
L 12/17/2021 - 16:10:09: [basecommands.smx] "Console<0><Console><Console>" changed cvar (cvar "l4d2_addons_eclipse") (value "0")
L 12/17/2021 - 16:10:09: [basecommands.smx] "Console<0><Console><Console>" changed cvar (cvar "sv_allow_wait_command") (value "0")
L 12/17/2021 - 16:10:09: [basecommands.smx] "Console<0><Console><Console>" changed cvar (cvar "sv_minrate") (value "108000")
L 12/17/2021 - 16:10:09: [basecommands.smx] "Console<0><Console><Console>" changed cvar (cvar "sv_maxrate") (value "108000")
L 12/17/2021 - 16:10:09: [basecommands.smx] "Console<0><Console><Console>" changed cvar (cvar "sv_mincmdrate") (value "108")
L 12/17/2021 - 16:10:09: [basecommands.smx] "Console<0><Console><Console>" changed cvar (cvar "sv_maxcmdrate") (value "108")
L 12/17/2021 - 16:10:09: [basecommands.smx] "Console<0><Console><Console>" changed cvar (cvar "sv_minupdaterate") (value "108")
L 12/17/2021 - 16:10:09: [basecommands.smx] "Console<0><Console><Console>" changed cvar (cvar "sv_maxupdaterate") (value "108")
L 12/17/2021 - 16:10:09: [basecommands.smx] "Console<0><Console><Console>" changed cvar (cvar "nb_update_frequency") (value "0.024")
L 12/17/2021 - 16:10:09: [basecommands.smx] "Console<0><Console><Console>" changed cvar (cvar "net_splitpacket_maxrate") (value "54000")
L 12/17/2021 - 16:10:09: [basecommands.smx] "Console<0><Console><Console>" changed cvar (cvar "sv_client_min_interp_ratio") (value "0")
L 12/17/2021 - 16:10:09: [basecommands.smx] "Console<0><Console><Console>" changed cvar (cvar "sv_client_max_interp_ratio") (value "2")
L 12/17/2021 - 16:10:09: [basecommands.smx] "Console<0><Console><Console>" changed cvar (cvar "fps_max") (value "200")
L 12/17/2021 - 16:10:09: [basecommands.smx] "Console<0><Console><Console>" changed cvar (cvar "mv_maxplayers") (value "16")
L 12/17/2021 - 16:10:09: [basecommands.smx] "Console<0><Console><Console>" changed cvar (cvar "sv_maxplayers") (value "16")
L 12/17/2021 - 16:10:09: [basecommands.smx] "Console<0><Console><Console>" changed cvar (cvar "sv_allowdownload") (value "1")
L 12/17/2021 - 16:10:09: [basecommands.smx] "Console<0><Console><Console>" changed cvar (cvar "vs_max_team_switches") (value "9999")
L 12/17/2021 - 16:10:09: [basecommands.smx] "Console<0><Console><Console>" changed cvar (cvar "mp_autoteambalance") (value "0")
L 12/17/2021 - 16:10:09: [basecommands.smx] "Console<0><Console><Console>" changed cvar (cvar "sv_unlag_fixstuck") (value "1")
L 12/17/2021 - 16:10:09: [basecommands.smx] "Console<0><Console><Console>" changed cvar (cvar "z_brawl_chance") (value "0")
L 12/17/2021 - 16:10:09: [basecommands.smx] "Console<0><Console><Console>" changed cvar (cvar "sv_maxunlag") (value "1")
L 12/17/2021 - 16:10:09: [basecommands.smx] "Console<0><Console><Console>" changed cvar (cvar "sv_forcepreload") (value "1")
L 12/17/2021 - 16:10:09: [basecommands.smx] "Console<0><Console><Console>" changed cvar (cvar "sv_client_predict") (value "1")
L 12/17/2021 - 16:10:09: [basecommands.smx] "Console<0><Console><Console>" changed cvar (cvar "sv_client_cmdrate_difference") (value "0")
L 12/17/2021 - 16:10:09: [basecommands.smx] "Console<0><Console><Console>" changed cvar (cvar "sv_max_queries_sec_global") (value "10")
L 12/17/2021 - 16:10:09: [basecommands.smx] "Console<0><Console><Console>" changed cvar (cvar "sv_max_queries_sec") (value "3")
L 12/17/2021 - 16:10:09: [basecommands.smx] "Console<0><Console><Console>" changed cvar (cvar "sv_max_queries_window") (value "10")
L 12/17/2021 - 16:10:09: [basecommands.smx] "Console<0><Console><Console>" changed cvar (cvar "sv_player_stuck_tolerance") (value "5")
L 12/17/2021 - 16:10:09: [basecommands.smx] "Console<0><Console><Console>" changed cvar (cvar "sv_stats") (value "0")
L 12/17/2021 - 16:10:09: [basecommands.smx] "Console<0><Console><Console>" changed cvar (cvar "sv_clockcorrection_msecs") (value "25")
L 12/17/2021 - 16:10:09: [basecommands.smx] "Console<0><Console><Console>" changed cvar (cvar "tank_swing_physics_prop_force") (value "3")
L 12/17/2021 - 16:10:09: [fixes/firebulletsfix.smx] Found offset for Weapon_ShootPosition 286
L 12/17/2021 - 16:10:13: -------- Mapchange to c1m1_hotel --------
L 12/17/2021 - 16:10:14: [basecommands.smx] "Console<0><Console><Console>" changed cvar (cvar "confogl_match_execcfg_plugins") (value "generalfixes.cfg;confogl_plugins.cfg;sharedplugins.cfg")
L 12/17/2021 - 16:10:14: [basecommands.smx] "Console<0><Console><Console>" changed cvar (cvar "l4d2_addons_eclipse") (value "0")
L 12/17/2021 - 16:10:14: [basecommands.smx] "Console<0><Console><Console>" changed cvar (cvar "sv_allow_wait_command") (value "0")
L 12/17/2021 - 16:10:14: [basecommands.smx] "Console<0><Console><Console>" changed cvar (cvar "sv_minrate") (value "108000")
L 12/17/2021 - 16:10:14: [basecommands.smx] "Console<0><Console><Console>" changed cvar (cvar "sv_maxrate") (value "108000")
L 12/17/2021 - 16:10:14: [basecommands.smx] "Console<0><Console><Console>" changed cvar (cvar "sv_mincmdrate") (value "108")
L 12/17/2021 - 16:10:14: [basecommands.smx] "Console<0><Console><Console>" changed cvar (cvar "sv_maxcmdrate") (value "108")
L 12/17/2021 - 16:10:14: [basecommands.smx] "Console<0><Console><Console>" changed cvar (cvar "sv_minupdaterate") (value "108")
L 12/17/2021 - 16:10:14: [basecommands.smx] "Console<0><Console><Console>" changed cvar (cvar "sv_maxupdaterate") (value "108")
L 12/17/2021 - 16:10:14: [basecommands.smx] "Console<0><Console><Console>" changed cvar (cvar "nb_update_frequency") (value "0.024")
L 12/17/2021 - 16:10:14: [basecommands.smx] "Console<0><Console><Console>" changed cvar (cvar "net_splitpacket_maxrate") (value "54000")
L 12/17/2021 - 16:10:14: [basecommands.smx] "Console<0><Console><Console>" changed cvar (cvar "sv_client_min_interp_ratio") (value "0")
L 12/17/2021 - 16:10:14: [basecommands.smx] "Console<0><Console><Console>" changed cvar (cvar "sv_client_max_interp_ratio") (value "2")
L 12/17/2021 - 16:10:14: [basecommands.smx] "Console<0><Console><Console>" changed cvar (cvar "fps_max") (value "200")
L 12/17/2021 - 16:10:14: [basecommands.smx] "Console<0><Console><Console>" changed cvar (cvar "mv_maxplayers") (value "16")
L 12/17/2021 - 16:10:14: [basecommands.smx] "Console<0><Console><Console>" changed cvar (cvar "sv_maxplayers") (value "16")
L 12/17/2021 - 16:10:14: [basecommands.smx] "Console<0><Console><Console>" changed cvar (cvar "sv_allowdownload") (value "1")
L 12/17/2021 - 16:10:14: [basecommands.smx] "Console<0><Console><Console>" changed cvar (cvar "l4d_nth_joininfected") (value "1")
L 12/17/2021 - 16:10:14: [basecommands.smx] "Console<0><Console><Console>" changed cvar (cvar "l4d_nth_joinsurvivors") (value "1")
L 12/17/2021 - 16:10:14: [basecommands.smx] "Console<0><Console><Console>" changed cvar (cvar "l4d_nth_kill") (value "0")
L 12/17/2021 - 16:10:14: [basecommands.smx] "Console<0><Console><Console>" changed cvar (cvar "l4d_nth_spectate") (value "1")
L 12/17/2021 - 16:10:14: [basecommands.smx] "Console<0><Console><Console>" changed cvar (cvar "l4d_nth_message") (value "0")
L 12/17/2021 - 16:10:14: [basecommands.smx] "Console<0><Console><Console>" changed cvar (cvar "l4d_nth_timerrepeat") (value "9999")
L 12/17/2021 - 16:10:14: [basecommands.smx] "Console<0><Console><Console>" changed cvar (cvar "vs_max_team_switches") (value "9999")
L 12/17/2021 - 16:10:14: [basecommands.smx] "Console<0><Console><Console>" changed cvar (cvar "mp_autoteambalance") (value "0")
L 12/17/2021 - 16:10:14: [basecommands.smx] "Console<0><Console><Console>" changed cvar (cvar "sv_unlag_fixstuck") (value "1")
L 12/17/2021 - 16:10:14: [basecommands.smx] "Console<0><Console><Console>" changed cvar (cvar "z_brawl_chance") (value "0")
L 12/17/2021 - 16:10:14: [basecommands.smx] "Console<0><Console><Console>" changed cvar (cvar "sv_maxunlag") (value "1")
L 12/17/2021 - 16:10:14: [basecommands.smx] "Console<0><Console><Console>" changed cvar (cvar "sv_forcepreload") (value "1")
L 12/17/2021 - 16:10:14: [basecommands.smx] "Console<0><Console><Console>" changed cvar (cvar "sv_client_predict") (value "1")
L 12/17/2021 - 16:10:14: [basecommands.smx] "Console<0><Console><Console>" changed cvar (cvar "sv_client_cmdrate_difference") (value "0")
L 12/17/2021 - 16:10:14: [basecommands.smx] "Console<0><Console><Console>" changed cvar (cvar "sv_max_queries_sec_global") (value "10")
L 12/17/2021 - 16:10:14: [basecommands.smx] "Console<0><Console><Console>" changed cvar (cvar "sv_max_queries_sec") (value "3")
L 12/17/2021 - 16:10:14: [basecommands.smx] "Console<0><Console><Console>" changed cvar (cvar "sv_max_queries_window") (value "10")
L 12/17/2021 - 16:10:14: [basecommands.smx] "Console<0><Console><Console>" changed cvar (cvar "sv_player_stuck_tolerance") (value "5")
L 12/17/2021 - 16:10:14: [basecommands.smx] "Console<0><Console><Console>" changed cvar (cvar "sv_stats") (value "0")
L 12/17/2021 - 16:10:14: [basecommands.smx] "Console<0><Console><Console>" changed cvar (cvar "sv_clockcorrection_msecs") (value "25")
L 12/17/2021 - 16:10:14: [basecommands.smx] "Console<0><Console><Console>" changed cvar (cvar "tank_swing_physics_prop_force") (value "3")
