L 12/09/2021 - 18:20:42: SourceMod log file session started (file "/home/k26606_s20329/server_20329/left4dead2/addons/sourcemod/logs/L20211209.log") (Version "1.10.0.6494")
L 12/09/2021 - 18:20:42: [fixes/firebulletsfix.smx] Found offset for Weapon_ShootPosition 286
L 12/09/2021 - 18:20:44: [navmesh.smx] Found .NAV file in maps\c1m1_hotel.nav
L 12/09/2021 - 18:20:44: [navmesh.smx] Is mesh analyzed: 1
L 12/09/2021 - 18:20:44: [navmesh.smx] Nav version: 16; SubVersion: 14 (v10+); BSPSize: 32807960; MagicNumber: -17958194
L 12/09/2021 - 18:20:44: [navmesh.smx] Place count: 0
L 12/09/2021 - 18:20:44: [navmesh.smx] Has unnamed areas: true
L 12/09/2021 - 18:20:44: [navmesh.smx] Population type: c1streets
L 12/09/2021 - 18:20:44: [navmesh.smx] Area count: 1582
L 12/09/2021 - 18:20:44: [navmesh.smx] Parsed 1582 areas in 0.020984 seconds.
L 12/09/2021 - 18:20:44: [navmesh.smx] Ladder count: 0
L 12/09/2021 - 18:20:44: [basecommands.smx] "Console<0><Console><Console>" changed cvar (cvar "confogl_match_execcfg_plugins") (value "generalfixes.cfg;confogl_plugins.cfg;sharedplugins.cfg")
L 12/09/2021 - 18:20:44: [basecommands.smx] "Console<0><Console><Console>" changed cvar (cvar "l4d2_addons_eclipse") (value "0")
L 12/09/2021 - 18:20:44: [basecommands.smx] "Console<0><Console><Console>" changed cvar (cvar "sv_allow_wait_command") (value "0")
L 12/09/2021 - 18:20:44: [basecommands.smx] "Console<0><Console><Console>" changed cvar (cvar "sv_minrate") (value "108000")
L 12/09/2021 - 18:20:44: [basecommands.smx] "Console<0><Console><Console>" changed cvar (cvar "sv_maxrate") (value "108000")
L 12/09/2021 - 18:20:44: [basecommands.smx] "Console<0><Console><Console>" changed cvar (cvar "sv_mincmdrate") (value "108")
L 12/09/2021 - 18:20:44: [basecommands.smx] "Console<0><Console><Console>" changed cvar (cvar "sv_maxcmdrate") (value "108")
L 12/09/2021 - 18:20:44: [basecommands.smx] "Console<0><Console><Console>" changed cvar (cvar "sv_minupdaterate") (value "108")
L 12/09/2021 - 18:20:44: [basecommands.smx] "Console<0><Console><Console>" changed cvar (cvar "sv_maxupdaterate") (value "108")
L 12/09/2021 - 18:20:44: [basecommands.smx] "Console<0><Console><Console>" changed cvar (cvar "nb_update_frequency") (value "0.024")
L 12/09/2021 - 18:20:44: [basecommands.smx] "Console<0><Console><Console>" changed cvar (cvar "net_splitpacket_maxrate") (value "54000")
L 12/09/2021 - 18:20:44: [basecommands.smx] "Console<0><Console><Console>" changed cvar (cvar "sv_client_min_interp_ratio") (value "0")
L 12/09/2021 - 18:20:44: [basecommands.smx] "Console<0><Console><Console>" changed cvar (cvar "sv_client_max_interp_ratio") (value "2")
L 12/09/2021 - 18:20:44: [basecommands.smx] "Console<0><Console><Console>" changed cvar (cvar "fps_max") (value "200")
L 12/09/2021 - 18:20:44: [basecommands.smx] "Console<0><Console><Console>" changed cvar (cvar "mv_maxplayers") (value "16")
L 12/09/2021 - 18:20:44: [basecommands.smx] "Console<0><Console><Console>" changed cvar (cvar "sv_maxplayers") (value "16")
L 12/09/2021 - 18:20:44: [basecommands.smx] "Console<0><Console><Console>" changed cvar (cvar "sv_allowdownload") (value "1")
L 12/09/2021 - 18:20:44: [basecommands.smx] "Console<0><Console><Console>" changed cvar (cvar "vs_max_team_switches") (value "9999")
L 12/09/2021 - 18:20:44: [basecommands.smx] "Console<0><Console><Console>" changed cvar (cvar "mp_autoteambalance") (value "0")
L 12/09/2021 - 18:20:44: [basecommands.smx] "Console<0><Console><Console>" changed cvar (cvar "sv_unlag_fixstuck") (value "1")
L 12/09/2021 - 18:20:44: [basecommands.smx] "Console<0><Console><Console>" changed cvar (cvar "z_brawl_chance") (value "0")
L 12/09/2021 - 18:20:44: [basecommands.smx] "Console<0><Console><Console>" changed cvar (cvar "sv_maxunlag") (value "1")
L 12/09/2021 - 18:20:44: [basecommands.smx] "Console<0><Console><Console>" changed cvar (cvar "sv_forcepreload") (value "1")
L 12/09/2021 - 18:20:44: [basecommands.smx] "Console<0><Console><Console>" changed cvar (cvar "sv_client_predict") (value "1")
L 12/09/2021 - 18:20:44: [basecommands.smx] "Console<0><Console><Console>" changed cvar (cvar "sv_client_cmdrate_difference") (value "0")
L 12/09/2021 - 18:20:44: [basecommands.smx] "Console<0><Console><Console>" changed cvar (cvar "sv_max_queries_sec_global") (value "10")
L 12/09/2021 - 18:20:44: [basecommands.smx] "Console<0><Console><Console>" changed cvar (cvar "sv_max_queries_sec") (value "3")
L 12/09/2021 - 18:20:44: [basecommands.smx] "Console<0><Console><Console>" changed cvar (cvar "sv_max_queries_window") (value "10")
L 12/09/2021 - 18:20:44: [basecommands.smx] "Console<0><Console><Console>" changed cvar (cvar "sv_player_stuck_tolerance") (value "5")
L 12/09/2021 - 18:20:44: [basecommands.smx] "Console<0><Console><Console>" changed cvar (cvar "sv_stats") (value "0")
L 12/09/2021 - 18:20:44: [basecommands.smx] "Console<0><Console><Console>" changed cvar (cvar "sv_clockcorrection_msecs") (value "25")
L 12/09/2021 - 18:20:44: [basecommands.smx] "Console<0><Console><Console>" changed cvar (cvar "tank_swing_physics_prop_force") (value "3")
L 12/09/2021 - 18:20:45: [fixes/firebulletsfix.smx] Found offset for Weapon_ShootPosition 286
L 12/09/2021 - 18:20:49: -------- Mapchange to c1m1_hotel --------
L 12/09/2021 - 18:20:50: [basecommands.smx] "Console<0><Console><Console>" changed cvar (cvar "confogl_match_execcfg_plugins") (value "generalfixes.cfg;confogl_plugins.cfg;sharedplugins.cfg")
L 12/09/2021 - 18:20:50: [basecommands.smx] "Console<0><Console><Console>" changed cvar (cvar "l4d2_addons_eclipse") (value "0")
L 12/09/2021 - 18:20:50: [basecommands.smx] "Console<0><Console><Console>" changed cvar (cvar "sv_allow_wait_command") (value "0")
L 12/09/2021 - 18:20:50: [basecommands.smx] "Console<0><Console><Console>" changed cvar (cvar "sv_minrate") (value "108000")
L 12/09/2021 - 18:20:50: [basecommands.smx] "Console<0><Console><Console>" changed cvar (cvar "sv_maxrate") (value "108000")
L 12/09/2021 - 18:20:50: [basecommands.smx] "Console<0><Console><Console>" changed cvar (cvar "sv_mincmdrate") (value "108")
L 12/09/2021 - 18:20:50: [basecommands.smx] "Console<0><Console><Console>" changed cvar (cvar "sv_maxcmdrate") (value "108")
L 12/09/2021 - 18:20:50: [basecommands.smx] "Console<0><Console><Console>" changed cvar (cvar "sv_minupdaterate") (value "108")
L 12/09/2021 - 18:20:50: [basecommands.smx] "Console<0><Console><Console>" changed cvar (cvar "sv_maxupdaterate") (value "108")
L 12/09/2021 - 18:20:50: [basecommands.smx] "Console<0><Console><Console>" changed cvar (cvar "nb_update_frequency") (value "0.024")
L 12/09/2021 - 18:20:50: [basecommands.smx] "Console<0><Console><Console>" changed cvar (cvar "net_splitpacket_maxrate") (value "54000")
L 12/09/2021 - 18:20:50: [basecommands.smx] "Console<0><Console><Console>" changed cvar (cvar "sv_client_min_interp_ratio") (value "0")
L 12/09/2021 - 18:20:50: [basecommands.smx] "Console<0><Console><Console>" changed cvar (cvar "sv_client_max_interp_ratio") (value "2")
L 12/09/2021 - 18:20:50: [basecommands.smx] "Console<0><Console><Console>" changed cvar (cvar "fps_max") (value "200")
L 12/09/2021 - 18:20:50: [basecommands.smx] "Console<0><Console><Console>" changed cvar (cvar "mv_maxplayers") (value "16")
L 12/09/2021 - 18:20:50: [basecommands.smx] "Console<0><Console><Console>" changed cvar (cvar "sv_maxplayers") (value "16")
L 12/09/2021 - 18:20:50: [basecommands.smx] "Console<0><Console><Console>" changed cvar (cvar "sv_allowdownload") (value "1")
L 12/09/2021 - 18:20:50: [basecommands.smx] "Console<0><Console><Console>" changed cvar (cvar "l4d_nth_joininfected") (value "1")
L 12/09/2021 - 18:20:50: [basecommands.smx] "Console<0><Console><Console>" changed cvar (cvar "l4d_nth_joinsurvivors") (value "1")
L 12/09/2021 - 18:20:50: [basecommands.smx] "Console<0><Console><Console>" changed cvar (cvar "l4d_nth_kill") (value "0")
L 12/09/2021 - 18:20:50: [basecommands.smx] "Console<0><Console><Console>" changed cvar (cvar "l4d_nth_spectate") (value "1")
L 12/09/2021 - 18:20:50: [basecommands.smx] "Console<0><Console><Console>" changed cvar (cvar "l4d_nth_message") (value "0")
L 12/09/2021 - 18:20:50: [basecommands.smx] "Console<0><Console><Console>" changed cvar (cvar "l4d_nth_timerrepeat") (value "9999")
L 12/09/2021 - 18:20:50: [basecommands.smx] "Console<0><Console><Console>" changed cvar (cvar "vs_max_team_switches") (value "9999")
L 12/09/2021 - 18:20:50: [basecommands.smx] "Console<0><Console><Console>" changed cvar (cvar "mp_autoteambalance") (value "0")
L 12/09/2021 - 18:20:50: [basecommands.smx] "Console<0><Console><Console>" changed cvar (cvar "sv_unlag_fixstuck") (value "1")
L 12/09/2021 - 18:20:50: [basecommands.smx] "Console<0><Console><Console>" changed cvar (cvar "z_brawl_chance") (value "0")
L 12/09/2021 - 18:20:50: [basecommands.smx] "Console<0><Console><Console>" changed cvar (cvar "sv_maxunlag") (value "1")
L 12/09/2021 - 18:20:50: [basecommands.smx] "Console<0><Console><Console>" changed cvar (cvar "sv_forcepreload") (value "1")
L 12/09/2021 - 18:20:50: [basecommands.smx] "Console<0><Console><Console>" changed cvar (cvar "sv_client_predict") (value "1")
L 12/09/2021 - 18:20:50: [basecommands.smx] "Console<0><Console><Console>" changed cvar (cvar "sv_client_cmdrate_difference") (value "0")
L 12/09/2021 - 18:20:50: [basecommands.smx] "Console<0><Console><Console>" changed cvar (cvar "sv_max_queries_sec_global") (value "10")
L 12/09/2021 - 18:20:50: [basecommands.smx] "Console<0><Console><Console>" changed cvar (cvar "sv_max_queries_sec") (value "3")
L 12/09/2021 - 18:20:50: [basecommands.smx] "Console<0><Console><Console>" changed cvar (cvar "sv_max_queries_window") (value "10")
L 12/09/2021 - 18:20:50: [basecommands.smx] "Console<0><Console><Console>" changed cvar (cvar "sv_player_stuck_tolerance") (value "5")
L 12/09/2021 - 18:20:50: [basecommands.smx] "Console<0><Console><Console>" changed cvar (cvar "sv_stats") (value "0")
L 12/09/2021 - 18:20:50: [basecommands.smx] "Console<0><Console><Console>" changed cvar (cvar "sv_clockcorrection_msecs") (value "25")
L 12/09/2021 - 18:20:50: [basecommands.smx] "Console<0><Console><Console>" changed cvar (cvar "tank_swing_physics_prop_force") (value "3")
L 12/09/2021 - 18:26:51: [optional/kether/l4d2_skill_detect.smx] Clear: 5 freed 4 from 1: time: -1.00 / 5.04 -- class: smoker (with shove? 1)
L 12/09/2021 - 18:27:39: [optional/kether/l4d2_skill_detect.smx] Witch Crown Check: Failed: bungled: 1 / crowntype: 0 (entity: 437)
L 12/09/2021 - 18:27:39: [optional/kether/l4d2_skill_detect.smx] Witch Crown Check: Further details: attacker: Rochelle, attacker dmg: 289, teamless dmg: 0
L 12/09/2021 - 18:28:12: [optional/kether/l4d2_skill_detect.smx] Clear: 3 freed 5 from 1: time: 1.64 / -1.00 -- class: jockey (with shove? 0)
L 12/09/2021 - 18:28:28: [optional/kether/l4d2_skill_detect.smx] Charge carry start: 1 - 2 -- time: 200.99
L 12/09/2021 - 18:28:31: [optional/kether/l4d2_skill_detect.smx] Checking charge victim: 1 - 3 - flags: 0 (alive? 1)
L 12/09/2021 - 18:28:32: [optional/kether/l4d2_skill_detect.smx] Clear: 5 freed 2 from 1: time: 1.94 / 4.00 -- class: charger (with shove? 0)
L 12/09/2021 - 18:28:32: [optional/kether/l4d2_skill_detect.smx] Checking charge victim: 1 - 2 - flags: 1 (alive? 1)
L 12/09/2021 - 18:30:26: [optional/kether/l4d2_skill_detect.smx] Clear: 2 freed 5 from 1: time: 3.87 / -1.00 -- class: hunter (with shove? 0)
L 12/09/2021 - 18:32:42: [optional/kether/l4d2_skill_detect.smx] Witch Crown Check: Failed: bungled: 1 / crowntype: 0 (entity: 573)
L 12/09/2021 - 18:32:42: [optional/kether/l4d2_skill_detect.smx] Witch Crown Check: Further details: attacker: Coach, attacker dmg: 140, teamless dmg: 0
L 12/09/2021 - 18:33:54: [optional/kether/l4d2_skill_detect.smx] Clear: 6 freed 2 from 1: time: 1.08 / -1.00 -- class: jockey (with shove? 1)
L 12/09/2021 - 18:34:17: [optional/kether/l4d2_skill_detect.smx] Charge carry start: 1 - 6 -- time: 549.98
L 12/09/2021 - 18:34:20: [optional/kether/l4d2_skill_detect.smx] Checking charge victim: 1 - 2 - flags: 0 (alive? 1)
L 12/09/2021 - 18:34:21: [optional/kether/l4d2_skill_detect.smx] Checking charge victim: 1 - 6 - flags: 1 (alive? 1)
L 12/09/2021 - 18:34:24: [optional/kether/l4d2_skill_detect.smx] Clear: 2 freed 6 from 1: time: 4.42 / 7.03 -- class: charger (with shove? 0)
L 12/09/2021 - 18:35:20: [optional/kether/l4d2_skill_detect.smx] Clear: 2 freed 6 from 1: time: 0.69 / 4.83 -- class: smoker (with shove? 1)
L 12/09/2021 - 18:36:17: -------- Mapchange to c1m2_streets --------
L 12/09/2021 - 18:36:18: [basecommands.smx] "Console<0><Console><Console>" changed cvar (cvar "confogl_match_execcfg_plugins") (value "generalfixes.cfg;confogl_plugins.cfg;sharedplugins.cfg")
L 12/09/2021 - 18:36:18: [basecommands.smx] "Console<0><Console><Console>" changed cvar (cvar "l4d2_addons_eclipse") (value "0")
L 12/09/2021 - 18:36:18: [basecommands.smx] "Console<0><Console><Console>" changed cvar (cvar "sv_allow_wait_command") (value "0")
L 12/09/2021 - 18:36:18: [basecommands.smx] "Console<0><Console><Console>" changed cvar (cvar "sv_minrate") (value "108000")
L 12/09/2021 - 18:36:18: [basecommands.smx] "Console<0><Console><Console>" changed cvar (cvar "sv_maxrate") (value "108000")
L 12/09/2021 - 18:36:18: [basecommands.smx] "Console<0><Console><Console>" changed cvar (cvar "sv_mincmdrate") (value "108")
L 12/09/2021 - 18:36:18: [basecommands.smx] "Console<0><Console><Console>" changed cvar (cvar "sv_maxcmdrate") (value "108")
L 12/09/2021 - 18:36:18: [basecommands.smx] "Console<0><Console><Console>" changed cvar (cvar "sv_minupdaterate") (value "108")
L 12/09/2021 - 18:36:18: [basecommands.smx] "Console<0><Console><Console>" changed cvar (cvar "sv_maxupdaterate") (value "108")
L 12/09/2021 - 18:36:18: [basecommands.smx] "Console<0><Console><Console>" changed cvar (cvar "nb_update_frequency") (value "0.024")
L 12/09/2021 - 18:36:18: [basecommands.smx] "Console<0><Console><Console>" changed cvar (cvar "net_splitpacket_maxrate") (value "54000")
L 12/09/2021 - 18:36:18: [basecommands.smx] "Console<0><Console><Console>" changed cvar (cvar "sv_client_min_interp_ratio") (value "0")
L 12/09/2021 - 18:36:18: [basecommands.smx] "Console<0><Console><Console>" changed cvar (cvar "sv_client_max_interp_ratio") (value "2")
L 12/09/2021 - 18:36:18: [basecommands.smx] "Console<0><Console><Console>" changed cvar (cvar "fps_max") (value "200")
L 12/09/2021 - 18:36:18: [basecommands.smx] "Console<0><Console><Console>" changed cvar (cvar "mv_maxplayers") (value "16")
L 12/09/2021 - 18:36:18: [basecommands.smx] "Console<0><Console><Console>" changed cvar (cvar "sv_maxplayers") (value "16")
L 12/09/2021 - 18:36:18: [basecommands.smx] "Console<0><Console><Console>" changed cvar (cvar "sv_allowdownload") (value "1")
L 12/09/2021 - 18:36:18: [basecommands.smx] "Console<0><Console><Console>" changed cvar (cvar "l4d_nth_joininfected") (value "1")
L 12/09/2021 - 18:36:18: [basecommands.smx] "Console<0><Console><Console>" changed cvar (cvar "l4d_nth_joinsurvivors") (value "1")
L 12/09/2021 - 18:36:18: [basecommands.smx] "Console<0><Console><Console>" changed cvar (cvar "l4d_nth_kill") (value "0")
L 12/09/2021 - 18:36:18: [basecommands.smx] "Console<0><Console><Console>" changed cvar (cvar "l4d_nth_spectate") (value "1")
L 12/09/2021 - 18:36:18: [basecommands.smx] "Console<0><Console><Console>" changed cvar (cvar "l4d_nth_message") (value "0")
L 12/09/2021 - 18:36:18: [basecommands.smx] "Console<0><Console><Console>" changed cvar (cvar "l4d_nth_timerrepeat") (value "9999")
L 12/09/2021 - 18:36:18: [basecommands.smx] "Console<0><Console><Console>" changed cvar (cvar "vs_max_team_switches") (value "9999")
L 12/09/2021 - 18:36:18: [basecommands.smx] "Console<0><Console><Console>" changed cvar (cvar "mp_autoteambalance") (value "0")
L 12/09/2021 - 18:36:18: [basecommands.smx] "Console<0><Console><Console>" changed cvar (cvar "sv_unlag_fixstuck") (value "1")
L 12/09/2021 - 18:36:18: [basecommands.smx] "Console<0><Console><Console>" changed cvar (cvar "z_brawl_chance") (value "0")
L 12/09/2021 - 18:36:18: [basecommands.smx] "Console<0><Console><Console>" changed cvar (cvar "sv_maxunlag") (value "1")
L 12/09/2021 - 18:36:18: [basecommands.smx] "Console<0><Console><Console>" changed cvar (cvar "sv_forcepreload") (value "1")
L 12/09/2021 - 18:36:18: [basecommands.smx] "Console<0><Console><Console>" changed cvar (cvar "sv_client_predict") (value "1")
L 12/09/2021 - 18:36:18: [basecommands.smx] "Console<0><Console><Console>" changed cvar (cvar "sv_client_cmdrate_difference") (value "0")
L 12/09/2021 - 18:36:18: [basecommands.smx] "Console<0><Console><Console>" changed cvar (cvar "sv_max_queries_sec_global") (value "10")
L 12/09/2021 - 18:36:18: [basecommands.smx] "Console<0><Console><Console>" changed cvar (cvar "sv_max_queries_sec") (value "3")
L 12/09/2021 - 18:36:18: [basecommands.smx] "Console<0><Console><Console>" changed cvar (cvar "sv_max_queries_window") (value "10")
L 12/09/2021 - 18:36:18: [basecommands.smx] "Console<0><Console><Console>" changed cvar (cvar "sv_player_stuck_tolerance") (value "5")
L 12/09/2021 - 18:36:18: [basecommands.smx] "Console<0><Console><Console>" changed cvar (cvar "sv_stats") (value "0")
L 12/09/2021 - 18:36:18: [basecommands.smx] "Console<0><Console><Console>" changed cvar (cvar "sv_clockcorrection_msecs") (value "25")
L 12/09/2021 - 18:36:18: [basecommands.smx] "Console<0><Console><Console>" changed cvar (cvar "tank_swing_physics_prop_force") (value "3")
L 12/09/2021 - 18:37:43: [optional/kether/l4d2_skill_detect.smx] Clear: 3 freed 2 from 1: time: 1.71 / 4.37 -- class: smoker (with shove? 1)
L 12/09/2021 - 18:38:52: [optional/kether/l4d2_skill_detect.smx] Clear: 4 freed 2 from 1: time: 4.62 / -1.00 -- class: hunter (with shove? 1)
L 12/09/2021 - 18:40:18: [optional/kether/l4d2_skill_detect.smx] Clear: 5 freed 3 from 7: time: 5.19 / -1.00 -- class: jockey (with shove? 0)
L 12/09/2021 - 18:41:28: [optional/kether/l4d2_skill_detect.smx] Charge carry start: 1 - 2 -- time: 310.27
L 12/09/2021 - 18:41:31: [optional/kether/l4d2_skill_detect.smx] Checking charge victim: 1 - 2 - flags: 1 (alive? 0)
L 12/09/2021 - 18:41:31: [optional/kether/l4d2_skill_detect.smx] Charge carry start: 1 - 4 -- time: 314.03
L 12/09/2021 - 18:41:32: [optional/kether/l4d2_skill_detect.smx] Checking charge victim: 1 - 3 - flags: 0 (alive? 1)
L 12/09/2021 - 18:41:34: [optional/kether/l4d2_skill_detect.smx] Checking charge victim: 1 - 4 - flags: 1 (alive? 1)
L 12/09/2021 - 18:41:43: [optional/kether/l4d2_skill_detect.smx] Clear: 3 freed 4 from 1: time: 10.86 / 11.89 -- class: charger (with shove? 0)
L 12/09/2021 - 18:42:10: [optional/kether/l4d2_skill_detect.smx] Clear: 4 freed 3 from 1: time: 1.77 / 6.69 -- class: smoker (with shove? 1)
L 12/09/2021 - 18:43:24: [optional/kether/l4d2_skill_detect.smx] Witch Crown Check: Failed: bungled: 1 / crowntype: 0 (entity: 264)
L 12/09/2021 - 18:43:24: [optional/kether/l4d2_skill_detect.smx] Witch Crown Check: Further details: attacker: Coach, attacker dmg: 360, teamless dmg: 0
L 12/09/2021 - 18:45:47: [optional/kether/l4d2_skill_detect.smx] Clear: 5 freed 4 from 1: time: 3.06 / 569.46 -- class: charger (with shove? 0)
L 12/09/2021 - 18:46:05: [optional/kether/autopause.smx] [AutoPause] Player STEAM_1:1:569469977 left the game with -7.518493 time until spawn.
L 12/09/2021 - 18:46:17: SourceMod log file session started (file "/home/k26606_s20329/server_20329/left4dead2/addons/sourcemod/logs/L20211209.log") (Version "1.10.0.6494")
L 12/09/2021 - 18:46:17: [fixes/firebulletsfix.smx] Found offset for Weapon_ShootPosition 286
L 12/09/2021 - 18:46:18: [navmesh.smx] Found .NAV file in maps\c1m1_hotel.nav
L 12/09/2021 - 18:46:18: [navmesh.smx] Is mesh analyzed: 1
L 12/09/2021 - 18:46:18: [navmesh.smx] Nav version: 16; SubVersion: 14 (v10+); BSPSize: 32807960; MagicNumber: -17958194
L 12/09/2021 - 18:46:18: [navmesh.smx] Place count: 0
L 12/09/2021 - 18:46:18: [navmesh.smx] Has unnamed areas: true
L 12/09/2021 - 18:46:18: [navmesh.smx] Population type: c1streets
L 12/09/2021 - 18:46:18: [navmesh.smx] Area count: 1582
L 12/09/2021 - 18:46:18: [navmesh.smx] Parsed 1582 areas in 0.035581 seconds.
L 12/09/2021 - 18:46:19: [navmesh.smx] Ladder count: 0
L 12/09/2021 - 18:46:19: [basecommands.smx] "Console<0><Console><Console>" changed cvar (cvar "confogl_match_execcfg_plugins") (value "generalfixes.cfg;confogl_plugins.cfg;sharedplugins.cfg")
L 12/09/2021 - 18:46:19: [basecommands.smx] "Console<0><Console><Console>" changed cvar (cvar "l4d2_addons_eclipse") (value "0")
L 12/09/2021 - 18:46:19: [basecommands.smx] "Console<0><Console><Console>" changed cvar (cvar "sv_allow_wait_command") (value "0")
L 12/09/2021 - 18:46:19: [basecommands.smx] "Console<0><Console><Console>" changed cvar (cvar "sv_minrate") (value "108000")
L 12/09/2021 - 18:46:19: [basecommands.smx] "Console<0><Console><Console>" changed cvar (cvar "sv_maxrate") (value "108000")
L 12/09/2021 - 18:46:19: [basecommands.smx] "Console<0><Console><Console>" changed cvar (cvar "sv_mincmdrate") (value "108")
L 12/09/2021 - 18:46:19: [basecommands.smx] "Console<0><Console><Console>" changed cvar (cvar "sv_maxcmdrate") (value "108")
L 12/09/2021 - 18:46:19: [basecommands.smx] "Console<0><Console><Console>" changed cvar (cvar "sv_minupdaterate") (value "108")
L 12/09/2021 - 18:46:19: [basecommands.smx] "Console<0><Console><Console>" changed cvar (cvar "sv_maxupdaterate") (value "108")
L 12/09/2021 - 18:46:19: [basecommands.smx] "Console<0><Console><Console>" changed cvar (cvar "nb_update_frequency") (value "0.024")
L 12/09/2021 - 18:46:19: [basecommands.smx] "Console<0><Console><Console>" changed cvar (cvar "net_splitpacket_maxrate") (value "54000")
L 12/09/2021 - 18:46:19: [basecommands.smx] "Console<0><Console><Console>" changed cvar (cvar "sv_client_min_interp_ratio") (value "0")
L 12/09/2021 - 18:46:19: [basecommands.smx] "Console<0><Console><Console>" changed cvar (cvar "sv_client_max_interp_ratio") (value "2")
L 12/09/2021 - 18:46:19: [basecommands.smx] "Console<0><Console><Console>" changed cvar (cvar "fps_max") (value "200")
L 12/09/2021 - 18:46:19: [basecommands.smx] "Console<0><Console><Console>" changed cvar (cvar "mv_maxplayers") (value "16")
L 12/09/2021 - 18:46:19: [basecommands.smx] "Console<0><Console><Console>" changed cvar (cvar "sv_maxplayers") (value "16")
L 12/09/2021 - 18:46:19: [basecommands.smx] "Console<0><Console><Console>" changed cvar (cvar "sv_allowdownload") (value "1")
L 12/09/2021 - 18:46:19: [basecommands.smx] "Console<0><Console><Console>" changed cvar (cvar "vs_max_team_switches") (value "9999")
L 12/09/2021 - 18:46:19: [basecommands.smx] "Console<0><Console><Console>" changed cvar (cvar "mp_autoteambalance") (value "0")
L 12/09/2021 - 18:46:19: [basecommands.smx] "Console<0><Console><Console>" changed cvar (cvar "sv_unlag_fixstuck") (value "1")
L 12/09/2021 - 18:46:19: [basecommands.smx] "Console<0><Console><Console>" changed cvar (cvar "z_brawl_chance") (value "0")
L 12/09/2021 - 18:46:19: [basecommands.smx] "Console<0><Console><Console>" changed cvar (cvar "sv_maxunlag") (value "1")
L 12/09/2021 - 18:46:19: [basecommands.smx] "Console<0><Console><Console>" changed cvar (cvar "sv_forcepreload") (value "1")
L 12/09/2021 - 18:46:19: [basecommands.smx] "Console<0><Console><Console>" changed cvar (cvar "sv_client_predict") (value "1")
L 12/09/2021 - 18:46:19: [basecommands.smx] "Console<0><Console><Console>" changed cvar (cvar "sv_client_cmdrate_difference") (value "0")
L 12/09/2021 - 18:46:19: [basecommands.smx] "Console<0><Console><Console>" changed cvar (cvar "sv_max_queries_sec_global") (value "10")
L 12/09/2021 - 18:46:19: [basecommands.smx] "Console<0><Console><Console>" changed cvar (cvar "sv_max_queries_sec") (value "3")
L 12/09/2021 - 18:46:19: [basecommands.smx] "Console<0><Console><Console>" changed cvar (cvar "sv_max_queries_window") (value "10")
L 12/09/2021 - 18:46:19: [basecommands.smx] "Console<0><Console><Console>" changed cvar (cvar "sv_player_stuck_tolerance") (value "5")
L 12/09/2021 - 18:46:19: [basecommands.smx] "Console<0><Console><Console>" changed cvar (cvar "sv_stats") (value "0")
L 12/09/2021 - 18:46:19: [basecommands.smx] "Console<0><Console><Console>" changed cvar (cvar "sv_clockcorrection_msecs") (value "25")
L 12/09/2021 - 18:46:19: [basecommands.smx] "Console<0><Console><Console>" changed cvar (cvar "tank_swing_physics_prop_force") (value "3")
L 12/09/2021 - 18:46:19: [fixes/firebulletsfix.smx] Found offset for Weapon_ShootPosition 286
L 12/09/2021 - 18:46:23: -------- Mapchange to c1m1_hotel --------
L 12/09/2021 - 18:46:24: [basecommands.smx] "Console<0><Console><Console>" changed cvar (cvar "confogl_match_execcfg_plugins") (value "generalfixes.cfg;confogl_plugins.cfg;sharedplugins.cfg")
L 12/09/2021 - 18:46:24: [basecommands.smx] "Console<0><Console><Console>" changed cvar (cvar "l4d2_addons_eclipse") (value "0")
L 12/09/2021 - 18:46:24: [basecommands.smx] "Console<0><Console><Console>" changed cvar (cvar "sv_allow_wait_command") (value "0")
L 12/09/2021 - 18:46:24: [basecommands.smx] "Console<0><Console><Console>" changed cvar (cvar "sv_minrate") (value "108000")
L 12/09/2021 - 18:46:24: [basecommands.smx] "Console<0><Console><Console>" changed cvar (cvar "sv_maxrate") (value "108000")
L 12/09/2021 - 18:46:24: [basecommands.smx] "Console<0><Console><Console>" changed cvar (cvar "sv_mincmdrate") (value "108")
L 12/09/2021 - 18:46:24: [basecommands.smx] "Console<0><Console><Console>" changed cvar (cvar "sv_maxcmdrate") (value "108")
L 12/09/2021 - 18:46:24: [basecommands.smx] "Console<0><Console><Console>" changed cvar (cvar "sv_minupdaterate") (value "108")
L 12/09/2021 - 18:46:24: [basecommands.smx] "Console<0><Console><Console>" changed cvar (cvar "sv_maxupdaterate") (value "108")
L 12/09/2021 - 18:46:24: [basecommands.smx] "Console<0><Console><Console>" changed cvar (cvar "nb_update_frequency") (value "0.024")
L 12/09/2021 - 18:46:24: [basecommands.smx] "Console<0><Console><Console>" changed cvar (cvar "net_splitpacket_maxrate") (value "54000")
L 12/09/2021 - 18:46:24: [basecommands.smx] "Console<0><Console><Console>" changed cvar (cvar "sv_client_min_interp_ratio") (value "0")
L 12/09/2021 - 18:46:24: [basecommands.smx] "Console<0><Console><Console>" changed cvar (cvar "sv_client_max_interp_ratio") (value "2")
L 12/09/2021 - 18:46:24: [basecommands.smx] "Console<0><Console><Console>" changed cvar (cvar "fps_max") (value "200")
L 12/09/2021 - 18:46:24: [basecommands.smx] "Console<0><Console><Console>" changed cvar (cvar "mv_maxplayers") (value "16")
L 12/09/2021 - 18:46:24: [basecommands.smx] "Console<0><Console><Console>" changed cvar (cvar "sv_maxplayers") (value "16")
L 12/09/2021 - 18:46:24: [basecommands.smx] "Console<0><Console><Console>" changed cvar (cvar "sv_allowdownload") (value "1")
L 12/09/2021 - 18:46:24: [basecommands.smx] "Console<0><Console><Console>" changed cvar (cvar "l4d_nth_joininfected") (value "1")
L 12/09/2021 - 18:46:24: [basecommands.smx] "Console<0><Console><Console>" changed cvar (cvar "l4d_nth_joinsurvivors") (value "1")
L 12/09/2021 - 18:46:24: [basecommands.smx] "Console<0><Console><Console>" changed cvar (cvar "l4d_nth_kill") (value "0")
L 12/09/2021 - 18:46:24: [basecommands.smx] "Console<0><Console><Console>" changed cvar (cvar "l4d_nth_spectate") (value "1")
L 12/09/2021 - 18:46:24: [basecommands.smx] "Console<0><Console><Console>" changed cvar (cvar "l4d_nth_message") (value "0")
L 12/09/2021 - 18:46:24: [basecommands.smx] "Console<0><Console><Console>" changed cvar (cvar "l4d_nth_timerrepeat") (value "9999")
L 12/09/2021 - 18:46:24: [basecommands.smx] "Console<0><Console><Console>" changed cvar (cvar "vs_max_team_switches") (value "9999")
L 12/09/2021 - 18:46:24: [basecommands.smx] "Console<0><Console><Console>" changed cvar (cvar "mp_autoteambalance") (value "0")
L 12/09/2021 - 18:46:24: [basecommands.smx] "Console<0><Console><Console>" changed cvar (cvar "sv_unlag_fixstuck") (value "1")
L 12/09/2021 - 18:46:24: [basecommands.smx] "Console<0><Console><Console>" changed cvar (cvar "z_brawl_chance") (value "0")
L 12/09/2021 - 18:46:24: [basecommands.smx] "Console<0><Console><Console>" changed cvar (cvar "sv_maxunlag") (value "1")
L 12/09/2021 - 18:46:24: [basecommands.smx] "Console<0><Console><Console>" changed cvar (cvar "sv_forcepreload") (value "1")
L 12/09/2021 - 18:46:24: [basecommands.smx] "Console<0><Console><Console>" changed cvar (cvar "sv_client_predict") (value "1")
L 12/09/2021 - 18:46:24: [basecommands.smx] "Console<0><Console><Console>" changed cvar (cvar "sv_client_cmdrate_difference") (value "0")
L 12/09/2021 - 18:46:24: [basecommands.smx] "Console<0><Console><Console>" changed cvar (cvar "sv_max_queries_sec_global") (value "10")
L 12/09/2021 - 18:46:24: [basecommands.smx] "Console<0><Console><Console>" changed cvar (cvar "sv_max_queries_sec") (value "3")
L 12/09/2021 - 18:46:24: [basecommands.smx] "Console<0><Console><Console>" changed cvar (cvar "sv_max_queries_window") (value "10")
L 12/09/2021 - 18:46:24: [basecommands.smx] "Console<0><Console><Console>" changed cvar (cvar "sv_player_stuck_tolerance") (value "5")
L 12/09/2021 - 18:46:24: [basecommands.smx] "Console<0><Console><Console>" changed cvar (cvar "sv_stats") (value "0")
L 12/09/2021 - 18:46:24: [basecommands.smx] "Console<0><Console><Console>" changed cvar (cvar "sv_clockcorrection_msecs") (value "25")
L 12/09/2021 - 18:46:24: [basecommands.smx] "Console<0><Console><Console>" changed cvar (cvar "tank_swing_physics_prop_force") (value "3")
L 12/10/2021 - 23:56:35: Log file closed.
