L 09/20/2021 - 16:53:04: SourceMod log file session started (file "/home/k26606_s20329/server_20329/left4dead2/addons/sourcemod/logs/L20210920.log") (Version "1.10.0.6494")
L 09/20/2021 - 16:53:04: [fixes/firebulletsfix.smx] Found offset for Weapon_ShootPosition 286
L 09/20/2021 - 16:53:16: SourceMod log file session started (file "/home/k26606_s20329/server_20329/left4dead2/addons/sourcemod/logs/L20210920.log") (Version "1.10.0.6494")
L 09/20/2021 - 16:53:16: [fixes/firebulletsfix.smx] Found offset for Weapon_ShootPosition 286
L 09/20/2021 - 16:53:18: [navmesh.smx] Found .NAV file in maps\c1m1_hotel.nav
L 09/20/2021 - 16:53:18: [navmesh.smx] Is mesh analyzed: 1
L 09/20/2021 - 16:53:18: [navmesh.smx] Nav version: 16; SubVersion: 14 (v10+); BSPSize: 32807960; MagicNumber: -17958194
L 09/20/2021 - 16:53:18: [navmesh.smx] Place count: 0
L 09/20/2021 - 16:53:18: [navmesh.smx] Has unnamed areas: true
L 09/20/2021 - 16:53:18: [navmesh.smx] Population type: c1streets
L 09/20/2021 - 16:53:18: [navmesh.smx] Area count: 1582
L 09/20/2021 - 16:53:18: [navmesh.smx] Parsed 1582 areas in 0.018766 seconds.
L 09/20/2021 - 16:53:18: [navmesh.smx] Ladder count: 0
L 09/20/2021 - 16:53:18: [basecommands.smx] "Console<0><Console><Console>" changed cvar (cvar "sv_minrate") (value "5000")
L 09/20/2021 - 16:53:18: [basecommands.smx] "Console<0><Console><Console>" changed cvar (cvar "sv_maxrate") (value "67000")
L 09/20/2021 - 16:53:18: [basecommands.smx] "Console<0><Console><Console>" changed cvar (cvar "sv_mincmdrate") (value "5")
L 09/20/2021 - 16:53:18: [basecommands.smx] "Console<0><Console><Console>" changed cvar (cvar "sv_maxcmdrate") (value "67")
L 09/20/2021 - 16:53:18: [basecommands.smx] "Console<0><Console><Console>" changed cvar (cvar "sv_minupdaterate") (value "5")
L 09/20/2021 - 16:53:18: [basecommands.smx] "Console<0><Console><Console>" changed cvar (cvar "sv_maxupdaterate") (value "67")
L 09/20/2021 - 16:53:18: [basecommands.smx] "Console<0><Console><Console>" changed cvar (cvar "net_splitpacket_maxrate") (value "33500")
L 09/20/2021 - 16:53:18: [basecommands.smx] "Console<0><Console><Console>" changed cvar (cvar "fps_max") (value "0")
L 09/20/2021 - 16:53:18: [basecommands.smx] "Console<0><Console><Console>" changed cvar (cvar "sv_minrate") (value "30000")
L 09/20/2021 - 16:53:18: [basecommands.smx] "Console<0><Console><Console>" changed cvar (cvar "sv_maxrate") (value "67000")
L 09/20/2021 - 16:53:18: [basecommands.smx] "Console<0><Console><Console>" changed cvar (cvar "sv_mincmdrate") (value "67")
L 09/20/2021 - 16:53:18: [basecommands.smx] "Console<0><Console><Console>" changed cvar (cvar "sv_maxcmdrate") (value "67")
L 09/20/2021 - 16:53:18: [basecommands.smx] "Console<0><Console><Console>" changed cvar (cvar "sv_minupdaterate") (value "67")
L 09/20/2021 - 16:53:18: [basecommands.smx] "Console<0><Console><Console>" changed cvar (cvar "sv_maxupdaterate") (value "67")
L 09/20/2021 - 16:53:18: [basecommands.smx] "Console<0><Console><Console>" changed cvar (cvar "net_splitpacket_maxrate") (value "33500")
L 09/20/2021 - 16:53:18: [basecommands.smx] "Console<0><Console><Console>" changed cvar (cvar "fps_max") (value "0")
L 09/20/2021 - 16:53:18: [basecommands.smx] "Console<0><Console><Console>" changed cvar (cvar "sv_minrate") (value "5000")
L 09/20/2021 - 16:53:18: [basecommands.smx] "Console<0><Console><Console>" changed cvar (cvar "sv_maxrate") (value "67000")
L 09/20/2021 - 16:53:18: [basecommands.smx] "Console<0><Console><Console>" changed cvar (cvar "sv_mincmdrate") (value "5")
L 09/20/2021 - 16:53:18: [basecommands.smx] "Console<0><Console><Console>" changed cvar (cvar "sv_maxcmdrate") (value "67")
L 09/20/2021 - 16:53:18: [basecommands.smx] "Console<0><Console><Console>" changed cvar (cvar "sv_minupdaterate") (value "5")
L 09/20/2021 - 16:53:18: [basecommands.smx] "Console<0><Console><Console>" changed cvar (cvar "sv_maxupdaterate") (value "67")
L 09/20/2021 - 16:53:18: [basecommands.smx] "Console<0><Console><Console>" changed cvar (cvar "net_splitpacket_maxrate") (value "33500")
L 09/20/2021 - 16:53:18: [basecommands.smx] "Console<0><Console><Console>" changed cvar (cvar "fps_max") (value "0")
L 09/20/2021 - 16:53:18: [basecommands.smx] "Console<0><Console><Console>" changed cvar (cvar "sv_minrate") (value "30000")
L 09/20/2021 - 16:53:18: [basecommands.smx] "Console<0><Console><Console>" changed cvar (cvar "sv_maxrate") (value "67000")
L 09/20/2021 - 16:53:18: [basecommands.smx] "Console<0><Console><Console>" changed cvar (cvar "sv_mincmdrate") (value "67")
L 09/20/2021 - 16:53:18: [basecommands.smx] "Console<0><Console><Console>" changed cvar (cvar "sv_maxcmdrate") (value "67")
L 09/20/2021 - 16:53:18: [basecommands.smx] "Console<0><Console><Console>" changed cvar (cvar "sv_minupdaterate") (value "67")
L 09/20/2021 - 16:53:18: [basecommands.smx] "Console<0><Console><Console>" changed cvar (cvar "sv_maxupdaterate") (value "67")
L 09/20/2021 - 16:53:18: [basecommands.smx] "Console<0><Console><Console>" changed cvar (cvar "net_splitpacket_maxrate") (value "33500")
L 09/20/2021 - 16:53:18: [basecommands.smx] "Console<0><Console><Console>" changed cvar (cvar "fps_max") (value "0")
L 09/20/2021 - 16:53:18: [basecommands.smx] "Console<0><Console><Console>" changed cvar (cvar "confogl_match_execcfg_plugins") (value "generalfixes.cfg;confogl_plugins.cfg;sharedplugins.cfg")
L 09/20/2021 - 16:53:18: [basecommands.smx] "Console<0><Console><Console>" changed cvar (cvar "l4d2_addons_eclipse") (value "0")
L 09/20/2021 - 16:53:18: [basecommands.smx] "Console<0><Console><Console>" changed cvar (cvar "sv_allow_wait_command") (value "0")
L 09/20/2021 - 16:53:18: [basecommands.smx] "Console<0><Console><Console>" changed cvar (cvar "sv_minrate") (value "30000")
L 09/20/2021 - 16:53:18: [basecommands.smx] "Console<0><Console><Console>" changed cvar (cvar "sv_maxrate") (value "67000")
L 09/20/2021 - 16:53:18: [basecommands.smx] "Console<0><Console><Console>" changed cvar (cvar "sv_mincmdrate") (value "30")
L 09/20/2021 - 16:53:18: [basecommands.smx] "Console<0><Console><Console>" changed cvar (cvar "sv_maxcmdrate") (value "67")
L 09/20/2021 - 16:53:18: [basecommands.smx] "Console<0><Console><Console>" changed cvar (cvar "sv_minupdaterate") (value "30")
L 09/20/2021 - 16:53:18: [basecommands.smx] "Console<0><Console><Console>" changed cvar (cvar "sv_maxupdaterate") (value "67")
L 09/20/2021 - 16:53:18: [basecommands.smx] "Console<0><Console><Console>" changed cvar (cvar "nb_update_frequency") (value "0.03")
L 09/20/2021 - 16:53:18: [basecommands.smx] "Console<0><Console><Console>" changed cvar (cvar "net_splitpacket_maxrate") (value "33500")
L 09/20/2021 - 16:53:18: [basecommands.smx] "Console<0><Console><Console>" changed cvar (cvar "sv_client_min_interp_ratio") (value "0")
L 09/20/2021 - 16:53:18: [basecommands.smx] "Console<0><Console><Console>" changed cvar (cvar "sv_client_max_interp_ratio") (value "2")
L 09/20/2021 - 16:53:18: [basecommands.smx] "Console<0><Console><Console>" changed cvar (cvar "fps_max") (value "0")
L 09/20/2021 - 16:53:18: [basecommands.smx] "Console<0><Console><Console>" changed cvar (cvar "mv_maxplayers") (value "16")
L 09/20/2021 - 16:53:18: [basecommands.smx] "Console<0><Console><Console>" changed cvar (cvar "sv_maxplayers") (value "16")
L 09/20/2021 - 16:53:18: [basecommands.smx] "Console<0><Console><Console>" changed cvar (cvar "sv_allowdownload") (value "1")
L 09/20/2021 - 16:53:18: [basecommands.smx] "Console<0><Console><Console>" changed cvar (cvar "vs_max_team_switches") (value "9999")
L 09/20/2021 - 16:53:18: [basecommands.smx] "Console<0><Console><Console>" changed cvar (cvar "mp_autoteambalance") (value "0")
L 09/20/2021 - 16:53:18: [basecommands.smx] "Console<0><Console><Console>" changed cvar (cvar "sv_unlag_fixstuck") (value "1")
L 09/20/2021 - 16:53:18: [basecommands.smx] "Console<0><Console><Console>" changed cvar (cvar "z_brawl_chance") (value "0")
L 09/20/2021 - 16:53:18: [basecommands.smx] "Console<0><Console><Console>" changed cvar (cvar "sv_maxunlag") (value "1")
L 09/20/2021 - 16:53:18: [basecommands.smx] "Console<0><Console><Console>" changed cvar (cvar "sv_forcepreload") (value "1")
L 09/20/2021 - 16:53:18: [basecommands.smx] "Console<0><Console><Console>" changed cvar (cvar "sv_client_predict") (value "1")
L 09/20/2021 - 16:53:18: [basecommands.smx] "Console<0><Console><Console>" changed cvar (cvar "sv_client_cmdrate_difference") (value "0")
L 09/20/2021 - 16:53:18: [basecommands.smx] "Console<0><Console><Console>" changed cvar (cvar "sv_max_queries_sec_global") (value "10")
L 09/20/2021 - 16:53:18: [basecommands.smx] "Console<0><Console><Console>" changed cvar (cvar "sv_max_queries_sec") (value "3")
L 09/20/2021 - 16:53:18: [basecommands.smx] "Console<0><Console><Console>" changed cvar (cvar "sv_max_queries_window") (value "10")
L 09/20/2021 - 16:53:18: [basecommands.smx] "Console<0><Console><Console>" changed cvar (cvar "sv_player_stuck_tolerance") (value "5")
L 09/20/2021 - 16:53:18: [basecommands.smx] "Console<0><Console><Console>" changed cvar (cvar "sv_stats") (value "0")
L 09/20/2021 - 16:53:18: [basecommands.smx] "Console<0><Console><Console>" changed cvar (cvar "sv_clockcorrection_msecs") (value "25")
L 09/20/2021 - 16:53:18: [basecommands.smx] "Console<0><Console><Console>" changed cvar (cvar "z_max_neighbor_range") (value "16")
L 09/20/2021 - 16:53:18: [basecommands.smx] "Console<0><Console><Console>" changed cvar (cvar "nb_friction_forward") (value "0")
L 09/20/2021 - 16:53:18: [fixes/firebulletsfix.smx] Found offset for Weapon_ShootPosition 286
L 09/20/2021 - 16:53:22: [UPDATER] Successfully updated gamedata file "sm-cstrike.games/game.csgo.txt"
L 09/20/2021 - 16:53:22: [UPDATER] Successfully updated gamedata file "sm-cstrike.games/master.games.txt"
L 09/20/2021 - 16:53:22: [UPDATER] Successfully updated gamedata file "sdktools.games/game.bms.txt"
L 09/20/2021 - 16:53:22: [UPDATER] Successfully updated gamedata file "sdktools.games/game.hl2ctf.txt"
L 09/20/2021 - 16:53:22: [UPDATER] Successfully updated gamedata file "sdktools.games/common.games.txt"
L 09/20/2021 - 16:53:22: [UPDATER] Successfully updated gamedata file "sdktools.games/game.tf.txt"
L 09/20/2021 - 16:53:22: [UPDATER] Successfully updated gamedata file "sdktools.games/game.ios.txt"
L 09/20/2021 - 16:53:22: [UPDATER] Successfully updated gamedata file "sdkhooks.games/game.bms.txt"
L 09/20/2021 - 16:53:22: [UPDATER] Successfully updated gamedata file "sdkhooks.games/game.hl2ctf.txt"
L 09/20/2021 - 16:53:22: [UPDATER] Successfully updated gamedata file "sdkhooks.games/game.fof.txt"
L 09/20/2021 - 16:53:22: [UPDATER] Successfully updated gamedata file "sdkhooks.games/game.pvkii.txt"
L 09/20/2021 - 16:53:22: [UPDATER] Successfully updated gamedata file "sdkhooks.games/common.games.txt"
L 09/20/2021 - 16:53:22: [UPDATER] Successfully updated gamedata file "funcommands.games.txt"
L 09/20/2021 - 16:53:22: [UPDATER] Successfully updated gamedata file "core.games/engine.l4d2.txt"
L 09/20/2021 - 16:53:22: [UPDATER] Successfully updated gamedata file "core.games/engine.eye.txt"
L 09/20/2021 - 16:53:22: [UPDATER] Successfully updated gamedata file "core.games/engine.sdk2013.txt"
L 09/20/2021 - 16:53:22: [UPDATER] Successfully updated gamedata file "core.games/blacklist.plugins.txt"
L 09/20/2021 - 16:53:22: [UPDATER] Successfully updated gamedata file "core.games/engine.darkm.txt"
L 09/20/2021 - 16:53:22: [UPDATER] Successfully updated gamedata file "core.games/engine.csgo.txt"
L 09/20/2021 - 16:53:22: [UPDATER] Successfully updated gamedata file "core.games/engine.ep1.txt"
L 09/20/2021 - 16:53:22: [UPDATER] Successfully updated gamedata file "core.games/engine.insurgency.txt"
L 09/20/2021 - 16:53:22: [UPDATER] Successfully updated gamedata file "core.games/game.dinodday.txt"
L 09/20/2021 - 16:53:22: [UPDATER] Successfully updated gamedata file "core.games/engine.l4d.txt"
L 09/20/2021 - 16:53:22: [UPDATER] Successfully updated gamedata file "core.games/engine.swarm.txt"
L 09/20/2021 - 16:53:22: [UPDATER] Successfully updated gamedata file "core.games/engine.ep2valve.txt"
L 09/20/2021 - 16:53:22: [UPDATER] Successfully updated gamedata file "core.games/engine.css.txt"
L 09/20/2021 - 16:53:22: [UPDATER] Successfully updated gamedata file "core.games/engine.blade.txt"
L 09/20/2021 - 16:53:22: [UPDATER] Successfully updated gamedata file "core.games/common.games.txt"
L 09/20/2021 - 16:53:22: [UPDATER] Successfully updated gamedata file "core.games/engine.contagion.txt"
L 09/20/2021 - 16:53:22: [UPDATER] Successfully updated gamedata file "core.games/engine.ep2.txt"
L 09/20/2021 - 16:53:22: [UPDATER] Successfully updated gamedata file "core.games/engine.bgt.txt"
L 09/20/2021 - 16:53:22: [UPDATER] SourceMod has been updated, please reload it or restart your server.
L 09/20/2021 - 16:53:25: -------- Mapchange to c1m1_hotel --------
L 09/20/2021 - 16:53:25: [basecommands.smx] "Console<0><Console><Console>" changed cvar (cvar "confogl_match_execcfg_plugins") (value "generalfixes.cfg;confogl_plugins.cfg;sharedplugins.cfg")
L 09/20/2021 - 16:53:25: [basecommands.smx] "Console<0><Console><Console>" changed cvar (cvar "l4d2_addons_eclipse") (value "0")
L 09/20/2021 - 16:53:25: [basecommands.smx] "Console<0><Console><Console>" changed cvar (cvar "sv_allow_wait_command") (value "0")
L 09/20/2021 - 16:53:25: [basecommands.smx] "Console<0><Console><Console>" changed cvar (cvar "sv_minrate") (value "30000")
L 09/20/2021 - 16:53:25: [basecommands.smx] "Console<0><Console><Console>" changed cvar (cvar "sv_maxrate") (value "67000")
L 09/20/2021 - 16:53:25: [basecommands.smx] "Console<0><Console><Console>" changed cvar (cvar "sv_mincmdrate") (value "30")
L 09/20/2021 - 16:53:25: [basecommands.smx] "Console<0><Console><Console>" changed cvar (cvar "sv_maxcmdrate") (value "67")
L 09/20/2021 - 16:53:25: [basecommands.smx] "Console<0><Console><Console>" changed cvar (cvar "sv_minupdaterate") (value "30")
L 09/20/2021 - 16:53:25: [basecommands.smx] "Console<0><Console><Console>" changed cvar (cvar "sv_maxupdaterate") (value "67")
L 09/20/2021 - 16:53:25: [basecommands.smx] "Console<0><Console><Console>" changed cvar (cvar "nb_update_frequency") (value "0.03")
L 09/20/2021 - 16:53:25: [basecommands.smx] "Console<0><Console><Console>" changed cvar (cvar "net_splitpacket_maxrate") (value "33500")
L 09/20/2021 - 16:53:25: [basecommands.smx] "Console<0><Console><Console>" changed cvar (cvar "sv_client_min_interp_ratio") (value "0")
L 09/20/2021 - 16:53:25: [basecommands.smx] "Console<0><Console><Console>" changed cvar (cvar "sv_client_max_interp_ratio") (value "2")
L 09/20/2021 - 16:53:25: [basecommands.smx] "Console<0><Console><Console>" changed cvar (cvar "fps_max") (value "0")
L 09/20/2021 - 16:53:25: [basecommands.smx] "Console<0><Console><Console>" changed cvar (cvar "mv_maxplayers") (value "16")
L 09/20/2021 - 16:53:25: [basecommands.smx] "Console<0><Console><Console>" changed cvar (cvar "sv_maxplayers") (value "16")
L 09/20/2021 - 16:53:25: [basecommands.smx] "Console<0><Console><Console>" changed cvar (cvar "sv_allowdownload") (value "1")
L 09/20/2021 - 16:53:25: [basecommands.smx] "Console<0><Console><Console>" changed cvar (cvar "l4d_nth_joininfected") (value "1")
L 09/20/2021 - 16:53:25: [basecommands.smx] "Console<0><Console><Console>" changed cvar (cvar "l4d_nth_joinsurvivors") (value "1")
L 09/20/2021 - 16:53:25: [basecommands.smx] "Console<0><Console><Console>" changed cvar (cvar "l4d_nth_kill") (value "0")
L 09/20/2021 - 16:53:25: [basecommands.smx] "Console<0><Console><Console>" changed cvar (cvar "l4d_nth_spectate") (value "1")
L 09/20/2021 - 16:53:25: [basecommands.smx] "Console<0><Console><Console>" changed cvar (cvar "l4d_nth_message") (value "0")
L 09/20/2021 - 16:53:25: [basecommands.smx] "Console<0><Console><Console>" changed cvar (cvar "l4d_nth_timerrepeat") (value "9999")
L 09/20/2021 - 16:53:25: [basecommands.smx] "Console<0><Console><Console>" changed cvar (cvar "vs_max_team_switches") (value "9999")
L 09/20/2021 - 16:53:25: [basecommands.smx] "Console<0><Console><Console>" changed cvar (cvar "mp_autoteambalance") (value "0")
L 09/20/2021 - 16:53:25: [basecommands.smx] "Console<0><Console><Console>" changed cvar (cvar "sv_unlag_fixstuck") (value "1")
L 09/20/2021 - 16:53:25: [basecommands.smx] "Console<0><Console><Console>" changed cvar (cvar "z_brawl_chance") (value "0")
L 09/20/2021 - 16:53:25: [basecommands.smx] "Console<0><Console><Console>" changed cvar (cvar "sv_maxunlag") (value "1")
L 09/20/2021 - 16:53:25: [basecommands.smx] "Console<0><Console><Console>" changed cvar (cvar "sv_forcepreload") (value "1")
L 09/20/2021 - 16:53:25: [basecommands.smx] "Console<0><Console><Console>" changed cvar (cvar "sv_client_predict") (value "1")
L 09/20/2021 - 16:53:25: [basecommands.smx] "Console<0><Console><Console>" changed cvar (cvar "sv_client_cmdrate_difference") (value "0")
L 09/20/2021 - 16:53:25: [basecommands.smx] "Console<0><Console><Console>" changed cvar (cvar "sv_max_queries_sec_global") (value "10")
L 09/20/2021 - 16:53:25: [basecommands.smx] "Console<0><Console><Console>" changed cvar (cvar "sv_max_queries_sec") (value "3")
L 09/20/2021 - 16:53:25: [basecommands.smx] "Console<0><Console><Console>" changed cvar (cvar "sv_max_queries_window") (value "10")
L 09/20/2021 - 16:53:25: [basecommands.smx] "Console<0><Console><Console>" changed cvar (cvar "sv_player_stuck_tolerance") (value "5")
L 09/20/2021 - 16:53:25: [basecommands.smx] "Console<0><Console><Console>" changed cvar (cvar "sv_stats") (value "0")
L 09/20/2021 - 16:53:25: [basecommands.smx] "Console<0><Console><Console>" changed cvar (cvar "sv_clockcorrection_msecs") (value "25")
L 09/20/2021 - 16:53:25: [basecommands.smx] "Console<0><Console><Console>" changed cvar (cvar "z_max_neighbor_range") (value "16")
L 09/20/2021 - 16:53:25: [basecommands.smx] "Console<0><Console><Console>" changed cvar (cvar "nb_friction_forward") (value "0")
L 09/20/2021 - 23:37:23: -------- Mapchange to c4m1_milltown_a --------
L 09/20/2021 - 23:37:25: [basecommands.smx] "Console<0><Console><Console>" changed cvar (cvar "confogl_match_execcfg_plugins") (value "generalfixes.cfg;confogl_plugins.cfg;sharedplugins.cfg")
L 09/20/2021 - 23:37:25: [basecommands.smx] "Console<0><Console><Console>" changed cvar (cvar "l4d2_addons_eclipse") (value "0")
L 09/20/2021 - 23:37:25: [basecommands.smx] "Console<0><Console><Console>" changed cvar (cvar "sv_allow_wait_command") (value "0")
L 09/20/2021 - 23:37:25: [basecommands.smx] "Console<0><Console><Console>" changed cvar (cvar "sv_minrate") (value "30000")
L 09/20/2021 - 23:37:25: [basecommands.smx] "Console<0><Console><Console>" changed cvar (cvar "sv_maxrate") (value "67000")
L 09/20/2021 - 23:37:25: [basecommands.smx] "Console<0><Console><Console>" changed cvar (cvar "sv_mincmdrate") (value "30")
L 09/20/2021 - 23:37:25: [basecommands.smx] "Console<0><Console><Console>" changed cvar (cvar "sv_maxcmdrate") (value "67")
L 09/20/2021 - 23:37:25: [basecommands.smx] "Console<0><Console><Console>" changed cvar (cvar "sv_minupdaterate") (value "30")
L 09/20/2021 - 23:37:25: [basecommands.smx] "Console<0><Console><Console>" changed cvar (cvar "sv_maxupdaterate") (value "67")
L 09/20/2021 - 23:37:25: [basecommands.smx] "Console<0><Console><Console>" changed cvar (cvar "nb_update_frequency") (value "0.03")
L 09/20/2021 - 23:37:25: [basecommands.smx] "Console<0><Console><Console>" changed cvar (cvar "net_splitpacket_maxrate") (value "33500")
L 09/20/2021 - 23:37:25: [basecommands.smx] "Console<0><Console><Console>" changed cvar (cvar "sv_client_min_interp_ratio") (value "0")
L 09/20/2021 - 23:37:25: [basecommands.smx] "Console<0><Console><Console>" changed cvar (cvar "sv_client_max_interp_ratio") (value "2")
L 09/20/2021 - 23:37:25: [basecommands.smx] "Console<0><Console><Console>" changed cvar (cvar "fps_max") (value "0")
L 09/20/2021 - 23:37:25: [basecommands.smx] "Console<0><Console><Console>" changed cvar (cvar "mv_maxplayers") (value "16")
L 09/20/2021 - 23:37:25: [basecommands.smx] "Console<0><Console><Console>" changed cvar (cvar "sv_maxplayers") (value "16")
L 09/20/2021 - 23:37:25: [basecommands.smx] "Console<0><Console><Console>" changed cvar (cvar "sv_allowdownload") (value "1")
L 09/20/2021 - 23:37:25: [basecommands.smx] "Console<0><Console><Console>" changed cvar (cvar "l4d_nth_joininfected") (value "1")
L 09/20/2021 - 23:37:25: [basecommands.smx] "Console<0><Console><Console>" changed cvar (cvar "l4d_nth_joinsurvivors") (value "1")
L 09/20/2021 - 23:37:25: [basecommands.smx] "Console<0><Console><Console>" changed cvar (cvar "l4d_nth_kill") (value "0")
L 09/20/2021 - 23:37:25: [basecommands.smx] "Console<0><Console><Console>" changed cvar (cvar "l4d_nth_spectate") (value "1")
L 09/20/2021 - 23:37:25: [basecommands.smx] "Console<0><Console><Console>" changed cvar (cvar "l4d_nth_message") (value "0")
L 09/20/2021 - 23:37:25: [basecommands.smx] "Console<0><Console><Console>" changed cvar (cvar "l4d_nth_timerrepeat") (value "9999")
L 09/20/2021 - 23:37:25: [basecommands.smx] "Console<0><Console><Console>" changed cvar (cvar "vs_max_team_switches") (value "9999")
L 09/20/2021 - 23:37:25: [basecommands.smx] "Console<0><Console><Console>" changed cvar (cvar "mp_autoteambalance") (value "0")
L 09/20/2021 - 23:37:25: [basecommands.smx] "Console<0><Console><Console>" changed cvar (cvar "sv_unlag_fixstuck") (value "1")
L 09/20/2021 - 23:37:25: [basecommands.smx] "Console<0><Console><Console>" changed cvar (cvar "z_brawl_chance") (value "0")
L 09/20/2021 - 23:37:25: [basecommands.smx] "Console<0><Console><Console>" changed cvar (cvar "sv_maxunlag") (value "1")
L 09/20/2021 - 23:37:25: [basecommands.smx] "Console<0><Console><Console>" changed cvar (cvar "sv_forcepreload") (value "1")
L 09/20/2021 - 23:37:25: [basecommands.smx] "Console<0><Console><Console>" changed cvar (cvar "sv_client_predict") (value "1")
L 09/20/2021 - 23:37:25: [basecommands.smx] "Console<0><Console><Console>" changed cvar (cvar "sv_client_cmdrate_difference") (value "0")
L 09/20/2021 - 23:37:25: [basecommands.smx] "Console<0><Console><Console>" changed cvar (cvar "sv_max_queries_sec_global") (value "10")
L 09/20/2021 - 23:37:25: [basecommands.smx] "Console<0><Console><Console>" changed cvar (cvar "sv_max_queries_sec") (value "3")
L 09/20/2021 - 23:37:25: [basecommands.smx] "Console<0><Console><Console>" changed cvar (cvar "sv_max_queries_window") (value "10")
L 09/20/2021 - 23:37:25: [basecommands.smx] "Console<0><Console><Console>" changed cvar (cvar "sv_player_stuck_tolerance") (value "5")
L 09/20/2021 - 23:37:25: [basecommands.smx] "Console<0><Console><Console>" changed cvar (cvar "sv_stats") (value "0")
L 09/20/2021 - 23:37:25: [basecommands.smx] "Console<0><Console><Console>" changed cvar (cvar "sv_clockcorrection_msecs") (value "25")
L 09/20/2021 - 23:37:25: [basecommands.smx] "Console<0><Console><Console>" changed cvar (cvar "z_max_neighbor_range") (value "16")
L 09/20/2021 - 23:37:25: [basecommands.smx] "Console<0><Console><Console>" changed cvar (cvar "nb_friction_forward") (value "0")
L 09/20/2021 - 23:38:32: [fixes/firebulletsfix.smx] Found offset for Weapon_ShootPosition 286
L 09/20/2021 - 23:38:32: [confoglcompmod.smx] Set password on ibringthehavoc, password 
L 09/20/2021 - 23:38:32: [confoglcompmod.smx] Set password on ''J|M|P'', password 
L 09/20/2021 - 23:38:32: [confoglcompmod.smx] Set password on ᄃ乇乃ﾑ, password 
L 09/20/2021 - 23:38:32: [confoglcompmod.smx] Set password on 丂卩€匚ㄒ尺ㄩ爪, password 
L 09/20/2021 - 23:38:32: [confoglcompmod.smx] Set password on NocnyBober❤ChumDrum, password 
L 09/20/2021 - 23:38:32: [confoglcompmod.smx] Set password on Overclocked, password 
L 09/20/2021 - 23:38:32: [confoglcompmod.smx] Set password on ɯɐʞɓıq ɐʍɐ, password 
L 09/20/2021 - 23:38:33: [navmesh.smx] Found .NAV file in maps\c4m1_milltown_a.nav
L 09/20/2021 - 23:38:33: [navmesh.smx] Is mesh analyzed: 1
L 09/20/2021 - 23:38:33: [navmesh.smx] Nav version: 16; SubVersion: 14 (v10+); BSPSize: 48665584; MagicNumber: -17958194
L 09/20/2021 - 23:38:33: [navmesh.smx] Place count: 0
L 09/20/2021 - 23:38:33: [navmesh.smx] Has unnamed areas: true
L 09/20/2021 - 23:38:33: [navmesh.smx] Population type: defaultmilltown
L 09/20/2021 - 23:38:33: [navmesh.smx] Area count: 7088
L 09/20/2021 - 23:38:33: [navmesh.smx] Parsed 7088 areas in 0.248938 seconds.
L 09/20/2021 - 23:38:33: [navmesh.smx] Ladder count: 50
L 09/20/2021 - 23:38:33: [navmesh.smx] Parsed 50 ladders in 0.000103 seconds.
L 09/20/2021 - 23:38:34: [basecommands.smx] "Console<0><Console><Console>" changed cvar (cvar "sv_minrate") (value "5000")
L 09/20/2021 - 23:38:34: [basecommands.smx] "Console<0><Console><Console>" changed cvar (cvar "sv_maxrate") (value "67000")
L 09/20/2021 - 23:38:34: [basecommands.smx] "Console<0><Console><Console>" changed cvar (cvar "sv_mincmdrate") (value "5")
L 09/20/2021 - 23:38:34: [basecommands.smx] "Console<0><Console><Console>" changed cvar (cvar "sv_maxcmdrate") (value "67")
L 09/20/2021 - 23:38:34: [basecommands.smx] "Console<0><Console><Console>" changed cvar (cvar "sv_minupdaterate") (value "5")
L 09/20/2021 - 23:38:34: [basecommands.smx] "Console<0><Console><Console>" changed cvar (cvar "sv_maxupdaterate") (value "67")
L 09/20/2021 - 23:38:34: [basecommands.smx] "Console<0><Console><Console>" changed cvar (cvar "net_splitpacket_maxrate") (value "33500")
L 09/20/2021 - 23:38:34: [basecommands.smx] "Console<0><Console><Console>" changed cvar (cvar "fps_max") (value "0")
L 09/20/2021 - 23:38:34: [basecommands.smx] "Console<0><Console><Console>" changed cvar (cvar "sv_minrate") (value "30000")
L 09/20/2021 - 23:38:34: [basecommands.smx] "Console<0><Console><Console>" changed cvar (cvar "sv_maxrate") (value "67000")
L 09/20/2021 - 23:38:34: [basecommands.smx] "Console<0><Console><Console>" changed cvar (cvar "sv_mincmdrate") (value "67")
L 09/20/2021 - 23:38:34: [basecommands.smx] "Console<0><Console><Console>" changed cvar (cvar "sv_maxcmdrate") (value "67")
L 09/20/2021 - 23:38:34: [basecommands.smx] "Console<0><Console><Console>" changed cvar (cvar "sv_minupdaterate") (value "67")
L 09/20/2021 - 23:38:34: [basecommands.smx] "Console<0><Console><Console>" changed cvar (cvar "sv_maxupdaterate") (value "67")
L 09/20/2021 - 23:38:34: [basecommands.smx] "Console<0><Console><Console>" changed cvar (cvar "net_splitpacket_maxrate") (value "33500")
L 09/20/2021 - 23:38:34: [basecommands.smx] "Console<0><Console><Console>" changed cvar (cvar "fps_max") (value "0")
L 09/20/2021 - 23:38:34: [basecommands.smx] "Console<0><Console><Console>" changed cvar (cvar "sv_minrate") (value "5000")
L 09/20/2021 - 23:38:34: [basecommands.smx] "Console<0><Console><Console>" changed cvar (cvar "sv_maxrate") (value "67000")
L 09/20/2021 - 23:38:34: [basecommands.smx] "Console<0><Console><Console>" changed cvar (cvar "sv_mincmdrate") (value "5")
L 09/20/2021 - 23:38:34: [basecommands.smx] "Console<0><Console><Console>" changed cvar (cvar "sv_maxcmdrate") (value "67")
L 09/20/2021 - 23:38:34: [basecommands.smx] "Console<0><Console><Console>" changed cvar (cvar "sv_minupdaterate") (value "5")
L 09/20/2021 - 23:38:34: [basecommands.smx] "Console<0><Console><Console>" changed cvar (cvar "sv_maxupdaterate") (value "67")
L 09/20/2021 - 23:38:34: [basecommands.smx] "Console<0><Console><Console>" changed cvar (cvar "net_splitpacket_maxrate") (value "33500")
L 09/20/2021 - 23:38:34: [basecommands.smx] "Console<0><Console><Console>" changed cvar (cvar "fps_max") (value "0")
L 09/20/2021 - 23:38:34: [basecommands.smx] "Console<0><Console><Console>" changed cvar (cvar "sv_minrate") (value "30000")
L 09/20/2021 - 23:38:34: [basecommands.smx] "Console<0><Console><Console>" changed cvar (cvar "sv_maxrate") (value "67000")
L 09/20/2021 - 23:38:34: [basecommands.smx] "Console<0><Console><Console>" changed cvar (cvar "sv_mincmdrate") (value "67")
L 09/20/2021 - 23:38:34: [basecommands.smx] "Console<0><Console><Console>" changed cvar (cvar "sv_maxcmdrate") (value "67")
L 09/20/2021 - 23:38:34: [basecommands.smx] "Console<0><Console><Console>" changed cvar (cvar "sv_minupdaterate") (value "67")
L 09/20/2021 - 23:38:34: [basecommands.smx] "Console<0><Console><Console>" changed cvar (cvar "sv_maxupdaterate") (value "67")
L 09/20/2021 - 23:38:34: [basecommands.smx] "Console<0><Console><Console>" changed cvar (cvar "net_splitpacket_maxrate") (value "33500")
L 09/20/2021 - 23:38:34: [basecommands.smx] "Console<0><Console><Console>" changed cvar (cvar "fps_max") (value "0")
L 09/20/2021 - 23:38:44: [fixes/firebulletsfix.smx] Found offset for Weapon_ShootPosition 286
L 09/20/2021 - 23:38:45: [confoglcompmod.smx] Set password on ibringthehavoc, password 
L 09/20/2021 - 23:38:45: [confoglcompmod.smx] Set password on ''J|M|P'', password 
L 09/20/2021 - 23:38:45: [confoglcompmod.smx] Set password on ᄃ乇乃ﾑ, password 
L 09/20/2021 - 23:38:45: [confoglcompmod.smx] Set password on D-TEAM |Thomas is the Fisherman, password 
L 09/20/2021 - 23:38:45: [confoglcompmod.smx] Set password on 丂卩€匚ㄒ尺ㄩ爪, password 
L 09/20/2021 - 23:38:45: [confoglcompmod.smx] Set password on NocnyBober❤ChumDrum, password 
L 09/20/2021 - 23:38:45: [confoglcompmod.smx] Set password on Overclocked, password 
L 09/20/2021 - 23:38:45: [confoglcompmod.smx] Set password on ɯɐʞɓıq ɐʍɐ, password 
L 09/20/2021 - 23:38:48: -------- Mapchange to c4m1_milltown_a --------
L 09/20/2021 - 23:38:49: [basecommands.smx] "Console<0><Console><Console>" changed cvar (cvar "confogl_match_execcfg_plugins") (value "generalfixes.cfg;confogl_plugins.cfg;sharedplugins.cfg")
L 09/20/2021 - 23:38:49: [basecommands.smx] "Console<0><Console><Console>" changed cvar (cvar "l4d2_addons_eclipse") (value "0")
L 09/20/2021 - 23:38:49: [basecommands.smx] "Console<0><Console><Console>" changed cvar (cvar "sv_allow_wait_command") (value "0")
L 09/20/2021 - 23:38:49: [basecommands.smx] "Console<0><Console><Console>" changed cvar (cvar "sv_minrate") (value "30000")
L 09/20/2021 - 23:38:49: [basecommands.smx] "Console<0><Console><Console>" changed cvar (cvar "sv_maxrate") (value "67000")
L 09/20/2021 - 23:38:49: [basecommands.smx] "Console<0><Console><Console>" changed cvar (cvar "sv_mincmdrate") (value "30")
L 09/20/2021 - 23:38:49: [basecommands.smx] "Console<0><Console><Console>" changed cvar (cvar "sv_maxcmdrate") (value "67")
L 09/20/2021 - 23:38:49: [basecommands.smx] "Console<0><Console><Console>" changed cvar (cvar "sv_minupdaterate") (value "30")
L 09/20/2021 - 23:38:49: [basecommands.smx] "Console<0><Console><Console>" changed cvar (cvar "sv_maxupdaterate") (value "67")
L 09/20/2021 - 23:38:49: [basecommands.smx] "Console<0><Console><Console>" changed cvar (cvar "nb_update_frequency") (value "0.03")
L 09/20/2021 - 23:38:49: [basecommands.smx] "Console<0><Console><Console>" changed cvar (cvar "net_splitpacket_maxrate") (value "33500")
L 09/20/2021 - 23:38:49: [basecommands.smx] "Console<0><Console><Console>" changed cvar (cvar "sv_client_min_interp_ratio") (value "0")
L 09/20/2021 - 23:38:49: [basecommands.smx] "Console<0><Console><Console>" changed cvar (cvar "sv_client_max_interp_ratio") (value "2")
L 09/20/2021 - 23:38:49: [basecommands.smx] "Console<0><Console><Console>" changed cvar (cvar "fps_max") (value "0")
L 09/20/2021 - 23:38:49: [basecommands.smx] "Console<0><Console><Console>" changed cvar (cvar "mv_maxplayers") (value "16")
L 09/20/2021 - 23:38:49: [basecommands.smx] "Console<0><Console><Console>" changed cvar (cvar "sv_maxplayers") (value "16")
L 09/20/2021 - 23:38:49: [basecommands.smx] "Console<0><Console><Console>" changed cvar (cvar "sv_allowdownload") (value "1")
L 09/20/2021 - 23:38:49: [basecommands.smx] "Console<0><Console><Console>" changed cvar (cvar "l4d_nth_joininfected") (value "1")
L 09/20/2021 - 23:38:49: [basecommands.smx] "Console<0><Console><Console>" changed cvar (cvar "l4d_nth_joinsurvivors") (value "1")
L 09/20/2021 - 23:38:49: [basecommands.smx] "Console<0><Console><Console>" changed cvar (cvar "l4d_nth_kill") (value "0")
L 09/20/2021 - 23:38:49: [basecommands.smx] "Console<0><Console><Console>" changed cvar (cvar "l4d_nth_spectate") (value "1")
L 09/20/2021 - 23:38:49: [basecommands.smx] "Console<0><Console><Console>" changed cvar (cvar "l4d_nth_message") (value "0")
L 09/20/2021 - 23:38:49: [basecommands.smx] "Console<0><Console><Console>" changed cvar (cvar "l4d_nth_timerrepeat") (value "9999")
L 09/20/2021 - 23:38:49: [basecommands.smx] "Console<0><Console><Console>" changed cvar (cvar "vs_max_team_switches") (value "9999")
L 09/20/2021 - 23:38:49: [basecommands.smx] "Console<0><Console><Console>" changed cvar (cvar "mp_autoteambalance") (value "0")
L 09/20/2021 - 23:38:49: [basecommands.smx] "Console<0><Console><Console>" changed cvar (cvar "sv_unlag_fixstuck") (value "1")
L 09/20/2021 - 23:38:49: [basecommands.smx] "Console<0><Console><Console>" changed cvar (cvar "z_brawl_chance") (value "0")
L 09/20/2021 - 23:38:49: [basecommands.smx] "Console<0><Console><Console>" changed cvar (cvar "sv_maxunlag") (value "1")
L 09/20/2021 - 23:38:49: [basecommands.smx] "Console<0><Console><Console>" changed cvar (cvar "sv_forcepreload") (value "1")
L 09/20/2021 - 23:38:49: [basecommands.smx] "Console<0><Console><Console>" changed cvar (cvar "sv_client_predict") (value "1")
L 09/20/2021 - 23:38:49: [basecommands.smx] "Console<0><Console><Console>" changed cvar (cvar "sv_client_cmdrate_difference") (value "0")
L 09/20/2021 - 23:38:49: [basecommands.smx] "Console<0><Console><Console>" changed cvar (cvar "sv_max_queries_sec_global") (value "10")
L 09/20/2021 - 23:38:49: [basecommands.smx] "Console<0><Console><Console>" changed cvar (cvar "sv_max_queries_sec") (value "3")
L 09/20/2021 - 23:38:49: [basecommands.smx] "Console<0><Console><Console>" changed cvar (cvar "sv_max_queries_window") (value "10")
L 09/20/2021 - 23:38:49: [basecommands.smx] "Console<0><Console><Console>" changed cvar (cvar "sv_player_stuck_tolerance") (value "5")
L 09/20/2021 - 23:38:49: [basecommands.smx] "Console<0><Console><Console>" changed cvar (cvar "sv_stats") (value "0")
L 09/20/2021 - 23:38:49: [basecommands.smx] "Console<0><Console><Console>" changed cvar (cvar "sv_clockcorrection_msecs") (value "25")
L 09/20/2021 - 23:38:49: [basecommands.smx] "Console<0><Console><Console>" changed cvar (cvar "z_max_neighbor_range") (value "16")
L 09/20/2021 - 23:38:49: [basecommands.smx] "Console<0><Console><Console>" changed cvar (cvar "nb_friction_forward") (value "0")
L 09/20/2021 - 23:42:02: [optional/kether/l4d2_skill_detect.smx] Clear: 11 freed 7 from 6: time: 1.40 / -1.00 -- class: hunter (with shove? 0)
L 09/20/2021 - 23:42:46: [optional/kether/l4d2_skill_detect.smx] calarm trigger: caller 1121 / activator 1121 / delay: 0.00
L 09/20/2021 - 23:42:51: [optional/kether/l4d2_skill_detect.smx] Clear: 7 freed 5 from 1: time: 3.70 / 6.02 -- class: smoker (with shove? 1)
L 09/20/2021 - 23:43:07: [optional/kether/l4d2_skill_detect.smx] Charge carry start: 4 - 3 -- time: 244.50
L 09/20/2021 - 23:43:09: [optional/kether/l4d2_skill_detect.smx] Clear: 5 freed 11 from 2: time: 1.77 / -1.00 -- class: hunter (with shove? 0)
L 09/20/2021 - 23:43:10: [optional/kether/l4d2_skill_detect.smx] Clear: 7 freed 3 from 4: time: 0.19 / 2.29 -- class: charger (with shove? 0)
L 09/20/2021 - 23:43:12: [optional/kether/l4d2_skill_detect.smx] Checking charge victim: 4 - 3 - flags: 1 (alive? 1)
L 09/20/2021 - 23:45:23: [optional/kether/l4d2_skill_detect.smx] Clear: 3 freed 3 from 6: time: -1.00 / 0.19 -- class: smoker (with shove? 0)
L 09/20/2021 - 23:45:25: [optional/kether/l4d2_skill_detect.smx] Charge carry start: 1 - 3 -- time: 381.59
L 09/20/2021 - 23:45:27: [optional/kether/l4d2_skill_detect.smx] Clear: 5 freed 3 from 1: time: 1.02 / 2.34 -- class: charger (with shove? 0)
L 09/20/2021 - 23:45:28: [optional/kether/l4d2_skill_detect.smx] Checking charge victim: 1 - 3 - flags: 1 (alive? 1)
L 09/20/2021 - 23:47:03: [optional/kether/l4d2_skill_detect.smx] Clear: 5 freed 11 from 4: time: -1.00 / 0.59 -- class: smoker (with shove? 0)
L 09/20/2021 - 23:47:37: [optional/kether/l4d2_skill_detect.smx] Clear: 3 freed 7 from 6: time: 1.41 / -1.00 -- class: jockey (with shove? 0)
L 09/20/2021 - 23:47:42: [optional/kether/l4d2_skill_detect.smx] Clear: 5 freed 7 from 4: time: 1.61 / -1.00 -- class: hunter (with shove? 1)
L 09/20/2021 - 23:47:49: [optional/kether/l4d2_skill_detect.smx] Clear: 7 freed 3 from 2: time: 3.98 / 7.86 -- class: smoker (with shove? 0)
L 09/20/2021 - 23:48:38: [optional/kether/l4d2_skill_detect.smx] Clear: 5 freed 7 from 1: time: 0.74 / -1.00 -- class: hunter (with shove? 0)
L 09/20/2021 - 23:48:38: [optional/kether/l4d2_skill_detect.smx] Clear: 11 freed 3 from 2: time: 0.47 / 2.28 -- class: smoker (with shove? 0)
L 09/20/2021 - 23:48:40: [optional/kether/l4d2_skill_detect.smx] Clear: 7 freed 3 from 4: time: 0.74 / -1.00 -- class: jockey (with shove? 1)
L 09/20/2021 - 23:49:24: [optional/kether/l4d2_skill_detect.smx] Clear: 3 freed 11 from 2: time: 0.31 / 1.22 -- class: smoker (with shove? 0)
L 09/20/2021 - 23:50:20: [optional/kether/l4d2_skill_detect.smx] Clear: 3 freed 11 from 4: time: 9.52 / -1.00 -- class: hunter (with shove? 1)
L 09/20/2021 - 23:53:11: [optional/kether/l4d2_skill_detect.smx] Clear: 6 freed 2 from 3: time: -1.00 / 1.49 -- class: smoker (with shove? 0)
L 09/20/2021 - 23:54:43: [optional/kether/l4d2_skill_detect.smx] Clear: 6 freed 2 from 7: time: -1.00 / 1.05 -- class: smoker (with shove? 0)
L 09/20/2021 - 23:55:16: [optional/kether/l4d2_skill_detect.smx] Clear: 1 freed 2 from 7: time: 1.56 / -1.00 -- class: hunter (with shove? 0)
L 09/20/2021 - 23:55:51: [optional/kether/l4d2_skill_detect.smx] Clear: 4 freed 6 from 7: time: 0.86 / -1.00 -- class: hunter (with shove? 0)
L 09/20/2021 - 23:56:28: [optional/kether/l4d2_skill_detect.smx] Clear: 1 freed 6 from 3: time: 1.61 / -1.00 -- class: jockey (with shove? 0)
L 09/20/2021 - 23:56:31: [optional/kether/l4d2_skill_detect.smx] Clear: 1 freed 4 from 7: time: 1.61 / 1047.73 -- class: charger (with shove? 0)
L 09/20/2021 - 23:57:10: [optional/kether/l4d2_skill_detect.smx] Charge carry start: 11 - 1 -- time: 1087.16
L 09/20/2021 - 23:57:13: [optional/kether/l4d2_skill_detect.smx] Checking charge victim: 11 - 4 - flags: 0 (alive? 1)
L 09/20/2021 - 23:57:14: [optional/kether/l4d2_skill_detect.smx] Checking charge victim: 11 - 6 - flags: 0 (alive? 1)
L 09/20/2021 - 23:57:14: [optional/kether/l4d2_skill_detect.smx] Checking charge victim: 11 - 1 - flags: 1 (alive? 1)
L 09/20/2021 - 23:57:18: [optional/kether/l4d2_skill_detect.smx] Clear: 6 freed 1 from 11: time: 5.44 / 7.26 -- class: charger (with shove? 0)
L 09/20/2021 - 23:57:21: [optional/kether/l4d2_skill_detect.smx] Clear: 6 freed 4 from 7: time: 7.98 / -1.00 -- class: jockey (with shove? 0)
L 09/20/2021 - 23:57:44: [optional/kether/l4d2_skill_detect.smx] Charge carry start: 11 - 1 -- time: 1121.35
L 09/20/2021 - 23:57:47: [optional/kether/l4d2_skill_detect.smx] Clear: 6 freed 1 from 11: time: 0.67 / 2.22 -- class: charger (with shove? 0)
L 09/20/2021 - 23:57:48: [optional/kether/l4d2_skill_detect.smx] Checking charge victim: 11 - 1 - flags: 1 (alive? 1)
L 09/20/2021 - 23:59:16: -------- Mapchange to c4m2_sugarmill_a --------
L 09/20/2021 - 23:59:18: [basecommands.smx] "Console<0><Console><Console>" changed cvar (cvar "confogl_match_execcfg_plugins") (value "generalfixes.cfg;confogl_plugins.cfg;sharedplugins.cfg")
L 09/20/2021 - 23:59:18: [basecommands.smx] "Console<0><Console><Console>" changed cvar (cvar "l4d2_addons_eclipse") (value "0")
L 09/20/2021 - 23:59:18: [basecommands.smx] "Console<0><Console><Console>" changed cvar (cvar "sv_allow_wait_command") (value "0")
L 09/20/2021 - 23:59:18: [basecommands.smx] "Console<0><Console><Console>" changed cvar (cvar "sv_minrate") (value "30000")
L 09/20/2021 - 23:59:18: [basecommands.smx] "Console<0><Console><Console>" changed cvar (cvar "sv_maxrate") (value "67000")
L 09/20/2021 - 23:59:18: [basecommands.smx] "Console<0><Console><Console>" changed cvar (cvar "sv_mincmdrate") (value "30")
L 09/20/2021 - 23:59:18: [basecommands.smx] "Console<0><Console><Console>" changed cvar (cvar "sv_maxcmdrate") (value "67")
L 09/20/2021 - 23:59:18: [basecommands.smx] "Console<0><Console><Console>" changed cvar (cvar "sv_minupdaterate") (value "30")
L 09/20/2021 - 23:59:18: [basecommands.smx] "Console<0><Console><Console>" changed cvar (cvar "sv_maxupdaterate") (value "67")
L 09/20/2021 - 23:59:18: [basecommands.smx] "Console<0><Console><Console>" changed cvar (cvar "nb_update_frequency") (value "0.03")
L 09/20/2021 - 23:59:18: [basecommands.smx] "Console<0><Console><Console>" changed cvar (cvar "net_splitpacket_maxrate") (value "33500")
L 09/20/2021 - 23:59:18: [basecommands.smx] "Console<0><Console><Console>" changed cvar (cvar "sv_client_min_interp_ratio") (value "0")
L 09/20/2021 - 23:59:18: [basecommands.smx] "Console<0><Console><Console>" changed cvar (cvar "sv_client_max_interp_ratio") (value "2")
L 09/20/2021 - 23:59:18: [basecommands.smx] "Console<0><Console><Console>" changed cvar (cvar "fps_max") (value "0")
L 09/20/2021 - 23:59:18: [basecommands.smx] "Console<0><Console><Console>" changed cvar (cvar "mv_maxplayers") (value "16")
L 09/20/2021 - 23:59:18: [basecommands.smx] "Console<0><Console><Console>" changed cvar (cvar "sv_maxplayers") (value "16")
L 09/20/2021 - 23:59:18: [basecommands.smx] "Console<0><Console><Console>" changed cvar (cvar "sv_allowdownload") (value "1")
L 09/20/2021 - 23:59:18: [basecommands.smx] "Console<0><Console><Console>" changed cvar (cvar "l4d_nth_joininfected") (value "1")
L 09/20/2021 - 23:59:18: [basecommands.smx] "Console<0><Console><Console>" changed cvar (cvar "l4d_nth_joinsurvivors") (value "1")
L 09/20/2021 - 23:59:18: [basecommands.smx] "Console<0><Console><Console>" changed cvar (cvar "l4d_nth_kill") (value "0")
L 09/20/2021 - 23:59:18: [basecommands.smx] "Console<0><Console><Console>" changed cvar (cvar "l4d_nth_spectate") (value "1")
L 09/20/2021 - 23:59:18: [basecommands.smx] "Console<0><Console><Console>" changed cvar (cvar "l4d_nth_message") (value "0")
L 09/20/2021 - 23:59:18: [basecommands.smx] "Console<0><Console><Console>" changed cvar (cvar "l4d_nth_timerrepeat") (value "9999")
L 09/20/2021 - 23:59:18: [basecommands.smx] "Console<0><Console><Console>" changed cvar (cvar "vs_max_team_switches") (value "9999")
L 09/20/2021 - 23:59:18: [basecommands.smx] "Console<0><Console><Console>" changed cvar (cvar "mp_autoteambalance") (value "0")
L 09/20/2021 - 23:59:18: [basecommands.smx] "Console<0><Console><Console>" changed cvar (cvar "sv_unlag_fixstuck") (value "1")
L 09/20/2021 - 23:59:18: [basecommands.smx] "Console<0><Console><Console>" changed cvar (cvar "z_brawl_chance") (value "0")
L 09/20/2021 - 23:59:18: [basecommands.smx] "Console<0><Console><Console>" changed cvar (cvar "sv_maxunlag") (value "1")
L 09/20/2021 - 23:59:18: [basecommands.smx] "Console<0><Console><Console>" changed cvar (cvar "sv_forcepreload") (value "1")
L 09/20/2021 - 23:59:18: [basecommands.smx] "Console<0><Console><Console>" changed cvar (cvar "sv_client_predict") (value "1")
L 09/20/2021 - 23:59:18: [basecommands.smx] "Console<0><Console><Console>" changed cvar (cvar "sv_client_cmdrate_difference") (value "0")
L 09/20/2021 - 23:59:18: [basecommands.smx] "Console<0><Console><Console>" changed cvar (cvar "sv_max_queries_sec_global") (value "10")
L 09/20/2021 - 23:59:18: [basecommands.smx] "Console<0><Console><Console>" changed cvar (cvar "sv_max_queries_sec") (value "3")
L 09/20/2021 - 23:59:18: [basecommands.smx] "Console<0><Console><Console>" changed cvar (cvar "sv_max_queries_window") (value "10")
L 09/20/2021 - 23:59:18: [basecommands.smx] "Console<0><Console><Console>" changed cvar (cvar "sv_player_stuck_tolerance") (value "5")
L 09/20/2021 - 23:59:18: [basecommands.smx] "Console<0><Console><Console>" changed cvar (cvar "sv_stats") (value "0")
L 09/20/2021 - 23:59:18: [basecommands.smx] "Console<0><Console><Console>" changed cvar (cvar "sv_clockcorrection_msecs") (value "25")
L 09/20/2021 - 23:59:18: [basecommands.smx] "Console<0><Console><Console>" changed cvar (cvar "z_max_neighbor_range") (value "16")
L 09/20/2021 - 23:59:18: [basecommands.smx] "Console<0><Console><Console>" changed cvar (cvar "nb_friction_forward") (value "0")
L 09/20/2021 - 23:59:50: [optional/kether/autopause.smx] [AutoPause] Player STEAM_1:1:68701647 left the game with -33.686565 time until spawn.
L 09/21/2021 - 00:00:21: Log file closed.
