L 12/23/2021 - 18:36:05: SourceMod log file session started (file "/home/k26606_s20329/server_20329/left4dead2/addons/sourcemod/logs/L20211223.log") (Version "1.10.0.6494")
L 12/23/2021 - 18:36:05: [basecommands.smx] "Console<0><Console><Console>" changed cvar (cvar "confogl_match_execcfg_plugins") (value "generalfixes.cfg;confogl_plugins.cfg;sharedplugins.cfg")
L 12/23/2021 - 18:36:05: [basecommands.smx] "Console<0><Console><Console>" changed cvar (cvar "l4d2_addons_eclipse") (value "0")
L 12/23/2021 - 18:36:05: [basecommands.smx] "Console<0><Console><Console>" changed cvar (cvar "sv_allow_wait_command") (value "0")
L 12/23/2021 - 18:36:05: [basecommands.smx] "Console<0><Console><Console>" changed cvar (cvar "sv_minrate") (value "108000")
L 12/23/2021 - 18:36:05: [basecommands.smx] "Console<0><Console><Console>" changed cvar (cvar "sv_maxrate") (value "108000")
L 12/23/2021 - 18:36:05: [basecommands.smx] "Console<0><Console><Console>" changed cvar (cvar "sv_mincmdrate") (value "108")
L 12/23/2021 - 18:36:05: [basecommands.smx] "Console<0><Console><Console>" changed cvar (cvar "sv_maxcmdrate") (value "108")
L 12/23/2021 - 18:36:05: [basecommands.smx] "Console<0><Console><Console>" changed cvar (cvar "sv_minupdaterate") (value "108")
L 12/23/2021 - 18:36:05: [basecommands.smx] "Console<0><Console><Console>" changed cvar (cvar "sv_maxupdaterate") (value "108")
L 12/23/2021 - 18:36:05: [basecommands.smx] "Console<0><Console><Console>" changed cvar (cvar "nb_update_frequency") (value "0.024")
L 12/23/2021 - 18:36:05: [basecommands.smx] "Console<0><Console><Console>" changed cvar (cvar "net_splitpacket_maxrate") (value "54000")
L 12/23/2021 - 18:36:05: [basecommands.smx] "Console<0><Console><Console>" changed cvar (cvar "sv_client_min_interp_ratio") (value "0")
L 12/23/2021 - 18:36:05: [basecommands.smx] "Console<0><Console><Console>" changed cvar (cvar "sv_client_max_interp_ratio") (value "2")
L 12/23/2021 - 18:36:05: [basecommands.smx] "Console<0><Console><Console>" changed cvar (cvar "fps_max") (value "200")
L 12/23/2021 - 18:36:05: [basecommands.smx] "Console<0><Console><Console>" changed cvar (cvar "mv_maxplayers") (value "16")
L 12/23/2021 - 18:36:05: [basecommands.smx] "Console<0><Console><Console>" changed cvar (cvar "sv_maxplayers") (value "16")
L 12/23/2021 - 18:36:05: [basecommands.smx] "Console<0><Console><Console>" changed cvar (cvar "sv_allowdownload") (value "1")
L 12/23/2021 - 18:36:05: [basecommands.smx] "Console<0><Console><Console>" changed cvar (cvar "l4d_nth_joininfected") (value "1")
L 12/23/2021 - 18:36:05: [basecommands.smx] "Console<0><Console><Console>" changed cvar (cvar "l4d_nth_joinsurvivors") (value "1")
L 12/23/2021 - 18:36:05: [basecommands.smx] "Console<0><Console><Console>" changed cvar (cvar "l4d_nth_kill") (value "0")
L 12/23/2021 - 18:36:05: [basecommands.smx] "Console<0><Console><Console>" changed cvar (cvar "l4d_nth_spectate") (value "1")
L 12/23/2021 - 18:36:05: [basecommands.smx] "Console<0><Console><Console>" changed cvar (cvar "l4d_nth_message") (value "0")
L 12/23/2021 - 18:36:05: [basecommands.smx] "Console<0><Console><Console>" changed cvar (cvar "l4d_nth_timerrepeat") (value "9999")
L 12/23/2021 - 18:36:05: [basecommands.smx] "Console<0><Console><Console>" changed cvar (cvar "vs_max_team_switches") (value "9999")
L 12/23/2021 - 18:36:05: [basecommands.smx] "Console<0><Console><Console>" changed cvar (cvar "mp_autoteambalance") (value "0")
L 12/23/2021 - 18:36:05: [basecommands.smx] "Console<0><Console><Console>" changed cvar (cvar "sv_unlag_fixstuck") (value "1")
L 12/23/2021 - 18:36:05: [basecommands.smx] "Console<0><Console><Console>" changed cvar (cvar "z_brawl_chance") (value "0")
L 12/23/2021 - 18:36:05: [basecommands.smx] "Console<0><Console><Console>" changed cvar (cvar "sv_maxunlag") (value "1")
L 12/23/2021 - 18:36:05: [basecommands.smx] "Console<0><Console><Console>" changed cvar (cvar "sv_forcepreload") (value "1")
L 12/23/2021 - 18:36:05: [basecommands.smx] "Console<0><Console><Console>" changed cvar (cvar "sv_client_predict") (value "1")
L 12/23/2021 - 18:36:05: [basecommands.smx] "Console<0><Console><Console>" changed cvar (cvar "sv_client_cmdrate_difference") (value "0")
L 12/23/2021 - 18:36:05: [basecommands.smx] "Console<0><Console><Console>" changed cvar (cvar "sv_max_queries_sec_global") (value "10")
L 12/23/2021 - 18:36:05: [basecommands.smx] "Console<0><Console><Console>" changed cvar (cvar "sv_max_queries_sec") (value "3")
L 12/23/2021 - 18:36:05: [basecommands.smx] "Console<0><Console><Console>" changed cvar (cvar "sv_max_queries_window") (value "10")
L 12/23/2021 - 18:36:05: [basecommands.smx] "Console<0><Console><Console>" changed cvar (cvar "sv_player_stuck_tolerance") (value "5")
L 12/23/2021 - 18:36:05: [basecommands.smx] "Console<0><Console><Console>" changed cvar (cvar "sv_stats") (value "0")
L 12/23/2021 - 18:36:05: [basecommands.smx] "Console<0><Console><Console>" changed cvar (cvar "sv_clockcorrection_msecs") (value "25")
L 12/23/2021 - 18:36:05: [basecommands.smx] "Console<0><Console><Console>" changed cvar (cvar "tank_swing_physics_prop_force") (value "3")
L 12/23/2021 - 18:39:10: [optional/kether/l4d2_skill_detect.smx] Clear: 1 freed 6 from 8: time: 6.00 / -1.00 -- class: jockey (with shove? 1)
L 12/23/2021 - 18:39:15: [optional/kether/l4d2_skill_detect.smx] Clear: 5 freed 7 from 3: time: 7.65 / -1.00 -- class: hunter (with shove? 0)
L 12/23/2021 - 18:39:59: [optional/kether/l4d2_skill_detect.smx] Charge carry start: 4 - 1 -- time: 232.98
L 12/23/2021 - 18:40:02: [optional/kether/l4d2_skill_detect.smx] Checking charge victim: 4 - 1 - flags: 1 (alive? 1)
L 12/23/2021 - 18:40:36: [optional/kether/l4d2_skill_detect.smx] Clear: 1 freed 7 from 8: time: 4.43 / -1.00 -- class: jockey (with shove? 0)
L 12/23/2021 - 18:40:44: [optional/kether/l4d2_skill_detect.smx] Clear: 6 freed 5 from 2: time: 9.92 / -1.00 -- class: hunter (with shove? 0)
L 12/23/2021 - 18:41:19: [optional/kether/l4d2_skill_detect.smx] Charge carry start: 8 - 7 -- time: 312.78
L 12/23/2021 - 18:41:22: [optional/kether/l4d2_skill_detect.smx] Checking charge victim: 8 - 7 - flags: 1 (alive? 1)
L 12/23/2021 - 18:42:38: [optional/kether/l4d2_skill_detect.smx] Clear: 8 freed 3 from 7: time: 1.28 / -1.00 -- class: jockey (with shove? 0)
L 12/23/2021 - 18:43:14: [optional/kether/l4d2_skill_detect.smx] Clear: 4 freed 3 from 5: time: 0.16 / 427.59 -- class: charger (with shove? 0)
L 12/23/2021 - 18:43:16: [optional/kether/l4d2_skill_detect.smx] Clear: 8 freed 2 from 6: time: 1.17 / -1.00 -- class: hunter (with shove? 1)
L 12/23/2021 - 18:43:59: [optional/kether/l4d2_skill_detect.smx] Clear: 2 freed 3 from 7: time: 1.61 / 472.67 -- class: charger (with shove? 0)
L 12/23/2021 - 18:44:46: [optional/kether/l4d2_skill_detect.smx] Clear: 3 freed 2 from 5: time: -1.00 / 1.20 -- class: smoker (with shove? 0)
L 12/23/2021 - 18:45:15: [optional/kether/l4d2_skill_detect.smx] Clear: 2 freed 3 from 5: time: -1.00 / 1.56 -- class: smoker (with shove? 0)
L 12/23/2021 - 18:45:39: [optional/kether/l4d2_skill_detect.smx] Clear: 2 freed 4 from 5: time: 6.12 / 9.24 -- class: smoker (with shove? 1)
L 12/23/2021 - 18:46:51: [optional/kether/l4d2_skill_detect.smx] Clear: 3 freed 2 from 5: time: 0.92 / -1.00 -- class: hunter (with shove? 0)
L 12/23/2021 - 18:47:16: [optional/kether/l4d2_skill_detect.smx] Clear: 2 freed 3 from 1: time: 4.08 / -1.00 -- class: jockey (with shove? 0)
L 12/23/2021 - 18:47:21: [optional/kether/l4d2_skill_detect.smx] Clear: 4 freed 4 from 5: time: -1.00 / 0.53 -- class: smoker (with shove? 1)
L 12/23/2021 - 18:47:58: [optional/kether/l4d2_skill_detect.smx] Charge carry start: 7 - 4 -- time: 712.36
L 12/23/2021 - 18:48:02: [optional/kether/l4d2_skill_detect.smx] Checking charge victim: 7 - 2 - flags: 0 (alive? 1)
L 12/23/2021 - 18:48:04: [optional/kether/l4d2_skill_detect.smx] Checking charge victim: 7 - 4 - flags: 1 (alive? 1)
L 12/23/2021 - 18:48:39: -------- Mapchange to c6m2_bedlam --------
L 12/23/2021 - 18:48:40: [basecommands.smx] "Console<0><Console><Console>" changed cvar (cvar "confogl_match_execcfg_plugins") (value "generalfixes.cfg;confogl_plugins.cfg;sharedplugins.cfg")
L 12/23/2021 - 18:48:40: [basecommands.smx] "Console<0><Console><Console>" changed cvar (cvar "l4d2_addons_eclipse") (value "0")
L 12/23/2021 - 18:48:40: [basecommands.smx] "Console<0><Console><Console>" changed cvar (cvar "sv_allow_wait_command") (value "0")
L 12/23/2021 - 18:48:40: [basecommands.smx] "Console<0><Console><Console>" changed cvar (cvar "sv_minrate") (value "108000")
L 12/23/2021 - 18:48:40: [basecommands.smx] "Console<0><Console><Console>" changed cvar (cvar "sv_maxrate") (value "108000")
L 12/23/2021 - 18:48:40: [basecommands.smx] "Console<0><Console><Console>" changed cvar (cvar "sv_mincmdrate") (value "108")
L 12/23/2021 - 18:48:40: [basecommands.smx] "Console<0><Console><Console>" changed cvar (cvar "sv_maxcmdrate") (value "108")
L 12/23/2021 - 18:48:40: [basecommands.smx] "Console<0><Console><Console>" changed cvar (cvar "sv_minupdaterate") (value "108")
L 12/23/2021 - 18:48:40: [basecommands.smx] "Console<0><Console><Console>" changed cvar (cvar "sv_maxupdaterate") (value "108")
L 12/23/2021 - 18:48:40: [basecommands.smx] "Console<0><Console><Console>" changed cvar (cvar "nb_update_frequency") (value "0.024")
L 12/23/2021 - 18:48:40: [basecommands.smx] "Console<0><Console><Console>" changed cvar (cvar "net_splitpacket_maxrate") (value "54000")
L 12/23/2021 - 18:48:40: [basecommands.smx] "Console<0><Console><Console>" changed cvar (cvar "sv_client_min_interp_ratio") (value "0")
L 12/23/2021 - 18:48:40: [basecommands.smx] "Console<0><Console><Console>" changed cvar (cvar "sv_client_max_interp_ratio") (value "2")
L 12/23/2021 - 18:48:40: [basecommands.smx] "Console<0><Console><Console>" changed cvar (cvar "fps_max") (value "200")
L 12/23/2021 - 18:48:40: [basecommands.smx] "Console<0><Console><Console>" changed cvar (cvar "mv_maxplayers") (value "16")
L 12/23/2021 - 18:48:40: [basecommands.smx] "Console<0><Console><Console>" changed cvar (cvar "sv_maxplayers") (value "16")
L 12/23/2021 - 18:48:40: [basecommands.smx] "Console<0><Console><Console>" changed cvar (cvar "sv_allowdownload") (value "1")
L 12/23/2021 - 18:48:40: [basecommands.smx] "Console<0><Console><Console>" changed cvar (cvar "l4d_nth_joininfected") (value "1")
L 12/23/2021 - 18:48:40: [basecommands.smx] "Console<0><Console><Console>" changed cvar (cvar "l4d_nth_joinsurvivors") (value "1")
L 12/23/2021 - 18:48:40: [basecommands.smx] "Console<0><Console><Console>" changed cvar (cvar "l4d_nth_kill") (value "0")
L 12/23/2021 - 18:48:40: [basecommands.smx] "Console<0><Console><Console>" changed cvar (cvar "l4d_nth_spectate") (value "1")
L 12/23/2021 - 18:48:40: [basecommands.smx] "Console<0><Console><Console>" changed cvar (cvar "l4d_nth_message") (value "0")
L 12/23/2021 - 18:48:40: [basecommands.smx] "Console<0><Console><Console>" changed cvar (cvar "l4d_nth_timerrepeat") (value "9999")
L 12/23/2021 - 18:48:40: [basecommands.smx] "Console<0><Console><Console>" changed cvar (cvar "vs_max_team_switches") (value "9999")
L 12/23/2021 - 18:48:40: [basecommands.smx] "Console<0><Console><Console>" changed cvar (cvar "mp_autoteambalance") (value "0")
L 12/23/2021 - 18:48:40: [basecommands.smx] "Console<0><Console><Console>" changed cvar (cvar "sv_unlag_fixstuck") (value "1")
L 12/23/2021 - 18:48:40: [basecommands.smx] "Console<0><Console><Console>" changed cvar (cvar "z_brawl_chance") (value "0")
L 12/23/2021 - 18:48:40: [basecommands.smx] "Console<0><Console><Console>" changed cvar (cvar "sv_maxunlag") (value "1")
L 12/23/2021 - 18:48:40: [basecommands.smx] "Console<0><Console><Console>" changed cvar (cvar "sv_forcepreload") (value "1")
L 12/23/2021 - 18:48:40: [basecommands.smx] "Console<0><Console><Console>" changed cvar (cvar "sv_client_predict") (value "1")
L 12/23/2021 - 18:48:40: [basecommands.smx] "Console<0><Console><Console>" changed cvar (cvar "sv_client_cmdrate_difference") (value "0")
L 12/23/2021 - 18:48:40: [basecommands.smx] "Console<0><Console><Console>" changed cvar (cvar "sv_max_queries_sec_global") (value "10")
L 12/23/2021 - 18:48:40: [basecommands.smx] "Console<0><Console><Console>" changed cvar (cvar "sv_max_queries_sec") (value "3")
L 12/23/2021 - 18:48:40: [basecommands.smx] "Console<0><Console><Console>" changed cvar (cvar "sv_max_queries_window") (value "10")
L 12/23/2021 - 18:48:40: [basecommands.smx] "Console<0><Console><Console>" changed cvar (cvar "sv_player_stuck_tolerance") (value "5")
L 12/23/2021 - 18:48:40: [basecommands.smx] "Console<0><Console><Console>" changed cvar (cvar "sv_stats") (value "0")
L 12/23/2021 - 18:48:40: [basecommands.smx] "Console<0><Console><Console>" changed cvar (cvar "sv_clockcorrection_msecs") (value "25")
L 12/23/2021 - 18:48:40: [basecommands.smx] "Console<0><Console><Console>" changed cvar (cvar "tank_swing_physics_prop_force") (value "3")
L 12/23/2021 - 18:49:32: [optional/kether/l4d2_skill_detect.smx] Charge carry start: 6 - 4 -- time: 52.39
L 12/23/2021 - 18:49:37: [optional/kether/l4d2_skill_detect.smx] Checking charge victim: 6 - 4 - flags: 1 (alive? 1)
L 12/23/2021 - 18:49:37: [optional/kether/l4d2_skill_detect.smx] Clear: 3 freed 4 from 6: time: 2.62 / 5.21 -- class: charger (with shove? 0)
L 12/23/2021 - 18:49:38: [optional/kether/l4d2_skill_detect.smx] Clear: 8 freed 2 from 1: time: 2.52 / 3.54 -- class: smoker (with shove? 0)
L 12/23/2021 - 18:50:02: [optional/kether/l4d2_skill_detect.smx] Clear: 8 freed 3 from 1: time: -1.00 / 0.80 -- class: smoker (with shove? 0)
L 12/23/2021 - 18:50:16: [optional/kether/l4d2_skill_detect.smx] Clear: 2 freed 3 from 5: time: 0.87 / -1.00 -- class: hunter (with shove? 0)
L 12/23/2021 - 18:51:02: [optional/kether/l4d2_skill_detect.smx] Charge carry start: 5 - 4 -- time: 142.38
L 12/23/2021 - 18:51:02: [optional/kether/l4d2_skill_detect.smx] Clear: 2 freed 3 from 1: time: 0.83 / -1.00 -- class: jockey (with shove? 0)
L 12/23/2021 - 18:51:05: [optional/kether/l4d2_skill_detect.smx] Checking charge victim: 5 - 4 - flags: 1 (alive? 1)
L 12/23/2021 - 18:51:07: [optional/kether/l4d2_skill_detect.smx] Clear: 2 freed 4 from 5: time: 4.33 / 5.50 -- class: charger (with shove? 0)
L 12/23/2021 - 18:51:17: [optional/kether/l4d2_skill_detect.smx] Clear: 8 freed 4 from 6: time: 5.04 / -1.00 -- class: hunter (with shove? 0)
L 12/23/2021 - 18:53:54: [optional/kether/l4d2_skill_detect.smx] Clear: 7 freed 1 from 3: time: 0.17 / 2.19 -- class: smoker (with shove? 0)
L 12/23/2021 - 18:54:00: [optional/kether/l4d2_skill_detect.smx] Clear: 5 freed 6 from 8: time: 3.94 / -1.00 -- class: jockey (with shove? 0)
L 12/23/2021 - 18:55:32: [optional/kether/l4d2_skill_detect.smx] Clear: 1 freed 6 from 3: time: 2.37 / -1.00 -- class: hunter (with shove? 0)
L 12/23/2021 - 18:56:35: [optional/kether/l4d2_skill_detect.smx] Clear: 6 freed 1 from 2: time: 3.10 / -1.00 -- class: jockey (with shove? 0)
L 12/23/2021 - 18:56:36: [optional/kether/l4d2_skill_detect.smx] Clear: 1 freed 6 from 4: time: -1.00 / 1.65 -- class: smoker (with shove? 1)
L 12/23/2021 - 18:56:41: [optional/kether/l4d2_skill_detect.smx] Clear: 7 freed 5 from 8: time: 5.06 / -1.00 -- class: hunter (with shove? 0)
L 12/23/2021 - 18:56:44: [optional/kether/l4d2_skill_detect.smx] Charge carry start: 3 - 5 -- time: 484.22
L 12/23/2021 - 18:56:46: [optional/kether/l4d2_skill_detect.smx] Clear: 1 freed 5 from 3: time: 1.72 / 2.57 -- class: charger (with shove? 0)
L 12/23/2021 - 18:56:47: [optional/kether/l4d2_skill_detect.smx] Checking charge victim: 3 - 5 - flags: 1 (alive? 1)
L 12/23/2021 - 18:57:17: [optional/kether/l4d2_skill_detect.smx] Clear: 5 freed 6 from 8: time: 0.86 / -1.00 -- class: jockey (with shove? 0)
L 12/23/2021 - 18:57:17: [optional/kether/l4d2_skill_detect.smx] Clear: 1 freed 1 from 3: time: -1.00 / 0.84 -- class: smoker (with shove? 1)
L 12/23/2021 - 18:57:52: [optional/kether/l4d2_skill_detect.smx] Clear: 5 freed 7 from 2: time: 1.40 / -1.00 -- class: hunter (with shove? 0)
L 12/23/2021 - 18:58:51: -------- Mapchange to c6m3_port --------
L 12/23/2021 - 18:58:52: [basecommands.smx] "Console<0><Console><Console>" changed cvar (cvar "confogl_match_execcfg_plugins") (value "generalfixes.cfg;confogl_plugins.cfg;sharedplugins.cfg")
L 12/23/2021 - 18:58:52: [basecommands.smx] "Console<0><Console><Console>" changed cvar (cvar "l4d2_addons_eclipse") (value "0")
L 12/23/2021 - 18:58:52: [basecommands.smx] "Console<0><Console><Console>" changed cvar (cvar "sv_allow_wait_command") (value "0")
L 12/23/2021 - 18:58:52: [basecommands.smx] "Console<0><Console><Console>" changed cvar (cvar "sv_minrate") (value "108000")
L 12/23/2021 - 18:58:52: [basecommands.smx] "Console<0><Console><Console>" changed cvar (cvar "sv_maxrate") (value "108000")
L 12/23/2021 - 18:58:52: [basecommands.smx] "Console<0><Console><Console>" changed cvar (cvar "sv_mincmdrate") (value "108")
L 12/23/2021 - 18:58:52: [basecommands.smx] "Console<0><Console><Console>" changed cvar (cvar "sv_maxcmdrate") (value "108")
L 12/23/2021 - 18:58:52: [basecommands.smx] "Console<0><Console><Console>" changed cvar (cvar "sv_minupdaterate") (value "108")
L 12/23/2021 - 18:58:52: [basecommands.smx] "Console<0><Console><Console>" changed cvar (cvar "sv_maxupdaterate") (value "108")
L 12/23/2021 - 18:58:52: [basecommands.smx] "Console<0><Console><Console>" changed cvar (cvar "nb_update_frequency") (value "0.024")
L 12/23/2021 - 18:58:52: [basecommands.smx] "Console<0><Console><Console>" changed cvar (cvar "net_splitpacket_maxrate") (value "54000")
L 12/23/2021 - 18:58:52: [basecommands.smx] "Console<0><Console><Console>" changed cvar (cvar "sv_client_min_interp_ratio") (value "0")
L 12/23/2021 - 18:58:52: [basecommands.smx] "Console<0><Console><Console>" changed cvar (cvar "sv_client_max_interp_ratio") (value "2")
L 12/23/2021 - 18:58:52: [basecommands.smx] "Console<0><Console><Console>" changed cvar (cvar "fps_max") (value "200")
L 12/23/2021 - 18:58:52: [basecommands.smx] "Console<0><Console><Console>" changed cvar (cvar "mv_maxplayers") (value "16")
L 12/23/2021 - 18:58:52: [basecommands.smx] "Console<0><Console><Console>" changed cvar (cvar "sv_maxplayers") (value "16")
L 12/23/2021 - 18:58:52: [basecommands.smx] "Console<0><Console><Console>" changed cvar (cvar "sv_allowdownload") (value "1")
L 12/23/2021 - 18:58:52: [basecommands.smx] "Console<0><Console><Console>" changed cvar (cvar "l4d_nth_joininfected") (value "1")
L 12/23/2021 - 18:58:52: [basecommands.smx] "Console<0><Console><Console>" changed cvar (cvar "l4d_nth_joinsurvivors") (value "1")
L 12/23/2021 - 18:58:52: [basecommands.smx] "Console<0><Console><Console>" changed cvar (cvar "l4d_nth_kill") (value "0")
L 12/23/2021 - 18:58:52: [basecommands.smx] "Console<0><Console><Console>" changed cvar (cvar "l4d_nth_spectate") (value "1")
L 12/23/2021 - 18:58:52: [basecommands.smx] "Console<0><Console><Console>" changed cvar (cvar "l4d_nth_message") (value "0")
L 12/23/2021 - 18:58:52: [basecommands.smx] "Console<0><Console><Console>" changed cvar (cvar "l4d_nth_timerrepeat") (value "9999")
L 12/23/2021 - 18:58:52: [basecommands.smx] "Console<0><Console><Console>" changed cvar (cvar "vs_max_team_switches") (value "9999")
L 12/23/2021 - 18:58:52: [basecommands.smx] "Console<0><Console><Console>" changed cvar (cvar "mp_autoteambalance") (value "0")
L 12/23/2021 - 18:58:52: [basecommands.smx] "Console<0><Console><Console>" changed cvar (cvar "sv_unlag_fixstuck") (value "1")
L 12/23/2021 - 18:58:52: [basecommands.smx] "Console<0><Console><Console>" changed cvar (cvar "z_brawl_chance") (value "0")
L 12/23/2021 - 18:58:52: [basecommands.smx] "Console<0><Console><Console>" changed cvar (cvar "sv_maxunlag") (value "1")
L 12/23/2021 - 18:58:52: [basecommands.smx] "Console<0><Console><Console>" changed cvar (cvar "sv_forcepreload") (value "1")
L 12/23/2021 - 18:58:52: [basecommands.smx] "Console<0><Console><Console>" changed cvar (cvar "sv_client_predict") (value "1")
L 12/23/2021 - 18:58:52: [basecommands.smx] "Console<0><Console><Console>" changed cvar (cvar "sv_client_cmdrate_difference") (value "0")
L 12/23/2021 - 18:58:52: [basecommands.smx] "Console<0><Console><Console>" changed cvar (cvar "sv_max_queries_sec_global") (value "10")
L 12/23/2021 - 18:58:52: [basecommands.smx] "Console<0><Console><Console>" changed cvar (cvar "sv_max_queries_sec") (value "3")
L 12/23/2021 - 18:58:52: [basecommands.smx] "Console<0><Console><Console>" changed cvar (cvar "sv_max_queries_window") (value "10")
L 12/23/2021 - 18:58:52: [basecommands.smx] "Console<0><Console><Console>" changed cvar (cvar "sv_player_stuck_tolerance") (value "5")
L 12/23/2021 - 18:58:52: [basecommands.smx] "Console<0><Console><Console>" changed cvar (cvar "sv_stats") (value "0")
L 12/23/2021 - 18:58:52: [basecommands.smx] "Console<0><Console><Console>" changed cvar (cvar "sv_clockcorrection_msecs") (value "25")
L 12/23/2021 - 18:58:52: [basecommands.smx] "Console<0><Console><Console>" changed cvar (cvar "tank_swing_physics_prop_force") (value "3")
L 12/23/2021 - 18:59:51: [optional/kether/l4d2_skill_detect.smx] Charge carry start: 5 - 8 -- time: 59.48
L 12/23/2021 - 18:59:52: [optional/kether/l4d2_skill_detect.smx] Clear: 4 freed 8 from 5: time: 0.15 / 1.04 -- class: charger (with shove? 0)
L 12/23/2021 - 18:59:54: [optional/kether/l4d2_skill_detect.smx] Clear: 3 freed 4 from 1: time: -1.00 / 1.37 -- class: smoker (with shove? 1)
L 12/23/2021 - 18:59:54: [optional/kether/l4d2_skill_detect.smx] Checking charge victim: 5 - 8 - flags: 1 (alive? 1)
L 12/23/2021 - 19:00:28: [optional/kether/l4d2_skill_detect.smx] Clear: 3 freed 2 from 5: time: 1.08 / -1.00 -- class: jockey (with shove? 0)
L 12/23/2021 - 19:01:04: [optional/kether/l4d2_skill_detect.smx] Charge carry start: 5 - 2 -- time: 131.68
L 12/23/2021 - 19:01:08: [optional/kether/l4d2_skill_detect.smx] Checking charge victim: 5 - 2 - flags: 1 (alive? 1)
L 12/23/2021 - 19:01:08: [optional/kether/l4d2_skill_detect.smx] Clear: 8 freed 2 from 5: time: 2.53 / 4.32 -- class: charger (with shove? 0)
L 12/23/2021 - 19:01:41: [optional/kether/l4d2_skill_detect.smx] Clear: 8 freed 4 from 1: time: 0.59 / -1.00 -- class: hunter (with shove? 0)
L 12/23/2021 - 19:02:16: [optional/kether/l4d2_skill_detect.smx] Clear: 2 freed 4 from 1: time: -1.00 / 1.58 -- class: smoker (with shove? 1)
L 12/23/2021 - 19:02:25: [optional/kether/l4d2_skill_detect.smx] Clear: 4 freed 3 from 5: time: 2.81 / -1.00 -- class: jockey (with shove? 0)
L 12/23/2021 - 19:02:43: [optional/kether/l4d2_skill_detect.smx] Clear: 4 freed 8 from 1: time: -1.00 / 1.87 -- class: smoker (with shove? 0)
L 12/23/2021 - 19:04:24: [optional/kether/l4d2_skill_detect.smx] Clear: 4 freed 3 from 1: time: 0.91 / -1.00 -- class: hunter (with shove? 0)
L 12/23/2021 - 19:05:01: [optional/kether/l4d2_skill_detect.smx] Clear: 2 freed 3 from 5: time: 0.16 / 1.98 -- class: smoker (with shove? 0)
L 12/23/2021 - 19:05:40: [optional/kether/l4d2_skill_detect.smx] Clear: 8 freed 2 from 6: time: 4.28 / -1.00 -- class: jockey (with shove? 0)
L 12/23/2021 - 19:07:12: [optional/kether/l4d2_skill_detect.smx] Clear: 4 freed 8 from 7: time: -1.00 / 1.12 -- class: smoker (with shove? 0)
L 12/23/2021 - 19:07:57: [optional/kether/l4d2_skill_detect.smx] Clear: 4 freed 3 from 6: time: 1.21 / -1.00 -- class: hunter (with shove? 0)
L 12/23/2021 - 19:08:04: [optional/kether/l4d2_skill_detect.smx] Charge carry start: 1 - 8 -- time: 551.87
L 12/23/2021 - 19:08:07: [optional/kether/l4d2_skill_detect.smx] Clear: 4 freed 8 from 1: time: 1.79 / 3.11 -- class: charger (with shove? 0)
L 12/23/2021 - 19:08:07: [optional/kether/l4d2_skill_detect.smx] Checking charge victim: 1 - 8 - flags: 1 (alive? 1)
L 12/23/2021 - 19:09:46: SourceMod log file session started (file "/home/k26606_s20329/server_20329/left4dead2/addons/sourcemod/logs/L20211223.log") (Version "1.10.0.6494")
L 12/23/2021 - 19:09:46: [fixes/firebulletsfix.smx] Found offset for Weapon_ShootPosition 286
L 12/23/2021 - 19:09:48: [navmesh.smx] Found .NAV file in maps\c1m1_hotel.nav
L 12/23/2021 - 19:09:48: [navmesh.smx] Is mesh analyzed: 1
L 12/23/2021 - 19:09:48: [navmesh.smx] Nav version: 16; SubVersion: 14 (v10+); BSPSize: 32807960; MagicNumber: -17958194
L 12/23/2021 - 19:09:48: [navmesh.smx] Place count: 0
L 12/23/2021 - 19:09:48: [navmesh.smx] Has unnamed areas: true
L 12/23/2021 - 19:09:48: [navmesh.smx] Population type: c1streets
L 12/23/2021 - 19:09:48: [navmesh.smx] Area count: 1582
L 12/23/2021 - 19:09:48: [navmesh.smx] Parsed 1582 areas in 0.019672 seconds.
L 12/23/2021 - 19:09:48: [navmesh.smx] Ladder count: 0
L 12/23/2021 - 19:09:48: [basecommands.smx] "Console<0><Console><Console>" changed cvar (cvar "confogl_match_execcfg_plugins") (value "generalfixes.cfg;confogl_plugins.cfg;sharedplugins.cfg")
L 12/23/2021 - 19:09:48: [basecommands.smx] "Console<0><Console><Console>" changed cvar (cvar "l4d2_addons_eclipse") (value "0")
L 12/23/2021 - 19:09:48: [basecommands.smx] "Console<0><Console><Console>" changed cvar (cvar "sv_allow_wait_command") (value "0")
L 12/23/2021 - 19:09:48: [basecommands.smx] "Console<0><Console><Console>" changed cvar (cvar "sv_minrate") (value "108000")
L 12/23/2021 - 19:09:48: [basecommands.smx] "Console<0><Console><Console>" changed cvar (cvar "sv_maxrate") (value "108000")
L 12/23/2021 - 19:09:48: [basecommands.smx] "Console<0><Console><Console>" changed cvar (cvar "sv_mincmdrate") (value "108")
L 12/23/2021 - 19:09:48: [basecommands.smx] "Console<0><Console><Console>" changed cvar (cvar "sv_maxcmdrate") (value "108")
L 12/23/2021 - 19:09:48: [basecommands.smx] "Console<0><Console><Console>" changed cvar (cvar "sv_minupdaterate") (value "108")
L 12/23/2021 - 19:09:48: [basecommands.smx] "Console<0><Console><Console>" changed cvar (cvar "sv_maxupdaterate") (value "108")
L 12/23/2021 - 19:09:48: [basecommands.smx] "Console<0><Console><Console>" changed cvar (cvar "nb_update_frequency") (value "0.024")
L 12/23/2021 - 19:09:48: [basecommands.smx] "Console<0><Console><Console>" changed cvar (cvar "net_splitpacket_maxrate") (value "54000")
L 12/23/2021 - 19:09:48: [basecommands.smx] "Console<0><Console><Console>" changed cvar (cvar "sv_client_min_interp_ratio") (value "0")
L 12/23/2021 - 19:09:48: [basecommands.smx] "Console<0><Console><Console>" changed cvar (cvar "sv_client_max_interp_ratio") (value "2")
L 12/23/2021 - 19:09:48: [basecommands.smx] "Console<0><Console><Console>" changed cvar (cvar "fps_max") (value "200")
L 12/23/2021 - 19:09:48: [basecommands.smx] "Console<0><Console><Console>" changed cvar (cvar "mv_maxplayers") (value "16")
L 12/23/2021 - 19:09:48: [basecommands.smx] "Console<0><Console><Console>" changed cvar (cvar "sv_maxplayers") (value "16")
L 12/23/2021 - 19:09:48: [basecommands.smx] "Console<0><Console><Console>" changed cvar (cvar "sv_allowdownload") (value "1")
L 12/23/2021 - 19:09:48: [basecommands.smx] "Console<0><Console><Console>" changed cvar (cvar "vs_max_team_switches") (value "9999")
L 12/23/2021 - 19:09:48: [basecommands.smx] "Console<0><Console><Console>" changed cvar (cvar "mp_autoteambalance") (value "0")
L 12/23/2021 - 19:09:48: [basecommands.smx] "Console<0><Console><Console>" changed cvar (cvar "sv_unlag_fixstuck") (value "1")
L 12/23/2021 - 19:09:48: [basecommands.smx] "Console<0><Console><Console>" changed cvar (cvar "z_brawl_chance") (value "0")
L 12/23/2021 - 19:09:48: [basecommands.smx] "Console<0><Console><Console>" changed cvar (cvar "sv_maxunlag") (value "1")
L 12/23/2021 - 19:09:48: [basecommands.smx] "Console<0><Console><Console>" changed cvar (cvar "sv_forcepreload") (value "1")
L 12/23/2021 - 19:09:48: [basecommands.smx] "Console<0><Console><Console>" changed cvar (cvar "sv_client_predict") (value "1")
L 12/23/2021 - 19:09:48: [basecommands.smx] "Console<0><Console><Console>" changed cvar (cvar "sv_client_cmdrate_difference") (value "0")
L 12/23/2021 - 19:09:48: [basecommands.smx] "Console<0><Console><Console>" changed cvar (cvar "sv_max_queries_sec_global") (value "10")
L 12/23/2021 - 19:09:48: [basecommands.smx] "Console<0><Console><Console>" changed cvar (cvar "sv_max_queries_sec") (value "3")
L 12/23/2021 - 19:09:48: [basecommands.smx] "Console<0><Console><Console>" changed cvar (cvar "sv_max_queries_window") (value "10")
L 12/23/2021 - 19:09:48: [basecommands.smx] "Console<0><Console><Console>" changed cvar (cvar "sv_player_stuck_tolerance") (value "5")
L 12/23/2021 - 19:09:48: [basecommands.smx] "Console<0><Console><Console>" changed cvar (cvar "sv_stats") (value "0")
L 12/23/2021 - 19:09:48: [basecommands.smx] "Console<0><Console><Console>" changed cvar (cvar "sv_clockcorrection_msecs") (value "25")
L 12/23/2021 - 19:09:48: [basecommands.smx] "Console<0><Console><Console>" changed cvar (cvar "tank_swing_physics_prop_force") (value "3")
L 12/23/2021 - 19:09:48: [fixes/firebulletsfix.smx] Found offset for Weapon_ShootPosition 286
L 12/23/2021 - 19:09:54: -------- Mapchange to c10m1_caves --------
L 12/23/2021 - 19:09:56: [navmesh.smx] Found .NAV file in maps\c10m1_caves.nav
L 12/23/2021 - 19:09:56: [navmesh.smx] Is mesh analyzed: 1
L 12/23/2021 - 19:09:56: [navmesh.smx] Nav version: 16; SubVersion: 14 (v10+); BSPSize: 23285212; MagicNumber: -17958194
L 12/23/2021 - 19:09:56: [navmesh.smx] Place count: 0
L 12/23/2021 - 19:09:56: [navmesh.smx] Has unnamed areas: true
L 12/23/2021 - 19:09:56: [navmesh.smx] Population type: default_l4d1
L 12/23/2021 - 19:09:56: [navmesh.smx] Area count: 3556
L 12/23/2021 - 19:09:56: [navmesh.smx] Parsed 3556 areas in 0.249723 seconds.
L 12/23/2021 - 19:09:56: [navmesh.smx] Ladder count: 9
L 12/23/2021 - 19:09:56: [navmesh.smx] Parsed 9 ladders in 0.000048 seconds.
L 12/23/2021 - 19:09:56: [basecommands.smx] "Console<0><Console><Console>" changed cvar (cvar "confogl_match_execcfg_plugins") (value "generalfixes.cfg;confogl_plugins.cfg;sharedplugins.cfg")
L 12/23/2021 - 19:09:56: [basecommands.smx] "Console<0><Console><Console>" changed cvar (cvar "l4d2_addons_eclipse") (value "0")
L 12/23/2021 - 19:09:56: [basecommands.smx] "Console<0><Console><Console>" changed cvar (cvar "sv_allow_wait_command") (value "0")
L 12/23/2021 - 19:09:56: [basecommands.smx] "Console<0><Console><Console>" changed cvar (cvar "sv_minrate") (value "108000")
L 12/23/2021 - 19:09:56: [basecommands.smx] "Console<0><Console><Console>" changed cvar (cvar "sv_maxrate") (value "108000")
L 12/23/2021 - 19:09:56: [basecommands.smx] "Console<0><Console><Console>" changed cvar (cvar "sv_mincmdrate") (value "108")
L 12/23/2021 - 19:09:56: [basecommands.smx] "Console<0><Console><Console>" changed cvar (cvar "sv_maxcmdrate") (value "108")
L 12/23/2021 - 19:09:56: [basecommands.smx] "Console<0><Console><Console>" changed cvar (cvar "sv_minupdaterate") (value "108")
L 12/23/2021 - 19:09:56: [basecommands.smx] "Console<0><Console><Console>" changed cvar (cvar "sv_maxupdaterate") (value "108")
L 12/23/2021 - 19:09:56: [basecommands.smx] "Console<0><Console><Console>" changed cvar (cvar "nb_update_frequency") (value "0.024")
L 12/23/2021 - 19:09:56: [basecommands.smx] "Console<0><Console><Console>" changed cvar (cvar "net_splitpacket_maxrate") (value "54000")
L 12/23/2021 - 19:09:56: [basecommands.smx] "Console<0><Console><Console>" changed cvar (cvar "sv_client_min_interp_ratio") (value "0")
L 12/23/2021 - 19:09:56: [basecommands.smx] "Console<0><Console><Console>" changed cvar (cvar "sv_client_max_interp_ratio") (value "2")
L 12/23/2021 - 19:09:56: [basecommands.smx] "Console<0><Console><Console>" changed cvar (cvar "fps_max") (value "200")
L 12/23/2021 - 19:09:56: [basecommands.smx] "Console<0><Console><Console>" changed cvar (cvar "mv_maxplayers") (value "16")
L 12/23/2021 - 19:09:56: [basecommands.smx] "Console<0><Console><Console>" changed cvar (cvar "sv_maxplayers") (value "16")
L 12/23/2021 - 19:09:56: [basecommands.smx] "Console<0><Console><Console>" changed cvar (cvar "sv_allowdownload") (value "1")
L 12/23/2021 - 19:09:56: [basecommands.smx] "Console<0><Console><Console>" changed cvar (cvar "l4d_nth_joininfected") (value "1")
L 12/23/2021 - 19:09:56: [basecommands.smx] "Console<0><Console><Console>" changed cvar (cvar "l4d_nth_joinsurvivors") (value "1")
L 12/23/2021 - 19:09:56: [basecommands.smx] "Console<0><Console><Console>" changed cvar (cvar "l4d_nth_kill") (value "0")
L 12/23/2021 - 19:09:56: [basecommands.smx] "Console<0><Console><Console>" changed cvar (cvar "l4d_nth_spectate") (value "1")
L 12/23/2021 - 19:09:56: [basecommands.smx] "Console<0><Console><Console>" changed cvar (cvar "l4d_nth_message") (value "0")
L 12/23/2021 - 19:09:56: [basecommands.smx] "Console<0><Console><Console>" changed cvar (cvar "l4d_nth_timerrepeat") (value "9999")
L 12/23/2021 - 19:09:56: [basecommands.smx] "Console<0><Console><Console>" changed cvar (cvar "vs_max_team_switches") (value "9999")
L 12/23/2021 - 19:09:56: [basecommands.smx] "Console<0><Console><Console>" changed cvar (cvar "mp_autoteambalance") (value "0")
L 12/23/2021 - 19:09:56: [basecommands.smx] "Console<0><Console><Console>" changed cvar (cvar "sv_unlag_fixstuck") (value "1")
L 12/23/2021 - 19:09:56: [basecommands.smx] "Console<0><Console><Console>" changed cvar (cvar "z_brawl_chance") (value "0")
L 12/23/2021 - 19:09:56: [basecommands.smx] "Console<0><Console><Console>" changed cvar (cvar "sv_maxunlag") (value "1")
L 12/23/2021 - 19:09:56: [basecommands.smx] "Console<0><Console><Console>" changed cvar (cvar "sv_forcepreload") (value "1")
L 12/23/2021 - 19:09:56: [basecommands.smx] "Console<0><Console><Console>" changed cvar (cvar "sv_client_predict") (value "1")
L 12/23/2021 - 19:09:56: [basecommands.smx] "Console<0><Console><Console>" changed cvar (cvar "sv_client_cmdrate_difference") (value "0")
L 12/23/2021 - 19:09:56: [basecommands.smx] "Console<0><Console><Console>" changed cvar (cvar "sv_max_queries_sec_global") (value "10")
L 12/23/2021 - 19:09:56: [basecommands.smx] "Console<0><Console><Console>" changed cvar (cvar "sv_max_queries_sec") (value "3")
L 12/23/2021 - 19:09:56: [basecommands.smx] "Console<0><Console><Console>" changed cvar (cvar "sv_max_queries_window") (value "10")
L 12/23/2021 - 19:09:56: [basecommands.smx] "Console<0><Console><Console>" changed cvar (cvar "sv_player_stuck_tolerance") (value "5")
L 12/23/2021 - 19:09:56: [basecommands.smx] "Console<0><Console><Console>" changed cvar (cvar "sv_stats") (value "0")
L 12/23/2021 - 19:09:56: [basecommands.smx] "Console<0><Console><Console>" changed cvar (cvar "sv_clockcorrection_msecs") (value "25")
L 12/23/2021 - 19:09:56: [basecommands.smx] "Console<0><Console><Console>" changed cvar (cvar "tank_swing_physics_prop_force") (value "3")
L 12/23/2021 - 19:09:58: -------- Mapchange to c10m1_caves --------
L 12/23/2021 - 19:09:58: [navmesh.smx] Found .NAV file in maps\c10m1_caves.nav
L 12/23/2021 - 19:09:58: [navmesh.smx] Is mesh analyzed: 1
L 12/23/2021 - 19:09:58: [navmesh.smx] Nav version: 16; SubVersion: 14 (v10+); BSPSize: 23285212; MagicNumber: -17958194
L 12/23/2021 - 19:09:58: [navmesh.smx] Place count: 0
L 12/23/2021 - 19:09:58: [navmesh.smx] Has unnamed areas: true
L 12/23/2021 - 19:09:58: [navmesh.smx] Population type: default_l4d1
L 12/23/2021 - 19:09:58: [navmesh.smx] Area count: 3556
L 12/23/2021 - 19:09:59: [navmesh.smx] Parsed 3556 areas in 0.255984 seconds.
L 12/23/2021 - 19:09:59: [navmesh.smx] Ladder count: 9
L 12/23/2021 - 19:09:59: [navmesh.smx] Parsed 9 ladders in 0.000018 seconds.
L 12/23/2021 - 19:09:59: [basecommands.smx] "Console<0><Console><Console>" changed cvar (cvar "confogl_match_execcfg_plugins") (value "generalfixes.cfg;confogl_plugins.cfg;sharedplugins.cfg")
L 12/23/2021 - 19:09:59: [basecommands.smx] "Console<0><Console><Console>" changed cvar (cvar "l4d2_addons_eclipse") (value "0")
L 12/23/2021 - 19:09:59: [basecommands.smx] "Console<0><Console><Console>" changed cvar (cvar "sv_allow_wait_command") (value "0")
L 12/23/2021 - 19:09:59: [basecommands.smx] "Console<0><Console><Console>" changed cvar (cvar "sv_minrate") (value "108000")
L 12/23/2021 - 19:09:59: [basecommands.smx] "Console<0><Console><Console>" changed cvar (cvar "sv_maxrate") (value "108000")
L 12/23/2021 - 19:09:59: [basecommands.smx] "Console<0><Console><Console>" changed cvar (cvar "sv_mincmdrate") (value "108")
L 12/23/2021 - 19:09:59: [basecommands.smx] "Console<0><Console><Console>" changed cvar (cvar "sv_maxcmdrate") (value "108")
L 12/23/2021 - 19:09:59: [basecommands.smx] "Console<0><Console><Console>" changed cvar (cvar "sv_minupdaterate") (value "108")
L 12/23/2021 - 19:09:59: [basecommands.smx] "Console<0><Console><Console>" changed cvar (cvar "sv_maxupdaterate") (value "108")
L 12/23/2021 - 19:09:59: [basecommands.smx] "Console<0><Console><Console>" changed cvar (cvar "nb_update_frequency") (value "0.024")
L 12/23/2021 - 19:09:59: [basecommands.smx] "Console<0><Console><Console>" changed cvar (cvar "net_splitpacket_maxrate") (value "54000")
L 12/23/2021 - 19:09:59: [basecommands.smx] "Console<0><Console><Console>" changed cvar (cvar "sv_client_min_interp_ratio") (value "0")
L 12/23/2021 - 19:09:59: [basecommands.smx] "Console<0><Console><Console>" changed cvar (cvar "sv_client_max_interp_ratio") (value "2")
L 12/23/2021 - 19:09:59: [basecommands.smx] "Console<0><Console><Console>" changed cvar (cvar "fps_max") (value "200")
L 12/23/2021 - 19:09:59: [basecommands.smx] "Console<0><Console><Console>" changed cvar (cvar "mv_maxplayers") (value "16")
L 12/23/2021 - 19:09:59: [basecommands.smx] "Console<0><Console><Console>" changed cvar (cvar "sv_maxplayers") (value "16")
L 12/23/2021 - 19:09:59: [basecommands.smx] "Console<0><Console><Console>" changed cvar (cvar "sv_allowdownload") (value "1")
L 12/23/2021 - 19:09:59: [basecommands.smx] "Console<0><Console><Console>" changed cvar (cvar "l4d_nth_joininfected") (value "1")
L 12/23/2021 - 19:09:59: [basecommands.smx] "Console<0><Console><Console>" changed cvar (cvar "l4d_nth_joinsurvivors") (value "1")
L 12/23/2021 - 19:09:59: [basecommands.smx] "Console<0><Console><Console>" changed cvar (cvar "l4d_nth_kill") (value "0")
L 12/23/2021 - 19:09:59: [basecommands.smx] "Console<0><Console><Console>" changed cvar (cvar "l4d_nth_spectate") (value "1")
L 12/23/2021 - 19:09:59: [basecommands.smx] "Console<0><Console><Console>" changed cvar (cvar "l4d_nth_message") (value "0")
L 12/23/2021 - 19:09:59: [basecommands.smx] "Console<0><Console><Console>" changed cvar (cvar "l4d_nth_timerrepeat") (value "9999")
L 12/23/2021 - 19:09:59: [basecommands.smx] "Console<0><Console><Console>" changed cvar (cvar "vs_max_team_switches") (value "9999")
L 12/23/2021 - 19:09:59: [basecommands.smx] "Console<0><Console><Console>" changed cvar (cvar "mp_autoteambalance") (value "0")
L 12/23/2021 - 19:09:59: [basecommands.smx] "Console<0><Console><Console>" changed cvar (cvar "sv_unlag_fixstuck") (value "1")
L 12/23/2021 - 19:09:59: [basecommands.smx] "Console<0><Console><Console>" changed cvar (cvar "z_brawl_chance") (value "0")
L 12/23/2021 - 19:09:59: [basecommands.smx] "Console<0><Console><Console>" changed cvar (cvar "sv_maxunlag") (value "1")
L 12/23/2021 - 19:09:59: [basecommands.smx] "Console<0><Console><Console>" changed cvar (cvar "sv_forcepreload") (value "1")
L 12/23/2021 - 19:09:59: [basecommands.smx] "Console<0><Console><Console>" changed cvar (cvar "sv_client_predict") (value "1")
L 12/23/2021 - 19:09:59: [basecommands.smx] "Console<0><Console><Console>" changed cvar (cvar "sv_client_cmdrate_difference") (value "0")
L 12/23/2021 - 19:09:59: [basecommands.smx] "Console<0><Console><Console>" changed cvar (cvar "sv_max_queries_sec_global") (value "10")
L 12/23/2021 - 19:09:59: [basecommands.smx] "Console<0><Console><Console>" changed cvar (cvar "sv_max_queries_sec") (value "3")
L 12/23/2021 - 19:09:59: [basecommands.smx] "Console<0><Console><Console>" changed cvar (cvar "sv_max_queries_window") (value "10")
L 12/23/2021 - 19:09:59: [basecommands.smx] "Console<0><Console><Console>" changed cvar (cvar "sv_player_stuck_tolerance") (value "5")
L 12/23/2021 - 19:09:59: [basecommands.smx] "Console<0><Console><Console>" changed cvar (cvar "sv_stats") (value "0")
L 12/23/2021 - 19:09:59: [basecommands.smx] "Console<0><Console><Console>" changed cvar (cvar "sv_clockcorrection_msecs") (value "25")
L 12/23/2021 - 19:09:59: [basecommands.smx] "Console<0><Console><Console>" changed cvar (cvar "tank_swing_physics_prop_force") (value "3")
L 12/23/2021 - 19:21:42: [optional/kether/autopause.smx] [AutoPause] Player STEAM_1:0:79174393 left the game with -704.324096 time until spawn.
L 12/23/2021 - 19:22:22: [optional/kether/autopause.smx] [AutoPause] Player STEAM_1:0:187655491 left the game with -744.805541 time until spawn.
L 12/23/2021 - 19:22:25: [optional/kether/autopause.smx] [AutoPause] Player STEAM_1:0:502489007 left the game with -747.611145 time until spawn.
L 12/23/2021 - 19:22:39: SourceMod log file session started (file "/home/k26606_s20329/server_20329/left4dead2/addons/sourcemod/logs/L20211223.log") (Version "1.10.0.6494")
L 12/23/2021 - 19:22:39: [fixes/firebulletsfix.smx] Found offset for Weapon_ShootPosition 286
L 12/23/2021 - 19:22:40: [navmesh.smx] Found .NAV file in maps\c1m1_hotel.nav
L 12/23/2021 - 19:22:40: [navmesh.smx] Is mesh analyzed: 1
L 12/23/2021 - 19:22:40: [navmesh.smx] Nav version: 16; SubVersion: 14 (v10+); BSPSize: 32807960; MagicNumber: -17958194
L 12/23/2021 - 19:22:40: [navmesh.smx] Place count: 0
L 12/23/2021 - 19:22:40: [navmesh.smx] Has unnamed areas: true
L 12/23/2021 - 19:22:40: [navmesh.smx] Population type: c1streets
L 12/23/2021 - 19:22:40: [navmesh.smx] Area count: 1582
L 12/23/2021 - 19:22:40: [navmesh.smx] Parsed 1582 areas in 0.017929 seconds.
L 12/23/2021 - 19:22:40: [navmesh.smx] Ladder count: 0
L 12/23/2021 - 19:22:41: [basecommands.smx] "Console<0><Console><Console>" changed cvar (cvar "confogl_match_execcfg_plugins") (value "generalfixes.cfg;confogl_plugins.cfg;sharedplugins.cfg")
L 12/23/2021 - 19:22:41: [basecommands.smx] "Console<0><Console><Console>" changed cvar (cvar "l4d2_addons_eclipse") (value "0")
L 12/23/2021 - 19:22:41: [basecommands.smx] "Console<0><Console><Console>" changed cvar (cvar "sv_allow_wait_command") (value "0")
L 12/23/2021 - 19:22:41: [basecommands.smx] "Console<0><Console><Console>" changed cvar (cvar "sv_minrate") (value "108000")
L 12/23/2021 - 19:22:41: [basecommands.smx] "Console<0><Console><Console>" changed cvar (cvar "sv_maxrate") (value "108000")
L 12/23/2021 - 19:22:41: [basecommands.smx] "Console<0><Console><Console>" changed cvar (cvar "sv_mincmdrate") (value "108")
L 12/23/2021 - 19:22:41: [basecommands.smx] "Console<0><Console><Console>" changed cvar (cvar "sv_maxcmdrate") (value "108")
L 12/23/2021 - 19:22:41: [basecommands.smx] "Console<0><Console><Console>" changed cvar (cvar "sv_minupdaterate") (value "108")
L 12/23/2021 - 19:22:41: [basecommands.smx] "Console<0><Console><Console>" changed cvar (cvar "sv_maxupdaterate") (value "108")
L 12/23/2021 - 19:22:41: [basecommands.smx] "Console<0><Console><Console>" changed cvar (cvar "nb_update_frequency") (value "0.024")
L 12/23/2021 - 19:22:41: [basecommands.smx] "Console<0><Console><Console>" changed cvar (cvar "net_splitpacket_maxrate") (value "54000")
L 12/23/2021 - 19:22:41: [basecommands.smx] "Console<0><Console><Console>" changed cvar (cvar "sv_client_min_interp_ratio") (value "0")
L 12/23/2021 - 19:22:41: [basecommands.smx] "Console<0><Console><Console>" changed cvar (cvar "sv_client_max_interp_ratio") (value "2")
L 12/23/2021 - 19:22:41: [basecommands.smx] "Console<0><Console><Console>" changed cvar (cvar "fps_max") (value "200")
L 12/23/2021 - 19:22:41: [basecommands.smx] "Console<0><Console><Console>" changed cvar (cvar "mv_maxplayers") (value "16")
L 12/23/2021 - 19:22:41: [basecommands.smx] "Console<0><Console><Console>" changed cvar (cvar "sv_maxplayers") (value "16")
L 12/23/2021 - 19:22:41: [basecommands.smx] "Console<0><Console><Console>" changed cvar (cvar "sv_allowdownload") (value "1")
L 12/23/2021 - 19:22:41: [basecommands.smx] "Console<0><Console><Console>" changed cvar (cvar "vs_max_team_switches") (value "9999")
L 12/23/2021 - 19:22:41: [basecommands.smx] "Console<0><Console><Console>" changed cvar (cvar "mp_autoteambalance") (value "0")
L 12/23/2021 - 19:22:41: [basecommands.smx] "Console<0><Console><Console>" changed cvar (cvar "sv_unlag_fixstuck") (value "1")
L 12/23/2021 - 19:22:41: [basecommands.smx] "Console<0><Console><Console>" changed cvar (cvar "z_brawl_chance") (value "0")
L 12/23/2021 - 19:22:41: [basecommands.smx] "Console<0><Console><Console>" changed cvar (cvar "sv_maxunlag") (value "1")
L 12/23/2021 - 19:22:41: [basecommands.smx] "Console<0><Console><Console>" changed cvar (cvar "sv_forcepreload") (value "1")
L 12/23/2021 - 19:22:41: [basecommands.smx] "Console<0><Console><Console>" changed cvar (cvar "sv_client_predict") (value "1")
L 12/23/2021 - 19:22:41: [basecommands.smx] "Console<0><Console><Console>" changed cvar (cvar "sv_client_cmdrate_difference") (value "0")
L 12/23/2021 - 19:22:41: [basecommands.smx] "Console<0><Console><Console>" changed cvar (cvar "sv_max_queries_sec_global") (value "10")
L 12/23/2021 - 19:22:41: [basecommands.smx] "Console<0><Console><Console>" changed cvar (cvar "sv_max_queries_sec") (value "3")
L 12/23/2021 - 19:22:41: [basecommands.smx] "Console<0><Console><Console>" changed cvar (cvar "sv_max_queries_window") (value "10")
L 12/23/2021 - 19:22:41: [basecommands.smx] "Console<0><Console><Console>" changed cvar (cvar "sv_player_stuck_tolerance") (value "5")
L 12/23/2021 - 19:22:41: [basecommands.smx] "Console<0><Console><Console>" changed cvar (cvar "sv_stats") (value "0")
L 12/23/2021 - 19:22:41: [basecommands.smx] "Console<0><Console><Console>" changed cvar (cvar "sv_clockcorrection_msecs") (value "25")
L 12/23/2021 - 19:22:41: [basecommands.smx] "Console<0><Console><Console>" changed cvar (cvar "tank_swing_physics_prop_force") (value "3")
L 12/23/2021 - 19:22:41: [fixes/firebulletsfix.smx] Found offset for Weapon_ShootPosition 286
L 12/23/2021 - 19:22:45: -------- Mapchange to c1m1_hotel --------
L 12/23/2021 - 19:22:46: [basecommands.smx] "Console<0><Console><Console>" changed cvar (cvar "confogl_match_execcfg_plugins") (value "generalfixes.cfg;confogl_plugins.cfg;sharedplugins.cfg")
L 12/23/2021 - 19:22:46: [basecommands.smx] "Console<0><Console><Console>" changed cvar (cvar "l4d2_addons_eclipse") (value "0")
L 12/23/2021 - 19:22:46: [basecommands.smx] "Console<0><Console><Console>" changed cvar (cvar "sv_allow_wait_command") (value "0")
L 12/23/2021 - 19:22:46: [basecommands.smx] "Console<0><Console><Console>" changed cvar (cvar "sv_minrate") (value "108000")
L 12/23/2021 - 19:22:46: [basecommands.smx] "Console<0><Console><Console>" changed cvar (cvar "sv_maxrate") (value "108000")
L 12/23/2021 - 19:22:46: [basecommands.smx] "Console<0><Console><Console>" changed cvar (cvar "sv_mincmdrate") (value "108")
L 12/23/2021 - 19:22:46: [basecommands.smx] "Console<0><Console><Console>" changed cvar (cvar "sv_maxcmdrate") (value "108")
L 12/23/2021 - 19:22:46: [basecommands.smx] "Console<0><Console><Console>" changed cvar (cvar "sv_minupdaterate") (value "108")
L 12/23/2021 - 19:22:46: [basecommands.smx] "Console<0><Console><Console>" changed cvar (cvar "sv_maxupdaterate") (value "108")
L 12/23/2021 - 19:22:46: [basecommands.smx] "Console<0><Console><Console>" changed cvar (cvar "nb_update_frequency") (value "0.024")
L 12/23/2021 - 19:22:46: [basecommands.smx] "Console<0><Console><Console>" changed cvar (cvar "net_splitpacket_maxrate") (value "54000")
L 12/23/2021 - 19:22:46: [basecommands.smx] "Console<0><Console><Console>" changed cvar (cvar "sv_client_min_interp_ratio") (value "0")
L 12/23/2021 - 19:22:46: [basecommands.smx] "Console<0><Console><Console>" changed cvar (cvar "sv_client_max_interp_ratio") (value "2")
L 12/23/2021 - 19:22:46: [basecommands.smx] "Console<0><Console><Console>" changed cvar (cvar "fps_max") (value "200")
L 12/23/2021 - 19:22:46: [basecommands.smx] "Console<0><Console><Console>" changed cvar (cvar "mv_maxplayers") (value "16")
L 12/23/2021 - 19:22:46: [basecommands.smx] "Console<0><Console><Console>" changed cvar (cvar "sv_maxplayers") (value "16")
L 12/23/2021 - 19:22:46: [basecommands.smx] "Console<0><Console><Console>" changed cvar (cvar "sv_allowdownload") (value "1")
L 12/23/2021 - 19:22:46: [basecommands.smx] "Console<0><Console><Console>" changed cvar (cvar "l4d_nth_joininfected") (value "1")
L 12/23/2021 - 19:22:46: [basecommands.smx] "Console<0><Console><Console>" changed cvar (cvar "l4d_nth_joinsurvivors") (value "1")
L 12/23/2021 - 19:22:46: [basecommands.smx] "Console<0><Console><Console>" changed cvar (cvar "l4d_nth_kill") (value "0")
L 12/23/2021 - 19:22:46: [basecommands.smx] "Console<0><Console><Console>" changed cvar (cvar "l4d_nth_spectate") (value "1")
L 12/23/2021 - 19:22:46: [basecommands.smx] "Console<0><Console><Console>" changed cvar (cvar "l4d_nth_message") (value "0")
L 12/23/2021 - 19:22:46: [basecommands.smx] "Console<0><Console><Console>" changed cvar (cvar "l4d_nth_timerrepeat") (value "9999")
L 12/23/2021 - 19:22:46: [basecommands.smx] "Console<0><Console><Console>" changed cvar (cvar "vs_max_team_switches") (value "9999")
L 12/23/2021 - 19:22:46: [basecommands.smx] "Console<0><Console><Console>" changed cvar (cvar "mp_autoteambalance") (value "0")
L 12/23/2021 - 19:22:46: [basecommands.smx] "Console<0><Console><Console>" changed cvar (cvar "sv_unlag_fixstuck") (value "1")
L 12/23/2021 - 19:22:46: [basecommands.smx] "Console<0><Console><Console>" changed cvar (cvar "z_brawl_chance") (value "0")
L 12/23/2021 - 19:22:46: [basecommands.smx] "Console<0><Console><Console>" changed cvar (cvar "sv_maxunlag") (value "1")
L 12/23/2021 - 19:22:46: [basecommands.smx] "Console<0><Console><Console>" changed cvar (cvar "sv_forcepreload") (value "1")
L 12/23/2021 - 19:22:46: [basecommands.smx] "Console<0><Console><Console>" changed cvar (cvar "sv_client_predict") (value "1")
L 12/23/2021 - 19:22:46: [basecommands.smx] "Console<0><Console><Console>" changed cvar (cvar "sv_client_cmdrate_difference") (value "0")
L 12/23/2021 - 19:22:46: [basecommands.smx] "Console<0><Console><Console>" changed cvar (cvar "sv_max_queries_sec_global") (value "10")
L 12/23/2021 - 19:22:46: [basecommands.smx] "Console<0><Console><Console>" changed cvar (cvar "sv_max_queries_sec") (value "3")
L 12/23/2021 - 19:22:46: [basecommands.smx] "Console<0><Console><Console>" changed cvar (cvar "sv_max_queries_window") (value "10")
L 12/23/2021 - 19:22:46: [basecommands.smx] "Console<0><Console><Console>" changed cvar (cvar "sv_player_stuck_tolerance") (value "5")
L 12/23/2021 - 19:22:46: [basecommands.smx] "Console<0><Console><Console>" changed cvar (cvar "sv_stats") (value "0")
L 12/23/2021 - 19:22:46: [basecommands.smx] "Console<0><Console><Console>" changed cvar (cvar "sv_clockcorrection_msecs") (value "25")
L 12/23/2021 - 19:22:46: [basecommands.smx] "Console<0><Console><Console>" changed cvar (cvar "tank_swing_physics_prop_force") (value "3")
