L 12/30/2021 - 19:57:07: SourceMod log file session started (file "/home/k26606_s20329/server_20329/left4dead2/addons/sourcemod/logs/L20211230.log") (Version "1.10.0.6494")
L 12/30/2021 - 19:57:07: [basecommands.smx] "Console<0><Console><Console>" changed cvar (cvar "confogl_match_execcfg_plugins") (value "generalfixes.cfg;confogl_plugins.cfg;sharedplugins.cfg")
L 12/30/2021 - 19:57:07: [basecommands.smx] "Console<0><Console><Console>" changed cvar (cvar "l4d2_addons_eclipse") (value "0")
L 12/30/2021 - 19:57:07: [basecommands.smx] "Console<0><Console><Console>" changed cvar (cvar "sv_allow_wait_command") (value "0")
L 12/30/2021 - 19:57:07: [basecommands.smx] "Console<0><Console><Console>" changed cvar (cvar "sv_minrate") (value "108000")
L 12/30/2021 - 19:57:07: [basecommands.smx] "Console<0><Console><Console>" changed cvar (cvar "sv_maxrate") (value "108000")
L 12/30/2021 - 19:57:07: [basecommands.smx] "Console<0><Console><Console>" changed cvar (cvar "sv_mincmdrate") (value "108")
L 12/30/2021 - 19:57:07: [basecommands.smx] "Console<0><Console><Console>" changed cvar (cvar "sv_maxcmdrate") (value "108")
L 12/30/2021 - 19:57:07: [basecommands.smx] "Console<0><Console><Console>" changed cvar (cvar "sv_minupdaterate") (value "108")
L 12/30/2021 - 19:57:07: [basecommands.smx] "Console<0><Console><Console>" changed cvar (cvar "sv_maxupdaterate") (value "108")
L 12/30/2021 - 19:57:07: [basecommands.smx] "Console<0><Console><Console>" changed cvar (cvar "nb_update_frequency") (value "0.024")
L 12/30/2021 - 19:57:07: [basecommands.smx] "Console<0><Console><Console>" changed cvar (cvar "net_splitpacket_maxrate") (value "54000")
L 12/30/2021 - 19:57:07: [basecommands.smx] "Console<0><Console><Console>" changed cvar (cvar "sv_client_min_interp_ratio") (value "0")
L 12/30/2021 - 19:57:07: [basecommands.smx] "Console<0><Console><Console>" changed cvar (cvar "sv_client_max_interp_ratio") (value "2")
L 12/30/2021 - 19:57:07: [basecommands.smx] "Console<0><Console><Console>" changed cvar (cvar "fps_max") (value "200")
L 12/30/2021 - 19:57:07: [basecommands.smx] "Console<0><Console><Console>" changed cvar (cvar "mv_maxplayers") (value "16")
L 12/30/2021 - 19:57:07: [basecommands.smx] "Console<0><Console><Console>" changed cvar (cvar "sv_maxplayers") (value "16")
L 12/30/2021 - 19:57:07: [basecommands.smx] "Console<0><Console><Console>" changed cvar (cvar "sv_allowdownload") (value "1")
L 12/30/2021 - 19:57:07: [basecommands.smx] "Console<0><Console><Console>" changed cvar (cvar "l4d_nth_joininfected") (value "1")
L 12/30/2021 - 19:57:07: [basecommands.smx] "Console<0><Console><Console>" changed cvar (cvar "l4d_nth_joinsurvivors") (value "1")
L 12/30/2021 - 19:57:07: [basecommands.smx] "Console<0><Console><Console>" changed cvar (cvar "l4d_nth_kill") (value "0")
L 12/30/2021 - 19:57:07: [basecommands.smx] "Console<0><Console><Console>" changed cvar (cvar "l4d_nth_spectate") (value "1")
L 12/30/2021 - 19:57:07: [basecommands.smx] "Console<0><Console><Console>" changed cvar (cvar "l4d_nth_message") (value "0")
L 12/30/2021 - 19:57:07: [basecommands.smx] "Console<0><Console><Console>" changed cvar (cvar "l4d_nth_timerrepeat") (value "9999")
L 12/30/2021 - 19:57:07: [basecommands.smx] "Console<0><Console><Console>" changed cvar (cvar "vs_max_team_switches") (value "9999")
L 12/30/2021 - 19:57:07: [basecommands.smx] "Console<0><Console><Console>" changed cvar (cvar "mp_autoteambalance") (value "0")
L 12/30/2021 - 19:57:07: [basecommands.smx] "Console<0><Console><Console>" changed cvar (cvar "sv_unlag_fixstuck") (value "1")
L 12/30/2021 - 19:57:07: [basecommands.smx] "Console<0><Console><Console>" changed cvar (cvar "z_brawl_chance") (value "0")
L 12/30/2021 - 19:57:07: [basecommands.smx] "Console<0><Console><Console>" changed cvar (cvar "sv_maxunlag") (value "1")
L 12/30/2021 - 19:57:07: [basecommands.smx] "Console<0><Console><Console>" changed cvar (cvar "sv_forcepreload") (value "1")
L 12/30/2021 - 19:57:07: [basecommands.smx] "Console<0><Console><Console>" changed cvar (cvar "sv_client_predict") (value "1")
L 12/30/2021 - 19:57:07: [basecommands.smx] "Console<0><Console><Console>" changed cvar (cvar "sv_client_cmdrate_difference") (value "0")
L 12/30/2021 - 19:57:07: [basecommands.smx] "Console<0><Console><Console>" changed cvar (cvar "sv_max_queries_sec_global") (value "10")
L 12/30/2021 - 19:57:07: [basecommands.smx] "Console<0><Console><Console>" changed cvar (cvar "sv_max_queries_sec") (value "3")
L 12/30/2021 - 19:57:07: [basecommands.smx] "Console<0><Console><Console>" changed cvar (cvar "sv_max_queries_window") (value "10")
L 12/30/2021 - 19:57:07: [basecommands.smx] "Console<0><Console><Console>" changed cvar (cvar "sv_player_stuck_tolerance") (value "5")
L 12/30/2021 - 19:57:07: [basecommands.smx] "Console<0><Console><Console>" changed cvar (cvar "sv_stats") (value "0")
L 12/30/2021 - 19:57:07: [basecommands.smx] "Console<0><Console><Console>" changed cvar (cvar "sv_clockcorrection_msecs") (value "25")
L 12/30/2021 - 19:57:07: [basecommands.smx] "Console<0><Console><Console>" changed cvar (cvar "tank_swing_physics_prop_force") (value "3")
L 12/30/2021 - 20:06:31: [optional/kether/l4d2_skill_detect.smx] Charge carry start: 2 - 1 -- time: 564.49
L 12/30/2021 - 20:06:32: [optional/kether/l4d2_skill_detect.smx] Clear: 6 freed 3 from 9: time: -1.00 / 0.60 -- class: smoker (with shove? 0)
L 12/30/2021 - 20:06:36: [optional/kether/l4d2_skill_detect.smx] Checking charge victim: 2 - 7 - flags: 0 (alive? 1)
L 12/30/2021 - 20:06:37: [optional/kether/l4d2_skill_detect.smx] Checking charge victim: 2 - 1 - flags: 1 (alive? 1)
L 12/30/2021 - 20:06:38: [optional/kether/l4d2_skill_detect.smx] Clear: 7 freed 1 from 2: time: 3.37 / 6.86 -- class: charger (with shove? 0)
L 12/30/2021 - 20:06:41: [optional/kether/l4d2_skill_detect.smx] Clear: 6 freed 7 from 9: time: 1.22 / 2.73 -- class: smoker (with shove? 0)
L 12/30/2021 - 20:07:27: [optional/kether/l4d2_skill_detect.smx] Clear: 1 freed 6 from 2: time: 1.40 / -1.00 -- class: hunter (with shove? 1)
L 12/30/2021 - 20:08:22: [optional/kether/l4d2_skill_detect.smx] Clear: 1 freed 3 from 2: time: 0.99 / -1.00 -- class: jockey (with shove? 1)
L 12/30/2021 - 20:09:01: [optional/kether/l4d2_skill_detect.smx] Clear: 6 freed 1 from 9: time: 2.63 / -1.00 -- class: hunter (with shove? 0)
L 12/30/2021 - 20:09:07: [optional/kether/l4d2_skill_detect.smx] Clear: 6 freed 7 from 4: time: 2.88 / -1.00 -- class: jockey (with shove? 0)
L 12/30/2021 - 20:09:36: [optional/kether/l4d2_skill_detect.smx] Clear: 1 freed 7 from 2: time: -1.00 / 1.46 -- class: smoker (with shove? 0)
L 12/30/2021 - 20:09:49: [optional/kether/l4d2_skill_detect.smx] Clear: 6 freed 7 from 4: time: 3.45 / -1.00 -- class: hunter (with shove? 0)
L 12/30/2021 - 20:11:13: [optional/kether/l4d2_skill_detect.smx] Charge carry start: 9 - 3 -- time: 846.16
L 12/30/2021 - 20:11:16: [optional/kether/l4d2_skill_detect.smx] Checking charge victim: 9 - 3 - flags: 1 (alive? 1)
L 12/30/2021 - 20:11:16: [optional/kether/l4d2_skill_detect.smx] Clear: 1 freed 3 from 9: time: 2.49 / 3.28 -- class: charger (with shove? 0)
L 12/30/2021 - 20:11:36: [optional/kether/l4d2_skill_detect.smx] calarm trigger: caller 841 / activator 841 / delay: 0.00
L 12/30/2021 - 20:11:49: [optional/kether/l4d2_skill_detect.smx] Clear: 7 freed 1 from 9: time: 2.35 / -1.00 -- class: jockey (with shove? 0)
L 12/30/2021 - 20:11:56: [optional/kether/l4d2_skill_detect.smx] Clear: 7 freed 3 from 4: time: 3.24 / -1.00 -- class: hunter (with shove? 0)
L 12/30/2021 - 20:12:16: [optional/kether/l4d2_skill_detect.smx] Charge carry start: 2 - 6 -- time: 909.22
L 12/30/2021 - 20:12:19: [optional/kether/l4d2_skill_detect.smx] Checking charge victim: 2 - 6 - flags: 1 (alive? 1)
L 12/30/2021 - 20:12:21: [optional/kether/l4d2_skill_detect.smx] Clear: 7 freed 6 from 2: time: 3.74 / 4.83 -- class: charger (with shove? 0)
L 12/30/2021 - 20:12:33: [optional/kether/l4d2_skill_detect.smx] Clear: 6 freed 7 from 9: time: 0.14 / 1.65 -- class: smoker (with shove? 1)
L 12/30/2021 - 20:13:06: [optional/kether/l4d2_skill_detect.smx] Witch Crown Check: crown shot: 959, harrassed: 0 (full health: 1000 / drawthresh: 500 / oneshot 1)
L 12/30/2021 - 20:13:16: [optional/kether/l4d2_skill_detect.smx] Charge carry start: 9 - 7 -- time: 969.37
L 12/30/2021 - 20:13:21: [optional/kether/l4d2_skill_detect.smx] Checking charge victim: 9 - 7 - flags: 1 (alive? 1)
L 12/30/2021 - 20:16:40: [optional/kether/l4d2_skill_detect.smx] Clear: 4 freed 8 from 6: time: 1.93 / -1.00 -- class: hunter (with shove? 1)
L 12/30/2021 - 20:17:13: [optional/kether/l4d2_skill_detect.smx] Clear: 9 freed 4 from 6: time: 4.55 / -1.00 -- class: jockey (with shove? 0)
L 12/30/2021 - 20:17:56: [optional/kether/l4d2_skill_detect.smx] Clear: 2 freed 8 from 6: time: 3.18 / -1.00 -- class: hunter (with shove? 0)
L 12/30/2021 - 20:18:40: [optional/kether/l4d2_skill_detect.smx] Clear: 8 freed 9 from 1: time: 1.10 / -1.00 -- class: hunter (with shove? 0)
L 12/30/2021 - 20:18:43: [optional/kether/l4d2_skill_detect.smx] Clear: 4 freed 9 from 6: time: 1.30 / -1.00 -- class: jockey (with shove? 0)
L 12/30/2021 - 20:19:16: [optional/kether/l4d2_skill_detect.smx] Clear: 9 freed 4 from 6: time: 1.73 / -1.00 -- class: hunter (with shove? 1)
L 12/30/2021 - 20:19:19: [optional/kether/l4d2_skill_detect.smx] Charge carry start: 3 - 4 -- time: 1331.68
L 12/30/2021 - 20:19:22: [optional/kether/l4d2_skill_detect.smx] Clear: 2 freed 4 from 3: time: 0.91 / 3.44 -- class: charger (with shove? 0)
L 12/30/2021 - 20:19:23: [optional/kether/l4d2_skill_detect.smx] Checking charge victim: 3 - 4 - flags: 1 (alive? 1)
L 12/30/2021 - 20:19:59: [optional/kether/l4d2_skill_detect.smx] Clear: 2 freed 8 from 7: time: 1.41 / -1.00 -- class: hunter (with shove? 0)
L 12/30/2021 - 20:20:04: [optional/kether/l4d2_skill_detect.smx] Clear: 2 freed 9 from 1: time: 0.56 / -1.00 -- class: jockey (with shove? 0)
L 12/30/2021 - 20:20:24: [optional/kether/l4d2_skill_detect.smx] Charge carry start: 6 - 8 -- time: 1396.96
L 12/30/2021 - 20:20:24: [optional/kether/l4d2_skill_detect.smx] Clear: 8 freed 8 from 6: time: 0.00 / 0.05 -- class: charger (with shove? 0)
L 12/30/2021 - 20:20:27: [optional/kether/l4d2_skill_detect.smx] Checking charge victim: 6 - 8 - flags: 1 (alive? 1)
L 12/30/2021 - 20:20:42: [optional/kether/l4d2_skill_detect.smx] Clear: 9 freed 2 from 1: time: 3.43 / -1.00 -- class: hunter (with shove? 0)
L 12/30/2021 - 20:21:08: [optional/kether/l4d2_skill_detect.smx] Clear: 2 freed 9 from 7: time: -1.00 / 1.45 -- class: smoker (with shove? 0)
L 12/30/2021 - 20:21:09: [optional/kether/l4d2_skill_detect.smx] Clear: 2 freed 4 from 3: time: 0.89 / -1.00 -- class: jockey (with shove? 0)
L 12/30/2021 - 20:21:13: [optional/kether/l4d2_skill_detect.smx] Witch Crown Check: Failed: bungled: 1 / crowntype: 0 (entity: 570)
L 12/30/2021 - 20:21:13: [optional/kether/l4d2_skill_detect.smx] Witch Crown Check: Further details: attacker: vathariel, attacker dmg: 534, teamless dmg: 0
L 12/30/2021 - 20:21:22: [optional/kether/l4d2_skill_detect.smx] Clear: 2 freed 8 from 7: time: -1.00 / 0.64 -- class: smoker (with shove? 0)
L 12/30/2021 - 20:21:37: [optional/kether/l4d2_skill_detect.smx] Charge carry start: 1 - 4 -- time: 1469.52
L 12/30/2021 - 20:21:40: [optional/kether/l4d2_skill_detect.smx] Checking charge victim: 1 - 4 - flags: 1 (alive? 1)
L 12/30/2021 - 20:21:40: [optional/kether/l4d2_skill_detect.smx] Clear: 9 freed 4 from 1: time: 2.32 / 3.85 -- class: charger (with shove? 0)
L 12/30/2021 - 20:22:26: -------- Mapchange to c2m2_fairgrounds --------
L 12/30/2021 - 20:22:28: [basecommands.smx] "Console<0><Console><Console>" changed cvar (cvar "confogl_match_execcfg_plugins") (value "generalfixes.cfg;confogl_plugins.cfg;sharedplugins.cfg")
L 12/30/2021 - 20:22:28: [basecommands.smx] "Console<0><Console><Console>" changed cvar (cvar "l4d2_addons_eclipse") (value "0")
L 12/30/2021 - 20:22:28: [basecommands.smx] "Console<0><Console><Console>" changed cvar (cvar "sv_allow_wait_command") (value "0")
L 12/30/2021 - 20:22:28: [basecommands.smx] "Console<0><Console><Console>" changed cvar (cvar "sv_minrate") (value "108000")
L 12/30/2021 - 20:22:28: [basecommands.smx] "Console<0><Console><Console>" changed cvar (cvar "sv_maxrate") (value "108000")
L 12/30/2021 - 20:22:28: [basecommands.smx] "Console<0><Console><Console>" changed cvar (cvar "sv_mincmdrate") (value "108")
L 12/30/2021 - 20:22:28: [basecommands.smx] "Console<0><Console><Console>" changed cvar (cvar "sv_maxcmdrate") (value "108")
L 12/30/2021 - 20:22:28: [basecommands.smx] "Console<0><Console><Console>" changed cvar (cvar "sv_minupdaterate") (value "108")
L 12/30/2021 - 20:22:28: [basecommands.smx] "Console<0><Console><Console>" changed cvar (cvar "sv_maxupdaterate") (value "108")
L 12/30/2021 - 20:22:28: [basecommands.smx] "Console<0><Console><Console>" changed cvar (cvar "nb_update_frequency") (value "0.024")
L 12/30/2021 - 20:22:28: [basecommands.smx] "Console<0><Console><Console>" changed cvar (cvar "net_splitpacket_maxrate") (value "54000")
L 12/30/2021 - 20:22:28: [basecommands.smx] "Console<0><Console><Console>" changed cvar (cvar "sv_client_min_interp_ratio") (value "0")
L 12/30/2021 - 20:22:28: [basecommands.smx] "Console<0><Console><Console>" changed cvar (cvar "sv_client_max_interp_ratio") (value "2")
L 12/30/2021 - 20:22:28: [basecommands.smx] "Console<0><Console><Console>" changed cvar (cvar "fps_max") (value "200")
L 12/30/2021 - 20:22:28: [basecommands.smx] "Console<0><Console><Console>" changed cvar (cvar "mv_maxplayers") (value "16")
L 12/30/2021 - 20:22:28: [basecommands.smx] "Console<0><Console><Console>" changed cvar (cvar "sv_maxplayers") (value "16")
L 12/30/2021 - 20:22:28: [basecommands.smx] "Console<0><Console><Console>" changed cvar (cvar "sv_allowdownload") (value "1")
L 12/30/2021 - 20:22:28: [basecommands.smx] "Console<0><Console><Console>" changed cvar (cvar "l4d_nth_joininfected") (value "1")
L 12/30/2021 - 20:22:28: [basecommands.smx] "Console<0><Console><Console>" changed cvar (cvar "l4d_nth_joinsurvivors") (value "1")
L 12/30/2021 - 20:22:28: [basecommands.smx] "Console<0><Console><Console>" changed cvar (cvar "l4d_nth_kill") (value "0")
L 12/30/2021 - 20:22:28: [basecommands.smx] "Console<0><Console><Console>" changed cvar (cvar "l4d_nth_spectate") (value "1")
L 12/30/2021 - 20:22:28: [basecommands.smx] "Console<0><Console><Console>" changed cvar (cvar "l4d_nth_message") (value "0")
L 12/30/2021 - 20:22:28: [basecommands.smx] "Console<0><Console><Console>" changed cvar (cvar "l4d_nth_timerrepeat") (value "9999")
L 12/30/2021 - 20:22:28: [basecommands.smx] "Console<0><Console><Console>" changed cvar (cvar "vs_max_team_switches") (value "9999")
L 12/30/2021 - 20:22:28: [basecommands.smx] "Console<0><Console><Console>" changed cvar (cvar "mp_autoteambalance") (value "0")
L 12/30/2021 - 20:22:28: [basecommands.smx] "Console<0><Console><Console>" changed cvar (cvar "sv_unlag_fixstuck") (value "1")
L 12/30/2021 - 20:22:28: [basecommands.smx] "Console<0><Console><Console>" changed cvar (cvar "z_brawl_chance") (value "0")
L 12/30/2021 - 20:22:28: [basecommands.smx] "Console<0><Console><Console>" changed cvar (cvar "sv_maxunlag") (value "1")
L 12/30/2021 - 20:22:28: [basecommands.smx] "Console<0><Console><Console>" changed cvar (cvar "sv_forcepreload") (value "1")
L 12/30/2021 - 20:22:28: [basecommands.smx] "Console<0><Console><Console>" changed cvar (cvar "sv_client_predict") (value "1")
L 12/30/2021 - 20:22:28: [basecommands.smx] "Console<0><Console><Console>" changed cvar (cvar "sv_client_cmdrate_difference") (value "0")
L 12/30/2021 - 20:22:28: [basecommands.smx] "Console<0><Console><Console>" changed cvar (cvar "sv_max_queries_sec_global") (value "10")
L 12/30/2021 - 20:22:28: [basecommands.smx] "Console<0><Console><Console>" changed cvar (cvar "sv_max_queries_sec") (value "3")
L 12/30/2021 - 20:22:28: [basecommands.smx] "Console<0><Console><Console>" changed cvar (cvar "sv_max_queries_window") (value "10")
L 12/30/2021 - 20:22:28: [basecommands.smx] "Console<0><Console><Console>" changed cvar (cvar "sv_player_stuck_tolerance") (value "5")
L 12/30/2021 - 20:22:28: [basecommands.smx] "Console<0><Console><Console>" changed cvar (cvar "sv_stats") (value "0")
L 12/30/2021 - 20:22:28: [basecommands.smx] "Console<0><Console><Console>" changed cvar (cvar "sv_clockcorrection_msecs") (value "25")
L 12/30/2021 - 20:22:28: [basecommands.smx] "Console<0><Console><Console>" changed cvar (cvar "tank_swing_physics_prop_force") (value "3")
L 12/30/2021 - 20:23:57: [optional/kether/l4d2_skill_detect.smx] Charge carry start: 3 - 2 -- time: 89.78
L 12/30/2021 - 20:24:00: [optional/kether/l4d2_skill_detect.smx] Checking charge victim: 3 - 2 - flags: 1 (alive? 1)
L 12/30/2021 - 20:24:03: [optional/kether/l4d2_skill_detect.smx] Clear: 4 freed 8 from 6: time: -1.00 / 1.37 -- class: smoker (with shove? 1)
L 12/30/2021 - 20:24:04: [optional/kether/l4d2_skill_detect.smx] Clear: 2 freed 9 from 7: time: 8.15 / -1.00 -- class: jockey (with shove? 1)
L 12/30/2021 - 20:24:42: [optional/kether/l4d2_skill_detect.smx] Charge carry start: 6 - 9 -- time: 134.28
L 12/30/2021 - 20:24:42: [optional/kether/l4d2_skill_detect.smx] Clear: 8 freed 4 from 1: time: 1.98 / -1.00 -- class: hunter (with shove? 0)
L 12/30/2021 - 20:24:47: [optional/kether/l4d2_skill_detect.smx] Checking charge victim: 6 - 9 - flags: 1 (alive? 1)
L 12/30/2021 - 20:25:20: [optional/kether/l4d2_skill_detect.smx] Clear: 8 freed 4 from 7: time: 1.13 / -1.00 -- class: jockey (with shove? 0)
L 12/30/2021 - 20:25:24: [optional/kether/l4d2_skill_detect.smx] Clear: 4 freed 9 from 3: time: 1.43 / -1.00 -- class: hunter (with shove? 0)
L 12/30/2021 - 20:25:32: [optional/kether/l4d2_skill_detect.smx] Clear: 8 freed 4 from 1: time: 0.79 / 2.81 -- class: smoker (with shove? 1)
L 12/30/2021 - 20:26:13: [optional/kether/l4d2_skill_detect.smx] Witch Crown Check: Failed: bungled: 1 / crowntype: 0 (entity: 500)
L 12/30/2021 - 20:26:13: [optional/kether/l4d2_skill_detect.smx] Witch Crown Check: Further details: attacker: AlLaDyN, attacker dmg: 387, teamless dmg: 0
L 12/30/2021 - 20:26:16: [optional/kether/l4d2_skill_detect.smx] Charge carry start: 7 - 9 -- time: 228.43
L 12/30/2021 - 20:26:17: [optional/kether/l4d2_skill_detect.smx] Clear: 2 freed 9 from 7: time: 0.05 / 1.21 -- class: charger (with shove? 0)
L 12/30/2021 - 20:26:18: [optional/kether/l4d2_skill_detect.smx] Clear: 2 freed 8 from 1: time: 1.07 / -1.00 -- class: jockey (with shove? 0)
L 12/30/2021 - 20:26:19: [optional/kether/l4d2_skill_detect.smx] Checking charge victim: 7 - 9 - flags: 1 (alive? 1)
L 12/30/2021 - 20:27:01: [optional/kether/l4d2_skill_detect.smx] Clear: 4 freed 2 from 1: time: 0.88 / -1.00 -- class: hunter (with shove? 0)
L 12/30/2021 - 20:27:07: [optional/kether/l4d2_skill_detect.smx] Charge carry start: 3 - 8 -- time: 279.86
L 12/30/2021 - 20:27:07: [optional/kether/l4d2_skill_detect.smx] Clear: 9 freed 8 from 3: time: 0.00 / 0.25 -- class: charger (with shove? 0)
L 12/30/2021 - 20:27:10: [optional/kether/l4d2_skill_detect.smx] Checking charge victim: 3 - 8 - flags: 1 (alive? 1)
L 12/30/2021 - 20:27:45: [optional/kether/l4d2_skill_detect.smx] Clear: 2 freed 4 from 6: time: 0.87 / -1.00 -- class: hunter (with shove? 0)
L 12/30/2021 - 20:28:20: [optional/kether/l4d2_skill_detect.smx] Charge carry start: 3 - 2 -- time: 352.71
L 12/30/2021 - 20:28:23: [optional/kether/l4d2_skill_detect.smx] Clear: 9 freed 2 from 3: time: 1.21 / 3.00 -- class: charger (with shove? 0)
L 12/30/2021 - 20:28:24: [optional/kether/l4d2_skill_detect.smx] Checking charge victim: 3 - 2 - flags: 1 (alive? 1)
L 12/30/2021 - 20:28:48: [optional/kether/l4d2_skill_detect.smx] Clear: 9 freed 8 from 7: time: -1.00 / 0.98 -- class: smoker (with shove? 0)
L 12/30/2021 - 20:29:52: [optional/kether/l4d2_skill_detect.smx] Clear: 7 freed 1 from 4: time: -1.00 / 0.75 -- class: smoker (with shove? 0)
L 12/30/2021 - 20:29:56: [optional/kether/l4d2_skill_detect.smx] Clear: 3 freed 1 from 2: time: 1.76 / -1.00 -- class: jockey (with shove? 0)
L 12/30/2021 - 20:30:35: [optional/kether/l4d2_skill_detect.smx] Clear: 3 freed 7 from 4: time: -1.00 / 1.78 -- class: smoker (with shove? 0)
L 12/30/2021 - 20:30:37: [optional/kether/l4d2_skill_detect.smx] Charge carry start: 2 - 3 -- time: 489.28
L 12/30/2021 - 20:30:38: [optional/kether/l4d2_skill_detect.smx] Clear: 1 freed 6 from 8: time: 3.61 / -1.00 -- class: hunter (with shove? 0)
L 12/30/2021 - 20:30:40: [optional/kether/l4d2_skill_detect.smx] Checking charge victim: 2 - 3 - flags: 1 (alive? 1)
L 12/30/2021 - 20:30:40: [optional/kether/l4d2_skill_detect.smx] Checking charge victim: 2 - 7 - flags: 0 (alive? 1)
L 12/30/2021 - 20:30:41: [optional/kether/l4d2_skill_detect.smx] Clear: 7 freed 3 from 2: time: 3.36 / 4.46 -- class: charger (with shove? 0)
L 12/30/2021 - 20:31:19: [optional/kether/l4d2_skill_detect.smx] Clear: 3 freed 7 from 4: time: 1.16 / -1.00 -- class: jockey (with shove? 0)
L 12/30/2021 - 20:31:43: [optional/kether/l4d2_skill_detect.smx] Witch Crown Check: crown shot: 905, harrassed: 0 (full health: 1000 / drawthresh: 500 / oneshot 1)
L 12/30/2021 - 20:31:52: [optional/kether/l4d2_skill_detect.smx] Clear: 3 freed 6 from 8: time: -1.00 / 0.62 -- class: smoker (with shove? 0)
L 12/30/2021 - 20:32:00: [optional/kether/l4d2_skill_detect.smx] Clear: 1 freed 7 from 2: time: 0.87 / -1.00 -- class: hunter (with shove? 0)
L 12/30/2021 - 20:32:04: [optional/kether/l4d2_skill_detect.smx] Charge carry start: 4 - 3 -- time: 576.51
L 12/30/2021 - 20:32:08: [optional/kether/l4d2_skill_detect.smx] Checking charge victim: 4 - 3 - flags: 1 (alive? 1)
L 12/30/2021 - 20:32:09: [optional/kether/l4d2_skill_detect.smx] Clear: 7 freed 3 from 4: time: 3.33 / 4.60 -- class: charger (with shove? 0)
L 12/30/2021 - 20:33:00: [optional/kether/l4d2_skill_detect.smx] Clear: 3 freed 7 from 8: time: 1.28 / -1.00 -- class: hunter (with shove? 0)
L 12/30/2021 - 20:34:16: [optional/kether/l4d2_skill_detect.smx] Charge carry start: 9 - 3 -- time: 708.71
L 12/30/2021 - 20:34:19: [optional/kether/l4d2_skill_detect.smx] Clear: 7 freed 3 from 9: time: 0.80 / 3.01 -- class: charger (with shove? 0)
L 12/30/2021 - 20:34:20: [optional/kether/l4d2_skill_detect.smx] Checking charge victim: 9 - 3 - flags: 1 (alive? 1)
L 12/30/2021 - 20:34:27: [optional/kether/l4d2_skill_detect.smx] Clear: 3 freed 1 from 4: time: 10.35 / -1.00 -- class: hunter (with shove? 0)
L 12/30/2021 - 20:35:02: -------- Mapchange to c2m3_coaster --------
L 12/30/2021 - 20:35:03: [basecommands.smx] "Console<0><Console><Console>" changed cvar (cvar "confogl_match_execcfg_plugins") (value "generalfixes.cfg;confogl_plugins.cfg;sharedplugins.cfg")
L 12/30/2021 - 20:35:03: [basecommands.smx] "Console<0><Console><Console>" changed cvar (cvar "l4d2_addons_eclipse") (value "0")
L 12/30/2021 - 20:35:03: [basecommands.smx] "Console<0><Console><Console>" changed cvar (cvar "sv_allow_wait_command") (value "0")
L 12/30/2021 - 20:35:03: [basecommands.smx] "Console<0><Console><Console>" changed cvar (cvar "sv_minrate") (value "108000")
L 12/30/2021 - 20:35:03: [basecommands.smx] "Console<0><Console><Console>" changed cvar (cvar "sv_maxrate") (value "108000")
L 12/30/2021 - 20:35:03: [basecommands.smx] "Console<0><Console><Console>" changed cvar (cvar "sv_mincmdrate") (value "108")
L 12/30/2021 - 20:35:03: [basecommands.smx] "Console<0><Console><Console>" changed cvar (cvar "sv_maxcmdrate") (value "108")
L 12/30/2021 - 20:35:03: [basecommands.smx] "Console<0><Console><Console>" changed cvar (cvar "sv_minupdaterate") (value "108")
L 12/30/2021 - 20:35:03: [basecommands.smx] "Console<0><Console><Console>" changed cvar (cvar "sv_maxupdaterate") (value "108")
L 12/30/2021 - 20:35:03: [basecommands.smx] "Console<0><Console><Console>" changed cvar (cvar "nb_update_frequency") (value "0.024")
L 12/30/2021 - 20:35:03: [basecommands.smx] "Console<0><Console><Console>" changed cvar (cvar "net_splitpacket_maxrate") (value "54000")
L 12/30/2021 - 20:35:03: [basecommands.smx] "Console<0><Console><Console>" changed cvar (cvar "sv_client_min_interp_ratio") (value "0")
L 12/30/2021 - 20:35:03: [basecommands.smx] "Console<0><Console><Console>" changed cvar (cvar "sv_client_max_interp_ratio") (value "2")
L 12/30/2021 - 20:35:03: [basecommands.smx] "Console<0><Console><Console>" changed cvar (cvar "fps_max") (value "200")
L 12/30/2021 - 20:35:03: [basecommands.smx] "Console<0><Console><Console>" changed cvar (cvar "mv_maxplayers") (value "16")
L 12/30/2021 - 20:35:03: [basecommands.smx] "Console<0><Console><Console>" changed cvar (cvar "sv_maxplayers") (value "16")
L 12/30/2021 - 20:35:03: [basecommands.smx] "Console<0><Console><Console>" changed cvar (cvar "sv_allowdownload") (value "1")
L 12/30/2021 - 20:35:03: [basecommands.smx] "Console<0><Console><Console>" changed cvar (cvar "l4d_nth_joininfected") (value "1")
L 12/30/2021 - 20:35:03: [basecommands.smx] "Console<0><Console><Console>" changed cvar (cvar "l4d_nth_joinsurvivors") (value "1")
L 12/30/2021 - 20:35:03: [basecommands.smx] "Console<0><Console><Console>" changed cvar (cvar "l4d_nth_kill") (value "0")
L 12/30/2021 - 20:35:03: [basecommands.smx] "Console<0><Console><Console>" changed cvar (cvar "l4d_nth_spectate") (value "1")
L 12/30/2021 - 20:35:03: [basecommands.smx] "Console<0><Console><Console>" changed cvar (cvar "l4d_nth_message") (value "0")
L 12/30/2021 - 20:35:03: [basecommands.smx] "Console<0><Console><Console>" changed cvar (cvar "l4d_nth_timerrepeat") (value "9999")
L 12/30/2021 - 20:35:03: [basecommands.smx] "Console<0><Console><Console>" changed cvar (cvar "vs_max_team_switches") (value "9999")
L 12/30/2021 - 20:35:03: [basecommands.smx] "Console<0><Console><Console>" changed cvar (cvar "mp_autoteambalance") (value "0")
L 12/30/2021 - 20:35:03: [basecommands.smx] "Console<0><Console><Console>" changed cvar (cvar "sv_unlag_fixstuck") (value "1")
L 12/30/2021 - 20:35:03: [basecommands.smx] "Console<0><Console><Console>" changed cvar (cvar "z_brawl_chance") (value "0")
L 12/30/2021 - 20:35:03: [basecommands.smx] "Console<0><Console><Console>" changed cvar (cvar "sv_maxunlag") (value "1")
L 12/30/2021 - 20:35:03: [basecommands.smx] "Console<0><Console><Console>" changed cvar (cvar "sv_forcepreload") (value "1")
L 12/30/2021 - 20:35:03: [basecommands.smx] "Console<0><Console><Console>" changed cvar (cvar "sv_client_predict") (value "1")
L 12/30/2021 - 20:35:03: [basecommands.smx] "Console<0><Console><Console>" changed cvar (cvar "sv_client_cmdrate_difference") (value "0")
L 12/30/2021 - 20:35:03: [basecommands.smx] "Console<0><Console><Console>" changed cvar (cvar "sv_max_queries_sec_global") (value "10")
L 12/30/2021 - 20:35:03: [basecommands.smx] "Console<0><Console><Console>" changed cvar (cvar "sv_max_queries_sec") (value "3")
L 12/30/2021 - 20:35:03: [basecommands.smx] "Console<0><Console><Console>" changed cvar (cvar "sv_max_queries_window") (value "10")
L 12/30/2021 - 20:35:03: [basecommands.smx] "Console<0><Console><Console>" changed cvar (cvar "sv_player_stuck_tolerance") (value "5")
L 12/30/2021 - 20:35:03: [basecommands.smx] "Console<0><Console><Console>" changed cvar (cvar "sv_stats") (value "0")
L 12/30/2021 - 20:35:03: [basecommands.smx] "Console<0><Console><Console>" changed cvar (cvar "sv_clockcorrection_msecs") (value "25")
L 12/30/2021 - 20:35:03: [basecommands.smx] "Console<0><Console><Console>" changed cvar (cvar "tank_swing_physics_prop_force") (value "3")
L 12/30/2021 - 20:36:57: [optional/kether/l4d2_skill_detect.smx] Clear: 2 freed 9 from 1: time: -1.00 / 2.09 -- class: smoker (with shove? 0)
L 12/30/2021 - 20:37:21: [optional/kether/l4d2_skill_detect.smx] Clear: 8 freed 4 from 1: time: 3.38 / 5.78 -- class: smoker (with shove? 1)
L 12/30/2021 - 20:37:26: [optional/kether/l4d2_skill_detect.smx] Clear: 4 freed 9 from 3: time: 1.11 / -1.00 -- class: hunter (with shove? 0)
L 12/30/2021 - 20:37:41: [optional/kether/l4d2_skill_detect.smx] Clear: 4 freed 2 from 1: time: -1.00 / 0.53 -- class: smoker (with shove? 0)
L 12/30/2021 - 20:38:03: [optional/kether/l4d2_skill_detect.smx] Charge carry start: 6 - 4 -- time: 180.06
L 12/30/2021 - 20:38:06: [optional/kether/l4d2_skill_detect.smx] Clear: 2 freed 4 from 6: time: 1.47 / 2.45 -- class: charger (with shove? 0)
L 12/30/2021 - 20:38:06: [optional/kether/l4d2_skill_detect.smx] Checking charge victim: 6 - 4 - flags: 1 (alive? 1)
L 12/30/2021 - 20:38:15: [optional/kether/l4d2_skill_detect.smx] Clear: 8 freed 9 from 1: time: 1.08 / -1.00 -- class: hunter (with shove? 0)
L 12/30/2021 - 20:38:46: [optional/kether/l4d2_skill_detect.smx] Charge carry start: 1 - 4 -- time: 222.87
L 12/30/2021 - 20:38:47: [optional/kether/l4d2_skill_detect.smx] Clear: 9 freed 4 from 1: time: 0.28 / 1.63 -- class: charger (with shove? 0)
L 12/30/2021 - 20:38:49: [optional/kether/l4d2_skill_detect.smx] Clear: 8 freed 9 from 6: time: -1.00 / 0.76 -- class: smoker (with shove? 0)
L 12/30/2021 - 20:38:49: [optional/kether/l4d2_skill_detect.smx] Checking charge victim: 1 - 4 - flags: 1 (alive? 1)
L 12/30/2021 - 20:39:24: [optional/kether/l4d2_skill_detect.smx] Clear: 8 freed 4 from 7: time: 2.98 / -1.00 -- class: hunter (with shove? 0)
L 12/30/2021 - 20:39:27: [optional/kether/l4d2_skill_detect.smx] Clear: 8 freed 4 from 3: time: -1.00 / 1.48 -- class: smoker (with shove? 1)
L 12/30/2021 - 20:40:05: [optional/kether/l4d2_skill_detect.smx] Clear: 8 freed 2 from 3: time: 1.80 / -1.00 -- class: hunter (with shove? 0)
L 12/30/2021 - 20:40:07: [optional/kether/l4d2_skill_detect.smx] Clear: 2 freed 8 from 1: time: 1.83 / -1.00 -- class: jockey (with shove? 0)
L 12/30/2021 - 20:40:34: [optional/kether/l4d2_skill_detect.smx] Charge carry start: 3 - 9 -- time: 330.87
L 12/30/2021 - 20:40:37: [optional/kether/l4d2_skill_detect.smx] Clear: 8 freed 9 from 3: time: 1.47 / 3.16 -- class: charger (with shove? 0)
L 12/30/2021 - 20:40:38: [optional/kether/l4d2_skill_detect.smx] Checking charge victim: 3 - 9 - flags: 1 (alive? 1)
L 12/30/2021 - 20:40:38: [optional/kether/l4d2_skill_detect.smx] Checking charge victim: 3 - 2 - flags: 0 (alive? 1)
L 12/30/2021 - 20:40:47: [optional/kether/l4d2_skill_detect.smx] Clear: 8 freed 9 from 7: time: 0.25 / 3.99 -- class: smoker (with shove? 0)
L 12/30/2021 - 20:43:25: [optional/kether/l4d2_skill_detect.smx] Charge carry start: 8 - 6 -- time: 502.29
L 12/30/2021 - 20:43:28: [optional/kether/l4d2_skill_detect.smx] Clear: 7 freed 6 from 8: time: 0.94 / 2.24 -- class: charger (with shove? 0)
L 12/30/2021 - 20:43:29: [optional/kether/l4d2_skill_detect.smx] Checking charge victim: 8 - 6 - flags: 1 (alive? 1)
L 12/30/2021 - 20:44:04: [optional/kether/l4d2_skill_detect.smx] Clear: 6 freed 1 from 2: time: 0.74 / -1.00 -- class: hunter (with shove? 0)
L 12/30/2021 - 20:44:07: [optional/kether/l4d2_skill_detect.smx] Clear: 6 freed 7 from 8: time: -1.00 / 1.51 -- class: smoker (with shove? 0)
L 12/30/2021 - 20:44:55: [optional/kether/l4d2_skill_detect.smx] Clear: 6 freed 3 from 4: time: 5.45 / -1.00 -- class: jockey (with shove? 0)
L 12/30/2021 - 20:44:55: [optional/kether/l4d2_skill_detect.smx] Charge carry start: 2 - 7 -- time: 592.13
L 12/30/2021 - 20:44:58: [optional/kether/l4d2_skill_detect.smx] Checking charge victim: 2 - 7 - flags: 1 (alive? 1)
L 12/30/2021 - 20:45:02: [optional/kether/l4d2_skill_detect.smx] Clear: 1 freed 7 from 2: time: 5.29 / 6.44 -- class: charger (with shove? 0)
L 12/30/2021 - 20:46:06: [optional/kether/l4d2_skill_detect.smx] Clear: 1 freed 6 from 2: time: 1.35 / -1.00 -- class: hunter (with shove? 1)
L 12/30/2021 - 20:46:11: [playercommands.smx] "Muha<22><STEAM_1:0:187655491><>" slayed "Muha<22><STEAM_1:0:187655491><>"
L 12/30/2021 - 20:46:38: -------- Mapchange to c2m4_barns --------
L 12/30/2021 - 20:46:39: [basecommands.smx] "Console<0><Console><Console>" changed cvar (cvar "confogl_match_execcfg_plugins") (value "generalfixes.cfg;confogl_plugins.cfg;sharedplugins.cfg")
L 12/30/2021 - 20:46:39: [basecommands.smx] "Console<0><Console><Console>" changed cvar (cvar "l4d2_addons_eclipse") (value "0")
L 12/30/2021 - 20:46:39: [basecommands.smx] "Console<0><Console><Console>" changed cvar (cvar "sv_allow_wait_command") (value "0")
L 12/30/2021 - 20:46:39: [basecommands.smx] "Console<0><Console><Console>" changed cvar (cvar "sv_minrate") (value "108000")
L 12/30/2021 - 20:46:39: [basecommands.smx] "Console<0><Console><Console>" changed cvar (cvar "sv_maxrate") (value "108000")
L 12/30/2021 - 20:46:39: [basecommands.smx] "Console<0><Console><Console>" changed cvar (cvar "sv_mincmdrate") (value "108")
L 12/30/2021 - 20:46:39: [basecommands.smx] "Console<0><Console><Console>" changed cvar (cvar "sv_maxcmdrate") (value "108")
L 12/30/2021 - 20:46:39: [basecommands.smx] "Console<0><Console><Console>" changed cvar (cvar "sv_minupdaterate") (value "108")
L 12/30/2021 - 20:46:39: [basecommands.smx] "Console<0><Console><Console>" changed cvar (cvar "sv_maxupdaterate") (value "108")
L 12/30/2021 - 20:46:39: [basecommands.smx] "Console<0><Console><Console>" changed cvar (cvar "nb_update_frequency") (value "0.024")
L 12/30/2021 - 20:46:39: [basecommands.smx] "Console<0><Console><Console>" changed cvar (cvar "net_splitpacket_maxrate") (value "54000")
L 12/30/2021 - 20:46:39: [basecommands.smx] "Console<0><Console><Console>" changed cvar (cvar "sv_client_min_interp_ratio") (value "0")
L 12/30/2021 - 20:46:39: [basecommands.smx] "Console<0><Console><Console>" changed cvar (cvar "sv_client_max_interp_ratio") (value "2")
L 12/30/2021 - 20:46:39: [basecommands.smx] "Console<0><Console><Console>" changed cvar (cvar "fps_max") (value "200")
L 12/30/2021 - 20:46:39: [basecommands.smx] "Console<0><Console><Console>" changed cvar (cvar "mv_maxplayers") (value "16")
L 12/30/2021 - 20:46:39: [basecommands.smx] "Console<0><Console><Console>" changed cvar (cvar "sv_maxplayers") (value "16")
L 12/30/2021 - 20:46:39: [basecommands.smx] "Console<0><Console><Console>" changed cvar (cvar "sv_allowdownload") (value "1")
L 12/30/2021 - 20:46:39: [basecommands.smx] "Console<0><Console><Console>" changed cvar (cvar "l4d_nth_joininfected") (value "1")
L 12/30/2021 - 20:46:39: [basecommands.smx] "Console<0><Console><Console>" changed cvar (cvar "l4d_nth_joinsurvivors") (value "1")
L 12/30/2021 - 20:46:39: [basecommands.smx] "Console<0><Console><Console>" changed cvar (cvar "l4d_nth_kill") (value "0")
L 12/30/2021 - 20:46:39: [basecommands.smx] "Console<0><Console><Console>" changed cvar (cvar "l4d_nth_spectate") (value "1")
L 12/30/2021 - 20:46:39: [basecommands.smx] "Console<0><Console><Console>" changed cvar (cvar "l4d_nth_message") (value "0")
L 12/30/2021 - 20:46:39: [basecommands.smx] "Console<0><Console><Console>" changed cvar (cvar "l4d_nth_timerrepeat") (value "9999")
L 12/30/2021 - 20:46:39: [basecommands.smx] "Console<0><Console><Console>" changed cvar (cvar "vs_max_team_switches") (value "9999")
L 12/30/2021 - 20:46:39: [basecommands.smx] "Console<0><Console><Console>" changed cvar (cvar "mp_autoteambalance") (value "0")
L 12/30/2021 - 20:46:39: [basecommands.smx] "Console<0><Console><Console>" changed cvar (cvar "sv_unlag_fixstuck") (value "1")
L 12/30/2021 - 20:46:39: [basecommands.smx] "Console<0><Console><Console>" changed cvar (cvar "z_brawl_chance") (value "0")
L 12/30/2021 - 20:46:39: [basecommands.smx] "Console<0><Console><Console>" changed cvar (cvar "sv_maxunlag") (value "1")
L 12/30/2021 - 20:46:39: [basecommands.smx] "Console<0><Console><Console>" changed cvar (cvar "sv_forcepreload") (value "1")
L 12/30/2021 - 20:46:39: [basecommands.smx] "Console<0><Console><Console>" changed cvar (cvar "sv_client_predict") (value "1")
L 12/30/2021 - 20:46:39: [basecommands.smx] "Console<0><Console><Console>" changed cvar (cvar "sv_client_cmdrate_difference") (value "0")
L 12/30/2021 - 20:46:39: [basecommands.smx] "Console<0><Console><Console>" changed cvar (cvar "sv_max_queries_sec_global") (value "10")
L 12/30/2021 - 20:46:39: [basecommands.smx] "Console<0><Console><Console>" changed cvar (cvar "sv_max_queries_sec") (value "3")
L 12/30/2021 - 20:46:39: [basecommands.smx] "Console<0><Console><Console>" changed cvar (cvar "sv_max_queries_window") (value "10")
L 12/30/2021 - 20:46:39: [basecommands.smx] "Console<0><Console><Console>" changed cvar (cvar "sv_player_stuck_tolerance") (value "5")
L 12/30/2021 - 20:46:39: [basecommands.smx] "Console<0><Console><Console>" changed cvar (cvar "sv_stats") (value "0")
L 12/30/2021 - 20:46:39: [basecommands.smx] "Console<0><Console><Console>" changed cvar (cvar "sv_clockcorrection_msecs") (value "25")
L 12/30/2021 - 20:46:39: [basecommands.smx] "Console<0><Console><Console>" changed cvar (cvar "tank_swing_physics_prop_force") (value "3")
L 12/30/2021 - 20:48:37: [optional/kether/l4d2_skill_detect.smx] Clear: 8 freed 9 from 1: time: 2.84 / -1.00 -- class: hunter (with shove? 0)
L 12/30/2021 - 20:49:14: [optional/kether/l4d2_skill_detect.smx] Charge carry start: 7 - 8 -- time: 155.19
L 12/30/2021 - 20:49:19: [optional/kether/l4d2_skill_detect.smx] Checking charge victim: 7 - 8 - flags: 1 (alive? 1)
L 12/30/2021 - 20:49:23: [optional/kether/l4d2_skill_detect.smx] Clear: 8 freed 2 from 5: time: -1.00 / 1.43 -- class: smoker (with shove? 1)
L 12/30/2021 - 20:50:06: [optional/kether/l4d2_skill_detect.smx] Charge carry start: 6 - 4 -- time: 206.87
L 12/30/2021 - 20:50:08: [optional/kether/l4d2_skill_detect.smx] Clear: 8 freed 4 from 6: time: 1.72 / 2.50 -- class: charger (with shove? 0)
L 12/30/2021 - 20:50:09: [optional/kether/l4d2_skill_detect.smx] Checking charge victim: 6 - 4 - flags: 1 (alive? 1)
L 12/30/2021 - 20:50:27: [optional/kether/l4d2_skill_detect.smx] Clear: 4 freed 8 from 7: time: 3.00 / -1.00 -- class: jockey (with shove? 0)
L 12/30/2021 - 20:50:29: [optional/kether/l4d2_skill_detect.smx] Clear: 2 freed 9 from 1: time: 9.41 / 9.42 -- class: smoker (with shove? 0)
L 12/30/2021 - 20:50:47: [optional/kether/l4d2_skill_detect.smx] Clear: 8 freed 2 from 1: time: -1.00 / 1.37 -- class: smoker (with shove? 0)
L 12/30/2021 - 20:51:50: [optional/kether/l4d2_skill_detect.smx] Clear: 4 freed 8 from 6: time: 1.58 / -1.00 -- class: hunter (with shove? 0)
L 12/30/2021 - 20:54:48: [optional/kether/l4d2_skill_detect.smx] Clear: 5 freed 6 from 2: time: -1.00 / 0.37 -- class: smoker (with shove? 0)
L 12/30/2021 - 20:56:00: [optional/kether/l4d2_skill_detect.smx] Clear: 7 freed 6 from 8: time: 1.02 / -1.00 -- class: jockey (with shove? 0)
L 12/30/2021 - 20:56:06: [optional/kether/l4d2_skill_detect.smx] Charge carry start: 4 - 6 -- time: 566.73
L 12/30/2021 - 20:56:08: [optional/kether/l4d2_skill_detect.smx] Clear: 5 freed 6 from 12: time: -1.00 / 569.11 -- class: charger (with shove? 0)
L 12/30/2021 - 20:56:09: [optional/kether/l4d2_skill_detect.smx] Checking charge victim: 4 - 7 - flags: 0 (alive? 1)
L 12/30/2021 - 20:56:09: [optional/kether/l4d2_skill_detect.smx] Checking charge victim: 4 - 6 - flags: 1 (alive? 1)
L 12/30/2021 - 20:57:11: [optional/kether/l4d2_skill_detect.smx] Clear: 1 freed 6 from 9: time: 1.52 / -1.00 -- class: hunter (with shove? 0)
L 12/30/2021 - 20:58:12: [optional/kether/l4d2_skill_detect.smx] Clear: 1 freed 5 from 2: time: 4.52 / -1.00 -- class: hunter (with shove? 0)
L 12/30/2021 - 20:59:11: -------- Mapchange to c2m5_concert --------
L 12/30/2021 - 20:59:12: [basecommands.smx] "Console<0><Console><Console>" changed cvar (cvar "confogl_match_execcfg_plugins") (value "generalfixes.cfg;confogl_plugins.cfg;sharedplugins.cfg")
L 12/30/2021 - 20:59:12: [basecommands.smx] "Console<0><Console><Console>" changed cvar (cvar "l4d2_addons_eclipse") (value "0")
L 12/30/2021 - 20:59:12: [basecommands.smx] "Console<0><Console><Console>" changed cvar (cvar "sv_allow_wait_command") (value "0")
L 12/30/2021 - 20:59:12: [basecommands.smx] "Console<0><Console><Console>" changed cvar (cvar "sv_minrate") (value "108000")
L 12/30/2021 - 20:59:12: [basecommands.smx] "Console<0><Console><Console>" changed cvar (cvar "sv_maxrate") (value "108000")
L 12/30/2021 - 20:59:12: [basecommands.smx] "Console<0><Console><Console>" changed cvar (cvar "sv_mincmdrate") (value "108")
L 12/30/2021 - 20:59:12: [basecommands.smx] "Console<0><Console><Console>" changed cvar (cvar "sv_maxcmdrate") (value "108")
L 12/30/2021 - 20:59:12: [basecommands.smx] "Console<0><Console><Console>" changed cvar (cvar "sv_minupdaterate") (value "108")
L 12/30/2021 - 20:59:12: [basecommands.smx] "Console<0><Console><Console>" changed cvar (cvar "sv_maxupdaterate") (value "108")
L 12/30/2021 - 20:59:12: [basecommands.smx] "Console<0><Console><Console>" changed cvar (cvar "nb_update_frequency") (value "0.024")
L 12/30/2021 - 20:59:12: [basecommands.smx] "Console<0><Console><Console>" changed cvar (cvar "net_splitpacket_maxrate") (value "54000")
L 12/30/2021 - 20:59:12: [basecommands.smx] "Console<0><Console><Console>" changed cvar (cvar "sv_client_min_interp_ratio") (value "0")
L 12/30/2021 - 20:59:12: [basecommands.smx] "Console<0><Console><Console>" changed cvar (cvar "sv_client_max_interp_ratio") (value "2")
L 12/30/2021 - 20:59:12: [basecommands.smx] "Console<0><Console><Console>" changed cvar (cvar "fps_max") (value "200")
L 12/30/2021 - 20:59:12: [basecommands.smx] "Console<0><Console><Console>" changed cvar (cvar "mv_maxplayers") (value "16")
L 12/30/2021 - 20:59:12: [basecommands.smx] "Console<0><Console><Console>" changed cvar (cvar "sv_maxplayers") (value "16")
L 12/30/2021 - 20:59:12: [basecommands.smx] "Console<0><Console><Console>" changed cvar (cvar "sv_allowdownload") (value "1")
L 12/30/2021 - 20:59:12: [basecommands.smx] "Console<0><Console><Console>" changed cvar (cvar "l4d_nth_joininfected") (value "1")
L 12/30/2021 - 20:59:12: [basecommands.smx] "Console<0><Console><Console>" changed cvar (cvar "l4d_nth_joinsurvivors") (value "1")
L 12/30/2021 - 20:59:12: [basecommands.smx] "Console<0><Console><Console>" changed cvar (cvar "l4d_nth_kill") (value "0")
L 12/30/2021 - 20:59:12: [basecommands.smx] "Console<0><Console><Console>" changed cvar (cvar "l4d_nth_spectate") (value "1")
L 12/30/2021 - 20:59:12: [basecommands.smx] "Console<0><Console><Console>" changed cvar (cvar "l4d_nth_message") (value "0")
L 12/30/2021 - 20:59:12: [basecommands.smx] "Console<0><Console><Console>" changed cvar (cvar "l4d_nth_timerrepeat") (value "9999")
L 12/30/2021 - 20:59:12: [basecommands.smx] "Console<0><Console><Console>" changed cvar (cvar "vs_max_team_switches") (value "9999")
L 12/30/2021 - 20:59:12: [basecommands.smx] "Console<0><Console><Console>" changed cvar (cvar "mp_autoteambalance") (value "0")
L 12/30/2021 - 20:59:12: [basecommands.smx] "Console<0><Console><Console>" changed cvar (cvar "sv_unlag_fixstuck") (value "1")
L 12/30/2021 - 20:59:12: [basecommands.smx] "Console<0><Console><Console>" changed cvar (cvar "z_brawl_chance") (value "0")
L 12/30/2021 - 20:59:12: [basecommands.smx] "Console<0><Console><Console>" changed cvar (cvar "sv_maxunlag") (value "1")
L 12/30/2021 - 20:59:12: [basecommands.smx] "Console<0><Console><Console>" changed cvar (cvar "sv_forcepreload") (value "1")
L 12/30/2021 - 20:59:12: [basecommands.smx] "Console<0><Console><Console>" changed cvar (cvar "sv_client_predict") (value "1")
L 12/30/2021 - 20:59:12: [basecommands.smx] "Console<0><Console><Console>" changed cvar (cvar "sv_client_cmdrate_difference") (value "0")
L 12/30/2021 - 20:59:12: [basecommands.smx] "Console<0><Console><Console>" changed cvar (cvar "sv_max_queries_sec_global") (value "10")
L 12/30/2021 - 20:59:12: [basecommands.smx] "Console<0><Console><Console>" changed cvar (cvar "sv_max_queries_sec") (value "3")
L 12/30/2021 - 20:59:12: [basecommands.smx] "Console<0><Console><Console>" changed cvar (cvar "sv_max_queries_window") (value "10")
L 12/30/2021 - 20:59:12: [basecommands.smx] "Console<0><Console><Console>" changed cvar (cvar "sv_player_stuck_tolerance") (value "5")
L 12/30/2021 - 20:59:12: [basecommands.smx] "Console<0><Console><Console>" changed cvar (cvar "sv_stats") (value "0")
L 12/30/2021 - 20:59:12: [basecommands.smx] "Console<0><Console><Console>" changed cvar (cvar "sv_clockcorrection_msecs") (value "25")
L 12/30/2021 - 20:59:12: [basecommands.smx] "Console<0><Console><Console>" changed cvar (cvar "tank_swing_physics_prop_force") (value "3")
L 12/30/2021 - 20:59:51: [optional/kether/autopause.smx] [AutoPause] Player STEAM_1:0:24963388 left the game with -40.018520 time until spawn.
L 12/30/2021 - 20:59:51: [optional/kether/autopause.smx] [AutoPause] Player STEAM_1:0:37249198 left the game with -40.018520 time until spawn.
L 12/30/2021 - 20:59:52: [optional/kether/autopause.smx] [AutoPause] Player STEAM_1:1:23591579 left the game with -41.731483 time until spawn.
L 12/30/2021 - 21:00:08: SourceMod log file session started (file "/home/k26606_s20329/server_20329/left4dead2/addons/sourcemod/logs/L20211230.log") (Version "1.10.0.6494")
L 12/30/2021 - 21:00:08: [fixes/firebulletsfix.smx] Found offset for Weapon_ShootPosition 286
L 12/30/2021 - 21:00:10: [navmesh.smx] Found .NAV file in maps\c1m1_hotel.nav
L 12/30/2021 - 21:00:10: [navmesh.smx] Is mesh analyzed: 1
L 12/30/2021 - 21:00:10: [navmesh.smx] Nav version: 16; SubVersion: 14 (v10+); BSPSize: 32807960; MagicNumber: -17958194
L 12/30/2021 - 21:00:10: [navmesh.smx] Place count: 0
L 12/30/2021 - 21:00:10: [navmesh.smx] Has unnamed areas: true
L 12/30/2021 - 21:00:10: [navmesh.smx] Population type: c1streets
L 12/30/2021 - 21:00:10: [navmesh.smx] Area count: 1582
L 12/30/2021 - 21:00:10: [navmesh.smx] Parsed 1582 areas in 0.035822 seconds.
L 12/30/2021 - 21:00:10: [navmesh.smx] Ladder count: 0
L 12/30/2021 - 21:00:10: [basecommands.smx] "Console<0><Console><Console>" changed cvar (cvar "confogl_match_execcfg_plugins") (value "generalfixes.cfg;confogl_plugins.cfg;sharedplugins.cfg")
L 12/30/2021 - 21:00:10: [basecommands.smx] "Console<0><Console><Console>" changed cvar (cvar "l4d2_addons_eclipse") (value "0")
L 12/30/2021 - 21:00:10: [basecommands.smx] "Console<0><Console><Console>" changed cvar (cvar "sv_allow_wait_command") (value "0")
L 12/30/2021 - 21:00:10: [basecommands.smx] "Console<0><Console><Console>" changed cvar (cvar "sv_minrate") (value "108000")
L 12/30/2021 - 21:00:10: [basecommands.smx] "Console<0><Console><Console>" changed cvar (cvar "sv_maxrate") (value "108000")
L 12/30/2021 - 21:00:10: [basecommands.smx] "Console<0><Console><Console>" changed cvar (cvar "sv_mincmdrate") (value "108")
L 12/30/2021 - 21:00:10: [basecommands.smx] "Console<0><Console><Console>" changed cvar (cvar "sv_maxcmdrate") (value "108")
L 12/30/2021 - 21:00:10: [basecommands.smx] "Console<0><Console><Console>" changed cvar (cvar "sv_minupdaterate") (value "108")
L 12/30/2021 - 21:00:10: [basecommands.smx] "Console<0><Console><Console>" changed cvar (cvar "sv_maxupdaterate") (value "108")
L 12/30/2021 - 21:00:10: [basecommands.smx] "Console<0><Console><Console>" changed cvar (cvar "nb_update_frequency") (value "0.024")
L 12/30/2021 - 21:00:10: [basecommands.smx] "Console<0><Console><Console>" changed cvar (cvar "net_splitpacket_maxrate") (value "54000")
L 12/30/2021 - 21:00:10: [basecommands.smx] "Console<0><Console><Console>" changed cvar (cvar "sv_client_min_interp_ratio") (value "0")
L 12/30/2021 - 21:00:10: [basecommands.smx] "Console<0><Console><Console>" changed cvar (cvar "sv_client_max_interp_ratio") (value "2")
L 12/30/2021 - 21:00:10: [basecommands.smx] "Console<0><Console><Console>" changed cvar (cvar "fps_max") (value "200")
L 12/30/2021 - 21:00:10: [basecommands.smx] "Console<0><Console><Console>" changed cvar (cvar "mv_maxplayers") (value "16")
L 12/30/2021 - 21:00:10: [basecommands.smx] "Console<0><Console><Console>" changed cvar (cvar "sv_maxplayers") (value "16")
L 12/30/2021 - 21:00:10: [basecommands.smx] "Console<0><Console><Console>" changed cvar (cvar "sv_allowdownload") (value "1")
L 12/30/2021 - 21:00:10: [basecommands.smx] "Console<0><Console><Console>" changed cvar (cvar "vs_max_team_switches") (value "9999")
L 12/30/2021 - 21:00:10: [basecommands.smx] "Console<0><Console><Console>" changed cvar (cvar "mp_autoteambalance") (value "0")
L 12/30/2021 - 21:00:10: [basecommands.smx] "Console<0><Console><Console>" changed cvar (cvar "sv_unlag_fixstuck") (value "1")
L 12/30/2021 - 21:00:10: [basecommands.smx] "Console<0><Console><Console>" changed cvar (cvar "z_brawl_chance") (value "0")
L 12/30/2021 - 21:00:10: [basecommands.smx] "Console<0><Console><Console>" changed cvar (cvar "sv_maxunlag") (value "1")
L 12/30/2021 - 21:00:10: [basecommands.smx] "Console<0><Console><Console>" changed cvar (cvar "sv_forcepreload") (value "1")
L 12/30/2021 - 21:00:10: [basecommands.smx] "Console<0><Console><Console>" changed cvar (cvar "sv_client_predict") (value "1")
L 12/30/2021 - 21:00:10: [basecommands.smx] "Console<0><Console><Console>" changed cvar (cvar "sv_client_cmdrate_difference") (value "0")
L 12/30/2021 - 21:00:10: [basecommands.smx] "Console<0><Console><Console>" changed cvar (cvar "sv_max_queries_sec_global") (value "10")
L 12/30/2021 - 21:00:10: [basecommands.smx] "Console<0><Console><Console>" changed cvar (cvar "sv_max_queries_sec") (value "3")
L 12/30/2021 - 21:00:10: [basecommands.smx] "Console<0><Console><Console>" changed cvar (cvar "sv_max_queries_window") (value "10")
L 12/30/2021 - 21:00:10: [basecommands.smx] "Console<0><Console><Console>" changed cvar (cvar "sv_player_stuck_tolerance") (value "5")
L 12/30/2021 - 21:00:10: [basecommands.smx] "Console<0><Console><Console>" changed cvar (cvar "sv_stats") (value "0")
L 12/30/2021 - 21:00:10: [basecommands.smx] "Console<0><Console><Console>" changed cvar (cvar "sv_clockcorrection_msecs") (value "25")
L 12/30/2021 - 21:00:10: [basecommands.smx] "Console<0><Console><Console>" changed cvar (cvar "tank_swing_physics_prop_force") (value "3")
L 12/30/2021 - 21:00:10: [fixes/firebulletsfix.smx] Found offset for Weapon_ShootPosition 286
L 12/30/2021 - 21:00:16: -------- Mapchange to c1m1_hotel --------
L 12/30/2021 - 21:00:16: [basecommands.smx] "Console<0><Console><Console>" changed cvar (cvar "confogl_match_execcfg_plugins") (value "generalfixes.cfg;confogl_plugins.cfg;sharedplugins.cfg")
L 12/30/2021 - 21:00:16: [basecommands.smx] "Console<0><Console><Console>" changed cvar (cvar "l4d2_addons_eclipse") (value "0")
L 12/30/2021 - 21:00:16: [basecommands.smx] "Console<0><Console><Console>" changed cvar (cvar "sv_allow_wait_command") (value "0")
L 12/30/2021 - 21:00:16: [basecommands.smx] "Console<0><Console><Console>" changed cvar (cvar "sv_minrate") (value "108000")
L 12/30/2021 - 21:00:16: [basecommands.smx] "Console<0><Console><Console>" changed cvar (cvar "sv_maxrate") (value "108000")
L 12/30/2021 - 21:00:16: [basecommands.smx] "Console<0><Console><Console>" changed cvar (cvar "sv_mincmdrate") (value "108")
L 12/30/2021 - 21:00:16: [basecommands.smx] "Console<0><Console><Console>" changed cvar (cvar "sv_maxcmdrate") (value "108")
L 12/30/2021 - 21:00:16: [basecommands.smx] "Console<0><Console><Console>" changed cvar (cvar "sv_minupdaterate") (value "108")
L 12/30/2021 - 21:00:16: [basecommands.smx] "Console<0><Console><Console>" changed cvar (cvar "sv_maxupdaterate") (value "108")
L 12/30/2021 - 21:00:16: [basecommands.smx] "Console<0><Console><Console>" changed cvar (cvar "nb_update_frequency") (value "0.024")
L 12/30/2021 - 21:00:16: [basecommands.smx] "Console<0><Console><Console>" changed cvar (cvar "net_splitpacket_maxrate") (value "54000")
L 12/30/2021 - 21:00:16: [basecommands.smx] "Console<0><Console><Console>" changed cvar (cvar "sv_client_min_interp_ratio") (value "0")
L 12/30/2021 - 21:00:16: [basecommands.smx] "Console<0><Console><Console>" changed cvar (cvar "sv_client_max_interp_ratio") (value "2")
L 12/30/2021 - 21:00:16: [basecommands.smx] "Console<0><Console><Console>" changed cvar (cvar "fps_max") (value "200")
L 12/30/2021 - 21:00:16: [basecommands.smx] "Console<0><Console><Console>" changed cvar (cvar "mv_maxplayers") (value "16")
L 12/30/2021 - 21:00:16: [basecommands.smx] "Console<0><Console><Console>" changed cvar (cvar "sv_maxplayers") (value "16")
L 12/30/2021 - 21:00:16: [basecommands.smx] "Console<0><Console><Console>" changed cvar (cvar "sv_allowdownload") (value "1")
L 12/30/2021 - 21:00:16: [basecommands.smx] "Console<0><Console><Console>" changed cvar (cvar "l4d_nth_joininfected") (value "1")
L 12/30/2021 - 21:00:16: [basecommands.smx] "Console<0><Console><Console>" changed cvar (cvar "l4d_nth_joinsurvivors") (value "1")
L 12/30/2021 - 21:00:16: [basecommands.smx] "Console<0><Console><Console>" changed cvar (cvar "l4d_nth_kill") (value "0")
L 12/30/2021 - 21:00:16: [basecommands.smx] "Console<0><Console><Console>" changed cvar (cvar "l4d_nth_spectate") (value "1")
L 12/30/2021 - 21:00:16: [basecommands.smx] "Console<0><Console><Console>" changed cvar (cvar "l4d_nth_message") (value "0")
L 12/30/2021 - 21:00:16: [basecommands.smx] "Console<0><Console><Console>" changed cvar (cvar "l4d_nth_timerrepeat") (value "9999")
L 12/30/2021 - 21:00:16: [basecommands.smx] "Console<0><Console><Console>" changed cvar (cvar "vs_max_team_switches") (value "9999")
L 12/30/2021 - 21:00:16: [basecommands.smx] "Console<0><Console><Console>" changed cvar (cvar "mp_autoteambalance") (value "0")
L 12/30/2021 - 21:00:16: [basecommands.smx] "Console<0><Console><Console>" changed cvar (cvar "sv_unlag_fixstuck") (value "1")
L 12/30/2021 - 21:00:16: [basecommands.smx] "Console<0><Console><Console>" changed cvar (cvar "z_brawl_chance") (value "0")
L 12/30/2021 - 21:00:16: [basecommands.smx] "Console<0><Console><Console>" changed cvar (cvar "sv_maxunlag") (value "1")
L 12/30/2021 - 21:00:16: [basecommands.smx] "Console<0><Console><Console>" changed cvar (cvar "sv_forcepreload") (value "1")
L 12/30/2021 - 21:00:16: [basecommands.smx] "Console<0><Console><Console>" changed cvar (cvar "sv_client_predict") (value "1")
L 12/30/2021 - 21:00:16: [basecommands.smx] "Console<0><Console><Console>" changed cvar (cvar "sv_client_cmdrate_difference") (value "0")
L 12/30/2021 - 21:00:16: [basecommands.smx] "Console<0><Console><Console>" changed cvar (cvar "sv_max_queries_sec_global") (value "10")
L 12/30/2021 - 21:00:16: [basecommands.smx] "Console<0><Console><Console>" changed cvar (cvar "sv_max_queries_sec") (value "3")
L 12/30/2021 - 21:00:16: [basecommands.smx] "Console<0><Console><Console>" changed cvar (cvar "sv_max_queries_window") (value "10")
L 12/30/2021 - 21:00:16: [basecommands.smx] "Console<0><Console><Console>" changed cvar (cvar "sv_player_stuck_tolerance") (value "5")
L 12/30/2021 - 21:00:16: [basecommands.smx] "Console<0><Console><Console>" changed cvar (cvar "sv_stats") (value "0")
L 12/30/2021 - 21:00:16: [basecommands.smx] "Console<0><Console><Console>" changed cvar (cvar "sv_clockcorrection_msecs") (value "25")
L 12/30/2021 - 21:00:16: [basecommands.smx] "Console<0><Console><Console>" changed cvar (cvar "tank_swing_physics_prop_force") (value "3")
L 01/01/2022 - 16:52:31: Log file closed.
