L 01/03/2022 - 13:29:06: SourceMod log file session started (file "/home/k26606_s24044/server_24044/left4dead2/addons/sourcemod/logs/L20220103.log") (Version "1.11.0.6825")
L 01/03/2022 - 13:29:06: [fixes/firebulletsfix.smx] Found offset for Weapon_ShootPosition 286
L 01/03/2022 - 13:29:08: [navmesh.smx] Found .NAV file in maps\c5m1_waterfront.nav
L 01/03/2022 - 13:29:08: [navmesh.smx] Is mesh analyzed: 1
L 01/03/2022 - 13:29:08: [navmesh.smx] Nav version: 16; SubVersion: 14 (v10+); BSPSize: 17860648; MagicNumber: -17958194
L 01/03/2022 - 13:29:08: [navmesh.smx] Place count: 0
L 01/03/2022 - 13:29:08: [navmesh.smx] Has unnamed areas: true
L 01/03/2022 - 13:29:08: [navmesh.smx] Population type: crescentcity
L 01/03/2022 - 13:29:08: [navmesh.smx] Area count: 2929
L 01/03/2022 - 13:29:09: [navmesh.smx] Parsed 2929 areas in 0.226815 seconds.
L 01/03/2022 - 13:29:09: [navmesh.smx] Ladder count: 30
L 01/03/2022 - 13:29:09: [navmesh.smx] Parsed 30 ladders in 0.000093 seconds.
L 01/03/2022 - 13:37:55: SourceMod log file session started (file "/home/k26606_s24044/server_24044/left4dead2/addons/sourcemod/logs/L20220103.log") (Version "1.11.0.6825")
L 01/03/2022 - 13:37:55: [fixes/firebulletsfix.smx] Found offset for Weapon_ShootPosition 286
L 01/03/2022 - 13:37:56: [navmesh.smx] Found .NAV file in maps\c5m1_waterfront.nav
L 01/03/2022 - 13:37:56: [navmesh.smx] Is mesh analyzed: 1
L 01/03/2022 - 13:37:56: [navmesh.smx] Nav version: 16; SubVersion: 14 (v10+); BSPSize: 17860648; MagicNumber: -17958194
L 01/03/2022 - 13:37:56: [navmesh.smx] Place count: 0
L 01/03/2022 - 13:37:56: [navmesh.smx] Has unnamed areas: true
L 01/03/2022 - 13:37:56: [navmesh.smx] Population type: crescentcity
L 01/03/2022 - 13:37:56: [navmesh.smx] Area count: 2929
L 01/03/2022 - 13:37:56: [navmesh.smx] Parsed 2929 areas in 0.174529 seconds.
L 01/03/2022 - 13:37:56: [navmesh.smx] Ladder count: 30
L 01/03/2022 - 13:37:56: [navmesh.smx] Parsed 30 ladders in 0.000092 seconds.
L 01/03/2022 - 13:37:56: [basecommands.smx] "Console<0><Console><Console>" changed cvar (cvar "confogl_match_execcfg_plugins") (value "generalfixes.cfg;confogl_plugins.cfg;sharedplugins.cfg")
L 01/03/2022 - 13:37:56: [basecommands.smx] "Console<0><Console><Console>" changed cvar (cvar "l4d2_addons_eclipse") (value "0")
L 01/03/2022 - 13:37:56: [basecommands.smx] "Console<0><Console><Console>" changed cvar (cvar "sv_allow_wait_command") (value "0")
L 01/03/2022 - 13:37:56: [basecommands.smx] "Console<0><Console><Console>" changed cvar (cvar "sv_minrate") (value "108000")
L 01/03/2022 - 13:37:56: [basecommands.smx] "Console<0><Console><Console>" changed cvar (cvar "sv_maxrate") (value "108000")
L 01/03/2022 - 13:37:56: [basecommands.smx] "Console<0><Console><Console>" changed cvar (cvar "sv_mincmdrate") (value "108")
L 01/03/2022 - 13:37:56: [basecommands.smx] "Console<0><Console><Console>" changed cvar (cvar "sv_maxcmdrate") (value "108")
L 01/03/2022 - 13:37:56: [basecommands.smx] "Console<0><Console><Console>" changed cvar (cvar "sv_minupdaterate") (value "108")
L 01/03/2022 - 13:37:56: [basecommands.smx] "Console<0><Console><Console>" changed cvar (cvar "sv_maxupdaterate") (value "108")
L 01/03/2022 - 13:37:56: [basecommands.smx] "Console<0><Console><Console>" changed cvar (cvar "nb_update_frequency") (value "0.024")
L 01/03/2022 - 13:37:56: [basecommands.smx] "Console<0><Console><Console>" changed cvar (cvar "net_splitpacket_maxrate") (value "54000")
L 01/03/2022 - 13:37:56: [basecommands.smx] "Console<0><Console><Console>" changed cvar (cvar "sv_client_min_interp_ratio") (value "0")
L 01/03/2022 - 13:37:56: [basecommands.smx] "Console<0><Console><Console>" changed cvar (cvar "sv_client_max_interp_ratio") (value "2")
L 01/03/2022 - 13:37:56: [basecommands.smx] "Console<0><Console><Console>" changed cvar (cvar "fps_max") (value "200")
L 01/03/2022 - 13:37:56: [basecommands.smx] "Console<0><Console><Console>" changed cvar (cvar "mv_maxplayers") (value "16")
L 01/03/2022 - 13:37:56: [basecommands.smx] "Console<0><Console><Console>" changed cvar (cvar "sv_maxplayers") (value "16")
L 01/03/2022 - 13:37:56: [basecommands.smx] "Console<0><Console><Console>" changed cvar (cvar "sv_allowdownload") (value "1")
L 01/03/2022 - 13:37:56: [basecommands.smx] "Console<0><Console><Console>" changed cvar (cvar "vs_max_team_switches") (value "9999")
L 01/03/2022 - 13:37:56: [basecommands.smx] "Console<0><Console><Console>" changed cvar (cvar "mp_autoteambalance") (value "0")
L 01/03/2022 - 13:37:56: [basecommands.smx] "Console<0><Console><Console>" changed cvar (cvar "sv_unlag_fixstuck") (value "1")
L 01/03/2022 - 13:37:56: [basecommands.smx] "Console<0><Console><Console>" changed cvar (cvar "z_brawl_chance") (value "0")
L 01/03/2022 - 13:37:56: [basecommands.smx] "Console<0><Console><Console>" changed cvar (cvar "sv_maxunlag") (value "1")
L 01/03/2022 - 13:37:56: [basecommands.smx] "Console<0><Console><Console>" changed cvar (cvar "sv_forcepreload") (value "1")
L 01/03/2022 - 13:37:56: [basecommands.smx] "Console<0><Console><Console>" changed cvar (cvar "sv_client_predict") (value "1")
L 01/03/2022 - 13:37:56: [basecommands.smx] "Console<0><Console><Console>" changed cvar (cvar "sv_client_cmdrate_difference") (value "0")
L 01/03/2022 - 13:37:56: [basecommands.smx] "Console<0><Console><Console>" changed cvar (cvar "sv_max_queries_sec_global") (value "10")
L 01/03/2022 - 13:37:56: [basecommands.smx] "Console<0><Console><Console>" changed cvar (cvar "sv_max_queries_sec") (value "3")
L 01/03/2022 - 13:37:56: [basecommands.smx] "Console<0><Console><Console>" changed cvar (cvar "sv_max_queries_window") (value "10")
L 01/03/2022 - 13:37:56: [basecommands.smx] "Console<0><Console><Console>" changed cvar (cvar "sv_player_stuck_tolerance") (value "5")
L 01/03/2022 - 13:37:56: [basecommands.smx] "Console<0><Console><Console>" changed cvar (cvar "sv_stats") (value "0")
L 01/03/2022 - 13:37:56: [basecommands.smx] "Console<0><Console><Console>" changed cvar (cvar "sv_clockcorrection_msecs") (value "25")
L 01/03/2022 - 13:37:56: [basecommands.smx] "Console<0><Console><Console>" changed cvar (cvar "tank_swing_physics_prop_force") (value "3")
L 01/03/2022 - 13:37:57: [fixes/firebulletsfix.smx] Found offset for Weapon_ShootPosition 286
L 01/03/2022 - 13:38:10: SourceMod log file session started (file "/home/k26606_s24044/server_24044/left4dead2/addons/sourcemod/logs/L20220103.log") (Version "1.11.0.6825")
L 01/03/2022 - 13:38:10: [navmesh.smx] Found .NAV file in maps\c5m1_waterfront.nav
L 01/03/2022 - 13:38:10: [navmesh.smx] Is mesh analyzed: 1
L 01/03/2022 - 13:38:10: [navmesh.smx] Nav version: 16; SubVersion: 14 (v10+); BSPSize: 17860648; MagicNumber: -17958194
L 01/03/2022 - 13:38:10: [navmesh.smx] Place count: 0
L 01/03/2022 - 13:38:10: [navmesh.smx] Has unnamed areas: true
L 01/03/2022 - 13:38:10: [navmesh.smx] Population type: crescentcity
L 01/03/2022 - 13:38:10: [navmesh.smx] Area count: 2929
L 01/03/2022 - 13:38:10: [navmesh.smx] Parsed 2929 areas in 0.172628 seconds.
L 01/03/2022 - 13:38:10: [navmesh.smx] Ladder count: 30
L 01/03/2022 - 13:38:10: [navmesh.smx] Parsed 30 ladders in 0.000097 seconds.
L 01/03/2022 - 13:38:10: [basecommands.smx] "Console<0><Console><Console>" changed cvar (cvar "sv_allow_wait_command") (value "0")
L 01/03/2022 - 13:38:10: [basecommands.smx] "Console<0><Console><Console>" changed cvar (cvar "sv_minrate") (value "108000")
L 01/03/2022 - 13:38:10: [basecommands.smx] "Console<0><Console><Console>" changed cvar (cvar "sv_maxrate") (value "108000")
L 01/03/2022 - 13:38:10: [basecommands.smx] "Console<0><Console><Console>" changed cvar (cvar "sv_mincmdrate") (value "108")
L 01/03/2022 - 13:38:10: [basecommands.smx] "Console<0><Console><Console>" changed cvar (cvar "sv_maxcmdrate") (value "108")
L 01/03/2022 - 13:38:10: [basecommands.smx] "Console<0><Console><Console>" changed cvar (cvar "sv_minupdaterate") (value "108")
L 01/03/2022 - 13:38:10: [basecommands.smx] "Console<0><Console><Console>" changed cvar (cvar "sv_maxupdaterate") (value "108")
L 01/03/2022 - 13:38:10: [basecommands.smx] "Console<0><Console><Console>" changed cvar (cvar "nb_update_frequency") (value "0.024")
L 01/03/2022 - 13:38:10: [basecommands.smx] "Console<0><Console><Console>" changed cvar (cvar "net_splitpacket_maxrate") (value "54000")
L 01/03/2022 - 13:38:10: [basecommands.smx] "Console<0><Console><Console>" changed cvar (cvar "sv_client_min_interp_ratio") (value "0")
L 01/03/2022 - 13:38:10: [basecommands.smx] "Console<0><Console><Console>" changed cvar (cvar "sv_client_max_interp_ratio") (value "2")
L 01/03/2022 - 13:38:10: [basecommands.smx] "Console<0><Console><Console>" changed cvar (cvar "fps_max") (value "200")
L 01/03/2022 - 13:38:10: [basecommands.smx] "Console<0><Console><Console>" changed cvar (cvar "mv_maxplayers") (value "16")
L 01/03/2022 - 13:38:10: [basecommands.smx] "Console<0><Console><Console>" changed cvar (cvar "sv_maxplayers") (value "16")
L 01/03/2022 - 13:38:10: [basecommands.smx] "Console<0><Console><Console>" changed cvar (cvar "sv_allowdownload") (value "1")
L 01/03/2022 - 13:38:10: [basecommands.smx] "Console<0><Console><Console>" changed cvar (cvar "vs_max_team_switches") (value "9999")
L 01/03/2022 - 13:38:10: [basecommands.smx] "Console<0><Console><Console>" changed cvar (cvar "mp_autoteambalance") (value "0")
L 01/03/2022 - 13:38:10: [basecommands.smx] "Console<0><Console><Console>" changed cvar (cvar "sv_unlag_fixstuck") (value "1")
L 01/03/2022 - 13:38:10: [basecommands.smx] "Console<0><Console><Console>" changed cvar (cvar "z_brawl_chance") (value "0")
L 01/03/2022 - 13:38:10: [basecommands.smx] "Console<0><Console><Console>" changed cvar (cvar "sv_maxunlag") (value "1")
L 01/03/2022 - 13:38:10: [basecommands.smx] "Console<0><Console><Console>" changed cvar (cvar "sv_forcepreload") (value "1")
L 01/03/2022 - 13:38:10: [basecommands.smx] "Console<0><Console><Console>" changed cvar (cvar "sv_client_predict") (value "1")
L 01/03/2022 - 13:38:10: [basecommands.smx] "Console<0><Console><Console>" changed cvar (cvar "sv_client_cmdrate_difference") (value "0")
L 01/03/2022 - 13:38:10: [basecommands.smx] "Console<0><Console><Console>" changed cvar (cvar "sv_max_queries_sec_global") (value "10")
L 01/03/2022 - 13:38:10: [basecommands.smx] "Console<0><Console><Console>" changed cvar (cvar "sv_max_queries_sec") (value "3")
L 01/03/2022 - 13:38:10: [basecommands.smx] "Console<0><Console><Console>" changed cvar (cvar "sv_max_queries_window") (value "10")
L 01/03/2022 - 13:38:10: [basecommands.smx] "Console<0><Console><Console>" changed cvar (cvar "sv_player_stuck_tolerance") (value "5")
L 01/03/2022 - 13:38:10: [basecommands.smx] "Console<0><Console><Console>" changed cvar (cvar "sv_stats") (value "0")
L 01/03/2022 - 13:38:10: [basecommands.smx] "Console<0><Console><Console>" changed cvar (cvar "sv_clockcorrection_msecs") (value "25")
L 01/03/2022 - 13:38:10: [basecommands.smx] "Console<0><Console><Console>" changed cvar (cvar "tank_swing_physics_prop_force") (value "3")
L 01/03/2022 - 13:39:30: SourceMod log file session started (file "/home/k26606_s24044/server_24044/left4dead2/addons/sourcemod/logs/L20220103.log") (Version "1.11.0.6825")
L 01/03/2022 - 13:39:30: [fixes/firebulletsfix.smx] Found offset for Weapon_ShootPosition 286
L 01/03/2022 - 13:39:32: [navmesh.smx] Found .NAV file in maps\c5m1_waterfront.nav
L 01/03/2022 - 13:39:32: [navmesh.smx] Is mesh analyzed: 1
L 01/03/2022 - 13:39:32: [navmesh.smx] Nav version: 16; SubVersion: 14 (v10+); BSPSize: 17860648; MagicNumber: -17958194
L 01/03/2022 - 13:39:32: [navmesh.smx] Place count: 0
L 01/03/2022 - 13:39:32: [navmesh.smx] Has unnamed areas: true
L 01/03/2022 - 13:39:32: [navmesh.smx] Population type: crescentcity
L 01/03/2022 - 13:39:32: [navmesh.smx] Area count: 2929
L 01/03/2022 - 13:39:32: [navmesh.smx] Parsed 2929 areas in 0.166063 seconds.
L 01/03/2022 - 13:39:32: [navmesh.smx] Ladder count: 30
L 01/03/2022 - 13:39:32: [navmesh.smx] Parsed 30 ladders in 0.000092 seconds.
L 01/03/2022 - 13:39:32: [basecommands.smx] "Console<0><Console><Console>" changed cvar (cvar "confogl_match_execcfg_plugins") (value "generalfixes.cfg;confogl_plugins.cfg;sharedplugins.cfg")
L 01/03/2022 - 13:39:32: [basecommands.smx] "Console<0><Console><Console>" changed cvar (cvar "l4d2_addons_eclipse") (value "0")
L 01/03/2022 - 13:39:32: [basecommands.smx] "Console<0><Console><Console>" changed cvar (cvar "sv_allow_wait_command") (value "0")
L 01/03/2022 - 13:39:32: [basecommands.smx] "Console<0><Console><Console>" changed cvar (cvar "sv_minrate") (value "108000")
L 01/03/2022 - 13:39:32: [basecommands.smx] "Console<0><Console><Console>" changed cvar (cvar "sv_maxrate") (value "108000")
L 01/03/2022 - 13:39:32: [basecommands.smx] "Console<0><Console><Console>" changed cvar (cvar "sv_mincmdrate") (value "108")
L 01/03/2022 - 13:39:32: [basecommands.smx] "Console<0><Console><Console>" changed cvar (cvar "sv_maxcmdrate") (value "108")
L 01/03/2022 - 13:39:32: [basecommands.smx] "Console<0><Console><Console>" changed cvar (cvar "sv_minupdaterate") (value "108")
L 01/03/2022 - 13:39:32: [basecommands.smx] "Console<0><Console><Console>" changed cvar (cvar "sv_maxupdaterate") (value "108")
L 01/03/2022 - 13:39:32: [basecommands.smx] "Console<0><Console><Console>" changed cvar (cvar "nb_update_frequency") (value "0.024")
L 01/03/2022 - 13:39:32: [basecommands.smx] "Console<0><Console><Console>" changed cvar (cvar "net_splitpacket_maxrate") (value "54000")
L 01/03/2022 - 13:39:32: [basecommands.smx] "Console<0><Console><Console>" changed cvar (cvar "sv_client_min_interp_ratio") (value "0")
L 01/03/2022 - 13:39:32: [basecommands.smx] "Console<0><Console><Console>" changed cvar (cvar "sv_client_max_interp_ratio") (value "2")
L 01/03/2022 - 13:39:32: [basecommands.smx] "Console<0><Console><Console>" changed cvar (cvar "fps_max") (value "200")
L 01/03/2022 - 13:39:32: [basecommands.smx] "Console<0><Console><Console>" changed cvar (cvar "mv_maxplayers") (value "16")
L 01/03/2022 - 13:39:32: [basecommands.smx] "Console<0><Console><Console>" changed cvar (cvar "sv_maxplayers") (value "16")
L 01/03/2022 - 13:39:32: [basecommands.smx] "Console<0><Console><Console>" changed cvar (cvar "sv_allowdownload") (value "1")
L 01/03/2022 - 13:39:32: [basecommands.smx] "Console<0><Console><Console>" changed cvar (cvar "vs_max_team_switches") (value "9999")
L 01/03/2022 - 13:39:32: [basecommands.smx] "Console<0><Console><Console>" changed cvar (cvar "mp_autoteambalance") (value "0")
L 01/03/2022 - 13:39:32: [basecommands.smx] "Console<0><Console><Console>" changed cvar (cvar "sv_unlag_fixstuck") (value "1")
L 01/03/2022 - 13:39:32: [basecommands.smx] "Console<0><Console><Console>" changed cvar (cvar "z_brawl_chance") (value "0")
L 01/03/2022 - 13:39:32: [basecommands.smx] "Console<0><Console><Console>" changed cvar (cvar "sv_maxunlag") (value "1")
L 01/03/2022 - 13:39:32: [basecommands.smx] "Console<0><Console><Console>" changed cvar (cvar "sv_forcepreload") (value "1")
L 01/03/2022 - 13:39:32: [basecommands.smx] "Console<0><Console><Console>" changed cvar (cvar "sv_client_predict") (value "1")
L 01/03/2022 - 13:39:32: [basecommands.smx] "Console<0><Console><Console>" changed cvar (cvar "sv_client_cmdrate_difference") (value "0")
L 01/03/2022 - 13:39:32: [basecommands.smx] "Console<0><Console><Console>" changed cvar (cvar "sv_max_queries_sec_global") (value "10")
L 01/03/2022 - 13:39:32: [basecommands.smx] "Console<0><Console><Console>" changed cvar (cvar "sv_max_queries_sec") (value "3")
L 01/03/2022 - 13:39:32: [basecommands.smx] "Console<0><Console><Console>" changed cvar (cvar "sv_max_queries_window") (value "10")
L 01/03/2022 - 13:39:32: [basecommands.smx] "Console<0><Console><Console>" changed cvar (cvar "sv_player_stuck_tolerance") (value "5")
L 01/03/2022 - 13:39:32: [basecommands.smx] "Console<0><Console><Console>" changed cvar (cvar "sv_stats") (value "0")
L 01/03/2022 - 13:39:32: [basecommands.smx] "Console<0><Console><Console>" changed cvar (cvar "sv_clockcorrection_msecs") (value "25")
L 01/03/2022 - 13:39:32: [basecommands.smx] "Console<0><Console><Console>" changed cvar (cvar "tank_swing_physics_prop_force") (value "3")
L 01/03/2022 - 13:39:32: [fixes/firebulletsfix.smx] Found offset for Weapon_ShootPosition 286
L 01/03/2022 - 13:39:37: [UPDATER] Successfully updated gamedata file "sm-cstrike.games/game.csgo.txt"
L 01/03/2022 - 13:39:37: [UPDATER] Successfully updated gamedata file "sm-cstrike.games/master.games.txt"
L 01/03/2022 - 13:39:37: [UPDATER] Successfully updated gamedata file "sdktools.games/game.bms.txt"
L 01/03/2022 - 13:39:37: [UPDATER] Successfully updated gamedata file "sdktools.games/game.hl2ctf.txt"
L 01/03/2022 - 13:39:37: [UPDATER] Successfully updated gamedata file "sdktools.games/common.games.txt"
L 01/03/2022 - 13:39:37: [UPDATER] Successfully updated gamedata file "sdktools.games/game.tf.txt"
L 01/03/2022 - 13:39:37: [UPDATER] Successfully updated gamedata file "sdktools.games/game.ios.txt"
L 01/03/2022 - 13:39:37: [UPDATER] Successfully updated gamedata file "sdkhooks.games/game.bms.txt"
L 01/03/2022 - 13:39:37: [UPDATER] Successfully updated gamedata file "sdkhooks.games/game.hl2ctf.txt"
L 01/03/2022 - 13:39:37: [UPDATER] Successfully updated gamedata file "sdkhooks.games/game.fof.txt"
L 01/03/2022 - 13:39:37: [UPDATER] Successfully updated gamedata file "sdkhooks.games/game.pvkii.txt"
L 01/03/2022 - 13:39:37: [UPDATER] Successfully updated gamedata file "sdkhooks.games/common.games.txt"
L 01/03/2022 - 13:39:37: [UPDATER] Successfully updated gamedata file "funcommands.games.txt"
L 01/03/2022 - 13:39:37: [UPDATER] Successfully updated gamedata file "core.games/engine.l4d2.txt"
L 01/03/2022 - 13:39:37: [UPDATER] Successfully updated gamedata file "core.games/engine.eye.txt"
L 01/03/2022 - 13:39:37: [UPDATER] Successfully updated gamedata file "core.games/engine.sdk2013.txt"
L 01/03/2022 - 13:39:37: [UPDATER] Successfully updated gamedata file "core.games/engine.darkm.txt"
L 01/03/2022 - 13:39:37: [UPDATER] Successfully updated gamedata file "core.games/engine.csgo.txt"
L 01/03/2022 - 13:39:37: [UPDATER] Successfully updated gamedata file "core.games/engine.ep1.txt"
L 01/03/2022 - 13:39:37: [UPDATER] Successfully updated gamedata file "core.games/engine.insurgency.txt"
L 01/03/2022 - 13:39:37: [UPDATER] Successfully updated gamedata file "core.games/game.dinodday.txt"
L 01/03/2022 - 13:39:37: [UPDATER] Successfully updated gamedata file "core.games/engine.l4d.txt"
L 01/03/2022 - 13:39:37: [UPDATER] Successfully updated gamedata file "core.games/engine.swarm.txt"
L 01/03/2022 - 13:39:37: [UPDATER] Successfully updated gamedata file "core.games/engine.ep2valve.txt"
L 01/03/2022 - 13:39:37: [UPDATER] Successfully updated gamedata file "core.games/engine.css.txt"
L 01/03/2022 - 13:39:37: [UPDATER] Successfully updated gamedata file "core.games/engine.blade.txt"
L 01/03/2022 - 13:39:37: [UPDATER] Successfully updated gamedata file "core.games/common.games.txt"
L 01/03/2022 - 13:39:37: [UPDATER] Successfully updated gamedata file "core.games/blocklist.plugins.txt"
L 01/03/2022 - 13:39:37: [UPDATER] Successfully updated gamedata file "core.games/engine.contagion.txt"
L 01/03/2022 - 13:39:37: [UPDATER] Successfully updated gamedata file "core.games/engine.ep2.txt"
L 01/03/2022 - 13:39:37: [UPDATER] Successfully updated gamedata file "core.games/engine.bgt.txt"
L 01/03/2022 - 13:39:37: [UPDATER] Successfully updated gamedata file "accelerator.games.txt"
L 01/03/2022 - 13:39:37: [UPDATER] SourceMod has been updated, please reload it or restart your server.
L 01/03/2022 - 13:39:40: -------- Mapchange to c5m1_waterfront --------
L 01/03/2022 - 13:39:41: [basecommands.smx] "Console<0><Console><Console>" changed cvar (cvar "confogl_match_execcfg_plugins") (value "generalfixes.cfg;confogl_plugins.cfg;sharedplugins.cfg")
L 01/03/2022 - 13:39:41: [basecommands.smx] "Console<0><Console><Console>" changed cvar (cvar "l4d2_addons_eclipse") (value "0")
L 01/03/2022 - 13:39:41: [basecommands.smx] "Console<0><Console><Console>" changed cvar (cvar "sv_allow_wait_command") (value "0")
L 01/03/2022 - 13:39:41: [basecommands.smx] "Console<0><Console><Console>" changed cvar (cvar "sv_minrate") (value "108000")
L 01/03/2022 - 13:39:41: [basecommands.smx] "Console<0><Console><Console>" changed cvar (cvar "sv_maxrate") (value "108000")
L 01/03/2022 - 13:39:41: [basecommands.smx] "Console<0><Console><Console>" changed cvar (cvar "sv_mincmdrate") (value "108")
L 01/03/2022 - 13:39:41: [basecommands.smx] "Console<0><Console><Console>" changed cvar (cvar "sv_maxcmdrate") (value "108")
L 01/03/2022 - 13:39:41: [basecommands.smx] "Console<0><Console><Console>" changed cvar (cvar "sv_minupdaterate") (value "108")
L 01/03/2022 - 13:39:41: [basecommands.smx] "Console<0><Console><Console>" changed cvar (cvar "sv_maxupdaterate") (value "108")
L 01/03/2022 - 13:39:41: [basecommands.smx] "Console<0><Console><Console>" changed cvar (cvar "nb_update_frequency") (value "0.024")
L 01/03/2022 - 13:39:41: [basecommands.smx] "Console<0><Console><Console>" changed cvar (cvar "net_splitpacket_maxrate") (value "54000")
L 01/03/2022 - 13:39:41: [basecommands.smx] "Console<0><Console><Console>" changed cvar (cvar "sv_client_min_interp_ratio") (value "0")
L 01/03/2022 - 13:39:41: [basecommands.smx] "Console<0><Console><Console>" changed cvar (cvar "sv_client_max_interp_ratio") (value "2")
L 01/03/2022 - 13:39:41: [basecommands.smx] "Console<0><Console><Console>" changed cvar (cvar "fps_max") (value "200")
L 01/03/2022 - 13:39:41: [basecommands.smx] "Console<0><Console><Console>" changed cvar (cvar "mv_maxplayers") (value "16")
L 01/03/2022 - 13:39:41: [basecommands.smx] "Console<0><Console><Console>" changed cvar (cvar "sv_maxplayers") (value "16")
L 01/03/2022 - 13:39:41: [basecommands.smx] "Console<0><Console><Console>" changed cvar (cvar "sv_allowdownload") (value "1")
L 01/03/2022 - 13:39:41: [basecommands.smx] "Console<0><Console><Console>" changed cvar (cvar "l4d_nth_joininfected") (value "1")
L 01/03/2022 - 13:39:41: [basecommands.smx] "Console<0><Console><Console>" changed cvar (cvar "l4d_nth_joinsurvivors") (value "1")
L 01/03/2022 - 13:39:41: [basecommands.smx] "Console<0><Console><Console>" changed cvar (cvar "l4d_nth_kill") (value "0")
L 01/03/2022 - 13:39:41: [basecommands.smx] "Console<0><Console><Console>" changed cvar (cvar "l4d_nth_spectate") (value "1")
L 01/03/2022 - 13:39:41: [basecommands.smx] "Console<0><Console><Console>" changed cvar (cvar "l4d_nth_message") (value "0")
L 01/03/2022 - 13:39:41: [basecommands.smx] "Console<0><Console><Console>" changed cvar (cvar "l4d_nth_timerrepeat") (value "9999")
L 01/03/2022 - 13:39:41: [basecommands.smx] "Console<0><Console><Console>" changed cvar (cvar "vs_max_team_switches") (value "9999")
L 01/03/2022 - 13:39:41: [basecommands.smx] "Console<0><Console><Console>" changed cvar (cvar "mp_autoteambalance") (value "0")
L 01/03/2022 - 13:39:41: [basecommands.smx] "Console<0><Console><Console>" changed cvar (cvar "sv_unlag_fixstuck") (value "1")
L 01/03/2022 - 13:39:41: [basecommands.smx] "Console<0><Console><Console>" changed cvar (cvar "z_brawl_chance") (value "0")
L 01/03/2022 - 13:39:41: [basecommands.smx] "Console<0><Console><Console>" changed cvar (cvar "sv_maxunlag") (value "1")
L 01/03/2022 - 13:39:41: [basecommands.smx] "Console<0><Console><Console>" changed cvar (cvar "sv_forcepreload") (value "1")
L 01/03/2022 - 13:39:41: [basecommands.smx] "Console<0><Console><Console>" changed cvar (cvar "sv_client_predict") (value "1")
L 01/03/2022 - 13:39:41: [basecommands.smx] "Console<0><Console><Console>" changed cvar (cvar "sv_client_cmdrate_difference") (value "0")
L 01/03/2022 - 13:39:41: [basecommands.smx] "Console<0><Console><Console>" changed cvar (cvar "sv_max_queries_sec_global") (value "10")
L 01/03/2022 - 13:39:41: [basecommands.smx] "Console<0><Console><Console>" changed cvar (cvar "sv_max_queries_sec") (value "3")
L 01/03/2022 - 13:39:41: [basecommands.smx] "Console<0><Console><Console>" changed cvar (cvar "sv_max_queries_window") (value "10")
L 01/03/2022 - 13:39:41: [basecommands.smx] "Console<0><Console><Console>" changed cvar (cvar "sv_player_stuck_tolerance") (value "5")
L 01/03/2022 - 13:39:41: [basecommands.smx] "Console<0><Console><Console>" changed cvar (cvar "sv_stats") (value "0")
L 01/03/2022 - 13:39:41: [basecommands.smx] "Console<0><Console><Console>" changed cvar (cvar "sv_clockcorrection_msecs") (value "25")
L 01/03/2022 - 13:39:41: [basecommands.smx] "Console<0><Console><Console>" changed cvar (cvar "tank_swing_physics_prop_force") (value "3")
L 01/03/2022 - 13:40:22: [optional/kether/autopause.smx] [AutoPause] Player STEAM_1:0:23813599 left the game with -30.546297 time until spawn.
L 01/03/2022 - 13:40:34: SourceMod log file session started (file "/home/k26606_s24044/server_24044/left4dead2/addons/sourcemod/logs/L20220103.log") (Version "1.11.0.6825")
L 01/03/2022 - 13:40:34: [fixes/firebulletsfix.smx] Found offset for Weapon_ShootPosition 286
L 01/03/2022 - 13:40:35: [navmesh.smx] Found .NAV file in maps\c5m1_waterfront.nav
L 01/03/2022 - 13:40:35: [navmesh.smx] Is mesh analyzed: 1
L 01/03/2022 - 13:40:35: [navmesh.smx] Nav version: 16; SubVersion: 14 (v10+); BSPSize: 17860648; MagicNumber: -17958194
L 01/03/2022 - 13:40:35: [navmesh.smx] Place count: 0
L 01/03/2022 - 13:40:35: [navmesh.smx] Has unnamed areas: true
L 01/03/2022 - 13:40:35: [navmesh.smx] Population type: crescentcity
L 01/03/2022 - 13:40:35: [navmesh.smx] Area count: 2929
L 01/03/2022 - 13:40:36: [navmesh.smx] Parsed 2929 areas in 0.166213 seconds.
L 01/03/2022 - 13:40:36: [navmesh.smx] Ladder count: 30
L 01/03/2022 - 13:40:36: [navmesh.smx] Parsed 30 ladders in 0.000093 seconds.
L 01/03/2022 - 13:40:36: [basecommands.smx] "Console<0><Console><Console>" changed cvar (cvar "confogl_match_execcfg_plugins") (value "generalfixes.cfg;confogl_plugins.cfg;sharedplugins.cfg")
L 01/03/2022 - 13:40:36: [basecommands.smx] "Console<0><Console><Console>" changed cvar (cvar "l4d2_addons_eclipse") (value "0")
L 01/03/2022 - 13:40:36: [basecommands.smx] "Console<0><Console><Console>" changed cvar (cvar "sv_allow_wait_command") (value "0")
L 01/03/2022 - 13:40:36: [basecommands.smx] "Console<0><Console><Console>" changed cvar (cvar "sv_minrate") (value "108000")
L 01/03/2022 - 13:40:36: [basecommands.smx] "Console<0><Console><Console>" changed cvar (cvar "sv_maxrate") (value "108000")
L 01/03/2022 - 13:40:36: [basecommands.smx] "Console<0><Console><Console>" changed cvar (cvar "sv_mincmdrate") (value "108")
L 01/03/2022 - 13:40:36: [basecommands.smx] "Console<0><Console><Console>" changed cvar (cvar "sv_maxcmdrate") (value "108")
L 01/03/2022 - 13:40:36: [basecommands.smx] "Console<0><Console><Console>" changed cvar (cvar "sv_minupdaterate") (value "108")
L 01/03/2022 - 13:40:36: [basecommands.smx] "Console<0><Console><Console>" changed cvar (cvar "sv_maxupdaterate") (value "108")
L 01/03/2022 - 13:40:36: [basecommands.smx] "Console<0><Console><Console>" changed cvar (cvar "nb_update_frequency") (value "0.024")
L 01/03/2022 - 13:40:36: [basecommands.smx] "Console<0><Console><Console>" changed cvar (cvar "net_splitpacket_maxrate") (value "54000")
L 01/03/2022 - 13:40:36: [basecommands.smx] "Console<0><Console><Console>" changed cvar (cvar "sv_client_min_interp_ratio") (value "0")
L 01/03/2022 - 13:40:36: [basecommands.smx] "Console<0><Console><Console>" changed cvar (cvar "sv_client_max_interp_ratio") (value "2")
L 01/03/2022 - 13:40:36: [basecommands.smx] "Console<0><Console><Console>" changed cvar (cvar "fps_max") (value "200")
L 01/03/2022 - 13:40:36: [basecommands.smx] "Console<0><Console><Console>" changed cvar (cvar "mv_maxplayers") (value "16")
L 01/03/2022 - 13:40:36: [basecommands.smx] "Console<0><Console><Console>" changed cvar (cvar "sv_maxplayers") (value "16")
L 01/03/2022 - 13:40:36: [basecommands.smx] "Console<0><Console><Console>" changed cvar (cvar "sv_allowdownload") (value "1")
L 01/03/2022 - 13:40:36: [basecommands.smx] "Console<0><Console><Console>" changed cvar (cvar "vs_max_team_switches") (value "9999")
L 01/03/2022 - 13:40:36: [basecommands.smx] "Console<0><Console><Console>" changed cvar (cvar "mp_autoteambalance") (value "0")
L 01/03/2022 - 13:40:36: [basecommands.smx] "Console<0><Console><Console>" changed cvar (cvar "sv_unlag_fixstuck") (value "1")
L 01/03/2022 - 13:40:36: [basecommands.smx] "Console<0><Console><Console>" changed cvar (cvar "z_brawl_chance") (value "0")
L 01/03/2022 - 13:40:36: [basecommands.smx] "Console<0><Console><Console>" changed cvar (cvar "sv_maxunlag") (value "1")
L 01/03/2022 - 13:40:36: [basecommands.smx] "Console<0><Console><Console>" changed cvar (cvar "sv_forcepreload") (value "1")
L 01/03/2022 - 13:40:36: [basecommands.smx] "Console<0><Console><Console>" changed cvar (cvar "sv_client_predict") (value "1")
L 01/03/2022 - 13:40:36: [basecommands.smx] "Console<0><Console><Console>" changed cvar (cvar "sv_client_cmdrate_difference") (value "0")
L 01/03/2022 - 13:40:36: [basecommands.smx] "Console<0><Console><Console>" changed cvar (cvar "sv_max_queries_sec_global") (value "10")
L 01/03/2022 - 13:40:36: [basecommands.smx] "Console<0><Console><Console>" changed cvar (cvar "sv_max_queries_sec") (value "3")
L 01/03/2022 - 13:40:36: [basecommands.smx] "Console<0><Console><Console>" changed cvar (cvar "sv_max_queries_window") (value "10")
L 01/03/2022 - 13:40:36: [basecommands.smx] "Console<0><Console><Console>" changed cvar (cvar "sv_player_stuck_tolerance") (value "5")
L 01/03/2022 - 13:40:36: [basecommands.smx] "Console<0><Console><Console>" changed cvar (cvar "sv_stats") (value "0")
L 01/03/2022 - 13:40:36: [basecommands.smx] "Console<0><Console><Console>" changed cvar (cvar "sv_clockcorrection_msecs") (value "25")
L 01/03/2022 - 13:40:36: [basecommands.smx] "Console<0><Console><Console>" changed cvar (cvar "tank_swing_physics_prop_force") (value "3")
L 01/03/2022 - 13:40:36: [fixes/firebulletsfix.smx] Found offset for Weapon_ShootPosition 286
L 01/03/2022 - 13:40:41: -------- Mapchange to c5m1_waterfront --------
L 01/03/2022 - 13:40:42: [basecommands.smx] "Console<0><Console><Console>" changed cvar (cvar "confogl_match_execcfg_plugins") (value "generalfixes.cfg;confogl_plugins.cfg;sharedplugins.cfg")
L 01/03/2022 - 13:40:42: [basecommands.smx] "Console<0><Console><Console>" changed cvar (cvar "l4d2_addons_eclipse") (value "0")
L 01/03/2022 - 13:40:42: [basecommands.smx] "Console<0><Console><Console>" changed cvar (cvar "sv_allow_wait_command") (value "0")
L 01/03/2022 - 13:40:42: [basecommands.smx] "Console<0><Console><Console>" changed cvar (cvar "sv_minrate") (value "108000")
L 01/03/2022 - 13:40:42: [basecommands.smx] "Console<0><Console><Console>" changed cvar (cvar "sv_maxrate") (value "108000")
L 01/03/2022 - 13:40:42: [basecommands.smx] "Console<0><Console><Console>" changed cvar (cvar "sv_mincmdrate") (value "108")
L 01/03/2022 - 13:40:42: [basecommands.smx] "Console<0><Console><Console>" changed cvar (cvar "sv_maxcmdrate") (value "108")
L 01/03/2022 - 13:40:42: [basecommands.smx] "Console<0><Console><Console>" changed cvar (cvar "sv_minupdaterate") (value "108")
L 01/03/2022 - 13:40:42: [basecommands.smx] "Console<0><Console><Console>" changed cvar (cvar "sv_maxupdaterate") (value "108")
L 01/03/2022 - 13:40:42: [basecommands.smx] "Console<0><Console><Console>" changed cvar (cvar "nb_update_frequency") (value "0.024")
L 01/03/2022 - 13:40:42: [basecommands.smx] "Console<0><Console><Console>" changed cvar (cvar "net_splitpacket_maxrate") (value "54000")
L 01/03/2022 - 13:40:42: [basecommands.smx] "Console<0><Console><Console>" changed cvar (cvar "sv_client_min_interp_ratio") (value "0")
L 01/03/2022 - 13:40:42: [basecommands.smx] "Console<0><Console><Console>" changed cvar (cvar "sv_client_max_interp_ratio") (value "2")
L 01/03/2022 - 13:40:42: [basecommands.smx] "Console<0><Console><Console>" changed cvar (cvar "fps_max") (value "200")
L 01/03/2022 - 13:40:42: [basecommands.smx] "Console<0><Console><Console>" changed cvar (cvar "mv_maxplayers") (value "16")
L 01/03/2022 - 13:40:42: [basecommands.smx] "Console<0><Console><Console>" changed cvar (cvar "sv_maxplayers") (value "16")
L 01/03/2022 - 13:40:42: [basecommands.smx] "Console<0><Console><Console>" changed cvar (cvar "sv_allowdownload") (value "1")
L 01/03/2022 - 13:40:42: [basecommands.smx] "Console<0><Console><Console>" changed cvar (cvar "l4d_nth_joininfected") (value "1")
L 01/03/2022 - 13:40:42: [basecommands.smx] "Console<0><Console><Console>" changed cvar (cvar "l4d_nth_joinsurvivors") (value "1")
L 01/03/2022 - 13:40:42: [basecommands.smx] "Console<0><Console><Console>" changed cvar (cvar "l4d_nth_kill") (value "0")
L 01/03/2022 - 13:40:42: [basecommands.smx] "Console<0><Console><Console>" changed cvar (cvar "l4d_nth_spectate") (value "1")
L 01/03/2022 - 13:40:42: [basecommands.smx] "Console<0><Console><Console>" changed cvar (cvar "l4d_nth_message") (value "0")
L 01/03/2022 - 13:40:42: [basecommands.smx] "Console<0><Console><Console>" changed cvar (cvar "l4d_nth_timerrepeat") (value "9999")
L 01/03/2022 - 13:40:42: [basecommands.smx] "Console<0><Console><Console>" changed cvar (cvar "vs_max_team_switches") (value "9999")
L 01/03/2022 - 13:40:42: [basecommands.smx] "Console<0><Console><Console>" changed cvar (cvar "mp_autoteambalance") (value "0")
L 01/03/2022 - 13:40:42: [basecommands.smx] "Console<0><Console><Console>" changed cvar (cvar "sv_unlag_fixstuck") (value "1")
L 01/03/2022 - 13:40:42: [basecommands.smx] "Console<0><Console><Console>" changed cvar (cvar "z_brawl_chance") (value "0")
L 01/03/2022 - 13:40:42: [basecommands.smx] "Console<0><Console><Console>" changed cvar (cvar "sv_maxunlag") (value "1")
L 01/03/2022 - 13:40:42: [basecommands.smx] "Console<0><Console><Console>" changed cvar (cvar "sv_forcepreload") (value "1")
L 01/03/2022 - 13:40:42: [basecommands.smx] "Console<0><Console><Console>" changed cvar (cvar "sv_client_predict") (value "1")
L 01/03/2022 - 13:40:42: [basecommands.smx] "Console<0><Console><Console>" changed cvar (cvar "sv_client_cmdrate_difference") (value "0")
L 01/03/2022 - 13:40:42: [basecommands.smx] "Console<0><Console><Console>" changed cvar (cvar "sv_max_queries_sec_global") (value "10")
L 01/03/2022 - 13:40:42: [basecommands.smx] "Console<0><Console><Console>" changed cvar (cvar "sv_max_queries_sec") (value "3")
L 01/03/2022 - 13:40:42: [basecommands.smx] "Console<0><Console><Console>" changed cvar (cvar "sv_max_queries_window") (value "10")
L 01/03/2022 - 13:40:42: [basecommands.smx] "Console<0><Console><Console>" changed cvar (cvar "sv_player_stuck_tolerance") (value "5")
L 01/03/2022 - 13:40:42: [basecommands.smx] "Console<0><Console><Console>" changed cvar (cvar "sv_stats") (value "0")
L 01/03/2022 - 13:40:42: [basecommands.smx] "Console<0><Console><Console>" changed cvar (cvar "sv_clockcorrection_msecs") (value "25")
L 01/03/2022 - 13:40:42: [basecommands.smx] "Console<0><Console><Console>" changed cvar (cvar "tank_swing_physics_prop_force") (value "3")
