L 11/25/2021 - 08:15:54: SourceMod log file session started (file "/home/k26606_s20329/server_20329/left4dead2/addons/sourcemod/logs/L20211125.log") (Version "1.10.0.6494")
L 11/25/2021 - 08:15:54: [fixes/firebulletsfix.smx] Found offset for Weapon_ShootPosition 286
L 11/25/2021 - 08:15:54: [confoglcompmod.smx] Set password on aziya, password 
L 11/25/2021 - 08:15:55: [navmesh.smx] Found .NAV file in maps\c1m1_hotel.nav
L 11/25/2021 - 08:15:55: [navmesh.smx] Is mesh analyzed: 1
L 11/25/2021 - 08:15:55: [navmesh.smx] Nav version: 16; SubVersion: 14 (v10+); BSPSize: 32807960; MagicNumber: -17958194
L 11/25/2021 - 08:15:55: [navmesh.smx] Place count: 0
L 11/25/2021 - 08:15:55: [navmesh.smx] Has unnamed areas: true
L 11/25/2021 - 08:15:55: [navmesh.smx] Population type: c1streets
L 11/25/2021 - 08:15:55: [navmesh.smx] Area count: 1582
L 11/25/2021 - 08:15:55: [navmesh.smx] Parsed 1582 areas in 0.017023 seconds.
L 11/25/2021 - 08:15:55: [navmesh.smx] Ladder count: 0
L 11/25/2021 - 08:16:02: [fixes/firebulletsfix.smx] Found offset for Weapon_ShootPosition 286
L 11/25/2021 - 08:16:02: [confoglcompmod.smx] Set password on aziya, password 
L 11/25/2021 - 08:16:06: -------- Mapchange to c1m1_hotel --------
L 11/25/2021 - 08:16:06: [basecommands.smx] "Console<0><Console><Console>" changed cvar (cvar "confogl_match_execcfg_plugins") (value "generalfixes.cfg;confogl_plugins.cfg;sharedplugins.cfg")
L 11/25/2021 - 08:16:06: [basecommands.smx] "Console<0><Console><Console>" changed cvar (cvar "l4d2_addons_eclipse") (value "0")
L 11/25/2021 - 08:16:06: [basecommands.smx] "Console<0><Console><Console>" changed cvar (cvar "sv_allow_wait_command") (value "0")
L 11/25/2021 - 08:16:06: [basecommands.smx] "Console<0><Console><Console>" changed cvar (cvar "sv_minrate") (value "67000")
L 11/25/2021 - 08:16:06: [basecommands.smx] "Console<0><Console><Console>" changed cvar (cvar "sv_maxrate") (value "67000")
L 11/25/2021 - 08:16:06: [basecommands.smx] "Console<0><Console><Console>" changed cvar (cvar "sv_mincmdrate") (value "67")
L 11/25/2021 - 08:16:06: [basecommands.smx] "Console<0><Console><Console>" changed cvar (cvar "sv_maxcmdrate") (value "67")
L 11/25/2021 - 08:16:06: [basecommands.smx] "Console<0><Console><Console>" changed cvar (cvar "sv_minupdaterate") (value "67")
L 11/25/2021 - 08:16:06: [basecommands.smx] "Console<0><Console><Console>" changed cvar (cvar "sv_maxupdaterate") (value "67")
L 11/25/2021 - 08:16:06: [basecommands.smx] "Console<0><Console><Console>" changed cvar (cvar "nb_update_frequency") (value "0.03")
L 11/25/2021 - 08:16:06: [basecommands.smx] "Console<0><Console><Console>" changed cvar (cvar "net_splitpacket_maxrate") (value "33500")
L 11/25/2021 - 08:16:06: [basecommands.smx] "Console<0><Console><Console>" changed cvar (cvar "sv_client_min_interp_ratio") (value "0")
L 11/25/2021 - 08:16:06: [basecommands.smx] "Console<0><Console><Console>" changed cvar (cvar "sv_client_max_interp_ratio") (value "2")
L 11/25/2021 - 08:16:06: [basecommands.smx] "Console<0><Console><Console>" changed cvar (cvar "fps_max") (value "0")
L 11/25/2021 - 08:16:06: [basecommands.smx] "Console<0><Console><Console>" changed cvar (cvar "mv_maxplayers") (value "16")
L 11/25/2021 - 08:16:06: [basecommands.smx] "Console<0><Console><Console>" changed cvar (cvar "sv_maxplayers") (value "16")
L 11/25/2021 - 08:16:06: [basecommands.smx] "Console<0><Console><Console>" changed cvar (cvar "sv_allowdownload") (value "1")
L 11/25/2021 - 08:16:06: [basecommands.smx] "Console<0><Console><Console>" changed cvar (cvar "l4d_nth_joininfected") (value "1")
L 11/25/2021 - 08:16:06: [basecommands.smx] "Console<0><Console><Console>" changed cvar (cvar "l4d_nth_joinsurvivors") (value "1")
L 11/25/2021 - 08:16:06: [basecommands.smx] "Console<0><Console><Console>" changed cvar (cvar "l4d_nth_kill") (value "0")
L 11/25/2021 - 08:16:06: [basecommands.smx] "Console<0><Console><Console>" changed cvar (cvar "l4d_nth_spectate") (value "1")
L 11/25/2021 - 08:16:06: [basecommands.smx] "Console<0><Console><Console>" changed cvar (cvar "l4d_nth_message") (value "0")
L 11/25/2021 - 08:16:06: [basecommands.smx] "Console<0><Console><Console>" changed cvar (cvar "l4d_nth_timerrepeat") (value "9999")
L 11/25/2021 - 08:16:06: [basecommands.smx] "Console<0><Console><Console>" changed cvar (cvar "vs_max_team_switches") (value "9999")
L 11/25/2021 - 08:16:06: [basecommands.smx] "Console<0><Console><Console>" changed cvar (cvar "mp_autoteambalance") (value "0")
L 11/25/2021 - 08:16:06: [basecommands.smx] "Console<0><Console><Console>" changed cvar (cvar "sv_unlag_fixstuck") (value "1")
L 11/25/2021 - 08:16:06: [basecommands.smx] "Console<0><Console><Console>" changed cvar (cvar "z_brawl_chance") (value "0")
L 11/25/2021 - 08:16:06: [basecommands.smx] "Console<0><Console><Console>" changed cvar (cvar "sv_maxunlag") (value "1")
L 11/25/2021 - 08:16:06: [basecommands.smx] "Console<0><Console><Console>" changed cvar (cvar "sv_forcepreload") (value "1")
L 11/25/2021 - 08:16:06: [basecommands.smx] "Console<0><Console><Console>" changed cvar (cvar "sv_client_predict") (value "1")
L 11/25/2021 - 08:16:06: [basecommands.smx] "Console<0><Console><Console>" changed cvar (cvar "sv_client_cmdrate_difference") (value "0")
L 11/25/2021 - 08:16:06: [basecommands.smx] "Console<0><Console><Console>" changed cvar (cvar "sv_max_queries_sec_global") (value "10")
L 11/25/2021 - 08:16:06: [basecommands.smx] "Console<0><Console><Console>" changed cvar (cvar "sv_max_queries_sec") (value "3")
L 11/25/2021 - 08:16:06: [basecommands.smx] "Console<0><Console><Console>" changed cvar (cvar "sv_max_queries_window") (value "10")
L 11/25/2021 - 08:16:06: [basecommands.smx] "Console<0><Console><Console>" changed cvar (cvar "sv_player_stuck_tolerance") (value "5")
L 11/25/2021 - 08:16:06: [basecommands.smx] "Console<0><Console><Console>" changed cvar (cvar "sv_stats") (value "0")
L 11/25/2021 - 08:16:06: [basecommands.smx] "Console<0><Console><Console>" changed cvar (cvar "sv_clockcorrection_msecs") (value "25")
L 11/25/2021 - 08:16:06: [basecommands.smx] "Console<0><Console><Console>" changed cvar (cvar "z_max_neighbor_range") (value "16")
L 11/25/2021 - 08:16:06: [basecommands.smx] "Console<0><Console><Console>" changed cvar (cvar "nb_friction_forward") (value "0")
L 11/25/2021 - 08:16:08: [optional/l4d2_saferoom_item_remove.smx] Removed 4 saferoom item(s) (start: 4; end: 0).
L 11/25/2021 - 08:18:01: [fixes/firebulletsfix.smx] Found offset for Weapon_ShootPosition 286
L 11/25/2021 - 08:18:02: [confoglcompmod.smx] Set password on aziya, password 
L 11/25/2021 - 08:18:02: [navmesh.smx] Found .NAV file in maps\c1m1_hotel.nav
L 11/25/2021 - 08:18:02: [navmesh.smx] Is mesh analyzed: 1
L 11/25/2021 - 08:18:02: [navmesh.smx] Nav version: 16; SubVersion: 14 (v10+); BSPSize: 32807960; MagicNumber: -17958194
L 11/25/2021 - 08:18:02: [navmesh.smx] Place count: 0
L 11/25/2021 - 08:18:02: [navmesh.smx] Has unnamed areas: true
L 11/25/2021 - 08:18:02: [navmesh.smx] Population type: c1streets
L 11/25/2021 - 08:18:02: [navmesh.smx] Area count: 1582
L 11/25/2021 - 08:18:02: [navmesh.smx] Parsed 1582 areas in 0.017475 seconds.
L 11/25/2021 - 08:18:02: [navmesh.smx] Ladder count: 0
L 11/25/2021 - 08:18:59: [fixes/firebulletsfix.smx] Found offset for Weapon_ShootPosition 286
L 11/25/2021 - 08:18:59: [confoglcompmod.smx] Set password on aziya, password 
L 11/25/2021 - 08:19:03: -------- Mapchange to c1m1_hotel --------
L 11/25/2021 - 08:19:03: [basecommands.smx] "Console<0><Console><Console>" changed cvar (cvar "confogl_match_execcfg_plugins") (value "generalfixes.cfg;confogl_plugins.cfg;sharedplugins.cfg")
L 11/25/2021 - 08:19:03: [basecommands.smx] "Console<0><Console><Console>" changed cvar (cvar "l4d2_addons_eclipse") (value "0")
L 11/25/2021 - 08:19:03: [basecommands.smx] "Console<0><Console><Console>" changed cvar (cvar "sv_allow_wait_command") (value "0")
L 11/25/2021 - 08:19:03: [basecommands.smx] "Console<0><Console><Console>" changed cvar (cvar "sv_minrate") (value "67000")
L 11/25/2021 - 08:19:03: [basecommands.smx] "Console<0><Console><Console>" changed cvar (cvar "sv_maxrate") (value "67000")
L 11/25/2021 - 08:19:03: [basecommands.smx] "Console<0><Console><Console>" changed cvar (cvar "sv_mincmdrate") (value "67")
L 11/25/2021 - 08:19:03: [basecommands.smx] "Console<0><Console><Console>" changed cvar (cvar "sv_maxcmdrate") (value "67")
L 11/25/2021 - 08:19:03: [basecommands.smx] "Console<0><Console><Console>" changed cvar (cvar "sv_minupdaterate") (value "67")
L 11/25/2021 - 08:19:03: [basecommands.smx] "Console<0><Console><Console>" changed cvar (cvar "sv_maxupdaterate") (value "67")
L 11/25/2021 - 08:19:03: [basecommands.smx] "Console<0><Console><Console>" changed cvar (cvar "nb_update_frequency") (value "0.03")
L 11/25/2021 - 08:19:03: [basecommands.smx] "Console<0><Console><Console>" changed cvar (cvar "net_splitpacket_maxrate") (value "33500")
L 11/25/2021 - 08:19:03: [basecommands.smx] "Console<0><Console><Console>" changed cvar (cvar "sv_client_min_interp_ratio") (value "0")
L 11/25/2021 - 08:19:03: [basecommands.smx] "Console<0><Console><Console>" changed cvar (cvar "sv_client_max_interp_ratio") (value "2")
L 11/25/2021 - 08:19:03: [basecommands.smx] "Console<0><Console><Console>" changed cvar (cvar "fps_max") (value "0")
L 11/25/2021 - 08:19:03: [basecommands.smx] "Console<0><Console><Console>" changed cvar (cvar "mv_maxplayers") (value "16")
L 11/25/2021 - 08:19:03: [basecommands.smx] "Console<0><Console><Console>" changed cvar (cvar "sv_maxplayers") (value "16")
L 11/25/2021 - 08:19:03: [basecommands.smx] "Console<0><Console><Console>" changed cvar (cvar "sv_allowdownload") (value "1")
L 11/25/2021 - 08:19:03: [basecommands.smx] "Console<0><Console><Console>" changed cvar (cvar "l4d_nth_joininfected") (value "1")
L 11/25/2021 - 08:19:03: [basecommands.smx] "Console<0><Console><Console>" changed cvar (cvar "l4d_nth_joinsurvivors") (value "1")
L 11/25/2021 - 08:19:03: [basecommands.smx] "Console<0><Console><Console>" changed cvar (cvar "l4d_nth_kill") (value "0")
L 11/25/2021 - 08:19:03: [basecommands.smx] "Console<0><Console><Console>" changed cvar (cvar "l4d_nth_spectate") (value "1")
L 11/25/2021 - 08:19:03: [basecommands.smx] "Console<0><Console><Console>" changed cvar (cvar "l4d_nth_message") (value "0")
L 11/25/2021 - 08:19:03: [basecommands.smx] "Console<0><Console><Console>" changed cvar (cvar "l4d_nth_timerrepeat") (value "9999")
L 11/25/2021 - 08:19:03: [basecommands.smx] "Console<0><Console><Console>" changed cvar (cvar "vs_max_team_switches") (value "9999")
L 11/25/2021 - 08:19:03: [basecommands.smx] "Console<0><Console><Console>" changed cvar (cvar "mp_autoteambalance") (value "0")
L 11/25/2021 - 08:19:03: [basecommands.smx] "Console<0><Console><Console>" changed cvar (cvar "sv_unlag_fixstuck") (value "1")
L 11/25/2021 - 08:19:03: [basecommands.smx] "Console<0><Console><Console>" changed cvar (cvar "z_brawl_chance") (value "0")
L 11/25/2021 - 08:19:03: [basecommands.smx] "Console<0><Console><Console>" changed cvar (cvar "sv_maxunlag") (value "1")
L 11/25/2021 - 08:19:03: [basecommands.smx] "Console<0><Console><Console>" changed cvar (cvar "sv_forcepreload") (value "1")
L 11/25/2021 - 08:19:03: [basecommands.smx] "Console<0><Console><Console>" changed cvar (cvar "sv_client_predict") (value "1")
L 11/25/2021 - 08:19:03: [basecommands.smx] "Console<0><Console><Console>" changed cvar (cvar "sv_client_cmdrate_difference") (value "0")
L 11/25/2021 - 08:19:03: [basecommands.smx] "Console<0><Console><Console>" changed cvar (cvar "sv_max_queries_sec_global") (value "10")
L 11/25/2021 - 08:19:03: [basecommands.smx] "Console<0><Console><Console>" changed cvar (cvar "sv_max_queries_sec") (value "3")
L 11/25/2021 - 08:19:03: [basecommands.smx] "Console<0><Console><Console>" changed cvar (cvar "sv_max_queries_window") (value "10")
L 11/25/2021 - 08:19:03: [basecommands.smx] "Console<0><Console><Console>" changed cvar (cvar "sv_player_stuck_tolerance") (value "5")
L 11/25/2021 - 08:19:03: [basecommands.smx] "Console<0><Console><Console>" changed cvar (cvar "sv_stats") (value "0")
L 11/25/2021 - 08:19:03: [basecommands.smx] "Console<0><Console><Console>" changed cvar (cvar "sv_clockcorrection_msecs") (value "25")
L 11/25/2021 - 08:19:03: [basecommands.smx] "Console<0><Console><Console>" changed cvar (cvar "z_max_neighbor_range") (value "16")
L 11/25/2021 - 08:19:03: [basecommands.smx] "Console<0><Console><Console>" changed cvar (cvar "nb_friction_forward") (value "0")
L 11/25/2021 - 08:19:05: [optional/l4d2_saferoom_item_remove.smx] Removed 4 saferoom item(s) (start: 4; end: 0).
L 11/25/2021 - 08:22:48: SourceMod log file session started (file "/home/k26606_s20329/server_20329/left4dead2/addons/sourcemod/logs/L20211125.log") (Version "1.10.0.6494")
L 11/25/2021 - 08:22:48: [fixes/firebulletsfix.smx] Found offset for Weapon_ShootPosition 286
L 11/25/2021 - 08:22:49: [navmesh.smx] Found .NAV file in maps\c1m1_hotel.nav
L 11/25/2021 - 08:22:49: [navmesh.smx] Is mesh analyzed: 1
L 11/25/2021 - 08:22:49: [navmesh.smx] Nav version: 16; SubVersion: 14 (v10+); BSPSize: 32807960; MagicNumber: -17958194
L 11/25/2021 - 08:22:49: [navmesh.smx] Place count: 0
L 11/25/2021 - 08:22:49: [navmesh.smx] Has unnamed areas: true
L 11/25/2021 - 08:22:49: [navmesh.smx] Population type: c1streets
L 11/25/2021 - 08:22:49: [navmesh.smx] Area count: 1582
L 11/25/2021 - 08:22:49: [navmesh.smx] Parsed 1582 areas in 0.017262 seconds.
L 11/25/2021 - 08:22:49: [navmesh.smx] Ladder count: 0
L 11/25/2021 - 08:22:49: [basecommands.smx] "Console<0><Console><Console>" changed cvar (cvar "confogl_match_execcfg_plugins") (value "generalfixes.cfg;confogl_plugins.cfg;sharedplugins.cfg")
L 11/25/2021 - 08:22:49: [basecommands.smx] "Console<0><Console><Console>" changed cvar (cvar "l4d2_addons_eclipse") (value "0")
L 11/25/2021 - 08:22:49: [basecommands.smx] "Console<0><Console><Console>" changed cvar (cvar "sv_allow_wait_command") (value "0")
L 11/25/2021 - 08:22:49: [basecommands.smx] "Console<0><Console><Console>" changed cvar (cvar "sv_minrate") (value "67000")
L 11/25/2021 - 08:22:49: [basecommands.smx] "Console<0><Console><Console>" changed cvar (cvar "sv_maxrate") (value "67000")
L 11/25/2021 - 08:22:49: [basecommands.smx] "Console<0><Console><Console>" changed cvar (cvar "sv_mincmdrate") (value "67")
L 11/25/2021 - 08:22:49: [basecommands.smx] "Console<0><Console><Console>" changed cvar (cvar "sv_maxcmdrate") (value "67")
L 11/25/2021 - 08:22:49: [basecommands.smx] "Console<0><Console><Console>" changed cvar (cvar "sv_minupdaterate") (value "67")
L 11/25/2021 - 08:22:49: [basecommands.smx] "Console<0><Console><Console>" changed cvar (cvar "sv_maxupdaterate") (value "67")
L 11/25/2021 - 08:22:49: [basecommands.smx] "Console<0><Console><Console>" changed cvar (cvar "nb_update_frequency") (value "0.03")
L 11/25/2021 - 08:22:49: [basecommands.smx] "Console<0><Console><Console>" changed cvar (cvar "net_splitpacket_maxrate") (value "33500")
L 11/25/2021 - 08:22:49: [basecommands.smx] "Console<0><Console><Console>" changed cvar (cvar "sv_client_min_interp_ratio") (value "0")
L 11/25/2021 - 08:22:49: [basecommands.smx] "Console<0><Console><Console>" changed cvar (cvar "sv_client_max_interp_ratio") (value "2")
L 11/25/2021 - 08:22:49: [basecommands.smx] "Console<0><Console><Console>" changed cvar (cvar "fps_max") (value "0")
L 11/25/2021 - 08:22:49: [basecommands.smx] "Console<0><Console><Console>" changed cvar (cvar "mv_maxplayers") (value "16")
L 11/25/2021 - 08:22:49: [basecommands.smx] "Console<0><Console><Console>" changed cvar (cvar "sv_maxplayers") (value "16")
L 11/25/2021 - 08:22:49: [basecommands.smx] "Console<0><Console><Console>" changed cvar (cvar "sv_allowdownload") (value "1")
L 11/25/2021 - 08:22:49: [basecommands.smx] "Console<0><Console><Console>" changed cvar (cvar "vs_max_team_switches") (value "9999")
L 11/25/2021 - 08:22:49: [basecommands.smx] "Console<0><Console><Console>" changed cvar (cvar "mp_autoteambalance") (value "0")
L 11/25/2021 - 08:22:49: [basecommands.smx] "Console<0><Console><Console>" changed cvar (cvar "sv_unlag_fixstuck") (value "1")
L 11/25/2021 - 08:22:49: [basecommands.smx] "Console<0><Console><Console>" changed cvar (cvar "z_brawl_chance") (value "0")
L 11/25/2021 - 08:22:49: [basecommands.smx] "Console<0><Console><Console>" changed cvar (cvar "sv_maxunlag") (value "1")
L 11/25/2021 - 08:22:49: [basecommands.smx] "Console<0><Console><Console>" changed cvar (cvar "sv_forcepreload") (value "1")
L 11/25/2021 - 08:22:49: [basecommands.smx] "Console<0><Console><Console>" changed cvar (cvar "sv_client_predict") (value "1")
L 11/25/2021 - 08:22:49: [basecommands.smx] "Console<0><Console><Console>" changed cvar (cvar "sv_client_cmdrate_difference") (value "0")
L 11/25/2021 - 08:22:49: [basecommands.smx] "Console<0><Console><Console>" changed cvar (cvar "sv_max_queries_sec_global") (value "10")
L 11/25/2021 - 08:22:49: [basecommands.smx] "Console<0><Console><Console>" changed cvar (cvar "sv_max_queries_sec") (value "3")
L 11/25/2021 - 08:22:49: [basecommands.smx] "Console<0><Console><Console>" changed cvar (cvar "sv_max_queries_window") (value "10")
L 11/25/2021 - 08:22:49: [basecommands.smx] "Console<0><Console><Console>" changed cvar (cvar "sv_player_stuck_tolerance") (value "5")
L 11/25/2021 - 08:22:49: [basecommands.smx] "Console<0><Console><Console>" changed cvar (cvar "sv_stats") (value "0")
L 11/25/2021 - 08:22:49: [basecommands.smx] "Console<0><Console><Console>" changed cvar (cvar "sv_clockcorrection_msecs") (value "25")
L 11/25/2021 - 08:22:49: [basecommands.smx] "Console<0><Console><Console>" changed cvar (cvar "z_max_neighbor_range") (value "16")
L 11/25/2021 - 08:22:49: [basecommands.smx] "Console<0><Console><Console>" changed cvar (cvar "nb_friction_forward") (value "0")
L 11/25/2021 - 08:22:50: [fixes/firebulletsfix.smx] Found offset for Weapon_ShootPosition 286
L 11/25/2021 - 08:22:53: -------- Mapchange to c1m1_hotel --------
L 11/25/2021 - 08:22:54: [basecommands.smx] "Console<0><Console><Console>" changed cvar (cvar "confogl_match_execcfg_plugins") (value "generalfixes.cfg;confogl_plugins.cfg;sharedplugins.cfg")
L 11/25/2021 - 08:22:54: [basecommands.smx] "Console<0><Console><Console>" changed cvar (cvar "l4d2_addons_eclipse") (value "0")
L 11/25/2021 - 08:22:54: [basecommands.smx] "Console<0><Console><Console>" changed cvar (cvar "sv_allow_wait_command") (value "0")
L 11/25/2021 - 08:22:54: [basecommands.smx] "Console<0><Console><Console>" changed cvar (cvar "sv_minrate") (value "67000")
L 11/25/2021 - 08:22:54: [basecommands.smx] "Console<0><Console><Console>" changed cvar (cvar "sv_maxrate") (value "67000")
L 11/25/2021 - 08:22:54: [basecommands.smx] "Console<0><Console><Console>" changed cvar (cvar "sv_mincmdrate") (value "67")
L 11/25/2021 - 08:22:54: [basecommands.smx] "Console<0><Console><Console>" changed cvar (cvar "sv_maxcmdrate") (value "67")
L 11/25/2021 - 08:22:54: [basecommands.smx] "Console<0><Console><Console>" changed cvar (cvar "sv_minupdaterate") (value "67")
L 11/25/2021 - 08:22:54: [basecommands.smx] "Console<0><Console><Console>" changed cvar (cvar "sv_maxupdaterate") (value "67")
L 11/25/2021 - 08:22:54: [basecommands.smx] "Console<0><Console><Console>" changed cvar (cvar "nb_update_frequency") (value "0.03")
L 11/25/2021 - 08:22:54: [basecommands.smx] "Console<0><Console><Console>" changed cvar (cvar "net_splitpacket_maxrate") (value "33500")
L 11/25/2021 - 08:22:54: [basecommands.smx] "Console<0><Console><Console>" changed cvar (cvar "sv_client_min_interp_ratio") (value "0")
L 11/25/2021 - 08:22:54: [basecommands.smx] "Console<0><Console><Console>" changed cvar (cvar "sv_client_max_interp_ratio") (value "2")
L 11/25/2021 - 08:22:54: [basecommands.smx] "Console<0><Console><Console>" changed cvar (cvar "fps_max") (value "0")
L 11/25/2021 - 08:22:54: [basecommands.smx] "Console<0><Console><Console>" changed cvar (cvar "mv_maxplayers") (value "16")
L 11/25/2021 - 08:22:54: [basecommands.smx] "Console<0><Console><Console>" changed cvar (cvar "sv_maxplayers") (value "16")
L 11/25/2021 - 08:22:54: [basecommands.smx] "Console<0><Console><Console>" changed cvar (cvar "sv_allowdownload") (value "1")
L 11/25/2021 - 08:22:54: [basecommands.smx] "Console<0><Console><Console>" changed cvar (cvar "l4d_nth_joininfected") (value "1")
L 11/25/2021 - 08:22:54: [basecommands.smx] "Console<0><Console><Console>" changed cvar (cvar "l4d_nth_joinsurvivors") (value "1")
L 11/25/2021 - 08:22:54: [basecommands.smx] "Console<0><Console><Console>" changed cvar (cvar "l4d_nth_kill") (value "0")
L 11/25/2021 - 08:22:54: [basecommands.smx] "Console<0><Console><Console>" changed cvar (cvar "l4d_nth_spectate") (value "1")
L 11/25/2021 - 08:22:54: [basecommands.smx] "Console<0><Console><Console>" changed cvar (cvar "l4d_nth_message") (value "0")
L 11/25/2021 - 08:22:54: [basecommands.smx] "Console<0><Console><Console>" changed cvar (cvar "l4d_nth_timerrepeat") (value "9999")
L 11/25/2021 - 08:22:54: [basecommands.smx] "Console<0><Console><Console>" changed cvar (cvar "vs_max_team_switches") (value "9999")
L 11/25/2021 - 08:22:54: [basecommands.smx] "Console<0><Console><Console>" changed cvar (cvar "mp_autoteambalance") (value "0")
L 11/25/2021 - 08:22:54: [basecommands.smx] "Console<0><Console><Console>" changed cvar (cvar "sv_unlag_fixstuck") (value "1")
L 11/25/2021 - 08:22:54: [basecommands.smx] "Console<0><Console><Console>" changed cvar (cvar "z_brawl_chance") (value "0")
L 11/25/2021 - 08:22:54: [basecommands.smx] "Console<0><Console><Console>" changed cvar (cvar "sv_maxunlag") (value "1")
L 11/25/2021 - 08:22:54: [basecommands.smx] "Console<0><Console><Console>" changed cvar (cvar "sv_forcepreload") (value "1")
L 11/25/2021 - 08:22:54: [basecommands.smx] "Console<0><Console><Console>" changed cvar (cvar "sv_client_predict") (value "1")
L 11/25/2021 - 08:22:54: [basecommands.smx] "Console<0><Console><Console>" changed cvar (cvar "sv_client_cmdrate_difference") (value "0")
L 11/25/2021 - 08:22:54: [basecommands.smx] "Console<0><Console><Console>" changed cvar (cvar "sv_max_queries_sec_global") (value "10")
L 11/25/2021 - 08:22:54: [basecommands.smx] "Console<0><Console><Console>" changed cvar (cvar "sv_max_queries_sec") (value "3")
L 11/25/2021 - 08:22:54: [basecommands.smx] "Console<0><Console><Console>" changed cvar (cvar "sv_max_queries_window") (value "10")
L 11/25/2021 - 08:22:54: [basecommands.smx] "Console<0><Console><Console>" changed cvar (cvar "sv_player_stuck_tolerance") (value "5")
L 11/25/2021 - 08:22:54: [basecommands.smx] "Console<0><Console><Console>" changed cvar (cvar "sv_stats") (value "0")
L 11/25/2021 - 08:22:54: [basecommands.smx] "Console<0><Console><Console>" changed cvar (cvar "sv_clockcorrection_msecs") (value "25")
L 11/25/2021 - 08:22:54: [basecommands.smx] "Console<0><Console><Console>" changed cvar (cvar "z_max_neighbor_range") (value "16")
L 11/25/2021 - 08:22:54: [basecommands.smx] "Console<0><Console><Console>" changed cvar (cvar "nb_friction_forward") (value "0")
L 11/25/2021 - 16:28:54: -------- Mapchange to c11m1_greenhouse --------
L 11/25/2021 - 16:28:55: [basecommands.smx] "Console<0><Console><Console>" changed cvar (cvar "confogl_match_execcfg_plugins") (value "generalfixes.cfg;confogl_plugins.cfg;sharedplugins.cfg")
L 11/25/2021 - 16:28:55: [basecommands.smx] "Console<0><Console><Console>" changed cvar (cvar "l4d2_addons_eclipse") (value "0")
L 11/25/2021 - 16:28:55: [basecommands.smx] "Console<0><Console><Console>" changed cvar (cvar "sv_allow_wait_command") (value "0")
L 11/25/2021 - 16:28:55: [basecommands.smx] "Console<0><Console><Console>" changed cvar (cvar "sv_minrate") (value "67000")
L 11/25/2021 - 16:28:55: [basecommands.smx] "Console<0><Console><Console>" changed cvar (cvar "sv_maxrate") (value "67000")
L 11/25/2021 - 16:28:55: [basecommands.smx] "Console<0><Console><Console>" changed cvar (cvar "sv_mincmdrate") (value "67")
L 11/25/2021 - 16:28:55: [basecommands.smx] "Console<0><Console><Console>" changed cvar (cvar "sv_maxcmdrate") (value "67")
L 11/25/2021 - 16:28:55: [basecommands.smx] "Console<0><Console><Console>" changed cvar (cvar "sv_minupdaterate") (value "67")
L 11/25/2021 - 16:28:55: [basecommands.smx] "Console<0><Console><Console>" changed cvar (cvar "sv_maxupdaterate") (value "67")
L 11/25/2021 - 16:28:55: [basecommands.smx] "Console<0><Console><Console>" changed cvar (cvar "nb_update_frequency") (value "0.03")
L 11/25/2021 - 16:28:55: [basecommands.smx] "Console<0><Console><Console>" changed cvar (cvar "net_splitpacket_maxrate") (value "33500")
L 11/25/2021 - 16:28:55: [basecommands.smx] "Console<0><Console><Console>" changed cvar (cvar "sv_client_min_interp_ratio") (value "0")
L 11/25/2021 - 16:28:55: [basecommands.smx] "Console<0><Console><Console>" changed cvar (cvar "sv_client_max_interp_ratio") (value "2")
L 11/25/2021 - 16:28:55: [basecommands.smx] "Console<0><Console><Console>" changed cvar (cvar "fps_max") (value "0")
L 11/25/2021 - 16:28:55: [basecommands.smx] "Console<0><Console><Console>" changed cvar (cvar "mv_maxplayers") (value "16")
L 11/25/2021 - 16:28:55: [basecommands.smx] "Console<0><Console><Console>" changed cvar (cvar "sv_maxplayers") (value "16")
L 11/25/2021 - 16:28:55: [basecommands.smx] "Console<0><Console><Console>" changed cvar (cvar "sv_allowdownload") (value "1")
L 11/25/2021 - 16:28:55: [basecommands.smx] "Console<0><Console><Console>" changed cvar (cvar "l4d_nth_joininfected") (value "1")
L 11/25/2021 - 16:28:55: [basecommands.smx] "Console<0><Console><Console>" changed cvar (cvar "l4d_nth_joinsurvivors") (value "1")
L 11/25/2021 - 16:28:55: [basecommands.smx] "Console<0><Console><Console>" changed cvar (cvar "l4d_nth_kill") (value "0")
L 11/25/2021 - 16:28:55: [basecommands.smx] "Console<0><Console><Console>" changed cvar (cvar "l4d_nth_spectate") (value "1")
L 11/25/2021 - 16:28:55: [basecommands.smx] "Console<0><Console><Console>" changed cvar (cvar "l4d_nth_message") (value "0")
L 11/25/2021 - 16:28:55: [basecommands.smx] "Console<0><Console><Console>" changed cvar (cvar "l4d_nth_timerrepeat") (value "9999")
L 11/25/2021 - 16:28:55: [basecommands.smx] "Console<0><Console><Console>" changed cvar (cvar "vs_max_team_switches") (value "9999")
L 11/25/2021 - 16:28:55: [basecommands.smx] "Console<0><Console><Console>" changed cvar (cvar "mp_autoteambalance") (value "0")
L 11/25/2021 - 16:28:55: [basecommands.smx] "Console<0><Console><Console>" changed cvar (cvar "sv_unlag_fixstuck") (value "1")
L 11/25/2021 - 16:28:55: [basecommands.smx] "Console<0><Console><Console>" changed cvar (cvar "z_brawl_chance") (value "0")
L 11/25/2021 - 16:28:55: [basecommands.smx] "Console<0><Console><Console>" changed cvar (cvar "sv_maxunlag") (value "1")
L 11/25/2021 - 16:28:55: [basecommands.smx] "Console<0><Console><Console>" changed cvar (cvar "sv_forcepreload") (value "1")
L 11/25/2021 - 16:28:55: [basecommands.smx] "Console<0><Console><Console>" changed cvar (cvar "sv_client_predict") (value "1")
L 11/25/2021 - 16:28:55: [basecommands.smx] "Console<0><Console><Console>" changed cvar (cvar "sv_client_cmdrate_difference") (value "0")
L 11/25/2021 - 16:28:55: [basecommands.smx] "Console<0><Console><Console>" changed cvar (cvar "sv_max_queries_sec_global") (value "10")
L 11/25/2021 - 16:28:55: [basecommands.smx] "Console<0><Console><Console>" changed cvar (cvar "sv_max_queries_sec") (value "3")
L 11/25/2021 - 16:28:55: [basecommands.smx] "Console<0><Console><Console>" changed cvar (cvar "sv_max_queries_window") (value "10")
L 11/25/2021 - 16:28:55: [basecommands.smx] "Console<0><Console><Console>" changed cvar (cvar "sv_player_stuck_tolerance") (value "5")
L 11/25/2021 - 16:28:55: [basecommands.smx] "Console<0><Console><Console>" changed cvar (cvar "sv_stats") (value "0")
L 11/25/2021 - 16:28:55: [basecommands.smx] "Console<0><Console><Console>" changed cvar (cvar "sv_clockcorrection_msecs") (value "25")
L 11/25/2021 - 16:28:55: [basecommands.smx] "Console<0><Console><Console>" changed cvar (cvar "z_max_neighbor_range") (value "16")
L 11/25/2021 - 16:28:55: [basecommands.smx] "Console<0><Console><Console>" changed cvar (cvar "nb_friction_forward") (value "0")
L 11/25/2021 - 16:29:53: [optional/kether/autopause.smx] [AutoPause] Player STEAM_1:0:597249939 left the game with -59.880596 time until spawn.
L 11/25/2021 - 16:29:53: [optional/kether/autopause.smx] [AutoPause] Player STEAM_1:0:187655491 left the game with -59.910446 time until spawn.
L 11/25/2021 - 16:29:53: [optional/kether/autopause.smx] [AutoPause] Player STEAM_1:0:166828468 left the game with -59.910446 time until spawn.
L 11/25/2021 - 16:30:06: SourceMod log file session started (file "/home/k26606_s20329/server_20329/left4dead2/addons/sourcemod/logs/L20211125.log") (Version "1.10.0.6494")
L 11/25/2021 - 16:30:06: [fixes/firebulletsfix.smx] Found offset for Weapon_ShootPosition 286
L 11/25/2021 - 16:30:07: [navmesh.smx] Found .NAV file in maps\c1m1_hotel.nav
L 11/25/2021 - 16:30:07: [navmesh.smx] Is mesh analyzed: 1
L 11/25/2021 - 16:30:07: [navmesh.smx] Nav version: 16; SubVersion: 14 (v10+); BSPSize: 32807960; MagicNumber: -17958194
L 11/25/2021 - 16:30:07: [navmesh.smx] Place count: 0
L 11/25/2021 - 16:30:07: [navmesh.smx] Has unnamed areas: true
L 11/25/2021 - 16:30:07: [navmesh.smx] Population type: c1streets
L 11/25/2021 - 16:30:07: [navmesh.smx] Area count: 1582
L 11/25/2021 - 16:30:07: [navmesh.smx] Parsed 1582 areas in 0.021142 seconds.
L 11/25/2021 - 16:30:07: [navmesh.smx] Ladder count: 0
L 11/25/2021 - 16:30:07: [basecommands.smx] "Console<0><Console><Console>" changed cvar (cvar "confogl_match_execcfg_plugins") (value "generalfixes.cfg;confogl_plugins.cfg;sharedplugins.cfg")
L 11/25/2021 - 16:30:07: [basecommands.smx] "Console<0><Console><Console>" changed cvar (cvar "l4d2_addons_eclipse") (value "0")
L 11/25/2021 - 16:30:07: [basecommands.smx] "Console<0><Console><Console>" changed cvar (cvar "sv_allow_wait_command") (value "0")
L 11/25/2021 - 16:30:07: [basecommands.smx] "Console<0><Console><Console>" changed cvar (cvar "sv_minrate") (value "67000")
L 11/25/2021 - 16:30:07: [basecommands.smx] "Console<0><Console><Console>" changed cvar (cvar "sv_maxrate") (value "67000")
L 11/25/2021 - 16:30:07: [basecommands.smx] "Console<0><Console><Console>" changed cvar (cvar "sv_mincmdrate") (value "67")
L 11/25/2021 - 16:30:07: [basecommands.smx] "Console<0><Console><Console>" changed cvar (cvar "sv_maxcmdrate") (value "67")
L 11/25/2021 - 16:30:07: [basecommands.smx] "Console<0><Console><Console>" changed cvar (cvar "sv_minupdaterate") (value "67")
L 11/25/2021 - 16:30:07: [basecommands.smx] "Console<0><Console><Console>" changed cvar (cvar "sv_maxupdaterate") (value "67")
L 11/25/2021 - 16:30:07: [basecommands.smx] "Console<0><Console><Console>" changed cvar (cvar "nb_update_frequency") (value "0.03")
L 11/25/2021 - 16:30:07: [basecommands.smx] "Console<0><Console><Console>" changed cvar (cvar "net_splitpacket_maxrate") (value "33500")
L 11/25/2021 - 16:30:07: [basecommands.smx] "Console<0><Console><Console>" changed cvar (cvar "sv_client_min_interp_ratio") (value "0")
L 11/25/2021 - 16:30:07: [basecommands.smx] "Console<0><Console><Console>" changed cvar (cvar "sv_client_max_interp_ratio") (value "2")
L 11/25/2021 - 16:30:07: [basecommands.smx] "Console<0><Console><Console>" changed cvar (cvar "fps_max") (value "0")
L 11/25/2021 - 16:30:07: [basecommands.smx] "Console<0><Console><Console>" changed cvar (cvar "mv_maxplayers") (value "16")
L 11/25/2021 - 16:30:07: [basecommands.smx] "Console<0><Console><Console>" changed cvar (cvar "sv_maxplayers") (value "16")
L 11/25/2021 - 16:30:07: [basecommands.smx] "Console<0><Console><Console>" changed cvar (cvar "sv_allowdownload") (value "1")
L 11/25/2021 - 16:30:07: [basecommands.smx] "Console<0><Console><Console>" changed cvar (cvar "vs_max_team_switches") (value "9999")
L 11/25/2021 - 16:30:07: [basecommands.smx] "Console<0><Console><Console>" changed cvar (cvar "mp_autoteambalance") (value "0")
L 11/25/2021 - 16:30:07: [basecommands.smx] "Console<0><Console><Console>" changed cvar (cvar "sv_unlag_fixstuck") (value "1")
L 11/25/2021 - 16:30:07: [basecommands.smx] "Console<0><Console><Console>" changed cvar (cvar "z_brawl_chance") (value "0")
L 11/25/2021 - 16:30:07: [basecommands.smx] "Console<0><Console><Console>" changed cvar (cvar "sv_maxunlag") (value "1")
L 11/25/2021 - 16:30:07: [basecommands.smx] "Console<0><Console><Console>" changed cvar (cvar "sv_forcepreload") (value "1")
L 11/25/2021 - 16:30:07: [basecommands.smx] "Console<0><Console><Console>" changed cvar (cvar "sv_client_predict") (value "1")
L 11/25/2021 - 16:30:07: [basecommands.smx] "Console<0><Console><Console>" changed cvar (cvar "sv_client_cmdrate_difference") (value "0")
L 11/25/2021 - 16:30:07: [basecommands.smx] "Console<0><Console><Console>" changed cvar (cvar "sv_max_queries_sec_global") (value "10")
L 11/25/2021 - 16:30:07: [basecommands.smx] "Console<0><Console><Console>" changed cvar (cvar "sv_max_queries_sec") (value "3")
L 11/25/2021 - 16:30:07: [basecommands.smx] "Console<0><Console><Console>" changed cvar (cvar "sv_max_queries_window") (value "10")
L 11/25/2021 - 16:30:07: [basecommands.smx] "Console<0><Console><Console>" changed cvar (cvar "sv_player_stuck_tolerance") (value "5")
L 11/25/2021 - 16:30:07: [basecommands.smx] "Console<0><Console><Console>" changed cvar (cvar "sv_stats") (value "0")
L 11/25/2021 - 16:30:07: [basecommands.smx] "Console<0><Console><Console>" changed cvar (cvar "sv_clockcorrection_msecs") (value "25")
L 11/25/2021 - 16:30:07: [basecommands.smx] "Console<0><Console><Console>" changed cvar (cvar "z_max_neighbor_range") (value "16")
L 11/25/2021 - 16:30:07: [basecommands.smx] "Console<0><Console><Console>" changed cvar (cvar "nb_friction_forward") (value "0")
L 11/25/2021 - 16:30:07: [fixes/firebulletsfix.smx] Found offset for Weapon_ShootPosition 286
L 11/25/2021 - 16:30:11: -------- Mapchange to c1m1_hotel --------
L 11/25/2021 - 16:30:11: [basecommands.smx] "Console<0><Console><Console>" changed cvar (cvar "confogl_match_execcfg_plugins") (value "generalfixes.cfg;confogl_plugins.cfg;sharedplugins.cfg")
L 11/25/2021 - 16:30:11: [basecommands.smx] "Console<0><Console><Console>" changed cvar (cvar "l4d2_addons_eclipse") (value "0")
L 11/25/2021 - 16:30:11: [basecommands.smx] "Console<0><Console><Console>" changed cvar (cvar "sv_allow_wait_command") (value "0")
L 11/25/2021 - 16:30:11: [basecommands.smx] "Console<0><Console><Console>" changed cvar (cvar "sv_minrate") (value "67000")
L 11/25/2021 - 16:30:11: [basecommands.smx] "Console<0><Console><Console>" changed cvar (cvar "sv_maxrate") (value "67000")
L 11/25/2021 - 16:30:11: [basecommands.smx] "Console<0><Console><Console>" changed cvar (cvar "sv_mincmdrate") (value "67")
L 11/25/2021 - 16:30:11: [basecommands.smx] "Console<0><Console><Console>" changed cvar (cvar "sv_maxcmdrate") (value "67")
L 11/25/2021 - 16:30:11: [basecommands.smx] "Console<0><Console><Console>" changed cvar (cvar "sv_minupdaterate") (value "67")
L 11/25/2021 - 16:30:11: [basecommands.smx] "Console<0><Console><Console>" changed cvar (cvar "sv_maxupdaterate") (value "67")
L 11/25/2021 - 16:30:11: [basecommands.smx] "Console<0><Console><Console>" changed cvar (cvar "nb_update_frequency") (value "0.03")
L 11/25/2021 - 16:30:11: [basecommands.smx] "Console<0><Console><Console>" changed cvar (cvar "net_splitpacket_maxrate") (value "33500")
L 11/25/2021 - 16:30:11: [basecommands.smx] "Console<0><Console><Console>" changed cvar (cvar "sv_client_min_interp_ratio") (value "0")
L 11/25/2021 - 16:30:11: [basecommands.smx] "Console<0><Console><Console>" changed cvar (cvar "sv_client_max_interp_ratio") (value "2")
L 11/25/2021 - 16:30:11: [basecommands.smx] "Console<0><Console><Console>" changed cvar (cvar "fps_max") (value "0")
L 11/25/2021 - 16:30:11: [basecommands.smx] "Console<0><Console><Console>" changed cvar (cvar "mv_maxplayers") (value "16")
L 11/25/2021 - 16:30:11: [basecommands.smx] "Console<0><Console><Console>" changed cvar (cvar "sv_maxplayers") (value "16")
L 11/25/2021 - 16:30:11: [basecommands.smx] "Console<0><Console><Console>" changed cvar (cvar "sv_allowdownload") (value "1")
L 11/25/2021 - 16:30:11: [basecommands.smx] "Console<0><Console><Console>" changed cvar (cvar "l4d_nth_joininfected") (value "1")
L 11/25/2021 - 16:30:11: [basecommands.smx] "Console<0><Console><Console>" changed cvar (cvar "l4d_nth_joinsurvivors") (value "1")
L 11/25/2021 - 16:30:11: [basecommands.smx] "Console<0><Console><Console>" changed cvar (cvar "l4d_nth_kill") (value "0")
L 11/25/2021 - 16:30:11: [basecommands.smx] "Console<0><Console><Console>" changed cvar (cvar "l4d_nth_spectate") (value "1")
L 11/25/2021 - 16:30:11: [basecommands.smx] "Console<0><Console><Console>" changed cvar (cvar "l4d_nth_message") (value "0")
L 11/25/2021 - 16:30:11: [basecommands.smx] "Console<0><Console><Console>" changed cvar (cvar "l4d_nth_timerrepeat") (value "9999")
L 11/25/2021 - 16:30:11: [basecommands.smx] "Console<0><Console><Console>" changed cvar (cvar "vs_max_team_switches") (value "9999")
L 11/25/2021 - 16:30:11: [basecommands.smx] "Console<0><Console><Console>" changed cvar (cvar "mp_autoteambalance") (value "0")
L 11/25/2021 - 16:30:11: [basecommands.smx] "Console<0><Console><Console>" changed cvar (cvar "sv_unlag_fixstuck") (value "1")
L 11/25/2021 - 16:30:11: [basecommands.smx] "Console<0><Console><Console>" changed cvar (cvar "z_brawl_chance") (value "0")
L 11/25/2021 - 16:30:11: [basecommands.smx] "Console<0><Console><Console>" changed cvar (cvar "sv_maxunlag") (value "1")
L 11/25/2021 - 16:30:11: [basecommands.smx] "Console<0><Console><Console>" changed cvar (cvar "sv_forcepreload") (value "1")
L 11/25/2021 - 16:30:11: [basecommands.smx] "Console<0><Console><Console>" changed cvar (cvar "sv_client_predict") (value "1")
L 11/25/2021 - 16:30:11: [basecommands.smx] "Console<0><Console><Console>" changed cvar (cvar "sv_client_cmdrate_difference") (value "0")
L 11/25/2021 - 16:30:11: [basecommands.smx] "Console<0><Console><Console>" changed cvar (cvar "sv_max_queries_sec_global") (value "10")
L 11/25/2021 - 16:30:11: [basecommands.smx] "Console<0><Console><Console>" changed cvar (cvar "sv_max_queries_sec") (value "3")
L 11/25/2021 - 16:30:11: [basecommands.smx] "Console<0><Console><Console>" changed cvar (cvar "sv_max_queries_window") (value "10")
L 11/25/2021 - 16:30:11: [basecommands.smx] "Console<0><Console><Console>" changed cvar (cvar "sv_player_stuck_tolerance") (value "5")
L 11/25/2021 - 16:30:11: [basecommands.smx] "Console<0><Console><Console>" changed cvar (cvar "sv_stats") (value "0")
L 11/25/2021 - 16:30:11: [basecommands.smx] "Console<0><Console><Console>" changed cvar (cvar "sv_clockcorrection_msecs") (value "25")
L 11/25/2021 - 16:30:11: [basecommands.smx] "Console<0><Console><Console>" changed cvar (cvar "z_max_neighbor_range") (value "16")
L 11/25/2021 - 16:30:11: [basecommands.smx] "Console<0><Console><Console>" changed cvar (cvar "nb_friction_forward") (value "0")
L 11/25/2021 - 21:15:07: -------- Mapchange to c11m1_greenhouse --------
L 11/25/2021 - 21:15:08: [basecommands.smx] "Console<0><Console><Console>" changed cvar (cvar "confogl_match_execcfg_plugins") (value "generalfixes.cfg;confogl_plugins.cfg;sharedplugins.cfg")
L 11/25/2021 - 21:15:08: [basecommands.smx] "Console<0><Console><Console>" changed cvar (cvar "l4d2_addons_eclipse") (value "0")
L 11/25/2021 - 21:15:08: [basecommands.smx] "Console<0><Console><Console>" changed cvar (cvar "sv_allow_wait_command") (value "0")
L 11/25/2021 - 21:15:08: [basecommands.smx] "Console<0><Console><Console>" changed cvar (cvar "sv_minrate") (value "67000")
L 11/25/2021 - 21:15:08: [basecommands.smx] "Console<0><Console><Console>" changed cvar (cvar "sv_maxrate") (value "67000")
L 11/25/2021 - 21:15:08: [basecommands.smx] "Console<0><Console><Console>" changed cvar (cvar "sv_mincmdrate") (value "67")
L 11/25/2021 - 21:15:08: [basecommands.smx] "Console<0><Console><Console>" changed cvar (cvar "sv_maxcmdrate") (value "67")
L 11/25/2021 - 21:15:08: [basecommands.smx] "Console<0><Console><Console>" changed cvar (cvar "sv_minupdaterate") (value "67")
L 11/25/2021 - 21:15:08: [basecommands.smx] "Console<0><Console><Console>" changed cvar (cvar "sv_maxupdaterate") (value "67")
L 11/25/2021 - 21:15:08: [basecommands.smx] "Console<0><Console><Console>" changed cvar (cvar "nb_update_frequency") (value "0.03")
L 11/25/2021 - 21:15:08: [basecommands.smx] "Console<0><Console><Console>" changed cvar (cvar "net_splitpacket_maxrate") (value "33500")
L 11/25/2021 - 21:15:08: [basecommands.smx] "Console<0><Console><Console>" changed cvar (cvar "sv_client_min_interp_ratio") (value "0")
L 11/25/2021 - 21:15:08: [basecommands.smx] "Console<0><Console><Console>" changed cvar (cvar "sv_client_max_interp_ratio") (value "2")
L 11/25/2021 - 21:15:08: [basecommands.smx] "Console<0><Console><Console>" changed cvar (cvar "fps_max") (value "0")
L 11/25/2021 - 21:15:08: [basecommands.smx] "Console<0><Console><Console>" changed cvar (cvar "mv_maxplayers") (value "16")
L 11/25/2021 - 21:15:08: [basecommands.smx] "Console<0><Console><Console>" changed cvar (cvar "sv_maxplayers") (value "16")
L 11/25/2021 - 21:15:08: [basecommands.smx] "Console<0><Console><Console>" changed cvar (cvar "sv_allowdownload") (value "1")
L 11/25/2021 - 21:15:08: [basecommands.smx] "Console<0><Console><Console>" changed cvar (cvar "l4d_nth_joininfected") (value "1")
L 11/25/2021 - 21:15:08: [basecommands.smx] "Console<0><Console><Console>" changed cvar (cvar "l4d_nth_joinsurvivors") (value "1")
L 11/25/2021 - 21:15:08: [basecommands.smx] "Console<0><Console><Console>" changed cvar (cvar "l4d_nth_kill") (value "0")
L 11/25/2021 - 21:15:08: [basecommands.smx] "Console<0><Console><Console>" changed cvar (cvar "l4d_nth_spectate") (value "1")
L 11/25/2021 - 21:15:08: [basecommands.smx] "Console<0><Console><Console>" changed cvar (cvar "l4d_nth_message") (value "0")
L 11/25/2021 - 21:15:08: [basecommands.smx] "Console<0><Console><Console>" changed cvar (cvar "l4d_nth_timerrepeat") (value "9999")
L 11/25/2021 - 21:15:08: [basecommands.smx] "Console<0><Console><Console>" changed cvar (cvar "vs_max_team_switches") (value "9999")
L 11/25/2021 - 21:15:08: [basecommands.smx] "Console<0><Console><Console>" changed cvar (cvar "mp_autoteambalance") (value "0")
L 11/25/2021 - 21:15:08: [basecommands.smx] "Console<0><Console><Console>" changed cvar (cvar "sv_unlag_fixstuck") (value "1")
L 11/25/2021 - 21:15:08: [basecommands.smx] "Console<0><Console><Console>" changed cvar (cvar "z_brawl_chance") (value "0")
L 11/25/2021 - 21:15:08: [basecommands.smx] "Console<0><Console><Console>" changed cvar (cvar "sv_maxunlag") (value "1")
L 11/25/2021 - 21:15:08: [basecommands.smx] "Console<0><Console><Console>" changed cvar (cvar "sv_forcepreload") (value "1")
L 11/25/2021 - 21:15:08: [basecommands.smx] "Console<0><Console><Console>" changed cvar (cvar "sv_client_predict") (value "1")
L 11/25/2021 - 21:15:08: [basecommands.smx] "Console<0><Console><Console>" changed cvar (cvar "sv_client_cmdrate_difference") (value "0")
L 11/25/2021 - 21:15:08: [basecommands.smx] "Console<0><Console><Console>" changed cvar (cvar "sv_max_queries_sec_global") (value "10")
L 11/25/2021 - 21:15:08: [basecommands.smx] "Console<0><Console><Console>" changed cvar (cvar "sv_max_queries_sec") (value "3")
L 11/25/2021 - 21:15:08: [basecommands.smx] "Console<0><Console><Console>" changed cvar (cvar "sv_max_queries_window") (value "10")
L 11/25/2021 - 21:15:08: [basecommands.smx] "Console<0><Console><Console>" changed cvar (cvar "sv_player_stuck_tolerance") (value "5")
L 11/25/2021 - 21:15:08: [basecommands.smx] "Console<0><Console><Console>" changed cvar (cvar "sv_stats") (value "0")
L 11/25/2021 - 21:15:08: [basecommands.smx] "Console<0><Console><Console>" changed cvar (cvar "sv_clockcorrection_msecs") (value "25")
L 11/25/2021 - 21:15:08: [basecommands.smx] "Console<0><Console><Console>" changed cvar (cvar "z_max_neighbor_range") (value "16")
L 11/25/2021 - 21:15:08: [basecommands.smx] "Console<0><Console><Console>" changed cvar (cvar "nb_friction_forward") (value "0")
L 11/25/2021 - 21:17:49: [optional/kether/autopause.smx] [AutoPause] Player STEAM_1:1:23591579 left the game with -162.701492 time until spawn.
L 11/25/2021 - 21:17:49: [optional/kether/autopause.smx] [AutoPause] Player STEAM_1:0:23647519 left the game with -162.701492 time until spawn.
L 11/25/2021 - 21:17:49: [optional/kether/autopause.smx] [AutoPause] Player STEAM_1:1:439073567 left the game with -162.701492 time until spawn.
L 11/25/2021 - 21:17:49: [optional/kether/autopause.smx] [AutoPause] Player STEAM_1:1:25897568 left the game with -162.701492 time until spawn.
L 11/25/2021 - 21:18:03: SourceMod log file session started (file "/home/k26606_s20329/server_20329/left4dead2/addons/sourcemod/logs/L20211125.log") (Version "1.10.0.6494")
L 11/25/2021 - 21:18:03: [fixes/firebulletsfix.smx] Found offset for Weapon_ShootPosition 286
L 11/25/2021 - 21:18:04: [navmesh.smx] Found .NAV file in maps\c1m1_hotel.nav
L 11/25/2021 - 21:18:04: [navmesh.smx] Is mesh analyzed: 1
L 11/25/2021 - 21:18:04: [navmesh.smx] Nav version: 16; SubVersion: 14 (v10+); BSPSize: 32807960; MagicNumber: -17958194
L 11/25/2021 - 21:18:04: [navmesh.smx] Place count: 0
L 11/25/2021 - 21:18:04: [navmesh.smx] Has unnamed areas: true
L 11/25/2021 - 21:18:04: [navmesh.smx] Population type: c1streets
L 11/25/2021 - 21:18:04: [navmesh.smx] Area count: 1582
L 11/25/2021 - 21:18:04: [navmesh.smx] Parsed 1582 areas in 0.018885 seconds.
L 11/25/2021 - 21:18:04: [navmesh.smx] Ladder count: 0
L 11/25/2021 - 21:18:04: [basecommands.smx] "Console<0><Console><Console>" changed cvar (cvar "confogl_match_execcfg_plugins") (value "generalfixes.cfg;confogl_plugins.cfg;sharedplugins.cfg")
L 11/25/2021 - 21:18:04: [basecommands.smx] "Console<0><Console><Console>" changed cvar (cvar "l4d2_addons_eclipse") (value "0")
L 11/25/2021 - 21:18:04: [basecommands.smx] "Console<0><Console><Console>" changed cvar (cvar "sv_allow_wait_command") (value "0")
L 11/25/2021 - 21:18:04: [basecommands.smx] "Console<0><Console><Console>" changed cvar (cvar "sv_minrate") (value "67000")
L 11/25/2021 - 21:18:04: [basecommands.smx] "Console<0><Console><Console>" changed cvar (cvar "sv_maxrate") (value "67000")
L 11/25/2021 - 21:18:04: [basecommands.smx] "Console<0><Console><Console>" changed cvar (cvar "sv_mincmdrate") (value "67")
L 11/25/2021 - 21:18:04: [basecommands.smx] "Console<0><Console><Console>" changed cvar (cvar "sv_maxcmdrate") (value "67")
L 11/25/2021 - 21:18:04: [basecommands.smx] "Console<0><Console><Console>" changed cvar (cvar "sv_minupdaterate") (value "67")
L 11/25/2021 - 21:18:04: [basecommands.smx] "Console<0><Console><Console>" changed cvar (cvar "sv_maxupdaterate") (value "67")
L 11/25/2021 - 21:18:04: [basecommands.smx] "Console<0><Console><Console>" changed cvar (cvar "nb_update_frequency") (value "0.03")
L 11/25/2021 - 21:18:04: [basecommands.smx] "Console<0><Console><Console>" changed cvar (cvar "net_splitpacket_maxrate") (value "33500")
L 11/25/2021 - 21:18:04: [basecommands.smx] "Console<0><Console><Console>" changed cvar (cvar "sv_client_min_interp_ratio") (value "0")
L 11/25/2021 - 21:18:04: [basecommands.smx] "Console<0><Console><Console>" changed cvar (cvar "sv_client_max_interp_ratio") (value "2")
L 11/25/2021 - 21:18:04: [basecommands.smx] "Console<0><Console><Console>" changed cvar (cvar "fps_max") (value "0")
L 11/25/2021 - 21:18:04: [basecommands.smx] "Console<0><Console><Console>" changed cvar (cvar "mv_maxplayers") (value "16")
L 11/25/2021 - 21:18:04: [basecommands.smx] "Console<0><Console><Console>" changed cvar (cvar "sv_maxplayers") (value "16")
L 11/25/2021 - 21:18:04: [basecommands.smx] "Console<0><Console><Console>" changed cvar (cvar "sv_allowdownload") (value "1")
L 11/25/2021 - 21:18:04: [basecommands.smx] "Console<0><Console><Console>" changed cvar (cvar "vs_max_team_switches") (value "9999")
L 11/25/2021 - 21:18:04: [basecommands.smx] "Console<0><Console><Console>" changed cvar (cvar "mp_autoteambalance") (value "0")
L 11/25/2021 - 21:18:04: [basecommands.smx] "Console<0><Console><Console>" changed cvar (cvar "sv_unlag_fixstuck") (value "1")
L 11/25/2021 - 21:18:04: [basecommands.smx] "Console<0><Console><Console>" changed cvar (cvar "z_brawl_chance") (value "0")
L 11/25/2021 - 21:18:04: [basecommands.smx] "Console<0><Console><Console>" changed cvar (cvar "sv_maxunlag") (value "1")
L 11/25/2021 - 21:18:04: [basecommands.smx] "Console<0><Console><Console>" changed cvar (cvar "sv_forcepreload") (value "1")
L 11/25/2021 - 21:18:04: [basecommands.smx] "Console<0><Console><Console>" changed cvar (cvar "sv_client_predict") (value "1")
L 11/25/2021 - 21:18:04: [basecommands.smx] "Console<0><Console><Console>" changed cvar (cvar "sv_client_cmdrate_difference") (value "0")
L 11/25/2021 - 21:18:04: [basecommands.smx] "Console<0><Console><Console>" changed cvar (cvar "sv_max_queries_sec_global") (value "10")
L 11/25/2021 - 21:18:04: [basecommands.smx] "Console<0><Console><Console>" changed cvar (cvar "sv_max_queries_sec") (value "3")
L 11/25/2021 - 21:18:04: [basecommands.smx] "Console<0><Console><Console>" changed cvar (cvar "sv_max_queries_window") (value "10")
L 11/25/2021 - 21:18:04: [basecommands.smx] "Console<0><Console><Console>" changed cvar (cvar "sv_player_stuck_tolerance") (value "5")
L 11/25/2021 - 21:18:04: [basecommands.smx] "Console<0><Console><Console>" changed cvar (cvar "sv_stats") (value "0")
L 11/25/2021 - 21:18:04: [basecommands.smx] "Console<0><Console><Console>" changed cvar (cvar "sv_clockcorrection_msecs") (value "25")
L 11/25/2021 - 21:18:04: [basecommands.smx] "Console<0><Console><Console>" changed cvar (cvar "z_max_neighbor_range") (value "16")
L 11/25/2021 - 21:18:04: [basecommands.smx] "Console<0><Console><Console>" changed cvar (cvar "nb_friction_forward") (value "0")
L 11/25/2021 - 21:18:05: [fixes/firebulletsfix.smx] Found offset for Weapon_ShootPosition 286
L 11/25/2021 - 21:18:08: -------- Mapchange to c1m1_hotel --------
L 11/25/2021 - 21:18:09: [basecommands.smx] "Console<0><Console><Console>" changed cvar (cvar "confogl_match_execcfg_plugins") (value "generalfixes.cfg;confogl_plugins.cfg;sharedplugins.cfg")
L 11/25/2021 - 21:18:09: [basecommands.smx] "Console<0><Console><Console>" changed cvar (cvar "l4d2_addons_eclipse") (value "0")
L 11/25/2021 - 21:18:09: [basecommands.smx] "Console<0><Console><Console>" changed cvar (cvar "sv_allow_wait_command") (value "0")
L 11/25/2021 - 21:18:09: [basecommands.smx] "Console<0><Console><Console>" changed cvar (cvar "sv_minrate") (value "67000")
L 11/25/2021 - 21:18:09: [basecommands.smx] "Console<0><Console><Console>" changed cvar (cvar "sv_maxrate") (value "67000")
L 11/25/2021 - 21:18:09: [basecommands.smx] "Console<0><Console><Console>" changed cvar (cvar "sv_mincmdrate") (value "67")
L 11/25/2021 - 21:18:09: [basecommands.smx] "Console<0><Console><Console>" changed cvar (cvar "sv_maxcmdrate") (value "67")
L 11/25/2021 - 21:18:09: [basecommands.smx] "Console<0><Console><Console>" changed cvar (cvar "sv_minupdaterate") (value "67")
L 11/25/2021 - 21:18:09: [basecommands.smx] "Console<0><Console><Console>" changed cvar (cvar "sv_maxupdaterate") (value "67")
L 11/25/2021 - 21:18:09: [basecommands.smx] "Console<0><Console><Console>" changed cvar (cvar "nb_update_frequency") (value "0.03")
L 11/25/2021 - 21:18:09: [basecommands.smx] "Console<0><Console><Console>" changed cvar (cvar "net_splitpacket_maxrate") (value "33500")
L 11/25/2021 - 21:18:09: [basecommands.smx] "Console<0><Console><Console>" changed cvar (cvar "sv_client_min_interp_ratio") (value "0")
L 11/25/2021 - 21:18:09: [basecommands.smx] "Console<0><Console><Console>" changed cvar (cvar "sv_client_max_interp_ratio") (value "2")
L 11/25/2021 - 21:18:09: [basecommands.smx] "Console<0><Console><Console>" changed cvar (cvar "fps_max") (value "0")
L 11/25/2021 - 21:18:09: [basecommands.smx] "Console<0><Console><Console>" changed cvar (cvar "mv_maxplayers") (value "16")
L 11/25/2021 - 21:18:09: [basecommands.smx] "Console<0><Console><Console>" changed cvar (cvar "sv_maxplayers") (value "16")
L 11/25/2021 - 21:18:09: [basecommands.smx] "Console<0><Console><Console>" changed cvar (cvar "sv_allowdownload") (value "1")
L 11/25/2021 - 21:18:09: [basecommands.smx] "Console<0><Console><Console>" changed cvar (cvar "l4d_nth_joininfected") (value "1")
L 11/25/2021 - 21:18:09: [basecommands.smx] "Console<0><Console><Console>" changed cvar (cvar "l4d_nth_joinsurvivors") (value "1")
L 11/25/2021 - 21:18:09: [basecommands.smx] "Console<0><Console><Console>" changed cvar (cvar "l4d_nth_kill") (value "0")
L 11/25/2021 - 21:18:09: [basecommands.smx] "Console<0><Console><Console>" changed cvar (cvar "l4d_nth_spectate") (value "1")
L 11/25/2021 - 21:18:09: [basecommands.smx] "Console<0><Console><Console>" changed cvar (cvar "l4d_nth_message") (value "0")
L 11/25/2021 - 21:18:09: [basecommands.smx] "Console<0><Console><Console>" changed cvar (cvar "l4d_nth_timerrepeat") (value "9999")
L 11/25/2021 - 21:18:09: [basecommands.smx] "Console<0><Console><Console>" changed cvar (cvar "vs_max_team_switches") (value "9999")
L 11/25/2021 - 21:18:09: [basecommands.smx] "Console<0><Console><Console>" changed cvar (cvar "mp_autoteambalance") (value "0")
L 11/25/2021 - 21:18:09: [basecommands.smx] "Console<0><Console><Console>" changed cvar (cvar "sv_unlag_fixstuck") (value "1")
L 11/25/2021 - 21:18:09: [basecommands.smx] "Console<0><Console><Console>" changed cvar (cvar "z_brawl_chance") (value "0")
L 11/25/2021 - 21:18:09: [basecommands.smx] "Console<0><Console><Console>" changed cvar (cvar "sv_maxunlag") (value "1")
L 11/25/2021 - 21:18:09: [basecommands.smx] "Console<0><Console><Console>" changed cvar (cvar "sv_forcepreload") (value "1")
L 11/25/2021 - 21:18:09: [basecommands.smx] "Console<0><Console><Console>" changed cvar (cvar "sv_client_predict") (value "1")
L 11/25/2021 - 21:18:09: [basecommands.smx] "Console<0><Console><Console>" changed cvar (cvar "sv_client_cmdrate_difference") (value "0")
L 11/25/2021 - 21:18:09: [basecommands.smx] "Console<0><Console><Console>" changed cvar (cvar "sv_max_queries_sec_global") (value "10")
L 11/25/2021 - 21:18:09: [basecommands.smx] "Console<0><Console><Console>" changed cvar (cvar "sv_max_queries_sec") (value "3")
L 11/25/2021 - 21:18:09: [basecommands.smx] "Console<0><Console><Console>" changed cvar (cvar "sv_max_queries_window") (value "10")
L 11/25/2021 - 21:18:09: [basecommands.smx] "Console<0><Console><Console>" changed cvar (cvar "sv_player_stuck_tolerance") (value "5")
L 11/25/2021 - 21:18:09: [basecommands.smx] "Console<0><Console><Console>" changed cvar (cvar "sv_stats") (value "0")
L 11/25/2021 - 21:18:09: [basecommands.smx] "Console<0><Console><Console>" changed cvar (cvar "sv_clockcorrection_msecs") (value "25")
L 11/25/2021 - 21:18:09: [basecommands.smx] "Console<0><Console><Console>" changed cvar (cvar "z_max_neighbor_range") (value "16")
L 11/25/2021 - 21:18:09: [basecommands.smx] "Console<0><Console><Console>" changed cvar (cvar "nb_friction_forward") (value "0")
L 11/25/2021 - 21:19:16: [optional/kether/autopause.smx] [AutoPause] Player STEAM_1:0:597249939 left the game with -29.328357 time until spawn.
L 11/25/2021 - 21:19:28: SourceMod log file session started (file "/home/k26606_s20329/server_20329/left4dead2/addons/sourcemod/logs/L20211125.log") (Version "1.10.0.6494")
L 11/25/2021 - 21:19:28: [fixes/firebulletsfix.smx] Found offset for Weapon_ShootPosition 286
L 11/25/2021 - 21:19:29: [navmesh.smx] Found .NAV file in maps\c1m1_hotel.nav
L 11/25/2021 - 21:19:29: [navmesh.smx] Is mesh analyzed: 1
L 11/25/2021 - 21:19:29: [navmesh.smx] Nav version: 16; SubVersion: 14 (v10+); BSPSize: 32807960; MagicNumber: -17958194
L 11/25/2021 - 21:19:29: [navmesh.smx] Place count: 0
L 11/25/2021 - 21:19:29: [navmesh.smx] Has unnamed areas: true
L 11/25/2021 - 21:19:29: [navmesh.smx] Population type: c1streets
L 11/25/2021 - 21:19:29: [navmesh.smx] Area count: 1582
L 11/25/2021 - 21:19:29: [navmesh.smx] Parsed 1582 areas in 0.018249 seconds.
L 11/25/2021 - 21:19:29: [navmesh.smx] Ladder count: 0
L 11/25/2021 - 21:19:29: [basecommands.smx] "Console<0><Console><Console>" changed cvar (cvar "confogl_match_execcfg_plugins") (value "generalfixes.cfg;confogl_plugins.cfg;sharedplugins.cfg")
L 11/25/2021 - 21:19:29: [basecommands.smx] "Console<0><Console><Console>" changed cvar (cvar "l4d2_addons_eclipse") (value "0")
L 11/25/2021 - 21:19:29: [basecommands.smx] "Console<0><Console><Console>" changed cvar (cvar "sv_allow_wait_command") (value "0")
L 11/25/2021 - 21:19:29: [basecommands.smx] "Console<0><Console><Console>" changed cvar (cvar "sv_minrate") (value "67000")
L 11/25/2021 - 21:19:29: [basecommands.smx] "Console<0><Console><Console>" changed cvar (cvar "sv_maxrate") (value "67000")
L 11/25/2021 - 21:19:29: [basecommands.smx] "Console<0><Console><Console>" changed cvar (cvar "sv_mincmdrate") (value "67")
L 11/25/2021 - 21:19:29: [basecommands.smx] "Console<0><Console><Console>" changed cvar (cvar "sv_maxcmdrate") (value "67")
L 11/25/2021 - 21:19:29: [basecommands.smx] "Console<0><Console><Console>" changed cvar (cvar "sv_minupdaterate") (value "67")
L 11/25/2021 - 21:19:29: [basecommands.smx] "Console<0><Console><Console>" changed cvar (cvar "sv_maxupdaterate") (value "67")
L 11/25/2021 - 21:19:29: [basecommands.smx] "Console<0><Console><Console>" changed cvar (cvar "nb_update_frequency") (value "0.03")
L 11/25/2021 - 21:19:29: [basecommands.smx] "Console<0><Console><Console>" changed cvar (cvar "net_splitpacket_maxrate") (value "33500")
L 11/25/2021 - 21:19:29: [basecommands.smx] "Console<0><Console><Console>" changed cvar (cvar "sv_client_min_interp_ratio") (value "0")
L 11/25/2021 - 21:19:29: [basecommands.smx] "Console<0><Console><Console>" changed cvar (cvar "sv_client_max_interp_ratio") (value "2")
L 11/25/2021 - 21:19:29: [basecommands.smx] "Console<0><Console><Console>" changed cvar (cvar "fps_max") (value "0")
L 11/25/2021 - 21:19:29: [basecommands.smx] "Console<0><Console><Console>" changed cvar (cvar "mv_maxplayers") (value "16")
L 11/25/2021 - 21:19:29: [basecommands.smx] "Console<0><Console><Console>" changed cvar (cvar "sv_maxplayers") (value "16")
L 11/25/2021 - 21:19:29: [basecommands.smx] "Console<0><Console><Console>" changed cvar (cvar "sv_allowdownload") (value "1")
L 11/25/2021 - 21:19:29: [basecommands.smx] "Console<0><Console><Console>" changed cvar (cvar "vs_max_team_switches") (value "9999")
L 11/25/2021 - 21:19:29: [basecommands.smx] "Console<0><Console><Console>" changed cvar (cvar "mp_autoteambalance") (value "0")
L 11/25/2021 - 21:19:29: [basecommands.smx] "Console<0><Console><Console>" changed cvar (cvar "sv_unlag_fixstuck") (value "1")
L 11/25/2021 - 21:19:29: [basecommands.smx] "Console<0><Console><Console>" changed cvar (cvar "z_brawl_chance") (value "0")
L 11/25/2021 - 21:19:29: [basecommands.smx] "Console<0><Console><Console>" changed cvar (cvar "sv_maxunlag") (value "1")
L 11/25/2021 - 21:19:29: [basecommands.smx] "Console<0><Console><Console>" changed cvar (cvar "sv_forcepreload") (value "1")
L 11/25/2021 - 21:19:29: [basecommands.smx] "Console<0><Console><Console>" changed cvar (cvar "sv_client_predict") (value "1")
L 11/25/2021 - 21:19:29: [basecommands.smx] "Console<0><Console><Console>" changed cvar (cvar "sv_client_cmdrate_difference") (value "0")
L 11/25/2021 - 21:19:29: [basecommands.smx] "Console<0><Console><Console>" changed cvar (cvar "sv_max_queries_sec_global") (value "10")
L 11/25/2021 - 21:19:29: [basecommands.smx] "Console<0><Console><Console>" changed cvar (cvar "sv_max_queries_sec") (value "3")
L 11/25/2021 - 21:19:29: [basecommands.smx] "Console<0><Console><Console>" changed cvar (cvar "sv_max_queries_window") (value "10")
L 11/25/2021 - 21:19:29: [basecommands.smx] "Console<0><Console><Console>" changed cvar (cvar "sv_player_stuck_tolerance") (value "5")
L 11/25/2021 - 21:19:29: [basecommands.smx] "Console<0><Console><Console>" changed cvar (cvar "sv_stats") (value "0")
L 11/25/2021 - 21:19:29: [basecommands.smx] "Console<0><Console><Console>" changed cvar (cvar "sv_clockcorrection_msecs") (value "25")
L 11/25/2021 - 21:19:29: [basecommands.smx] "Console<0><Console><Console>" changed cvar (cvar "z_max_neighbor_range") (value "16")
L 11/25/2021 - 21:19:29: [basecommands.smx] "Console<0><Console><Console>" changed cvar (cvar "nb_friction_forward") (value "0")
L 11/25/2021 - 21:19:30: [fixes/firebulletsfix.smx] Found offset for Weapon_ShootPosition 286
L 11/25/2021 - 21:19:33: -------- Mapchange to c1m1_hotel --------
L 11/25/2021 - 21:19:34: [basecommands.smx] "Console<0><Console><Console>" changed cvar (cvar "confogl_match_execcfg_plugins") (value "generalfixes.cfg;confogl_plugins.cfg;sharedplugins.cfg")
L 11/25/2021 - 21:19:34: [basecommands.smx] "Console<0><Console><Console>" changed cvar (cvar "l4d2_addons_eclipse") (value "0")
L 11/25/2021 - 21:19:34: [basecommands.smx] "Console<0><Console><Console>" changed cvar (cvar "sv_allow_wait_command") (value "0")
L 11/25/2021 - 21:19:34: [basecommands.smx] "Console<0><Console><Console>" changed cvar (cvar "sv_minrate") (value "67000")
L 11/25/2021 - 21:19:34: [basecommands.smx] "Console<0><Console><Console>" changed cvar (cvar "sv_maxrate") (value "67000")
L 11/25/2021 - 21:19:34: [basecommands.smx] "Console<0><Console><Console>" changed cvar (cvar "sv_mincmdrate") (value "67")
L 11/25/2021 - 21:19:34: [basecommands.smx] "Console<0><Console><Console>" changed cvar (cvar "sv_maxcmdrate") (value "67")
L 11/25/2021 - 21:19:34: [basecommands.smx] "Console<0><Console><Console>" changed cvar (cvar "sv_minupdaterate") (value "67")
L 11/25/2021 - 21:19:34: [basecommands.smx] "Console<0><Console><Console>" changed cvar (cvar "sv_maxupdaterate") (value "67")
L 11/25/2021 - 21:19:34: [basecommands.smx] "Console<0><Console><Console>" changed cvar (cvar "nb_update_frequency") (value "0.03")
L 11/25/2021 - 21:19:34: [basecommands.smx] "Console<0><Console><Console>" changed cvar (cvar "net_splitpacket_maxrate") (value "33500")
L 11/25/2021 - 21:19:34: [basecommands.smx] "Console<0><Console><Console>" changed cvar (cvar "sv_client_min_interp_ratio") (value "0")
L 11/25/2021 - 21:19:34: [basecommands.smx] "Console<0><Console><Console>" changed cvar (cvar "sv_client_max_interp_ratio") (value "2")
L 11/25/2021 - 21:19:34: [basecommands.smx] "Console<0><Console><Console>" changed cvar (cvar "fps_max") (value "0")
L 11/25/2021 - 21:19:34: [basecommands.smx] "Console<0><Console><Console>" changed cvar (cvar "mv_maxplayers") (value "16")
L 11/25/2021 - 21:19:34: [basecommands.smx] "Console<0><Console><Console>" changed cvar (cvar "sv_maxplayers") (value "16")
L 11/25/2021 - 21:19:34: [basecommands.smx] "Console<0><Console><Console>" changed cvar (cvar "sv_allowdownload") (value "1")
L 11/25/2021 - 21:19:34: [basecommands.smx] "Console<0><Console><Console>" changed cvar (cvar "l4d_nth_joininfected") (value "1")
L 11/25/2021 - 21:19:34: [basecommands.smx] "Console<0><Console><Console>" changed cvar (cvar "l4d_nth_joinsurvivors") (value "1")
L 11/25/2021 - 21:19:34: [basecommands.smx] "Console<0><Console><Console>" changed cvar (cvar "l4d_nth_kill") (value "0")
L 11/25/2021 - 21:19:34: [basecommands.smx] "Console<0><Console><Console>" changed cvar (cvar "l4d_nth_spectate") (value "1")
L 11/25/2021 - 21:19:34: [basecommands.smx] "Console<0><Console><Console>" changed cvar (cvar "l4d_nth_message") (value "0")
L 11/25/2021 - 21:19:34: [basecommands.smx] "Console<0><Console><Console>" changed cvar (cvar "l4d_nth_timerrepeat") (value "9999")
L 11/25/2021 - 21:19:34: [basecommands.smx] "Console<0><Console><Console>" changed cvar (cvar "vs_max_team_switches") (value "9999")
L 11/25/2021 - 21:19:34: [basecommands.smx] "Console<0><Console><Console>" changed cvar (cvar "mp_autoteambalance") (value "0")
L 11/25/2021 - 21:19:34: [basecommands.smx] "Console<0><Console><Console>" changed cvar (cvar "sv_unlag_fixstuck") (value "1")
L 11/25/2021 - 21:19:34: [basecommands.smx] "Console<0><Console><Console>" changed cvar (cvar "z_brawl_chance") (value "0")
L 11/25/2021 - 21:19:34: [basecommands.smx] "Console<0><Console><Console>" changed cvar (cvar "sv_maxunlag") (value "1")
L 11/25/2021 - 21:19:34: [basecommands.smx] "Console<0><Console><Console>" changed cvar (cvar "sv_forcepreload") (value "1")
L 11/25/2021 - 21:19:34: [basecommands.smx] "Console<0><Console><Console>" changed cvar (cvar "sv_client_predict") (value "1")
L 11/25/2021 - 21:19:34: [basecommands.smx] "Console<0><Console><Console>" changed cvar (cvar "sv_client_cmdrate_difference") (value "0")
L 11/25/2021 - 21:19:34: [basecommands.smx] "Console<0><Console><Console>" changed cvar (cvar "sv_max_queries_sec_global") (value "10")
L 11/25/2021 - 21:19:34: [basecommands.smx] "Console<0><Console><Console>" changed cvar (cvar "sv_max_queries_sec") (value "3")
L 11/25/2021 - 21:19:34: [basecommands.smx] "Console<0><Console><Console>" changed cvar (cvar "sv_max_queries_window") (value "10")
L 11/25/2021 - 21:19:34: [basecommands.smx] "Console<0><Console><Console>" changed cvar (cvar "sv_player_stuck_tolerance") (value "5")
L 11/25/2021 - 21:19:34: [basecommands.smx] "Console<0><Console><Console>" changed cvar (cvar "sv_stats") (value "0")
L 11/25/2021 - 21:19:34: [basecommands.smx] "Console<0><Console><Console>" changed cvar (cvar "sv_clockcorrection_msecs") (value "25")
L 11/25/2021 - 21:19:34: [basecommands.smx] "Console<0><Console><Console>" changed cvar (cvar "z_max_neighbor_range") (value "16")
L 11/25/2021 - 21:19:34: [basecommands.smx] "Console<0><Console><Console>" changed cvar (cvar "nb_friction_forward") (value "0")
L 11/27/2021 - 17:31:12: Log file closed.
