L 12/07/2021 - 17:30:18: SourceMod log file session started (file "/home/k26606_s20329/server_20329/left4dead2/addons/sourcemod/logs/L20211207.log") (Version "1.10.0.6494")
L 12/07/2021 - 17:30:18: [basecommands.smx] "Console<0><Console><Console>" changed cvar (cvar "confogl_match_execcfg_plugins") (value "generalfixes.cfg;confogl_plugins.cfg;sharedplugins.cfg")
L 12/07/2021 - 17:30:18: [basecommands.smx] "Console<0><Console><Console>" changed cvar (cvar "l4d2_addons_eclipse") (value "0")
L 12/07/2021 - 17:30:18: [basecommands.smx] "Console<0><Console><Console>" changed cvar (cvar "sv_allow_wait_command") (value "0")
L 12/07/2021 - 17:30:18: [basecommands.smx] "Console<0><Console><Console>" changed cvar (cvar "sv_minrate") (value "108000")
L 12/07/2021 - 17:30:18: [basecommands.smx] "Console<0><Console><Console>" changed cvar (cvar "sv_maxrate") (value "108000")
L 12/07/2021 - 17:30:18: [basecommands.smx] "Console<0><Console><Console>" changed cvar (cvar "sv_mincmdrate") (value "108")
L 12/07/2021 - 17:30:18: [basecommands.smx] "Console<0><Console><Console>" changed cvar (cvar "sv_maxcmdrate") (value "108")
L 12/07/2021 - 17:30:18: [basecommands.smx] "Console<0><Console><Console>" changed cvar (cvar "sv_minupdaterate") (value "108")
L 12/07/2021 - 17:30:18: [basecommands.smx] "Console<0><Console><Console>" changed cvar (cvar "sv_maxupdaterate") (value "108")
L 12/07/2021 - 17:30:18: [basecommands.smx] "Console<0><Console><Console>" changed cvar (cvar "nb_update_frequency") (value "0.024")
L 12/07/2021 - 17:30:18: [basecommands.smx] "Console<0><Console><Console>" changed cvar (cvar "net_splitpacket_maxrate") (value "54000")
L 12/07/2021 - 17:30:18: [basecommands.smx] "Console<0><Console><Console>" changed cvar (cvar "sv_client_min_interp_ratio") (value "0")
L 12/07/2021 - 17:30:18: [basecommands.smx] "Console<0><Console><Console>" changed cvar (cvar "sv_client_max_interp_ratio") (value "2")
L 12/07/2021 - 17:30:18: [basecommands.smx] "Console<0><Console><Console>" changed cvar (cvar "fps_max") (value "200")
L 12/07/2021 - 17:30:18: [basecommands.smx] "Console<0><Console><Console>" changed cvar (cvar "mv_maxplayers") (value "16")
L 12/07/2021 - 17:30:18: [basecommands.smx] "Console<0><Console><Console>" changed cvar (cvar "sv_maxplayers") (value "16")
L 12/07/2021 - 17:30:18: [basecommands.smx] "Console<0><Console><Console>" changed cvar (cvar "sv_allowdownload") (value "1")
L 12/07/2021 - 17:30:18: [basecommands.smx] "Console<0><Console><Console>" changed cvar (cvar "l4d_nth_joininfected") (value "1")
L 12/07/2021 - 17:30:18: [basecommands.smx] "Console<0><Console><Console>" changed cvar (cvar "l4d_nth_joinsurvivors") (value "1")
L 12/07/2021 - 17:30:18: [basecommands.smx] "Console<0><Console><Console>" changed cvar (cvar "l4d_nth_kill") (value "0")
L 12/07/2021 - 17:30:18: [basecommands.smx] "Console<0><Console><Console>" changed cvar (cvar "l4d_nth_spectate") (value "1")
L 12/07/2021 - 17:30:18: [basecommands.smx] "Console<0><Console><Console>" changed cvar (cvar "l4d_nth_message") (value "0")
L 12/07/2021 - 17:30:18: [basecommands.smx] "Console<0><Console><Console>" changed cvar (cvar "l4d_nth_timerrepeat") (value "9999")
L 12/07/2021 - 17:30:18: [basecommands.smx] "Console<0><Console><Console>" changed cvar (cvar "vs_max_team_switches") (value "9999")
L 12/07/2021 - 17:30:18: [basecommands.smx] "Console<0><Console><Console>" changed cvar (cvar "mp_autoteambalance") (value "0")
L 12/07/2021 - 17:30:18: [basecommands.smx] "Console<0><Console><Console>" changed cvar (cvar "sv_unlag_fixstuck") (value "1")
L 12/07/2021 - 17:30:18: [basecommands.smx] "Console<0><Console><Console>" changed cvar (cvar "z_brawl_chance") (value "0")
L 12/07/2021 - 17:30:18: [basecommands.smx] "Console<0><Console><Console>" changed cvar (cvar "sv_maxunlag") (value "1")
L 12/07/2021 - 17:30:18: [basecommands.smx] "Console<0><Console><Console>" changed cvar (cvar "sv_forcepreload") (value "1")
L 12/07/2021 - 17:30:18: [basecommands.smx] "Console<0><Console><Console>" changed cvar (cvar "sv_client_predict") (value "1")
L 12/07/2021 - 17:30:18: [basecommands.smx] "Console<0><Console><Console>" changed cvar (cvar "sv_client_cmdrate_difference") (value "0")
L 12/07/2021 - 17:30:18: [basecommands.smx] "Console<0><Console><Console>" changed cvar (cvar "sv_max_queries_sec_global") (value "10")
L 12/07/2021 - 17:30:18: [basecommands.smx] "Console<0><Console><Console>" changed cvar (cvar "sv_max_queries_sec") (value "3")
L 12/07/2021 - 17:30:18: [basecommands.smx] "Console<0><Console><Console>" changed cvar (cvar "sv_max_queries_window") (value "10")
L 12/07/2021 - 17:30:18: [basecommands.smx] "Console<0><Console><Console>" changed cvar (cvar "sv_player_stuck_tolerance") (value "5")
L 12/07/2021 - 17:30:18: [basecommands.smx] "Console<0><Console><Console>" changed cvar (cvar "sv_stats") (value "0")
L 12/07/2021 - 17:30:18: [basecommands.smx] "Console<0><Console><Console>" changed cvar (cvar "sv_clockcorrection_msecs") (value "25")
L 12/07/2021 - 17:30:18: [basecommands.smx] "Console<0><Console><Console>" changed cvar (cvar "tank_swing_physics_prop_force") (value "3")
L 12/07/2021 - 17:33:37: [optional/kether/l4d2_skill_detect.smx] Charge carry start: 5 - 2 -- time: 196.30
L 12/07/2021 - 17:33:40: [optional/kether/l4d2_skill_detect.smx] Clear: 3 freed 2 from 5: time: 1.41 / 3.20 -- class: charger (with shove? 0)
L 12/07/2021 - 17:33:40: [optional/kether/l4d2_skill_detect.smx] Checking charge victim: 5 - 2 - flags: 1 (alive? 1)
L 12/07/2021 - 17:33:51: [optional/kether/l4d2_skill_detect.smx] Clear: 3 freed 6 from 4: time: 11.74 / -1.00 -- class: jockey (with shove? 0)
L 12/07/2021 - 17:34:22: [optional/kether/autopause.smx] [AutoPause] Player STEAM_1:0:597249939 left the game with 17.648147 time until spawn.
L 12/07/2021 - 17:35:29: [optional/kether/autopause.smx] [AutoPause] Player STEAM_1:0:597249939 rejoined, set spawn timer to 17.648147.
L 12/07/2021 - 17:35:38: [optional/kether/l4d2_skill_detect.smx] Clear: 3 freed 2 from 1: time: 1.54 / -1.00 -- class: hunter (with shove? 0)
L 12/07/2021 - 17:36:20: [optional/kether/l4d2_skill_detect.smx] Clear: 3 freed 2 from 8: time: 3.76 / 299.10 -- class: charger (with shove? 0)
L 12/07/2021 - 17:36:59: [optional/kether/l4d2_skill_detect.smx] Clear: 3 freed 2 from 5: time: -1.00 / 0.93 -- class: smoker (with shove? 1)
L 12/07/2021 - 17:37:00: [optional/kether/l4d2_skill_detect.smx] calarm trigger: caller 1160 / activator 1160 / delay: 0.00
L 12/07/2021 - 17:37:10: [optional/kether/l4d2_skill_detect.smx] calarm trigger: caller 858 / activator 858 / delay: 0.00
L 12/07/2021 - 17:37:36: [optional/kether/l4d2_skill_detect.smx] Clear: 2 freed 7 from 5: time: 1.63 / -1.00 -- class: jockey (with shove? 0)
L 12/07/2021 - 17:38:58: [optional/kether/l4d2_skill_detect.smx] Charge carry start: 1 - 6 -- time: 457.28
L 12/07/2021 - 17:39:01: [optional/kether/l4d2_skill_detect.smx] Clear: 7 freed 6 from 1: time: 1.04 / 2.57 -- class: charger (with shove? 0)
L 12/07/2021 - 17:39:02: [optional/kether/l4d2_skill_detect.smx] Checking charge victim: 1 - 6 - flags: 1 (alive? 1)
L 12/07/2021 - 17:39:04: [optional/kether/l4d2_skill_detect.smx] Clear: 3 freed 7 from 5: time: 2.37 / -1.00 -- class: hunter (with shove? 0)
L 12/07/2021 - 17:39:37: [optional/kether/l4d2_skill_detect.smx] Charge carry start: 4 - 7 -- time: 496.10
L 12/07/2021 - 17:39:41: [optional/kether/l4d2_skill_detect.smx] Checking charge victim: 4 - 3 - flags: 0 (alive? 1)
L 12/07/2021 - 17:39:42: [optional/kether/l4d2_skill_detect.smx] Checking charge victim: 4 - 7 - flags: 1 (alive? 1)
L 12/07/2021 - 17:39:43: [optional/kether/l4d2_skill_detect.smx] Clear: 3 freed 6 from 5: time: -1.00 / 2.66 -- class: smoker (with shove? 1)
L 12/07/2021 - 17:39:48: [optional/kether/l4d2_skill_detect.smx] Clear: 6 freed 7 from 4: time: 7.64 / 10.74 -- class: charger (with shove? 0)
L 12/07/2021 - 17:41:33: [optional/kether/l4d2_skill_detect.smx] Charge carry start: 6 - 8 -- time: 612.02
L 12/07/2021 - 17:41:36: [optional/kether/l4d2_skill_detect.smx] Checking charge victim: 6 - 8 - flags: 1 (alive? 1)
L 12/07/2021 - 17:41:38: [optional/kether/l4d2_skill_detect.smx] Clear: 1 freed 8 from 6: time: 3.30 / 4.49 -- class: charger (with shove? 0)
L 12/07/2021 - 17:41:38: [optional/kether/l4d2_skill_detect.smx] Clear: 5 freed 4 from 3: time: 2.40 / -1.00 -- class: jockey (with shove? 1)
L 12/07/2021 - 17:42:20: [optional/kether/l4d2_skill_detect.smx] Clear: 4 freed 5 from 3: time: 3.87 / -1.00 -- class: hunter (with shove? 0)
L 12/07/2021 - 17:42:56: [optional/kether/l4d2_skill_detect.smx] Clear: 1 freed 4 from 6: time: 7.96 / -1.00 -- class: jockey (with shove? 0)
L 12/07/2021 - 17:43:17: [optional/kether/l4d2_skill_detect.smx] Clear: 4 freed 5 from 2: time: 3.12 / -1.00 -- class: hunter (with shove? 0)
L 12/07/2021 - 17:43:30: [optional/kether/l4d2_skill_detect.smx] Charge carry start: 6 - 4 -- time: 729.28
L 12/07/2021 - 17:43:33: [optional/kether/l4d2_skill_detect.smx] Checking charge victim: 6 - 4 - flags: 1 (alive? 1)
L 12/07/2021 - 17:43:34: [optional/kether/l4d2_skill_detect.smx] Clear: 5 freed 4 from 6: time: 1.99 / 3.11 -- class: charger (with shove? 0)
L 12/07/2021 - 17:43:49: [optional/kether/l4d2_skill_detect.smx] Clear: 5 freed 4 from 7: time: 0.99 / -1.00 -- class: jockey (with shove? 0)
L 12/07/2021 - 17:43:53: [optional/kether/l4d2_skill_detect.smx] Clear: 5 freed 4 from 2: time: -1.00 / 1.37 -- class: smoker (with shove? 0)
L 12/07/2021 - 17:44:31: [optional/kether/l4d2_skill_detect.smx] Charge carry start: 2 - 5 -- time: 790.28
L 12/07/2021 - 17:44:34: [optional/kether/l4d2_skill_detect.smx] Clear: 1 freed 5 from 2: time: 1.36 / 2.37 -- class: charger (with shove? 0)
L 12/07/2021 - 17:44:34: [optional/kether/l4d2_skill_detect.smx] Checking charge victim: 2 - 5 - flags: 1 (alive? 1)
L 12/07/2021 - 17:44:36: [optional/kether/l4d2_skill_detect.smx] Clear: 8 freed 4 from 7: time: 11.41 / -1.00 -- class: hunter (with shove? 0)
L 12/07/2021 - 17:45:13: [optional/kether/l4d2_skill_detect.smx] calarm trigger: caller 1081 / activator 1081 / delay: 0.00
L 12/07/2021 - 17:45:18: [optional/kether/l4d2_skill_detect.smx] Clear: 8 freed 4 from 2: time: 2.75 / -1.00 -- class: jockey (with shove? 0)
L 12/07/2021 - 17:45:23: [optional/kether/l4d2_skill_detect.smx] calarm trigger: caller 827 / activator 827 / delay: 0.00
L 12/07/2021 - 17:45:49: [optional/kether/l4d2_skill_detect.smx] Charge carry start: 6 - 4 -- time: 868.15
L 12/07/2021 - 17:45:49: [optional/kether/l4d2_skill_detect.smx] Clear: 4 freed 4 from 6: time: 0.00 / 0.06 -- class: charger (with shove? 0)
L 12/07/2021 - 17:45:52: [optional/kether/l4d2_skill_detect.smx] Checking charge victim: 6 - 4 - flags: 1 (alive? 1)
L 12/07/2021 - 17:45:56: [optional/kether/l4d2_skill_detect.smx] Clear: 8 freed 4 from 7: time: 6.15 / -1.00 -- class: hunter (with shove? 0)
L 12/07/2021 - 17:46:25: [optional/kether/l4d2_skill_detect.smx] Clear: 1 freed 4 from 6: time: 3.36 / 5.32 -- class: smoker (with shove? 0)
L 12/07/2021 - 17:46:42: [optional/kether/l4d2_skill_detect.smx] Clear: 4 freed 5 from 6: time: -1.00 / 1.53 -- class: smoker (with shove? 0)
L 12/07/2021 - 17:46:53: [optional/kether/l4d2_skill_detect.smx] Charge carry start: 2 - 1 -- time: 932.15
L 12/07/2021 - 17:46:56: [optional/kether/l4d2_skill_detect.smx] Clear: 4 freed 1 from 2: time: 1.55 / 2.64 -- class: charger (with shove? 0)
L 12/07/2021 - 17:46:56: [optional/kether/l4d2_skill_detect.smx] Checking charge victim: 2 - 1 - flags: 1 (alive? 1)
L 12/07/2021 - 17:47:15: [optional/kether/l4d2_skill_detect.smx] Clear: 5 freed 1 from 7: time: 0.62 / -1.00 -- class: hunter (with shove? 0)
L 12/07/2021 - 17:47:46: [optional/kether/l4d2_skill_detect.smx] Charge carry start: 6 - 1 -- time: 984.97
L 12/07/2021 - 17:47:49: [optional/kether/l4d2_skill_detect.smx] Clear: 8 freed 1 from 6: time: 1.16 / 2.42 -- class: charger (with shove? 0)
L 12/07/2021 - 17:47:49: [optional/kether/l4d2_skill_detect.smx] Checking charge victim: 6 - 1 - flags: 1 (alive? 1)
L 12/07/2021 - 17:48:31: [optional/kether/l4d2_skill_detect.smx] Clear: 4 freed 5 from 7: time: -1.00 / 3.05 -- class: smoker (with shove? 0)
L 12/07/2021 - 17:48:48: [optional/kether/l4d2_skill_detect.smx] Clear: 5 freed 8 from 3: time: 6.02 / -1.00 -- class: jockey (with shove? 0)
L 12/07/2021 - 17:49:42: [optional/kether/l4d2_skill_detect.smx] Clear: 1 freed 1 from 3: time: -1.00 / 0.10 -- class: smoker (with shove? 0)
L 12/07/2021 - 17:50:18: -------- Mapchange to c6m2_bedlam --------
L 12/07/2021 - 17:50:19: [basecommands.smx] "Console<0><Console><Console>" changed cvar (cvar "confogl_match_execcfg_plugins") (value "generalfixes.cfg;confogl_plugins.cfg;sharedplugins.cfg")
L 12/07/2021 - 17:50:19: [basecommands.smx] "Console<0><Console><Console>" changed cvar (cvar "l4d2_addons_eclipse") (value "0")
L 12/07/2021 - 17:50:19: [basecommands.smx] "Console<0><Console><Console>" changed cvar (cvar "sv_allow_wait_command") (value "0")
L 12/07/2021 - 17:50:19: [basecommands.smx] "Console<0><Console><Console>" changed cvar (cvar "sv_minrate") (value "108000")
L 12/07/2021 - 17:50:19: [basecommands.smx] "Console<0><Console><Console>" changed cvar (cvar "sv_maxrate") (value "108000")
L 12/07/2021 - 17:50:19: [basecommands.smx] "Console<0><Console><Console>" changed cvar (cvar "sv_mincmdrate") (value "108")
L 12/07/2021 - 17:50:19: [basecommands.smx] "Console<0><Console><Console>" changed cvar (cvar "sv_maxcmdrate") (value "108")
L 12/07/2021 - 17:50:19: [basecommands.smx] "Console<0><Console><Console>" changed cvar (cvar "sv_minupdaterate") (value "108")
L 12/07/2021 - 17:50:19: [basecommands.smx] "Console<0><Console><Console>" changed cvar (cvar "sv_maxupdaterate") (value "108")
L 12/07/2021 - 17:50:19: [basecommands.smx] "Console<0><Console><Console>" changed cvar (cvar "nb_update_frequency") (value "0.024")
L 12/07/2021 - 17:50:19: [basecommands.smx] "Console<0><Console><Console>" changed cvar (cvar "net_splitpacket_maxrate") (value "54000")
L 12/07/2021 - 17:50:19: [basecommands.smx] "Console<0><Console><Console>" changed cvar (cvar "sv_client_min_interp_ratio") (value "0")
L 12/07/2021 - 17:50:19: [basecommands.smx] "Console<0><Console><Console>" changed cvar (cvar "sv_client_max_interp_ratio") (value "2")
L 12/07/2021 - 17:50:19: [basecommands.smx] "Console<0><Console><Console>" changed cvar (cvar "fps_max") (value "200")
L 12/07/2021 - 17:50:19: [basecommands.smx] "Console<0><Console><Console>" changed cvar (cvar "mv_maxplayers") (value "16")
L 12/07/2021 - 17:50:19: [basecommands.smx] "Console<0><Console><Console>" changed cvar (cvar "sv_maxplayers") (value "16")
L 12/07/2021 - 17:50:19: [basecommands.smx] "Console<0><Console><Console>" changed cvar (cvar "sv_allowdownload") (value "1")
L 12/07/2021 - 17:50:19: [basecommands.smx] "Console<0><Console><Console>" changed cvar (cvar "l4d_nth_joininfected") (value "1")
L 12/07/2021 - 17:50:19: [basecommands.smx] "Console<0><Console><Console>" changed cvar (cvar "l4d_nth_joinsurvivors") (value "1")
L 12/07/2021 - 17:50:19: [basecommands.smx] "Console<0><Console><Console>" changed cvar (cvar "l4d_nth_kill") (value "0")
L 12/07/2021 - 17:50:19: [basecommands.smx] "Console<0><Console><Console>" changed cvar (cvar "l4d_nth_spectate") (value "1")
L 12/07/2021 - 17:50:19: [basecommands.smx] "Console<0><Console><Console>" changed cvar (cvar "l4d_nth_message") (value "0")
L 12/07/2021 - 17:50:19: [basecommands.smx] "Console<0><Console><Console>" changed cvar (cvar "l4d_nth_timerrepeat") (value "9999")
L 12/07/2021 - 17:50:19: [basecommands.smx] "Console<0><Console><Console>" changed cvar (cvar "vs_max_team_switches") (value "9999")
L 12/07/2021 - 17:50:19: [basecommands.smx] "Console<0><Console><Console>" changed cvar (cvar "mp_autoteambalance") (value "0")
L 12/07/2021 - 17:50:19: [basecommands.smx] "Console<0><Console><Console>" changed cvar (cvar "sv_unlag_fixstuck") (value "1")
L 12/07/2021 - 17:50:19: [basecommands.smx] "Console<0><Console><Console>" changed cvar (cvar "z_brawl_chance") (value "0")
L 12/07/2021 - 17:50:19: [basecommands.smx] "Console<0><Console><Console>" changed cvar (cvar "sv_maxunlag") (value "1")
L 12/07/2021 - 17:50:19: [basecommands.smx] "Console<0><Console><Console>" changed cvar (cvar "sv_forcepreload") (value "1")
L 12/07/2021 - 17:50:19: [basecommands.smx] "Console<0><Console><Console>" changed cvar (cvar "sv_client_predict") (value "1")
L 12/07/2021 - 17:50:19: [basecommands.smx] "Console<0><Console><Console>" changed cvar (cvar "sv_client_cmdrate_difference") (value "0")
L 12/07/2021 - 17:50:19: [basecommands.smx] "Console<0><Console><Console>" changed cvar (cvar "sv_max_queries_sec_global") (value "10")
L 12/07/2021 - 17:50:19: [basecommands.smx] "Console<0><Console><Console>" changed cvar (cvar "sv_max_queries_sec") (value "3")
L 12/07/2021 - 17:50:19: [basecommands.smx] "Console<0><Console><Console>" changed cvar (cvar "sv_max_queries_window") (value "10")
L 12/07/2021 - 17:50:19: [basecommands.smx] "Console<0><Console><Console>" changed cvar (cvar "sv_player_stuck_tolerance") (value "5")
L 12/07/2021 - 17:50:19: [basecommands.smx] "Console<0><Console><Console>" changed cvar (cvar "sv_stats") (value "0")
L 12/07/2021 - 17:50:19: [basecommands.smx] "Console<0><Console><Console>" changed cvar (cvar "sv_clockcorrection_msecs") (value "25")
L 12/07/2021 - 17:50:19: [basecommands.smx] "Console<0><Console><Console>" changed cvar (cvar "tank_swing_physics_prop_force") (value "3")
L 12/07/2021 - 17:52:44: [optional/kether/l4d2_skill_detect.smx] Clear: 8 freed 5 from 6: time: 1.77 / -1.00 -- class: jockey (with shove? 0)
L 12/07/2021 - 17:52:47: [optional/kether/l4d2_skill_detect.smx] Clear: 5 freed 4 from 3: time: 1.34 / -1.00 -- class: hunter (with shove? 0)
L 12/07/2021 - 17:53:24: [optional/kether/l4d2_skill_detect.smx] Clear: 1 freed 1 from 6: time: -1.00 / 0.74 -- class: smoker (with shove? 0)
L 12/07/2021 - 17:53:39: [optional/kether/l4d2_skill_detect.smx] Clear: 4 freed 5 from 2: time: 15.74 / -1.00 -- class: jockey (with shove? 1)
L 12/07/2021 - 17:54:16: [optional/kether/l4d2_skill_detect.smx] Clear: 1 freed 4 from 2: time: 3.66 / 4.71 -- class: smoker (with shove? 1)
L 12/07/2021 - 17:54:35: [optional/kether/l4d2_skill_detect.smx] Clear: 8 freed 4 from 2: time: 0.71 / 2.73 -- class: smoker (with shove? 0)
L 12/07/2021 - 17:54:56: [optional/kether/l4d2_skill_detect.smx] Clear: 1 freed 4 from 2: time: 2.06 / 2.86 -- class: smoker (with shove? 1)
L 12/07/2021 - 17:55:01: [optional/kether/l4d2_skill_detect.smx] Clear: 4 freed 8 from 6: time: 9.84 / -1.00 -- class: jockey (with shove? 0)
L 12/07/2021 - 17:55:08: [optional/kether/l4d2_skill_detect.smx] Clear: 4 freed 8 from 7: time: 0.74 / -1.00 -- class: hunter (with shove? 0)
L 12/07/2021 - 17:55:34: [optional/kether/l4d2_skill_detect.smx] Charge carry start: 6 - 1 -- time: 315.02
L 12/07/2021 - 17:55:37: [optional/kether/l4d2_skill_detect.smx] Clear: 8 freed 1 from 6: time: 1.96 / 2.79 -- class: charger (with shove? 0)
L 12/07/2021 - 17:55:37: [optional/kether/l4d2_skill_detect.smx] Checking charge victim: 6 - 1 - flags: 1 (alive? 1)
L 12/07/2021 - 17:56:14: [optional/kether/l4d2_skill_detect.smx] Clear: 8 freed 4 from 6: time: 4.16 / -1.00 -- class: hunter (with shove? 1)
L 12/07/2021 - 17:56:23: [optional/kether/l4d2_skill_detect.smx] Charge carry start: 7 - 8 -- time: 364.33
L 12/07/2021 - 17:56:26: [optional/kether/l4d2_skill_detect.smx] Checking charge victim: 7 - 8 - flags: 1 (alive? 1)
L 12/07/2021 - 17:56:27: [optional/kether/l4d2_skill_detect.smx] Clear: 4 freed 8 from 7: time: 2.78 / 3.57 -- class: charger (with shove? 0)
L 12/07/2021 - 17:58:13: [basecommands.smx] "Agent<34><STEAM_1:1:16045039><>" changed cvar (cvar "sv_alltalk") (value "0")
L 12/07/2021 - 17:59:04: [optional/kether/l4d2_skill_detect.smx] Charge carry start: 8 - 6 -- time: 525.20
L 12/07/2021 - 17:59:06: [optional/kether/l4d2_skill_detect.smx] Clear: 3 freed 6 from 8: time: 1.11 / 1.86 -- class: charger (with shove? 0)
L 12/07/2021 - 17:59:07: [optional/kether/l4d2_skill_detect.smx] Checking charge victim: 8 - 6 - flags: 1 (alive? 1)
L 12/07/2021 - 17:59:09: [optional/kether/l4d2_skill_detect.smx] Clear: 3 freed 2 from 1: time: 1.09 / -1.00 -- class: hunter (with shove? 0)
L 12/07/2021 - 17:59:12: [optional/kether/l4d2_skill_detect.smx] Clear: 3 freed 7 from 5: time: 6.09 / -1.00 -- class: jockey (with shove? 0)
L 12/07/2021 - 18:00:34: [optional/kether/l4d2_skill_detect.smx] Clear: 6 freed 3 from 8: time: -1.00 / 0.91 -- class: smoker (with shove? 0)
L 12/07/2021 - 18:01:02: [optional/kether/l4d2_skill_detect.smx] Clear: 6 freed 3 from 5: time: 3.07 / -1.00 -- class: jockey (with shove? 0)
L 12/07/2021 - 18:01:37: [optional/kether/l4d2_skill_detect.smx] Clear: 6 freed 3 from 4: time: 0.65 / -1.00 -- class: hunter (with shove? 0)
L 12/07/2021 - 18:03:10: [optional/kether/l4d2_skill_detect.smx] Clear: 6 freed 2 from 8: time: 4.11 / -1.00 -- class: jockey (with shove? 0)
L 12/07/2021 - 18:03:59: -------- Mapchange to c6m3_port --------
L 12/07/2021 - 18:04:00: [basecommands.smx] "Console<0><Console><Console>" changed cvar (cvar "confogl_match_execcfg_plugins") (value "generalfixes.cfg;confogl_plugins.cfg;sharedplugins.cfg")
L 12/07/2021 - 18:04:00: [basecommands.smx] "Console<0><Console><Console>" changed cvar (cvar "l4d2_addons_eclipse") (value "0")
L 12/07/2021 - 18:04:00: [basecommands.smx] "Console<0><Console><Console>" changed cvar (cvar "sv_allow_wait_command") (value "0")
L 12/07/2021 - 18:04:00: [basecommands.smx] "Console<0><Console><Console>" changed cvar (cvar "sv_minrate") (value "108000")
L 12/07/2021 - 18:04:00: [basecommands.smx] "Console<0><Console><Console>" changed cvar (cvar "sv_maxrate") (value "108000")
L 12/07/2021 - 18:04:00: [basecommands.smx] "Console<0><Console><Console>" changed cvar (cvar "sv_mincmdrate") (value "108")
L 12/07/2021 - 18:04:00: [basecommands.smx] "Console<0><Console><Console>" changed cvar (cvar "sv_maxcmdrate") (value "108")
L 12/07/2021 - 18:04:00: [basecommands.smx] "Console<0><Console><Console>" changed cvar (cvar "sv_minupdaterate") (value "108")
L 12/07/2021 - 18:04:00: [basecommands.smx] "Console<0><Console><Console>" changed cvar (cvar "sv_maxupdaterate") (value "108")
L 12/07/2021 - 18:04:00: [basecommands.smx] "Console<0><Console><Console>" changed cvar (cvar "nb_update_frequency") (value "0.024")
L 12/07/2021 - 18:04:00: [basecommands.smx] "Console<0><Console><Console>" changed cvar (cvar "net_splitpacket_maxrate") (value "54000")
L 12/07/2021 - 18:04:00: [basecommands.smx] "Console<0><Console><Console>" changed cvar (cvar "sv_client_min_interp_ratio") (value "0")
L 12/07/2021 - 18:04:00: [basecommands.smx] "Console<0><Console><Console>" changed cvar (cvar "sv_client_max_interp_ratio") (value "2")
L 12/07/2021 - 18:04:00: [basecommands.smx] "Console<0><Console><Console>" changed cvar (cvar "fps_max") (value "200")
L 12/07/2021 - 18:04:00: [basecommands.smx] "Console<0><Console><Console>" changed cvar (cvar "mv_maxplayers") (value "16")
L 12/07/2021 - 18:04:00: [basecommands.smx] "Console<0><Console><Console>" changed cvar (cvar "sv_maxplayers") (value "16")
L 12/07/2021 - 18:04:00: [basecommands.smx] "Console<0><Console><Console>" changed cvar (cvar "sv_allowdownload") (value "1")
L 12/07/2021 - 18:04:00: [basecommands.smx] "Console<0><Console><Console>" changed cvar (cvar "l4d_nth_joininfected") (value "1")
L 12/07/2021 - 18:04:00: [basecommands.smx] "Console<0><Console><Console>" changed cvar (cvar "l4d_nth_joinsurvivors") (value "1")
L 12/07/2021 - 18:04:00: [basecommands.smx] "Console<0><Console><Console>" changed cvar (cvar "l4d_nth_kill") (value "0")
L 12/07/2021 - 18:04:00: [basecommands.smx] "Console<0><Console><Console>" changed cvar (cvar "l4d_nth_spectate") (value "1")
L 12/07/2021 - 18:04:00: [basecommands.smx] "Console<0><Console><Console>" changed cvar (cvar "l4d_nth_message") (value "0")
L 12/07/2021 - 18:04:00: [basecommands.smx] "Console<0><Console><Console>" changed cvar (cvar "l4d_nth_timerrepeat") (value "9999")
L 12/07/2021 - 18:04:00: [basecommands.smx] "Console<0><Console><Console>" changed cvar (cvar "vs_max_team_switches") (value "9999")
L 12/07/2021 - 18:04:00: [basecommands.smx] "Console<0><Console><Console>" changed cvar (cvar "mp_autoteambalance") (value "0")
L 12/07/2021 - 18:04:00: [basecommands.smx] "Console<0><Console><Console>" changed cvar (cvar "sv_unlag_fixstuck") (value "1")
L 12/07/2021 - 18:04:00: [basecommands.smx] "Console<0><Console><Console>" changed cvar (cvar "z_brawl_chance") (value "0")
L 12/07/2021 - 18:04:00: [basecommands.smx] "Console<0><Console><Console>" changed cvar (cvar "sv_maxunlag") (value "1")
L 12/07/2021 - 18:04:00: [basecommands.smx] "Console<0><Console><Console>" changed cvar (cvar "sv_forcepreload") (value "1")
L 12/07/2021 - 18:04:00: [basecommands.smx] "Console<0><Console><Console>" changed cvar (cvar "sv_client_predict") (value "1")
L 12/07/2021 - 18:04:00: [basecommands.smx] "Console<0><Console><Console>" changed cvar (cvar "sv_client_cmdrate_difference") (value "0")
L 12/07/2021 - 18:04:00: [basecommands.smx] "Console<0><Console><Console>" changed cvar (cvar "sv_max_queries_sec_global") (value "10")
L 12/07/2021 - 18:04:00: [basecommands.smx] "Console<0><Console><Console>" changed cvar (cvar "sv_max_queries_sec") (value "3")
L 12/07/2021 - 18:04:00: [basecommands.smx] "Console<0><Console><Console>" changed cvar (cvar "sv_max_queries_window") (value "10")
L 12/07/2021 - 18:04:00: [basecommands.smx] "Console<0><Console><Console>" changed cvar (cvar "sv_player_stuck_tolerance") (value "5")
L 12/07/2021 - 18:04:00: [basecommands.smx] "Console<0><Console><Console>" changed cvar (cvar "sv_stats") (value "0")
L 12/07/2021 - 18:04:00: [basecommands.smx] "Console<0><Console><Console>" changed cvar (cvar "sv_clockcorrection_msecs") (value "25")
L 12/07/2021 - 18:04:00: [basecommands.smx] "Console<0><Console><Console>" changed cvar (cvar "tank_swing_physics_prop_force") (value "3")
L 12/07/2021 - 18:04:43: -------- Mapchange to c5m1_waterfront --------
L 12/07/2021 - 18:04:44: [basecommands.smx] "Console<0><Console><Console>" changed cvar (cvar "confogl_match_execcfg_plugins") (value "generalfixes.cfg;confogl_plugins.cfg;sharedplugins.cfg")
L 12/07/2021 - 18:04:44: [basecommands.smx] "Console<0><Console><Console>" changed cvar (cvar "l4d2_addons_eclipse") (value "0")
L 12/07/2021 - 18:04:44: [basecommands.smx] "Console<0><Console><Console>" changed cvar (cvar "sv_allow_wait_command") (value "0")
L 12/07/2021 - 18:04:44: [basecommands.smx] "Console<0><Console><Console>" changed cvar (cvar "sv_minrate") (value "108000")
L 12/07/2021 - 18:04:44: [basecommands.smx] "Console<0><Console><Console>" changed cvar (cvar "sv_maxrate") (value "108000")
L 12/07/2021 - 18:04:44: [basecommands.smx] "Console<0><Console><Console>" changed cvar (cvar "sv_mincmdrate") (value "108")
L 12/07/2021 - 18:04:44: [basecommands.smx] "Console<0><Console><Console>" changed cvar (cvar "sv_maxcmdrate") (value "108")
L 12/07/2021 - 18:04:44: [basecommands.smx] "Console<0><Console><Console>" changed cvar (cvar "sv_minupdaterate") (value "108")
L 12/07/2021 - 18:04:44: [basecommands.smx] "Console<0><Console><Console>" changed cvar (cvar "sv_maxupdaterate") (value "108")
L 12/07/2021 - 18:04:44: [basecommands.smx] "Console<0><Console><Console>" changed cvar (cvar "nb_update_frequency") (value "0.024")
L 12/07/2021 - 18:04:44: [basecommands.smx] "Console<0><Console><Console>" changed cvar (cvar "net_splitpacket_maxrate") (value "54000")
L 12/07/2021 - 18:04:44: [basecommands.smx] "Console<0><Console><Console>" changed cvar (cvar "sv_client_min_interp_ratio") (value "0")
L 12/07/2021 - 18:04:44: [basecommands.smx] "Console<0><Console><Console>" changed cvar (cvar "sv_client_max_interp_ratio") (value "2")
L 12/07/2021 - 18:04:44: [basecommands.smx] "Console<0><Console><Console>" changed cvar (cvar "fps_max") (value "200")
L 12/07/2021 - 18:04:44: [basecommands.smx] "Console<0><Console><Console>" changed cvar (cvar "mv_maxplayers") (value "16")
L 12/07/2021 - 18:04:44: [basecommands.smx] "Console<0><Console><Console>" changed cvar (cvar "sv_maxplayers") (value "16")
L 12/07/2021 - 18:04:44: [basecommands.smx] "Console<0><Console><Console>" changed cvar (cvar "sv_allowdownload") (value "1")
L 12/07/2021 - 18:04:44: [basecommands.smx] "Console<0><Console><Console>" changed cvar (cvar "l4d_nth_joininfected") (value "1")
L 12/07/2021 - 18:04:44: [basecommands.smx] "Console<0><Console><Console>" changed cvar (cvar "l4d_nth_joinsurvivors") (value "1")
L 12/07/2021 - 18:04:44: [basecommands.smx] "Console<0><Console><Console>" changed cvar (cvar "l4d_nth_kill") (value "0")
L 12/07/2021 - 18:04:44: [basecommands.smx] "Console<0><Console><Console>" changed cvar (cvar "l4d_nth_spectate") (value "1")
L 12/07/2021 - 18:04:44: [basecommands.smx] "Console<0><Console><Console>" changed cvar (cvar "l4d_nth_message") (value "0")
L 12/07/2021 - 18:04:44: [basecommands.smx] "Console<0><Console><Console>" changed cvar (cvar "l4d_nth_timerrepeat") (value "9999")
L 12/07/2021 - 18:04:44: [basecommands.smx] "Console<0><Console><Console>" changed cvar (cvar "vs_max_team_switches") (value "9999")
L 12/07/2021 - 18:04:44: [basecommands.smx] "Console<0><Console><Console>" changed cvar (cvar "mp_autoteambalance") (value "0")
L 12/07/2021 - 18:04:44: [basecommands.smx] "Console<0><Console><Console>" changed cvar (cvar "sv_unlag_fixstuck") (value "1")
L 12/07/2021 - 18:04:44: [basecommands.smx] "Console<0><Console><Console>" changed cvar (cvar "z_brawl_chance") (value "0")
L 12/07/2021 - 18:04:44: [basecommands.smx] "Console<0><Console><Console>" changed cvar (cvar "sv_maxunlag") (value "1")
L 12/07/2021 - 18:04:44: [basecommands.smx] "Console<0><Console><Console>" changed cvar (cvar "sv_forcepreload") (value "1")
L 12/07/2021 - 18:04:44: [basecommands.smx] "Console<0><Console><Console>" changed cvar (cvar "sv_client_predict") (value "1")
L 12/07/2021 - 18:04:44: [basecommands.smx] "Console<0><Console><Console>" changed cvar (cvar "sv_client_cmdrate_difference") (value "0")
L 12/07/2021 - 18:04:44: [basecommands.smx] "Console<0><Console><Console>" changed cvar (cvar "sv_max_queries_sec_global") (value "10")
L 12/07/2021 - 18:04:44: [basecommands.smx] "Console<0><Console><Console>" changed cvar (cvar "sv_max_queries_sec") (value "3")
L 12/07/2021 - 18:04:44: [basecommands.smx] "Console<0><Console><Console>" changed cvar (cvar "sv_max_queries_window") (value "10")
L 12/07/2021 - 18:04:44: [basecommands.smx] "Console<0><Console><Console>" changed cvar (cvar "sv_player_stuck_tolerance") (value "5")
L 12/07/2021 - 18:04:44: [basecommands.smx] "Console<0><Console><Console>" changed cvar (cvar "sv_stats") (value "0")
L 12/07/2021 - 18:04:44: [basecommands.smx] "Console<0><Console><Console>" changed cvar (cvar "sv_clockcorrection_msecs") (value "25")
L 12/07/2021 - 18:04:44: [basecommands.smx] "Console<0><Console><Console>" changed cvar (cvar "tank_swing_physics_prop_force") (value "3")
L 12/07/2021 - 18:07:59: [optional/kether/l4d2_skill_detect.smx] Clear: 7 freed 6 from 4: time: 0.28 / 2.24 -- class: smoker (with shove? 0)
L 12/07/2021 - 18:08:00: [optional/kether/l4d2_skill_detect.smx] Clear: 6 freed 2 from 8: time: 0.81 / -1.00 -- class: hunter (with shove? 0)
L 12/07/2021 - 18:08:59: [optional/kether/l4d2_skill_detect.smx] Clear: 3 freed 2 from 4: time: 4.98 / -1.00 -- class: hunter (with shove? 0)
L 12/07/2021 - 18:09:00: [optional/kether/l4d2_skill_detect.smx] Witch Crown Check: Failed: bungled: 1 / crowntype: 0 (entity: 442)
L 12/07/2021 - 18:09:00: [optional/kether/l4d2_skill_detect.smx] Witch Crown Check: Further details: attacker: AlLaDyN^^-_-, attacker dmg: 171, teamless dmg: 4
L 12/07/2021 - 18:09:42: [optional/kether/l4d2_skill_detect.smx] Clear: 3 freed 6 from 1: time: 1.50 / 3.01 -- class: smoker (with shove? 0)
L 12/07/2021 - 18:10:01: [optional/kether/l4d2_skill_detect.smx] Charge carry start: 8 - 2 -- time: 317.33
L 12/07/2021 - 18:10:04: [optional/kether/l4d2_skill_detect.smx] Clear: 3 freed 6 from 5: time: 2.36 / -1.00 -- class: hunter (with shove? 0)
L 12/07/2021 - 18:10:05: [optional/kether/l4d2_skill_detect.smx] Checking charge victim: 8 - 2 - flags: 1 (alive? 1)
L 12/07/2021 - 18:11:11: [playercommands.smx] "Agent<34><STEAM_1:1:16045039><>" slayed "Agent<34><STEAM_1:1:16045039><>"
L 12/07/2021 - 18:12:14: [optional/kether/l4d2_skill_detect.smx] Clear: 8 freed 1 from 3: time: -1.00 / 1.56 -- class: smoker (with shove? 1)
L 12/07/2021 - 18:12:15: [optional/kether/l4d2_skill_detect.smx] Charge carry start: 2 - 5 -- time: 451.63
L 12/07/2021 - 18:12:17: [optional/kether/l4d2_skill_detect.smx] Clear: 8 freed 5 from 2: time: 0.81 / 1.72 -- class: charger (with shove? 0)
L 12/07/2021 - 18:12:18: [optional/kether/l4d2_skill_detect.smx] Checking charge victim: 2 - 5 - flags: 1 (alive? 1)
L 12/07/2021 - 18:12:22: [optional/kether/l4d2_skill_detect.smx] Clear: 4 freed 8 from 7: time: 2.84 / -1.00 -- class: hunter (with shove? 0)
L 12/07/2021 - 18:13:00: [optional/kether/l4d2_skill_detect.smx] Witch Crown Check: Failed: bungled: 1 / crowntype: 0 (entity: 306)
L 12/07/2021 - 18:13:00: [optional/kether/l4d2_skill_detect.smx] Witch Crown Check: Further details: attacker: PreBar☢, attacker dmg: 0, teamless dmg: 4
L 12/07/2021 - 18:13:29: [optional/kether/l4d2_skill_detect.smx] Charge carry start: 3 - 5 -- time: 525.48
L 12/07/2021 - 18:13:29: [optional/kether/l4d2_skill_detect.smx] Clear: 5 freed 5 from 3: time: 0.00 / 0.11 -- class: charger (with shove? 0)
L 12/07/2021 - 18:13:32: [optional/kether/l4d2_skill_detect.smx] Checking charge victim: 3 - 5 - flags: 1 (alive? 1)
L 12/07/2021 - 18:13:32: [optional/kether/l4d2_skill_detect.smx] Clear: 8 freed 4 from 2: time: 0.91 / -1.00 -- class: hunter (with shove? 0)
L 12/07/2021 - 18:13:37: [optional/kether/l4d2_skill_detect.smx] Clear: 4 freed 1 from 6: time: -1.00 / 2.26 -- class: smoker (with shove? 0)
L 12/07/2021 - 18:14:31: [optional/kether/l4d2_skill_detect.smx] Clear: 5 freed 1 from 3: time: 1.40 / -1.00 -- class: jockey (with shove? 0)
L 12/07/2021 - 18:15:31: -------- Mapchange to c5m2_park --------
L 12/07/2021 - 18:15:32: [basecommands.smx] "Console<0><Console><Console>" changed cvar (cvar "confogl_match_execcfg_plugins") (value "generalfixes.cfg;confogl_plugins.cfg;sharedplugins.cfg")
L 12/07/2021 - 18:15:32: [basecommands.smx] "Console<0><Console><Console>" changed cvar (cvar "l4d2_addons_eclipse") (value "0")
L 12/07/2021 - 18:15:32: [basecommands.smx] "Console<0><Console><Console>" changed cvar (cvar "sv_allow_wait_command") (value "0")
L 12/07/2021 - 18:15:32: [basecommands.smx] "Console<0><Console><Console>" changed cvar (cvar "sv_minrate") (value "108000")
L 12/07/2021 - 18:15:32: [basecommands.smx] "Console<0><Console><Console>" changed cvar (cvar "sv_maxrate") (value "108000")
L 12/07/2021 - 18:15:32: [basecommands.smx] "Console<0><Console><Console>" changed cvar (cvar "sv_mincmdrate") (value "108")
L 12/07/2021 - 18:15:32: [basecommands.smx] "Console<0><Console><Console>" changed cvar (cvar "sv_maxcmdrate") (value "108")
L 12/07/2021 - 18:15:32: [basecommands.smx] "Console<0><Console><Console>" changed cvar (cvar "sv_minupdaterate") (value "108")
L 12/07/2021 - 18:15:32: [basecommands.smx] "Console<0><Console><Console>" changed cvar (cvar "sv_maxupdaterate") (value "108")
L 12/07/2021 - 18:15:32: [basecommands.smx] "Console<0><Console><Console>" changed cvar (cvar "nb_update_frequency") (value "0.024")
L 12/07/2021 - 18:15:32: [basecommands.smx] "Console<0><Console><Console>" changed cvar (cvar "net_splitpacket_maxrate") (value "54000")
L 12/07/2021 - 18:15:32: [basecommands.smx] "Console<0><Console><Console>" changed cvar (cvar "sv_client_min_interp_ratio") (value "0")
L 12/07/2021 - 18:15:32: [basecommands.smx] "Console<0><Console><Console>" changed cvar (cvar "sv_client_max_interp_ratio") (value "2")
L 12/07/2021 - 18:15:32: [basecommands.smx] "Console<0><Console><Console>" changed cvar (cvar "fps_max") (value "200")
L 12/07/2021 - 18:15:32: [basecommands.smx] "Console<0><Console><Console>" changed cvar (cvar "mv_maxplayers") (value "16")
L 12/07/2021 - 18:15:32: [basecommands.smx] "Console<0><Console><Console>" changed cvar (cvar "sv_maxplayers") (value "16")
L 12/07/2021 - 18:15:32: [basecommands.smx] "Console<0><Console><Console>" changed cvar (cvar "sv_allowdownload") (value "1")
L 12/07/2021 - 18:15:32: [basecommands.smx] "Console<0><Console><Console>" changed cvar (cvar "l4d_nth_joininfected") (value "1")
L 12/07/2021 - 18:15:32: [basecommands.smx] "Console<0><Console><Console>" changed cvar (cvar "l4d_nth_joinsurvivors") (value "1")
L 12/07/2021 - 18:15:32: [basecommands.smx] "Console<0><Console><Console>" changed cvar (cvar "l4d_nth_kill") (value "0")
L 12/07/2021 - 18:15:32: [basecommands.smx] "Console<0><Console><Console>" changed cvar (cvar "l4d_nth_spectate") (value "1")
L 12/07/2021 - 18:15:32: [basecommands.smx] "Console<0><Console><Console>" changed cvar (cvar "l4d_nth_message") (value "0")
L 12/07/2021 - 18:15:32: [basecommands.smx] "Console<0><Console><Console>" changed cvar (cvar "l4d_nth_timerrepeat") (value "9999")
L 12/07/2021 - 18:15:32: [basecommands.smx] "Console<0><Console><Console>" changed cvar (cvar "vs_max_team_switches") (value "9999")
L 12/07/2021 - 18:15:32: [basecommands.smx] "Console<0><Console><Console>" changed cvar (cvar "mp_autoteambalance") (value "0")
L 12/07/2021 - 18:15:32: [basecommands.smx] "Console<0><Console><Console>" changed cvar (cvar "sv_unlag_fixstuck") (value "1")
L 12/07/2021 - 18:15:32: [basecommands.smx] "Console<0><Console><Console>" changed cvar (cvar "z_brawl_chance") (value "0")
L 12/07/2021 - 18:15:32: [basecommands.smx] "Console<0><Console><Console>" changed cvar (cvar "sv_maxunlag") (value "1")
L 12/07/2021 - 18:15:32: [basecommands.smx] "Console<0><Console><Console>" changed cvar (cvar "sv_forcepreload") (value "1")
L 12/07/2021 - 18:15:32: [basecommands.smx] "Console<0><Console><Console>" changed cvar (cvar "sv_client_predict") (value "1")
L 12/07/2021 - 18:15:32: [basecommands.smx] "Console<0><Console><Console>" changed cvar (cvar "sv_client_cmdrate_difference") (value "0")
L 12/07/2021 - 18:15:32: [basecommands.smx] "Console<0><Console><Console>" changed cvar (cvar "sv_max_queries_sec_global") (value "10")
L 12/07/2021 - 18:15:32: [basecommands.smx] "Console<0><Console><Console>" changed cvar (cvar "sv_max_queries_sec") (value "3")
L 12/07/2021 - 18:15:32: [basecommands.smx] "Console<0><Console><Console>" changed cvar (cvar "sv_max_queries_window") (value "10")
L 12/07/2021 - 18:15:32: [basecommands.smx] "Console<0><Console><Console>" changed cvar (cvar "sv_player_stuck_tolerance") (value "5")
L 12/07/2021 - 18:15:32: [basecommands.smx] "Console<0><Console><Console>" changed cvar (cvar "sv_stats") (value "0")
L 12/07/2021 - 18:15:32: [basecommands.smx] "Console<0><Console><Console>" changed cvar (cvar "sv_clockcorrection_msecs") (value "25")
L 12/07/2021 - 18:15:32: [basecommands.smx] "Console<0><Console><Console>" changed cvar (cvar "tank_swing_physics_prop_force") (value "3")
L 12/07/2021 - 18:16:21: [basecommands.smx] "Agent<34><STEAM_1:1:16045039><>" changed cvar (cvar "sv_alltalk") (value "0")
L 12/07/2021 - 18:17:42: [optional/kether/l4d2_skill_detect.smx] Clear: 2 freed 6 from 5: time: -1.00 / 1.82 -- class: smoker (with shove? 0)
L 12/07/2021 - 18:17:43: [optional/kether/l4d2_skill_detect.smx] Clear: 6 freed 2 from 4: time: 0.91 / -1.00 -- class: hunter (with shove? 0)
L 12/07/2021 - 18:17:48: [optional/kether/l4d2_skill_detect.smx] Clear: 7 freed 6 from 1: time: 1.87 / -1.00 -- class: jockey (with shove? 0)
L 12/07/2021 - 18:17:59: [optional/kether/l4d2_skill_detect.smx] Clear: 6 freed 3 from 5: time: -1.00 / 0.63 -- class: smoker (with shove? 0)
L 12/07/2021 - 18:18:33: [optional/kether/l4d2_skill_detect.smx] Clear: 6 freed 3 from 5: time: 1.03 / 2.54 -- class: smoker (with shove? 0)
L 12/07/2021 - 18:18:55: [optional/kether/l4d2_skill_detect.smx] Clear: 2 freed 7 from 4: time: 1.46 / -1.00 -- class: hunter (with shove? 0)
L 12/07/2021 - 18:19:45: [optional/kether/l4d2_skill_detect.smx] Clear: 6 freed 7 from 5: time: 6.60 / -1.00 -- class: jockey (with shove? 0)
L 12/07/2021 - 18:19:46: [optional/kether/l4d2_skill_detect.smx] Clear: 3 freed 2 from 1: time: 0.80 / 5.33 -- class: smoker (with shove? 0)
L 12/07/2021 - 18:21:22: [optional/kether/l4d2_skill_detect.smx] Clear: 7 freed 3 from 5: time: 2.23 / -1.00 -- class: hunter (with shove? 0)
L 12/07/2021 - 18:21:31: [optional/kether/l4d2_skill_detect.smx] Clear: 7 freed 3 from 1: time: 3.49 / 7.63 -- class: smoker (with shove? 1)
L 12/07/2021 - 18:23:46: [optional/kether/l4d2_skill_detect.smx] Clear: 7 freed 6 from 1: time: 2.28 / -1.00 -- class: jockey (with shove? 0)
L 12/07/2021 - 18:23:58: [optional/kether/l4d2_skill_detect.smx] Clear: 2 freed 3 from 4: time: -1.00 / 1.36 -- class: smoker (with shove? 0)
L 12/07/2021 - 18:24:40: [optional/kether/l4d2_skill_detect.smx] Witch Crown Check: Failed: bungled: 0 / crowntype: 0 (entity: 370)
L 12/07/2021 - 18:24:40: [optional/kether/l4d2_skill_detect.smx] Witch Crown Check: Further details: attacker: Pam Buk, attacker dmg: 360, teamless dmg: 4
L 12/07/2021 - 18:24:44: [optional/kether/l4d2_skill_detect.smx] Clear: 6 freed 3 from 4: time: 2.30 / -1.00 -- class: hunter (with shove? 0)
L 12/07/2021 - 18:25:25: [optional/kether/l4d2_skill_detect.smx] Charge carry start: 4 - 2 -- time: 593.29
L 12/07/2021 - 18:25:28: [optional/kether/l4d2_skill_detect.smx] Clear: 7 freed 2 from 4: time: 0.62 / 2.31 -- class: charger (with shove? 0)
L 12/07/2021 - 18:25:29: [optional/kether/l4d2_skill_detect.smx] Checking charge victim: 4 - 2 - flags: 1 (alive? 1)
L 12/07/2021 - 18:25:29: [optional/kether/l4d2_skill_detect.smx] Checking charge victim: 4 - 3 - flags: 0 (alive? 1)
L 12/07/2021 - 18:25:32: [optional/kether/l4d2_skill_detect.smx] Clear: 7 freed 6 from 8: time: 2.53 / 5.12 -- class: smoker (with shove? 0)
L 12/07/2021 - 18:27:11: [optional/kether/l4d2_skill_detect.smx] Clear: 5 freed 4 from 3: time: 1.53 / -1.00 -- class: hunter (with shove? 0)
L 12/07/2021 - 18:27:16: [optional/kether/l4d2_skill_detect.smx] Clear: 4 freed 8 from 7: time: 1.82 / -1.00 -- class: jockey (with shove? 0)
L 12/07/2021 - 18:27:51: [optional/kether/l4d2_skill_detect.smx] Charge carry start: 3 - 5 -- time: 738.49
L 12/07/2021 - 18:27:52: [optional/kether/l4d2_skill_detect.smx] Clear: 4 freed 5 from 3: time: 0.34 / 1.49 -- class: charger (with shove? 0)
L 12/07/2021 - 18:27:54: [optional/kether/l4d2_skill_detect.smx] Checking charge victim: 3 - 5 - flags: 1 (alive? 1)
L 12/07/2021 - 18:27:56: [optional/kether/l4d2_skill_detect.smx] Clear: 1 freed 5 from 6: time: 1.75 / -1.00 -- class: hunter (with shove? 0)
L 12/07/2021 - 18:28:34: [optional/kether/l4d2_skill_detect.smx] Clear: 8 freed 5 from 2: time: 0.95 / -1.00 -- class: jockey (with shove? 0)
L 12/07/2021 - 18:28:42: [optional/kether/l4d2_skill_detect.smx] Clear: 4 freed 4 from 3: time: -1.00 / 1.01 -- class: smoker (with shove? 0)
L 12/07/2021 - 18:29:29: [optional/kether/l4d2_skill_detect.smx] Clear: 4 freed 1 from 11: time: 1.50 / -1.00 -- class: jockey (with shove? 0)
L 12/07/2021 - 18:30:25: [optional/kether/l4d2_skill_detect.smx] Clear: 5 freed 4 from 2: time: -1.00 / 1.40 -- class: smoker (with shove? 0)
L 12/07/2021 - 18:30:36: [optional/kether/l4d2_skill_detect.smx] Clear: 5 freed 8 from 6: time: 3.91 / -1.00 -- class: jockey (with shove? 0)
L 12/07/2021 - 18:31:58: [optional/kether/l4d2_skill_detect.smx] Charge carry start: 7 - 5 -- time: 985.85
L 12/07/2021 - 18:31:59: [optional/kether/l4d2_skill_detect.smx] Clear: 4 freed 5 from 7: time: 0.04 / 1.10 -- class: charger (with shove? 0)
L 12/07/2021 - 18:32:01: [optional/kether/l4d2_skill_detect.smx] Checking charge victim: 7 - 5 - flags: 1 (alive? 1)
L 12/07/2021 - 18:32:03: [optional/kether/l4d2_skill_detect.smx] Clear: 8 freed 5 from 2: time: 0.64 / -1.00 -- class: hunter (with shove? 0)
L 12/07/2021 - 18:33:06: [optional/kether/l4d2_skill_detect.smx] Clear: 4 freed 8 from 7: time: 1.56 / 2.16 -- class: smoker (with shove? 0)
L 12/07/2021 - 18:33:51: [optional/kether/l4d2_skill_detect.smx] Witch Crown Check: crown shot: 16, harrassed: 1 (full health: 1000 / drawthresh: 500 / oneshot 0)
L 12/07/2021 - 18:33:54: [optional/kether/l4d2_skill_detect.smx] Clear: 8 freed 4 from 6: time: 4.01 / -1.00 -- class: hunter (with shove? 0)
L 12/07/2021 - 18:33:57: [optional/kether/l4d2_skill_detect.smx] Clear: 1 freed 8 from 3: time: 0.73 / 1104.68 -- class: charger (with shove? 0)
L 12/07/2021 - 18:34:29: [optional/kether/l4d2_skill_detect.smx] Clear: 4 freed 1 from 3: time: 1.23 / -1.00 -- class: jockey (with shove? 0)
L 12/07/2021 - 18:34:33: [optional/kether/l4d2_skill_detect.smx] Clear: 4 freed 1 from 7: time: 1.25 / -1.00 -- class: hunter (with shove? 0)
L 12/07/2021 - 18:35:11: -------- Mapchange to c5m3_cemetery --------
L 12/07/2021 - 18:35:12: [basecommands.smx] "Console<0><Console><Console>" changed cvar (cvar "confogl_match_execcfg_plugins") (value "generalfixes.cfg;confogl_plugins.cfg;sharedplugins.cfg")
L 12/07/2021 - 18:35:12: [basecommands.smx] "Console<0><Console><Console>" changed cvar (cvar "l4d2_addons_eclipse") (value "0")
L 12/07/2021 - 18:35:12: [basecommands.smx] "Console<0><Console><Console>" changed cvar (cvar "sv_allow_wait_command") (value "0")
L 12/07/2021 - 18:35:12: [basecommands.smx] "Console<0><Console><Console>" changed cvar (cvar "sv_minrate") (value "108000")
L 12/07/2021 - 18:35:12: [basecommands.smx] "Console<0><Console><Console>" changed cvar (cvar "sv_maxrate") (value "108000")
L 12/07/2021 - 18:35:12: [basecommands.smx] "Console<0><Console><Console>" changed cvar (cvar "sv_mincmdrate") (value "108")
L 12/07/2021 - 18:35:12: [basecommands.smx] "Console<0><Console><Console>" changed cvar (cvar "sv_maxcmdrate") (value "108")
L 12/07/2021 - 18:35:12: [basecommands.smx] "Console<0><Console><Console>" changed cvar (cvar "sv_minupdaterate") (value "108")
L 12/07/2021 - 18:35:12: [basecommands.smx] "Console<0><Console><Console>" changed cvar (cvar "sv_maxupdaterate") (value "108")
L 12/07/2021 - 18:35:12: [basecommands.smx] "Console<0><Console><Console>" changed cvar (cvar "nb_update_frequency") (value "0.024")
L 12/07/2021 - 18:35:12: [basecommands.smx] "Console<0><Console><Console>" changed cvar (cvar "net_splitpacket_maxrate") (value "54000")
L 12/07/2021 - 18:35:12: [basecommands.smx] "Console<0><Console><Console>" changed cvar (cvar "sv_client_min_interp_ratio") (value "0")
L 12/07/2021 - 18:35:12: [basecommands.smx] "Console<0><Console><Console>" changed cvar (cvar "sv_client_max_interp_ratio") (value "2")
L 12/07/2021 - 18:35:12: [basecommands.smx] "Console<0><Console><Console>" changed cvar (cvar "fps_max") (value "200")
L 12/07/2021 - 18:35:12: [basecommands.smx] "Console<0><Console><Console>" changed cvar (cvar "mv_maxplayers") (value "16")
L 12/07/2021 - 18:35:12: [basecommands.smx] "Console<0><Console><Console>" changed cvar (cvar "sv_maxplayers") (value "16")
L 12/07/2021 - 18:35:12: [basecommands.smx] "Console<0><Console><Console>" changed cvar (cvar "sv_allowdownload") (value "1")
L 12/07/2021 - 18:35:12: [basecommands.smx] "Console<0><Console><Console>" changed cvar (cvar "l4d_nth_joininfected") (value "1")
L 12/07/2021 - 18:35:12: [basecommands.smx] "Console<0><Console><Console>" changed cvar (cvar "l4d_nth_joinsurvivors") (value "1")
L 12/07/2021 - 18:35:12: [basecommands.smx] "Console<0><Console><Console>" changed cvar (cvar "l4d_nth_kill") (value "0")
L 12/07/2021 - 18:35:12: [basecommands.smx] "Console<0><Console><Console>" changed cvar (cvar "l4d_nth_spectate") (value "1")
L 12/07/2021 - 18:35:12: [basecommands.smx] "Console<0><Console><Console>" changed cvar (cvar "l4d_nth_message") (value "0")
L 12/07/2021 - 18:35:12: [basecommands.smx] "Console<0><Console><Console>" changed cvar (cvar "l4d_nth_timerrepeat") (value "9999")
L 12/07/2021 - 18:35:12: [basecommands.smx] "Console<0><Console><Console>" changed cvar (cvar "vs_max_team_switches") (value "9999")
L 12/07/2021 - 18:35:12: [basecommands.smx] "Console<0><Console><Console>" changed cvar (cvar "mp_autoteambalance") (value "0")
L 12/07/2021 - 18:35:12: [basecommands.smx] "Console<0><Console><Console>" changed cvar (cvar "sv_unlag_fixstuck") (value "1")
L 12/07/2021 - 18:35:12: [basecommands.smx] "Console<0><Console><Console>" changed cvar (cvar "z_brawl_chance") (value "0")
L 12/07/2021 - 18:35:12: [basecommands.smx] "Console<0><Console><Console>" changed cvar (cvar "sv_maxunlag") (value "1")
L 12/07/2021 - 18:35:12: [basecommands.smx] "Console<0><Console><Console>" changed cvar (cvar "sv_forcepreload") (value "1")
L 12/07/2021 - 18:35:12: [basecommands.smx] "Console<0><Console><Console>" changed cvar (cvar "sv_client_predict") (value "1")
L 12/07/2021 - 18:35:12: [basecommands.smx] "Console<0><Console><Console>" changed cvar (cvar "sv_client_cmdrate_difference") (value "0")
L 12/07/2021 - 18:35:12: [basecommands.smx] "Console<0><Console><Console>" changed cvar (cvar "sv_max_queries_sec_global") (value "10")
L 12/07/2021 - 18:35:12: [basecommands.smx] "Console<0><Console><Console>" changed cvar (cvar "sv_max_queries_sec") (value "3")
L 12/07/2021 - 18:35:12: [basecommands.smx] "Console<0><Console><Console>" changed cvar (cvar "sv_max_queries_window") (value "10")
L 12/07/2021 - 18:35:12: [basecommands.smx] "Console<0><Console><Console>" changed cvar (cvar "sv_player_stuck_tolerance") (value "5")
L 12/07/2021 - 18:35:12: [basecommands.smx] "Console<0><Console><Console>" changed cvar (cvar "sv_stats") (value "0")
L 12/07/2021 - 18:35:12: [basecommands.smx] "Console<0><Console><Console>" changed cvar (cvar "sv_clockcorrection_msecs") (value "25")
L 12/07/2021 - 18:35:12: [basecommands.smx] "Console<0><Console><Console>" changed cvar (cvar "tank_swing_physics_prop_force") (value "3")
L 12/07/2021 - 18:37:04: [optional/kether/l4d2_skill_detect.smx] Clear: 7 freed 3 from 5: time: -1.00 / 1.43 -- class: smoker (with shove? 1)
L 12/07/2021 - 18:37:52: [optional/kether/l4d2_skill_detect.smx] Clear: 7 freed 2 from 8: time: 0.69 / 159.98 -- class: charger (with shove? 0)
L 12/07/2021 - 18:37:54: [optional/kether/l4d2_skill_detect.smx] Clear: 6 freed 3 from 5: time: 5.59 / 7.53 -- class: smoker (with shove? 0)
L 12/07/2021 - 18:37:55: [optional/kether/l4d2_skill_detect.smx] Clear: 6 freed 3 from 4: time: 0.99 / -1.00 -- class: jockey (with shove? 1)
L 12/07/2021 - 18:39:30: [optional/kether/l4d2_skill_detect.smx] Charge carry start: 1 - 6 -- time: 258.09
L 12/07/2021 - 18:39:34: [optional/kether/l4d2_skill_detect.smx] Checking charge victim: 1 - 6 - flags: 1 (alive? 1)
L 12/07/2021 - 18:39:43: [optional/kether/l4d2_skill_detect.smx] Clear: 2 freed 6 from 1: time: 11.15 / 12.75 -- class: charger (with shove? 0)
L 12/07/2021 - 18:39:54: [optional/kether/l4d2_skill_detect.smx] Clear: 2 freed 7 from 8: time: 16.17 / 19.34 -- class: smoker (with shove? 1)
L 12/07/2021 - 18:40:12: [optional/kether/l4d2_skill_detect.smx] Clear: 3 freed 6 from 4: time: 2.96 / -1.00 -- class: hunter (with shove? 0)
L 12/07/2021 - 18:41:15: [optional/kether/l4d2_skill_detect.smx] Clear: 1 freed 5 from 6: time: 1.60 / -1.00 -- class: hunter (with shove? 0)
L 12/07/2021 - 18:41:22: [optional/kether/l4d2_skill_detect.smx] Clear: 5 freed 1 from 2: time: 1.19 / 7.94 -- class: smoker (with shove? 0)
L 12/07/2021 - 18:41:41: [optional/kether/l4d2_skill_detect.smx] Clear: 1 freed 8 from 2: time: 0.03 / 3.02 -- class: smoker (with shove? 1)
L 12/07/2021 - 18:42:07: [optional/kether/l4d2_skill_detect.smx] Charge carry start: 3 - 5 -- time: 414.86
L 12/07/2021 - 18:42:09: [optional/kether/l4d2_skill_detect.smx] Clear: 8 freed 5 from 3: time: 1.79 / 2.61 -- class: charger (with shove? 0)
L 12/07/2021 - 18:42:10: [optional/kether/l4d2_skill_detect.smx] Checking charge victim: 3 - 5 - flags: 1 (alive? 1)
L 12/07/2021 - 18:42:15: [optional/kether/l4d2_skill_detect.smx] Clear: 4 freed 5 from 2: time: 0.29 / 3.41 -- class: smoker (with shove? 0)
L 12/07/2021 - 18:43:20: [optional/kether/l4d2_skill_detect.smx] Clear: 4 freed 5 from 2: time: 1.37 / -1.00 -- class: jockey (with shove? 1)
L 12/07/2021 - 18:43:29: [optional/kether/l4d2_skill_detect.smx] Charge carry start: 7 - 1 -- time: 496.55
L 12/07/2021 - 18:43:32: [optional/kether/l4d2_skill_detect.smx] Clear: 5 freed 1 from 7: time: 0.87 / 3.03 -- class: charger (with shove? 0)
L 12/07/2021 - 18:43:32: [optional/kether/l4d2_skill_detect.smx] Checking charge victim: 7 - 8 - flags: 0 (alive? 1)
L 12/07/2021 - 18:43:33: [optional/kether/l4d2_skill_detect.smx] Checking charge victim: 7 - 1 - flags: 1 (alive? 1)
L 12/07/2021 - 18:44:29: -------- Mapchange to c5m4_quarter --------
L 12/07/2021 - 18:44:30: [basecommands.smx] "Console<0><Console><Console>" changed cvar (cvar "confogl_match_execcfg_plugins") (value "generalfixes.cfg;confogl_plugins.cfg;sharedplugins.cfg")
L 12/07/2021 - 18:44:30: [basecommands.smx] "Console<0><Console><Console>" changed cvar (cvar "l4d2_addons_eclipse") (value "0")
L 12/07/2021 - 18:44:30: [basecommands.smx] "Console<0><Console><Console>" changed cvar (cvar "sv_allow_wait_command") (value "0")
L 12/07/2021 - 18:44:30: [basecommands.smx] "Console<0><Console><Console>" changed cvar (cvar "sv_minrate") (value "108000")
L 12/07/2021 - 18:44:30: [basecommands.smx] "Console<0><Console><Console>" changed cvar (cvar "sv_maxrate") (value "108000")
L 12/07/2021 - 18:44:30: [basecommands.smx] "Console<0><Console><Console>" changed cvar (cvar "sv_mincmdrate") (value "108")
L 12/07/2021 - 18:44:30: [basecommands.smx] "Console<0><Console><Console>" changed cvar (cvar "sv_maxcmdrate") (value "108")
L 12/07/2021 - 18:44:30: [basecommands.smx] "Console<0><Console><Console>" changed cvar (cvar "sv_minupdaterate") (value "108")
L 12/07/2021 - 18:44:30: [basecommands.smx] "Console<0><Console><Console>" changed cvar (cvar "sv_maxupdaterate") (value "108")
L 12/07/2021 - 18:44:30: [basecommands.smx] "Console<0><Console><Console>" changed cvar (cvar "nb_update_frequency") (value "0.024")
L 12/07/2021 - 18:44:30: [basecommands.smx] "Console<0><Console><Console>" changed cvar (cvar "net_splitpacket_maxrate") (value "54000")
L 12/07/2021 - 18:44:30: [basecommands.smx] "Console<0><Console><Console>" changed cvar (cvar "sv_client_min_interp_ratio") (value "0")
L 12/07/2021 - 18:44:30: [basecommands.smx] "Console<0><Console><Console>" changed cvar (cvar "sv_client_max_interp_ratio") (value "2")
L 12/07/2021 - 18:44:30: [basecommands.smx] "Console<0><Console><Console>" changed cvar (cvar "fps_max") (value "200")
L 12/07/2021 - 18:44:30: [basecommands.smx] "Console<0><Console><Console>" changed cvar (cvar "mv_maxplayers") (value "16")
L 12/07/2021 - 18:44:30: [basecommands.smx] "Console<0><Console><Console>" changed cvar (cvar "sv_maxplayers") (value "16")
L 12/07/2021 - 18:44:30: [basecommands.smx] "Console<0><Console><Console>" changed cvar (cvar "sv_allowdownload") (value "1")
L 12/07/2021 - 18:44:30: [basecommands.smx] "Console<0><Console><Console>" changed cvar (cvar "l4d_nth_joininfected") (value "1")
L 12/07/2021 - 18:44:30: [basecommands.smx] "Console<0><Console><Console>" changed cvar (cvar "l4d_nth_joinsurvivors") (value "1")
L 12/07/2021 - 18:44:30: [basecommands.smx] "Console<0><Console><Console>" changed cvar (cvar "l4d_nth_kill") (value "0")
L 12/07/2021 - 18:44:30: [basecommands.smx] "Console<0><Console><Console>" changed cvar (cvar "l4d_nth_spectate") (value "1")
L 12/07/2021 - 18:44:30: [basecommands.smx] "Console<0><Console><Console>" changed cvar (cvar "l4d_nth_message") (value "0")
L 12/07/2021 - 18:44:30: [basecommands.smx] "Console<0><Console><Console>" changed cvar (cvar "l4d_nth_timerrepeat") (value "9999")
L 12/07/2021 - 18:44:30: [basecommands.smx] "Console<0><Console><Console>" changed cvar (cvar "vs_max_team_switches") (value "9999")
L 12/07/2021 - 18:44:30: [basecommands.smx] "Console<0><Console><Console>" changed cvar (cvar "mp_autoteambalance") (value "0")
L 12/07/2021 - 18:44:30: [basecommands.smx] "Console<0><Console><Console>" changed cvar (cvar "sv_unlag_fixstuck") (value "1")
L 12/07/2021 - 18:44:30: [basecommands.smx] "Console<0><Console><Console>" changed cvar (cvar "z_brawl_chance") (value "0")
L 12/07/2021 - 18:44:30: [basecommands.smx] "Console<0><Console><Console>" changed cvar (cvar "sv_maxunlag") (value "1")
L 12/07/2021 - 18:44:30: [basecommands.smx] "Console<0><Console><Console>" changed cvar (cvar "sv_forcepreload") (value "1")
L 12/07/2021 - 18:44:30: [basecommands.smx] "Console<0><Console><Console>" changed cvar (cvar "sv_client_predict") (value "1")
L 12/07/2021 - 18:44:30: [basecommands.smx] "Console<0><Console><Console>" changed cvar (cvar "sv_client_cmdrate_difference") (value "0")
L 12/07/2021 - 18:44:30: [basecommands.smx] "Console<0><Console><Console>" changed cvar (cvar "sv_max_queries_sec_global") (value "10")
L 12/07/2021 - 18:44:30: [basecommands.smx] "Console<0><Console><Console>" changed cvar (cvar "sv_max_queries_sec") (value "3")
L 12/07/2021 - 18:44:30: [basecommands.smx] "Console<0><Console><Console>" changed cvar (cvar "sv_max_queries_window") (value "10")
L 12/07/2021 - 18:44:30: [basecommands.smx] "Console<0><Console><Console>" changed cvar (cvar "sv_player_stuck_tolerance") (value "5")
L 12/07/2021 - 18:44:30: [basecommands.smx] "Console<0><Console><Console>" changed cvar (cvar "sv_stats") (value "0")
L 12/07/2021 - 18:44:30: [basecommands.smx] "Console<0><Console><Console>" changed cvar (cvar "sv_clockcorrection_msecs") (value "25")
L 12/07/2021 - 18:44:30: [basecommands.smx] "Console<0><Console><Console>" changed cvar (cvar "tank_swing_physics_prop_force") (value "3")
L 12/07/2021 - 18:46:13: [optional/kether/l4d2_skill_detect.smx] Clear: 7 freed 3 from 1: time: 0.78 / 103.53 -- class: charger (with shove? 0)
L 12/07/2021 - 18:46:51: [optional/kether/l4d2_skill_detect.smx] Clear: 3 freed 6 from 5: time: -1.00 / 1.39 -- class: smoker (with shove? 0)
L 12/07/2021 - 18:47:00: [optional/kether/l4d2_skill_detect.smx] Clear: 2 freed 7 from 8: time: 1.27 / -1.00 -- class: hunter (with shove? 0)
L 12/07/2021 - 18:47:06: [optional/kether/l4d2_skill_detect.smx] Charge carry start: 4 - 7 -- time: 156.37
L 12/07/2021 - 18:47:08: [optional/kether/l4d2_skill_detect.smx] Clear: 2 freed 7 from 4: time: 1.37 / 2.36 -- class: charger (with shove? 0)
L 12/07/2021 - 18:47:09: [optional/kether/l4d2_skill_detect.smx] Checking charge victim: 4 - 7 - flags: 1 (alive? 1)
L 12/07/2021 - 18:47:09: [optional/kether/l4d2_skill_detect.smx] Checking charge victim: 4 - 3 - flags: 0 (alive? 1)
L 12/07/2021 - 18:47:29: [optional/kether/l4d2_skill_detect.smx] Clear: 2 freed 3 from 5: time: 1.73 / -1.00 -- class: jockey (with shove? 0)
L 12/07/2021 - 18:48:25: [optional/kether/l4d2_skill_detect.smx] Clear: 2 freed 7 from 1: time: 1.57 / -1.00 -- class: hunter (with shove? 0)
L 12/07/2021 - 18:48:30: [optional/kether/l4d2_skill_detect.smx] Clear: 2 freed 6 from 4: time: 1.43 / 4.06 -- class: smoker (with shove? 1)
L 12/07/2021 - 18:48:46: [optional/kether/l4d2_skill_detect.smx] Clear: 7 freed 2 from 4: time: -1.00 / 0.96 -- class: smoker (with shove? 0)
L 12/07/2021 - 18:49:32: [optional/kether/l4d2_skill_detect.smx] Clear: 6 freed 2 from 4: time: 0.87 / -1.00 -- class: hunter (with shove? 0)
L 12/07/2021 - 18:50:01: [optional/kether/l4d2_skill_detect.smx] Charge carry start: 5 - 3 -- time: 331.87
L 12/07/2021 - 18:50:03: [optional/kether/l4d2_skill_detect.smx] Clear: 6 freed 3 from 5: time: 0.00 / 1.32 -- class: charger (with shove? 0)
L 12/07/2021 - 18:50:05: [optional/kether/l4d2_skill_detect.smx] Checking charge victim: 5 - 7 - flags: 0 (alive? 1)
L 12/07/2021 - 18:50:06: [optional/kether/l4d2_skill_detect.smx] Checking charge victim: 5 - 3 - flags: 1 (alive? 1)
L 12/07/2021 - 18:50:13: [optional/kether/l4d2_skill_detect.smx] Clear: 2 freed 7 from 4: time: -1.00 / 1.42 -- class: smoker (with shove? 1)
L 12/07/2021 - 18:50:29: [optional/kether/l4d2_skill_detect.smx] Clear: 6 freed 2 from 4: time: -1.00 / 0.62 -- class: smoker (with shove? 0)
L 12/07/2021 - 18:51:02: [optional/kether/l4d2_skill_detect.smx] Clear: 2 freed 6 from 5: time: 1.06 / -1.00 -- class: hunter (with shove? 0)
L 12/07/2021 - 18:51:04: [optional/kether/l4d2_skill_detect.smx] Charge carry start: 8 - 2 -- time: 394.63
L 12/07/2021 - 18:51:08: [optional/kether/l4d2_skill_detect.smx] Clear: 3 freed 2 from 8: time: 1.60 / 3.58 -- class: charger (with shove? 0)
L 12/07/2021 - 18:51:09: [optional/kether/l4d2_skill_detect.smx] Checking charge victim: 8 - 2 - flags: 1 (alive? 1)
L 12/07/2021 - 18:51:52: [optional/kether/l4d2_skill_detect.smx] Clear: 3 freed 6 from 8: time: -1.00 / 1.61 -- class: smoker (with shove? 0)
L 12/07/2021 - 18:52:11: [optional/kether/l4d2_skill_detect.smx] Clear: 3 freed 2 from 5: time: 0.64 / -1.00 -- class: jockey (with shove? 1)
L 12/07/2021 - 18:52:16: [optional/kether/l4d2_skill_detect.smx] Charge carry start: 4 - 2 -- time: 466.99
L 12/07/2021 - 18:52:21: [optional/kether/l4d2_skill_detect.smx] Checking charge victim: 4 - 2 - flags: 1 (alive? 1)
L 12/07/2021 - 18:52:48: [optional/kether/l4d2_skill_detect.smx] Clear: 6 freed 2 from 5: time: 0.04 / 2.32 -- class: smoker (with shove? 0)
L 12/07/2021 - 18:53:01: [optional/kether/l4d2_skill_detect.smx] Clear: 6 freed 3 from 4: time: 3.36 / -1.00 -- class: hunter (with shove? 0)
L 12/07/2021 - 18:53:22: [optional/kether/l4d2_skill_detect.smx] Clear: 6 freed 2 from 5: time: 0.60 / -1.00 -- class: jockey (with shove? 0)
L 12/07/2021 - 18:53:44: [optional/kether/l4d2_skill_detect.smx] Witch Crown Check: Failed: bungled: 1 / crowntype: 0 (entity: 191)
L 12/07/2021 - 18:53:44: [optional/kether/l4d2_skill_detect.smx] Witch Crown Check: Further details: attacker: Agent, attacker dmg: 270, teamless dmg: 4
L 12/07/2021 - 18:54:01: [optional/kether/l4d2_skill_detect.smx] Clear: 6 freed 7 from 5: time: 1.73 / -1.00 -- class: hunter (with shove? 0)
L 12/07/2021 - 18:54:22: [optional/kether/l4d2_skill_detect.smx] Clear: 2 freed 6 from 1: time: 2.87 / -1.00 -- class: jockey (with shove? 0)
L 12/07/2021 - 18:54:41: [optional/kether/l4d2_skill_detect.smx] Charge carry start: 8 - 7 -- time: 611.81
L 12/07/2021 - 18:54:45: [optional/kether/l4d2_skill_detect.smx] Checking charge victim: 8 - 7 - flags: 1 (alive? 1)
L 12/07/2021 - 18:54:46: [optional/kether/l4d2_skill_detect.smx] Checking charge victim: 8 - 2 - flags: 0 (alive? 1)
L 12/07/2021 - 18:54:46: [optional/kether/l4d2_skill_detect.smx] Clear: 3 freed 7 from 8: time: 2.15 / 4.20 -- class: charger (with shove? 0)
L 12/07/2021 - 18:54:55: [optional/kether/l4d2_skill_detect.smx] Clear: 6 freed 2 from 4: time: 1.16 / -1.00 -- class: hunter (with shove? 0)
L 12/07/2021 - 18:55:01: [optional/kether/l4d2_skill_detect.smx] Clear: 6 freed 2 from 1: time: -1.00 / 1.38 -- class: smoker (with shove? 0)
L 12/07/2021 - 18:55:34: [optional/kether/l4d2_skill_detect.smx] Charge carry start: 1 - 7 -- time: 664.76
L 12/07/2021 - 18:55:38: [optional/kether/l4d2_skill_detect.smx] Checking charge victim: 1 - 7 - flags: 1 (alive? 1)
L 12/07/2021 - 18:55:41: [optional/kether/l4d2_skill_detect.smx] Clear: 6 freed 3 from 8: time: 0.45 / -1.00 -- class: jockey (with shove? 0)
L 12/07/2021 - 18:56:15: [optional/kether/l4d2_skill_detect.smx] Clear: 6 freed 6 from 5: time: -1.00 / 0.94 -- class: smoker (with shove? 0)
L 12/07/2021 - 18:56:37: [optional/kether/l4d2_skill_detect.smx] Charge carry start: 4 - 2 -- time: 727.64
L 12/07/2021 - 18:56:38: [optional/kether/l4d2_skill_detect.smx] Clear: 3 freed 2 from 4: time: 0.00 / 0.72 -- class: charger (with shove? 0)
L 12/07/2021 - 18:56:41: [optional/kether/l4d2_skill_detect.smx] Checking charge victim: 4 - 2 - flags: 1 (alive? 1)
L 12/07/2021 - 18:56:42: [optional/kether/l4d2_skill_detect.smx] Clear: 3 freed 6 from 1: time: 1.28 / -1.00 -- class: jockey (with shove? 0)
L 12/07/2021 - 18:56:50: [optional/kether/autopause.smx] [AutoPause] Player STEAM_1:1:23591579 left the game with 11.981506 time until spawn.
L 12/07/2021 - 18:57:42: SourceMod log file session started (file "/home/k26606_s20329/server_20329/left4dead2/addons/sourcemod/logs/L20211207.log") (Version "1.10.0.6494")
L 12/07/2021 - 18:57:42: [fixes/firebulletsfix.smx] Found offset for Weapon_ShootPosition 286
L 12/07/2021 - 18:57:44: [navmesh.smx] Found .NAV file in maps\c1m1_hotel.nav
L 12/07/2021 - 18:57:44: [navmesh.smx] Is mesh analyzed: 1
L 12/07/2021 - 18:57:44: [navmesh.smx] Nav version: 16; SubVersion: 14 (v10+); BSPSize: 32807960; MagicNumber: -17958194
L 12/07/2021 - 18:57:44: [navmesh.smx] Place count: 0
L 12/07/2021 - 18:57:44: [navmesh.smx] Has unnamed areas: true
L 12/07/2021 - 18:57:44: [navmesh.smx] Population type: c1streets
L 12/07/2021 - 18:57:44: [navmesh.smx] Area count: 1582
L 12/07/2021 - 18:57:44: [navmesh.smx] Parsed 1582 areas in 0.019277 seconds.
L 12/07/2021 - 18:57:44: [navmesh.smx] Ladder count: 0
L 12/07/2021 - 18:57:44: [basecommands.smx] "Console<0><Console><Console>" changed cvar (cvar "confogl_match_execcfg_plugins") (value "generalfixes.cfg;confogl_plugins.cfg;sharedplugins.cfg")
L 12/07/2021 - 18:57:44: [basecommands.smx] "Console<0><Console><Console>" changed cvar (cvar "l4d2_addons_eclipse") (value "0")
L 12/07/2021 - 18:57:44: [basecommands.smx] "Console<0><Console><Console>" changed cvar (cvar "sv_allow_wait_command") (value "0")
L 12/07/2021 - 18:57:44: [basecommands.smx] "Console<0><Console><Console>" changed cvar (cvar "sv_minrate") (value "108000")
L 12/07/2021 - 18:57:44: [basecommands.smx] "Console<0><Console><Console>" changed cvar (cvar "sv_maxrate") (value "108000")
L 12/07/2021 - 18:57:44: [basecommands.smx] "Console<0><Console><Console>" changed cvar (cvar "sv_mincmdrate") (value "108")
L 12/07/2021 - 18:57:44: [basecommands.smx] "Console<0><Console><Console>" changed cvar (cvar "sv_maxcmdrate") (value "108")
L 12/07/2021 - 18:57:44: [basecommands.smx] "Console<0><Console><Console>" changed cvar (cvar "sv_minupdaterate") (value "108")
L 12/07/2021 - 18:57:44: [basecommands.smx] "Console<0><Console><Console>" changed cvar (cvar "sv_maxupdaterate") (value "108")
L 12/07/2021 - 18:57:44: [basecommands.smx] "Console<0><Console><Console>" changed cvar (cvar "nb_update_frequency") (value "0.024")
L 12/07/2021 - 18:57:44: [basecommands.smx] "Console<0><Console><Console>" changed cvar (cvar "net_splitpacket_maxrate") (value "54000")
L 12/07/2021 - 18:57:44: [basecommands.smx] "Console<0><Console><Console>" changed cvar (cvar "sv_client_min_interp_ratio") (value "0")
L 12/07/2021 - 18:57:44: [basecommands.smx] "Console<0><Console><Console>" changed cvar (cvar "sv_client_max_interp_ratio") (value "2")
L 12/07/2021 - 18:57:44: [basecommands.smx] "Console<0><Console><Console>" changed cvar (cvar "fps_max") (value "200")
L 12/07/2021 - 18:57:44: [basecommands.smx] "Console<0><Console><Console>" changed cvar (cvar "mv_maxplayers") (value "16")
L 12/07/2021 - 18:57:44: [basecommands.smx] "Console<0><Console><Console>" changed cvar (cvar "sv_maxplayers") (value "16")
L 12/07/2021 - 18:57:44: [basecommands.smx] "Console<0><Console><Console>" changed cvar (cvar "sv_allowdownload") (value "1")
L 12/07/2021 - 18:57:44: [basecommands.smx] "Console<0><Console><Console>" changed cvar (cvar "vs_max_team_switches") (value "9999")
L 12/07/2021 - 18:57:44: [basecommands.smx] "Console<0><Console><Console>" changed cvar (cvar "mp_autoteambalance") (value "0")
L 12/07/2021 - 18:57:44: [basecommands.smx] "Console<0><Console><Console>" changed cvar (cvar "sv_unlag_fixstuck") (value "1")
L 12/07/2021 - 18:57:44: [basecommands.smx] "Console<0><Console><Console>" changed cvar (cvar "z_brawl_chance") (value "0")
L 12/07/2021 - 18:57:44: [basecommands.smx] "Console<0><Console><Console>" changed cvar (cvar "sv_maxunlag") (value "1")
L 12/07/2021 - 18:57:44: [basecommands.smx] "Console<0><Console><Console>" changed cvar (cvar "sv_forcepreload") (value "1")
L 12/07/2021 - 18:57:44: [basecommands.smx] "Console<0><Console><Console>" changed cvar (cvar "sv_client_predict") (value "1")
L 12/07/2021 - 18:57:44: [basecommands.smx] "Console<0><Console><Console>" changed cvar (cvar "sv_client_cmdrate_difference") (value "0")
L 12/07/2021 - 18:57:44: [basecommands.smx] "Console<0><Console><Console>" changed cvar (cvar "sv_max_queries_sec_global") (value "10")
L 12/07/2021 - 18:57:44: [basecommands.smx] "Console<0><Console><Console>" changed cvar (cvar "sv_max_queries_sec") (value "3")
L 12/07/2021 - 18:57:44: [basecommands.smx] "Console<0><Console><Console>" changed cvar (cvar "sv_max_queries_window") (value "10")
L 12/07/2021 - 18:57:44: [basecommands.smx] "Console<0><Console><Console>" changed cvar (cvar "sv_player_stuck_tolerance") (value "5")
L 12/07/2021 - 18:57:44: [basecommands.smx] "Console<0><Console><Console>" changed cvar (cvar "sv_stats") (value "0")
L 12/07/2021 - 18:57:44: [basecommands.smx] "Console<0><Console><Console>" changed cvar (cvar "sv_clockcorrection_msecs") (value "25")
L 12/07/2021 - 18:57:44: [basecommands.smx] "Console<0><Console><Console>" changed cvar (cvar "tank_swing_physics_prop_force") (value "3")
L 12/07/2021 - 18:57:45: [fixes/firebulletsfix.smx] Found offset for Weapon_ShootPosition 286
L 12/07/2021 - 18:57:51: -------- Mapchange to c1m1_hotel --------
L 12/07/2021 - 18:57:51: [basecommands.smx] "Console<0><Console><Console>" changed cvar (cvar "confogl_match_execcfg_plugins") (value "generalfixes.cfg;confogl_plugins.cfg;sharedplugins.cfg")
L 12/07/2021 - 18:57:51: [basecommands.smx] "Console<0><Console><Console>" changed cvar (cvar "l4d2_addons_eclipse") (value "0")
L 12/07/2021 - 18:57:51: [basecommands.smx] "Console<0><Console><Console>" changed cvar (cvar "sv_allow_wait_command") (value "0")
L 12/07/2021 - 18:57:51: [basecommands.smx] "Console<0><Console><Console>" changed cvar (cvar "sv_minrate") (value "108000")
L 12/07/2021 - 18:57:51: [basecommands.smx] "Console<0><Console><Console>" changed cvar (cvar "sv_maxrate") (value "108000")
L 12/07/2021 - 18:57:51: [basecommands.smx] "Console<0><Console><Console>" changed cvar (cvar "sv_mincmdrate") (value "108")
L 12/07/2021 - 18:57:51: [basecommands.smx] "Console<0><Console><Console>" changed cvar (cvar "sv_maxcmdrate") (value "108")
L 12/07/2021 - 18:57:51: [basecommands.smx] "Console<0><Console><Console>" changed cvar (cvar "sv_minupdaterate") (value "108")
L 12/07/2021 - 18:57:51: [basecommands.smx] "Console<0><Console><Console>" changed cvar (cvar "sv_maxupdaterate") (value "108")
L 12/07/2021 - 18:57:51: [basecommands.smx] "Console<0><Console><Console>" changed cvar (cvar "nb_update_frequency") (value "0.024")
L 12/07/2021 - 18:57:51: [basecommands.smx] "Console<0><Console><Console>" changed cvar (cvar "net_splitpacket_maxrate") (value "54000")
L 12/07/2021 - 18:57:51: [basecommands.smx] "Console<0><Console><Console>" changed cvar (cvar "sv_client_min_interp_ratio") (value "0")
L 12/07/2021 - 18:57:51: [basecommands.smx] "Console<0><Console><Console>" changed cvar (cvar "sv_client_max_interp_ratio") (value "2")
L 12/07/2021 - 18:57:51: [basecommands.smx] "Console<0><Console><Console>" changed cvar (cvar "fps_max") (value "200")
L 12/07/2021 - 18:57:51: [basecommands.smx] "Console<0><Console><Console>" changed cvar (cvar "mv_maxplayers") (value "16")
L 12/07/2021 - 18:57:51: [basecommands.smx] "Console<0><Console><Console>" changed cvar (cvar "sv_maxplayers") (value "16")
L 12/07/2021 - 18:57:51: [basecommands.smx] "Console<0><Console><Console>" changed cvar (cvar "sv_allowdownload") (value "1")
L 12/07/2021 - 18:57:51: [basecommands.smx] "Console<0><Console><Console>" changed cvar (cvar "l4d_nth_joininfected") (value "1")
L 12/07/2021 - 18:57:51: [basecommands.smx] "Console<0><Console><Console>" changed cvar (cvar "l4d_nth_joinsurvivors") (value "1")
L 12/07/2021 - 18:57:51: [basecommands.smx] "Console<0><Console><Console>" changed cvar (cvar "l4d_nth_kill") (value "0")
L 12/07/2021 - 18:57:51: [basecommands.smx] "Console<0><Console><Console>" changed cvar (cvar "l4d_nth_spectate") (value "1")
L 12/07/2021 - 18:57:51: [basecommands.smx] "Console<0><Console><Console>" changed cvar (cvar "l4d_nth_message") (value "0")
L 12/07/2021 - 18:57:51: [basecommands.smx] "Console<0><Console><Console>" changed cvar (cvar "l4d_nth_timerrepeat") (value "9999")
L 12/07/2021 - 18:57:51: [basecommands.smx] "Console<0><Console><Console>" changed cvar (cvar "vs_max_team_switches") (value "9999")
L 12/07/2021 - 18:57:51: [basecommands.smx] "Console<0><Console><Console>" changed cvar (cvar "mp_autoteambalance") (value "0")
L 12/07/2021 - 18:57:51: [basecommands.smx] "Console<0><Console><Console>" changed cvar (cvar "sv_unlag_fixstuck") (value "1")
L 12/07/2021 - 18:57:51: [basecommands.smx] "Console<0><Console><Console>" changed cvar (cvar "z_brawl_chance") (value "0")
L 12/07/2021 - 18:57:51: [basecommands.smx] "Console<0><Console><Console>" changed cvar (cvar "sv_maxunlag") (value "1")
L 12/07/2021 - 18:57:51: [basecommands.smx] "Console<0><Console><Console>" changed cvar (cvar "sv_forcepreload") (value "1")
L 12/07/2021 - 18:57:51: [basecommands.smx] "Console<0><Console><Console>" changed cvar (cvar "sv_client_predict") (value "1")
L 12/07/2021 - 18:57:51: [basecommands.smx] "Console<0><Console><Console>" changed cvar (cvar "sv_client_cmdrate_difference") (value "0")
L 12/07/2021 - 18:57:51: [basecommands.smx] "Console<0><Console><Console>" changed cvar (cvar "sv_max_queries_sec_global") (value "10")
L 12/07/2021 - 18:57:51: [basecommands.smx] "Console<0><Console><Console>" changed cvar (cvar "sv_max_queries_sec") (value "3")
L 12/07/2021 - 18:57:51: [basecommands.smx] "Console<0><Console><Console>" changed cvar (cvar "sv_max_queries_window") (value "10")
L 12/07/2021 - 18:57:51: [basecommands.smx] "Console<0><Console><Console>" changed cvar (cvar "sv_player_stuck_tolerance") (value "5")
L 12/07/2021 - 18:57:51: [basecommands.smx] "Console<0><Console><Console>" changed cvar (cvar "sv_stats") (value "0")
L 12/07/2021 - 18:57:51: [basecommands.smx] "Console<0><Console><Console>" changed cvar (cvar "sv_clockcorrection_msecs") (value "25")
L 12/07/2021 - 18:57:51: [basecommands.smx] "Console<0><Console><Console>" changed cvar (cvar "tank_swing_physics_prop_force") (value "3")
