L 12/11/2021 - 00:00:06: SourceMod log file session started (file "/home/k26606_s20329/server_20329/left4dead2/addons/sourcemod/logs/L20211211.log") (Version "1.10.0.6494")
L 12/11/2021 - 00:00:06: [optional/kether/l4d2_skill_detect.smx] Clear: 8 freed 1 from 7: time: 1.32 / -1.00 -- class: jockey (with shove? 0)
L 12/11/2021 - 00:00:37: [optional/kether/l4d2_skill_detect.smx] Charge carry start: 3 - 1 -- time: 238.13
L 12/11/2021 - 00:00:40: [optional/kether/l4d2_skill_detect.smx] Clear: 8 freed 1 from 3: time: 0.73 / 2.75 -- class: charger (with shove? 0)
L 12/11/2021 - 00:00:41: [optional/kether/l4d2_skill_detect.smx] Checking charge victim: 3 - 1 - flags: 1 (alive? 1)
L 12/11/2021 - 00:00:42: [optional/kether/l4d2_skill_detect.smx] Clear: 8 freed 1 from 7: time: 2.22 / -1.00 -- class: hunter (with shove? 0)
L 12/11/2021 - 00:02:00: [optional/kether/l4d2_skill_detect.smx] Clear: 4 freed 8 from 2: time: 3.12 / -1.00 -- class: hunter (with shove? 0)
L 12/11/2021 - 00:02:09: [optional/kether/l4d2_skill_detect.smx] Clear: 5 freed 1 from 3: time: -1.00 / 1.90 -- class: smoker (with shove? 0)
L 12/11/2021 - 00:02:48: [optional/kether/l4d2_skill_detect.smx] Charge carry start: 2 - 1 -- time: 368.53
L 12/11/2021 - 00:02:51: [optional/kether/l4d2_skill_detect.smx] Clear: 4 freed 1 from 2: time: 1.65 / 3.22 -- class: charger (with shove? 0)
L 12/11/2021 - 00:02:51: [optional/kether/l4d2_skill_detect.smx] Checking charge victim: 2 - 1 - flags: 1 (alive? 1)
L 12/11/2021 - 00:03:29: [optional/kether/l4d2_skill_detect.smx] Charge carry start: 6 - 1 -- time: 409.87
L 12/11/2021 - 00:03:32: [optional/kether/l4d2_skill_detect.smx] Checking charge victim: 6 - 1 - flags: 1 (alive? 1)
L 12/11/2021 - 00:03:36: [optional/kether/l4d2_skill_detect.smx] Clear: 1 freed 5 from 2: time: 0.91 / -1.00 -- class: hunter (with shove? 0)
L 12/11/2021 - 00:03:47: [optional/kether/l4d2_skill_detect.smx] Witch Crown Check: crown shot: 903, harrassed: 0 (full health: 1000 / drawthresh: 500 / oneshot 1)
L 12/11/2021 - 00:03:58: [optional/kether/l4d2_skill_detect.smx] calarm trigger: caller 88 / activator 88 / delay: 0.00
L 12/11/2021 - 00:04:15: [optional/kether/l4d2_skill_detect.smx] Clear: 4 freed 8 from 6: time: 6.33 / -1.00 -- class: jockey (with shove? 0)
L 12/11/2021 - 00:04:23: [optional/kether/l4d2_skill_detect.smx] Witch Crown Check: crown shot: 450, harrassed: 1 (full health: 1000 / drawthresh: 500 / oneshot 0)
L 12/11/2021 - 00:04:34: [optional/kether/l4d2_skill_detect.smx] Witch Crown Check: crown shot: 88, harrassed: 1 (full health: 1000 / drawthresh: 500 / oneshot 0)
L 12/11/2021 - 00:04:44: [optional/kether/l4d2_skill_detect.smx] Witch Crown Check: Failed: bungled: 1 / crowntype: 1 (entity: 132)
L 12/11/2021 - 00:04:44: [optional/kether/l4d2_skill_detect.smx] Witch Crown Check: Further details: attacker: AlLaDyN^^-_-, attacker dmg: 363, teamless dmg: 0
L 12/11/2021 - 00:04:45: [optional/kether/l4d2_skill_detect.smx] Clear: 4 freed 1 from 2: time: 0.88 / -1.00 -- class: hunter (with shove? 0)
L 12/11/2021 - 00:04:48: [optional/kether/l4d2_skill_detect.smx] Charge carry start: 6 - 8 -- time: 488.91
L 12/11/2021 - 00:04:51: [optional/kether/l4d2_skill_detect.smx] Checking charge victim: 6 - 1 - flags: 0 (alive? 1)
L 12/11/2021 - 00:04:53: [optional/kether/l4d2_skill_detect.smx] Checking charge victim: 6 - 8 - flags: 1 (alive? 1)
L 12/11/2021 - 00:04:55: [optional/kether/l4d2_skill_detect.smx] Clear: 4 freed 8 from 6: time: 3.95 / 6.59 -- class: charger (with shove? 0)
L 12/11/2021 - 00:05:22: [optional/kether/l4d2_skill_detect.smx] Clear: 4 freed 1 from 3: time: -1.00 / 0.71 -- class: smoker (with shove? 0)
L 12/11/2021 - 00:07:09: [optional/kether/l4d2_skill_detect.smx] Clear: 6 freed 2 from 4: time: 1.29 / -1.00 -- class: hunter (with shove? 0)
L 12/11/2021 - 00:07:12: [optional/kether/l4d2_skill_detect.smx] Clear: 3 freed 7 from 8: time: 1.07 / -1.00 -- class: jockey (with shove? 0)
L 12/11/2021 - 00:07:54: [optional/kether/l4d2_skill_detect.smx] Clear: 3 freed 6 from 8: time: 1.02 / -1.00 -- class: hunter (with shove? 0)
L 12/11/2021 - 00:07:57: [optional/kether/l4d2_skill_detect.smx] Clear: 3 freed 6 from 4: time: -1.00 / 0.45 -- class: smoker (with shove? 0)
L 12/11/2021 - 00:13:09: [optional/kether/l4d2_skill_detect.smx] Clear: 7 freed 2 from 1: time: 1.57 / -1.00 -- class: hunter (with shove? 0)
L 12/11/2021 - 00:13:23: [optional/kether/l4d2_skill_detect.smx] calarm trigger: caller 56 / activator 56 / delay: 0.00
L 12/11/2021 - 00:13:53: [optional/kether/l4d2_skill_detect.smx] Witch Crown Check: crown shot: 898, harrassed: 0 (full health: 1000 / drawthresh: 500 / oneshot 1)
L 12/11/2021 - 00:14:18: [optional/kether/l4d2_skill_detect.smx] Clear: 2 freed 3 from 5: time: -1.00 / 0.56 -- class: smoker (with shove? 0)
L 12/11/2021 - 00:14:43: -------- Mapchange to l4d2_city17_02 --------
L 12/11/2021 - 00:14:44: [basecommands.smx] "Console<0><Console><Console>" changed cvar (cvar "confogl_match_execcfg_plugins") (value "generalfixes.cfg;confogl_plugins.cfg;sharedplugins.cfg")
L 12/11/2021 - 00:14:44: [basecommands.smx] "Console<0><Console><Console>" changed cvar (cvar "l4d2_addons_eclipse") (value "0")
L 12/11/2021 - 00:14:44: [basecommands.smx] "Console<0><Console><Console>" changed cvar (cvar "sv_allow_wait_command") (value "0")
L 12/11/2021 - 00:14:44: [basecommands.smx] "Console<0><Console><Console>" changed cvar (cvar "sv_minrate") (value "108000")
L 12/11/2021 - 00:14:44: [basecommands.smx] "Console<0><Console><Console>" changed cvar (cvar "sv_maxrate") (value "108000")
L 12/11/2021 - 00:14:44: [basecommands.smx] "Console<0><Console><Console>" changed cvar (cvar "sv_mincmdrate") (value "108")
L 12/11/2021 - 00:14:44: [basecommands.smx] "Console<0><Console><Console>" changed cvar (cvar "sv_maxcmdrate") (value "108")
L 12/11/2021 - 00:14:44: [basecommands.smx] "Console<0><Console><Console>" changed cvar (cvar "sv_minupdaterate") (value "108")
L 12/11/2021 - 00:14:44: [basecommands.smx] "Console<0><Console><Console>" changed cvar (cvar "sv_maxupdaterate") (value "108")
L 12/11/2021 - 00:14:44: [basecommands.smx] "Console<0><Console><Console>" changed cvar (cvar "nb_update_frequency") (value "0.024")
L 12/11/2021 - 00:14:44: [basecommands.smx] "Console<0><Console><Console>" changed cvar (cvar "net_splitpacket_maxrate") (value "54000")
L 12/11/2021 - 00:14:44: [basecommands.smx] "Console<0><Console><Console>" changed cvar (cvar "sv_client_min_interp_ratio") (value "0")
L 12/11/2021 - 00:14:44: [basecommands.smx] "Console<0><Console><Console>" changed cvar (cvar "sv_client_max_interp_ratio") (value "2")
L 12/11/2021 - 00:14:44: [basecommands.smx] "Console<0><Console><Console>" changed cvar (cvar "fps_max") (value "200")
L 12/11/2021 - 00:14:44: [basecommands.smx] "Console<0><Console><Console>" changed cvar (cvar "mv_maxplayers") (value "16")
L 12/11/2021 - 00:14:44: [basecommands.smx] "Console<0><Console><Console>" changed cvar (cvar "sv_maxplayers") (value "16")
L 12/11/2021 - 00:14:44: [basecommands.smx] "Console<0><Console><Console>" changed cvar (cvar "sv_allowdownload") (value "1")
L 12/11/2021 - 00:14:44: [basecommands.smx] "Console<0><Console><Console>" changed cvar (cvar "l4d_nth_joininfected") (value "1")
L 12/11/2021 - 00:14:44: [basecommands.smx] "Console<0><Console><Console>" changed cvar (cvar "l4d_nth_joinsurvivors") (value "1")
L 12/11/2021 - 00:14:44: [basecommands.smx] "Console<0><Console><Console>" changed cvar (cvar "l4d_nth_kill") (value "0")
L 12/11/2021 - 00:14:44: [basecommands.smx] "Console<0><Console><Console>" changed cvar (cvar "l4d_nth_spectate") (value "1")
L 12/11/2021 - 00:14:44: [basecommands.smx] "Console<0><Console><Console>" changed cvar (cvar "l4d_nth_message") (value "0")
L 12/11/2021 - 00:14:44: [basecommands.smx] "Console<0><Console><Console>" changed cvar (cvar "l4d_nth_timerrepeat") (value "9999")
L 12/11/2021 - 00:14:44: [basecommands.smx] "Console<0><Console><Console>" changed cvar (cvar "vs_max_team_switches") (value "9999")
L 12/11/2021 - 00:14:44: [basecommands.smx] "Console<0><Console><Console>" changed cvar (cvar "mp_autoteambalance") (value "0")
L 12/11/2021 - 00:14:44: [basecommands.smx] "Console<0><Console><Console>" changed cvar (cvar "sv_unlag_fixstuck") (value "1")
L 12/11/2021 - 00:14:44: [basecommands.smx] "Console<0><Console><Console>" changed cvar (cvar "z_brawl_chance") (value "0")
L 12/11/2021 - 00:14:44: [basecommands.smx] "Console<0><Console><Console>" changed cvar (cvar "sv_maxunlag") (value "1")
L 12/11/2021 - 00:14:44: [basecommands.smx] "Console<0><Console><Console>" changed cvar (cvar "sv_forcepreload") (value "1")
L 12/11/2021 - 00:14:44: [basecommands.smx] "Console<0><Console><Console>" changed cvar (cvar "sv_client_predict") (value "1")
L 12/11/2021 - 00:14:44: [basecommands.smx] "Console<0><Console><Console>" changed cvar (cvar "sv_client_cmdrate_difference") (value "0")
L 12/11/2021 - 00:14:44: [basecommands.smx] "Console<0><Console><Console>" changed cvar (cvar "sv_max_queries_sec_global") (value "10")
L 12/11/2021 - 00:14:44: [basecommands.smx] "Console<0><Console><Console>" changed cvar (cvar "sv_max_queries_sec") (value "3")
L 12/11/2021 - 00:14:44: [basecommands.smx] "Console<0><Console><Console>" changed cvar (cvar "sv_max_queries_window") (value "10")
L 12/11/2021 - 00:14:44: [basecommands.smx] "Console<0><Console><Console>" changed cvar (cvar "sv_player_stuck_tolerance") (value "5")
L 12/11/2021 - 00:14:44: [basecommands.smx] "Console<0><Console><Console>" changed cvar (cvar "sv_stats") (value "0")
L 12/11/2021 - 00:14:44: [basecommands.smx] "Console<0><Console><Console>" changed cvar (cvar "sv_clockcorrection_msecs") (value "25")
L 12/11/2021 - 00:14:44: [basecommands.smx] "Console<0><Console><Console>" changed cvar (cvar "tank_swing_physics_prop_force") (value "3")
L 12/11/2021 - 00:17:47: [optional/kether/l4d2_skill_detect.smx] Clear: 3 freed 2 from 1: time: 1.30 / -1.00 -- class: hunter (with shove? 0)
L 12/11/2021 - 00:18:32: [optional/kether/l4d2_skill_detect.smx] Clear: 7 freed 3 from 8: time: 2.40 / -1.00 -- class: hunter (with shove? 0)
L 12/11/2021 - 00:18:43: [optional/kether/l4d2_skill_detect.smx] Clear: 3 freed 2 from 4: time: 1.38 / 2.47 -- class: smoker (with shove? 0)
L 12/11/2021 - 00:18:46: [optional/kether/l4d2_skill_detect.smx] Clear: 2 freed 7 from 5: time: 6.54 / -1.00 -- class: jockey (with shove? 0)
L 12/11/2021 - 00:19:03: [optional/kether/l4d2_skill_detect.smx] Charge carry start: 8 - 2 -- time: 259.40
L 12/11/2021 - 00:19:04: [optional/kether/l4d2_skill_detect.smx] Clear: 6 freed 2 from 8: time: 0.00 / 0.99 -- class: charger (with shove? 0)
L 12/11/2021 - 00:19:07: [optional/kether/l4d2_skill_detect.smx] Checking charge victim: 8 - 2 - flags: 1 (alive? 1)
L 12/11/2021 - 00:19:13: [optional/kether/l4d2_skill_detect.smx] Clear: 6 freed 2 from 4: time: -1.00 / 1.45 -- class: smoker (with shove? 1)
L 12/11/2021 - 00:21:03: [optional/kether/l4d2_skill_detect.smx] Clear: 7 freed 6 from 5: time: 0.94 / -1.00 -- class: hunter (with shove? 0)
L 12/11/2021 - 00:22:20: [optional/kether/l4d2_skill_detect.smx] Charge carry start: 8 - 2 -- time: 456.25
L 12/11/2021 - 00:22:24: [optional/kether/l4d2_skill_detect.smx] Checking charge victim: 8 - 2 - flags: 1 (alive? 1)
L 12/11/2021 - 00:22:54: [optional/kether/l4d2_skill_detect.smx] Clear: 2 freed 6 from 4: time: 1.09 / 1.30 -- class: smoker (with shove? 1)
L 12/11/2021 - 00:23:00: [optional/kether/l4d2_skill_detect.smx] Witch Crown Check: Failed: bungled: 1 / crowntype: 0 (entity: 220)
L 12/11/2021 - 00:23:00: [optional/kether/l4d2_skill_detect.smx] Witch Crown Check: Further details: attacker: 4 doors more whores, attacker dmg: 979, teamless dmg: 4
L 12/11/2021 - 00:23:15: [optional/kether/l4d2_skill_detect.smx] Charge carry start: 1 - 3 -- time: 511.13
L 12/11/2021 - 00:23:18: [optional/kether/l4d2_skill_detect.smx] Checking charge victim: 1 - 3 - flags: 1 (alive? 1)
L 12/11/2021 - 00:25:17: [optional/kether/l4d2_skill_detect.smx] Charge carry start: 7 - 4 -- time: 633.29
L 12/11/2021 - 00:25:18: [optional/kether/l4d2_skill_detect.smx] Clear: 8 freed 5 from 6: time: 1.03 / -1.00 -- class: jockey (with shove? 1)
L 12/11/2021 - 00:25:19: [optional/kether/l4d2_skill_detect.smx] Clear: 8 freed 4 from 7: time: 0.53 / 1.96 -- class: charger (with shove? 0)
L 12/11/2021 - 00:25:20: [optional/kether/l4d2_skill_detect.smx] Checking charge victim: 7 - 1 - flags: 0 (alive? 1)
L 12/11/2021 - 00:25:21: [optional/kether/l4d2_skill_detect.smx] Checking charge victim: 7 - 4 - flags: 1 (alive? 1)
L 12/11/2021 - 00:26:00: [optional/kether/l4d2_skill_detect.smx] Clear: 4 freed 1 from 2: time: 0.46 / 2.99 -- class: smoker (with shove? 0)
L 12/11/2021 - 00:26:37: [optional/kether/l4d2_skill_detect.smx] Clear: 5 freed 4 from 6: time: 1.29 / -1.00 -- class: jockey (with shove? 0)
L 12/11/2021 - 00:26:37: [optional/kether/l4d2_skill_detect.smx] Charge carry start: 3 - 4 -- time: 713.54
L 12/11/2021 - 00:26:42: [optional/kether/l4d2_skill_detect.smx] Clear: 8 freed 4 from 3: time: 1.61 / 4.76 -- class: charger (with shove? 0)
L 12/11/2021 - 00:26:43: [optional/kether/l4d2_skill_detect.smx] Checking charge victim: 3 - 4 - flags: 1 (alive? 1)
L 12/11/2021 - 00:28:12: [optional/kether/l4d2_skill_detect.smx] Witch Crown Check: crown shot: 163, harrassed: 1 (full health: 1000 / drawthresh: 500 / oneshot 0)
L 12/11/2021 - 00:28:12: [optional/kether/l4d2_skill_detect.smx] Clear: 8 freed 5 from 7: time: 0.93 / -1.00 -- class: jockey (with shove? 0)
L 12/11/2021 - 00:28:29: [optional/kether/l4d2_skill_detect.smx] Clear: 8 freed 5 from 3: time: 0.90 / 1.03 -- class: smoker (with shove? 1)
L 12/11/2021 - 00:29:06: [optional/kether/l4d2_skill_detect.smx] Clear: 5 freed 4 from 7: time: 0.95 / -1.00 -- class: hunter (with shove? 0)
L 12/11/2021 - 00:29:08: [optional/kether/l4d2_skill_detect.smx] Clear: 5 freed 1 from 3: time: 1.77 / -1.00 -- class: jockey (with shove? 1)
L 12/11/2021 - 00:29:51: [optional/kether/l4d2_skill_detect.smx] Clear: 5 freed 1 from 3: time: 1.19 / -1.00 -- class: hunter (with shove? 0)
L 12/11/2021 - 00:30:25: [optional/kether/l4d2_skill_detect.smx] Clear: 5 freed 8 from 2: time: -1.00 / 0.70 -- class: smoker (with shove? 0)
L 12/11/2021 - 00:31:26: [optional/kether/l4d2_skill_detect.smx] Charge carry start: 3 - 8 -- time: 1002.14
L 12/11/2021 - 00:31:30: [optional/kether/l4d2_skill_detect.smx] Checking charge victim: 3 - 5 - flags: 0 (alive? 1)
L 12/11/2021 - 00:31:30: [optional/kether/l4d2_skill_detect.smx] Checking charge victim: 3 - 4 - flags: 0 (alive? 1)
L 12/11/2021 - 00:31:31: [optional/kether/l4d2_skill_detect.smx] Checking charge victim: 3 - 8 - flags: 1 (alive? 1)
L 12/11/2021 - 00:31:32: [optional/kether/l4d2_skill_detect.smx] Clear: 1 freed 5 from 6: time: -1.00 / 2.13 -- class: smoker (with shove? 0)
L 12/11/2021 - 00:31:35: [optional/kether/l4d2_skill_detect.smx] Clear: 5 freed 8 from 3: time: 6.66 / 9.16 -- class: charger (with shove? 0)
L 12/11/2021 - 00:31:53: -------- Mapchange to l4d2_city17_03 --------
L 12/11/2021 - 00:31:55: [basecommands.smx] "Console<0><Console><Console>" changed cvar (cvar "confogl_match_execcfg_plugins") (value "generalfixes.cfg;confogl_plugins.cfg;sharedplugins.cfg")
L 12/11/2021 - 00:31:55: [basecommands.smx] "Console<0><Console><Console>" changed cvar (cvar "l4d2_addons_eclipse") (value "0")
L 12/11/2021 - 00:31:55: [basecommands.smx] "Console<0><Console><Console>" changed cvar (cvar "sv_allow_wait_command") (value "0")
L 12/11/2021 - 00:31:55: [basecommands.smx] "Console<0><Console><Console>" changed cvar (cvar "sv_minrate") (value "108000")
L 12/11/2021 - 00:31:55: [basecommands.smx] "Console<0><Console><Console>" changed cvar (cvar "sv_maxrate") (value "108000")
L 12/11/2021 - 00:31:55: [basecommands.smx] "Console<0><Console><Console>" changed cvar (cvar "sv_mincmdrate") (value "108")
L 12/11/2021 - 00:31:55: [basecommands.smx] "Console<0><Console><Console>" changed cvar (cvar "sv_maxcmdrate") (value "108")
L 12/11/2021 - 00:31:55: [basecommands.smx] "Console<0><Console><Console>" changed cvar (cvar "sv_minupdaterate") (value "108")
L 12/11/2021 - 00:31:55: [basecommands.smx] "Console<0><Console><Console>" changed cvar (cvar "sv_maxupdaterate") (value "108")
L 12/11/2021 - 00:31:55: [basecommands.smx] "Console<0><Console><Console>" changed cvar (cvar "nb_update_frequency") (value "0.024")
L 12/11/2021 - 00:31:55: [basecommands.smx] "Console<0><Console><Console>" changed cvar (cvar "net_splitpacket_maxrate") (value "54000")
L 12/11/2021 - 00:31:55: [basecommands.smx] "Console<0><Console><Console>" changed cvar (cvar "sv_client_min_interp_ratio") (value "0")
L 12/11/2021 - 00:31:55: [basecommands.smx] "Console<0><Console><Console>" changed cvar (cvar "sv_client_max_interp_ratio") (value "2")
L 12/11/2021 - 00:31:55: [basecommands.smx] "Console<0><Console><Console>" changed cvar (cvar "fps_max") (value "200")
L 12/11/2021 - 00:31:55: [basecommands.smx] "Console<0><Console><Console>" changed cvar (cvar "mv_maxplayers") (value "16")
L 12/11/2021 - 00:31:55: [basecommands.smx] "Console<0><Console><Console>" changed cvar (cvar "sv_maxplayers") (value "16")
L 12/11/2021 - 00:31:55: [basecommands.smx] "Console<0><Console><Console>" changed cvar (cvar "sv_allowdownload") (value "1")
L 12/11/2021 - 00:31:55: [basecommands.smx] "Console<0><Console><Console>" changed cvar (cvar "l4d_nth_joininfected") (value "1")
L 12/11/2021 - 00:31:55: [basecommands.smx] "Console<0><Console><Console>" changed cvar (cvar "l4d_nth_joinsurvivors") (value "1")
L 12/11/2021 - 00:31:55: [basecommands.smx] "Console<0><Console><Console>" changed cvar (cvar "l4d_nth_kill") (value "0")
L 12/11/2021 - 00:31:55: [basecommands.smx] "Console<0><Console><Console>" changed cvar (cvar "l4d_nth_spectate") (value "1")
L 12/11/2021 - 00:31:55: [basecommands.smx] "Console<0><Console><Console>" changed cvar (cvar "l4d_nth_message") (value "0")
L 12/11/2021 - 00:31:55: [basecommands.smx] "Console<0><Console><Console>" changed cvar (cvar "l4d_nth_timerrepeat") (value "9999")
L 12/11/2021 - 00:31:55: [basecommands.smx] "Console<0><Console><Console>" changed cvar (cvar "vs_max_team_switches") (value "9999")
L 12/11/2021 - 00:31:55: [basecommands.smx] "Console<0><Console><Console>" changed cvar (cvar "mp_autoteambalance") (value "0")
L 12/11/2021 - 00:31:55: [basecommands.smx] "Console<0><Console><Console>" changed cvar (cvar "sv_unlag_fixstuck") (value "1")
L 12/11/2021 - 00:31:55: [basecommands.smx] "Console<0><Console><Console>" changed cvar (cvar "z_brawl_chance") (value "0")
L 12/11/2021 - 00:31:55: [basecommands.smx] "Console<0><Console><Console>" changed cvar (cvar "sv_maxunlag") (value "1")
L 12/11/2021 - 00:31:55: [basecommands.smx] "Console<0><Console><Console>" changed cvar (cvar "sv_forcepreload") (value "1")
L 12/11/2021 - 00:31:55: [basecommands.smx] "Console<0><Console><Console>" changed cvar (cvar "sv_client_predict") (value "1")
L 12/11/2021 - 00:31:55: [basecommands.smx] "Console<0><Console><Console>" changed cvar (cvar "sv_client_cmdrate_difference") (value "0")
L 12/11/2021 - 00:31:55: [basecommands.smx] "Console<0><Console><Console>" changed cvar (cvar "sv_max_queries_sec_global") (value "10")
L 12/11/2021 - 00:31:55: [basecommands.smx] "Console<0><Console><Console>" changed cvar (cvar "sv_max_queries_sec") (value "3")
L 12/11/2021 - 00:31:55: [basecommands.smx] "Console<0><Console><Console>" changed cvar (cvar "sv_max_queries_window") (value "10")
L 12/11/2021 - 00:31:55: [basecommands.smx] "Console<0><Console><Console>" changed cvar (cvar "sv_player_stuck_tolerance") (value "5")
L 12/11/2021 - 00:31:55: [basecommands.smx] "Console<0><Console><Console>" changed cvar (cvar "sv_stats") (value "0")
L 12/11/2021 - 00:31:55: [basecommands.smx] "Console<0><Console><Console>" changed cvar (cvar "sv_clockcorrection_msecs") (value "25")
L 12/11/2021 - 00:31:55: [basecommands.smx] "Console<0><Console><Console>" changed cvar (cvar "tank_swing_physics_prop_force") (value "3")
L 12/11/2021 - 00:33:20: [optional/kether/l4d2_skill_detect.smx] Clear: 4 freed 8 from 3: time: 1.11 / 2.90 -- class: smoker (with shove? 1)
L 12/11/2021 - 00:33:23: [optional/kether/l4d2_skill_detect.smx] Clear: 5 freed 1 from 7: time: 0.84 / -1.00 -- class: hunter (with shove? 0)
L 12/11/2021 - 00:33:59: [optional/kether/l4d2_skill_detect.smx] Clear: 4 freed 1 from 3: time: 0.78 / -1.00 -- class: hunter (with shove? 0)
L 12/11/2021 - 00:34:01: [optional/kether/l4d2_skill_detect.smx] Clear: 8 freed 5 from 6: time: 4.45 / -1.00 -- class: jockey (with shove? 0)
L 12/11/2021 - 00:34:38: [optional/kether/l4d2_skill_detect.smx] Charge carry start: 7 - 8 -- time: 164.00
L 12/11/2021 - 00:34:41: [optional/kether/l4d2_skill_detect.smx] Clear: 4 freed 8 from 7: time: 1.46 / 3.01 -- class: charger (with shove? 0)
L 12/11/2021 - 00:34:42: [optional/kether/l4d2_skill_detect.smx] Checking charge victim: 7 - 8 - flags: 1 (alive? 1)
L 12/11/2021 - 00:34:42: [optional/kether/l4d2_skill_detect.smx] Checking charge victim: 7 - 5 - flags: 0 (alive? 1)
L 12/11/2021 - 00:34:44: [optional/kether/l4d2_skill_detect.smx] Clear: 8 freed 4 from 3: time: 0.09 / 1.72 -- class: smoker (with shove? 1)
L 12/11/2021 - 00:35:31: [optional/kether/l4d2_skill_detect.smx] Witch Crown Check: Failed: bungled: 1 / crowntype: 0 (entity: 144)
L 12/11/2021 - 00:35:31: [optional/kether/l4d2_skill_detect.smx] Witch Crown Check: Further details: attacker: AlLaDyN^^-_-, attacker dmg: 900, teamless dmg: 0
L 12/11/2021 - 00:36:06: [optional/kether/l4d2_skill_detect.smx] Clear: 4 freed 5 from 3: time: 2.23 / -1.00 -- class: hunter (with shove? 0)
L 12/11/2021 - 00:36:46: [optional/kether/l4d2_skill_detect.smx] Clear: 4 freed 1 from 3: time: 1.64 / -1.00 -- class: jockey (with shove? 0)
L 12/11/2021 - 00:37:32: [optional/kether/l4d2_skill_detect.smx] Charge carry start: 3 - 1 -- time: 337.75
L 12/11/2021 - 00:37:34: [optional/kether/l4d2_skill_detect.smx] Clear: 4 freed 1 from 3: time: 0.26 / 2.33 -- class: charger (with shove? 0)
L 12/11/2021 - 00:37:36: [optional/kether/l4d2_skill_detect.smx] Checking charge victim: 3 - 1 - flags: 1 (alive? 1)
L 12/11/2021 - 00:37:36: [optional/kether/l4d2_skill_detect.smx] Checking charge victim: 3 - 8 - flags: 0 (alive? 1)
L 12/11/2021 - 00:37:37: [optional/kether/l4d2_skill_detect.smx] Clear: 5 freed 4 from 7: time: 2.20 / -1.00 -- class: jockey (with shove? 0)
L 12/11/2021 - 00:40:39: [optional/kether/l4d2_skill_detect.smx] Clear: 8 freed 8 from 3: time: -1.00 / 1.00 -- class: smoker (with shove? 1)
L 12/11/2021 - 00:40:39: [optional/kether/l4d2_skill_detect.smx] Clear: 5 freed 1 from 6: time: 2.75 / -1.00 -- class: hunter (with shove? 0)
L 12/11/2021 - 00:42:06: [optional/kether/l4d2_skill_detect.smx] Clear: 2 freed 6 from 1: time: 1.48 / 1.89 -- class: smoker (with shove? 1)
L 12/11/2021 - 00:42:24: [optional/kether/l4d2_skill_detect.smx] Clear: 7 freed 3 from 1: time: -1.00 / 0.95 -- class: smoker (with shove? 0)
L 12/11/2021 - 00:43:06: [optional/kether/l4d2_skill_detect.smx] calarm trigger: caller 42 / activator 42 / delay: 0.00
L 12/11/2021 - 00:43:13: [optional/kether/l4d2_skill_detect.smx] Clear: 2 freed 7 from 5: time: 1.77 / -1.00 -- class: jockey (with shove? 0)
L 12/11/2021 - 00:43:53: [optional/kether/l4d2_skill_detect.smx] Charge carry start: 5 - 7 -- time: 592.68
L 12/11/2021 - 00:43:56: [optional/kether/l4d2_skill_detect.smx] Checking charge victim: 5 - 7 - flags: 1 (alive? 1)
L 12/11/2021 - 00:44:25: [optional/kether/l4d2_skill_detect.smx] Witch Crown Check: crown shot: 122, harrassed: 1 (full health: 1000 / drawthresh: 500 / oneshot 0)
L 12/11/2021 - 00:44:27: [optional/kether/l4d2_skill_detect.smx] Clear: 2 freed 6 from 4: time: 2.48 / 627.12 -- class: charger (with shove? 0)
L 12/11/2021 - 00:44:29: [optional/kether/l4d2_skill_detect.smx] Clear: 3 freed 7 from 5: time: 3.54 / -1.00 -- class: jockey (with shove? 0)
L 12/11/2021 - 00:46:43: [optional/kether/l4d2_skill_detect.smx] Clear: 2 freed 7 from 5: time: -1.00 / 1.04 -- class: smoker (with shove? 0)
L 12/11/2021 - 00:47:26: [optional/kether/l4d2_skill_detect.smx] Clear: 7 freed 3 from 4: time: 0.35 / -1.00 -- class: hunter (with shove? 1)
L 12/11/2021 - 00:47:26: [optional/kether/l4d2_skill_detect.smx] Clear: 7 freed 3 from 4: time: 0.36 / -1.00 -- class: hunter (with shove? 1)
L 12/11/2021 - 00:47:27: [optional/kether/l4d2_skill_detect.smx] Clear: 2 freed 3 from 4: time: 1.00 / -1.00 -- class: hunter (with shove? 0)
L 12/11/2021 - 00:48:15: [optional/kether/l4d2_skill_detect.smx] Clear: 2 freed 6 from 8: time: -1.00 / 0.25 -- class: smoker (with shove? 0)
L 12/11/2021 - 00:48:49: [optional/kether/l4d2_skill_detect.smx] Clear: 6 freed 7 from 4: time: 0.91 / -1.00 -- class: hunter (with shove? 0)
L 12/11/2021 - 00:49:45: [optional/kether/l4d2_skill_detect.smx] Clear: 7 freed 2 from 5: time: 1.04 / -1.00 -- class: hunter (with shove? 0)
L 12/11/2021 - 00:51:32: -------- Mapchange to l4d2_city17_04 --------
L 12/11/2021 - 00:51:34: [basecommands.smx] "Console<0><Console><Console>" changed cvar (cvar "confogl_match_execcfg_plugins") (value "generalfixes.cfg;confogl_plugins.cfg;sharedplugins.cfg")
L 12/11/2021 - 00:51:34: [basecommands.smx] "Console<0><Console><Console>" changed cvar (cvar "l4d2_addons_eclipse") (value "0")
L 12/11/2021 - 00:51:34: [basecommands.smx] "Console<0><Console><Console>" changed cvar (cvar "sv_allow_wait_command") (value "0")
L 12/11/2021 - 00:51:34: [basecommands.smx] "Console<0><Console><Console>" changed cvar (cvar "sv_minrate") (value "108000")
L 12/11/2021 - 00:51:34: [basecommands.smx] "Console<0><Console><Console>" changed cvar (cvar "sv_maxrate") (value "108000")
L 12/11/2021 - 00:51:34: [basecommands.smx] "Console<0><Console><Console>" changed cvar (cvar "sv_mincmdrate") (value "108")
L 12/11/2021 - 00:51:34: [basecommands.smx] "Console<0><Console><Console>" changed cvar (cvar "sv_maxcmdrate") (value "108")
L 12/11/2021 - 00:51:34: [basecommands.smx] "Console<0><Console><Console>" changed cvar (cvar "sv_minupdaterate") (value "108")
L 12/11/2021 - 00:51:34: [basecommands.smx] "Console<0><Console><Console>" changed cvar (cvar "sv_maxupdaterate") (value "108")
L 12/11/2021 - 00:51:34: [basecommands.smx] "Console<0><Console><Console>" changed cvar (cvar "nb_update_frequency") (value "0.024")
L 12/11/2021 - 00:51:34: [basecommands.smx] "Console<0><Console><Console>" changed cvar (cvar "net_splitpacket_maxrate") (value "54000")
L 12/11/2021 - 00:51:34: [basecommands.smx] "Console<0><Console><Console>" changed cvar (cvar "sv_client_min_interp_ratio") (value "0")
L 12/11/2021 - 00:51:34: [basecommands.smx] "Console<0><Console><Console>" changed cvar (cvar "sv_client_max_interp_ratio") (value "2")
L 12/11/2021 - 00:51:34: [basecommands.smx] "Console<0><Console><Console>" changed cvar (cvar "fps_max") (value "200")
L 12/11/2021 - 00:51:34: [basecommands.smx] "Console<0><Console><Console>" changed cvar (cvar "mv_maxplayers") (value "16")
L 12/11/2021 - 00:51:34: [basecommands.smx] "Console<0><Console><Console>" changed cvar (cvar "sv_maxplayers") (value "16")
L 12/11/2021 - 00:51:34: [basecommands.smx] "Console<0><Console><Console>" changed cvar (cvar "sv_allowdownload") (value "1")
L 12/11/2021 - 00:51:34: [basecommands.smx] "Console<0><Console><Console>" changed cvar (cvar "l4d_nth_joininfected") (value "1")
L 12/11/2021 - 00:51:34: [basecommands.smx] "Console<0><Console><Console>" changed cvar (cvar "l4d_nth_joinsurvivors") (value "1")
L 12/11/2021 - 00:51:34: [basecommands.smx] "Console<0><Console><Console>" changed cvar (cvar "l4d_nth_kill") (value "0")
L 12/11/2021 - 00:51:34: [basecommands.smx] "Console<0><Console><Console>" changed cvar (cvar "l4d_nth_spectate") (value "1")
L 12/11/2021 - 00:51:34: [basecommands.smx] "Console<0><Console><Console>" changed cvar (cvar "l4d_nth_message") (value "0")
L 12/11/2021 - 00:51:34: [basecommands.smx] "Console<0><Console><Console>" changed cvar (cvar "l4d_nth_timerrepeat") (value "9999")
L 12/11/2021 - 00:51:34: [basecommands.smx] "Console<0><Console><Console>" changed cvar (cvar "vs_max_team_switches") (value "9999")
L 12/11/2021 - 00:51:34: [basecommands.smx] "Console<0><Console><Console>" changed cvar (cvar "mp_autoteambalance") (value "0")
L 12/11/2021 - 00:51:34: [basecommands.smx] "Console<0><Console><Console>" changed cvar (cvar "sv_unlag_fixstuck") (value "1")
L 12/11/2021 - 00:51:34: [basecommands.smx] "Console<0><Console><Console>" changed cvar (cvar "z_brawl_chance") (value "0")
L 12/11/2021 - 00:51:34: [basecommands.smx] "Console<0><Console><Console>" changed cvar (cvar "sv_maxunlag") (value "1")
L 12/11/2021 - 00:51:34: [basecommands.smx] "Console<0><Console><Console>" changed cvar (cvar "sv_forcepreload") (value "1")
L 12/11/2021 - 00:51:34: [basecommands.smx] "Console<0><Console><Console>" changed cvar (cvar "sv_client_predict") (value "1")
L 12/11/2021 - 00:51:34: [basecommands.smx] "Console<0><Console><Console>" changed cvar (cvar "sv_client_cmdrate_difference") (value "0")
L 12/11/2021 - 00:51:34: [basecommands.smx] "Console<0><Console><Console>" changed cvar (cvar "sv_max_queries_sec_global") (value "10")
L 12/11/2021 - 00:51:34: [basecommands.smx] "Console<0><Console><Console>" changed cvar (cvar "sv_max_queries_sec") (value "3")
L 12/11/2021 - 00:51:34: [basecommands.smx] "Console<0><Console><Console>" changed cvar (cvar "sv_max_queries_window") (value "10")
L 12/11/2021 - 00:51:34: [basecommands.smx] "Console<0><Console><Console>" changed cvar (cvar "sv_player_stuck_tolerance") (value "5")
L 12/11/2021 - 00:51:34: [basecommands.smx] "Console<0><Console><Console>" changed cvar (cvar "sv_stats") (value "0")
L 12/11/2021 - 00:51:34: [basecommands.smx] "Console<0><Console><Console>" changed cvar (cvar "sv_clockcorrection_msecs") (value "25")
L 12/11/2021 - 00:51:34: [basecommands.smx] "Console<0><Console><Console>" changed cvar (cvar "tank_swing_physics_prop_force") (value "3")
L 12/11/2021 - 00:53:18: [optional/kether/l4d2_skill_detect.smx] Clear: 6 freed 2 from 8: time: 0.94 / -1.00 -- class: hunter (with shove? 0)
L 12/11/2021 - 00:53:57: [optional/kether/l4d2_skill_detect.smx] Clear: 7 freed 2 from 1: time: 0.74 / -1.00 -- class: hunter (with shove? 0)
L 12/11/2021 - 00:54:01: [optional/kether/l4d2_skill_detect.smx] Clear: 2 freed 7 from 5: time: 0.44 / 147.57 -- class: charger (with shove? 0)
L 12/11/2021 - 00:54:07: [optional/kether/l4d2_skill_detect.smx] Clear: 3 freed 7 from 4: time: 1.02 / -1.00 -- class: jockey (with shove? 0)
L 12/11/2021 - 00:54:39: [optional/kether/l4d2_skill_detect.smx] Clear: 6 freed 2 from 5: time: 0.52 / -1.00 -- class: hunter (with shove? 1)
L 12/11/2021 - 00:54:40: [optional/kether/l4d2_skill_detect.smx] Clear: 6 freed 2 from 5: time: 1.06 / -1.00 -- class: hunter (with shove? 0)
L 12/11/2021 - 00:55:43: [optional/kether/l4d2_skill_detect.smx] Charge carry start: 5 - 3 -- time: 249.79
L 12/11/2021 - 00:55:43: [optional/kether/l4d2_skill_detect.smx] Clear: 3 freed 3 from 5: time: 0.00 / 0.03 -- class: charger (with shove? 0)
L 12/11/2021 - 00:55:46: [optional/kether/l4d2_skill_detect.smx] Checking charge victim: 5 - 3 - flags: 1 (alive? 1)
L 12/11/2021 - 00:55:47: [optional/kether/l4d2_skill_detect.smx] Checking charge victim: 5 - 7 - flags: 0 (alive? 1)
L 12/11/2021 - 00:57:13: [optional/kether/l4d2_skill_detect.smx] Charge carry start: 1 - 2 -- time: 339.96
L 12/11/2021 - 00:57:15: [optional/kether/l4d2_skill_detect.smx] Clear: 7 freed 2 from 1: time: 0.90 / 2.05 -- class: charger (with shove? 0)
L 12/11/2021 - 00:57:16: [optional/kether/l4d2_skill_detect.smx] Checking charge victim: 1 - 2 - flags: 1 (alive? 1)
L 12/11/2021 - 00:58:16: [optional/kether/l4d2_skill_detect.smx] Witch Crown Check: Failed: bungled: 0 / crowntype: 0 (entity: 94)
L 12/11/2021 - 00:58:16: [optional/kether/l4d2_skill_detect.smx] Witch Crown Check: Further details: attacker: .dizzy.!!♫, attacker dmg: 875, teamless dmg: 8
L 12/11/2021 - 00:58:18: [optional/kether/l4d2_skill_detect.smx] Clear: 2 freed 7 from 1: time: 0.62 / -1.00 -- class: hunter (with shove? 0)
L 12/11/2021 - 00:58:29: [optional/kether/l4d2_skill_detect.smx] Charge carry start: 4 - 6 -- time: 416.14
L 12/11/2021 - 00:58:32: [optional/kether/l4d2_skill_detect.smx] Clear: 7 freed 6 from 4: time: 0.69 / 2.19 -- class: charger (with shove? 0)
L 12/11/2021 - 00:58:33: [optional/kether/l4d2_skill_detect.smx] Checking charge victim: 4 - 6 - flags: 1 (alive? 1)
L 12/11/2021 - 00:58:33: [optional/kether/l4d2_skill_detect.smx] Checking charge victim: 4 - 3 - flags: 0 (alive? 1)
L 12/11/2021 - 00:59:03: [optional/kether/l4d2_skill_detect.smx] Clear: 2 freed 3 from 10: time: 449.96 / -1.00 -- class: jockey (with shove? 0)
L 12/11/2021 - 00:59:04: [optional/kether/l4d2_skill_detect.smx] Clear: 6 freed 7 from 4: time: 0.62 / -1.00 -- class: hunter (with shove? 0)
L 12/11/2021 - 00:59:41: [optional/kether/l4d2_skill_detect.smx] Charge carry start: 1 - 7 -- time: 487.79
L 12/11/2021 - 00:59:45: [optional/kether/l4d2_skill_detect.smx] Checking charge victim: 1 - 7 - flags: 1 (alive? 1)
L 12/11/2021 - 00:59:46: [optional/kether/l4d2_skill_detect.smx] Clear: 2 freed 7 from 1: time: 3.23 / 5.00 -- class: charger (with shove? 0)
L 12/11/2021 - 01:01:27: [optional/kether/l4d2_skill_detect.smx] Clear: 4 freed 8 from 7: time: 1.22 / -1.00 -- class: jockey (with shove? 0)
L 12/11/2021 - 01:01:33: [optional/kether/l4d2_skill_detect.smx] Clear: 4 freed 5 from 3: time: 1.18 / -1.00 -- class: hunter (with shove? 1)
L 12/11/2021 - 01:02:13: [optional/kether/l4d2_skill_detect.smx] Clear: 1 freed 5 from 2: time: 1.79 / -1.00 -- class: jockey (with shove? 0)
L 12/11/2021 - 01:03:02: [optional/kether/l4d2_skill_detect.smx] Clear: 1 freed 4 from 6: time: 1.07 / -1.00 -- class: hunter (with shove? 0)
L 12/11/2021 - 01:04:23: [optional/kether/l4d2_skill_detect.smx] Clear: 1 freed 5 from 6: time: 4.47 / -1.00 -- class: hunter (with shove? 0)
L 12/11/2021 - 01:05:00: [optional/kether/l4d2_skill_detect.smx] Charge carry start: 6 - 8 -- time: 807.10
L 12/11/2021 - 01:05:02: [optional/kether/l4d2_skill_detect.smx] Clear: 4 freed 8 from 6: time: 0.16 / 1.17 -- class: charger (with shove? 0)
L 12/11/2021 - 01:05:03: [optional/kether/l4d2_skill_detect.smx] Checking charge victim: 6 - 8 - flags: 1 (alive? 1)
L 12/11/2021 - 01:05:26: [optional/kether/l4d2_skill_detect.smx] Witch Crown Check: crown shot: 139, harrassed: 1 (full health: 1000 / drawthresh: 500 / oneshot 0)
L 12/11/2021 - 01:06:01: [optional/kether/l4d2_skill_detect.smx] Charge carry start: 7 - 1 -- time: 867.79
L 12/11/2021 - 01:06:04: [optional/kether/l4d2_skill_detect.smx] Checking charge victim: 7 - 8 - flags: 0 (alive? 1)
L 12/11/2021 - 01:06:04: [optional/kether/l4d2_skill_detect.smx] Checking charge victim: 7 - 1 - flags: 1 (alive? 1)
L 12/11/2021 - 01:06:06: [optional/kether/l4d2_skill_detect.smx] Clear: 8 freed 1 from 7: time: 4.45 / 5.43 -- class: charger (with shove? 0)
L 12/11/2021 - 01:07:04: -------- Mapchange to l4d2_city17_05 --------
L 12/11/2021 - 01:07:05: [basecommands.smx] "Console<0><Console><Console>" changed cvar (cvar "confogl_match_execcfg_plugins") (value "generalfixes.cfg;confogl_plugins.cfg;sharedplugins.cfg")
L 12/11/2021 - 01:07:05: [basecommands.smx] "Console<0><Console><Console>" changed cvar (cvar "l4d2_addons_eclipse") (value "0")
L 12/11/2021 - 01:07:05: [basecommands.smx] "Console<0><Console><Console>" changed cvar (cvar "sv_allow_wait_command") (value "0")
L 12/11/2021 - 01:07:05: [basecommands.smx] "Console<0><Console><Console>" changed cvar (cvar "sv_minrate") (value "108000")
L 12/11/2021 - 01:07:05: [basecommands.smx] "Console<0><Console><Console>" changed cvar (cvar "sv_maxrate") (value "108000")
L 12/11/2021 - 01:07:05: [basecommands.smx] "Console<0><Console><Console>" changed cvar (cvar "sv_mincmdrate") (value "108")
L 12/11/2021 - 01:07:05: [basecommands.smx] "Console<0><Console><Console>" changed cvar (cvar "sv_maxcmdrate") (value "108")
L 12/11/2021 - 01:07:05: [basecommands.smx] "Console<0><Console><Console>" changed cvar (cvar "sv_minupdaterate") (value "108")
L 12/11/2021 - 01:07:05: [basecommands.smx] "Console<0><Console><Console>" changed cvar (cvar "sv_maxupdaterate") (value "108")
L 12/11/2021 - 01:07:05: [basecommands.smx] "Console<0><Console><Console>" changed cvar (cvar "nb_update_frequency") (value "0.024")
L 12/11/2021 - 01:07:05: [basecommands.smx] "Console<0><Console><Console>" changed cvar (cvar "net_splitpacket_maxrate") (value "54000")
L 12/11/2021 - 01:07:05: [basecommands.smx] "Console<0><Console><Console>" changed cvar (cvar "sv_client_min_interp_ratio") (value "0")
L 12/11/2021 - 01:07:05: [basecommands.smx] "Console<0><Console><Console>" changed cvar (cvar "sv_client_max_interp_ratio") (value "2")
L 12/11/2021 - 01:07:05: [basecommands.smx] "Console<0><Console><Console>" changed cvar (cvar "fps_max") (value "200")
L 12/11/2021 - 01:07:05: [basecommands.smx] "Console<0><Console><Console>" changed cvar (cvar "mv_maxplayers") (value "16")
L 12/11/2021 - 01:07:05: [basecommands.smx] "Console<0><Console><Console>" changed cvar (cvar "sv_maxplayers") (value "16")
L 12/11/2021 - 01:07:05: [basecommands.smx] "Console<0><Console><Console>" changed cvar (cvar "sv_allowdownload") (value "1")
L 12/11/2021 - 01:07:05: [basecommands.smx] "Console<0><Console><Console>" changed cvar (cvar "l4d_nth_joininfected") (value "1")
L 12/11/2021 - 01:07:05: [basecommands.smx] "Console<0><Console><Console>" changed cvar (cvar "l4d_nth_joinsurvivors") (value "1")
L 12/11/2021 - 01:07:05: [basecommands.smx] "Console<0><Console><Console>" changed cvar (cvar "l4d_nth_kill") (value "0")
L 12/11/2021 - 01:07:05: [basecommands.smx] "Console<0><Console><Console>" changed cvar (cvar "l4d_nth_spectate") (value "1")
L 12/11/2021 - 01:07:05: [basecommands.smx] "Console<0><Console><Console>" changed cvar (cvar "l4d_nth_message") (value "0")
L 12/11/2021 - 01:07:05: [basecommands.smx] "Console<0><Console><Console>" changed cvar (cvar "l4d_nth_timerrepeat") (value "9999")
L 12/11/2021 - 01:07:05: [basecommands.smx] "Console<0><Console><Console>" changed cvar (cvar "vs_max_team_switches") (value "9999")
L 12/11/2021 - 01:07:05: [basecommands.smx] "Console<0><Console><Console>" changed cvar (cvar "mp_autoteambalance") (value "0")
L 12/11/2021 - 01:07:05: [basecommands.smx] "Console<0><Console><Console>" changed cvar (cvar "sv_unlag_fixstuck") (value "1")
L 12/11/2021 - 01:07:05: [basecommands.smx] "Console<0><Console><Console>" changed cvar (cvar "z_brawl_chance") (value "0")
L 12/11/2021 - 01:07:05: [basecommands.smx] "Console<0><Console><Console>" changed cvar (cvar "sv_maxunlag") (value "1")
L 12/11/2021 - 01:07:05: [basecommands.smx] "Console<0><Console><Console>" changed cvar (cvar "sv_forcepreload") (value "1")
L 12/11/2021 - 01:07:05: [basecommands.smx] "Console<0><Console><Console>" changed cvar (cvar "sv_client_predict") (value "1")
L 12/11/2021 - 01:07:05: [basecommands.smx] "Console<0><Console><Console>" changed cvar (cvar "sv_client_cmdrate_difference") (value "0")
L 12/11/2021 - 01:07:05: [basecommands.smx] "Console<0><Console><Console>" changed cvar (cvar "sv_max_queries_sec_global") (value "10")
L 12/11/2021 - 01:07:05: [basecommands.smx] "Console<0><Console><Console>" changed cvar (cvar "sv_max_queries_sec") (value "3")
L 12/11/2021 - 01:07:05: [basecommands.smx] "Console<0><Console><Console>" changed cvar (cvar "sv_max_queries_window") (value "10")
L 12/11/2021 - 01:07:05: [basecommands.smx] "Console<0><Console><Console>" changed cvar (cvar "sv_player_stuck_tolerance") (value "5")
L 12/11/2021 - 01:07:05: [basecommands.smx] "Console<0><Console><Console>" changed cvar (cvar "sv_stats") (value "0")
L 12/11/2021 - 01:07:05: [basecommands.smx] "Console<0><Console><Console>" changed cvar (cvar "sv_clockcorrection_msecs") (value "25")
L 12/11/2021 - 01:07:05: [basecommands.smx] "Console<0><Console><Console>" changed cvar (cvar "tank_swing_physics_prop_force") (value "3")
L 12/11/2021 - 01:08:50: [optional/kether/l4d2_skill_detect.smx] Clear: 3 freed 7 from 8: time: 0.85 / -1.00 -- class: hunter (with shove? 0)
L 12/11/2021 - 01:09:31: [optional/kether/l4d2_skill_detect.smx] Clear: 6 freed 2 from 4: time: 0.20 / -1.00 -- class: hunter (with shove? 1)
L 12/11/2021 - 01:09:32: [optional/kether/l4d2_skill_detect.smx] Clear: 6 freed 2 from 4: time: 0.85 / -1.00 -- class: hunter (with shove? 0)
L 12/11/2021 - 01:09:34: [optional/kether/l4d2_skill_detect.smx] Clear: 7 freed 2 from 8: time: -1.00 / 0.62 -- class: smoker (with shove? 0)
L 12/11/2021 - 01:10:35: [optional/kether/l4d2_skill_detect.smx] Clear: 3 freed 7 from 1: time: 1.51 / -1.00 -- class: hunter (with shove? 0)
L 12/11/2021 - 01:11:32: [optional/kether/l4d2_skill_detect.smx] Clear: 3 freed 7 from 5: time: 1.13 / -1.00 -- class: hunter (with shove? 0)
L 12/11/2021 - 01:12:17: [optional/kether/l4d2_skill_detect.smx] Witch Crown Check: Failed: bungled: 1 / crowntype: 0 (entity: 268)
L 12/11/2021 - 01:12:17: [optional/kether/l4d2_skill_detect.smx] Witch Crown Check: Further details: attacker: 4 doors more whores, attacker dmg: 238, teamless dmg: 4
L 12/11/2021 - 01:12:20: [optional/kether/l4d2_skill_detect.smx] Clear: 6 freed 7 from 8: time: 0.93 / -1.00 -- class: hunter (with shove? 0)
L 12/11/2021 - 01:13:07: [optional/kether/l4d2_skill_detect.smx] Clear: 7 freed 3 from 8: time: -1.00 / 2.37 -- class: smoker (with shove? 0)
L 12/11/2021 - 01:13:38: [optional/kether/l4d2_skill_detect.smx] Charge carry start: 5 - 6 -- time: 392.81
L 12/11/2021 - 01:13:39: [optional/kether/l4d2_skill_detect.smx] Clear: 3 freed 6 from 5: time: 0.73 / 1.62 -- class: charger (with shove? 0)
L 12/11/2021 - 01:13:40: [optional/kether/l4d2_skill_detect.smx] Checking charge victim: 5 - 6 - flags: 1 (alive? 1)
L 12/11/2021 - 01:14:13: [optional/kether/l4d2_skill_detect.smx] Clear: 3 freed 2 from 4: time: 7.91 / -1.00 -- class: jockey (with shove? 0)
L 12/11/2021 - 01:14:20: [optional/kether/l4d2_skill_detect.smx] Clear: 2 freed 6 from 1: time: 4.06 / -1.00 -- class: hunter (with shove? 0)
L 12/11/2021 - 01:14:21: [optional/kether/l4d2_skill_detect.smx] Clear: 3 freed 7 from 5: time: 9.53 / 11.07 -- class: smoker (with shove? 1)
L 12/11/2021 - 01:14:50: [optional/kether/l4d2_skill_detect.smx] Clear: 3 freed 2 from 8: time: 0.29 / 465.13 -- class: charger (with shove? 0)
L 12/11/2021 - 01:15:21: [optional/kether/l4d2_skill_detect.smx] Clear: 6 freed 2 from 8: time: -1.00 / 0.41 -- class: smoker (with shove? 0)
L 12/11/2021 - 01:16:47: [optional/kether/l4d2_skill_detect.smx] Clear: 3 freed 6 from 5: time: 1.40 / -1.00 -- class: jockey (with shove? 0)
L 12/11/2021 - 01:17:44: [optional/kether/l4d2_skill_detect.smx] Clear: 6 freed 3 from 4: time: -1.00 / 0.50 -- class: smoker (with shove? 0)
L 12/11/2021 - 01:19:23: [optional/kether/l4d2_skill_detect.smx] Clear: 5 freed 1 from 3: time: -1.00 / 3.07 -- class: smoker (with shove? 0)
L 12/11/2021 - 01:20:44: [optional/kether/l4d2_skill_detect.smx] Clear: 4 freed 1 from 7: time: 2.20 / -1.00 -- class: hunter (with shove? 0)
L 12/11/2021 - 01:21:40: [optional/kether/l4d2_skill_detect.smx] Clear: 4 freed 1 from 6: time: 0.71 / -1.00 -- class: hunter (with shove? 0)
L 12/11/2021 - 01:21:52: [optional/kether/l4d2_skill_detect.smx] Witch Crown Check: crown shot: 968, harrassed: 0 (full health: 1000 / drawthresh: 500 / oneshot 0)
L 12/11/2021 - 01:22:00: [optional/kether/l4d2_skill_detect.smx] Clear: 8 freed 5 from 3: time: -1.00 / 0.70 -- class: smoker (with shove? 0)
L 12/11/2021 - 01:22:48: [optional/kether/l4d2_skill_detect.smx] Clear: 4 freed 5 from 2: time: 0.69 / -1.00 -- class: hunter (with shove? 0)
L 12/11/2021 - 01:22:51: [optional/kether/l4d2_skill_detect.smx] Clear: 1 freed 4 from 6: time: -1.00 / 1.32 -- class: smoker (with shove? 0)
L 12/11/2021 - 01:22:54: [optional/kether/l4d2_skill_detect.smx] Clear: 8 freed 5 from 3: time: 0.70 / -1.00 -- class: jockey (with shove? 0)
L 12/11/2021 - 01:23:37: [optional/kether/l4d2_skill_detect.smx] Clear: 8 freed 4 from 6: time: 0.73 / -1.00 -- class: jockey (with shove? 0)
L 12/11/2021 - 01:24:18: [optional/kether/l4d2_skill_detect.smx] Clear: 4 freed 1 from 2: time: 1.58 / -1.00 -- class: hunter (with shove? 0)
L 12/11/2021 - 01:25:22: [optional/kether/l4d2_skill_detect.smx] Clear: 5 freed 1 from 3: time: 3.15 / -1.00 -- class: hunter (with shove? 0)
L 12/11/2021 - 01:26:27: [optional/kether/autopause.smx] [AutoPause] Player STEAM_1:1:117101124 left the game with -35.462890 time until spawn.
L 12/11/2021 - 01:26:40: SourceMod log file session started (file "/home/k26606_s20329/server_20329/left4dead2/addons/sourcemod/logs/L20211211.log") (Version "1.10.0.6494")
L 12/11/2021 - 01:26:40: [fixes/firebulletsfix.smx] Found offset for Weapon_ShootPosition 286
L 12/11/2021 - 01:26:42: [navmesh.smx] Found .NAV file in maps\c1m1_hotel.nav
L 12/11/2021 - 01:26:42: [navmesh.smx] Is mesh analyzed: 1
L 12/11/2021 - 01:26:42: [navmesh.smx] Nav version: 16; SubVersion: 14 (v10+); BSPSize: 32807960; MagicNumber: -17958194
L 12/11/2021 - 01:26:42: [navmesh.smx] Place count: 0
L 12/11/2021 - 01:26:42: [navmesh.smx] Has unnamed areas: true
L 12/11/2021 - 01:26:42: [navmesh.smx] Population type: c1streets
L 12/11/2021 - 01:26:42: [navmesh.smx] Area count: 1582
L 12/11/2021 - 01:26:42: [navmesh.smx] Parsed 1582 areas in 0.017500 seconds.
L 12/11/2021 - 01:26:42: [navmesh.smx] Ladder count: 0
L 12/11/2021 - 01:26:42: [basecommands.smx] "Console<0><Console><Console>" changed cvar (cvar "confogl_match_execcfg_plugins") (value "generalfixes.cfg;confogl_plugins.cfg;sharedplugins.cfg")
L 12/11/2021 - 01:26:42: [basecommands.smx] "Console<0><Console><Console>" changed cvar (cvar "l4d2_addons_eclipse") (value "0")
L 12/11/2021 - 01:26:42: [basecommands.smx] "Console<0><Console><Console>" changed cvar (cvar "sv_allow_wait_command") (value "0")
L 12/11/2021 - 01:26:42: [basecommands.smx] "Console<0><Console><Console>" changed cvar (cvar "sv_minrate") (value "108000")
L 12/11/2021 - 01:26:42: [basecommands.smx] "Console<0><Console><Console>" changed cvar (cvar "sv_maxrate") (value "108000")
L 12/11/2021 - 01:26:42: [basecommands.smx] "Console<0><Console><Console>" changed cvar (cvar "sv_mincmdrate") (value "108")
L 12/11/2021 - 01:26:42: [basecommands.smx] "Console<0><Console><Console>" changed cvar (cvar "sv_maxcmdrate") (value "108")
L 12/11/2021 - 01:26:42: [basecommands.smx] "Console<0><Console><Console>" changed cvar (cvar "sv_minupdaterate") (value "108")
L 12/11/2021 - 01:26:42: [basecommands.smx] "Console<0><Console><Console>" changed cvar (cvar "sv_maxupdaterate") (value "108")
L 12/11/2021 - 01:26:42: [basecommands.smx] "Console<0><Console><Console>" changed cvar (cvar "nb_update_frequency") (value "0.024")
L 12/11/2021 - 01:26:42: [basecommands.smx] "Console<0><Console><Console>" changed cvar (cvar "net_splitpacket_maxrate") (value "54000")
L 12/11/2021 - 01:26:42: [basecommands.smx] "Console<0><Console><Console>" changed cvar (cvar "sv_client_min_interp_ratio") (value "0")
L 12/11/2021 - 01:26:42: [basecommands.smx] "Console<0><Console><Console>" changed cvar (cvar "sv_client_max_interp_ratio") (value "2")
L 12/11/2021 - 01:26:42: [basecommands.smx] "Console<0><Console><Console>" changed cvar (cvar "fps_max") (value "200")
L 12/11/2021 - 01:26:42: [basecommands.smx] "Console<0><Console><Console>" changed cvar (cvar "mv_maxplayers") (value "16")
L 12/11/2021 - 01:26:42: [basecommands.smx] "Console<0><Console><Console>" changed cvar (cvar "sv_maxplayers") (value "16")
L 12/11/2021 - 01:26:42: [basecommands.smx] "Console<0><Console><Console>" changed cvar (cvar "sv_allowdownload") (value "1")
L 12/11/2021 - 01:26:42: [basecommands.smx] "Console<0><Console><Console>" changed cvar (cvar "vs_max_team_switches") (value "9999")
L 12/11/2021 - 01:26:42: [basecommands.smx] "Console<0><Console><Console>" changed cvar (cvar "mp_autoteambalance") (value "0")
L 12/11/2021 - 01:26:42: [basecommands.smx] "Console<0><Console><Console>" changed cvar (cvar "sv_unlag_fixstuck") (value "1")
L 12/11/2021 - 01:26:42: [basecommands.smx] "Console<0><Console><Console>" changed cvar (cvar "z_brawl_chance") (value "0")
L 12/11/2021 - 01:26:42: [basecommands.smx] "Console<0><Console><Console>" changed cvar (cvar "sv_maxunlag") (value "1")
L 12/11/2021 - 01:26:42: [basecommands.smx] "Console<0><Console><Console>" changed cvar (cvar "sv_forcepreload") (value "1")
L 12/11/2021 - 01:26:42: [basecommands.smx] "Console<0><Console><Console>" changed cvar (cvar "sv_client_predict") (value "1")
L 12/11/2021 - 01:26:42: [basecommands.smx] "Console<0><Console><Console>" changed cvar (cvar "sv_client_cmdrate_difference") (value "0")
L 12/11/2021 - 01:26:42: [basecommands.smx] "Console<0><Console><Console>" changed cvar (cvar "sv_max_queries_sec_global") (value "10")
L 12/11/2021 - 01:26:42: [basecommands.smx] "Console<0><Console><Console>" changed cvar (cvar "sv_max_queries_sec") (value "3")
L 12/11/2021 - 01:26:42: [basecommands.smx] "Console<0><Console><Console>" changed cvar (cvar "sv_max_queries_window") (value "10")
L 12/11/2021 - 01:26:42: [basecommands.smx] "Console<0><Console><Console>" changed cvar (cvar "sv_player_stuck_tolerance") (value "5")
L 12/11/2021 - 01:26:42: [basecommands.smx] "Console<0><Console><Console>" changed cvar (cvar "sv_stats") (value "0")
L 12/11/2021 - 01:26:42: [basecommands.smx] "Console<0><Console><Console>" changed cvar (cvar "sv_clockcorrection_msecs") (value "25")
L 12/11/2021 - 01:26:42: [basecommands.smx] "Console<0><Console><Console>" changed cvar (cvar "tank_swing_physics_prop_force") (value "3")
L 12/11/2021 - 01:26:42: [fixes/firebulletsfix.smx] Found offset for Weapon_ShootPosition 286
L 12/11/2021 - 01:26:46: -------- Mapchange to c1m1_hotel --------
L 12/11/2021 - 01:26:47: [basecommands.smx] "Console<0><Console><Console>" changed cvar (cvar "confogl_match_execcfg_plugins") (value "generalfixes.cfg;confogl_plugins.cfg;sharedplugins.cfg")
L 12/11/2021 - 01:26:47: [basecommands.smx] "Console<0><Console><Console>" changed cvar (cvar "l4d2_addons_eclipse") (value "0")
L 12/11/2021 - 01:26:47: [basecommands.smx] "Console<0><Console><Console>" changed cvar (cvar "sv_allow_wait_command") (value "0")
L 12/11/2021 - 01:26:47: [basecommands.smx] "Console<0><Console><Console>" changed cvar (cvar "sv_minrate") (value "108000")
L 12/11/2021 - 01:26:47: [basecommands.smx] "Console<0><Console><Console>" changed cvar (cvar "sv_maxrate") (value "108000")
L 12/11/2021 - 01:26:47: [basecommands.smx] "Console<0><Console><Console>" changed cvar (cvar "sv_mincmdrate") (value "108")
L 12/11/2021 - 01:26:47: [basecommands.smx] "Console<0><Console><Console>" changed cvar (cvar "sv_maxcmdrate") (value "108")
L 12/11/2021 - 01:26:47: [basecommands.smx] "Console<0><Console><Console>" changed cvar (cvar "sv_minupdaterate") (value "108")
L 12/11/2021 - 01:26:47: [basecommands.smx] "Console<0><Console><Console>" changed cvar (cvar "sv_maxupdaterate") (value "108")
L 12/11/2021 - 01:26:47: [basecommands.smx] "Console<0><Console><Console>" changed cvar (cvar "nb_update_frequency") (value "0.024")
L 12/11/2021 - 01:26:47: [basecommands.smx] "Console<0><Console><Console>" changed cvar (cvar "net_splitpacket_maxrate") (value "54000")
L 12/11/2021 - 01:26:47: [basecommands.smx] "Console<0><Console><Console>" changed cvar (cvar "sv_client_min_interp_ratio") (value "0")
L 12/11/2021 - 01:26:47: [basecommands.smx] "Console<0><Console><Console>" changed cvar (cvar "sv_client_max_interp_ratio") (value "2")
L 12/11/2021 - 01:26:47: [basecommands.smx] "Console<0><Console><Console>" changed cvar (cvar "fps_max") (value "200")
L 12/11/2021 - 01:26:47: [basecommands.smx] "Console<0><Console><Console>" changed cvar (cvar "mv_maxplayers") (value "16")
L 12/11/2021 - 01:26:47: [basecommands.smx] "Console<0><Console><Console>" changed cvar (cvar "sv_maxplayers") (value "16")
L 12/11/2021 - 01:26:47: [basecommands.smx] "Console<0><Console><Console>" changed cvar (cvar "sv_allowdownload") (value "1")
L 12/11/2021 - 01:26:47: [basecommands.smx] "Console<0><Console><Console>" changed cvar (cvar "l4d_nth_joininfected") (value "1")
L 12/11/2021 - 01:26:47: [basecommands.smx] "Console<0><Console><Console>" changed cvar (cvar "l4d_nth_joinsurvivors") (value "1")
L 12/11/2021 - 01:26:47: [basecommands.smx] "Console<0><Console><Console>" changed cvar (cvar "l4d_nth_kill") (value "0")
L 12/11/2021 - 01:26:47: [basecommands.smx] "Console<0><Console><Console>" changed cvar (cvar "l4d_nth_spectate") (value "1")
L 12/11/2021 - 01:26:47: [basecommands.smx] "Console<0><Console><Console>" changed cvar (cvar "l4d_nth_message") (value "0")
L 12/11/2021 - 01:26:47: [basecommands.smx] "Console<0><Console><Console>" changed cvar (cvar "l4d_nth_timerrepeat") (value "9999")
L 12/11/2021 - 01:26:47: [basecommands.smx] "Console<0><Console><Console>" changed cvar (cvar "vs_max_team_switches") (value "9999")
L 12/11/2021 - 01:26:47: [basecommands.smx] "Console<0><Console><Console>" changed cvar (cvar "mp_autoteambalance") (value "0")
L 12/11/2021 - 01:26:47: [basecommands.smx] "Console<0><Console><Console>" changed cvar (cvar "sv_unlag_fixstuck") (value "1")
L 12/11/2021 - 01:26:47: [basecommands.smx] "Console<0><Console><Console>" changed cvar (cvar "z_brawl_chance") (value "0")
L 12/11/2021 - 01:26:47: [basecommands.smx] "Console<0><Console><Console>" changed cvar (cvar "sv_maxunlag") (value "1")
L 12/11/2021 - 01:26:47: [basecommands.smx] "Console<0><Console><Console>" changed cvar (cvar "sv_forcepreload") (value "1")
L 12/11/2021 - 01:26:47: [basecommands.smx] "Console<0><Console><Console>" changed cvar (cvar "sv_client_predict") (value "1")
L 12/11/2021 - 01:26:47: [basecommands.smx] "Console<0><Console><Console>" changed cvar (cvar "sv_client_cmdrate_difference") (value "0")
L 12/11/2021 - 01:26:47: [basecommands.smx] "Console<0><Console><Console>" changed cvar (cvar "sv_max_queries_sec_global") (value "10")
L 12/11/2021 - 01:26:47: [basecommands.smx] "Console<0><Console><Console>" changed cvar (cvar "sv_max_queries_sec") (value "3")
L 12/11/2021 - 01:26:47: [basecommands.smx] "Console<0><Console><Console>" changed cvar (cvar "sv_max_queries_window") (value "10")
L 12/11/2021 - 01:26:47: [basecommands.smx] "Console<0><Console><Console>" changed cvar (cvar "sv_player_stuck_tolerance") (value "5")
L 12/11/2021 - 01:26:47: [basecommands.smx] "Console<0><Console><Console>" changed cvar (cvar "sv_stats") (value "0")
L 12/11/2021 - 01:26:47: [basecommands.smx] "Console<0><Console><Console>" changed cvar (cvar "sv_clockcorrection_msecs") (value "25")
L 12/11/2021 - 01:26:47: [basecommands.smx] "Console<0><Console><Console>" changed cvar (cvar "tank_swing_physics_prop_force") (value "3")
L 12/11/2021 - 06:29:43: SourceMod log file session started (file "/home/k26606_s20329/server_20329/left4dead2/addons/sourcemod/logs/L20211211.log") (Version "1.10.0.6494")
L 12/11/2021 - 06:29:43: [fixes/firebulletsfix.smx] Found offset for Weapon_ShootPosition 286
L 12/11/2021 - 06:29:45: [navmesh.smx] Found .NAV file in maps\c1m1_hotel.nav
L 12/11/2021 - 06:29:45: [navmesh.smx] Is mesh analyzed: 1
L 12/11/2021 - 06:29:45: [navmesh.smx] Nav version: 16; SubVersion: 14 (v10+); BSPSize: 32807960; MagicNumber: -17958194
L 12/11/2021 - 06:29:45: [navmesh.smx] Place count: 0
L 12/11/2021 - 06:29:45: [navmesh.smx] Has unnamed areas: true
L 12/11/2021 - 06:29:45: [navmesh.smx] Population type: c1streets
L 12/11/2021 - 06:29:45: [navmesh.smx] Area count: 1582
L 12/11/2021 - 06:29:45: [navmesh.smx] Parsed 1582 areas in 0.017779 seconds.
L 12/11/2021 - 06:29:45: [navmesh.smx] Ladder count: 0
L 12/11/2021 - 06:29:45: [basecommands.smx] "Console<0><Console><Console>" changed cvar (cvar "confogl_match_execcfg_plugins") (value "generalfixes.cfg;confogl_plugins.cfg;sharedplugins.cfg")
L 12/11/2021 - 06:29:45: [basecommands.smx] "Console<0><Console><Console>" changed cvar (cvar "l4d2_addons_eclipse") (value "0")
L 12/11/2021 - 06:29:45: [basecommands.smx] "Console<0><Console><Console>" changed cvar (cvar "sv_allow_wait_command") (value "0")
L 12/11/2021 - 06:29:45: [basecommands.smx] "Console<0><Console><Console>" changed cvar (cvar "sv_minrate") (value "108000")
L 12/11/2021 - 06:29:45: [basecommands.smx] "Console<0><Console><Console>" changed cvar (cvar "sv_maxrate") (value "108000")
L 12/11/2021 - 06:29:45: [basecommands.smx] "Console<0><Console><Console>" changed cvar (cvar "sv_mincmdrate") (value "108")
L 12/11/2021 - 06:29:45: [basecommands.smx] "Console<0><Console><Console>" changed cvar (cvar "sv_maxcmdrate") (value "108")
L 12/11/2021 - 06:29:45: [basecommands.smx] "Console<0><Console><Console>" changed cvar (cvar "sv_minupdaterate") (value "108")
L 12/11/2021 - 06:29:45: [basecommands.smx] "Console<0><Console><Console>" changed cvar (cvar "sv_maxupdaterate") (value "108")
L 12/11/2021 - 06:29:45: [basecommands.smx] "Console<0><Console><Console>" changed cvar (cvar "nb_update_frequency") (value "0.024")
L 12/11/2021 - 06:29:45: [basecommands.smx] "Console<0><Console><Console>" changed cvar (cvar "net_splitpacket_maxrate") (value "54000")
L 12/11/2021 - 06:29:45: [basecommands.smx] "Console<0><Console><Console>" changed cvar (cvar "sv_client_min_interp_ratio") (value "0")
L 12/11/2021 - 06:29:45: [basecommands.smx] "Console<0><Console><Console>" changed cvar (cvar "sv_client_max_interp_ratio") (value "2")
L 12/11/2021 - 06:29:45: [basecommands.smx] "Console<0><Console><Console>" changed cvar (cvar "fps_max") (value "200")
L 12/11/2021 - 06:29:45: [basecommands.smx] "Console<0><Console><Console>" changed cvar (cvar "mv_maxplayers") (value "16")
L 12/11/2021 - 06:29:45: [basecommands.smx] "Console<0><Console><Console>" changed cvar (cvar "sv_maxplayers") (value "16")
L 12/11/2021 - 06:29:45: [basecommands.smx] "Console<0><Console><Console>" changed cvar (cvar "sv_allowdownload") (value "1")
L 12/11/2021 - 06:29:45: [basecommands.smx] "Console<0><Console><Console>" changed cvar (cvar "vs_max_team_switches") (value "9999")
L 12/11/2021 - 06:29:45: [basecommands.smx] "Console<0><Console><Console>" changed cvar (cvar "mp_autoteambalance") (value "0")
L 12/11/2021 - 06:29:45: [basecommands.smx] "Console<0><Console><Console>" changed cvar (cvar "sv_unlag_fixstuck") (value "1")
L 12/11/2021 - 06:29:45: [basecommands.smx] "Console<0><Console><Console>" changed cvar (cvar "z_brawl_chance") (value "0")
L 12/11/2021 - 06:29:45: [basecommands.smx] "Console<0><Console><Console>" changed cvar (cvar "sv_maxunlag") (value "1")
L 12/11/2021 - 06:29:45: [basecommands.smx] "Console<0><Console><Console>" changed cvar (cvar "sv_forcepreload") (value "1")
L 12/11/2021 - 06:29:45: [basecommands.smx] "Console<0><Console><Console>" changed cvar (cvar "sv_client_predict") (value "1")
L 12/11/2021 - 06:29:45: [basecommands.smx] "Console<0><Console><Console>" changed cvar (cvar "sv_client_cmdrate_difference") (value "0")
L 12/11/2021 - 06:29:45: [basecommands.smx] "Console<0><Console><Console>" changed cvar (cvar "sv_max_queries_sec_global") (value "10")
L 12/11/2021 - 06:29:45: [basecommands.smx] "Console<0><Console><Console>" changed cvar (cvar "sv_max_queries_sec") (value "3")
L 12/11/2021 - 06:29:45: [basecommands.smx] "Console<0><Console><Console>" changed cvar (cvar "sv_max_queries_window") (value "10")
L 12/11/2021 - 06:29:45: [basecommands.smx] "Console<0><Console><Console>" changed cvar (cvar "sv_player_stuck_tolerance") (value "5")
L 12/11/2021 - 06:29:45: [basecommands.smx] "Console<0><Console><Console>" changed cvar (cvar "sv_stats") (value "0")
L 12/11/2021 - 06:29:45: [basecommands.smx] "Console<0><Console><Console>" changed cvar (cvar "sv_clockcorrection_msecs") (value "25")
L 12/11/2021 - 06:29:45: [basecommands.smx] "Console<0><Console><Console>" changed cvar (cvar "tank_swing_physics_prop_force") (value "3")
L 12/11/2021 - 06:29:45: [fixes/firebulletsfix.smx] Found offset for Weapon_ShootPosition 286
L 12/11/2021 - 06:29:49: -------- Mapchange to c1m1_hotel --------
L 12/11/2021 - 06:29:50: [basecommands.smx] "Console<0><Console><Console>" changed cvar (cvar "confogl_match_execcfg_plugins") (value "generalfixes.cfg;confogl_plugins.cfg;sharedplugins.cfg")
L 12/11/2021 - 06:29:50: [basecommands.smx] "Console<0><Console><Console>" changed cvar (cvar "l4d2_addons_eclipse") (value "0")
L 12/11/2021 - 06:29:50: [basecommands.smx] "Console<0><Console><Console>" changed cvar (cvar "sv_allow_wait_command") (value "0")
L 12/11/2021 - 06:29:50: [basecommands.smx] "Console<0><Console><Console>" changed cvar (cvar "sv_minrate") (value "108000")
L 12/11/2021 - 06:29:50: [basecommands.smx] "Console<0><Console><Console>" changed cvar (cvar "sv_maxrate") (value "108000")
L 12/11/2021 - 06:29:50: [basecommands.smx] "Console<0><Console><Console>" changed cvar (cvar "sv_mincmdrate") (value "108")
L 12/11/2021 - 06:29:50: [basecommands.smx] "Console<0><Console><Console>" changed cvar (cvar "sv_maxcmdrate") (value "108")
L 12/11/2021 - 06:29:50: [basecommands.smx] "Console<0><Console><Console>" changed cvar (cvar "sv_minupdaterate") (value "108")
L 12/11/2021 - 06:29:50: [basecommands.smx] "Console<0><Console><Console>" changed cvar (cvar "sv_maxupdaterate") (value "108")
L 12/11/2021 - 06:29:50: [basecommands.smx] "Console<0><Console><Console>" changed cvar (cvar "nb_update_frequency") (value "0.024")
L 12/11/2021 - 06:29:50: [basecommands.smx] "Console<0><Console><Console>" changed cvar (cvar "net_splitpacket_maxrate") (value "54000")
L 12/11/2021 - 06:29:50: [basecommands.smx] "Console<0><Console><Console>" changed cvar (cvar "sv_client_min_interp_ratio") (value "0")
L 12/11/2021 - 06:29:50: [basecommands.smx] "Console<0><Console><Console>" changed cvar (cvar "sv_client_max_interp_ratio") (value "2")
L 12/11/2021 - 06:29:50: [basecommands.smx] "Console<0><Console><Console>" changed cvar (cvar "fps_max") (value "200")
L 12/11/2021 - 06:29:50: [basecommands.smx] "Console<0><Console><Console>" changed cvar (cvar "mv_maxplayers") (value "16")
L 12/11/2021 - 06:29:50: [basecommands.smx] "Console<0><Console><Console>" changed cvar (cvar "sv_maxplayers") (value "16")
L 12/11/2021 - 06:29:50: [basecommands.smx] "Console<0><Console><Console>" changed cvar (cvar "sv_allowdownload") (value "1")
L 12/11/2021 - 06:29:50: [basecommands.smx] "Console<0><Console><Console>" changed cvar (cvar "l4d_nth_joininfected") (value "1")
L 12/11/2021 - 06:29:50: [basecommands.smx] "Console<0><Console><Console>" changed cvar (cvar "l4d_nth_joinsurvivors") (value "1")
L 12/11/2021 - 06:29:50: [basecommands.smx] "Console<0><Console><Console>" changed cvar (cvar "l4d_nth_kill") (value "0")
L 12/11/2021 - 06:29:50: [basecommands.smx] "Console<0><Console><Console>" changed cvar (cvar "l4d_nth_spectate") (value "1")
L 12/11/2021 - 06:29:50: [basecommands.smx] "Console<0><Console><Console>" changed cvar (cvar "l4d_nth_message") (value "0")
L 12/11/2021 - 06:29:50: [basecommands.smx] "Console<0><Console><Console>" changed cvar (cvar "l4d_nth_timerrepeat") (value "9999")
L 12/11/2021 - 06:29:50: [basecommands.smx] "Console<0><Console><Console>" changed cvar (cvar "vs_max_team_switches") (value "9999")
L 12/11/2021 - 06:29:50: [basecommands.smx] "Console<0><Console><Console>" changed cvar (cvar "mp_autoteambalance") (value "0")
L 12/11/2021 - 06:29:50: [basecommands.smx] "Console<0><Console><Console>" changed cvar (cvar "sv_unlag_fixstuck") (value "1")
L 12/11/2021 - 06:29:50: [basecommands.smx] "Console<0><Console><Console>" changed cvar (cvar "z_brawl_chance") (value "0")
L 12/11/2021 - 06:29:50: [basecommands.smx] "Console<0><Console><Console>" changed cvar (cvar "sv_maxunlag") (value "1")
L 12/11/2021 - 06:29:50: [basecommands.smx] "Console<0><Console><Console>" changed cvar (cvar "sv_forcepreload") (value "1")
L 12/11/2021 - 06:29:50: [basecommands.smx] "Console<0><Console><Console>" changed cvar (cvar "sv_client_predict") (value "1")
L 12/11/2021 - 06:29:50: [basecommands.smx] "Console<0><Console><Console>" changed cvar (cvar "sv_client_cmdrate_difference") (value "0")
L 12/11/2021 - 06:29:50: [basecommands.smx] "Console<0><Console><Console>" changed cvar (cvar "sv_max_queries_sec_global") (value "10")
L 12/11/2021 - 06:29:50: [basecommands.smx] "Console<0><Console><Console>" changed cvar (cvar "sv_max_queries_sec") (value "3")
L 12/11/2021 - 06:29:50: [basecommands.smx] "Console<0><Console><Console>" changed cvar (cvar "sv_max_queries_window") (value "10")
L 12/11/2021 - 06:29:50: [basecommands.smx] "Console<0><Console><Console>" changed cvar (cvar "sv_player_stuck_tolerance") (value "5")
L 12/11/2021 - 06:29:50: [basecommands.smx] "Console<0><Console><Console>" changed cvar (cvar "sv_stats") (value "0")
L 12/11/2021 - 06:29:50: [basecommands.smx] "Console<0><Console><Console>" changed cvar (cvar "sv_clockcorrection_msecs") (value "25")
L 12/11/2021 - 06:29:50: [basecommands.smx] "Console<0><Console><Console>" changed cvar (cvar "tank_swing_physics_prop_force") (value "3")
L 12/11/2021 - 22:27:11: -------- Mapchange to c11m1_greenhouse --------
L 12/11/2021 - 22:27:13: [basecommands.smx] "Console<0><Console><Console>" changed cvar (cvar "confogl_match_execcfg_plugins") (value "generalfixes.cfg;confogl_plugins.cfg;sharedplugins.cfg")
L 12/11/2021 - 22:27:13: [basecommands.smx] "Console<0><Console><Console>" changed cvar (cvar "l4d2_addons_eclipse") (value "0")
L 12/11/2021 - 22:27:13: [basecommands.smx] "Console<0><Console><Console>" changed cvar (cvar "sv_allow_wait_command") (value "0")
L 12/11/2021 - 22:27:13: [basecommands.smx] "Console<0><Console><Console>" changed cvar (cvar "sv_minrate") (value "108000")
L 12/11/2021 - 22:27:13: [basecommands.smx] "Console<0><Console><Console>" changed cvar (cvar "sv_maxrate") (value "108000")
L 12/11/2021 - 22:27:13: [basecommands.smx] "Console<0><Console><Console>" changed cvar (cvar "sv_mincmdrate") (value "108")
L 12/11/2021 - 22:27:13: [basecommands.smx] "Console<0><Console><Console>" changed cvar (cvar "sv_maxcmdrate") (value "108")
L 12/11/2021 - 22:27:13: [basecommands.smx] "Console<0><Console><Console>" changed cvar (cvar "sv_minupdaterate") (value "108")
L 12/11/2021 - 22:27:13: [basecommands.smx] "Console<0><Console><Console>" changed cvar (cvar "sv_maxupdaterate") (value "108")
L 12/11/2021 - 22:27:13: [basecommands.smx] "Console<0><Console><Console>" changed cvar (cvar "nb_update_frequency") (value "0.024")
L 12/11/2021 - 22:27:13: [basecommands.smx] "Console<0><Console><Console>" changed cvar (cvar "net_splitpacket_maxrate") (value "54000")
L 12/11/2021 - 22:27:13: [basecommands.smx] "Console<0><Console><Console>" changed cvar (cvar "sv_client_min_interp_ratio") (value "0")
L 12/11/2021 - 22:27:13: [basecommands.smx] "Console<0><Console><Console>" changed cvar (cvar "sv_client_max_interp_ratio") (value "2")
L 12/11/2021 - 22:27:13: [basecommands.smx] "Console<0><Console><Console>" changed cvar (cvar "fps_max") (value "200")
L 12/11/2021 - 22:27:13: [basecommands.smx] "Console<0><Console><Console>" changed cvar (cvar "mv_maxplayers") (value "16")
L 12/11/2021 - 22:27:13: [basecommands.smx] "Console<0><Console><Console>" changed cvar (cvar "sv_maxplayers") (value "16")
L 12/11/2021 - 22:27:13: [basecommands.smx] "Console<0><Console><Console>" changed cvar (cvar "sv_allowdownload") (value "1")
L 12/11/2021 - 22:27:13: [basecommands.smx] "Console<0><Console><Console>" changed cvar (cvar "l4d_nth_joininfected") (value "1")
L 12/11/2021 - 22:27:13: [basecommands.smx] "Console<0><Console><Console>" changed cvar (cvar "l4d_nth_joinsurvivors") (value "1")
L 12/11/2021 - 22:27:13: [basecommands.smx] "Console<0><Console><Console>" changed cvar (cvar "l4d_nth_kill") (value "0")
L 12/11/2021 - 22:27:13: [basecommands.smx] "Console<0><Console><Console>" changed cvar (cvar "l4d_nth_spectate") (value "1")
L 12/11/2021 - 22:27:13: [basecommands.smx] "Console<0><Console><Console>" changed cvar (cvar "l4d_nth_message") (value "0")
L 12/11/2021 - 22:27:13: [basecommands.smx] "Console<0><Console><Console>" changed cvar (cvar "l4d_nth_timerrepeat") (value "9999")
L 12/11/2021 - 22:27:13: [basecommands.smx] "Console<0><Console><Console>" changed cvar (cvar "vs_max_team_switches") (value "9999")
L 12/11/2021 - 22:27:13: [basecommands.smx] "Console<0><Console><Console>" changed cvar (cvar "mp_autoteambalance") (value "0")
L 12/11/2021 - 22:27:13: [basecommands.smx] "Console<0><Console><Console>" changed cvar (cvar "sv_unlag_fixstuck") (value "1")
L 12/11/2021 - 22:27:13: [basecommands.smx] "Console<0><Console><Console>" changed cvar (cvar "z_brawl_chance") (value "0")
L 12/11/2021 - 22:27:13: [basecommands.smx] "Console<0><Console><Console>" changed cvar (cvar "sv_maxunlag") (value "1")
L 12/11/2021 - 22:27:13: [basecommands.smx] "Console<0><Console><Console>" changed cvar (cvar "sv_forcepreload") (value "1")
L 12/11/2021 - 22:27:13: [basecommands.smx] "Console<0><Console><Console>" changed cvar (cvar "sv_client_predict") (value "1")
L 12/11/2021 - 22:27:13: [basecommands.smx] "Console<0><Console><Console>" changed cvar (cvar "sv_client_cmdrate_difference") (value "0")
L 12/11/2021 - 22:27:13: [basecommands.smx] "Console<0><Console><Console>" changed cvar (cvar "sv_max_queries_sec_global") (value "10")
L 12/11/2021 - 22:27:13: [basecommands.smx] "Console<0><Console><Console>" changed cvar (cvar "sv_max_queries_sec") (value "3")
L 12/11/2021 - 22:27:13: [basecommands.smx] "Console<0><Console><Console>" changed cvar (cvar "sv_max_queries_window") (value "10")
L 12/11/2021 - 22:27:13: [basecommands.smx] "Console<0><Console><Console>" changed cvar (cvar "sv_player_stuck_tolerance") (value "5")
L 12/11/2021 - 22:27:13: [basecommands.smx] "Console<0><Console><Console>" changed cvar (cvar "sv_stats") (value "0")
L 12/11/2021 - 22:27:13: [basecommands.smx] "Console<0><Console><Console>" changed cvar (cvar "sv_clockcorrection_msecs") (value "25")
L 12/11/2021 - 22:27:13: [basecommands.smx] "Console<0><Console><Console>" changed cvar (cvar "tank_swing_physics_prop_force") (value "3")
L 12/11/2021 - 22:27:56: [optional/kether/autopause.smx] [AutoPause] Player STEAM_1:1:466190393 left the game with -45.101852 time until spawn.
L 12/11/2021 - 22:28:05: [optional/kether/autopause.smx] [AutoPause] Player STEAM_1:0:82962337 left the game with -53.537036 time until spawn.
L 12/11/2021 - 22:28:07: [optional/kether/autopause.smx] [AutoPause] Player STEAM_1:1:19231804 left the game with -55.462963 time until spawn.
L 12/11/2021 - 22:29:23: [optional/kether/autopause.smx] [AutoPause] Player STEAM_1:1:18576471 left the game with -131.555557 time until spawn.
L 12/11/2021 - 22:29:37: SourceMod log file session started (file "/home/k26606_s20329/server_20329/left4dead2/addons/sourcemod/logs/L20211211.log") (Version "1.10.0.6494")
L 12/11/2021 - 22:29:37: [fixes/firebulletsfix.smx] Found offset for Weapon_ShootPosition 286
L 12/11/2021 - 22:29:38: [navmesh.smx] Found .NAV file in maps\c1m1_hotel.nav
L 12/11/2021 - 22:29:38: [navmesh.smx] Is mesh analyzed: 1
L 12/11/2021 - 22:29:38: [navmesh.smx] Nav version: 16; SubVersion: 14 (v10+); BSPSize: 32807960; MagicNumber: -17958194
L 12/11/2021 - 22:29:38: [navmesh.smx] Place count: 0
L 12/11/2021 - 22:29:38: [navmesh.smx] Has unnamed areas: true
L 12/11/2021 - 22:29:38: [navmesh.smx] Population type: c1streets
L 12/11/2021 - 22:29:38: [navmesh.smx] Area count: 1582
L 12/11/2021 - 22:29:38: [navmesh.smx] Parsed 1582 areas in 0.018004 seconds.
L 12/11/2021 - 22:29:38: [navmesh.smx] Ladder count: 0
L 12/11/2021 - 22:29:38: [basecommands.smx] "Console<0><Console><Console>" changed cvar (cvar "confogl_match_execcfg_plugins") (value "generalfixes.cfg;confogl_plugins.cfg;sharedplugins.cfg")
L 12/11/2021 - 22:29:38: [basecommands.smx] "Console<0><Console><Console>" changed cvar (cvar "l4d2_addons_eclipse") (value "0")
L 12/11/2021 - 22:29:38: [basecommands.smx] "Console<0><Console><Console>" changed cvar (cvar "sv_allow_wait_command") (value "0")
L 12/11/2021 - 22:29:38: [basecommands.smx] "Console<0><Console><Console>" changed cvar (cvar "sv_minrate") (value "108000")
L 12/11/2021 - 22:29:38: [basecommands.smx] "Console<0><Console><Console>" changed cvar (cvar "sv_maxrate") (value "108000")
L 12/11/2021 - 22:29:38: [basecommands.smx] "Console<0><Console><Console>" changed cvar (cvar "sv_mincmdrate") (value "108")
L 12/11/2021 - 22:29:38: [basecommands.smx] "Console<0><Console><Console>" changed cvar (cvar "sv_maxcmdrate") (value "108")
L 12/11/2021 - 22:29:38: [basecommands.smx] "Console<0><Console><Console>" changed cvar (cvar "sv_minupdaterate") (value "108")
L 12/11/2021 - 22:29:38: [basecommands.smx] "Console<0><Console><Console>" changed cvar (cvar "sv_maxupdaterate") (value "108")
L 12/11/2021 - 22:29:38: [basecommands.smx] "Console<0><Console><Console>" changed cvar (cvar "nb_update_frequency") (value "0.024")
L 12/11/2021 - 22:29:38: [basecommands.smx] "Console<0><Console><Console>" changed cvar (cvar "net_splitpacket_maxrate") (value "54000")
L 12/11/2021 - 22:29:38: [basecommands.smx] "Console<0><Console><Console>" changed cvar (cvar "sv_client_min_interp_ratio") (value "0")
L 12/11/2021 - 22:29:38: [basecommands.smx] "Console<0><Console><Console>" changed cvar (cvar "sv_client_max_interp_ratio") (value "2")
L 12/11/2021 - 22:29:38: [basecommands.smx] "Console<0><Console><Console>" changed cvar (cvar "fps_max") (value "200")
L 12/11/2021 - 22:29:38: [basecommands.smx] "Console<0><Console><Console>" changed cvar (cvar "mv_maxplayers") (value "16")
L 12/11/2021 - 22:29:38: [basecommands.smx] "Console<0><Console><Console>" changed cvar (cvar "sv_maxplayers") (value "16")
L 12/11/2021 - 22:29:38: [basecommands.smx] "Console<0><Console><Console>" changed cvar (cvar "sv_allowdownload") (value "1")
L 12/11/2021 - 22:29:38: [basecommands.smx] "Console<0><Console><Console>" changed cvar (cvar "vs_max_team_switches") (value "9999")
L 12/11/2021 - 22:29:38: [basecommands.smx] "Console<0><Console><Console>" changed cvar (cvar "mp_autoteambalance") (value "0")
L 12/11/2021 - 22:29:38: [basecommands.smx] "Console<0><Console><Console>" changed cvar (cvar "sv_unlag_fixstuck") (value "1")
L 12/11/2021 - 22:29:38: [basecommands.smx] "Console<0><Console><Console>" changed cvar (cvar "z_brawl_chance") (value "0")
L 12/11/2021 - 22:29:38: [basecommands.smx] "Console<0><Console><Console>" changed cvar (cvar "sv_maxunlag") (value "1")
L 12/11/2021 - 22:29:38: [basecommands.smx] "Console<0><Console><Console>" changed cvar (cvar "sv_forcepreload") (value "1")
L 12/11/2021 - 22:29:38: [basecommands.smx] "Console<0><Console><Console>" changed cvar (cvar "sv_client_predict") (value "1")
L 12/11/2021 - 22:29:38: [basecommands.smx] "Console<0><Console><Console>" changed cvar (cvar "sv_client_cmdrate_difference") (value "0")
L 12/11/2021 - 22:29:38: [basecommands.smx] "Console<0><Console><Console>" changed cvar (cvar "sv_max_queries_sec_global") (value "10")
L 12/11/2021 - 22:29:38: [basecommands.smx] "Console<0><Console><Console>" changed cvar (cvar "sv_max_queries_sec") (value "3")
L 12/11/2021 - 22:29:38: [basecommands.smx] "Console<0><Console><Console>" changed cvar (cvar "sv_max_queries_window") (value "10")
L 12/11/2021 - 22:29:38: [basecommands.smx] "Console<0><Console><Console>" changed cvar (cvar "sv_player_stuck_tolerance") (value "5")
L 12/11/2021 - 22:29:38: [basecommands.smx] "Console<0><Console><Console>" changed cvar (cvar "sv_stats") (value "0")
L 12/11/2021 - 22:29:38: [basecommands.smx] "Console<0><Console><Console>" changed cvar (cvar "sv_clockcorrection_msecs") (value "25")
L 12/11/2021 - 22:29:38: [basecommands.smx] "Console<0><Console><Console>" changed cvar (cvar "tank_swing_physics_prop_force") (value "3")
L 12/11/2021 - 22:29:39: [fixes/firebulletsfix.smx] Found offset for Weapon_ShootPosition 286
L 12/11/2021 - 22:29:43: -------- Mapchange to c1m1_hotel --------
L 12/11/2021 - 22:29:43: [basecommands.smx] "Console<0><Console><Console>" changed cvar (cvar "confogl_match_execcfg_plugins") (value "generalfixes.cfg;confogl_plugins.cfg;sharedplugins.cfg")
L 12/11/2021 - 22:29:43: [basecommands.smx] "Console<0><Console><Console>" changed cvar (cvar "l4d2_addons_eclipse") (value "0")
L 12/11/2021 - 22:29:43: [basecommands.smx] "Console<0><Console><Console>" changed cvar (cvar "sv_allow_wait_command") (value "0")
L 12/11/2021 - 22:29:43: [basecommands.smx] "Console<0><Console><Console>" changed cvar (cvar "sv_minrate") (value "108000")
L 12/11/2021 - 22:29:43: [basecommands.smx] "Console<0><Console><Console>" changed cvar (cvar "sv_maxrate") (value "108000")
L 12/11/2021 - 22:29:43: [basecommands.smx] "Console<0><Console><Console>" changed cvar (cvar "sv_mincmdrate") (value "108")
L 12/11/2021 - 22:29:43: [basecommands.smx] "Console<0><Console><Console>" changed cvar (cvar "sv_maxcmdrate") (value "108")
L 12/11/2021 - 22:29:43: [basecommands.smx] "Console<0><Console><Console>" changed cvar (cvar "sv_minupdaterate") (value "108")
L 12/11/2021 - 22:29:43: [basecommands.smx] "Console<0><Console><Console>" changed cvar (cvar "sv_maxupdaterate") (value "108")
L 12/11/2021 - 22:29:43: [basecommands.smx] "Console<0><Console><Console>" changed cvar (cvar "nb_update_frequency") (value "0.024")
L 12/11/2021 - 22:29:43: [basecommands.smx] "Console<0><Console><Console>" changed cvar (cvar "net_splitpacket_maxrate") (value "54000")
L 12/11/2021 - 22:29:43: [basecommands.smx] "Console<0><Console><Console>" changed cvar (cvar "sv_client_min_interp_ratio") (value "0")
L 12/11/2021 - 22:29:43: [basecommands.smx] "Console<0><Console><Console>" changed cvar (cvar "sv_client_max_interp_ratio") (value "2")
L 12/11/2021 - 22:29:43: [basecommands.smx] "Console<0><Console><Console>" changed cvar (cvar "fps_max") (value "200")
L 12/11/2021 - 22:29:43: [basecommands.smx] "Console<0><Console><Console>" changed cvar (cvar "mv_maxplayers") (value "16")
L 12/11/2021 - 22:29:43: [basecommands.smx] "Console<0><Console><Console>" changed cvar (cvar "sv_maxplayers") (value "16")
L 12/11/2021 - 22:29:43: [basecommands.smx] "Console<0><Console><Console>" changed cvar (cvar "sv_allowdownload") (value "1")
L 12/11/2021 - 22:29:43: [basecommands.smx] "Console<0><Console><Console>" changed cvar (cvar "l4d_nth_joininfected") (value "1")
L 12/11/2021 - 22:29:43: [basecommands.smx] "Console<0><Console><Console>" changed cvar (cvar "l4d_nth_joinsurvivors") (value "1")
L 12/11/2021 - 22:29:43: [basecommands.smx] "Console<0><Console><Console>" changed cvar (cvar "l4d_nth_kill") (value "0")
L 12/11/2021 - 22:29:43: [basecommands.smx] "Console<0><Console><Console>" changed cvar (cvar "l4d_nth_spectate") (value "1")
L 12/11/2021 - 22:29:43: [basecommands.smx] "Console<0><Console><Console>" changed cvar (cvar "l4d_nth_message") (value "0")
L 12/11/2021 - 22:29:43: [basecommands.smx] "Console<0><Console><Console>" changed cvar (cvar "l4d_nth_timerrepeat") (value "9999")
L 12/11/2021 - 22:29:43: [basecommands.smx] "Console<0><Console><Console>" changed cvar (cvar "vs_max_team_switches") (value "9999")
L 12/11/2021 - 22:29:43: [basecommands.smx] "Console<0><Console><Console>" changed cvar (cvar "mp_autoteambalance") (value "0")
L 12/11/2021 - 22:29:43: [basecommands.smx] "Console<0><Console><Console>" changed cvar (cvar "sv_unlag_fixstuck") (value "1")
L 12/11/2021 - 22:29:43: [basecommands.smx] "Console<0><Console><Console>" changed cvar (cvar "z_brawl_chance") (value "0")
L 12/11/2021 - 22:29:43: [basecommands.smx] "Console<0><Console><Console>" changed cvar (cvar "sv_maxunlag") (value "1")
L 12/11/2021 - 22:29:43: [basecommands.smx] "Console<0><Console><Console>" changed cvar (cvar "sv_forcepreload") (value "1")
L 12/11/2021 - 22:29:43: [basecommands.smx] "Console<0><Console><Console>" changed cvar (cvar "sv_client_predict") (value "1")
L 12/11/2021 - 22:29:43: [basecommands.smx] "Console<0><Console><Console>" changed cvar (cvar "sv_client_cmdrate_difference") (value "0")
L 12/11/2021 - 22:29:43: [basecommands.smx] "Console<0><Console><Console>" changed cvar (cvar "sv_max_queries_sec_global") (value "10")
L 12/11/2021 - 22:29:43: [basecommands.smx] "Console<0><Console><Console>" changed cvar (cvar "sv_max_queries_sec") (value "3")
L 12/11/2021 - 22:29:43: [basecommands.smx] "Console<0><Console><Console>" changed cvar (cvar "sv_max_queries_window") (value "10")
L 12/11/2021 - 22:29:43: [basecommands.smx] "Console<0><Console><Console>" changed cvar (cvar "sv_player_stuck_tolerance") (value "5")
L 12/11/2021 - 22:29:43: [basecommands.smx] "Console<0><Console><Console>" changed cvar (cvar "sv_stats") (value "0")
L 12/11/2021 - 22:29:43: [basecommands.smx] "Console<0><Console><Console>" changed cvar (cvar "sv_clockcorrection_msecs") (value "25")
L 12/11/2021 - 22:29:43: [basecommands.smx] "Console<0><Console><Console>" changed cvar (cvar "tank_swing_physics_prop_force") (value "3")
L 12/11/2021 - 23:16:30: [optional/kether/autopause.smx] [AutoPause] Player STEAM_1:0:597249939 left the game with -20.111110 time until spawn.
L 12/11/2021 - 23:16:43: SourceMod log file session started (file "/home/k26606_s20329/server_20329/left4dead2/addons/sourcemod/logs/L20211211.log") (Version "1.10.0.6494")
L 12/11/2021 - 23:16:43: [fixes/firebulletsfix.smx] Found offset for Weapon_ShootPosition 286
L 12/11/2021 - 23:16:45: [navmesh.smx] Found .NAV file in maps\c1m1_hotel.nav
L 12/11/2021 - 23:16:45: [navmesh.smx] Is mesh analyzed: 1
L 12/11/2021 - 23:16:45: [navmesh.smx] Nav version: 16; SubVersion: 14 (v10+); BSPSize: 32807960; MagicNumber: -17958194
L 12/11/2021 - 23:16:45: [navmesh.smx] Place count: 0
L 12/11/2021 - 23:16:45: [navmesh.smx] Has unnamed areas: true
L 12/11/2021 - 23:16:45: [navmesh.smx] Population type: c1streets
L 12/11/2021 - 23:16:45: [navmesh.smx] Area count: 1582
L 12/11/2021 - 23:16:45: [navmesh.smx] Parsed 1582 areas in 0.017653 seconds.
L 12/11/2021 - 23:16:45: [navmesh.smx] Ladder count: 0
L 12/11/2021 - 23:16:45: [basecommands.smx] "Console<0><Console><Console>" changed cvar (cvar "confogl_match_execcfg_plugins") (value "generalfixes.cfg;confogl_plugins.cfg;sharedplugins.cfg")
L 12/11/2021 - 23:16:45: [basecommands.smx] "Console<0><Console><Console>" changed cvar (cvar "l4d2_addons_eclipse") (value "0")
L 12/11/2021 - 23:16:45: [basecommands.smx] "Console<0><Console><Console>" changed cvar (cvar "sv_allow_wait_command") (value "0")
L 12/11/2021 - 23:16:45: [basecommands.smx] "Console<0><Console><Console>" changed cvar (cvar "sv_minrate") (value "108000")
L 12/11/2021 - 23:16:45: [basecommands.smx] "Console<0><Console><Console>" changed cvar (cvar "sv_maxrate") (value "108000")
L 12/11/2021 - 23:16:45: [basecommands.smx] "Console<0><Console><Console>" changed cvar (cvar "sv_mincmdrate") (value "108")
L 12/11/2021 - 23:16:45: [basecommands.smx] "Console<0><Console><Console>" changed cvar (cvar "sv_maxcmdrate") (value "108")
L 12/11/2021 - 23:16:45: [basecommands.smx] "Console<0><Console><Console>" changed cvar (cvar "sv_minupdaterate") (value "108")
L 12/11/2021 - 23:16:45: [basecommands.smx] "Console<0><Console><Console>" changed cvar (cvar "sv_maxupdaterate") (value "108")
L 12/11/2021 - 23:16:45: [basecommands.smx] "Console<0><Console><Console>" changed cvar (cvar "nb_update_frequency") (value "0.024")
L 12/11/2021 - 23:16:45: [basecommands.smx] "Console<0><Console><Console>" changed cvar (cvar "net_splitpacket_maxrate") (value "54000")
L 12/11/2021 - 23:16:45: [basecommands.smx] "Console<0><Console><Console>" changed cvar (cvar "sv_client_min_interp_ratio") (value "0")
L 12/11/2021 - 23:16:45: [basecommands.smx] "Console<0><Console><Console>" changed cvar (cvar "sv_client_max_interp_ratio") (value "2")
L 12/11/2021 - 23:16:45: [basecommands.smx] "Console<0><Console><Console>" changed cvar (cvar "fps_max") (value "200")
L 12/11/2021 - 23:16:45: [basecommands.smx] "Console<0><Console><Console>" changed cvar (cvar "mv_maxplayers") (value "16")
L 12/11/2021 - 23:16:45: [basecommands.smx] "Console<0><Console><Console>" changed cvar (cvar "sv_maxplayers") (value "16")
L 12/11/2021 - 23:16:45: [basecommands.smx] "Console<0><Console><Console>" changed cvar (cvar "sv_allowdownload") (value "1")
L 12/11/2021 - 23:16:45: [basecommands.smx] "Console<0><Console><Console>" changed cvar (cvar "vs_max_team_switches") (value "9999")
L 12/11/2021 - 23:16:45: [basecommands.smx] "Console<0><Console><Console>" changed cvar (cvar "mp_autoteambalance") (value "0")
L 12/11/2021 - 23:16:45: [basecommands.smx] "Console<0><Console><Console>" changed cvar (cvar "sv_unlag_fixstuck") (value "1")
L 12/11/2021 - 23:16:45: [basecommands.smx] "Console<0><Console><Console>" changed cvar (cvar "z_brawl_chance") (value "0")
L 12/11/2021 - 23:16:45: [basecommands.smx] "Console<0><Console><Console>" changed cvar (cvar "sv_maxunlag") (value "1")
L 12/11/2021 - 23:16:45: [basecommands.smx] "Console<0><Console><Console>" changed cvar (cvar "sv_forcepreload") (value "1")
L 12/11/2021 - 23:16:45: [basecommands.smx] "Console<0><Console><Console>" changed cvar (cvar "sv_client_predict") (value "1")
L 12/11/2021 - 23:16:45: [basecommands.smx] "Console<0><Console><Console>" changed cvar (cvar "sv_client_cmdrate_difference") (value "0")
L 12/11/2021 - 23:16:45: [basecommands.smx] "Console<0><Console><Console>" changed cvar (cvar "sv_max_queries_sec_global") (value "10")
L 12/11/2021 - 23:16:45: [basecommands.smx] "Console<0><Console><Console>" changed cvar (cvar "sv_max_queries_sec") (value "3")
L 12/11/2021 - 23:16:45: [basecommands.smx] "Console<0><Console><Console>" changed cvar (cvar "sv_max_queries_window") (value "10")
L 12/11/2021 - 23:16:45: [basecommands.smx] "Console<0><Console><Console>" changed cvar (cvar "sv_player_stuck_tolerance") (value "5")
L 12/11/2021 - 23:16:45: [basecommands.smx] "Console<0><Console><Console>" changed cvar (cvar "sv_stats") (value "0")
L 12/11/2021 - 23:16:45: [basecommands.smx] "Console<0><Console><Console>" changed cvar (cvar "sv_clockcorrection_msecs") (value "25")
L 12/11/2021 - 23:16:45: [basecommands.smx] "Console<0><Console><Console>" changed cvar (cvar "tank_swing_physics_prop_force") (value "3")
L 12/11/2021 - 23:16:45: [fixes/firebulletsfix.smx] Found offset for Weapon_ShootPosition 286
L 12/11/2021 - 23:16:49: -------- Mapchange to c1m1_hotel --------
L 12/11/2021 - 23:16:50: [basecommands.smx] "Console<0><Console><Console>" changed cvar (cvar "confogl_match_execcfg_plugins") (value "generalfixes.cfg;confogl_plugins.cfg;sharedplugins.cfg")
L 12/11/2021 - 23:16:50: [basecommands.smx] "Console<0><Console><Console>" changed cvar (cvar "l4d2_addons_eclipse") (value "0")
L 12/11/2021 - 23:16:50: [basecommands.smx] "Console<0><Console><Console>" changed cvar (cvar "sv_allow_wait_command") (value "0")
L 12/11/2021 - 23:16:50: [basecommands.smx] "Console<0><Console><Console>" changed cvar (cvar "sv_minrate") (value "108000")
L 12/11/2021 - 23:16:50: [basecommands.smx] "Console<0><Console><Console>" changed cvar (cvar "sv_maxrate") (value "108000")
L 12/11/2021 - 23:16:50: [basecommands.smx] "Console<0><Console><Console>" changed cvar (cvar "sv_mincmdrate") (value "108")
L 12/11/2021 - 23:16:50: [basecommands.smx] "Console<0><Console><Console>" changed cvar (cvar "sv_maxcmdrate") (value "108")
L 12/11/2021 - 23:16:50: [basecommands.smx] "Console<0><Console><Console>" changed cvar (cvar "sv_minupdaterate") (value "108")
L 12/11/2021 - 23:16:50: [basecommands.smx] "Console<0><Console><Console>" changed cvar (cvar "sv_maxupdaterate") (value "108")
L 12/11/2021 - 23:16:50: [basecommands.smx] "Console<0><Console><Console>" changed cvar (cvar "nb_update_frequency") (value "0.024")
L 12/11/2021 - 23:16:50: [basecommands.smx] "Console<0><Console><Console>" changed cvar (cvar "net_splitpacket_maxrate") (value "54000")
L 12/11/2021 - 23:16:50: [basecommands.smx] "Console<0><Console><Console>" changed cvar (cvar "sv_client_min_interp_ratio") (value "0")
L 12/11/2021 - 23:16:50: [basecommands.smx] "Console<0><Console><Console>" changed cvar (cvar "sv_client_max_interp_ratio") (value "2")
L 12/11/2021 - 23:16:50: [basecommands.smx] "Console<0><Console><Console>" changed cvar (cvar "fps_max") (value "200")
L 12/11/2021 - 23:16:50: [basecommands.smx] "Console<0><Console><Console>" changed cvar (cvar "mv_maxplayers") (value "16")
L 12/11/2021 - 23:16:50: [basecommands.smx] "Console<0><Console><Console>" changed cvar (cvar "sv_maxplayers") (value "16")
L 12/11/2021 - 23:16:50: [basecommands.smx] "Console<0><Console><Console>" changed cvar (cvar "sv_allowdownload") (value "1")
L 12/11/2021 - 23:16:50: [basecommands.smx] "Console<0><Console><Console>" changed cvar (cvar "l4d_nth_joininfected") (value "1")
L 12/11/2021 - 23:16:50: [basecommands.smx] "Console<0><Console><Console>" changed cvar (cvar "l4d_nth_joinsurvivors") (value "1")
L 12/11/2021 - 23:16:50: [basecommands.smx] "Console<0><Console><Console>" changed cvar (cvar "l4d_nth_kill") (value "0")
L 12/11/2021 - 23:16:50: [basecommands.smx] "Console<0><Console><Console>" changed cvar (cvar "l4d_nth_spectate") (value "1")
L 12/11/2021 - 23:16:50: [basecommands.smx] "Console<0><Console><Console>" changed cvar (cvar "l4d_nth_message") (value "0")
L 12/11/2021 - 23:16:50: [basecommands.smx] "Console<0><Console><Console>" changed cvar (cvar "l4d_nth_timerrepeat") (value "9999")
L 12/11/2021 - 23:16:50: [basecommands.smx] "Console<0><Console><Console>" changed cvar (cvar "vs_max_team_switches") (value "9999")
L 12/11/2021 - 23:16:50: [basecommands.smx] "Console<0><Console><Console>" changed cvar (cvar "mp_autoteambalance") (value "0")
L 12/11/2021 - 23:16:50: [basecommands.smx] "Console<0><Console><Console>" changed cvar (cvar "sv_unlag_fixstuck") (value "1")
L 12/11/2021 - 23:16:50: [basecommands.smx] "Console<0><Console><Console>" changed cvar (cvar "z_brawl_chance") (value "0")
L 12/11/2021 - 23:16:50: [basecommands.smx] "Console<0><Console><Console>" changed cvar (cvar "sv_maxunlag") (value "1")
L 12/11/2021 - 23:16:50: [basecommands.smx] "Console<0><Console><Console>" changed cvar (cvar "sv_forcepreload") (value "1")
L 12/11/2021 - 23:16:50: [basecommands.smx] "Console<0><Console><Console>" changed cvar (cvar "sv_client_predict") (value "1")
L 12/11/2021 - 23:16:50: [basecommands.smx] "Console<0><Console><Console>" changed cvar (cvar "sv_client_cmdrate_difference") (value "0")
L 12/11/2021 - 23:16:50: [basecommands.smx] "Console<0><Console><Console>" changed cvar (cvar "sv_max_queries_sec_global") (value "10")
L 12/11/2021 - 23:16:50: [basecommands.smx] "Console<0><Console><Console>" changed cvar (cvar "sv_max_queries_sec") (value "3")
L 12/11/2021 - 23:16:50: [basecommands.smx] "Console<0><Console><Console>" changed cvar (cvar "sv_max_queries_window") (value "10")
L 12/11/2021 - 23:16:50: [basecommands.smx] "Console<0><Console><Console>" changed cvar (cvar "sv_player_stuck_tolerance") (value "5")
L 12/11/2021 - 23:16:50: [basecommands.smx] "Console<0><Console><Console>" changed cvar (cvar "sv_stats") (value "0")
L 12/11/2021 - 23:16:50: [basecommands.smx] "Console<0><Console><Console>" changed cvar (cvar "sv_clockcorrection_msecs") (value "25")
L 12/11/2021 - 23:16:50: [basecommands.smx] "Console<0><Console><Console>" changed cvar (cvar "tank_swing_physics_prop_force") (value "3")
L 12/12/2021 - 20:54:41: Log file closed.
