L 12/29/2021 - 06:01:22: SourceMod log file session started (file "/home/k26606_s20329/server_20329/left4dead2/addons/sourcemod/logs/L20211229.log") (Version "1.10.0.6494")
L 12/29/2021 - 06:01:22: [fixes/firebulletsfix.smx] Found offset for Weapon_ShootPosition 286
L 12/29/2021 - 06:01:23: [navmesh.smx] Found .NAV file in maps\c1m1_hotel.nav
L 12/29/2021 - 06:01:23: [navmesh.smx] Is mesh analyzed: 1
L 12/29/2021 - 06:01:23: [navmesh.smx] Nav version: 16; SubVersion: 14 (v10+); BSPSize: 32807960; MagicNumber: -17958194
L 12/29/2021 - 06:01:23: [navmesh.smx] Place count: 0
L 12/29/2021 - 06:01:23: [navmesh.smx] Has unnamed areas: true
L 12/29/2021 - 06:01:23: [navmesh.smx] Population type: c1streets
L 12/29/2021 - 06:01:23: [navmesh.smx] Area count: 1582
L 12/29/2021 - 06:01:23: [navmesh.smx] Parsed 1582 areas in 0.017260 seconds.
L 12/29/2021 - 06:01:23: [navmesh.smx] Ladder count: 0
L 12/29/2021 - 06:01:23: [basecommands.smx] "Console<0><Console><Console>" changed cvar (cvar "confogl_match_execcfg_plugins") (value "generalfixes.cfg;confogl_plugins.cfg;sharedplugins.cfg")
L 12/29/2021 - 06:01:23: [basecommands.smx] "Console<0><Console><Console>" changed cvar (cvar "l4d2_addons_eclipse") (value "0")
L 12/29/2021 - 06:01:23: [basecommands.smx] "Console<0><Console><Console>" changed cvar (cvar "sv_allow_wait_command") (value "0")
L 12/29/2021 - 06:01:23: [basecommands.smx] "Console<0><Console><Console>" changed cvar (cvar "sv_minrate") (value "108000")
L 12/29/2021 - 06:01:23: [basecommands.smx] "Console<0><Console><Console>" changed cvar (cvar "sv_maxrate") (value "108000")
L 12/29/2021 - 06:01:23: [basecommands.smx] "Console<0><Console><Console>" changed cvar (cvar "sv_mincmdrate") (value "108")
L 12/29/2021 - 06:01:23: [basecommands.smx] "Console<0><Console><Console>" changed cvar (cvar "sv_maxcmdrate") (value "108")
L 12/29/2021 - 06:01:23: [basecommands.smx] "Console<0><Console><Console>" changed cvar (cvar "sv_minupdaterate") (value "108")
L 12/29/2021 - 06:01:23: [basecommands.smx] "Console<0><Console><Console>" changed cvar (cvar "sv_maxupdaterate") (value "108")
L 12/29/2021 - 06:01:23: [basecommands.smx] "Console<0><Console><Console>" changed cvar (cvar "nb_update_frequency") (value "0.024")
L 12/29/2021 - 06:01:23: [basecommands.smx] "Console<0><Console><Console>" changed cvar (cvar "net_splitpacket_maxrate") (value "54000")
L 12/29/2021 - 06:01:23: [basecommands.smx] "Console<0><Console><Console>" changed cvar (cvar "sv_client_min_interp_ratio") (value "0")
L 12/29/2021 - 06:01:23: [basecommands.smx] "Console<0><Console><Console>" changed cvar (cvar "sv_client_max_interp_ratio") (value "2")
L 12/29/2021 - 06:01:23: [basecommands.smx] "Console<0><Console><Console>" changed cvar (cvar "fps_max") (value "200")
L 12/29/2021 - 06:01:23: [basecommands.smx] "Console<0><Console><Console>" changed cvar (cvar "mv_maxplayers") (value "16")
L 12/29/2021 - 06:01:23: [basecommands.smx] "Console<0><Console><Console>" changed cvar (cvar "sv_maxplayers") (value "16")
L 12/29/2021 - 06:01:23: [basecommands.smx] "Console<0><Console><Console>" changed cvar (cvar "sv_allowdownload") (value "1")
L 12/29/2021 - 06:01:23: [basecommands.smx] "Console<0><Console><Console>" changed cvar (cvar "vs_max_team_switches") (value "9999")
L 12/29/2021 - 06:01:23: [basecommands.smx] "Console<0><Console><Console>" changed cvar (cvar "mp_autoteambalance") (value "0")
L 12/29/2021 - 06:01:23: [basecommands.smx] "Console<0><Console><Console>" changed cvar (cvar "sv_unlag_fixstuck") (value "1")
L 12/29/2021 - 06:01:23: [basecommands.smx] "Console<0><Console><Console>" changed cvar (cvar "z_brawl_chance") (value "0")
L 12/29/2021 - 06:01:23: [basecommands.smx] "Console<0><Console><Console>" changed cvar (cvar "sv_maxunlag") (value "1")
L 12/29/2021 - 06:01:23: [basecommands.smx] "Console<0><Console><Console>" changed cvar (cvar "sv_forcepreload") (value "1")
L 12/29/2021 - 06:01:23: [basecommands.smx] "Console<0><Console><Console>" changed cvar (cvar "sv_client_predict") (value "1")
L 12/29/2021 - 06:01:23: [basecommands.smx] "Console<0><Console><Console>" changed cvar (cvar "sv_client_cmdrate_difference") (value "0")
L 12/29/2021 - 06:01:23: [basecommands.smx] "Console<0><Console><Console>" changed cvar (cvar "sv_max_queries_sec_global") (value "10")
L 12/29/2021 - 06:01:23: [basecommands.smx] "Console<0><Console><Console>" changed cvar (cvar "sv_max_queries_sec") (value "3")
L 12/29/2021 - 06:01:23: [basecommands.smx] "Console<0><Console><Console>" changed cvar (cvar "sv_max_queries_window") (value "10")
L 12/29/2021 - 06:01:23: [basecommands.smx] "Console<0><Console><Console>" changed cvar (cvar "sv_player_stuck_tolerance") (value "5")
L 12/29/2021 - 06:01:23: [basecommands.smx] "Console<0><Console><Console>" changed cvar (cvar "sv_stats") (value "0")
L 12/29/2021 - 06:01:23: [basecommands.smx] "Console<0><Console><Console>" changed cvar (cvar "sv_clockcorrection_msecs") (value "25")
L 12/29/2021 - 06:01:23: [basecommands.smx] "Console<0><Console><Console>" changed cvar (cvar "tank_swing_physics_prop_force") (value "3")
L 12/29/2021 - 06:01:24: [fixes/firebulletsfix.smx] Found offset for Weapon_ShootPosition 286
L 12/29/2021 - 06:01:28: -------- Mapchange to c1m1_hotel --------
L 12/29/2021 - 06:01:28: [basecommands.smx] "Console<0><Console><Console>" changed cvar (cvar "confogl_match_execcfg_plugins") (value "generalfixes.cfg;confogl_plugins.cfg;sharedplugins.cfg")
L 12/29/2021 - 06:01:28: [basecommands.smx] "Console<0><Console><Console>" changed cvar (cvar "l4d2_addons_eclipse") (value "0")
L 12/29/2021 - 06:01:28: [basecommands.smx] "Console<0><Console><Console>" changed cvar (cvar "sv_allow_wait_command") (value "0")
L 12/29/2021 - 06:01:28: [basecommands.smx] "Console<0><Console><Console>" changed cvar (cvar "sv_minrate") (value "108000")
L 12/29/2021 - 06:01:28: [basecommands.smx] "Console<0><Console><Console>" changed cvar (cvar "sv_maxrate") (value "108000")
L 12/29/2021 - 06:01:28: [basecommands.smx] "Console<0><Console><Console>" changed cvar (cvar "sv_mincmdrate") (value "108")
L 12/29/2021 - 06:01:28: [basecommands.smx] "Console<0><Console><Console>" changed cvar (cvar "sv_maxcmdrate") (value "108")
L 12/29/2021 - 06:01:28: [basecommands.smx] "Console<0><Console><Console>" changed cvar (cvar "sv_minupdaterate") (value "108")
L 12/29/2021 - 06:01:28: [basecommands.smx] "Console<0><Console><Console>" changed cvar (cvar "sv_maxupdaterate") (value "108")
L 12/29/2021 - 06:01:28: [basecommands.smx] "Console<0><Console><Console>" changed cvar (cvar "nb_update_frequency") (value "0.024")
L 12/29/2021 - 06:01:28: [basecommands.smx] "Console<0><Console><Console>" changed cvar (cvar "net_splitpacket_maxrate") (value "54000")
L 12/29/2021 - 06:01:28: [basecommands.smx] "Console<0><Console><Console>" changed cvar (cvar "sv_client_min_interp_ratio") (value "0")
L 12/29/2021 - 06:01:28: [basecommands.smx] "Console<0><Console><Console>" changed cvar (cvar "sv_client_max_interp_ratio") (value "2")
L 12/29/2021 - 06:01:28: [basecommands.smx] "Console<0><Console><Console>" changed cvar (cvar "fps_max") (value "200")
L 12/29/2021 - 06:01:28: [basecommands.smx] "Console<0><Console><Console>" changed cvar (cvar "mv_maxplayers") (value "16")
L 12/29/2021 - 06:01:28: [basecommands.smx] "Console<0><Console><Console>" changed cvar (cvar "sv_maxplayers") (value "16")
L 12/29/2021 - 06:01:28: [basecommands.smx] "Console<0><Console><Console>" changed cvar (cvar "sv_allowdownload") (value "1")
L 12/29/2021 - 06:01:28: [basecommands.smx] "Console<0><Console><Console>" changed cvar (cvar "l4d_nth_joininfected") (value "1")
L 12/29/2021 - 06:01:28: [basecommands.smx] "Console<0><Console><Console>" changed cvar (cvar "l4d_nth_joinsurvivors") (value "1")
L 12/29/2021 - 06:01:28: [basecommands.smx] "Console<0><Console><Console>" changed cvar (cvar "l4d_nth_kill") (value "0")
L 12/29/2021 - 06:01:28: [basecommands.smx] "Console<0><Console><Console>" changed cvar (cvar "l4d_nth_spectate") (value "1")
L 12/29/2021 - 06:01:28: [basecommands.smx] "Console<0><Console><Console>" changed cvar (cvar "l4d_nth_message") (value "0")
L 12/29/2021 - 06:01:28: [basecommands.smx] "Console<0><Console><Console>" changed cvar (cvar "l4d_nth_timerrepeat") (value "9999")
L 12/29/2021 - 06:01:28: [basecommands.smx] "Console<0><Console><Console>" changed cvar (cvar "vs_max_team_switches") (value "9999")
L 12/29/2021 - 06:01:28: [basecommands.smx] "Console<0><Console><Console>" changed cvar (cvar "mp_autoteambalance") (value "0")
L 12/29/2021 - 06:01:28: [basecommands.smx] "Console<0><Console><Console>" changed cvar (cvar "sv_unlag_fixstuck") (value "1")
L 12/29/2021 - 06:01:28: [basecommands.smx] "Console<0><Console><Console>" changed cvar (cvar "z_brawl_chance") (value "0")
L 12/29/2021 - 06:01:28: [basecommands.smx] "Console<0><Console><Console>" changed cvar (cvar "sv_maxunlag") (value "1")
L 12/29/2021 - 06:01:28: [basecommands.smx] "Console<0><Console><Console>" changed cvar (cvar "sv_forcepreload") (value "1")
L 12/29/2021 - 06:01:28: [basecommands.smx] "Console<0><Console><Console>" changed cvar (cvar "sv_client_predict") (value "1")
L 12/29/2021 - 06:01:28: [basecommands.smx] "Console<0><Console><Console>" changed cvar (cvar "sv_client_cmdrate_difference") (value "0")
L 12/29/2021 - 06:01:28: [basecommands.smx] "Console<0><Console><Console>" changed cvar (cvar "sv_max_queries_sec_global") (value "10")
L 12/29/2021 - 06:01:28: [basecommands.smx] "Console<0><Console><Console>" changed cvar (cvar "sv_max_queries_sec") (value "3")
L 12/29/2021 - 06:01:28: [basecommands.smx] "Console<0><Console><Console>" changed cvar (cvar "sv_max_queries_window") (value "10")
L 12/29/2021 - 06:01:28: [basecommands.smx] "Console<0><Console><Console>" changed cvar (cvar "sv_player_stuck_tolerance") (value "5")
L 12/29/2021 - 06:01:28: [basecommands.smx] "Console<0><Console><Console>" changed cvar (cvar "sv_stats") (value "0")
L 12/29/2021 - 06:01:28: [basecommands.smx] "Console<0><Console><Console>" changed cvar (cvar "sv_clockcorrection_msecs") (value "25")
L 12/29/2021 - 06:01:28: [basecommands.smx] "Console<0><Console><Console>" changed cvar (cvar "tank_swing_physics_prop_force") (value "3")
L 12/29/2021 - 18:29:15: -------- Mapchange to l4d2_daybreak01_hotel --------
L 12/29/2021 - 18:29:17: [basecommands.smx] "Console<0><Console><Console>" changed cvar (cvar "confogl_match_execcfg_plugins") (value "generalfixes.cfg;confogl_plugins.cfg;sharedplugins.cfg")
L 12/29/2021 - 18:29:17: [basecommands.smx] "Console<0><Console><Console>" changed cvar (cvar "l4d2_addons_eclipse") (value "0")
L 12/29/2021 - 18:29:17: [basecommands.smx] "Console<0><Console><Console>" changed cvar (cvar "sv_allow_wait_command") (value "0")
L 12/29/2021 - 18:29:17: [basecommands.smx] "Console<0><Console><Console>" changed cvar (cvar "sv_minrate") (value "108000")
L 12/29/2021 - 18:29:17: [basecommands.smx] "Console<0><Console><Console>" changed cvar (cvar "sv_maxrate") (value "108000")
L 12/29/2021 - 18:29:17: [basecommands.smx] "Console<0><Console><Console>" changed cvar (cvar "sv_mincmdrate") (value "108")
L 12/29/2021 - 18:29:17: [basecommands.smx] "Console<0><Console><Console>" changed cvar (cvar "sv_maxcmdrate") (value "108")
L 12/29/2021 - 18:29:17: [basecommands.smx] "Console<0><Console><Console>" changed cvar (cvar "sv_minupdaterate") (value "108")
L 12/29/2021 - 18:29:17: [basecommands.smx] "Console<0><Console><Console>" changed cvar (cvar "sv_maxupdaterate") (value "108")
L 12/29/2021 - 18:29:17: [basecommands.smx] "Console<0><Console><Console>" changed cvar (cvar "nb_update_frequency") (value "0.024")
L 12/29/2021 - 18:29:17: [basecommands.smx] "Console<0><Console><Console>" changed cvar (cvar "net_splitpacket_maxrate") (value "54000")
L 12/29/2021 - 18:29:17: [basecommands.smx] "Console<0><Console><Console>" changed cvar (cvar "sv_client_min_interp_ratio") (value "0")
L 12/29/2021 - 18:29:17: [basecommands.smx] "Console<0><Console><Console>" changed cvar (cvar "sv_client_max_interp_ratio") (value "2")
L 12/29/2021 - 18:29:17: [basecommands.smx] "Console<0><Console><Console>" changed cvar (cvar "fps_max") (value "200")
L 12/29/2021 - 18:29:17: [basecommands.smx] "Console<0><Console><Console>" changed cvar (cvar "mv_maxplayers") (value "16")
L 12/29/2021 - 18:29:17: [basecommands.smx] "Console<0><Console><Console>" changed cvar (cvar "sv_maxplayers") (value "16")
L 12/29/2021 - 18:29:17: [basecommands.smx] "Console<0><Console><Console>" changed cvar (cvar "sv_allowdownload") (value "1")
L 12/29/2021 - 18:29:17: [basecommands.smx] "Console<0><Console><Console>" changed cvar (cvar "l4d_nth_joininfected") (value "1")
L 12/29/2021 - 18:29:17: [basecommands.smx] "Console<0><Console><Console>" changed cvar (cvar "l4d_nth_joinsurvivors") (value "1")
L 12/29/2021 - 18:29:17: [basecommands.smx] "Console<0><Console><Console>" changed cvar (cvar "l4d_nth_kill") (value "0")
L 12/29/2021 - 18:29:17: [basecommands.smx] "Console<0><Console><Console>" changed cvar (cvar "l4d_nth_spectate") (value "1")
L 12/29/2021 - 18:29:17: [basecommands.smx] "Console<0><Console><Console>" changed cvar (cvar "l4d_nth_message") (value "0")
L 12/29/2021 - 18:29:17: [basecommands.smx] "Console<0><Console><Console>" changed cvar (cvar "l4d_nth_timerrepeat") (value "9999")
L 12/29/2021 - 18:29:17: [basecommands.smx] "Console<0><Console><Console>" changed cvar (cvar "vs_max_team_switches") (value "9999")
L 12/29/2021 - 18:29:17: [basecommands.smx] "Console<0><Console><Console>" changed cvar (cvar "mp_autoteambalance") (value "0")
L 12/29/2021 - 18:29:17: [basecommands.smx] "Console<0><Console><Console>" changed cvar (cvar "sv_unlag_fixstuck") (value "1")
L 12/29/2021 - 18:29:17: [basecommands.smx] "Console<0><Console><Console>" changed cvar (cvar "z_brawl_chance") (value "0")
L 12/29/2021 - 18:29:17: [basecommands.smx] "Console<0><Console><Console>" changed cvar (cvar "sv_maxunlag") (value "1")
L 12/29/2021 - 18:29:17: [basecommands.smx] "Console<0><Console><Console>" changed cvar (cvar "sv_forcepreload") (value "1")
L 12/29/2021 - 18:29:17: [basecommands.smx] "Console<0><Console><Console>" changed cvar (cvar "sv_client_predict") (value "1")
L 12/29/2021 - 18:29:17: [basecommands.smx] "Console<0><Console><Console>" changed cvar (cvar "sv_client_cmdrate_difference") (value "0")
L 12/29/2021 - 18:29:17: [basecommands.smx] "Console<0><Console><Console>" changed cvar (cvar "sv_max_queries_sec_global") (value "10")
L 12/29/2021 - 18:29:17: [basecommands.smx] "Console<0><Console><Console>" changed cvar (cvar "sv_max_queries_sec") (value "3")
L 12/29/2021 - 18:29:17: [basecommands.smx] "Console<0><Console><Console>" changed cvar (cvar "sv_max_queries_window") (value "10")
L 12/29/2021 - 18:29:17: [basecommands.smx] "Console<0><Console><Console>" changed cvar (cvar "sv_player_stuck_tolerance") (value "5")
L 12/29/2021 - 18:29:17: [basecommands.smx] "Console<0><Console><Console>" changed cvar (cvar "sv_stats") (value "0")
L 12/29/2021 - 18:29:17: [basecommands.smx] "Console<0><Console><Console>" changed cvar (cvar "sv_clockcorrection_msecs") (value "25")
L 12/29/2021 - 18:29:17: [basecommands.smx] "Console<0><Console><Console>" changed cvar (cvar "tank_swing_physics_prop_force") (value "3")
L 12/29/2021 - 18:44:04: [optional/kether/l4d2_skill_detect.smx] Clear: 7 freed 6 from 5: time: 8.07 / -1.00 -- class: jockey (with shove? 0)
L 12/29/2021 - 18:44:05: [optional/kether/l4d2_skill_detect.smx] Clear: 2 freed 3 from 4: time: 4.65 / -1.00 -- class: hunter (with shove? 1)
L 12/29/2021 - 18:44:11: [optional/kether/l4d2_skill_detect.smx] Clear: 6 freed 2 from 4: time: 1.55 / -1.00 -- class: hunter (with shove? 0)
L 12/29/2021 - 18:44:51: [optional/kether/l4d2_skill_detect.smx] Clear: 2 freed 3 from 5: time: -1.00 / 1.31 -- class: smoker (with shove? 0)
L 12/29/2021 - 18:45:32: [optional/kether/l4d2_skill_detect.smx] Clear: 6 freed 3 from 4: time: 3.00 / -1.00 -- class: jockey (with shove? 0)
L 12/29/2021 - 18:46:07: [optional/kether/l4d2_skill_detect.smx] Clear: 2 freed 2 from 5: time: -1.00 / 0.30 -- class: smoker (with shove? 1)
L 12/29/2021 - 18:46:09: [optional/kether/l4d2_skill_detect.smx] Charge carry start: 8 - 3 -- time: 1012.62
L 12/29/2021 - 18:46:10: [optional/kether/l4d2_skill_detect.smx] Clear: 7 freed 6 from 4: time: 1.78 / -1.00 -- class: hunter (with shove? 0)
L 12/29/2021 - 18:46:13: [optional/kether/l4d2_skill_detect.smx] Checking charge victim: 8 - 3 - flags: 1 (alive? 1)
L 12/29/2021 - 18:46:14: [optional/kether/l4d2_skill_detect.smx] Clear: 2 freed 3 from 8: time: 3.05 / 4.60 -- class: charger (with shove? 0)
L 12/29/2021 - 18:46:53: [optional/kether/l4d2_skill_detect.smx] Clear: 6 freed 2 from 8: time: 1.59 / -1.00 -- class: hunter (with shove? 0)
L 12/29/2021 - 18:47:02: [optional/kether/l4d2_skill_detect.smx] Clear: 6 freed 2 from 1: time: 1.09 / -1.00 -- class: jockey (with shove? 1)
L 12/29/2021 - 18:48:05: [optional/kether/l4d2_skill_detect.smx] Clear: 2 freed 3 from 4: time: 1.81 / -1.00 -- class: hunter (with shove? 0)
L 12/29/2021 - 18:48:09: [optional/kether/l4d2_skill_detect.smx] Clear: 6 freed 7 from 5: time: 0.80 / -1.00 -- class: jockey (with shove? 0)
L 12/29/2021 - 18:48:12: [optional/kether/l4d2_skill_detect.smx] Clear: 3 freed 2 from 8: time: 4.02 / 5.93 -- class: smoker (with shove? 0)
L 12/29/2021 - 18:50:33: [optional/kether/l4d2_skill_detect.smx] Clear: 5 freed 1 from 2: time: 1.27 / -1.00 -- class: hunter (with shove? 0)
L 12/29/2021 - 18:50:34: [optional/kether/l4d2_skill_detect.smx] Charge carry start: 7 - 8 -- time: 1277.50
L 12/29/2021 - 18:50:38: [optional/kether/l4d2_skill_detect.smx] Checking charge victim: 7 - 8 - flags: 1 (alive? 1)
L 12/29/2021 - 18:50:43: [optional/kether/l4d2_skill_detect.smx] Clear: 1 freed 8 from 7: time: 6.20 / 8.23 -- class: charger (with shove? 0)
L 12/29/2021 - 18:50:48: [optional/kether/l4d2_skill_detect.smx] Clear: 5 freed 4 from 6: time: 2.07 / -1.00 -- class: jockey (with shove? 0)
L 12/29/2021 - 18:51:29: [optional/kether/l4d2_skill_detect.smx] Clear: 1 freed 8 from 7: time: 1.26 / -1.00 -- class: hunter (with shove? 0)
L 12/29/2021 - 18:52:20: [optional/kether/l4d2_skill_detect.smx] Clear: 1 freed 8 from 2: time: 3.62 / -1.00 -- class: hunter (with shove? 0)
L 12/29/2021 - 18:52:22: [optional/kether/l4d2_skill_detect.smx] Clear: 5 freed 4 from 7: time: 3.67 / -1.00 -- class: jockey (with shove? 0)
L 12/29/2021 - 18:52:29: [optional/kether/l4d2_skill_detect.smx] Charge carry start: 6 - 5 -- time: 1392.60
L 12/29/2021 - 18:52:31: [optional/kether/l4d2_skill_detect.smx] Clear: 4 freed 5 from 6: time: 0.23 / 1.11 -- class: charger (with shove? 0)
L 12/29/2021 - 18:52:32: [optional/kether/l4d2_skill_detect.smx] Checking charge victim: 6 - 5 - flags: 1 (alive? 1)
L 12/29/2021 - 18:53:19: [optional/kether/l4d2_skill_detect.smx] Clear: 8 freed 1 from 6: time: 2.45 / -1.00 -- class: hunter (with shove? 0)
L 12/29/2021 - 18:53:22: [optional/kether/l4d2_skill_detect.smx] Clear: 5 freed 4 from 7: time: 7.49 / 13.31 -- class: smoker (with shove? 1)
L 12/29/2021 - 18:54:36: [optional/kether/l4d2_skill_detect.smx] Clear: 4 freed 8 from 6: time: 1.78 / -1.00 -- class: hunter (with shove? 0)
L 12/29/2021 - 18:54:39: [optional/kether/l4d2_skill_detect.smx] Clear: 1 freed 8 from 2: time: -1.00 / 1.62 -- class: smoker (with shove? 1)
L 12/29/2021 - 18:54:55: [optional/kether/l4d2_skill_detect.smx] Clear: 1 freed 5 from 2: time: 0.02 / 2.20 -- class: smoker (with shove? 0)
L 12/29/2021 - 18:55:04: [optional/kether/l4d2_skill_detect.smx] Charge carry start: 3 - 1 -- time: 1546.69
L 12/29/2021 - 18:55:05: [optional/kether/l4d2_skill_detect.smx] Clear: 8 freed 1 from 3: time: 0.00 / 1.12 -- class: charger (with shove? 0)
L 12/29/2021 - 18:55:07: [optional/kether/l4d2_skill_detect.smx] Checking charge victim: 3 - 1 - flags: 1 (alive? 1)
L 12/29/2021 - 18:55:13: [optional/kether/l4d2_skill_detect.smx] Clear: 1 freed 4 from 6: time: 3.07 / -1.00 -- class: jockey (with shove? 0)
L 12/29/2021 - 18:56:11: -------- Mapchange to l4d2_daybreak02_coastline --------
L 12/29/2021 - 18:56:14: [basecommands.smx] "Console<0><Console><Console>" changed cvar (cvar "confogl_match_execcfg_plugins") (value "generalfixes.cfg;confogl_plugins.cfg;sharedplugins.cfg")
L 12/29/2021 - 18:56:14: [basecommands.smx] "Console<0><Console><Console>" changed cvar (cvar "l4d2_addons_eclipse") (value "0")
L 12/29/2021 - 18:56:14: [basecommands.smx] "Console<0><Console><Console>" changed cvar (cvar "sv_allow_wait_command") (value "0")
L 12/29/2021 - 18:56:14: [basecommands.smx] "Console<0><Console><Console>" changed cvar (cvar "sv_minrate") (value "108000")
L 12/29/2021 - 18:56:14: [basecommands.smx] "Console<0><Console><Console>" changed cvar (cvar "sv_maxrate") (value "108000")
L 12/29/2021 - 18:56:14: [basecommands.smx] "Console<0><Console><Console>" changed cvar (cvar "sv_mincmdrate") (value "108")
L 12/29/2021 - 18:56:14: [basecommands.smx] "Console<0><Console><Console>" changed cvar (cvar "sv_maxcmdrate") (value "108")
L 12/29/2021 - 18:56:14: [basecommands.smx] "Console<0><Console><Console>" changed cvar (cvar "sv_minupdaterate") (value "108")
L 12/29/2021 - 18:56:14: [basecommands.smx] "Console<0><Console><Console>" changed cvar (cvar "sv_maxupdaterate") (value "108")
L 12/29/2021 - 18:56:14: [basecommands.smx] "Console<0><Console><Console>" changed cvar (cvar "nb_update_frequency") (value "0.024")
L 12/29/2021 - 18:56:14: [basecommands.smx] "Console<0><Console><Console>" changed cvar (cvar "net_splitpacket_maxrate") (value "54000")
L 12/29/2021 - 18:56:14: [basecommands.smx] "Console<0><Console><Console>" changed cvar (cvar "sv_client_min_interp_ratio") (value "0")
L 12/29/2021 - 18:56:14: [basecommands.smx] "Console<0><Console><Console>" changed cvar (cvar "sv_client_max_interp_ratio") (value "2")
L 12/29/2021 - 18:56:14: [basecommands.smx] "Console<0><Console><Console>" changed cvar (cvar "fps_max") (value "200")
L 12/29/2021 - 18:56:14: [basecommands.smx] "Console<0><Console><Console>" changed cvar (cvar "mv_maxplayers") (value "16")
L 12/29/2021 - 18:56:14: [basecommands.smx] "Console<0><Console><Console>" changed cvar (cvar "sv_maxplayers") (value "16")
L 12/29/2021 - 18:56:14: [basecommands.smx] "Console<0><Console><Console>" changed cvar (cvar "sv_allowdownload") (value "1")
L 12/29/2021 - 18:56:14: [basecommands.smx] "Console<0><Console><Console>" changed cvar (cvar "l4d_nth_joininfected") (value "1")
L 12/29/2021 - 18:56:14: [basecommands.smx] "Console<0><Console><Console>" changed cvar (cvar "l4d_nth_joinsurvivors") (value "1")
L 12/29/2021 - 18:56:14: [basecommands.smx] "Console<0><Console><Console>" changed cvar (cvar "l4d_nth_kill") (value "0")
L 12/29/2021 - 18:56:14: [basecommands.smx] "Console<0><Console><Console>" changed cvar (cvar "l4d_nth_spectate") (value "1")
L 12/29/2021 - 18:56:14: [basecommands.smx] "Console<0><Console><Console>" changed cvar (cvar "l4d_nth_message") (value "0")
L 12/29/2021 - 18:56:14: [basecommands.smx] "Console<0><Console><Console>" changed cvar (cvar "l4d_nth_timerrepeat") (value "9999")
L 12/29/2021 - 18:56:14: [basecommands.smx] "Console<0><Console><Console>" changed cvar (cvar "vs_max_team_switches") (value "9999")
L 12/29/2021 - 18:56:14: [basecommands.smx] "Console<0><Console><Console>" changed cvar (cvar "mp_autoteambalance") (value "0")
L 12/29/2021 - 18:56:14: [basecommands.smx] "Console<0><Console><Console>" changed cvar (cvar "sv_unlag_fixstuck") (value "1")
L 12/29/2021 - 18:56:14: [basecommands.smx] "Console<0><Console><Console>" changed cvar (cvar "z_brawl_chance") (value "0")
L 12/29/2021 - 18:56:14: [basecommands.smx] "Console<0><Console><Console>" changed cvar (cvar "sv_maxunlag") (value "1")
L 12/29/2021 - 18:56:14: [basecommands.smx] "Console<0><Console><Console>" changed cvar (cvar "sv_forcepreload") (value "1")
L 12/29/2021 - 18:56:14: [basecommands.smx] "Console<0><Console><Console>" changed cvar (cvar "sv_client_predict") (value "1")
L 12/29/2021 - 18:56:14: [basecommands.smx] "Console<0><Console><Console>" changed cvar (cvar "sv_client_cmdrate_difference") (value "0")
L 12/29/2021 - 18:56:14: [basecommands.smx] "Console<0><Console><Console>" changed cvar (cvar "sv_max_queries_sec_global") (value "10")
L 12/29/2021 - 18:56:14: [basecommands.smx] "Console<0><Console><Console>" changed cvar (cvar "sv_max_queries_sec") (value "3")
L 12/29/2021 - 18:56:14: [basecommands.smx] "Console<0><Console><Console>" changed cvar (cvar "sv_max_queries_window") (value "10")
L 12/29/2021 - 18:56:14: [basecommands.smx] "Console<0><Console><Console>" changed cvar (cvar "sv_player_stuck_tolerance") (value "5")
L 12/29/2021 - 18:56:14: [basecommands.smx] "Console<0><Console><Console>" changed cvar (cvar "sv_stats") (value "0")
L 12/29/2021 - 18:56:14: [basecommands.smx] "Console<0><Console><Console>" changed cvar (cvar "sv_clockcorrection_msecs") (value "25")
L 12/29/2021 - 18:56:14: [basecommands.smx] "Console<0><Console><Console>" changed cvar (cvar "tank_swing_physics_prop_force") (value "3")
L 12/29/2021 - 18:57:53: [optional/kether/l4d2_skill_detect.smx] Clear: 6 freed 7 from 4: time: 0.98 / -1.00 -- class: hunter (with shove? 0)
L 12/29/2021 - 18:58:35: [optional/kether/l4d2_skill_detect.smx] Clear: 7 freed 3 from 1: time: 0.91 / -1.00 -- class: jockey (with shove? 0)
L 12/29/2021 - 18:59:00: [optional/kether/l4d2_skill_detect.smx] Clear: 3 freed 7 from 8: time: -1.00 / 2.40 -- class: smoker (with shove? 0)
L 12/29/2021 - 18:59:14: [optional/kether/l4d2_skill_detect.smx] Clear: 2 freed 2 from 8: time: -1.00 / 0.01 -- class: smoker (with shove? 0)
L 12/29/2021 - 18:59:14: [optional/kether/l4d2_skill_detect.smx] Clear: 2 freed 7 from 1: time: 1.56 / -1.00 -- class: hunter (with shove? 0)
L 12/29/2021 - 18:59:38: [optional/kether/l4d2_skill_detect.smx] Charge carry start: 4 - 2 -- time: 204.72
L 12/29/2021 - 18:59:39: [optional/kether/l4d2_skill_detect.smx] Clear: 3 freed 6 from 8: time: -1.00 / 1.49 -- class: smoker (with shove? 1)
L 12/29/2021 - 18:59:41: [optional/kether/l4d2_skill_detect.smx] Clear: 3 freed 2 from 4: time: 1.52 / 2.90 -- class: charger (with shove? 0)
L 12/29/2021 - 18:59:41: [optional/kether/l4d2_skill_detect.smx] Checking charge victim: 4 - 2 - flags: 1 (alive? 1)
L 12/29/2021 - 19:00:03: [optional/kether/l4d2_skill_detect.smx] Clear: 7 freed 2 from 1: time: 0.58 / -1.00 -- class: jockey (with shove? 0)
L 12/29/2021 - 19:00:33: [optional/kether/l4d2_skill_detect.smx] Charge carry start: 5 - 7 -- time: 260.30
L 12/29/2021 - 19:00:36: [optional/kether/l4d2_skill_detect.smx] Clear: 6 freed 2 from 4: time: 1.18 / -1.00 -- class: hunter (with shove? 0)
L 12/29/2021 - 19:00:38: [optional/kether/l4d2_skill_detect.smx] Checking charge victim: 5 - 7 - flags: 1 (alive? 1)
L 12/29/2021 - 19:00:44: [optional/kether/l4d2_skill_detect.smx] Clear: 6 freed 7 from 5: time: 7.41 / 10.40 -- class: charger (with shove? 0)
L 12/29/2021 - 19:02:50: [optional/kether/l4d2_skill_detect.smx] Clear: 5 freed 8 from 3: time: -1.00 / 1.53 -- class: smoker (with shove? 0)
L 12/29/2021 - 19:02:52: [optional/kether/l4d2_skill_detect.smx] Clear: 4 freed 1 from 7: time: 1.41 / -1.00 -- class: hunter (with shove? 0)
L 12/29/2021 - 19:02:57: [optional/kether/l4d2_skill_detect.smx] Clear: 4 freed 8 from 2: time: 1.46 / 404.14 -- class: charger (with shove? 0)
L 12/29/2021 - 19:03:32: [optional/kether/l4d2_skill_detect.smx] Clear: 8 freed 1 from 2: time: 1.07 / -1.00 -- class: hunter (with shove? 0)
L 12/29/2021 - 19:04:38: [optional/kether/l4d2_skill_detect.smx] Charge carry start: 2 - 5 -- time: 495.99
L 12/29/2021 - 19:04:41: [optional/kether/l4d2_skill_detect.smx] Checking charge victim: 2 - 5 - flags: 1 (alive? 1)
L 12/29/2021 - 19:04:43: [optional/kether/l4d2_skill_detect.smx] Clear: 8 freed 5 from 2: time: 3.80 / 4.81 -- class: charger (with shove? 0)
L 12/29/2021 - 19:05:01: [optional/kether/l4d2_skill_detect.smx] Clear: 4 freed 5 from 3: time: -1.00 / 1.57 -- class: smoker (with shove? 0)
L 12/29/2021 - 19:06:01: [optional/kether/l4d2_skill_detect.smx] Charge carry start: 7 - 1 -- time: 578.40
L 12/29/2021 - 19:06:03: [optional/kether/l4d2_skill_detect.smx] Clear: 4 freed 1 from 7: time: 0.39 / 2.12 -- class: charger (with shove? 0)
L 12/29/2021 - 19:06:04: [optional/kether/l4d2_skill_detect.smx] Checking charge victim: 7 - 1 - flags: 1 (alive? 1)
L 12/29/2021 - 19:06:42: [optional/kether/l4d2_skill_detect.smx] Clear: 4 freed 1 from 3: time: 0.97 / -1.00 -- class: jockey (with shove? 1)
L 12/29/2021 - 19:06:46: [optional/kether/l4d2_skill_detect.smx] Clear: 4 freed 1 from 7: time: -1.00 / 1.43 -- class: smoker (with shove? 1)
L 12/29/2021 - 19:06:53: [optional/kether/l4d2_skill_detect.smx] Clear: 4 freed 5 from 2: time: 0.87 / -1.00 -- class: hunter (with shove? 0)
L 12/29/2021 - 19:07:36: [optional/kether/l4d2_skill_detect.smx] Clear: 4 freed 1 from 2: time: 3.28 / -1.00 -- class: jockey (with shove? 0)
L 12/29/2021 - 19:08:08: [optional/kether/l4d2_skill_detect.smx] Clear: 1 freed 4 from 2: time: 1.08 / -1.00 -- class: hunter (with shove? 0)
L 12/29/2021 - 19:08:11: [optional/kether/l4d2_skill_detect.smx] Charge carry start: 7 - 4 -- time: 708.51
L 12/29/2021 - 19:08:13: [optional/kether/l4d2_skill_detect.smx] Clear: 1 freed 4 from 7: time: 0.87 / 2.16 -- class: charger (with shove? 0)
L 12/29/2021 - 19:08:14: [optional/kether/l4d2_skill_detect.smx] Checking charge victim: 7 - 4 - flags: 1 (alive? 1)
L 12/29/2021 - 19:08:17: [optional/kether/l4d2_skill_detect.smx] Clear: 4 freed 1 from 3: time: 0.38 / 3.30 -- class: smoker (with shove? 1)
L 12/29/2021 - 19:08:56: [optional/kether/l4d2_skill_detect.smx] Clear: 0 freed 4 from 2: time: 5.97 / -1.00 -- class: jockey (with shove? 0)
L 12/29/2021 - 19:08:57: [optional/kether/l4d2_skill_detect.smx] Clear: 5 freed 1 from 7: time: 3.50 / -1.00 -- class: hunter (with shove? 0)
L 12/29/2021 - 19:09:44: [optional/kether/l4d2_skill_detect.smx] Clear: 1 freed 4 from 2: time: 1.67 / 801.31 -- class: charger (with shove? 0)
L 12/29/2021 - 19:10:09: -------- Mapchange to l4d2_daybreak03_bridge --------
L 12/29/2021 - 19:10:11: [basecommands.smx] "Console<0><Console><Console>" changed cvar (cvar "confogl_match_execcfg_plugins") (value "generalfixes.cfg;confogl_plugins.cfg;sharedplugins.cfg")
L 12/29/2021 - 19:10:11: [basecommands.smx] "Console<0><Console><Console>" changed cvar (cvar "l4d2_addons_eclipse") (value "0")
L 12/29/2021 - 19:10:11: [basecommands.smx] "Console<0><Console><Console>" changed cvar (cvar "sv_allow_wait_command") (value "0")
L 12/29/2021 - 19:10:11: [basecommands.smx] "Console<0><Console><Console>" changed cvar (cvar "sv_minrate") (value "108000")
L 12/29/2021 - 19:10:11: [basecommands.smx] "Console<0><Console><Console>" changed cvar (cvar "sv_maxrate") (value "108000")
L 12/29/2021 - 19:10:11: [basecommands.smx] "Console<0><Console><Console>" changed cvar (cvar "sv_mincmdrate") (value "108")
L 12/29/2021 - 19:10:11: [basecommands.smx] "Console<0><Console><Console>" changed cvar (cvar "sv_maxcmdrate") (value "108")
L 12/29/2021 - 19:10:11: [basecommands.smx] "Console<0><Console><Console>" changed cvar (cvar "sv_minupdaterate") (value "108")
L 12/29/2021 - 19:10:11: [basecommands.smx] "Console<0><Console><Console>" changed cvar (cvar "sv_maxupdaterate") (value "108")
L 12/29/2021 - 19:10:11: [basecommands.smx] "Console<0><Console><Console>" changed cvar (cvar "nb_update_frequency") (value "0.024")
L 12/29/2021 - 19:10:11: [basecommands.smx] "Console<0><Console><Console>" changed cvar (cvar "net_splitpacket_maxrate") (value "54000")
L 12/29/2021 - 19:10:11: [basecommands.smx] "Console<0><Console><Console>" changed cvar (cvar "sv_client_min_interp_ratio") (value "0")
L 12/29/2021 - 19:10:11: [basecommands.smx] "Console<0><Console><Console>" changed cvar (cvar "sv_client_max_interp_ratio") (value "2")
L 12/29/2021 - 19:10:11: [basecommands.smx] "Console<0><Console><Console>" changed cvar (cvar "fps_max") (value "200")
L 12/29/2021 - 19:10:11: [basecommands.smx] "Console<0><Console><Console>" changed cvar (cvar "mv_maxplayers") (value "16")
L 12/29/2021 - 19:10:11: [basecommands.smx] "Console<0><Console><Console>" changed cvar (cvar "sv_maxplayers") (value "16")
L 12/29/2021 - 19:10:11: [basecommands.smx] "Console<0><Console><Console>" changed cvar (cvar "sv_allowdownload") (value "1")
L 12/29/2021 - 19:10:11: [basecommands.smx] "Console<0><Console><Console>" changed cvar (cvar "l4d_nth_joininfected") (value "1")
L 12/29/2021 - 19:10:11: [basecommands.smx] "Console<0><Console><Console>" changed cvar (cvar "l4d_nth_joinsurvivors") (value "1")
L 12/29/2021 - 19:10:11: [basecommands.smx] "Console<0><Console><Console>" changed cvar (cvar "l4d_nth_kill") (value "0")
L 12/29/2021 - 19:10:11: [basecommands.smx] "Console<0><Console><Console>" changed cvar (cvar "l4d_nth_spectate") (value "1")
L 12/29/2021 - 19:10:11: [basecommands.smx] "Console<0><Console><Console>" changed cvar (cvar "l4d_nth_message") (value "0")
L 12/29/2021 - 19:10:11: [basecommands.smx] "Console<0><Console><Console>" changed cvar (cvar "l4d_nth_timerrepeat") (value "9999")
L 12/29/2021 - 19:10:11: [basecommands.smx] "Console<0><Console><Console>" changed cvar (cvar "vs_max_team_switches") (value "9999")
L 12/29/2021 - 19:10:11: [basecommands.smx] "Console<0><Console><Console>" changed cvar (cvar "mp_autoteambalance") (value "0")
L 12/29/2021 - 19:10:11: [basecommands.smx] "Console<0><Console><Console>" changed cvar (cvar "sv_unlag_fixstuck") (value "1")
L 12/29/2021 - 19:10:11: [basecommands.smx] "Console<0><Console><Console>" changed cvar (cvar "z_brawl_chance") (value "0")
L 12/29/2021 - 19:10:11: [basecommands.smx] "Console<0><Console><Console>" changed cvar (cvar "sv_maxunlag") (value "1")
L 12/29/2021 - 19:10:11: [basecommands.smx] "Console<0><Console><Console>" changed cvar (cvar "sv_forcepreload") (value "1")
L 12/29/2021 - 19:10:11: [basecommands.smx] "Console<0><Console><Console>" changed cvar (cvar "sv_client_predict") (value "1")
L 12/29/2021 - 19:10:11: [basecommands.smx] "Console<0><Console><Console>" changed cvar (cvar "sv_client_cmdrate_difference") (value "0")
L 12/29/2021 - 19:10:11: [basecommands.smx] "Console<0><Console><Console>" changed cvar (cvar "sv_max_queries_sec_global") (value "10")
L 12/29/2021 - 19:10:11: [basecommands.smx] "Console<0><Console><Console>" changed cvar (cvar "sv_max_queries_sec") (value "3")
L 12/29/2021 - 19:10:11: [basecommands.smx] "Console<0><Console><Console>" changed cvar (cvar "sv_max_queries_window") (value "10")
L 12/29/2021 - 19:10:11: [basecommands.smx] "Console<0><Console><Console>" changed cvar (cvar "sv_player_stuck_tolerance") (value "5")
L 12/29/2021 - 19:10:11: [basecommands.smx] "Console<0><Console><Console>" changed cvar (cvar "sv_stats") (value "0")
L 12/29/2021 - 19:10:11: [basecommands.smx] "Console<0><Console><Console>" changed cvar (cvar "sv_clockcorrection_msecs") (value "25")
L 12/29/2021 - 19:10:11: [basecommands.smx] "Console<0><Console><Console>" changed cvar (cvar "tank_swing_physics_prop_force") (value "3")
L 12/29/2021 - 19:12:19: [optional/kether/l4d2_skill_detect.smx] Clear: 1 freed 5 from 7: time: 4.16 / -1.00 -- class: jockey (with shove? 1)
L 12/29/2021 - 19:12:20: [optional/kether/l4d2_skill_detect.smx] Charge carry start: 2 - 4 -- time: 129.62
L 12/29/2021 - 19:12:25: [optional/kether/l4d2_skill_detect.smx] Checking charge victim: 2 - 4 - flags: 1 (alive? 1)
L 12/29/2021 - 19:12:26: [optional/kether/l4d2_skill_detect.smx] Clear: 5 freed 4 from 2: time: 2.77 / 6.26 -- class: charger (with shove? 0)
L 12/29/2021 - 19:12:57: [optional/kether/l4d2_skill_detect.smx] Clear: 8 freed 4 from 3: time: 1.41 / -1.00 -- class: hunter (with shove? 0)
L 12/29/2021 - 19:15:03: [optional/kether/l4d2_skill_detect.smx] Charge carry start: 7 - 5 -- time: 293.46
L 12/29/2021 - 19:15:04: [optional/kether/l4d2_skill_detect.smx] Clear: 8 freed 5 from 7: time: 0.00 / 0.52 -- class: charger (with shove? 0)
L 12/29/2021 - 19:15:07: [optional/kether/l4d2_skill_detect.smx] Checking charge victim: 7 - 5 - flags: 1 (alive? 1)
L 12/29/2021 - 19:15:29: [optional/kether/l4d2_skill_detect.smx] Clear: 5 freed 8 from 6: time: -1.00 / 1.12 -- class: smoker (with shove? 0)
L 12/29/2021 - 19:16:26: [optional/kether/l4d2_skill_detect.smx] Charge carry start: 7 - 5 -- time: 376.50
L 12/29/2021 - 19:16:27: [optional/kether/l4d2_skill_detect.smx] Clear: 8 freed 5 from 7: time: 0.00 / 0.54 -- class: charger (with shove? 0)
L 12/29/2021 - 19:16:30: [optional/kether/l4d2_skill_detect.smx] Checking charge victim: 7 - 5 - flags: 1 (alive? 1)
L 12/29/2021 - 19:17:07: [optional/kether/l4d2_skill_detect.smx] Clear: 8 freed 5 from 3: time: 3.68 / -1.00 -- class: jockey (with shove? 0)
L 12/29/2021 - 19:17:50: [optional/kether/l4d2_skill_detect.smx] Clear: 5 freed 8 from 6: time: 2.12 / -1.00 -- class: hunter (with shove? 0)
L 12/29/2021 - 19:19:55: [optional/kether/l4d2_skill_detect.smx] Clear: 7 freed 2 from 5: time: -1.00 / 1.08 -- class: smoker (with shove? 0)
L 12/29/2021 - 19:19:57: [optional/kether/l4d2_skill_detect.smx] Clear: 6 freed 7 from 8: time: 1.22 / -1.00 -- class: hunter (with shove? 0)
L 12/29/2021 - 19:20:01: [optional/kether/l4d2_skill_detect.smx] Clear: 7 freed 3 from 1: time: 1.76 / -1.00 -- class: jockey (with shove? 0)
L 12/29/2021 - 19:20:38: [optional/kether/l4d2_skill_detect.smx] Clear: 6 freed 2 from 8: time: -1.00 / 1.00 -- class: smoker (with shove? 1)
L 12/29/2021 - 19:21:43: [optional/kether/l4d2_skill_detect.smx] Clear: 7 freed 3 from 8: time: -1.00 / 1.39 -- class: smoker (with shove? 0)
L 12/29/2021 - 19:21:45: [optional/kether/l4d2_skill_detect.smx] Clear: 2 freed 7 from 1: time: 0.71 / -1.00 -- class: jockey (with shove? 1)
L 12/29/2021 - 19:21:45: [optional/kether/l4d2_skill_detect.smx] Clear: 6 freed 3 from 4: time: 1.22 / -1.00 -- class: hunter (with shove? 0)
L 12/29/2021 - 19:21:59: [optional/kether/l4d2_skill_detect.smx] Clear: 2 freed 3 from 8: time: -1.00 / 1.31 -- class: smoker (with shove? 0)
L 12/29/2021 - 19:23:11: -------- Mapchange to l4d2_daybreak04_cruise --------
L 12/29/2021 - 19:23:13: [basecommands.smx] "Console<0><Console><Console>" changed cvar (cvar "confogl_match_execcfg_plugins") (value "generalfixes.cfg;confogl_plugins.cfg;sharedplugins.cfg")
L 12/29/2021 - 19:23:13: [basecommands.smx] "Console<0><Console><Console>" changed cvar (cvar "l4d2_addons_eclipse") (value "0")
L 12/29/2021 - 19:23:13: [basecommands.smx] "Console<0><Console><Console>" changed cvar (cvar "sv_allow_wait_command") (value "0")
L 12/29/2021 - 19:23:13: [basecommands.smx] "Console<0><Console><Console>" changed cvar (cvar "sv_minrate") (value "108000")
L 12/29/2021 - 19:23:13: [basecommands.smx] "Console<0><Console><Console>" changed cvar (cvar "sv_maxrate") (value "108000")
L 12/29/2021 - 19:23:13: [basecommands.smx] "Console<0><Console><Console>" changed cvar (cvar "sv_mincmdrate") (value "108")
L 12/29/2021 - 19:23:13: [basecommands.smx] "Console<0><Console><Console>" changed cvar (cvar "sv_maxcmdrate") (value "108")
L 12/29/2021 - 19:23:13: [basecommands.smx] "Console<0><Console><Console>" changed cvar (cvar "sv_minupdaterate") (value "108")
L 12/29/2021 - 19:23:13: [basecommands.smx] "Console<0><Console><Console>" changed cvar (cvar "sv_maxupdaterate") (value "108")
L 12/29/2021 - 19:23:13: [basecommands.smx] "Console<0><Console><Console>" changed cvar (cvar "nb_update_frequency") (value "0.024")
L 12/29/2021 - 19:23:13: [basecommands.smx] "Console<0><Console><Console>" changed cvar (cvar "net_splitpacket_maxrate") (value "54000")
L 12/29/2021 - 19:23:13: [basecommands.smx] "Console<0><Console><Console>" changed cvar (cvar "sv_client_min_interp_ratio") (value "0")
L 12/29/2021 - 19:23:13: [basecommands.smx] "Console<0><Console><Console>" changed cvar (cvar "sv_client_max_interp_ratio") (value "2")
L 12/29/2021 - 19:23:13: [basecommands.smx] "Console<0><Console><Console>" changed cvar (cvar "fps_max") (value "200")
L 12/29/2021 - 19:23:13: [basecommands.smx] "Console<0><Console><Console>" changed cvar (cvar "mv_maxplayers") (value "16")
L 12/29/2021 - 19:23:13: [basecommands.smx] "Console<0><Console><Console>" changed cvar (cvar "sv_maxplayers") (value "16")
L 12/29/2021 - 19:23:13: [basecommands.smx] "Console<0><Console><Console>" changed cvar (cvar "sv_allowdownload") (value "1")
L 12/29/2021 - 19:23:13: [basecommands.smx] "Console<0><Console><Console>" changed cvar (cvar "l4d_nth_joininfected") (value "1")
L 12/29/2021 - 19:23:13: [basecommands.smx] "Console<0><Console><Console>" changed cvar (cvar "l4d_nth_joinsurvivors") (value "1")
L 12/29/2021 - 19:23:13: [basecommands.smx] "Console<0><Console><Console>" changed cvar (cvar "l4d_nth_kill") (value "0")
L 12/29/2021 - 19:23:13: [basecommands.smx] "Console<0><Console><Console>" changed cvar (cvar "l4d_nth_spectate") (value "1")
L 12/29/2021 - 19:23:13: [basecommands.smx] "Console<0><Console><Console>" changed cvar (cvar "l4d_nth_message") (value "0")
L 12/29/2021 - 19:23:13: [basecommands.smx] "Console<0><Console><Console>" changed cvar (cvar "l4d_nth_timerrepeat") (value "9999")
L 12/29/2021 - 19:23:13: [basecommands.smx] "Console<0><Console><Console>" changed cvar (cvar "vs_max_team_switches") (value "9999")
L 12/29/2021 - 19:23:13: [basecommands.smx] "Console<0><Console><Console>" changed cvar (cvar "mp_autoteambalance") (value "0")
L 12/29/2021 - 19:23:13: [basecommands.smx] "Console<0><Console><Console>" changed cvar (cvar "sv_unlag_fixstuck") (value "1")
L 12/29/2021 - 19:23:13: [basecommands.smx] "Console<0><Console><Console>" changed cvar (cvar "z_brawl_chance") (value "0")
L 12/29/2021 - 19:23:13: [basecommands.smx] "Console<0><Console><Console>" changed cvar (cvar "sv_maxunlag") (value "1")
L 12/29/2021 - 19:23:13: [basecommands.smx] "Console<0><Console><Console>" changed cvar (cvar "sv_forcepreload") (value "1")
L 12/29/2021 - 19:23:13: [basecommands.smx] "Console<0><Console><Console>" changed cvar (cvar "sv_client_predict") (value "1")
L 12/29/2021 - 19:23:13: [basecommands.smx] "Console<0><Console><Console>" changed cvar (cvar "sv_client_cmdrate_difference") (value "0")
L 12/29/2021 - 19:23:13: [basecommands.smx] "Console<0><Console><Console>" changed cvar (cvar "sv_max_queries_sec_global") (value "10")
L 12/29/2021 - 19:23:13: [basecommands.smx] "Console<0><Console><Console>" changed cvar (cvar "sv_max_queries_sec") (value "3")
L 12/29/2021 - 19:23:13: [basecommands.smx] "Console<0><Console><Console>" changed cvar (cvar "sv_max_queries_window") (value "10")
L 12/29/2021 - 19:23:13: [basecommands.smx] "Console<0><Console><Console>" changed cvar (cvar "sv_player_stuck_tolerance") (value "5")
L 12/29/2021 - 19:23:13: [basecommands.smx] "Console<0><Console><Console>" changed cvar (cvar "sv_stats") (value "0")
L 12/29/2021 - 19:23:13: [basecommands.smx] "Console<0><Console><Console>" changed cvar (cvar "sv_clockcorrection_msecs") (value "25")
L 12/29/2021 - 19:23:13: [basecommands.smx] "Console<0><Console><Console>" changed cvar (cvar "tank_swing_physics_prop_force") (value "3")
L 12/29/2021 - 19:25:44: [optional/kether/l4d2_skill_detect.smx] Clear: 5 freed 8 from 3: time: -1.00 / 1.25 -- class: smoker (with shove? 0)
L 12/29/2021 - 19:25:54: [optional/kether/l4d2_skill_detect.smx] Charge carry start: 7 - 5 -- time: 161.77
L 12/29/2021 - 19:25:57: [optional/kether/l4d2_skill_detect.smx] Clear: 0 freed 5 from 7: time: 0.00 / 2.95 -- class: charger (with shove? 0)
L 12/29/2021 - 19:25:57: [optional/kether/l4d2_skill_detect.smx] Checking charge victim: 7 - 5 - flags: 43 (alive? 0)
L 12/29/2021 - 19:25:57: [optional/kether/l4d2_skill_detect.smx] Checking charge victim: 7 - 1 - flags: 0 (alive? 1)
L 12/29/2021 - 19:26:04: [optional/kether/l4d2_skill_detect.smx] Clear: 8 freed 1 from 2: time: 1.25 / -1.00 -- class: hunter (with shove? 0)
L 12/29/2021 - 19:26:07: [optional/kether/l4d2_skill_detect.smx] Clear: 1 freed 8 from 6: time: 1.61 / -1.00 -- class: jockey (with shove? 0)
L 12/29/2021 - 19:26:38: [optional/kether/l4d2_skill_detect.smx] Clear: 8 freed 4 from 6: time: -1.00 / 1.36 -- class: smoker (with shove? 1)
L 12/29/2021 - 19:27:34: [optional/kether/l4d2_skill_detect.smx] Charge carry start: 2 - 8 -- time: 261.49
L 12/29/2021 - 19:27:37: [optional/kether/l4d2_skill_detect.smx] Checking charge victim: 2 - 8 - flags: 1 (alive? 1)
L 12/29/2021 - 19:30:52: [optional/kether/l4d2_skill_detect.smx] Clear: 6 freed 2 from 8: time: 1.82 / -1.00 -- class: hunter (with shove? 0)
L 12/29/2021 - 19:30:59: [optional/kether/l4d2_skill_detect.smx] Clear: 6 freed 7 from 4: time: -1.00 / 4.19 -- class: smoker (with shove? 0)
L 12/29/2021 - 19:31:40: [optional/kether/l4d2_skill_detect.smx] Clear: 6 freed 2 from 1: time: 1.62 / -1.00 -- class: hunter (with shove? 0)
L 12/29/2021 - 19:32:17: [optional/kether/l4d2_skill_detect.smx] Charge carry start: 4 - 7 -- time: 544.50
L 12/29/2021 - 19:32:19: [optional/kether/l4d2_skill_detect.smx] Clear: 2 freed 7 from 4: time: 1.07 / 2.36 -- class: charger (with shove? 0)
L 12/29/2021 - 19:32:20: [optional/kether/l4d2_skill_detect.smx] Checking charge victim: 4 - 7 - flags: 1 (alive? 1)
L 12/29/2021 - 19:32:21: [optional/kether/l4d2_skill_detect.smx] Checking charge victim: 4 - 3 - flags: 0 (alive? 1)
L 12/29/2021 - 19:32:21: [optional/kether/l4d2_skill_detect.smx] Clear: 2 freed 6 from 5: time: 0.46 / 2.48 -- class: smoker (with shove? 1)
L 12/29/2021 - 19:32:56: [optional/kether/l4d2_skill_detect.smx] Clear: 2 freed 6 from 1: time: 1.73 / -1.00 -- class: hunter (with shove? 0)
L 12/29/2021 - 19:32:58: [optional/kether/l4d2_skill_detect.smx] Charge carry start: 8 - 7 -- time: 585.30
L 12/29/2021 - 19:33:02: [optional/kether/l4d2_skill_detect.smx] Checking charge victim: 8 - 7 - flags: 1 (alive? 1)
L 12/29/2021 - 19:33:02: [optional/kether/l4d2_skill_detect.smx] Checking charge victim: 8 - 6 - flags: 0 (alive? 1)
L 12/29/2021 - 19:33:03: [optional/kether/l4d2_skill_detect.smx] Clear: 3 freed 7 from 8: time: 3.04 / 4.86 -- class: charger (with shove? 0)
L 12/29/2021 - 19:33:03: [optional/kether/l4d2_skill_detect.smx] Checking charge victim: 8 - 2 - flags: 0 (alive? 1)
L 12/29/2021 - 19:33:12: [optional/kether/l4d2_skill_detect.smx] Clear: 7 freed 3 from 4: time: 7.08 / -1.00 -- class: jockey (with shove? 1)
L 12/29/2021 - 19:33:38: [optional/kether/l4d2_skill_detect.smx] Clear: 6 freed 2 from 8: time: 3.03 / 5.22 -- class: smoker (with shove? 1)
L 12/29/2021 - 19:33:39: [optional/kether/l4d2_skill_detect.smx] Clear: 2 freed 6 from 5: time: 1.37 / -1.00 -- class: hunter (with shove? 1)
L 12/29/2021 - 19:34:16: [optional/kether/l4d2_skill_detect.smx] Clear: 6 freed 2 from 5: time: 1.05 / -1.00 -- class: jockey (with shove? 1)
L 12/29/2021 - 19:35:15: -------- Mapchange to l4d2_daybreak05_rescue --------
L 12/29/2021 - 19:35:17: [basecommands.smx] "Console<0><Console><Console>" changed cvar (cvar "confogl_match_execcfg_plugins") (value "generalfixes.cfg;confogl_plugins.cfg;sharedplugins.cfg")
L 12/29/2021 - 19:35:17: [basecommands.smx] "Console<0><Console><Console>" changed cvar (cvar "l4d2_addons_eclipse") (value "0")
L 12/29/2021 - 19:35:17: [basecommands.smx] "Console<0><Console><Console>" changed cvar (cvar "sv_allow_wait_command") (value "0")
L 12/29/2021 - 19:35:17: [basecommands.smx] "Console<0><Console><Console>" changed cvar (cvar "sv_minrate") (value "108000")
L 12/29/2021 - 19:35:17: [basecommands.smx] "Console<0><Console><Console>" changed cvar (cvar "sv_maxrate") (value "108000")
L 12/29/2021 - 19:35:17: [basecommands.smx] "Console<0><Console><Console>" changed cvar (cvar "sv_mincmdrate") (value "108")
L 12/29/2021 - 19:35:17: [basecommands.smx] "Console<0><Console><Console>" changed cvar (cvar "sv_maxcmdrate") (value "108")
L 12/29/2021 - 19:35:17: [basecommands.smx] "Console<0><Console><Console>" changed cvar (cvar "sv_minupdaterate") (value "108")
L 12/29/2021 - 19:35:17: [basecommands.smx] "Console<0><Console><Console>" changed cvar (cvar "sv_maxupdaterate") (value "108")
L 12/29/2021 - 19:35:17: [basecommands.smx] "Console<0><Console><Console>" changed cvar (cvar "nb_update_frequency") (value "0.024")
L 12/29/2021 - 19:35:17: [basecommands.smx] "Console<0><Console><Console>" changed cvar (cvar "net_splitpacket_maxrate") (value "54000")
L 12/29/2021 - 19:35:17: [basecommands.smx] "Console<0><Console><Console>" changed cvar (cvar "sv_client_min_interp_ratio") (value "0")
L 12/29/2021 - 19:35:17: [basecommands.smx] "Console<0><Console><Console>" changed cvar (cvar "sv_client_max_interp_ratio") (value "2")
L 12/29/2021 - 19:35:17: [basecommands.smx] "Console<0><Console><Console>" changed cvar (cvar "fps_max") (value "200")
L 12/29/2021 - 19:35:17: [basecommands.smx] "Console<0><Console><Console>" changed cvar (cvar "mv_maxplayers") (value "16")
L 12/29/2021 - 19:35:17: [basecommands.smx] "Console<0><Console><Console>" changed cvar (cvar "sv_maxplayers") (value "16")
L 12/29/2021 - 19:35:17: [basecommands.smx] "Console<0><Console><Console>" changed cvar (cvar "sv_allowdownload") (value "1")
L 12/29/2021 - 19:35:17: [basecommands.smx] "Console<0><Console><Console>" changed cvar (cvar "l4d_nth_joininfected") (value "1")
L 12/29/2021 - 19:35:17: [basecommands.smx] "Console<0><Console><Console>" changed cvar (cvar "l4d_nth_joinsurvivors") (value "1")
L 12/29/2021 - 19:35:17: [basecommands.smx] "Console<0><Console><Console>" changed cvar (cvar "l4d_nth_kill") (value "0")
L 12/29/2021 - 19:35:17: [basecommands.smx] "Console<0><Console><Console>" changed cvar (cvar "l4d_nth_spectate") (value "1")
L 12/29/2021 - 19:35:17: [basecommands.smx] "Console<0><Console><Console>" changed cvar (cvar "l4d_nth_message") (value "0")
L 12/29/2021 - 19:35:17: [basecommands.smx] "Console<0><Console><Console>" changed cvar (cvar "l4d_nth_timerrepeat") (value "9999")
L 12/29/2021 - 19:35:17: [basecommands.smx] "Console<0><Console><Console>" changed cvar (cvar "vs_max_team_switches") (value "9999")
L 12/29/2021 - 19:35:17: [basecommands.smx] "Console<0><Console><Console>" changed cvar (cvar "mp_autoteambalance") (value "0")
L 12/29/2021 - 19:35:17: [basecommands.smx] "Console<0><Console><Console>" changed cvar (cvar "sv_unlag_fixstuck") (value "1")
L 12/29/2021 - 19:35:17: [basecommands.smx] "Console<0><Console><Console>" changed cvar (cvar "z_brawl_chance") (value "0")
L 12/29/2021 - 19:35:17: [basecommands.smx] "Console<0><Console><Console>" changed cvar (cvar "sv_maxunlag") (value "1")
L 12/29/2021 - 19:35:17: [basecommands.smx] "Console<0><Console><Console>" changed cvar (cvar "sv_forcepreload") (value "1")
L 12/29/2021 - 19:35:17: [basecommands.smx] "Console<0><Console><Console>" changed cvar (cvar "sv_client_predict") (value "1")
L 12/29/2021 - 19:35:17: [basecommands.smx] "Console<0><Console><Console>" changed cvar (cvar "sv_client_cmdrate_difference") (value "0")
L 12/29/2021 - 19:35:17: [basecommands.smx] "Console<0><Console><Console>" changed cvar (cvar "sv_max_queries_sec_global") (value "10")
L 12/29/2021 - 19:35:17: [basecommands.smx] "Console<0><Console><Console>" changed cvar (cvar "sv_max_queries_sec") (value "3")
L 12/29/2021 - 19:35:17: [basecommands.smx] "Console<0><Console><Console>" changed cvar (cvar "sv_max_queries_window") (value "10")
L 12/29/2021 - 19:35:17: [basecommands.smx] "Console<0><Console><Console>" changed cvar (cvar "sv_player_stuck_tolerance") (value "5")
L 12/29/2021 - 19:35:17: [basecommands.smx] "Console<0><Console><Console>" changed cvar (cvar "sv_stats") (value "0")
L 12/29/2021 - 19:35:17: [basecommands.smx] "Console<0><Console><Console>" changed cvar (cvar "sv_clockcorrection_msecs") (value "25")
L 12/29/2021 - 19:35:17: [basecommands.smx] "Console<0><Console><Console>" changed cvar (cvar "tank_swing_physics_prop_force") (value "3")
L 12/29/2021 - 19:35:50: [optional/kether/autopause.smx] [AutoPause] Player STEAM_1:0:442484339 left the game with -34.518520 time until spawn.
L 12/29/2021 - 19:35:50: [optional/kether/autopause.smx] [AutoPause] Player STEAM_1:1:439073567 left the game with -34.546295 time until spawn.
L 12/29/2021 - 19:35:50: [optional/kether/autopause.smx] [AutoPause] Player STEAM_1:1:18576471 left the game with -34.555557 time until spawn.
L 12/29/2021 - 19:35:50: [optional/kether/autopause.smx] [AutoPause] Player STEAM_1:1:25897568 left the game with -34.555557 time until spawn.
L 12/29/2021 - 19:36:04: SourceMod log file session started (file "/home/k26606_s20329/server_20329/left4dead2/addons/sourcemod/logs/L20211229.log") (Version "1.10.0.6494")
L 12/29/2021 - 19:36:04: [fixes/firebulletsfix.smx] Found offset for Weapon_ShootPosition 286
L 12/29/2021 - 19:36:05: [navmesh.smx] Found .NAV file in maps\c1m1_hotel.nav
L 12/29/2021 - 19:36:05: [navmesh.smx] Is mesh analyzed: 1
L 12/29/2021 - 19:36:05: [navmesh.smx] Nav version: 16; SubVersion: 14 (v10+); BSPSize: 32807960; MagicNumber: -17958194
L 12/29/2021 - 19:36:05: [navmesh.smx] Place count: 0
L 12/29/2021 - 19:36:05: [navmesh.smx] Has unnamed areas: true
L 12/29/2021 - 19:36:05: [navmesh.smx] Population type: c1streets
L 12/29/2021 - 19:36:05: [navmesh.smx] Area count: 1582
L 12/29/2021 - 19:36:05: [navmesh.smx] Parsed 1582 areas in 0.019302 seconds.
L 12/29/2021 - 19:36:05: [navmesh.smx] Ladder count: 0
L 12/29/2021 - 19:36:05: [basecommands.smx] "Console<0><Console><Console>" changed cvar (cvar "confogl_match_execcfg_plugins") (value "generalfixes.cfg;confogl_plugins.cfg;sharedplugins.cfg")
L 12/29/2021 - 19:36:05: [basecommands.smx] "Console<0><Console><Console>" changed cvar (cvar "l4d2_addons_eclipse") (value "0")
L 12/29/2021 - 19:36:05: [basecommands.smx] "Console<0><Console><Console>" changed cvar (cvar "sv_allow_wait_command") (value "0")
L 12/29/2021 - 19:36:05: [basecommands.smx] "Console<0><Console><Console>" changed cvar (cvar "sv_minrate") (value "108000")
L 12/29/2021 - 19:36:05: [basecommands.smx] "Console<0><Console><Console>" changed cvar (cvar "sv_maxrate") (value "108000")
L 12/29/2021 - 19:36:05: [basecommands.smx] "Console<0><Console><Console>" changed cvar (cvar "sv_mincmdrate") (value "108")
L 12/29/2021 - 19:36:05: [basecommands.smx] "Console<0><Console><Console>" changed cvar (cvar "sv_maxcmdrate") (value "108")
L 12/29/2021 - 19:36:05: [basecommands.smx] "Console<0><Console><Console>" changed cvar (cvar "sv_minupdaterate") (value "108")
L 12/29/2021 - 19:36:05: [basecommands.smx] "Console<0><Console><Console>" changed cvar (cvar "sv_maxupdaterate") (value "108")
L 12/29/2021 - 19:36:05: [basecommands.smx] "Console<0><Console><Console>" changed cvar (cvar "nb_update_frequency") (value "0.024")
L 12/29/2021 - 19:36:05: [basecommands.smx] "Console<0><Console><Console>" changed cvar (cvar "net_splitpacket_maxrate") (value "54000")
L 12/29/2021 - 19:36:05: [basecommands.smx] "Console<0><Console><Console>" changed cvar (cvar "sv_client_min_interp_ratio") (value "0")
L 12/29/2021 - 19:36:05: [basecommands.smx] "Console<0><Console><Console>" changed cvar (cvar "sv_client_max_interp_ratio") (value "2")
L 12/29/2021 - 19:36:05: [basecommands.smx] "Console<0><Console><Console>" changed cvar (cvar "fps_max") (value "200")
L 12/29/2021 - 19:36:05: [basecommands.smx] "Console<0><Console><Console>" changed cvar (cvar "mv_maxplayers") (value "16")
L 12/29/2021 - 19:36:05: [basecommands.smx] "Console<0><Console><Console>" changed cvar (cvar "sv_maxplayers") (value "16")
L 12/29/2021 - 19:36:05: [basecommands.smx] "Console<0><Console><Console>" changed cvar (cvar "sv_allowdownload") (value "1")
L 12/29/2021 - 19:36:05: [basecommands.smx] "Console<0><Console><Console>" changed cvar (cvar "vs_max_team_switches") (value "9999")
L 12/29/2021 - 19:36:05: [basecommands.smx] "Console<0><Console><Console>" changed cvar (cvar "mp_autoteambalance") (value "0")
L 12/29/2021 - 19:36:05: [basecommands.smx] "Console<0><Console><Console>" changed cvar (cvar "sv_unlag_fixstuck") (value "1")
L 12/29/2021 - 19:36:05: [basecommands.smx] "Console<0><Console><Console>" changed cvar (cvar "z_brawl_chance") (value "0")
L 12/29/2021 - 19:36:05: [basecommands.smx] "Console<0><Console><Console>" changed cvar (cvar "sv_maxunlag") (value "1")
L 12/29/2021 - 19:36:05: [basecommands.smx] "Console<0><Console><Console>" changed cvar (cvar "sv_forcepreload") (value "1")
L 12/29/2021 - 19:36:05: [basecommands.smx] "Console<0><Console><Console>" changed cvar (cvar "sv_client_predict") (value "1")
L 12/29/2021 - 19:36:05: [basecommands.smx] "Console<0><Console><Console>" changed cvar (cvar "sv_client_cmdrate_difference") (value "0")
L 12/29/2021 - 19:36:05: [basecommands.smx] "Console<0><Console><Console>" changed cvar (cvar "sv_max_queries_sec_global") (value "10")
L 12/29/2021 - 19:36:05: [basecommands.smx] "Console<0><Console><Console>" changed cvar (cvar "sv_max_queries_sec") (value "3")
L 12/29/2021 - 19:36:05: [basecommands.smx] "Console<0><Console><Console>" changed cvar (cvar "sv_max_queries_window") (value "10")
L 12/29/2021 - 19:36:05: [basecommands.smx] "Console<0><Console><Console>" changed cvar (cvar "sv_player_stuck_tolerance") (value "5")
L 12/29/2021 - 19:36:05: [basecommands.smx] "Console<0><Console><Console>" changed cvar (cvar "sv_stats") (value "0")
L 12/29/2021 - 19:36:05: [basecommands.smx] "Console<0><Console><Console>" changed cvar (cvar "sv_clockcorrection_msecs") (value "25")
L 12/29/2021 - 19:36:05: [basecommands.smx] "Console<0><Console><Console>" changed cvar (cvar "tank_swing_physics_prop_force") (value "3")
L 12/29/2021 - 19:36:06: [fixes/firebulletsfix.smx] Found offset for Weapon_ShootPosition 286
L 12/29/2021 - 19:36:10: -------- Mapchange to c1m1_hotel --------
L 12/29/2021 - 19:36:10: [basecommands.smx] "Console<0><Console><Console>" changed cvar (cvar "confogl_match_execcfg_plugins") (value "generalfixes.cfg;confogl_plugins.cfg;sharedplugins.cfg")
L 12/29/2021 - 19:36:10: [basecommands.smx] "Console<0><Console><Console>" changed cvar (cvar "l4d2_addons_eclipse") (value "0")
L 12/29/2021 - 19:36:10: [basecommands.smx] "Console<0><Console><Console>" changed cvar (cvar "sv_allow_wait_command") (value "0")
L 12/29/2021 - 19:36:10: [basecommands.smx] "Console<0><Console><Console>" changed cvar (cvar "sv_minrate") (value "108000")
L 12/29/2021 - 19:36:10: [basecommands.smx] "Console<0><Console><Console>" changed cvar (cvar "sv_maxrate") (value "108000")
L 12/29/2021 - 19:36:10: [basecommands.smx] "Console<0><Console><Console>" changed cvar (cvar "sv_mincmdrate") (value "108")
L 12/29/2021 - 19:36:10: [basecommands.smx] "Console<0><Console><Console>" changed cvar (cvar "sv_maxcmdrate") (value "108")
L 12/29/2021 - 19:36:10: [basecommands.smx] "Console<0><Console><Console>" changed cvar (cvar "sv_minupdaterate") (value "108")
L 12/29/2021 - 19:36:10: [basecommands.smx] "Console<0><Console><Console>" changed cvar (cvar "sv_maxupdaterate") (value "108")
L 12/29/2021 - 19:36:10: [basecommands.smx] "Console<0><Console><Console>" changed cvar (cvar "nb_update_frequency") (value "0.024")
L 12/29/2021 - 19:36:10: [basecommands.smx] "Console<0><Console><Console>" changed cvar (cvar "net_splitpacket_maxrate") (value "54000")
L 12/29/2021 - 19:36:10: [basecommands.smx] "Console<0><Console><Console>" changed cvar (cvar "sv_client_min_interp_ratio") (value "0")
L 12/29/2021 - 19:36:10: [basecommands.smx] "Console<0><Console><Console>" changed cvar (cvar "sv_client_max_interp_ratio") (value "2")
L 12/29/2021 - 19:36:10: [basecommands.smx] "Console<0><Console><Console>" changed cvar (cvar "fps_max") (value "200")
L 12/29/2021 - 19:36:10: [basecommands.smx] "Console<0><Console><Console>" changed cvar (cvar "mv_maxplayers") (value "16")
L 12/29/2021 - 19:36:10: [basecommands.smx] "Console<0><Console><Console>" changed cvar (cvar "sv_maxplayers") (value "16")
L 12/29/2021 - 19:36:10: [basecommands.smx] "Console<0><Console><Console>" changed cvar (cvar "sv_allowdownload") (value "1")
L 12/29/2021 - 19:36:10: [basecommands.smx] "Console<0><Console><Console>" changed cvar (cvar "l4d_nth_joininfected") (value "1")
L 12/29/2021 - 19:36:10: [basecommands.smx] "Console<0><Console><Console>" changed cvar (cvar "l4d_nth_joinsurvivors") (value "1")
L 12/29/2021 - 19:36:10: [basecommands.smx] "Console<0><Console><Console>" changed cvar (cvar "l4d_nth_kill") (value "0")
L 12/29/2021 - 19:36:10: [basecommands.smx] "Console<0><Console><Console>" changed cvar (cvar "l4d_nth_spectate") (value "1")
L 12/29/2021 - 19:36:10: [basecommands.smx] "Console<0><Console><Console>" changed cvar (cvar "l4d_nth_message") (value "0")
L 12/29/2021 - 19:36:10: [basecommands.smx] "Console<0><Console><Console>" changed cvar (cvar "l4d_nth_timerrepeat") (value "9999")
L 12/29/2021 - 19:36:10: [basecommands.smx] "Console<0><Console><Console>" changed cvar (cvar "vs_max_team_switches") (value "9999")
L 12/29/2021 - 19:36:10: [basecommands.smx] "Console<0><Console><Console>" changed cvar (cvar "mp_autoteambalance") (value "0")
L 12/29/2021 - 19:36:10: [basecommands.smx] "Console<0><Console><Console>" changed cvar (cvar "sv_unlag_fixstuck") (value "1")
L 12/29/2021 - 19:36:10: [basecommands.smx] "Console<0><Console><Console>" changed cvar (cvar "z_brawl_chance") (value "0")
L 12/29/2021 - 19:36:10: [basecommands.smx] "Console<0><Console><Console>" changed cvar (cvar "sv_maxunlag") (value "1")
L 12/29/2021 - 19:36:10: [basecommands.smx] "Console<0><Console><Console>" changed cvar (cvar "sv_forcepreload") (value "1")
L 12/29/2021 - 19:36:10: [basecommands.smx] "Console<0><Console><Console>" changed cvar (cvar "sv_client_predict") (value "1")
L 12/29/2021 - 19:36:10: [basecommands.smx] "Console<0><Console><Console>" changed cvar (cvar "sv_client_cmdrate_difference") (value "0")
L 12/29/2021 - 19:36:10: [basecommands.smx] "Console<0><Console><Console>" changed cvar (cvar "sv_max_queries_sec_global") (value "10")
L 12/29/2021 - 19:36:10: [basecommands.smx] "Console<0><Console><Console>" changed cvar (cvar "sv_max_queries_sec") (value "3")
L 12/29/2021 - 19:36:10: [basecommands.smx] "Console<0><Console><Console>" changed cvar (cvar "sv_max_queries_window") (value "10")
L 12/29/2021 - 19:36:10: [basecommands.smx] "Console<0><Console><Console>" changed cvar (cvar "sv_player_stuck_tolerance") (value "5")
L 12/29/2021 - 19:36:10: [basecommands.smx] "Console<0><Console><Console>" changed cvar (cvar "sv_stats") (value "0")
L 12/29/2021 - 19:36:10: [basecommands.smx] "Console<0><Console><Console>" changed cvar (cvar "sv_clockcorrection_msecs") (value "25")
L 12/29/2021 - 19:36:10: [basecommands.smx] "Console<0><Console><Console>" changed cvar (cvar "tank_swing_physics_prop_force") (value "3")
L 12/29/2021 - 19:59:49: SourceMod log file session started (file "/home/k26606_s20329/server_20329/left4dead2/addons/sourcemod/logs/L20211229.log") (Version "1.10.0.6494")
L 12/29/2021 - 19:59:49: [fixes/firebulletsfix.smx] Found offset for Weapon_ShootPosition 286
L 12/29/2021 - 19:59:50: [navmesh.smx] Found .NAV file in maps\c1m1_hotel.nav
L 12/29/2021 - 19:59:50: [navmesh.smx] Is mesh analyzed: 1
L 12/29/2021 - 19:59:50: [navmesh.smx] Nav version: 16; SubVersion: 14 (v10+); BSPSize: 32807960; MagicNumber: -17958194
L 12/29/2021 - 19:59:50: [navmesh.smx] Place count: 0
L 12/29/2021 - 19:59:50: [navmesh.smx] Has unnamed areas: true
L 12/29/2021 - 19:59:50: [navmesh.smx] Population type: c1streets
L 12/29/2021 - 19:59:50: [navmesh.smx] Area count: 1582
L 12/29/2021 - 19:59:50: [navmesh.smx] Parsed 1582 areas in 0.019077 seconds.
L 12/29/2021 - 19:59:51: [navmesh.smx] Ladder count: 0
L 12/29/2021 - 19:59:51: [basecommands.smx] "Console<0><Console><Console>" changed cvar (cvar "confogl_match_execcfg_plugins") (value "generalfixes.cfg;confogl_plugins.cfg;sharedplugins.cfg")
L 12/29/2021 - 19:59:51: [basecommands.smx] "Console<0><Console><Console>" changed cvar (cvar "l4d2_addons_eclipse") (value "0")
L 12/29/2021 - 19:59:51: [basecommands.smx] "Console<0><Console><Console>" changed cvar (cvar "sv_allow_wait_command") (value "0")
L 12/29/2021 - 19:59:51: [basecommands.smx] "Console<0><Console><Console>" changed cvar (cvar "sv_minrate") (value "108000")
L 12/29/2021 - 19:59:51: [basecommands.smx] "Console<0><Console><Console>" changed cvar (cvar "sv_maxrate") (value "108000")
L 12/29/2021 - 19:59:51: [basecommands.smx] "Console<0><Console><Console>" changed cvar (cvar "sv_mincmdrate") (value "108")
L 12/29/2021 - 19:59:51: [basecommands.smx] "Console<0><Console><Console>" changed cvar (cvar "sv_maxcmdrate") (value "108")
L 12/29/2021 - 19:59:51: [basecommands.smx] "Console<0><Console><Console>" changed cvar (cvar "sv_minupdaterate") (value "108")
L 12/29/2021 - 19:59:51: [basecommands.smx] "Console<0><Console><Console>" changed cvar (cvar "sv_maxupdaterate") (value "108")
L 12/29/2021 - 19:59:51: [basecommands.smx] "Console<0><Console><Console>" changed cvar (cvar "nb_update_frequency") (value "0.024")
L 12/29/2021 - 19:59:51: [basecommands.smx] "Console<0><Console><Console>" changed cvar (cvar "net_splitpacket_maxrate") (value "54000")
L 12/29/2021 - 19:59:51: [basecommands.smx] "Console<0><Console><Console>" changed cvar (cvar "sv_client_min_interp_ratio") (value "0")
L 12/29/2021 - 19:59:51: [basecommands.smx] "Console<0><Console><Console>" changed cvar (cvar "sv_client_max_interp_ratio") (value "2")
L 12/29/2021 - 19:59:51: [basecommands.smx] "Console<0><Console><Console>" changed cvar (cvar "fps_max") (value "200")
L 12/29/2021 - 19:59:51: [basecommands.smx] "Console<0><Console><Console>" changed cvar (cvar "mv_maxplayers") (value "16")
L 12/29/2021 - 19:59:51: [basecommands.smx] "Console<0><Console><Console>" changed cvar (cvar "sv_maxplayers") (value "16")
L 12/29/2021 - 19:59:51: [basecommands.smx] "Console<0><Console><Console>" changed cvar (cvar "sv_allowdownload") (value "1")
L 12/29/2021 - 19:59:51: [basecommands.smx] "Console<0><Console><Console>" changed cvar (cvar "vs_max_team_switches") (value "9999")
L 12/29/2021 - 19:59:51: [basecommands.smx] "Console<0><Console><Console>" changed cvar (cvar "mp_autoteambalance") (value "0")
L 12/29/2021 - 19:59:51: [basecommands.smx] "Console<0><Console><Console>" changed cvar (cvar "sv_unlag_fixstuck") (value "1")
L 12/29/2021 - 19:59:51: [basecommands.smx] "Console<0><Console><Console>" changed cvar (cvar "z_brawl_chance") (value "0")
L 12/29/2021 - 19:59:51: [basecommands.smx] "Console<0><Console><Console>" changed cvar (cvar "sv_maxunlag") (value "1")
L 12/29/2021 - 19:59:51: [basecommands.smx] "Console<0><Console><Console>" changed cvar (cvar "sv_forcepreload") (value "1")
L 12/29/2021 - 19:59:51: [basecommands.smx] "Console<0><Console><Console>" changed cvar (cvar "sv_client_predict") (value "1")
L 12/29/2021 - 19:59:51: [basecommands.smx] "Console<0><Console><Console>" changed cvar (cvar "sv_client_cmdrate_difference") (value "0")
L 12/29/2021 - 19:59:51: [basecommands.smx] "Console<0><Console><Console>" changed cvar (cvar "sv_max_queries_sec_global") (value "10")
L 12/29/2021 - 19:59:51: [basecommands.smx] "Console<0><Console><Console>" changed cvar (cvar "sv_max_queries_sec") (value "3")
L 12/29/2021 - 19:59:51: [basecommands.smx] "Console<0><Console><Console>" changed cvar (cvar "sv_max_queries_window") (value "10")
L 12/29/2021 - 19:59:51: [basecommands.smx] "Console<0><Console><Console>" changed cvar (cvar "sv_player_stuck_tolerance") (value "5")
L 12/29/2021 - 19:59:51: [basecommands.smx] "Console<0><Console><Console>" changed cvar (cvar "sv_stats") (value "0")
L 12/29/2021 - 19:59:51: [basecommands.smx] "Console<0><Console><Console>" changed cvar (cvar "sv_clockcorrection_msecs") (value "25")
L 12/29/2021 - 19:59:51: [basecommands.smx] "Console<0><Console><Console>" changed cvar (cvar "tank_swing_physics_prop_force") (value "3")
L 12/29/2021 - 19:59:51: [fixes/firebulletsfix.smx] Found offset for Weapon_ShootPosition 286
L 12/29/2021 - 19:59:55: -------- Mapchange to c1m1_hotel --------
L 12/29/2021 - 19:59:56: [basecommands.smx] "Console<0><Console><Console>" changed cvar (cvar "confogl_match_execcfg_plugins") (value "generalfixes.cfg;confogl_plugins.cfg;sharedplugins.cfg")
L 12/29/2021 - 19:59:56: [basecommands.smx] "Console<0><Console><Console>" changed cvar (cvar "l4d2_addons_eclipse") (value "0")
L 12/29/2021 - 19:59:56: [basecommands.smx] "Console<0><Console><Console>" changed cvar (cvar "sv_allow_wait_command") (value "0")
L 12/29/2021 - 19:59:56: [basecommands.smx] "Console<0><Console><Console>" changed cvar (cvar "sv_minrate") (value "108000")
L 12/29/2021 - 19:59:56: [basecommands.smx] "Console<0><Console><Console>" changed cvar (cvar "sv_maxrate") (value "108000")
L 12/29/2021 - 19:59:56: [basecommands.smx] "Console<0><Console><Console>" changed cvar (cvar "sv_mincmdrate") (value "108")
L 12/29/2021 - 19:59:56: [basecommands.smx] "Console<0><Console><Console>" changed cvar (cvar "sv_maxcmdrate") (value "108")
L 12/29/2021 - 19:59:56: [basecommands.smx] "Console<0><Console><Console>" changed cvar (cvar "sv_minupdaterate") (value "108")
L 12/29/2021 - 19:59:56: [basecommands.smx] "Console<0><Console><Console>" changed cvar (cvar "sv_maxupdaterate") (value "108")
L 12/29/2021 - 19:59:56: [basecommands.smx] "Console<0><Console><Console>" changed cvar (cvar "nb_update_frequency") (value "0.024")
L 12/29/2021 - 19:59:56: [basecommands.smx] "Console<0><Console><Console>" changed cvar (cvar "net_splitpacket_maxrate") (value "54000")
L 12/29/2021 - 19:59:56: [basecommands.smx] "Console<0><Console><Console>" changed cvar (cvar "sv_client_min_interp_ratio") (value "0")
L 12/29/2021 - 19:59:56: [basecommands.smx] "Console<0><Console><Console>" changed cvar (cvar "sv_client_max_interp_ratio") (value "2")
L 12/29/2021 - 19:59:56: [basecommands.smx] "Console<0><Console><Console>" changed cvar (cvar "fps_max") (value "200")
L 12/29/2021 - 19:59:56: [basecommands.smx] "Console<0><Console><Console>" changed cvar (cvar "mv_maxplayers") (value "16")
L 12/29/2021 - 19:59:56: [basecommands.smx] "Console<0><Console><Console>" changed cvar (cvar "sv_maxplayers") (value "16")
L 12/29/2021 - 19:59:56: [basecommands.smx] "Console<0><Console><Console>" changed cvar (cvar "sv_allowdownload") (value "1")
L 12/29/2021 - 19:59:56: [basecommands.smx] "Console<0><Console><Console>" changed cvar (cvar "l4d_nth_joininfected") (value "1")
L 12/29/2021 - 19:59:56: [basecommands.smx] "Console<0><Console><Console>" changed cvar (cvar "l4d_nth_joinsurvivors") (value "1")
L 12/29/2021 - 19:59:56: [basecommands.smx] "Console<0><Console><Console>" changed cvar (cvar "l4d_nth_kill") (value "0")
L 12/29/2021 - 19:59:56: [basecommands.smx] "Console<0><Console><Console>" changed cvar (cvar "l4d_nth_spectate") (value "1")
L 12/29/2021 - 19:59:56: [basecommands.smx] "Console<0><Console><Console>" changed cvar (cvar "l4d_nth_message") (value "0")
L 12/29/2021 - 19:59:56: [basecommands.smx] "Console<0><Console><Console>" changed cvar (cvar "l4d_nth_timerrepeat") (value "9999")
L 12/29/2021 - 19:59:56: [basecommands.smx] "Console<0><Console><Console>" changed cvar (cvar "vs_max_team_switches") (value "9999")
L 12/29/2021 - 19:59:56: [basecommands.smx] "Console<0><Console><Console>" changed cvar (cvar "mp_autoteambalance") (value "0")
L 12/29/2021 - 19:59:56: [basecommands.smx] "Console<0><Console><Console>" changed cvar (cvar "sv_unlag_fixstuck") (value "1")
L 12/29/2021 - 19:59:56: [basecommands.smx] "Console<0><Console><Console>" changed cvar (cvar "z_brawl_chance") (value "0")
L 12/29/2021 - 19:59:56: [basecommands.smx] "Console<0><Console><Console>" changed cvar (cvar "sv_maxunlag") (value "1")
L 12/29/2021 - 19:59:56: [basecommands.smx] "Console<0><Console><Console>" changed cvar (cvar "sv_forcepreload") (value "1")
L 12/29/2021 - 19:59:56: [basecommands.smx] "Console<0><Console><Console>" changed cvar (cvar "sv_client_predict") (value "1")
L 12/29/2021 - 19:59:56: [basecommands.smx] "Console<0><Console><Console>" changed cvar (cvar "sv_client_cmdrate_difference") (value "0")
L 12/29/2021 - 19:59:56: [basecommands.smx] "Console<0><Console><Console>" changed cvar (cvar "sv_max_queries_sec_global") (value "10")
L 12/29/2021 - 19:59:56: [basecommands.smx] "Console<0><Console><Console>" changed cvar (cvar "sv_max_queries_sec") (value "3")
L 12/29/2021 - 19:59:56: [basecommands.smx] "Console<0><Console><Console>" changed cvar (cvar "sv_max_queries_window") (value "10")
L 12/29/2021 - 19:59:56: [basecommands.smx] "Console<0><Console><Console>" changed cvar (cvar "sv_player_stuck_tolerance") (value "5")
L 12/29/2021 - 19:59:56: [basecommands.smx] "Console<0><Console><Console>" changed cvar (cvar "sv_stats") (value "0")
L 12/29/2021 - 19:59:56: [basecommands.smx] "Console<0><Console><Console>" changed cvar (cvar "sv_clockcorrection_msecs") (value "25")
L 12/29/2021 - 19:59:56: [basecommands.smx] "Console<0><Console><Console>" changed cvar (cvar "tank_swing_physics_prop_force") (value "3")
L 12/30/2021 - 19:57:03: Log file closed.
