L 10/10/2021 - 15:15:43: SourceMod log file session started (file "/home/k26606_s20329/server_20329/left4dead2/addons/sourcemod/logs/L20211010.log") (Version "1.10.0.6494")
L 10/10/2021 - 15:15:43: [basecommands.smx] "Console<0><Console><Console>" changed cvar (cvar "confogl_match_execcfg_plugins") (value "generalfixes.cfg;confogl_plugins.cfg;sharedplugins.cfg")
L 10/10/2021 - 15:15:43: [basecommands.smx] "Console<0><Console><Console>" changed cvar (cvar "l4d2_addons_eclipse") (value "0")
L 10/10/2021 - 15:15:43: [basecommands.smx] "Console<0><Console><Console>" changed cvar (cvar "sv_allow_wait_command") (value "0")
L 10/10/2021 - 15:15:43: [basecommands.smx] "Console<0><Console><Console>" changed cvar (cvar "sv_minrate") (value "30000")
L 10/10/2021 - 15:15:43: [basecommands.smx] "Console<0><Console><Console>" changed cvar (cvar "sv_maxrate") (value "67000")
L 10/10/2021 - 15:15:43: [basecommands.smx] "Console<0><Console><Console>" changed cvar (cvar "sv_mincmdrate") (value "30")
L 10/10/2021 - 15:15:43: [basecommands.smx] "Console<0><Console><Console>" changed cvar (cvar "sv_maxcmdrate") (value "67")
L 10/10/2021 - 15:15:43: [basecommands.smx] "Console<0><Console><Console>" changed cvar (cvar "sv_minupdaterate") (value "30")
L 10/10/2021 - 15:15:43: [basecommands.smx] "Console<0><Console><Console>" changed cvar (cvar "sv_maxupdaterate") (value "67")
L 10/10/2021 - 15:15:43: [basecommands.smx] "Console<0><Console><Console>" changed cvar (cvar "nb_update_frequency") (value "0.03")
L 10/10/2021 - 15:15:43: [basecommands.smx] "Console<0><Console><Console>" changed cvar (cvar "net_splitpacket_maxrate") (value "33500")
L 10/10/2021 - 15:15:43: [basecommands.smx] "Console<0><Console><Console>" changed cvar (cvar "sv_client_min_interp_ratio") (value "0")
L 10/10/2021 - 15:15:43: [basecommands.smx] "Console<0><Console><Console>" changed cvar (cvar "sv_client_max_interp_ratio") (value "2")
L 10/10/2021 - 15:15:43: [basecommands.smx] "Console<0><Console><Console>" changed cvar (cvar "fps_max") (value "0")
L 10/10/2021 - 15:15:43: [basecommands.smx] "Console<0><Console><Console>" changed cvar (cvar "mv_maxplayers") (value "16")
L 10/10/2021 - 15:15:43: [basecommands.smx] "Console<0><Console><Console>" changed cvar (cvar "sv_maxplayers") (value "16")
L 10/10/2021 - 15:15:43: [basecommands.smx] "Console<0><Console><Console>" changed cvar (cvar "sv_allowdownload") (value "1")
L 10/10/2021 - 15:15:43: [basecommands.smx] "Console<0><Console><Console>" changed cvar (cvar "l4d_nth_joininfected") (value "1")
L 10/10/2021 - 15:15:43: [basecommands.smx] "Console<0><Console><Console>" changed cvar (cvar "l4d_nth_joinsurvivors") (value "1")
L 10/10/2021 - 15:15:43: [basecommands.smx] "Console<0><Console><Console>" changed cvar (cvar "l4d_nth_kill") (value "0")
L 10/10/2021 - 15:15:43: [basecommands.smx] "Console<0><Console><Console>" changed cvar (cvar "l4d_nth_spectate") (value "1")
L 10/10/2021 - 15:15:43: [basecommands.smx] "Console<0><Console><Console>" changed cvar (cvar "l4d_nth_message") (value "0")
L 10/10/2021 - 15:15:43: [basecommands.smx] "Console<0><Console><Console>" changed cvar (cvar "l4d_nth_timerrepeat") (value "9999")
L 10/10/2021 - 15:15:43: [basecommands.smx] "Console<0><Console><Console>" changed cvar (cvar "vs_max_team_switches") (value "9999")
L 10/10/2021 - 15:15:43: [basecommands.smx] "Console<0><Console><Console>" changed cvar (cvar "mp_autoteambalance") (value "0")
L 10/10/2021 - 15:15:43: [basecommands.smx] "Console<0><Console><Console>" changed cvar (cvar "sv_unlag_fixstuck") (value "1")
L 10/10/2021 - 15:15:43: [basecommands.smx] "Console<0><Console><Console>" changed cvar (cvar "z_brawl_chance") (value "0")
L 10/10/2021 - 15:15:43: [basecommands.smx] "Console<0><Console><Console>" changed cvar (cvar "sv_maxunlag") (value "1")
L 10/10/2021 - 15:15:43: [basecommands.smx] "Console<0><Console><Console>" changed cvar (cvar "sv_forcepreload") (value "1")
L 10/10/2021 - 15:15:43: [basecommands.smx] "Console<0><Console><Console>" changed cvar (cvar "sv_client_predict") (value "1")
L 10/10/2021 - 15:15:43: [basecommands.smx] "Console<0><Console><Console>" changed cvar (cvar "sv_client_cmdrate_difference") (value "0")
L 10/10/2021 - 15:15:43: [basecommands.smx] "Console<0><Console><Console>" changed cvar (cvar "sv_max_queries_sec_global") (value "10")
L 10/10/2021 - 15:15:43: [basecommands.smx] "Console<0><Console><Console>" changed cvar (cvar "sv_max_queries_sec") (value "3")
L 10/10/2021 - 15:15:43: [basecommands.smx] "Console<0><Console><Console>" changed cvar (cvar "sv_max_queries_window") (value "10")
L 10/10/2021 - 15:15:43: [basecommands.smx] "Console<0><Console><Console>" changed cvar (cvar "sv_player_stuck_tolerance") (value "5")
L 10/10/2021 - 15:15:43: [basecommands.smx] "Console<0><Console><Console>" changed cvar (cvar "sv_stats") (value "0")
L 10/10/2021 - 15:15:43: [basecommands.smx] "Console<0><Console><Console>" changed cvar (cvar "sv_clockcorrection_msecs") (value "25")
L 10/10/2021 - 15:15:43: [basecommands.smx] "Console<0><Console><Console>" changed cvar (cvar "z_max_neighbor_range") (value "16")
L 10/10/2021 - 15:15:43: [basecommands.smx] "Console<0><Console><Console>" changed cvar (cvar "nb_friction_forward") (value "0")
L 10/10/2021 - 15:18:13: [optional/kether/l4d2_skill_detect.smx] Charge carry start: 7 - 8 -- time: 150.94
L 10/10/2021 - 15:18:15: [optional/kether/l4d2_skill_detect.smx] Clear: 1 freed 8 from 7: time: 0.16 / 1.91 -- class: charger (with shove? 0)
L 10/10/2021 - 15:18:17: [optional/kether/l4d2_skill_detect.smx] Checking charge victim: 7 - 8 - flags: 1 (alive? 1)
L 10/10/2021 - 15:18:20: [optional/kether/l4d2_skill_detect.smx] Clear: 8 freed 2 from 6: time: 7.07 / -1.00 -- class: jockey (with shove? 0)
L 10/10/2021 - 15:18:36: [optional/kether/l4d2_skill_detect.smx] calarm trigger: caller 1121 / activator 1121 / delay: 0.00
L 10/10/2021 - 15:18:51: [optional/kether/l4d2_skill_detect.smx] Charge carry start: 6 - 2 -- time: 188.35
L 10/10/2021 - 15:18:52: [optional/kether/l4d2_skill_detect.smx] Clear: 8 freed 2 from 6: time: 0.68 / 1.88 -- class: charger (with shove? 0)
L 10/10/2021 - 15:18:54: [optional/kether/l4d2_skill_detect.smx] Checking charge victim: 6 - 2 - flags: 1 (alive? 1)
L 10/10/2021 - 15:19:21: [optional/kether/l4d2_skill_detect.smx] calarm trigger: caller 1058 / activator 1058 / delay: 0.00
L 10/10/2021 - 15:19:33: [optional/kether/l4d2_skill_detect.smx] Clear: 2 freed 5 from 3: time: 1.61 / -1.00 -- class: jockey (with shove? 0)
L 10/10/2021 - 15:19:39: [optional/kether/l4d2_skill_detect.smx] Clear: 8 freed 1 from 6: time: 0.55 / 4.34 -- class: smoker (with shove? 1)
L 10/10/2021 - 15:20:15: [optional/kether/l4d2_skill_detect.smx] Witch Crown Check: Failed: bungled: 0 / crowntype: 0 (entity: 286)
L 10/10/2021 - 15:20:15: [optional/kether/l4d2_skill_detect.smx] Witch Crown Check: Further details: attacker: Nexus, attacker dmg: 0, teamless dmg: 0
L 10/10/2021 - 15:20:23: [optional/kether/l4d2_skill_detect.smx] Clear: 8 freed 2 from 6: time: 0.83 / -1.00 -- class: hunter (with shove? 1)
L 10/10/2021 - 15:20:23: [optional/kether/l4d2_skill_detect.smx] Charge carry start: 3 - 8 -- time: 281.25
L 10/10/2021 - 15:20:26: [optional/kether/l4d2_skill_detect.smx] Checking charge victim: 3 - 8 - flags: 1 (alive? 1)
L 10/10/2021 - 15:20:26: [optional/kether/l4d2_skill_detect.smx] Clear: 5 freed 8 from 3: time: 1.98 / 2.94 -- class: charger (with shove? 0)
L 10/10/2021 - 15:21:10: [optional/kether/l4d2_skill_detect.smx] Clear: 5 freed 1 from 3: time: 1.46 / -1.00 -- class: hunter (with shove? 0)
L 10/10/2021 - 15:21:51: [optional/kether/l4d2_skill_detect.smx] Clear: 2 freed 8 from 4: time: 2.26 / -1.00 -- class: hunter (with shove? 0)
L 10/10/2021 - 15:21:55: [optional/kether/l4d2_skill_detect.smx] Clear: 5 freed 2 from 7: time: 1.04 / 3.88 -- class: smoker (with shove? 1)
L 10/10/2021 - 15:22:41: [optional/kether/l4d2_skill_detect.smx] Clear: 2 freed 1 from 3: time: 3.53 / -1.00 -- class: jockey (with shove? 0)
L 10/10/2021 - 15:23:23: [optional/kether/l4d2_skill_detect.smx] Clear: 2 freed 1 from 3: time: 2.65 / 460.85 -- class: charger (with shove? 0)
L 10/10/2021 - 15:24:42: [optional/kether/l4d2_skill_detect.smx] Clear: 3 freed 6 from 5: time: 0.82 / -1.00 -- class: jockey (with shove? 0)
L 10/10/2021 - 15:24:49: [optional/kether/l4d2_skill_detect.smx] Clear: 4 freed 7 from 1: time: 0.97 / -1.00 -- class: hunter (with shove? 1)
L 10/10/2021 - 15:24:57: [optional/kether/l4d2_skill_detect.smx] Clear: 6 freed 4 from 8: time: 3.53 / 551.82 -- class: charger (with shove? 0)
L 10/10/2021 - 15:25:00: [optional/kether/l4d2_skill_detect.smx] Clear: 6 freed 4 from 1: time: 0.59 / -1.00 -- class: hunter (with shove? 0)
L 10/10/2021 - 15:25:22: [optional/kether/l4d2_skill_detect.smx] Clear: 3 freed 6 from 5: time: -1.00 / 6.28 -- class: smoker (with shove? 0)
L 10/10/2021 - 15:25:28: [optional/kether/l4d2_skill_detect.smx] Clear: 7 freed 6 from 2: time: 2.95 / -1.00 -- class: jockey (with shove? 0)
L 10/10/2021 - 15:25:38: [optional/kether/l4d2_skill_detect.smx] Clear: 3 freed 4 from 5: time: -1.00 / 1.28 -- class: smoker (with shove? 0)
L 10/10/2021 - 15:26:13: [optional/kether/l4d2_skill_detect.smx] Charge carry start: 1 - 6 -- time: 627.32
L 10/10/2021 - 15:26:18: [optional/kether/l4d2_skill_detect.smx] Clear: 3 freed 6 from 1: time: 1.68 / 4.88 -- class: charger (with shove? 0)
L 10/10/2021 - 15:26:18: [optional/kether/l4d2_skill_detect.smx] Checking charge victim: 1 - 6 - flags: 1 (alive? 1)
L 10/10/2021 - 15:26:28: [optional/kether/l4d2_skill_detect.smx] Clear: 7 freed 3 from 2: time: 2.07 / -1.00 -- class: hunter (with shove? 0)
L 10/10/2021 - 15:26:32: [optional/kether/l4d2_skill_detect.smx] Witch Crown Check: Failed: bungled: 1 / crowntype: 0 (entity: 489)
L 10/10/2021 - 15:26:32: [optional/kether/l4d2_skill_detect.smx] Witch Crown Check: Further details: attacker: PAwny_, attacker dmg: 474, teamless dmg: 12
L 10/10/2021 - 15:27:06: [optional/kether/l4d2_skill_detect.smx] Charge carry start: 2 - 7 -- time: 679.98
L 10/10/2021 - 15:27:09: [optional/kether/l4d2_skill_detect.smx] Checking charge victim: 2 - 7 - flags: 1 (alive? 1)
L 10/10/2021 - 15:27:30: -------- Mapchange to c4m2_sugarmill_a --------
L 10/10/2021 - 15:27:33: [basecommands.smx] "Console<0><Console><Console>" changed cvar (cvar "confogl_match_execcfg_plugins") (value "generalfixes.cfg;confogl_plugins.cfg;sharedplugins.cfg")
L 10/10/2021 - 15:27:33: [basecommands.smx] "Console<0><Console><Console>" changed cvar (cvar "l4d2_addons_eclipse") (value "0")
L 10/10/2021 - 15:27:33: [basecommands.smx] "Console<0><Console><Console>" changed cvar (cvar "sv_allow_wait_command") (value "0")
L 10/10/2021 - 15:27:33: [basecommands.smx] "Console<0><Console><Console>" changed cvar (cvar "sv_minrate") (value "30000")
L 10/10/2021 - 15:27:33: [basecommands.smx] "Console<0><Console><Console>" changed cvar (cvar "sv_maxrate") (value "67000")
L 10/10/2021 - 15:27:33: [basecommands.smx] "Console<0><Console><Console>" changed cvar (cvar "sv_mincmdrate") (value "30")
L 10/10/2021 - 15:27:33: [basecommands.smx] "Console<0><Console><Console>" changed cvar (cvar "sv_maxcmdrate") (value "67")
L 10/10/2021 - 15:27:33: [basecommands.smx] "Console<0><Console><Console>" changed cvar (cvar "sv_minupdaterate") (value "30")
L 10/10/2021 - 15:27:33: [basecommands.smx] "Console<0><Console><Console>" changed cvar (cvar "sv_maxupdaterate") (value "67")
L 10/10/2021 - 15:27:33: [basecommands.smx] "Console<0><Console><Console>" changed cvar (cvar "nb_update_frequency") (value "0.03")
L 10/10/2021 - 15:27:33: [basecommands.smx] "Console<0><Console><Console>" changed cvar (cvar "net_splitpacket_maxrate") (value "33500")
L 10/10/2021 - 15:27:33: [basecommands.smx] "Console<0><Console><Console>" changed cvar (cvar "sv_client_min_interp_ratio") (value "0")
L 10/10/2021 - 15:27:33: [basecommands.smx] "Console<0><Console><Console>" changed cvar (cvar "sv_client_max_interp_ratio") (value "2")
L 10/10/2021 - 15:27:33: [basecommands.smx] "Console<0><Console><Console>" changed cvar (cvar "fps_max") (value "0")
L 10/10/2021 - 15:27:33: [basecommands.smx] "Console<0><Console><Console>" changed cvar (cvar "mv_maxplayers") (value "16")
L 10/10/2021 - 15:27:33: [basecommands.smx] "Console<0><Console><Console>" changed cvar (cvar "sv_maxplayers") (value "16")
L 10/10/2021 - 15:27:33: [basecommands.smx] "Console<0><Console><Console>" changed cvar (cvar "sv_allowdownload") (value "1")
L 10/10/2021 - 15:27:33: [basecommands.smx] "Console<0><Console><Console>" changed cvar (cvar "l4d_nth_joininfected") (value "1")
L 10/10/2021 - 15:27:33: [basecommands.smx] "Console<0><Console><Console>" changed cvar (cvar "l4d_nth_joinsurvivors") (value "1")
L 10/10/2021 - 15:27:33: [basecommands.smx] "Console<0><Console><Console>" changed cvar (cvar "l4d_nth_kill") (value "0")
L 10/10/2021 - 15:27:33: [basecommands.smx] "Console<0><Console><Console>" changed cvar (cvar "l4d_nth_spectate") (value "1")
L 10/10/2021 - 15:27:33: [basecommands.smx] "Console<0><Console><Console>" changed cvar (cvar "l4d_nth_message") (value "0")
L 10/10/2021 - 15:27:33: [basecommands.smx] "Console<0><Console><Console>" changed cvar (cvar "l4d_nth_timerrepeat") (value "9999")
L 10/10/2021 - 15:27:33: [basecommands.smx] "Console<0><Console><Console>" changed cvar (cvar "vs_max_team_switches") (value "9999")
L 10/10/2021 - 15:27:33: [basecommands.smx] "Console<0><Console><Console>" changed cvar (cvar "mp_autoteambalance") (value "0")
L 10/10/2021 - 15:27:33: [basecommands.smx] "Console<0><Console><Console>" changed cvar (cvar "sv_unlag_fixstuck") (value "1")
L 10/10/2021 - 15:27:33: [basecommands.smx] "Console<0><Console><Console>" changed cvar (cvar "z_brawl_chance") (value "0")
L 10/10/2021 - 15:27:33: [basecommands.smx] "Console<0><Console><Console>" changed cvar (cvar "sv_maxunlag") (value "1")
L 10/10/2021 - 15:27:33: [basecommands.smx] "Console<0><Console><Console>" changed cvar (cvar "sv_forcepreload") (value "1")
L 10/10/2021 - 15:27:33: [basecommands.smx] "Console<0><Console><Console>" changed cvar (cvar "sv_client_predict") (value "1")
L 10/10/2021 - 15:27:33: [basecommands.smx] "Console<0><Console><Console>" changed cvar (cvar "sv_client_cmdrate_difference") (value "0")
L 10/10/2021 - 15:27:33: [basecommands.smx] "Console<0><Console><Console>" changed cvar (cvar "sv_max_queries_sec_global") (value "10")
L 10/10/2021 - 15:27:33: [basecommands.smx] "Console<0><Console><Console>" changed cvar (cvar "sv_max_queries_sec") (value "3")
L 10/10/2021 - 15:27:33: [basecommands.smx] "Console<0><Console><Console>" changed cvar (cvar "sv_max_queries_window") (value "10")
L 10/10/2021 - 15:27:33: [basecommands.smx] "Console<0><Console><Console>" changed cvar (cvar "sv_player_stuck_tolerance") (value "5")
L 10/10/2021 - 15:27:33: [basecommands.smx] "Console<0><Console><Console>" changed cvar (cvar "sv_stats") (value "0")
L 10/10/2021 - 15:27:33: [basecommands.smx] "Console<0><Console><Console>" changed cvar (cvar "sv_clockcorrection_msecs") (value "25")
L 10/10/2021 - 15:27:33: [basecommands.smx] "Console<0><Console><Console>" changed cvar (cvar "z_max_neighbor_range") (value "16")
L 10/10/2021 - 15:27:33: [basecommands.smx] "Console<0><Console><Console>" changed cvar (cvar "nb_friction_forward") (value "0")
L 10/10/2021 - 15:28:51: [optional/kether/l4d2_skill_detect.smx] Charge carry start: 4 - 2 -- time: 78.04
L 10/10/2021 - 15:28:53: [optional/kether/l4d2_skill_detect.smx] Clear: 8 freed 2 from 4: time: 0.97 / 1.73 -- class: charger (with shove? 0)
L 10/10/2021 - 15:28:54: [optional/kether/l4d2_skill_detect.smx] Checking charge victim: 4 - 2 - flags: 1 (alive? 1)
L 10/10/2021 - 15:29:07: [optional/kether/l4d2_skill_detect.smx] Clear: 8 freed 1 from 6: time: 3.02 / -1.00 -- class: hunter (with shove? 0)
L 10/10/2021 - 15:29:09: [optional/kether/l4d2_skill_detect.smx] Clear: 5 freed 2 from 7: time: -1.00 / 1.41 -- class: smoker (with shove? 1)
L 10/10/2021 - 15:29:42: [optional/kether/l4d2_skill_detect.smx] Charge carry start: 3 - 1 -- time: 129.26
L 10/10/2021 - 15:29:45: [optional/kether/l4d2_skill_detect.smx] Clear: 2 freed 1 from 3: time: 0.58 / 2.92 -- class: charger (with shove? 0)
L 10/10/2021 - 15:29:47: [optional/kether/l4d2_skill_detect.smx] Checking charge victim: 3 - 1 - flags: 1 (alive? 1)
L 10/10/2021 - 15:29:50: [optional/kether/l4d2_skill_detect.smx] Clear: 2 freed 5 from 7: time: 2.28 / -1.00 -- class: hunter (with shove? 0)
L 10/10/2021 - 15:30:27: [optional/kether/l4d2_skill_detect.smx] Clear: 1 freed 5 from 6: time: -1.00 / 1.34 -- class: smoker (with shove? 1)
L 10/10/2021 - 15:30:41: [optional/kether/l4d2_skill_detect.smx] Charge carry start: 7 - 2 -- time: 188.01
L 10/10/2021 - 15:30:45: [optional/kether/l4d2_skill_detect.smx] Checking charge victim: 7 - 1 - flags: 0 (alive? 1)
L 10/10/2021 - 15:30:46: [optional/kether/l4d2_skill_detect.smx] Checking charge victim: 7 - 2 - flags: 1 (alive? 1)
L 10/10/2021 - 15:30:47: [optional/kether/l4d2_skill_detect.smx] Clear: 1 freed 2 from 7: time: 3.83 / 6.46 -- class: charger (with shove? 0)
L 10/10/2021 - 15:30:53: [optional/kether/l4d2_skill_detect.smx] Clear: 2 freed 8 from 6: time: 4.71 / 6.74 -- class: smoker (with shove? 0)
L 10/10/2021 - 15:30:56: [optional/kether/l4d2_skill_detect.smx] Clear: 1 freed 5 from 3: time: 10.83 / -1.00 -- class: jockey (with shove? 0)
L 10/10/2021 - 15:31:29: [optional/kether/l4d2_skill_detect.smx] Charge carry start: 6 - 5 -- time: 236.02
L 10/10/2021 - 15:31:30: [optional/kether/l4d2_skill_detect.smx] Clear: 8 freed 5 from 6: time: 0.00 / 1.47 -- class: charger (with shove? 0)
L 10/10/2021 - 15:31:33: [optional/kether/l4d2_skill_detect.smx] Checking charge victim: 6 - 5 - flags: 1 (alive? 1)
L 10/10/2021 - 15:31:38: [optional/kether/l4d2_skill_detect.smx] Clear: 2 freed 5 from 4: time: 1.04 / -1.00 -- class: hunter (with shove? 0)
L 10/10/2021 - 15:32:14: [optional/kether/l4d2_skill_detect.smx] Clear: 2 freed 1 from 10: time: 2.40 / -1.00 -- class: hunter (with shove? 0)
L 10/10/2021 - 15:32:29: [optional/kether/l4d2_skill_detect.smx] Clear: 1 freed 8 from 4: time: 1.31 / -1.00 -- class: jockey (with shove? 0)
L 10/10/2021 - 15:33:04: [optional/kether/l4d2_skill_detect.smx] Clear: 2 freed 5 from 7: time: 0.31 / 3.22 -- class: smoker (with shove? 0)
L 10/10/2021 - 15:33:28: [optional/kether/l4d2_skill_detect.smx] Clear: 2 freed 5 from 3: time: 1.80 / -1.00 -- class: hunter (with shove? 0)
L 10/10/2021 - 15:33:37: [optional/kether/l4d2_skill_detect.smx] Clear: 8 freed 2 from 4: time: -1.00 / 2.00 -- class: smoker (with shove? 0)
L 10/10/2021 - 15:36:46: [optional/kether/l4d2_skill_detect.smx] Clear: 6 freed 7 from 1: time: 0.25 / 553.19 -- class: charger (with shove? 0)
L 10/10/2021 - 15:37:03: [optional/kether/l4d2_skill_detect.smx] Clear: 4 freed 6 from 8: time: 1.02 / -1.00 -- class: hunter (with shove? 0)
L 10/10/2021 - 15:38:29: [optional/kether/l4d2_skill_detect.smx] Clear: 4 freed 6 from 5: time: 4.00 / -1.00 -- class: jockey (with shove? 0)
L 10/10/2021 - 15:39:57: [optional/kether/l4d2_skill_detect.smx] Clear: 4 freed 3 from 1: time: -1.00 / 1.26 -- class: smoker (with shove? 0)
L 10/10/2021 - 15:40:19: [optional/kether/l4d2_skill_detect.smx] Clear: 7 freed 4 from 1: time: 4.32 / 8.17 -- class: smoker (with shove? 0)
L 10/10/2021 - 15:40:46: [optional/kether/l4d2_skill_detect.smx] Charge carry start: 5 - 4 -- time: 793.19
L 10/10/2021 - 15:40:49: [optional/kether/l4d2_skill_detect.smx] Clear: 2 freed 4 from 5: time: 0.50 / 2.98 -- class: charger (with shove? 0)
L 10/10/2021 - 15:40:51: [optional/kether/l4d2_skill_detect.smx] Checking charge victim: 5 - 4 - flags: 1 (alive? 1)
L 10/10/2021 - 15:41:07: [playercommands.smx] "SATANİXON deepgoretube.site<7><STEAM_1:0:52369020><>" slayed "SATANİXON deepgoretube.site<7><STEAM_1:0:52369020><>"
L 10/10/2021 - 15:41:19: [optional/l4d_sm_respawn.smx] "SATANİXON deepgoretube.site<7><STEAM_1:0:52369020><>" teleported "Buffy Summers<5><STEAM_1:1:45595858><>" after respawning him
L 10/10/2021 - 15:41:19: [optional/l4d_sm_respawn.smx] "SATANİXON deepgoretube.site<7><STEAM_1:0:52369020><>" teleported "SATANİXON deepgoretube.site<7><STEAM_1:0:52369020><>" after respawning him
L 10/10/2021 - 15:41:19: [optional/l4d_sm_respawn.smx] "SATANİXON deepgoretube.site<7><STEAM_1:0:52369020><>" teleported "►ωдḺƘℯℜ◄<9><STEAM_1:0:200361813><>" after respawning him
L 10/10/2021 - 15:41:19: [optional/l4d_sm_respawn.smx] "SATANİXON deepgoretube.site<7><STEAM_1:0:52369020><>" teleported "PAwny_<10><STEAM_1:1:571161807><>" after respawning him
L 10/10/2021 - 15:41:24: -------- Mapchange to c4m3_sugarmill_b --------
L 10/10/2021 - 15:41:25: [basecommands.smx] "Console<0><Console><Console>" changed cvar (cvar "confogl_match_execcfg_plugins") (value "generalfixes.cfg;confogl_plugins.cfg;sharedplugins.cfg")
L 10/10/2021 - 15:41:25: [basecommands.smx] "Console<0><Console><Console>" changed cvar (cvar "l4d2_addons_eclipse") (value "0")
L 10/10/2021 - 15:41:25: [basecommands.smx] "Console<0><Console><Console>" changed cvar (cvar "sv_allow_wait_command") (value "0")
L 10/10/2021 - 15:41:25: [basecommands.smx] "Console<0><Console><Console>" changed cvar (cvar "sv_minrate") (value "30000")
L 10/10/2021 - 15:41:25: [basecommands.smx] "Console<0><Console><Console>" changed cvar (cvar "sv_maxrate") (value "67000")
L 10/10/2021 - 15:41:25: [basecommands.smx] "Console<0><Console><Console>" changed cvar (cvar "sv_mincmdrate") (value "30")
L 10/10/2021 - 15:41:25: [basecommands.smx] "Console<0><Console><Console>" changed cvar (cvar "sv_maxcmdrate") (value "67")
L 10/10/2021 - 15:41:25: [basecommands.smx] "Console<0><Console><Console>" changed cvar (cvar "sv_minupdaterate") (value "30")
L 10/10/2021 - 15:41:25: [basecommands.smx] "Console<0><Console><Console>" changed cvar (cvar "sv_maxupdaterate") (value "67")
L 10/10/2021 - 15:41:25: [basecommands.smx] "Console<0><Console><Console>" changed cvar (cvar "nb_update_frequency") (value "0.03")
L 10/10/2021 - 15:41:25: [basecommands.smx] "Console<0><Console><Console>" changed cvar (cvar "net_splitpacket_maxrate") (value "33500")
L 10/10/2021 - 15:41:25: [basecommands.smx] "Console<0><Console><Console>" changed cvar (cvar "sv_client_min_interp_ratio") (value "0")
L 10/10/2021 - 15:41:25: [basecommands.smx] "Console<0><Console><Console>" changed cvar (cvar "sv_client_max_interp_ratio") (value "2")
L 10/10/2021 - 15:41:25: [basecommands.smx] "Console<0><Console><Console>" changed cvar (cvar "fps_max") (value "0")
L 10/10/2021 - 15:41:25: [basecommands.smx] "Console<0><Console><Console>" changed cvar (cvar "mv_maxplayers") (value "16")
L 10/10/2021 - 15:41:25: [basecommands.smx] "Console<0><Console><Console>" changed cvar (cvar "sv_maxplayers") (value "16")
L 10/10/2021 - 15:41:25: [basecommands.smx] "Console<0><Console><Console>" changed cvar (cvar "sv_allowdownload") (value "1")
L 10/10/2021 - 15:41:25: [basecommands.smx] "Console<0><Console><Console>" changed cvar (cvar "l4d_nth_joininfected") (value "1")
L 10/10/2021 - 15:41:25: [basecommands.smx] "Console<0><Console><Console>" changed cvar (cvar "l4d_nth_joinsurvivors") (value "1")
L 10/10/2021 - 15:41:25: [basecommands.smx] "Console<0><Console><Console>" changed cvar (cvar "l4d_nth_kill") (value "0")
L 10/10/2021 - 15:41:25: [basecommands.smx] "Console<0><Console><Console>" changed cvar (cvar "l4d_nth_spectate") (value "1")
L 10/10/2021 - 15:41:25: [basecommands.smx] "Console<0><Console><Console>" changed cvar (cvar "l4d_nth_message") (value "0")
L 10/10/2021 - 15:41:25: [basecommands.smx] "Console<0><Console><Console>" changed cvar (cvar "l4d_nth_timerrepeat") (value "9999")
L 10/10/2021 - 15:41:25: [basecommands.smx] "Console<0><Console><Console>" changed cvar (cvar "vs_max_team_switches") (value "9999")
L 10/10/2021 - 15:41:25: [basecommands.smx] "Console<0><Console><Console>" changed cvar (cvar "mp_autoteambalance") (value "0")
L 10/10/2021 - 15:41:25: [basecommands.smx] "Console<0><Console><Console>" changed cvar (cvar "sv_unlag_fixstuck") (value "1")
L 10/10/2021 - 15:41:25: [basecommands.smx] "Console<0><Console><Console>" changed cvar (cvar "z_brawl_chance") (value "0")
L 10/10/2021 - 15:41:25: [basecommands.smx] "Console<0><Console><Console>" changed cvar (cvar "sv_maxunlag") (value "1")
L 10/10/2021 - 15:41:25: [basecommands.smx] "Console<0><Console><Console>" changed cvar (cvar "sv_forcepreload") (value "1")
L 10/10/2021 - 15:41:25: [basecommands.smx] "Console<0><Console><Console>" changed cvar (cvar "sv_client_predict") (value "1")
L 10/10/2021 - 15:41:25: [basecommands.smx] "Console<0><Console><Console>" changed cvar (cvar "sv_client_cmdrate_difference") (value "0")
L 10/10/2021 - 15:41:25: [basecommands.smx] "Console<0><Console><Console>" changed cvar (cvar "sv_max_queries_sec_global") (value "10")
L 10/10/2021 - 15:41:25: [basecommands.smx] "Console<0><Console><Console>" changed cvar (cvar "sv_max_queries_sec") (value "3")
L 10/10/2021 - 15:41:25: [basecommands.smx] "Console<0><Console><Console>" changed cvar (cvar "sv_max_queries_window") (value "10")
L 10/10/2021 - 15:41:25: [basecommands.smx] "Console<0><Console><Console>" changed cvar (cvar "sv_player_stuck_tolerance") (value "5")
L 10/10/2021 - 15:41:25: [basecommands.smx] "Console<0><Console><Console>" changed cvar (cvar "sv_stats") (value "0")
L 10/10/2021 - 15:41:25: [basecommands.smx] "Console<0><Console><Console>" changed cvar (cvar "sv_clockcorrection_msecs") (value "25")
L 10/10/2021 - 15:41:25: [basecommands.smx] "Console<0><Console><Console>" changed cvar (cvar "z_max_neighbor_range") (value "16")
L 10/10/2021 - 15:41:25: [basecommands.smx] "Console<0><Console><Console>" changed cvar (cvar "nb_friction_forward") (value "0")
L 10/10/2021 - 15:43:32: [optional/kether/l4d2_skill_detect.smx] Clear: 2 freed 5 from 4: time: -1.00 / 1.44 -- class: smoker (with shove? 0)
L 10/10/2021 - 15:43:40: [optional/kether/l4d2_skill_detect.smx] Clear: 1 freed 2 from 7: time: 6.43 / -1.00 -- class: hunter (with shove? 0)
L 10/10/2021 - 15:43:49: [optional/kether/l4d2_skill_detect.smx] Clear: 2 freed 5 from 4: time: 2.50 / 3.61 -- class: smoker (with shove? 0)
L 10/10/2021 - 15:44:19: [optional/kether/l4d2_skill_detect.smx] Clear: 2 freed 1 from 6: time: 1.13 / -1.00 -- class: hunter (with shove? 0)
L 10/10/2021 - 15:44:23: [optional/kether/l4d2_skill_detect.smx] Clear: 1 freed 2 from 3: time: 2.47 / -1.00 -- class: jockey (with shove? 0)
L 10/10/2021 - 15:44:41: [optional/kether/l4d2_skill_detect.smx] Clear: 1 freed 2 from 4: time: -1.00 / 1.22 -- class: smoker (with shove? 0)
L 10/10/2021 - 15:47:40: [optional/kether/l4d2_skill_detect.smx] Clear: 4 freed 6 from 1: time: -1.00 / 3.49 -- class: smoker (with shove? 1)
L 10/10/2021 - 15:48:12: [optional/kether/l4d2_skill_detect.smx] Clear: 3 freed 4 from 2: time: 2.47 / -1.00 -- class: jockey (with shove? 0)
L 10/10/2021 - 15:48:38: [optional/kether/l4d2_skill_detect.smx] Clear: 7 freed 6 from 1: time: 0.02 / 0.88 -- class: smoker (with shove? 1)
L 10/10/2021 - 15:49:06: [optional/kether/l4d2_skill_detect.smx] Clear: 7 freed 4 from 2: time: 1.53 / -1.00 -- class: hunter (with shove? 0)
L 10/10/2021 - 15:49:45: [optional/kether/l4d2_skill_detect.smx] Clear: 6 freed 6 from 2: time: -1.00 / 0.07 -- class: smoker (with shove? 1)
L 10/10/2021 - 15:50:40: -------- Mapchange to c4m4_milltown_b --------
L 10/10/2021 - 15:50:41: [basecommands.smx] "Console<0><Console><Console>" changed cvar (cvar "confogl_match_execcfg_plugins") (value "generalfixes.cfg;confogl_plugins.cfg;sharedplugins.cfg")
L 10/10/2021 - 15:50:41: [basecommands.smx] "Console<0><Console><Console>" changed cvar (cvar "l4d2_addons_eclipse") (value "0")
L 10/10/2021 - 15:50:41: [basecommands.smx] "Console<0><Console><Console>" changed cvar (cvar "sv_allow_wait_command") (value "0")
L 10/10/2021 - 15:50:41: [basecommands.smx] "Console<0><Console><Console>" changed cvar (cvar "sv_minrate") (value "30000")
L 10/10/2021 - 15:50:41: [basecommands.smx] "Console<0><Console><Console>" changed cvar (cvar "sv_maxrate") (value "67000")
L 10/10/2021 - 15:50:41: [basecommands.smx] "Console<0><Console><Console>" changed cvar (cvar "sv_mincmdrate") (value "30")
L 10/10/2021 - 15:50:41: [basecommands.smx] "Console<0><Console><Console>" changed cvar (cvar "sv_maxcmdrate") (value "67")
L 10/10/2021 - 15:50:41: [basecommands.smx] "Console<0><Console><Console>" changed cvar (cvar "sv_minupdaterate") (value "30")
L 10/10/2021 - 15:50:41: [basecommands.smx] "Console<0><Console><Console>" changed cvar (cvar "sv_maxupdaterate") (value "67")
L 10/10/2021 - 15:50:41: [basecommands.smx] "Console<0><Console><Console>" changed cvar (cvar "nb_update_frequency") (value "0.03")
L 10/10/2021 - 15:50:41: [basecommands.smx] "Console<0><Console><Console>" changed cvar (cvar "net_splitpacket_maxrate") (value "33500")
L 10/10/2021 - 15:50:41: [basecommands.smx] "Console<0><Console><Console>" changed cvar (cvar "sv_client_min_interp_ratio") (value "0")
L 10/10/2021 - 15:50:41: [basecommands.smx] "Console<0><Console><Console>" changed cvar (cvar "sv_client_max_interp_ratio") (value "2")
L 10/10/2021 - 15:50:41: [basecommands.smx] "Console<0><Console><Console>" changed cvar (cvar "fps_max") (value "0")
L 10/10/2021 - 15:50:41: [basecommands.smx] "Console<0><Console><Console>" changed cvar (cvar "mv_maxplayers") (value "16")
L 10/10/2021 - 15:50:41: [basecommands.smx] "Console<0><Console><Console>" changed cvar (cvar "sv_maxplayers") (value "16")
L 10/10/2021 - 15:50:41: [basecommands.smx] "Console<0><Console><Console>" changed cvar (cvar "sv_allowdownload") (value "1")
L 10/10/2021 - 15:50:41: [basecommands.smx] "Console<0><Console><Console>" changed cvar (cvar "l4d_nth_joininfected") (value "1")
L 10/10/2021 - 15:50:41: [basecommands.smx] "Console<0><Console><Console>" changed cvar (cvar "l4d_nth_joinsurvivors") (value "1")
L 10/10/2021 - 15:50:41: [basecommands.smx] "Console<0><Console><Console>" changed cvar (cvar "l4d_nth_kill") (value "0")
L 10/10/2021 - 15:50:41: [basecommands.smx] "Console<0><Console><Console>" changed cvar (cvar "l4d_nth_spectate") (value "1")
L 10/10/2021 - 15:50:41: [basecommands.smx] "Console<0><Console><Console>" changed cvar (cvar "l4d_nth_message") (value "0")
L 10/10/2021 - 15:50:41: [basecommands.smx] "Console<0><Console><Console>" changed cvar (cvar "l4d_nth_timerrepeat") (value "9999")
L 10/10/2021 - 15:50:41: [basecommands.smx] "Console<0><Console><Console>" changed cvar (cvar "vs_max_team_switches") (value "9999")
L 10/10/2021 - 15:50:41: [basecommands.smx] "Console<0><Console><Console>" changed cvar (cvar "mp_autoteambalance") (value "0")
L 10/10/2021 - 15:50:41: [basecommands.smx] "Console<0><Console><Console>" changed cvar (cvar "sv_unlag_fixstuck") (value "1")
L 10/10/2021 - 15:50:41: [basecommands.smx] "Console<0><Console><Console>" changed cvar (cvar "z_brawl_chance") (value "0")
L 10/10/2021 - 15:50:41: [basecommands.smx] "Console<0><Console><Console>" changed cvar (cvar "sv_maxunlag") (value "1")
L 10/10/2021 - 15:50:41: [basecommands.smx] "Console<0><Console><Console>" changed cvar (cvar "sv_forcepreload") (value "1")
L 10/10/2021 - 15:50:41: [basecommands.smx] "Console<0><Console><Console>" changed cvar (cvar "sv_client_predict") (value "1")
L 10/10/2021 - 15:50:41: [basecommands.smx] "Console<0><Console><Console>" changed cvar (cvar "sv_client_cmdrate_difference") (value "0")
L 10/10/2021 - 15:50:41: [basecommands.smx] "Console<0><Console><Console>" changed cvar (cvar "sv_max_queries_sec_global") (value "10")
L 10/10/2021 - 15:50:41: [basecommands.smx] "Console<0><Console><Console>" changed cvar (cvar "sv_max_queries_sec") (value "3")
L 10/10/2021 - 15:50:41: [basecommands.smx] "Console<0><Console><Console>" changed cvar (cvar "sv_max_queries_window") (value "10")
L 10/10/2021 - 15:50:41: [basecommands.smx] "Console<0><Console><Console>" changed cvar (cvar "sv_player_stuck_tolerance") (value "5")
L 10/10/2021 - 15:50:41: [basecommands.smx] "Console<0><Console><Console>" changed cvar (cvar "sv_stats") (value "0")
L 10/10/2021 - 15:50:41: [basecommands.smx] "Console<0><Console><Console>" changed cvar (cvar "sv_clockcorrection_msecs") (value "25")
L 10/10/2021 - 15:50:41: [basecommands.smx] "Console<0><Console><Console>" changed cvar (cvar "z_max_neighbor_range") (value "16")
L 10/10/2021 - 15:50:41: [basecommands.smx] "Console<0><Console><Console>" changed cvar (cvar "nb_friction_forward") (value "0")
L 10/10/2021 - 15:55:40: [optional/kether/l4d2_skill_detect.smx] Clear: 5 freed 2 from 7: time: -1.00 / 1.47 -- class: smoker (with shove? 0)
L 10/10/2021 - 15:55:53: [optional/kether/l4d2_skill_detect.smx] Charge carry start: 4 - 5 -- time: 211.44
L 10/10/2021 - 15:55:58: [optional/kether/l4d2_skill_detect.smx] Checking charge victim: 4 - 5 - flags: 1 (alive? 1)
L 10/10/2021 - 15:56:54: [optional/kether/l4d2_skill_detect.smx] Charge carry start: 3 - 8 -- time: 272.53
L 10/10/2021 - 15:56:56: [optional/kether/l4d2_skill_detect.smx] Clear: 5 freed 8 from 3: time: 0.53 / 1.79 -- class: charger (with shove? 0)
L 10/10/2021 - 15:56:58: [optional/kether/l4d2_skill_detect.smx] Checking charge victim: 3 - 8 - flags: 1 (alive? 1)
L 10/10/2021 - 15:57:41: [optional/kether/l4d2_skill_detect.smx] Clear: 2 freed 5 from 4: time: 1.35 / -1.00 -- class: jockey (with shove? 0)
L 10/10/2021 - 15:58:27: [optional/kether/l4d2_skill_detect.smx] Clear: 8 freed 5 from 6: time: 1.25 / 1.26 -- class: smoker (with shove? 0)
L 10/10/2021 - 15:58:56: [optional/kether/l4d2_skill_detect.smx] Clear: 2 freed 1 from 3: time: 7.17 / -1.00 -- class: jockey (with shove? 0)
L 10/10/2021 - 15:58:57: [optional/kether/l4d2_skill_detect.smx] Charge carry start: 4 - 2 -- time: 395.40
L 10/10/2021 - 15:59:00: [optional/kether/l4d2_skill_detect.smx] Checking charge victim: 4 - 2 - flags: 1 (alive? 1)
L 10/10/2021 - 15:59:00: [optional/kether/l4d2_skill_detect.smx] Checking charge victim: 4 - 1 - flags: 0 (alive? 1)
L 10/10/2021 - 16:00:36: [optional/kether/l4d2_skill_detect.smx] Charge carry start: 1 - 7 -- time: 494.55
L 10/10/2021 - 16:00:40: [optional/kether/l4d2_skill_detect.smx] Clear: 3 freed 7 from 1: time: 1.13 / 4.31 -- class: charger (with shove? 0)
L 10/10/2021 - 16:00:41: [optional/kether/l4d2_skill_detect.smx] Checking charge victim: 1 - 7 - flags: 1 (alive? 1)
L 10/10/2021 - 16:00:45: [optional/kether/l4d2_skill_detect.smx] Clear: 6 freed 4 from 8: time: 0.97 / -1.00 -- class: hunter (with shove? 0)
L 10/10/2021 - 16:01:30: [optional/kether/l4d2_skill_detect.smx] Charge carry start: 8 - 4 -- time: 549.01
L 10/10/2021 - 16:01:33: [optional/kether/l4d2_skill_detect.smx] Clear: 3 freed 4 from 8: time: 0.85 / 2.59 -- class: charger (with shove? 0)
L 10/10/2021 - 16:01:34: [optional/kether/l4d2_skill_detect.smx] Checking charge victim: 8 - 4 - flags: 1 (alive? 1)
L 10/10/2021 - 16:01:52: [optional/kether/l4d2_skill_detect.smx] Clear: 7 freed 4 from 2: time: 1.97 / -1.00 -- class: hunter (with shove? 0)
L 10/10/2021 - 16:02:20: [optional/kether/l4d2_skill_detect.smx] Charge carry start: 5 - 4 -- time: 598.29
L 10/10/2021 - 16:02:22: [optional/kether/l4d2_skill_detect.smx] Clear: 7 freed 4 from 5: time: 1.00 / 2.49 -- class: charger (with shove? 0)
L 10/10/2021 - 16:02:23: [optional/kether/l4d2_skill_detect.smx] Checking charge victim: 5 - 4 - flags: 1 (alive? 1)
L 10/10/2021 - 16:03:12: [optional/kether/l4d2_skill_detect.smx] calarm trigger: caller 855 / activator 855 / delay: 0.00
L 10/10/2021 - 16:03:13: [optional/kether/l4d2_skill_detect.smx] Clear: 4 freed 6 from 5: time: 8.26 / -1.00 -- class: hunter (with shove? 0)
L 10/10/2021 - 16:03:17: [optional/kether/l4d2_skill_detect.smx] Charge carry start: 2 - 4 -- time: 655.67
L 10/10/2021 - 16:03:20: [optional/kether/l4d2_skill_detect.smx] Checking charge victim: 2 - 4 - flags: 1 (alive? 1)
L 10/10/2021 - 16:03:20: [optional/kether/l4d2_skill_detect.smx] Clear: 6 freed 4 from 2: time: 2.44 / 3.31 -- class: charger (with shove? 0)
L 10/10/2021 - 16:03:23: [optional/kether/l4d2_skill_detect.smx] Clear: 6 freed 3 from 8: time: 13.14 / 16.37 -- class: smoker (with shove? 0)
L 10/10/2021 - 16:04:12: [playercommands.smx] "SATANİXON deepgoretube.site<7><STEAM_1:0:52369020><>" slayed "Nexus<6><STEAM_1:0:506473496><>"
L 10/10/2021 - 16:04:12: [playercommands.smx] "SATANİXON deepgoretube.site<7><STEAM_1:0:52369020><>" slayed "라이더<4><STEAM_1:1:117101124><>"
L 10/10/2021 - 16:04:12: [optional/kether/l4d2_skill_detect.smx] Clear: 2 freed 6 from 2: time: 10.61 / -1.00 -- class: jockey (with shove? 0)
L 10/10/2021 - 16:04:12: [playercommands.smx] "SATANİXON deepgoretube.site<7><STEAM_1:0:52369020><>" slayed "Redder<8><STEAM_1:1:425741468><>"
L 10/10/2021 - 16:04:12: [playercommands.smx] "SATANİXON deepgoretube.site<7><STEAM_1:0:52369020><>" slayed "►ωдḺƘℯℜ◄<9><STEAM_1:0:200361813><>"
L 10/10/2021 - 16:04:12: [playercommands.smx] "SATANİXON deepgoretube.site<7><STEAM_1:0:52369020><>" slayed "yasori<16><STEAM_1:0:113393113><>"
L 10/10/2021 - 16:04:30: -------- Mapchange to c4m5_milltown_escape --------
L 10/10/2021 - 16:04:30: [basecommands.smx] "Console<0><Console><Console>" changed cvar (cvar "confogl_match_execcfg_plugins") (value "generalfixes.cfg;confogl_plugins.cfg;sharedplugins.cfg")
L 10/10/2021 - 16:04:30: [basecommands.smx] "Console<0><Console><Console>" changed cvar (cvar "l4d2_addons_eclipse") (value "0")
L 10/10/2021 - 16:04:30: [basecommands.smx] "Console<0><Console><Console>" changed cvar (cvar "sv_allow_wait_command") (value "0")
L 10/10/2021 - 16:04:30: [basecommands.smx] "Console<0><Console><Console>" changed cvar (cvar "sv_minrate") (value "30000")
L 10/10/2021 - 16:04:30: [basecommands.smx] "Console<0><Console><Console>" changed cvar (cvar "sv_maxrate") (value "67000")
L 10/10/2021 - 16:04:30: [basecommands.smx] "Console<0><Console><Console>" changed cvar (cvar "sv_mincmdrate") (value "30")
L 10/10/2021 - 16:04:30: [basecommands.smx] "Console<0><Console><Console>" changed cvar (cvar "sv_maxcmdrate") (value "67")
L 10/10/2021 - 16:04:30: [basecommands.smx] "Console<0><Console><Console>" changed cvar (cvar "sv_minupdaterate") (value "30")
L 10/10/2021 - 16:04:30: [basecommands.smx] "Console<0><Console><Console>" changed cvar (cvar "sv_maxupdaterate") (value "67")
L 10/10/2021 - 16:04:30: [basecommands.smx] "Console<0><Console><Console>" changed cvar (cvar "nb_update_frequency") (value "0.03")
L 10/10/2021 - 16:04:30: [basecommands.smx] "Console<0><Console><Console>" changed cvar (cvar "net_splitpacket_maxrate") (value "33500")
L 10/10/2021 - 16:04:30: [basecommands.smx] "Console<0><Console><Console>" changed cvar (cvar "sv_client_min_interp_ratio") (value "0")
L 10/10/2021 - 16:04:30: [basecommands.smx] "Console<0><Console><Console>" changed cvar (cvar "sv_client_max_interp_ratio") (value "2")
L 10/10/2021 - 16:04:30: [basecommands.smx] "Console<0><Console><Console>" changed cvar (cvar "fps_max") (value "0")
L 10/10/2021 - 16:04:30: [basecommands.smx] "Console<0><Console><Console>" changed cvar (cvar "mv_maxplayers") (value "16")
L 10/10/2021 - 16:04:30: [basecommands.smx] "Console<0><Console><Console>" changed cvar (cvar "sv_maxplayers") (value "16")
L 10/10/2021 - 16:04:30: [basecommands.smx] "Console<0><Console><Console>" changed cvar (cvar "sv_allowdownload") (value "1")
L 10/10/2021 - 16:04:30: [basecommands.smx] "Console<0><Console><Console>" changed cvar (cvar "l4d_nth_joininfected") (value "1")
L 10/10/2021 - 16:04:30: [basecommands.smx] "Console<0><Console><Console>" changed cvar (cvar "l4d_nth_joinsurvivors") (value "1")
L 10/10/2021 - 16:04:30: [basecommands.smx] "Console<0><Console><Console>" changed cvar (cvar "l4d_nth_kill") (value "0")
L 10/10/2021 - 16:04:30: [basecommands.smx] "Console<0><Console><Console>" changed cvar (cvar "l4d_nth_spectate") (value "1")
L 10/10/2021 - 16:04:30: [basecommands.smx] "Console<0><Console><Console>" changed cvar (cvar "l4d_nth_message") (value "0")
L 10/10/2021 - 16:04:30: [basecommands.smx] "Console<0><Console><Console>" changed cvar (cvar "l4d_nth_timerrepeat") (value "9999")
L 10/10/2021 - 16:04:30: [basecommands.smx] "Console<0><Console><Console>" changed cvar (cvar "vs_max_team_switches") (value "9999")
L 10/10/2021 - 16:04:30: [basecommands.smx] "Console<0><Console><Console>" changed cvar (cvar "mp_autoteambalance") (value "0")
L 10/10/2021 - 16:04:30: [basecommands.smx] "Console<0><Console><Console>" changed cvar (cvar "sv_unlag_fixstuck") (value "1")
L 10/10/2021 - 16:04:30: [basecommands.smx] "Console<0><Console><Console>" changed cvar (cvar "z_brawl_chance") (value "0")
L 10/10/2021 - 16:04:30: [basecommands.smx] "Console<0><Console><Console>" changed cvar (cvar "sv_maxunlag") (value "1")
L 10/10/2021 - 16:04:30: [basecommands.smx] "Console<0><Console><Console>" changed cvar (cvar "sv_forcepreload") (value "1")
L 10/10/2021 - 16:04:30: [basecommands.smx] "Console<0><Console><Console>" changed cvar (cvar "sv_client_predict") (value "1")
L 10/10/2021 - 16:04:30: [basecommands.smx] "Console<0><Console><Console>" changed cvar (cvar "sv_client_cmdrate_difference") (value "0")
L 10/10/2021 - 16:04:30: [basecommands.smx] "Console<0><Console><Console>" changed cvar (cvar "sv_max_queries_sec_global") (value "10")
L 10/10/2021 - 16:04:30: [basecommands.smx] "Console<0><Console><Console>" changed cvar (cvar "sv_max_queries_sec") (value "3")
L 10/10/2021 - 16:04:30: [basecommands.smx] "Console<0><Console><Console>" changed cvar (cvar "sv_max_queries_window") (value "10")
L 10/10/2021 - 16:04:30: [basecommands.smx] "Console<0><Console><Console>" changed cvar (cvar "sv_player_stuck_tolerance") (value "5")
L 10/10/2021 - 16:04:30: [basecommands.smx] "Console<0><Console><Console>" changed cvar (cvar "sv_stats") (value "0")
L 10/10/2021 - 16:04:30: [basecommands.smx] "Console<0><Console><Console>" changed cvar (cvar "sv_clockcorrection_msecs") (value "25")
L 10/10/2021 - 16:04:30: [basecommands.smx] "Console<0><Console><Console>" changed cvar (cvar "z_max_neighbor_range") (value "16")
L 10/10/2021 - 16:04:30: [basecommands.smx] "Console<0><Console><Console>" changed cvar (cvar "nb_friction_forward") (value "0")
L 10/10/2021 - 16:06:41: [optional/kether/l4d2_skill_detect.smx] Clear: 1 freed 2 from 7: time: -1.00 / 3.76 -- class: smoker (with shove? 0)
L 10/10/2021 - 16:07:32: [optional/kether/l4d2_skill_detect.smx] Clear: 1 freed 8 from 6: time: -1.00 / 2.59 -- class: smoker (with shove? 0)
L 10/10/2021 - 16:08:20: [optional/kether/l4d2_skill_detect.smx] Clear: 1 freed 2 from 3: time: 1.00 / 4.52 -- class: smoker (with shove? 0)
L 10/10/2021 - 16:08:38: [optional/kether/l4d2_skill_detect.smx] Clear: 2 freed 1 from 6: time: 3.49 / -1.00 -- class: jockey (with shove? 0)
L 10/10/2021 - 16:08:53: [optional/kether/l4d2_skill_detect.smx] Clear: 2 freed 1 from 3: time: 1.92 / -1.00 -- class: hunter (with shove? 0)
L 10/10/2021 - 16:09:11: [optional/kether/l4d2_skill_detect.smx] Charge carry start: 6 - 1 -- time: 281.74
L 10/10/2021 - 16:09:15: [optional/kether/l4d2_skill_detect.smx] Clear: 8 freed 1 from 6: time: 0.77 / 4.00 -- class: charger (with shove? 0)
L 10/10/2021 - 16:09:17: [optional/kether/l4d2_skill_detect.smx] Checking charge victim: 6 - 1 - flags: 1 (alive? 1)
L 10/10/2021 - 16:09:52: [optional/kether/l4d2_skill_detect.smx] Clear: 1 freed 2 from 3: time: 2.13 / -1.00 -- class: jockey (with shove? 0)
L 10/10/2021 - 16:10:06: [optional/kether/l4d2_skill_detect.smx] Clear: 8 freed 2 from 6: time: -1.00 / 1.68 -- class: smoker (with shove? 0)
L 10/10/2021 - 16:10:35: [optional/kether/l4d2_skill_detect.smx] Clear: 2 freed 8 from 4: time: 0.97 / -1.00 -- class: jockey (with shove? 0)
L 10/10/2021 - 16:10:53: [optional/kether/l4d2_skill_detect.smx] Charge carry start: 7 - 2 -- time: 383.83
L 10/10/2021 - 16:10:56: [optional/kether/l4d2_skill_detect.smx] Clear: 1 freed 2 from 7: time: 1.52 / 2.49 -- class: charger (with shove? 0)
L 10/10/2021 - 16:10:56: [optional/kether/l4d2_skill_detect.smx] Checking charge victim: 7 - 2 - flags: 1 (alive? 1)
L 10/10/2021 - 16:11:09: [optional/kether/l4d2_skill_detect.smx] Clear: 8 freed 1 from 4: time: -1.00 / 2.31 -- class: smoker (with shove? 0)
L 10/10/2021 - 16:11:11: [optional/kether/l4d2_skill_detect.smx] Clear: 5 freed 2 from 6: time: 3.50 / -1.00 -- class: hunter (with shove? 1)
L 10/10/2021 - 16:12:16: [optional/kether/l4d2_skill_detect.smx] calarm trigger: caller 1133 / activator 1133 / delay: 0.00
L 10/10/2021 - 16:12:53: [optional/kether/l4d2_skill_detect.smx] Clear: 2 freed 1 from 4: time: 4.00 / -1.00 -- class: hunter (with shove? 0)
L 10/10/2021 - 16:14:20: [optional/kether/l4d2_skill_detect.smx] Clear: 4 freed 6 from 2: time: -1.00 / 1.29 -- class: smoker (with shove? 0)
L 10/10/2021 - 16:14:51: [optional/kether/l4d2_skill_detect.smx] Clear: 7 freed 3 from 8: time: 4.49 / -1.00 -- class: hunter (with shove? 1)
L 10/10/2021 - 16:16:31: [optional/kether/l4d2_skill_detect.smx] Clear: 6 freed 6 from 11: time: -1.00 / 0.00 -- class: smoker (with shove? 0)
L 10/10/2021 - 16:18:13: [optional/kether/l4d2_skill_detect.smx] Clear: 3 freed 3 from 8: time: -1.00 / 0.02 -- class: smoker (with shove? 0)
L 10/10/2021 - 16:19:03: SourceMod log file session started (file "/home/k26606_s20329/server_20329/left4dead2/addons/sourcemod/logs/L20211010.log") (Version "1.10.0.6494")
L 10/10/2021 - 16:19:03: [fixes/firebulletsfix.smx] Found offset for Weapon_ShootPosition 286
L 10/10/2021 - 16:19:05: [navmesh.smx] Found .NAV file in maps\c1m1_hotel.nav
L 10/10/2021 - 16:19:05: [navmesh.smx] Is mesh analyzed: 1
L 10/10/2021 - 16:19:05: [navmesh.smx] Nav version: 16; SubVersion: 14 (v10+); BSPSize: 32807960; MagicNumber: -17958194
L 10/10/2021 - 16:19:05: [navmesh.smx] Place count: 0
L 10/10/2021 - 16:19:05: [navmesh.smx] Has unnamed areas: true
L 10/10/2021 - 16:19:05: [navmesh.smx] Population type: c1streets
L 10/10/2021 - 16:19:05: [navmesh.smx] Area count: 1582
L 10/10/2021 - 16:19:05: [navmesh.smx] Parsed 1582 areas in 0.018952 seconds.
L 10/10/2021 - 16:19:05: [navmesh.smx] Ladder count: 0
L 10/10/2021 - 16:19:05: [basecommands.smx] "Console<0><Console><Console>" changed cvar (cvar "sv_minrate") (value "5000")
L 10/10/2021 - 16:19:05: [basecommands.smx] "Console<0><Console><Console>" changed cvar (cvar "sv_maxrate") (value "67000")
L 10/10/2021 - 16:19:05: [basecommands.smx] "Console<0><Console><Console>" changed cvar (cvar "sv_mincmdrate") (value "5")
L 10/10/2021 - 16:19:05: [basecommands.smx] "Console<0><Console><Console>" changed cvar (cvar "sv_maxcmdrate") (value "67")
L 10/10/2021 - 16:19:05: [basecommands.smx] "Console<0><Console><Console>" changed cvar (cvar "sv_minupdaterate") (value "5")
L 10/10/2021 - 16:19:05: [basecommands.smx] "Console<0><Console><Console>" changed cvar (cvar "sv_maxupdaterate") (value "67")
L 10/10/2021 - 16:19:05: [basecommands.smx] "Console<0><Console><Console>" changed cvar (cvar "net_splitpacket_maxrate") (value "33500")
L 10/10/2021 - 16:19:05: [basecommands.smx] "Console<0><Console><Console>" changed cvar (cvar "fps_max") (value "0")
L 10/10/2021 - 16:19:05: [basecommands.smx] "Console<0><Console><Console>" changed cvar (cvar "sv_minrate") (value "30000")
L 10/10/2021 - 16:19:05: [basecommands.smx] "Console<0><Console><Console>" changed cvar (cvar "sv_maxrate") (value "67000")
L 10/10/2021 - 16:19:05: [basecommands.smx] "Console<0><Console><Console>" changed cvar (cvar "sv_mincmdrate") (value "67")
L 10/10/2021 - 16:19:05: [basecommands.smx] "Console<0><Console><Console>" changed cvar (cvar "sv_maxcmdrate") (value "67")
L 10/10/2021 - 16:19:05: [basecommands.smx] "Console<0><Console><Console>" changed cvar (cvar "sv_minupdaterate") (value "67")
L 10/10/2021 - 16:19:05: [basecommands.smx] "Console<0><Console><Console>" changed cvar (cvar "sv_maxupdaterate") (value "67")
L 10/10/2021 - 16:19:05: [basecommands.smx] "Console<0><Console><Console>" changed cvar (cvar "net_splitpacket_maxrate") (value "33500")
L 10/10/2021 - 16:19:05: [basecommands.smx] "Console<0><Console><Console>" changed cvar (cvar "fps_max") (value "0")
L 10/10/2021 - 16:19:05: [basecommands.smx] "Console<0><Console><Console>" changed cvar (cvar "sv_minrate") (value "5000")
L 10/10/2021 - 16:19:05: [basecommands.smx] "Console<0><Console><Console>" changed cvar (cvar "sv_maxrate") (value "67000")
L 10/10/2021 - 16:19:05: [basecommands.smx] "Console<0><Console><Console>" changed cvar (cvar "sv_mincmdrate") (value "5")
L 10/10/2021 - 16:19:05: [basecommands.smx] "Console<0><Console><Console>" changed cvar (cvar "sv_maxcmdrate") (value "67")
L 10/10/2021 - 16:19:05: [basecommands.smx] "Console<0><Console><Console>" changed cvar (cvar "sv_minupdaterate") (value "5")
L 10/10/2021 - 16:19:05: [basecommands.smx] "Console<0><Console><Console>" changed cvar (cvar "sv_maxupdaterate") (value "67")
L 10/10/2021 - 16:19:05: [basecommands.smx] "Console<0><Console><Console>" changed cvar (cvar "net_splitpacket_maxrate") (value "33500")
L 10/10/2021 - 16:19:05: [basecommands.smx] "Console<0><Console><Console>" changed cvar (cvar "fps_max") (value "0")
L 10/10/2021 - 16:19:05: [basecommands.smx] "Console<0><Console><Console>" changed cvar (cvar "sv_minrate") (value "30000")
L 10/10/2021 - 16:19:05: [basecommands.smx] "Console<0><Console><Console>" changed cvar (cvar "sv_maxrate") (value "67000")
L 10/10/2021 - 16:19:05: [basecommands.smx] "Console<0><Console><Console>" changed cvar (cvar "sv_mincmdrate") (value "67")
L 10/10/2021 - 16:19:05: [basecommands.smx] "Console<0><Console><Console>" changed cvar (cvar "sv_maxcmdrate") (value "67")
L 10/10/2021 - 16:19:05: [basecommands.smx] "Console<0><Console><Console>" changed cvar (cvar "sv_minupdaterate") (value "67")
L 10/10/2021 - 16:19:05: [basecommands.smx] "Console<0><Console><Console>" changed cvar (cvar "sv_maxupdaterate") (value "67")
L 10/10/2021 - 16:19:05: [basecommands.smx] "Console<0><Console><Console>" changed cvar (cvar "net_splitpacket_maxrate") (value "33500")
L 10/10/2021 - 16:19:05: [basecommands.smx] "Console<0><Console><Console>" changed cvar (cvar "fps_max") (value "0")
L 10/10/2021 - 16:19:05: [basecommands.smx] "Console<0><Console><Console>" changed cvar (cvar "confogl_match_execcfg_plugins") (value "generalfixes.cfg;confogl_plugins.cfg;sharedplugins.cfg")
L 10/10/2021 - 16:19:05: [basecommands.smx] "Console<0><Console><Console>" changed cvar (cvar "l4d2_addons_eclipse") (value "0")
L 10/10/2021 - 16:19:05: [basecommands.smx] "Console<0><Console><Console>" changed cvar (cvar "sv_allow_wait_command") (value "0")
L 10/10/2021 - 16:19:05: [basecommands.smx] "Console<0><Console><Console>" changed cvar (cvar "sv_minrate") (value "30000")
L 10/10/2021 - 16:19:05: [basecommands.smx] "Console<0><Console><Console>" changed cvar (cvar "sv_maxrate") (value "67000")
L 10/10/2021 - 16:19:05: [basecommands.smx] "Console<0><Console><Console>" changed cvar (cvar "sv_mincmdrate") (value "30")
L 10/10/2021 - 16:19:05: [basecommands.smx] "Console<0><Console><Console>" changed cvar (cvar "sv_maxcmdrate") (value "67")
L 10/10/2021 - 16:19:05: [basecommands.smx] "Console<0><Console><Console>" changed cvar (cvar "sv_minupdaterate") (value "30")
L 10/10/2021 - 16:19:05: [basecommands.smx] "Console<0><Console><Console>" changed cvar (cvar "sv_maxupdaterate") (value "67")
L 10/10/2021 - 16:19:05: [basecommands.smx] "Console<0><Console><Console>" changed cvar (cvar "nb_update_frequency") (value "0.03")
L 10/10/2021 - 16:19:05: [basecommands.smx] "Console<0><Console><Console>" changed cvar (cvar "net_splitpacket_maxrate") (value "33500")
L 10/10/2021 - 16:19:05: [basecommands.smx] "Console<0><Console><Console>" changed cvar (cvar "sv_client_min_interp_ratio") (value "0")
L 10/10/2021 - 16:19:05: [basecommands.smx] "Console<0><Console><Console>" changed cvar (cvar "sv_client_max_interp_ratio") (value "2")
L 10/10/2021 - 16:19:05: [basecommands.smx] "Console<0><Console><Console>" changed cvar (cvar "fps_max") (value "0")
L 10/10/2021 - 16:19:05: [basecommands.smx] "Console<0><Console><Console>" changed cvar (cvar "mv_maxplayers") (value "16")
L 10/10/2021 - 16:19:05: [basecommands.smx] "Console<0><Console><Console>" changed cvar (cvar "sv_maxplayers") (value "16")
L 10/10/2021 - 16:19:05: [basecommands.smx] "Console<0><Console><Console>" changed cvar (cvar "sv_allowdownload") (value "1")
L 10/10/2021 - 16:19:05: [basecommands.smx] "Console<0><Console><Console>" changed cvar (cvar "vs_max_team_switches") (value "9999")
L 10/10/2021 - 16:19:05: [basecommands.smx] "Console<0><Console><Console>" changed cvar (cvar "mp_autoteambalance") (value "0")
L 10/10/2021 - 16:19:05: [basecommands.smx] "Console<0><Console><Console>" changed cvar (cvar "sv_unlag_fixstuck") (value "1")
L 10/10/2021 - 16:19:05: [basecommands.smx] "Console<0><Console><Console>" changed cvar (cvar "z_brawl_chance") (value "0")
L 10/10/2021 - 16:19:05: [basecommands.smx] "Console<0><Console><Console>" changed cvar (cvar "sv_maxunlag") (value "1")
L 10/10/2021 - 16:19:05: [basecommands.smx] "Console<0><Console><Console>" changed cvar (cvar "sv_forcepreload") (value "1")
L 10/10/2021 - 16:19:05: [basecommands.smx] "Console<0><Console><Console>" changed cvar (cvar "sv_client_predict") (value "1")
L 10/10/2021 - 16:19:05: [basecommands.smx] "Console<0><Console><Console>" changed cvar (cvar "sv_client_cmdrate_difference") (value "0")
L 10/10/2021 - 16:19:05: [basecommands.smx] "Console<0><Console><Console>" changed cvar (cvar "sv_max_queries_sec_global") (value "10")
L 10/10/2021 - 16:19:05: [basecommands.smx] "Console<0><Console><Console>" changed cvar (cvar "sv_max_queries_sec") (value "3")
L 10/10/2021 - 16:19:05: [basecommands.smx] "Console<0><Console><Console>" changed cvar (cvar "sv_max_queries_window") (value "10")
L 10/10/2021 - 16:19:05: [basecommands.smx] "Console<0><Console><Console>" changed cvar (cvar "sv_player_stuck_tolerance") (value "5")
L 10/10/2021 - 16:19:05: [basecommands.smx] "Console<0><Console><Console>" changed cvar (cvar "sv_stats") (value "0")
L 10/10/2021 - 16:19:05: [basecommands.smx] "Console<0><Console><Console>" changed cvar (cvar "sv_clockcorrection_msecs") (value "25")
L 10/10/2021 - 16:19:05: [basecommands.smx] "Console<0><Console><Console>" changed cvar (cvar "z_max_neighbor_range") (value "16")
L 10/10/2021 - 16:19:05: [basecommands.smx] "Console<0><Console><Console>" changed cvar (cvar "nb_friction_forward") (value "0")
L 10/10/2021 - 16:19:05: [fixes/firebulletsfix.smx] Found offset for Weapon_ShootPosition 286
L 10/10/2021 - 16:19:10: -------- Mapchange to c1m1_hotel --------
L 10/10/2021 - 16:19:10: [basecommands.smx] "Console<0><Console><Console>" changed cvar (cvar "confogl_match_execcfg_plugins") (value "generalfixes.cfg;confogl_plugins.cfg;sharedplugins.cfg")
L 10/10/2021 - 16:19:10: [basecommands.smx] "Console<0><Console><Console>" changed cvar (cvar "l4d2_addons_eclipse") (value "0")
L 10/10/2021 - 16:19:10: [basecommands.smx] "Console<0><Console><Console>" changed cvar (cvar "sv_allow_wait_command") (value "0")
L 10/10/2021 - 16:19:10: [basecommands.smx] "Console<0><Console><Console>" changed cvar (cvar "sv_minrate") (value "30000")
L 10/10/2021 - 16:19:10: [basecommands.smx] "Console<0><Console><Console>" changed cvar (cvar "sv_maxrate") (value "67000")
L 10/10/2021 - 16:19:10: [basecommands.smx] "Console<0><Console><Console>" changed cvar (cvar "sv_mincmdrate") (value "30")
L 10/10/2021 - 16:19:10: [basecommands.smx] "Console<0><Console><Console>" changed cvar (cvar "sv_maxcmdrate") (value "67")
L 10/10/2021 - 16:19:10: [basecommands.smx] "Console<0><Console><Console>" changed cvar (cvar "sv_minupdaterate") (value "30")
L 10/10/2021 - 16:19:10: [basecommands.smx] "Console<0><Console><Console>" changed cvar (cvar "sv_maxupdaterate") (value "67")
L 10/10/2021 - 16:19:10: [basecommands.smx] "Console<0><Console><Console>" changed cvar (cvar "nb_update_frequency") (value "0.03")
L 10/10/2021 - 16:19:10: [basecommands.smx] "Console<0><Console><Console>" changed cvar (cvar "net_splitpacket_maxrate") (value "33500")
L 10/10/2021 - 16:19:10: [basecommands.smx] "Console<0><Console><Console>" changed cvar (cvar "sv_client_min_interp_ratio") (value "0")
L 10/10/2021 - 16:19:10: [basecommands.smx] "Console<0><Console><Console>" changed cvar (cvar "sv_client_max_interp_ratio") (value "2")
L 10/10/2021 - 16:19:10: [basecommands.smx] "Console<0><Console><Console>" changed cvar (cvar "fps_max") (value "0")
L 10/10/2021 - 16:19:10: [basecommands.smx] "Console<0><Console><Console>" changed cvar (cvar "mv_maxplayers") (value "16")
L 10/10/2021 - 16:19:10: [basecommands.smx] "Console<0><Console><Console>" changed cvar (cvar "sv_maxplayers") (value "16")
L 10/10/2021 - 16:19:10: [basecommands.smx] "Console<0><Console><Console>" changed cvar (cvar "sv_allowdownload") (value "1")
L 10/10/2021 - 16:19:10: [basecommands.smx] "Console<0><Console><Console>" changed cvar (cvar "l4d_nth_joininfected") (value "1")
L 10/10/2021 - 16:19:10: [basecommands.smx] "Console<0><Console><Console>" changed cvar (cvar "l4d_nth_joinsurvivors") (value "1")
L 10/10/2021 - 16:19:10: [basecommands.smx] "Console<0><Console><Console>" changed cvar (cvar "l4d_nth_kill") (value "0")
L 10/10/2021 - 16:19:10: [basecommands.smx] "Console<0><Console><Console>" changed cvar (cvar "l4d_nth_spectate") (value "1")
L 10/10/2021 - 16:19:10: [basecommands.smx] "Console<0><Console><Console>" changed cvar (cvar "l4d_nth_message") (value "0")
L 10/10/2021 - 16:19:10: [basecommands.smx] "Console<0><Console><Console>" changed cvar (cvar "l4d_nth_timerrepeat") (value "9999")
L 10/10/2021 - 16:19:10: [basecommands.smx] "Console<0><Console><Console>" changed cvar (cvar "vs_max_team_switches") (value "9999")
L 10/10/2021 - 16:19:10: [basecommands.smx] "Console<0><Console><Console>" changed cvar (cvar "mp_autoteambalance") (value "0")
L 10/10/2021 - 16:19:10: [basecommands.smx] "Console<0><Console><Console>" changed cvar (cvar "sv_unlag_fixstuck") (value "1")
L 10/10/2021 - 16:19:10: [basecommands.smx] "Console<0><Console><Console>" changed cvar (cvar "z_brawl_chance") (value "0")
L 10/10/2021 - 16:19:10: [basecommands.smx] "Console<0><Console><Console>" changed cvar (cvar "sv_maxunlag") (value "1")
L 10/10/2021 - 16:19:10: [basecommands.smx] "Console<0><Console><Console>" changed cvar (cvar "sv_forcepreload") (value "1")
L 10/10/2021 - 16:19:10: [basecommands.smx] "Console<0><Console><Console>" changed cvar (cvar "sv_client_predict") (value "1")
L 10/10/2021 - 16:19:10: [basecommands.smx] "Console<0><Console><Console>" changed cvar (cvar "sv_client_cmdrate_difference") (value "0")
L 10/10/2021 - 16:19:10: [basecommands.smx] "Console<0><Console><Console>" changed cvar (cvar "sv_max_queries_sec_global") (value "10")
L 10/10/2021 - 16:19:10: [basecommands.smx] "Console<0><Console><Console>" changed cvar (cvar "sv_max_queries_sec") (value "3")
L 10/10/2021 - 16:19:10: [basecommands.smx] "Console<0><Console><Console>" changed cvar (cvar "sv_max_queries_window") (value "10")
L 10/10/2021 - 16:19:10: [basecommands.smx] "Console<0><Console><Console>" changed cvar (cvar "sv_player_stuck_tolerance") (value "5")
L 10/10/2021 - 16:19:10: [basecommands.smx] "Console<0><Console><Console>" changed cvar (cvar "sv_stats") (value "0")
L 10/10/2021 - 16:19:10: [basecommands.smx] "Console<0><Console><Console>" changed cvar (cvar "sv_clockcorrection_msecs") (value "25")
L 10/10/2021 - 16:19:10: [basecommands.smx] "Console<0><Console><Console>" changed cvar (cvar "z_max_neighbor_range") (value "16")
L 10/10/2021 - 16:19:10: [basecommands.smx] "Console<0><Console><Console>" changed cvar (cvar "nb_friction_forward") (value "0")
