L 12/12/2021 - 20:54:42: SourceMod log file session started (file "/home/k26606_s20329/server_20329/left4dead2/addons/sourcemod/logs/L20211212.log") (Version "1.10.0.6494")
L 12/12/2021 - 20:54:42: [basecommands.smx] "Console<0><Console><Console>" changed cvar (cvar "confogl_match_execcfg_plugins") (value "generalfixes.cfg;confogl_plugins.cfg;sharedplugins.cfg")
L 12/12/2021 - 20:54:42: [basecommands.smx] "Console<0><Console><Console>" changed cvar (cvar "l4d2_addons_eclipse") (value "0")
L 12/12/2021 - 20:54:42: [basecommands.smx] "Console<0><Console><Console>" changed cvar (cvar "sv_allow_wait_command") (value "0")
L 12/12/2021 - 20:54:42: [basecommands.smx] "Console<0><Console><Console>" changed cvar (cvar "sv_minrate") (value "108000")
L 12/12/2021 - 20:54:42: [basecommands.smx] "Console<0><Console><Console>" changed cvar (cvar "sv_maxrate") (value "108000")
L 12/12/2021 - 20:54:42: [basecommands.smx] "Console<0><Console><Console>" changed cvar (cvar "sv_mincmdrate") (value "108")
L 12/12/2021 - 20:54:42: [basecommands.smx] "Console<0><Console><Console>" changed cvar (cvar "sv_maxcmdrate") (value "108")
L 12/12/2021 - 20:54:42: [basecommands.smx] "Console<0><Console><Console>" changed cvar (cvar "sv_minupdaterate") (value "108")
L 12/12/2021 - 20:54:42: [basecommands.smx] "Console<0><Console><Console>" changed cvar (cvar "sv_maxupdaterate") (value "108")
L 12/12/2021 - 20:54:42: [basecommands.smx] "Console<0><Console><Console>" changed cvar (cvar "nb_update_frequency") (value "0.024")
L 12/12/2021 - 20:54:42: [basecommands.smx] "Console<0><Console><Console>" changed cvar (cvar "net_splitpacket_maxrate") (value "54000")
L 12/12/2021 - 20:54:42: [basecommands.smx] "Console<0><Console><Console>" changed cvar (cvar "sv_client_min_interp_ratio") (value "0")
L 12/12/2021 - 20:54:42: [basecommands.smx] "Console<0><Console><Console>" changed cvar (cvar "sv_client_max_interp_ratio") (value "2")
L 12/12/2021 - 20:54:42: [basecommands.smx] "Console<0><Console><Console>" changed cvar (cvar "fps_max") (value "200")
L 12/12/2021 - 20:54:42: [basecommands.smx] "Console<0><Console><Console>" changed cvar (cvar "mv_maxplayers") (value "16")
L 12/12/2021 - 20:54:42: [basecommands.smx] "Console<0><Console><Console>" changed cvar (cvar "sv_maxplayers") (value "16")
L 12/12/2021 - 20:54:42: [basecommands.smx] "Console<0><Console><Console>" changed cvar (cvar "sv_allowdownload") (value "1")
L 12/12/2021 - 20:54:42: [basecommands.smx] "Console<0><Console><Console>" changed cvar (cvar "l4d_nth_joininfected") (value "1")
L 12/12/2021 - 20:54:42: [basecommands.smx] "Console<0><Console><Console>" changed cvar (cvar "l4d_nth_joinsurvivors") (value "1")
L 12/12/2021 - 20:54:42: [basecommands.smx] "Console<0><Console><Console>" changed cvar (cvar "l4d_nth_kill") (value "0")
L 12/12/2021 - 20:54:42: [basecommands.smx] "Console<0><Console><Console>" changed cvar (cvar "l4d_nth_spectate") (value "1")
L 12/12/2021 - 20:54:42: [basecommands.smx] "Console<0><Console><Console>" changed cvar (cvar "l4d_nth_message") (value "0")
L 12/12/2021 - 20:54:42: [basecommands.smx] "Console<0><Console><Console>" changed cvar (cvar "l4d_nth_timerrepeat") (value "9999")
L 12/12/2021 - 20:54:42: [basecommands.smx] "Console<0><Console><Console>" changed cvar (cvar "vs_max_team_switches") (value "9999")
L 12/12/2021 - 20:54:42: [basecommands.smx] "Console<0><Console><Console>" changed cvar (cvar "mp_autoteambalance") (value "0")
L 12/12/2021 - 20:54:42: [basecommands.smx] "Console<0><Console><Console>" changed cvar (cvar "sv_unlag_fixstuck") (value "1")
L 12/12/2021 - 20:54:42: [basecommands.smx] "Console<0><Console><Console>" changed cvar (cvar "z_brawl_chance") (value "0")
L 12/12/2021 - 20:54:42: [basecommands.smx] "Console<0><Console><Console>" changed cvar (cvar "sv_maxunlag") (value "1")
L 12/12/2021 - 20:54:42: [basecommands.smx] "Console<0><Console><Console>" changed cvar (cvar "sv_forcepreload") (value "1")
L 12/12/2021 - 20:54:42: [basecommands.smx] "Console<0><Console><Console>" changed cvar (cvar "sv_client_predict") (value "1")
L 12/12/2021 - 20:54:42: [basecommands.smx] "Console<0><Console><Console>" changed cvar (cvar "sv_client_cmdrate_difference") (value "0")
L 12/12/2021 - 20:54:42: [basecommands.smx] "Console<0><Console><Console>" changed cvar (cvar "sv_max_queries_sec_global") (value "10")
L 12/12/2021 - 20:54:42: [basecommands.smx] "Console<0><Console><Console>" changed cvar (cvar "sv_max_queries_sec") (value "3")
L 12/12/2021 - 20:54:42: [basecommands.smx] "Console<0><Console><Console>" changed cvar (cvar "sv_max_queries_window") (value "10")
L 12/12/2021 - 20:54:42: [basecommands.smx] "Console<0><Console><Console>" changed cvar (cvar "sv_player_stuck_tolerance") (value "5")
L 12/12/2021 - 20:54:42: [basecommands.smx] "Console<0><Console><Console>" changed cvar (cvar "sv_stats") (value "0")
L 12/12/2021 - 20:54:42: [basecommands.smx] "Console<0><Console><Console>" changed cvar (cvar "sv_clockcorrection_msecs") (value "25")
L 12/12/2021 - 20:54:42: [basecommands.smx] "Console<0><Console><Console>" changed cvar (cvar "tank_swing_physics_prop_force") (value "3")
L 12/12/2021 - 20:58:22: [optional/kether/l4d2_skill_detect.smx] Clear: 0 freed 1 from 4: time: 3.29 / -1.00 -- class: jockey (with shove? 0)
L 12/12/2021 - 20:59:36: [optional/kether/l4d2_skill_detect.smx] Clear: 5 freed 3 from 8: time: 2.02 / -1.00 -- class: jockey (with shove? 0)
L 12/12/2021 - 20:59:38: [optional/kether/l4d2_skill_detect.smx] Charge carry start: 2 - 6 -- time: 296.16
L 12/12/2021 - 20:59:40: [optional/kether/l4d2_skill_detect.smx] Checking charge victim: 2 - 6 - flags: 1 (alive? 1)
L 12/12/2021 - 20:59:40: [optional/kether/l4d2_skill_detect.smx] Clear: 5 freed 6 from 2: time: 1.95 / 2.86 -- class: charger (with shove? 0)
L 12/12/2021 - 21:00:01: [optional/kether/l4d2_skill_detect.smx] Clear: 1 freed 1 from 4: time: -1.00 / 0.12 -- class: smoker (with shove? 0)
L 12/12/2021 - 21:00:42: [optional/kether/l4d2_skill_detect.smx] Charge carry start: 4 - 5 -- time: 360.52
L 12/12/2021 - 21:00:42: [optional/kether/l4d2_skill_detect.smx] Clear: 5 freed 5 from 4: time: 0.00 / 0.03 -- class: charger (with shove? 0)
L 12/12/2021 - 21:00:45: [optional/kether/l4d2_skill_detect.smx] Checking charge victim: 4 - 5 - flags: 1 (alive? 1)
L 12/12/2021 - 21:00:47: [optional/kether/l4d2_skill_detect.smx] Clear: 6 freed 5 from 2: time: 0.75 / -1.00 -- class: hunter (with shove? 0)
L 12/12/2021 - 21:01:13: [optional/kether/l4d2_skill_detect.smx] Clear: 1 freed 3 from 4: time: 4.00 / -1.00 -- class: jockey (with shove? 0)
L 12/12/2021 - 21:01:18: [optional/kether/l4d2_skill_detect.smx] Charge carry start: 8 - 3 -- time: 396.10
L 12/12/2021 - 21:01:20: [optional/kether/l4d2_skill_detect.smx] Witch Crown Check: Failed: bungled: 1 / crowntype: 0 (entity: 146)
L 12/12/2021 - 21:01:20: [optional/kether/l4d2_skill_detect.smx] Witch Crown Check: Further details: attacker: WoollyTheFox, attacker dmg: 523, teamless dmg: 0
L 12/12/2021 - 21:01:21: [optional/kether/l4d2_skill_detect.smx] Checking charge victim: 8 - 3 - flags: 1 (alive? 1)
L 12/12/2021 - 21:01:24: [optional/kether/l4d2_skill_detect.smx] Clear: 1 freed 3 from 8: time: 5.06 / 6.31 -- class: charger (with shove? 0)
L 12/12/2021 - 21:02:38: [optional/kether/l4d2_skill_detect.smx] Charge carry start: 2 - 1 -- time: 476.75
L 12/12/2021 - 21:02:38: [optional/kether/l4d2_skill_detect.smx] Clear: 1 freed 1 from 2: time: 0.00 / 0.00 -- class: charger (with shove? 0)
L 12/12/2021 - 21:02:41: [optional/kether/l4d2_skill_detect.smx] Checking charge victim: 2 - 1 - flags: 1 (alive? 1)
L 12/12/2021 - 21:03:57: [optional/kether/l4d2_skill_detect.smx] Clear: 2 freed 4 from 6: time: -1.00 / 0.71 -- class: smoker (with shove? 0)
L 12/12/2021 - 21:04:02: [optional/kether/l4d2_skill_detect.smx] Clear: 4 freed 2 from 5: time: 1.94 / 560.62 -- class: charger (with shove? 0)
L 12/12/2021 - 21:04:54: [optional/kether/l4d2_skill_detect.smx] Clear: 2 freed 7 from 1: time: 1.77 / -1.00 -- class: hunter (with shove? 0)
L 12/12/2021 - 21:05:14: [optional/kether/l4d2_skill_detect.smx] Charge carry start: 6 - 4 -- time: 632.93
L 12/12/2021 - 21:05:17: [optional/kether/l4d2_skill_detect.smx] Clear: 8 freed 4 from 6: time: 1.31 / 2.09 -- class: charger (with shove? 0)
L 12/12/2021 - 21:05:17: [optional/kether/l4d2_skill_detect.smx] Checking charge victim: 6 - 4 - flags: 1 (alive? 1)
L 12/12/2021 - 21:05:19: [optional/kether/l4d2_skill_detect.smx] Clear: 0 freed 7 from 3: time: 3.09 / -1.00 -- class: jockey (with shove? 0)
L 12/12/2021 - 21:05:47: [optional/kether/l4d2_skill_detect.smx] Clear: 4 freed 2 from 6: time: 1.48 / -1.00 -- class: hunter (with shove? 0)
L 12/12/2021 - 21:05:56: [optional/kether/l4d2_skill_detect.smx] Clear: 4 freed 8 from 3: time: -1.00 / 1.44 -- class: smoker (with shove? 1)
L 12/12/2021 - 21:06:07: [optional/kether/l4d2_skill_detect.smx] Clear: 4 freed 7 from 5: time: 0.84 / -1.00 -- class: jockey (with shove? 0)
L 12/12/2021 - 21:08:36: [optional/kether/l4d2_skill_detect.smx] Charge carry start: 1 - 4 -- time: 834.35
L 12/12/2021 - 21:08:39: [optional/kether/l4d2_skill_detect.smx] Checking charge victim: 1 - 4 - flags: 1 (alive? 1)
L 12/12/2021 - 21:08:39: [optional/kether/l4d2_skill_detect.smx] Checking charge victim: 1 - 2 - flags: 0 (alive? 1)
L 12/12/2021 - 21:09:06: [optional/kether/l4d2_skill_detect.smx] Clear: 2 freed 7 from 5: time: 0.93 / -1.00 -- class: hunter (with shove? 0)
L 12/12/2021 - 21:09:09: [optional/kether/l4d2_skill_detect.smx] Clear: 4 freed 2 from 3: time: -1.00 / 2.63 -- class: smoker (with shove? 0)
L 12/12/2021 - 21:09:24: [optional/kether/l4d2_skill_detect.smx] Witch Crown Check: Failed: bungled: 0 / crowntype: 0 (entity: 61)
L 12/12/2021 - 21:09:24: [optional/kether/l4d2_skill_detect.smx] Witch Crown Check: Further details: attacker: AlLaDyN^^-_-, attacker dmg: 245, teamless dmg: 80
L 12/12/2021 - 21:10:16: [optional/kether/l4d2_skill_detect.smx] Clear: 4 freed 2 from 5: time: -1.00 / 1.27 -- class: smoker (with shove? 1)
L 12/12/2021 - 21:10:29: [optional/kether/l4d2_skill_detect.smx] Clear: 2 freed 4 from 6: time: 2.66 / -1.00 -- class: hunter (with shove? 0)
L 12/12/2021 - 21:11:09: -------- Mapchange to c1m2_streets --------
L 12/12/2021 - 21:11:10: [basecommands.smx] "Console<0><Console><Console>" changed cvar (cvar "confogl_match_execcfg_plugins") (value "generalfixes.cfg;confogl_plugins.cfg;sharedplugins.cfg")
L 12/12/2021 - 21:11:10: [basecommands.smx] "Console<0><Console><Console>" changed cvar (cvar "l4d2_addons_eclipse") (value "0")
L 12/12/2021 - 21:11:10: [basecommands.smx] "Console<0><Console><Console>" changed cvar (cvar "sv_allow_wait_command") (value "0")
L 12/12/2021 - 21:11:10: [basecommands.smx] "Console<0><Console><Console>" changed cvar (cvar "sv_minrate") (value "108000")
L 12/12/2021 - 21:11:10: [basecommands.smx] "Console<0><Console><Console>" changed cvar (cvar "sv_maxrate") (value "108000")
L 12/12/2021 - 21:11:10: [basecommands.smx] "Console<0><Console><Console>" changed cvar (cvar "sv_mincmdrate") (value "108")
L 12/12/2021 - 21:11:10: [basecommands.smx] "Console<0><Console><Console>" changed cvar (cvar "sv_maxcmdrate") (value "108")
L 12/12/2021 - 21:11:10: [basecommands.smx] "Console<0><Console><Console>" changed cvar (cvar "sv_minupdaterate") (value "108")
L 12/12/2021 - 21:11:10: [basecommands.smx] "Console<0><Console><Console>" changed cvar (cvar "sv_maxupdaterate") (value "108")
L 12/12/2021 - 21:11:10: [basecommands.smx] "Console<0><Console><Console>" changed cvar (cvar "nb_update_frequency") (value "0.024")
L 12/12/2021 - 21:11:10: [basecommands.smx] "Console<0><Console><Console>" changed cvar (cvar "net_splitpacket_maxrate") (value "54000")
L 12/12/2021 - 21:11:10: [basecommands.smx] "Console<0><Console><Console>" changed cvar (cvar "sv_client_min_interp_ratio") (value "0")
L 12/12/2021 - 21:11:10: [basecommands.smx] "Console<0><Console><Console>" changed cvar (cvar "sv_client_max_interp_ratio") (value "2")
L 12/12/2021 - 21:11:10: [basecommands.smx] "Console<0><Console><Console>" changed cvar (cvar "fps_max") (value "200")
L 12/12/2021 - 21:11:10: [basecommands.smx] "Console<0><Console><Console>" changed cvar (cvar "mv_maxplayers") (value "16")
L 12/12/2021 - 21:11:10: [basecommands.smx] "Console<0><Console><Console>" changed cvar (cvar "sv_maxplayers") (value "16")
L 12/12/2021 - 21:11:10: [basecommands.smx] "Console<0><Console><Console>" changed cvar (cvar "sv_allowdownload") (value "1")
L 12/12/2021 - 21:11:10: [basecommands.smx] "Console<0><Console><Console>" changed cvar (cvar "l4d_nth_joininfected") (value "1")
L 12/12/2021 - 21:11:10: [basecommands.smx] "Console<0><Console><Console>" changed cvar (cvar "l4d_nth_joinsurvivors") (value "1")
L 12/12/2021 - 21:11:10: [basecommands.smx] "Console<0><Console><Console>" changed cvar (cvar "l4d_nth_kill") (value "0")
L 12/12/2021 - 21:11:10: [basecommands.smx] "Console<0><Console><Console>" changed cvar (cvar "l4d_nth_spectate") (value "1")
L 12/12/2021 - 21:11:10: [basecommands.smx] "Console<0><Console><Console>" changed cvar (cvar "l4d_nth_message") (value "0")
L 12/12/2021 - 21:11:10: [basecommands.smx] "Console<0><Console><Console>" changed cvar (cvar "l4d_nth_timerrepeat") (value "9999")
L 12/12/2021 - 21:11:10: [basecommands.smx] "Console<0><Console><Console>" changed cvar (cvar "vs_max_team_switches") (value "9999")
L 12/12/2021 - 21:11:10: [basecommands.smx] "Console<0><Console><Console>" changed cvar (cvar "mp_autoteambalance") (value "0")
L 12/12/2021 - 21:11:10: [basecommands.smx] "Console<0><Console><Console>" changed cvar (cvar "sv_unlag_fixstuck") (value "1")
L 12/12/2021 - 21:11:10: [basecommands.smx] "Console<0><Console><Console>" changed cvar (cvar "z_brawl_chance") (value "0")
L 12/12/2021 - 21:11:10: [basecommands.smx] "Console<0><Console><Console>" changed cvar (cvar "sv_maxunlag") (value "1")
L 12/12/2021 - 21:11:10: [basecommands.smx] "Console<0><Console><Console>" changed cvar (cvar "sv_forcepreload") (value "1")
L 12/12/2021 - 21:11:10: [basecommands.smx] "Console<0><Console><Console>" changed cvar (cvar "sv_client_predict") (value "1")
L 12/12/2021 - 21:11:10: [basecommands.smx] "Console<0><Console><Console>" changed cvar (cvar "sv_client_cmdrate_difference") (value "0")
L 12/12/2021 - 21:11:10: [basecommands.smx] "Console<0><Console><Console>" changed cvar (cvar "sv_max_queries_sec_global") (value "10")
L 12/12/2021 - 21:11:10: [basecommands.smx] "Console<0><Console><Console>" changed cvar (cvar "sv_max_queries_sec") (value "3")
L 12/12/2021 - 21:11:10: [basecommands.smx] "Console<0><Console><Console>" changed cvar (cvar "sv_max_queries_window") (value "10")
L 12/12/2021 - 21:11:10: [basecommands.smx] "Console<0><Console><Console>" changed cvar (cvar "sv_player_stuck_tolerance") (value "5")
L 12/12/2021 - 21:11:10: [basecommands.smx] "Console<0><Console><Console>" changed cvar (cvar "sv_stats") (value "0")
L 12/12/2021 - 21:11:10: [basecommands.smx] "Console<0><Console><Console>" changed cvar (cvar "sv_clockcorrection_msecs") (value "25")
L 12/12/2021 - 21:11:10: [basecommands.smx] "Console<0><Console><Console>" changed cvar (cvar "tank_swing_physics_prop_force") (value "3")
L 12/12/2021 - 21:12:49: [optional/kether/l4d2_skill_detect.smx] Clear: 3 freed 5 from 7: time: 0.72 / -1.00 -- class: jockey (with shove? 0)
L 12/12/2021 - 21:13:34: [optional/kether/l4d2_skill_detect.smx] Clear: 1 freed 6 from 2: time: -1.00 / 0.28 -- class: smoker (with shove? 0)
L 12/12/2021 - 21:14:12: [optional/kether/l4d2_skill_detect.smx] Charge carry start: 4 - 1 -- time: 153.04
L 12/12/2021 - 21:14:14: [optional/kether/l4d2_skill_detect.smx] Clear: 5 freed 1 from 4: time: 0.56 / 1.62 -- class: charger (with shove? 0)
L 12/12/2021 - 21:14:15: [optional/kether/l4d2_skill_detect.smx] Checking charge victim: 4 - 1 - flags: 1 (alive? 1)
L 12/12/2021 - 21:14:50: [optional/kether/l4d2_skill_detect.smx] Clear: 1 freed 6 from 7: time: 1.63 / -1.00 -- class: hunter (with shove? 0)
L 12/12/2021 - 21:14:52: [optional/kether/l4d2_skill_detect.smx] Clear: 1 freed 1 from 4: time: -1.00 / 0.00 -- class: smoker (with shove? 0)
L 12/12/2021 - 21:15:37: [optional/kether/l4d2_skill_detect.smx] Charge carry start: 2 - 5 -- time: 237.87
L 12/12/2021 - 21:15:39: [optional/kether/l4d2_skill_detect.smx] Clear: 6 freed 5 from 2: time: 1.00 / 1.75 -- class: charger (with shove? 0)
L 12/12/2021 - 21:15:40: [optional/kether/l4d2_skill_detect.smx] Checking charge victim: 2 - 5 - flags: 1 (alive? 1)
L 12/12/2021 - 21:16:18: [optional/kether/l4d2_skill_detect.smx] Clear: 6 freed 1 from 7: time: 8.54 / -1.00 -- class: jockey (with shove? 0)
L 12/12/2021 - 21:16:19: [optional/kether/l4d2_skill_detect.smx] Clear: 5 freed 3 from 4: time: 5.51 / -1.00 -- class: hunter (with shove? 0)
L 12/12/2021 - 21:17:17: [optional/kether/l4d2_skill_detect.smx] Charge carry start: 7 - 3 -- time: 337.50
L 12/12/2021 - 21:17:18: [optional/kether/l4d2_skill_detect.smx] Clear: 1 freed 3 from 7: time: 0.62 / 1.61 -- class: charger (with shove? 0)
L 12/12/2021 - 21:17:20: [optional/kether/l4d2_skill_detect.smx] Checking charge victim: 7 - 3 - flags: 1 (alive? 1)
L 12/12/2021 - 21:17:20: [optional/kether/l4d2_skill_detect.smx] Clear: 1 freed 5 from 2: time: 0.38 / 1.91 -- class: smoker (with shove? 0)
L 12/12/2021 - 21:17:43: [optional/kether/l4d2_skill_detect.smx] Clear: 6 freed 5 from 2: time: 2.70 / 8.37 -- class: smoker (with shove? 1)
L 12/12/2021 - 21:18:16: [optional/kether/l4d2_skill_detect.smx] Charge carry start: 8 - 5 -- time: 396.67
L 12/12/2021 - 21:18:20: [optional/kether/l4d2_skill_detect.smx] Checking charge victim: 8 - 5 - flags: 1 (alive? 1)
L 12/12/2021 - 21:19:03: [optional/kether/l4d2_skill_detect.smx] Clear: 6 freed 6 from 8: time: -1.00 / 0.01 -- class: smoker (with shove? 0)
L 12/12/2021 - 21:19:19: [optional/kether/l4d2_skill_detect.smx] Clear: 3 freed 6 from 7: time: 2.06 / -1.00 -- class: jockey (with shove? 0)
L 12/12/2021 - 21:19:28: [optional/kether/l4d2_skill_detect.smx] Clear: 3 freed 6 from 2: time: 3.25 / -1.00 -- class: hunter (with shove? 0)
L 12/12/2021 - 21:19:53: [optional/kether/l4d2_skill_detect.smx] Charge carry start: 7 - 3 -- time: 494.18
L 12/12/2021 - 21:19:56: [optional/kether/l4d2_skill_detect.smx] Checking charge victim: 7 - 3 - flags: 1 (alive? 1)
L 12/12/2021 - 21:19:57: [optional/kether/l4d2_skill_detect.smx] Checking charge victim: 7 - 6 - flags: 0 (alive? 1)
L 12/12/2021 - 21:19:58: [optional/kether/l4d2_skill_detect.smx] Clear: 6 freed 3 from 7: time: 3.43 / 4.51 -- class: charger (with shove? 0)
L 12/12/2021 - 21:20:06: [optional/kether/l4d2_skill_detect.smx] Clear: 1 freed 5 from 2: time: 0.52 / 2.04 -- class: smoker (with shove? 0)
L 12/12/2021 - 21:21:17: [optional/kether/l4d2_skill_detect.smx] Clear: 6 freed 3 from 8: time: 0.98 / -1.00 -- class: jockey (with shove? 1)
L 12/12/2021 - 21:21:50: [optional/kether/l4d2_skill_detect.smx] Clear: 1 freed 6 from 8: time: -1.00 / 1.22 -- class: smoker (with shove? 0)
L 12/12/2021 - 21:21:56: [optional/kether/l4d2_skill_detect.smx] Clear: 5 freed 3 from 2: time: 1.32 / -1.00 -- class: hunter (with shove? 0)
L 12/12/2021 - 21:22:24: [optional/kether/l4d2_skill_detect.smx] Clear: 5 freed 1 from 7: time: 1.26 / -1.00 -- class: jockey (with shove? 0)
L 12/12/2021 - 21:22:45: [optional/kether/l4d2_skill_detect.smx] Clear: 1 freed 1 from 8: time: -1.00 / 0.06 -- class: smoker (with shove? 0)
L 12/12/2021 - 21:23:07: [optional/kether/l4d2_skill_detect.smx] Clear: 6 freed 5 from 2: time: 4.90 / -1.00 -- class: hunter (with shove? 0)
L 12/12/2021 - 21:23:42: [optional/kether/l4d2_skill_detect.smx] Clear: 1 freed 6 from 2: time: -1.00 / 2.62 -- class: smoker (with shove? 0)
L 12/12/2021 - 21:24:51: [optional/kether/l4d2_skill_detect.smx] Clear: 8 freed 7 from 1: time: 3.73 / -1.00 -- class: jockey (with shove? 1)
L 12/12/2021 - 21:24:57: [optional/kether/l4d2_skill_detect.smx] Clear: 7 freed 4 from 5: time: -1.00 / 1.52 -- class: smoker (with shove? 0)
L 12/12/2021 - 21:25:32: [optional/kether/l4d2_skill_detect.smx] Clear: 7 freed 4 from 3: time: 2.72 / -1.00 -- class: hunter (with shove? 0)
L 12/12/2021 - 21:26:22: [optional/kether/l4d2_skill_detect.smx] Clear: 8 freed 4 from 1: time: 5.77 / -1.00 -- class: hunter (with shove? 0)
L 12/12/2021 - 21:26:51: [optional/kether/l4d2_skill_detect.smx] Charge carry start: 1 - 4 -- time: 911.84
L 12/12/2021 - 21:26:54: [optional/kether/l4d2_skill_detect.smx] Checking charge victim: 1 - 4 - flags: 1 (alive? 1)
L 12/12/2021 - 21:27:50: [optional/kether/l4d2_skill_detect.smx] Witch Crown Check: crown shot: 557, harrassed: 1 (full health: 1000 / drawthresh: 500 / oneshot 0)
L 12/12/2021 - 21:28:48: [optional/kether/l4d2_skill_detect.smx] Charge carry start: 3 - 8 -- time: 1028.49
L 12/12/2021 - 21:28:51: [optional/kether/l4d2_skill_detect.smx] Checking charge victim: 3 - 8 - flags: 1 (alive? 1)
L 12/12/2021 - 21:28:51: [optional/kether/l4d2_skill_detect.smx] Checking charge victim: 3 - 4 - flags: 0 (alive? 1)
L 12/12/2021 - 21:28:52: [optional/kether/l4d2_skill_detect.smx] Clear: 4 freed 8 from 3: time: 3.51 / 4.57 -- class: charger (with shove? 0)
L 12/12/2021 - 21:28:53: [optional/kether/l4d2_skill_detect.smx] Clear: 2 freed 7 from 1: time: 4.18 / -1.00 -- class: hunter (with shove? 0)
L 12/12/2021 - 21:29:26: [optional/kether/l4d2_skill_detect.smx] Clear: 7 freed 8 from 3: time: 0.50 / -1.00 -- class: jockey (with shove? 0)
L 12/12/2021 - 21:29:47: [optional/kether/l4d2_skill_detect.smx] Clear: 4 freed 8 from 1: time: -1.00 / 1.54 -- class: smoker (with shove? 1)
L 12/12/2021 - 21:30:21: [optional/kether/l4d2_skill_detect.smx] Clear: 2 freed 4 from 5: time: 0.81 / -1.00 -- class: hunter (with shove? 0)
L 12/12/2021 - 21:31:01: [optional/kether/l4d2_skill_detect.smx] Clear: 8 freed 4 from 3: time: 0.78 / -1.00 -- class: jockey (with shove? 1)
L 12/12/2021 - 21:32:45: [optional/kether/l4d2_skill_detect.smx] Charge carry start: 6 - 7 -- time: 1265.97
L 12/12/2021 - 21:32:49: [optional/kether/l4d2_skill_detect.smx] Checking charge victim: 6 - 7 - flags: 1 (alive? 1)
L 12/12/2021 - 21:33:17: -------- Mapchange to c1m3_mall --------
L 12/12/2021 - 21:33:18: [basecommands.smx] "Console<0><Console><Console>" changed cvar (cvar "confogl_match_execcfg_plugins") (value "generalfixes.cfg;confogl_plugins.cfg;sharedplugins.cfg")
L 12/12/2021 - 21:33:18: [basecommands.smx] "Console<0><Console><Console>" changed cvar (cvar "l4d2_addons_eclipse") (value "0")
L 12/12/2021 - 21:33:18: [basecommands.smx] "Console<0><Console><Console>" changed cvar (cvar "sv_allow_wait_command") (value "0")
L 12/12/2021 - 21:33:18: [basecommands.smx] "Console<0><Console><Console>" changed cvar (cvar "sv_minrate") (value "108000")
L 12/12/2021 - 21:33:18: [basecommands.smx] "Console<0><Console><Console>" changed cvar (cvar "sv_maxrate") (value "108000")
L 12/12/2021 - 21:33:18: [basecommands.smx] "Console<0><Console><Console>" changed cvar (cvar "sv_mincmdrate") (value "108")
L 12/12/2021 - 21:33:18: [basecommands.smx] "Console<0><Console><Console>" changed cvar (cvar "sv_maxcmdrate") (value "108")
L 12/12/2021 - 21:33:18: [basecommands.smx] "Console<0><Console><Console>" changed cvar (cvar "sv_minupdaterate") (value "108")
L 12/12/2021 - 21:33:18: [basecommands.smx] "Console<0><Console><Console>" changed cvar (cvar "sv_maxupdaterate") (value "108")
L 12/12/2021 - 21:33:18: [basecommands.smx] "Console<0><Console><Console>" changed cvar (cvar "nb_update_frequency") (value "0.024")
L 12/12/2021 - 21:33:18: [basecommands.smx] "Console<0><Console><Console>" changed cvar (cvar "net_splitpacket_maxrate") (value "54000")
L 12/12/2021 - 21:33:18: [basecommands.smx] "Console<0><Console><Console>" changed cvar (cvar "sv_client_min_interp_ratio") (value "0")
L 12/12/2021 - 21:33:18: [basecommands.smx] "Console<0><Console><Console>" changed cvar (cvar "sv_client_max_interp_ratio") (value "2")
L 12/12/2021 - 21:33:18: [basecommands.smx] "Console<0><Console><Console>" changed cvar (cvar "fps_max") (value "200")
L 12/12/2021 - 21:33:18: [basecommands.smx] "Console<0><Console><Console>" changed cvar (cvar "mv_maxplayers") (value "16")
L 12/12/2021 - 21:33:18: [basecommands.smx] "Console<0><Console><Console>" changed cvar (cvar "sv_maxplayers") (value "16")
L 12/12/2021 - 21:33:18: [basecommands.smx] "Console<0><Console><Console>" changed cvar (cvar "sv_allowdownload") (value "1")
L 12/12/2021 - 21:33:18: [basecommands.smx] "Console<0><Console><Console>" changed cvar (cvar "l4d_nth_joininfected") (value "1")
L 12/12/2021 - 21:33:18: [basecommands.smx] "Console<0><Console><Console>" changed cvar (cvar "l4d_nth_joinsurvivors") (value "1")
L 12/12/2021 - 21:33:18: [basecommands.smx] "Console<0><Console><Console>" changed cvar (cvar "l4d_nth_kill") (value "0")
L 12/12/2021 - 21:33:18: [basecommands.smx] "Console<0><Console><Console>" changed cvar (cvar "l4d_nth_spectate") (value "1")
L 12/12/2021 - 21:33:18: [basecommands.smx] "Console<0><Console><Console>" changed cvar (cvar "l4d_nth_message") (value "0")
L 12/12/2021 - 21:33:18: [basecommands.smx] "Console<0><Console><Console>" changed cvar (cvar "l4d_nth_timerrepeat") (value "9999")
L 12/12/2021 - 21:33:18: [basecommands.smx] "Console<0><Console><Console>" changed cvar (cvar "vs_max_team_switches") (value "9999")
L 12/12/2021 - 21:33:18: [basecommands.smx] "Console<0><Console><Console>" changed cvar (cvar "mp_autoteambalance") (value "0")
L 12/12/2021 - 21:33:18: [basecommands.smx] "Console<0><Console><Console>" changed cvar (cvar "sv_unlag_fixstuck") (value "1")
L 12/12/2021 - 21:33:18: [basecommands.smx] "Console<0><Console><Console>" changed cvar (cvar "z_brawl_chance") (value "0")
L 12/12/2021 - 21:33:18: [basecommands.smx] "Console<0><Console><Console>" changed cvar (cvar "sv_maxunlag") (value "1")
L 12/12/2021 - 21:33:18: [basecommands.smx] "Console<0><Console><Console>" changed cvar (cvar "sv_forcepreload") (value "1")
L 12/12/2021 - 21:33:18: [basecommands.smx] "Console<0><Console><Console>" changed cvar (cvar "sv_client_predict") (value "1")
L 12/12/2021 - 21:33:18: [basecommands.smx] "Console<0><Console><Console>" changed cvar (cvar "sv_client_cmdrate_difference") (value "0")
L 12/12/2021 - 21:33:18: [basecommands.smx] "Console<0><Console><Console>" changed cvar (cvar "sv_max_queries_sec_global") (value "10")
L 12/12/2021 - 21:33:18: [basecommands.smx] "Console<0><Console><Console>" changed cvar (cvar "sv_max_queries_sec") (value "3")
L 12/12/2021 - 21:33:18: [basecommands.smx] "Console<0><Console><Console>" changed cvar (cvar "sv_max_queries_window") (value "10")
L 12/12/2021 - 21:33:18: [basecommands.smx] "Console<0><Console><Console>" changed cvar (cvar "sv_player_stuck_tolerance") (value "5")
L 12/12/2021 - 21:33:18: [basecommands.smx] "Console<0><Console><Console>" changed cvar (cvar "sv_stats") (value "0")
L 12/12/2021 - 21:33:18: [basecommands.smx] "Console<0><Console><Console>" changed cvar (cvar "sv_clockcorrection_msecs") (value "25")
L 12/12/2021 - 21:33:18: [basecommands.smx] "Console<0><Console><Console>" changed cvar (cvar "tank_swing_physics_prop_force") (value "3")
L 12/12/2021 - 21:35:06: [optional/kether/l4d2_skill_detect.smx] Clear: 6 freed 5 from 7: time: 2.20 / -1.00 -- class: jockey (with shove? 0)
L 12/12/2021 - 21:35:42: [optional/kether/l4d2_skill_detect.smx] Clear: 5 freed 1 from 8: time: 0.93 / -1.00 -- class: hunter (with shove? 0)
L 12/12/2021 - 21:35:45: [optional/kether/l4d2_skill_detect.smx] Charge carry start: 4 - 6 -- time: 147.75
L 12/12/2021 - 21:35:48: [optional/kether/l4d2_skill_detect.smx] Clear: 5 freed 6 from 4: time: 0.83 / 2.32 -- class: charger (with shove? 0)
L 12/12/2021 - 21:35:49: [optional/kether/l4d2_skill_detect.smx] Checking charge victim: 4 - 6 - flags: 1 (alive? 1)
L 12/12/2021 - 21:36:20: [optional/kether/l4d2_skill_detect.smx] Clear: 6 freed 1 from 7: time: -1.00 / 2.99 -- class: smoker (with shove? 0)
L 12/12/2021 - 21:36:25: [optional/kether/l4d2_skill_detect.smx] Clear: 3 freed 5 from 8: time: 2.64 / -1.00 -- class: jockey (with shove? 0)
L 12/12/2021 - 21:36:27: [optional/kether/l4d2_skill_detect.smx] Clear: 5 freed 3 from 2: time: 1.24 / -1.00 -- class: hunter (with shove? 1)
L 12/12/2021 - 21:37:11: [optional/kether/l4d2_skill_detect.smx] Charge carry start: 8 - 3 -- time: 233.33
L 12/12/2021 - 21:37:13: [optional/kether/l4d2_skill_detect.smx] Clear: 1 freed 3 from 8: time: 0.85 / 2.50 -- class: charger (with shove? 0)
L 12/12/2021 - 21:37:15: [optional/kether/l4d2_skill_detect.smx] Checking charge victim: 8 - 5 - flags: 0 (alive? 1)
L 12/12/2021 - 21:37:15: [optional/kether/l4d2_skill_detect.smx] Checking charge victim: 8 - 3 - flags: 1 (alive? 1)
L 12/12/2021 - 21:37:51: [optional/kether/l4d2_skill_detect.smx] Charge carry start: 2 - 5 -- time: 273.55
L 12/12/2021 - 21:37:55: [optional/kether/l4d2_skill_detect.smx] Checking charge victim: 2 - 5 - flags: 1 (alive? 1)
L 12/12/2021 - 21:37:55: [optional/kether/l4d2_skill_detect.smx] Clear: 1 freed 5 from 2: time: 2.28 / 3.61 -- class: charger (with shove? 0)
L 12/12/2021 - 21:38:25: [optional/kether/l4d2_skill_detect.smx] Clear: 1 freed 5 from 8: time: 0.81 / -1.00 -- class: jockey (with shove? 1)
L 12/12/2021 - 21:38:42: [optional/kether/l4d2_skill_detect.smx] Clear: 1 freed 6 from 2: time: -1.00 / 0.70 -- class: smoker (with shove? 0)
L 12/12/2021 - 21:39:03: [optional/kether/l4d2_skill_detect.smx] Charge carry start: 8 - 1 -- time: 345.42
L 12/12/2021 - 21:39:05: [optional/kether/l4d2_skill_detect.smx] Clear: 6 freed 1 from 8: time: 0.00 / 1.54 -- class: charger (with shove? 0)
L 12/12/2021 - 21:39:07: [optional/kether/l4d2_skill_detect.smx] Checking charge victim: 8 - 1 - flags: 1 (alive? 1)
L 12/12/2021 - 21:39:39: [optional/kether/l4d2_skill_detect.smx] Clear: 3 freed 5 from 7: time: 1.13 / -1.00 -- class: hunter (with shove? 0)
L 12/12/2021 - 21:39:43: [optional/kether/l4d2_skill_detect.smx] Clear: 3 freed 1 from 4: time: 6.03 / -1.00 -- class: jockey (with shove? 0)
L 12/12/2021 - 21:40:37: [optional/kether/l4d2_skill_detect.smx] Clear: 3 freed 1 from 2: time: 1.59 / -1.00 -- class: hunter (with shove? 1)
L 12/12/2021 - 21:40:40: [optional/kether/l4d2_skill_detect.smx] Clear: 3 freed 5 from 8: time: 6.61 / -1.00 -- class: jockey (with shove? 0)
L 12/12/2021 - 21:40:42: [optional/kether/l4d2_skill_detect.smx] Clear: 3 freed 6 from 2: time: 1.22 / -1.00 -- class: hunter (with shove? 0)
L 12/12/2021 - 21:41:19: [optional/kether/l4d2_skill_detect.smx] Clear: 6 freed 5 from 8: time: -1.00 / 1.55 -- class: smoker (with shove? 0)
L 12/12/2021 - 21:41:23: [optional/kether/l4d2_skill_detect.smx] Charge carry start: 7 - 3 -- time: 485.72
L 12/12/2021 - 21:41:28: [optional/kether/l4d2_skill_detect.smx] Checking charge victim: 7 - 3 - flags: 1 (alive? 1)
L 12/12/2021 - 21:41:32: [optional/kether/l4d2_skill_detect.smx] Clear: 1 freed 3 from 7: time: 5.98 / 8.38 -- class: charger (with shove? 0)
L 12/12/2021 - 21:41:38: [optional/kether/l4d2_skill_detect.smx] Clear: 1 freed 6 from 8: time: 2.37 / 4.36 -- class: smoker (with shove? 0)
L 12/12/2021 - 21:41:59: [optional/kether/l4d2_skill_detect.smx] Clear: 5 freed 3 from 2: time: 2.72 / -1.00 -- class: jockey (with shove? 0)
L 12/12/2021 - 21:42:06: [optional/kether/l4d2_skill_detect.smx] Clear: 5 freed 3 from 7: time: 1.45 / -1.00 -- class: hunter (with shove? 0)
L 12/12/2021 - 21:42:57: [optional/kether/l4d2_skill_detect.smx] Charge carry start: 8 - 5 -- time: 579.44
L 12/12/2021 - 21:42:58: [optional/kether/l4d2_skill_detect.smx] Clear: 1 freed 5 from 8: time: 0.00 / 0.48 -- class: charger (with shove? 0)
L 12/12/2021 - 21:43:00: [optional/kether/l4d2_skill_detect.smx] Checking charge victim: 8 - 5 - flags: 1 (alive? 1)
L 12/12/2021 - 21:43:35: [optional/kether/l4d2_skill_detect.smx] Charge carry start: 7 - 5 -- time: 617.72
L 12/12/2021 - 21:43:38: [optional/kether/l4d2_skill_detect.smx] Clear: 6 freed 5 from 7: time: 0.70 / 2.18 -- class: charger (with shove? 0)
L 12/12/2021 - 21:43:39: [optional/kether/l4d2_skill_detect.smx] Checking charge victim: 7 - 5 - flags: 1 (alive? 1)
L 12/12/2021 - 21:44:22: [optional/kether/l4d2_skill_detect.smx] Clear: 1 freed 6 from 7: time: 2.12 / -1.00 -- class: hunter (with shove? 0)
L 12/12/2021 - 21:44:43: [optional/kether/l4d2_skill_detect.smx] Clear: 1 freed 6 from 8: time: 1.67 / 685.59 -- class: charger (with shove? 0)
L 12/12/2021 - 21:45:06: [optional/kether/l4d2_skill_detect.smx] Witch Crown Check: Failed: bungled: 1 / crowntype: 0 (entity: 344)
L 12/12/2021 - 21:45:06: [optional/kether/l4d2_skill_detect.smx] Witch Crown Check: Further details: attacker: _BORAT_, attacker dmg: 283, teamless dmg: 4
L 12/12/2021 - 21:45:14: [optional/kether/l4d2_skill_detect.smx] Clear: 3 freed 6 from 4: time: 1.00 / -1.00 -- class: jockey (with shove? 1)
L 12/12/2021 - 21:45:22: [optional/kether/l4d2_skill_detect.smx] Clear: 1 freed 3 from 8: time: 2.13 / -1.00 -- class: hunter (with shove? 1)
L 12/12/2021 - 21:46:07: [optional/kether/l4d2_skill_detect.smx] Clear: 1 freed 3 from 8: time: 3.96 / 7.20 -- class: smoker (with shove? 1)
L 12/12/2021 - 21:46:42: [optional/kether/l4d2_skill_detect.smx] Charge carry start: 8 - 3 -- time: 804.15
L 12/12/2021 - 21:46:45: [optional/kether/l4d2_skill_detect.smx] Checking charge victim: 8 - 3 - flags: 1 (alive? 1)
L 12/12/2021 - 21:48:31: [optional/kether/l4d2_skill_detect.smx] Clear: 4 freed 4 from 5: time: -1.00 / 0.62 -- class: smoker (with shove? 1)
L 12/12/2021 - 21:49:18: [optional/kether/l4d2_skill_detect.smx] Clear: 4 freed 2 from 6: time: 1.91 / -1.00 -- class: hunter (with shove? 0)
L 12/12/2021 - 21:50:01: [optional/kether/l4d2_skill_detect.smx] Clear: 7 freed 2 from 5: time: 5.94 / -1.00 -- class: hunter (with shove? 0)
L 12/12/2021 - 21:51:24: [optional/kether/l4d2_skill_detect.smx] Clear: 4 freed 8 from 1: time: 1.37 / -1.00 -- class: hunter (with shove? 0)
L 12/12/2021 - 21:51:29: [optional/kether/l4d2_skill_detect.smx] Clear: 8 freed 7 from 6: time: -1.00 / 1.58 -- class: smoker (with shove? 0)
L 12/12/2021 - 21:51:35: [optional/kether/l4d2_skill_detect.smx] Clear: 7 freed 4 from 5: time: 8.97 / -1.00 -- class: jockey (with shove? 1)
L 12/12/2021 - 21:51:47: [optional/kether/l4d2_skill_detect.smx] Clear: 7 freed 8 from 5: time: 4.90 / -1.00 -- class: jockey (with shove? 0)
L 12/12/2021 - 21:52:04: [optional/kether/l4d2_skill_detect.smx] Charge carry start: 1 - 7 -- time: 1117.76
L 12/12/2021 - 21:52:07: [optional/kether/l4d2_skill_detect.smx] Checking charge victim: 1 - 7 - flags: 1 (alive? 1)
L 12/12/2021 - 21:52:08: [optional/kether/l4d2_skill_detect.smx] Clear: 1 freed 8 from 5: time: -1.00 / 1122.02 -- class: charger (with shove? 0)
L 12/12/2021 - 21:52:21: SourceMod log file session started (file "/home/k26606_s20329/server_20329/left4dead2/addons/sourcemod/logs/L20211212.log") (Version "1.10.0.6494")
L 12/12/2021 - 21:52:21: [fixes/firebulletsfix.smx] Found offset for Weapon_ShootPosition 286
L 12/12/2021 - 21:52:22: [navmesh.smx] Found .NAV file in maps\c1m1_hotel.nav
L 12/12/2021 - 21:52:22: [navmesh.smx] Is mesh analyzed: 1
L 12/12/2021 - 21:52:22: [navmesh.smx] Nav version: 16; SubVersion: 14 (v10+); BSPSize: 32807960; MagicNumber: -17958194
L 12/12/2021 - 21:52:22: [navmesh.smx] Place count: 0
L 12/12/2021 - 21:52:22: [navmesh.smx] Has unnamed areas: true
L 12/12/2021 - 21:52:22: [navmesh.smx] Population type: c1streets
L 12/12/2021 - 21:52:22: [navmesh.smx] Area count: 1582
L 12/12/2021 - 21:52:22: [navmesh.smx] Parsed 1582 areas in 0.018054 seconds.
L 12/12/2021 - 21:52:22: [navmesh.smx] Ladder count: 0
L 12/12/2021 - 21:52:22: [basecommands.smx] "Console<0><Console><Console>" changed cvar (cvar "confogl_match_execcfg_plugins") (value "generalfixes.cfg;confogl_plugins.cfg;sharedplugins.cfg")
L 12/12/2021 - 21:52:22: [basecommands.smx] "Console<0><Console><Console>" changed cvar (cvar "l4d2_addons_eclipse") (value "0")
L 12/12/2021 - 21:52:22: [basecommands.smx] "Console<0><Console><Console>" changed cvar (cvar "sv_allow_wait_command") (value "0")
L 12/12/2021 - 21:52:22: [basecommands.smx] "Console<0><Console><Console>" changed cvar (cvar "sv_minrate") (value "108000")
L 12/12/2021 - 21:52:22: [basecommands.smx] "Console<0><Console><Console>" changed cvar (cvar "sv_maxrate") (value "108000")
L 12/12/2021 - 21:52:22: [basecommands.smx] "Console<0><Console><Console>" changed cvar (cvar "sv_mincmdrate") (value "108")
L 12/12/2021 - 21:52:22: [basecommands.smx] "Console<0><Console><Console>" changed cvar (cvar "sv_maxcmdrate") (value "108")
L 12/12/2021 - 21:52:22: [basecommands.smx] "Console<0><Console><Console>" changed cvar (cvar "sv_minupdaterate") (value "108")
L 12/12/2021 - 21:52:22: [basecommands.smx] "Console<0><Console><Console>" changed cvar (cvar "sv_maxupdaterate") (value "108")
L 12/12/2021 - 21:52:22: [basecommands.smx] "Console<0><Console><Console>" changed cvar (cvar "nb_update_frequency") (value "0.024")
L 12/12/2021 - 21:52:22: [basecommands.smx] "Console<0><Console><Console>" changed cvar (cvar "net_splitpacket_maxrate") (value "54000")
L 12/12/2021 - 21:52:22: [basecommands.smx] "Console<0><Console><Console>" changed cvar (cvar "sv_client_min_interp_ratio") (value "0")
L 12/12/2021 - 21:52:22: [basecommands.smx] "Console<0><Console><Console>" changed cvar (cvar "sv_client_max_interp_ratio") (value "2")
L 12/12/2021 - 21:52:22: [basecommands.smx] "Console<0><Console><Console>" changed cvar (cvar "fps_max") (value "200")
L 12/12/2021 - 21:52:22: [basecommands.smx] "Console<0><Console><Console>" changed cvar (cvar "mv_maxplayers") (value "16")
L 12/12/2021 - 21:52:22: [basecommands.smx] "Console<0><Console><Console>" changed cvar (cvar "sv_maxplayers") (value "16")
L 12/12/2021 - 21:52:22: [basecommands.smx] "Console<0><Console><Console>" changed cvar (cvar "sv_allowdownload") (value "1")
L 12/12/2021 - 21:52:22: [basecommands.smx] "Console<0><Console><Console>" changed cvar (cvar "vs_max_team_switches") (value "9999")
L 12/12/2021 - 21:52:22: [basecommands.smx] "Console<0><Console><Console>" changed cvar (cvar "mp_autoteambalance") (value "0")
L 12/12/2021 - 21:52:22: [basecommands.smx] "Console<0><Console><Console>" changed cvar (cvar "sv_unlag_fixstuck") (value "1")
L 12/12/2021 - 21:52:22: [basecommands.smx] "Console<0><Console><Console>" changed cvar (cvar "z_brawl_chance") (value "0")
L 12/12/2021 - 21:52:22: [basecommands.smx] "Console<0><Console><Console>" changed cvar (cvar "sv_maxunlag") (value "1")
L 12/12/2021 - 21:52:22: [basecommands.smx] "Console<0><Console><Console>" changed cvar (cvar "sv_forcepreload") (value "1")
L 12/12/2021 - 21:52:22: [basecommands.smx] "Console<0><Console><Console>" changed cvar (cvar "sv_client_predict") (value "1")
L 12/12/2021 - 21:52:22: [basecommands.smx] "Console<0><Console><Console>" changed cvar (cvar "sv_client_cmdrate_difference") (value "0")
L 12/12/2021 - 21:52:22: [basecommands.smx] "Console<0><Console><Console>" changed cvar (cvar "sv_max_queries_sec_global") (value "10")
L 12/12/2021 - 21:52:22: [basecommands.smx] "Console<0><Console><Console>" changed cvar (cvar "sv_max_queries_sec") (value "3")
L 12/12/2021 - 21:52:22: [basecommands.smx] "Console<0><Console><Console>" changed cvar (cvar "sv_max_queries_window") (value "10")
L 12/12/2021 - 21:52:22: [basecommands.smx] "Console<0><Console><Console>" changed cvar (cvar "sv_player_stuck_tolerance") (value "5")
L 12/12/2021 - 21:52:22: [basecommands.smx] "Console<0><Console><Console>" changed cvar (cvar "sv_stats") (value "0")
L 12/12/2021 - 21:52:22: [basecommands.smx] "Console<0><Console><Console>" changed cvar (cvar "sv_clockcorrection_msecs") (value "25")
L 12/12/2021 - 21:52:22: [basecommands.smx] "Console<0><Console><Console>" changed cvar (cvar "tank_swing_physics_prop_force") (value "3")
L 12/12/2021 - 21:52:23: [fixes/firebulletsfix.smx] Found offset for Weapon_ShootPosition 286
L 12/12/2021 - 21:52:27: -------- Mapchange to c1m1_hotel --------
L 12/12/2021 - 21:52:27: [basecommands.smx] "Console<0><Console><Console>" changed cvar (cvar "confogl_match_execcfg_plugins") (value "generalfixes.cfg;confogl_plugins.cfg;sharedplugins.cfg")
L 12/12/2021 - 21:52:27: [basecommands.smx] "Console<0><Console><Console>" changed cvar (cvar "l4d2_addons_eclipse") (value "0")
L 12/12/2021 - 21:52:27: [basecommands.smx] "Console<0><Console><Console>" changed cvar (cvar "sv_allow_wait_command") (value "0")
L 12/12/2021 - 21:52:27: [basecommands.smx] "Console<0><Console><Console>" changed cvar (cvar "sv_minrate") (value "108000")
L 12/12/2021 - 21:52:27: [basecommands.smx] "Console<0><Console><Console>" changed cvar (cvar "sv_maxrate") (value "108000")
L 12/12/2021 - 21:52:27: [basecommands.smx] "Console<0><Console><Console>" changed cvar (cvar "sv_mincmdrate") (value "108")
L 12/12/2021 - 21:52:27: [basecommands.smx] "Console<0><Console><Console>" changed cvar (cvar "sv_maxcmdrate") (value "108")
L 12/12/2021 - 21:52:27: [basecommands.smx] "Console<0><Console><Console>" changed cvar (cvar "sv_minupdaterate") (value "108")
L 12/12/2021 - 21:52:27: [basecommands.smx] "Console<0><Console><Console>" changed cvar (cvar "sv_maxupdaterate") (value "108")
L 12/12/2021 - 21:52:27: [basecommands.smx] "Console<0><Console><Console>" changed cvar (cvar "nb_update_frequency") (value "0.024")
L 12/12/2021 - 21:52:27: [basecommands.smx] "Console<0><Console><Console>" changed cvar (cvar "net_splitpacket_maxrate") (value "54000")
L 12/12/2021 - 21:52:27: [basecommands.smx] "Console<0><Console><Console>" changed cvar (cvar "sv_client_min_interp_ratio") (value "0")
L 12/12/2021 - 21:52:27: [basecommands.smx] "Console<0><Console><Console>" changed cvar (cvar "sv_client_max_interp_ratio") (value "2")
L 12/12/2021 - 21:52:27: [basecommands.smx] "Console<0><Console><Console>" changed cvar (cvar "fps_max") (value "200")
L 12/12/2021 - 21:52:27: [basecommands.smx] "Console<0><Console><Console>" changed cvar (cvar "mv_maxplayers") (value "16")
L 12/12/2021 - 21:52:27: [basecommands.smx] "Console<0><Console><Console>" changed cvar (cvar "sv_maxplayers") (value "16")
L 12/12/2021 - 21:52:27: [basecommands.smx] "Console<0><Console><Console>" changed cvar (cvar "sv_allowdownload") (value "1")
L 12/12/2021 - 21:52:27: [basecommands.smx] "Console<0><Console><Console>" changed cvar (cvar "l4d_nth_joininfected") (value "1")
L 12/12/2021 - 21:52:27: [basecommands.smx] "Console<0><Console><Console>" changed cvar (cvar "l4d_nth_joinsurvivors") (value "1")
L 12/12/2021 - 21:52:27: [basecommands.smx] "Console<0><Console><Console>" changed cvar (cvar "l4d_nth_kill") (value "0")
L 12/12/2021 - 21:52:27: [basecommands.smx] "Console<0><Console><Console>" changed cvar (cvar "l4d_nth_spectate") (value "1")
L 12/12/2021 - 21:52:27: [basecommands.smx] "Console<0><Console><Console>" changed cvar (cvar "l4d_nth_message") (value "0")
L 12/12/2021 - 21:52:27: [basecommands.smx] "Console<0><Console><Console>" changed cvar (cvar "l4d_nth_timerrepeat") (value "9999")
L 12/12/2021 - 21:52:27: [basecommands.smx] "Console<0><Console><Console>" changed cvar (cvar "vs_max_team_switches") (value "9999")
L 12/12/2021 - 21:52:27: [basecommands.smx] "Console<0><Console><Console>" changed cvar (cvar "mp_autoteambalance") (value "0")
L 12/12/2021 - 21:52:27: [basecommands.smx] "Console<0><Console><Console>" changed cvar (cvar "sv_unlag_fixstuck") (value "1")
L 12/12/2021 - 21:52:27: [basecommands.smx] "Console<0><Console><Console>" changed cvar (cvar "z_brawl_chance") (value "0")
L 12/12/2021 - 21:52:27: [basecommands.smx] "Console<0><Console><Console>" changed cvar (cvar "sv_maxunlag") (value "1")
L 12/12/2021 - 21:52:27: [basecommands.smx] "Console<0><Console><Console>" changed cvar (cvar "sv_forcepreload") (value "1")
L 12/12/2021 - 21:52:27: [basecommands.smx] "Console<0><Console><Console>" changed cvar (cvar "sv_client_predict") (value "1")
L 12/12/2021 - 21:52:27: [basecommands.smx] "Console<0><Console><Console>" changed cvar (cvar "sv_client_cmdrate_difference") (value "0")
L 12/12/2021 - 21:52:27: [basecommands.smx] "Console<0><Console><Console>" changed cvar (cvar "sv_max_queries_sec_global") (value "10")
L 12/12/2021 - 21:52:27: [basecommands.smx] "Console<0><Console><Console>" changed cvar (cvar "sv_max_queries_sec") (value "3")
L 12/12/2021 - 21:52:27: [basecommands.smx] "Console<0><Console><Console>" changed cvar (cvar "sv_max_queries_window") (value "10")
L 12/12/2021 - 21:52:27: [basecommands.smx] "Console<0><Console><Console>" changed cvar (cvar "sv_player_stuck_tolerance") (value "5")
L 12/12/2021 - 21:52:27: [basecommands.smx] "Console<0><Console><Console>" changed cvar (cvar "sv_stats") (value "0")
L 12/12/2021 - 21:52:27: [basecommands.smx] "Console<0><Console><Console>" changed cvar (cvar "sv_clockcorrection_msecs") (value "25")
L 12/12/2021 - 21:52:27: [basecommands.smx] "Console<0><Console><Console>" changed cvar (cvar "tank_swing_physics_prop_force") (value "3")
L 12/13/2021 - 19:09:11: Log file closed.
