L 09/19/2021 - 11:57:39: SourceMod log file session started (file "/home/k26606_s24044/server_24044/left4dead2/addons/sourcemod/logs/L20210919.log") (Version "1.10.0.6494")
L 09/19/2021 - 11:57:39: [basecommands.smx] "Console<0><Console><Console>" changed cvar (cvar "confogl_match_execcfg_plugins") (value "generalfixes.cfg;confogl_plugins.cfg;sharedplugins.cfg")
L 09/19/2021 - 11:57:39: [basecommands.smx] "Console<0><Console><Console>" changed cvar (cvar "l4d2_addons_eclipse") (value "0")
L 09/19/2021 - 11:57:39: [basecommands.smx] "Console<0><Console><Console>" changed cvar (cvar "sv_allow_wait_command") (value "0")
L 09/19/2021 - 11:57:39: [basecommands.smx] "Console<0><Console><Console>" changed cvar (cvar "sv_minrate") (value "30000")
L 09/19/2021 - 11:57:39: [basecommands.smx] "Console<0><Console><Console>" changed cvar (cvar "sv_maxrate") (value "67000")
L 09/19/2021 - 11:57:39: [basecommands.smx] "Console<0><Console><Console>" changed cvar (cvar "sv_mincmdrate") (value "30")
L 09/19/2021 - 11:57:39: [basecommands.smx] "Console<0><Console><Console>" changed cvar (cvar "sv_maxcmdrate") (value "67")
L 09/19/2021 - 11:57:39: [basecommands.smx] "Console<0><Console><Console>" changed cvar (cvar "sv_minupdaterate") (value "30")
L 09/19/2021 - 11:57:39: [basecommands.smx] "Console<0><Console><Console>" changed cvar (cvar "sv_maxupdaterate") (value "67")
L 09/19/2021 - 11:57:39: [basecommands.smx] "Console<0><Console><Console>" changed cvar (cvar "nb_update_frequency") (value "0.03")
L 09/19/2021 - 11:57:39: [basecommands.smx] "Console<0><Console><Console>" changed cvar (cvar "net_splitpacket_maxrate") (value "33500")
L 09/19/2021 - 11:57:39: [basecommands.smx] "Console<0><Console><Console>" changed cvar (cvar "sv_client_min_interp_ratio") (value "0")
L 09/19/2021 - 11:57:39: [basecommands.smx] "Console<0><Console><Console>" changed cvar (cvar "sv_client_max_interp_ratio") (value "2")
L 09/19/2021 - 11:57:39: [basecommands.smx] "Console<0><Console><Console>" changed cvar (cvar "fps_max") (value "0")
L 09/19/2021 - 11:57:39: [basecommands.smx] "Console<0><Console><Console>" changed cvar (cvar "mv_maxplayers") (value "16")
L 09/19/2021 - 11:57:39: [basecommands.smx] "Console<0><Console><Console>" changed cvar (cvar "sv_maxplayers") (value "16")
L 09/19/2021 - 11:57:39: [basecommands.smx] "Console<0><Console><Console>" changed cvar (cvar "sv_allowdownload") (value "1")
L 09/19/2021 - 11:57:39: [basecommands.smx] "Console<0><Console><Console>" changed cvar (cvar "l4d_nth_joininfected") (value "1")
L 09/19/2021 - 11:57:39: [basecommands.smx] "Console<0><Console><Console>" changed cvar (cvar "l4d_nth_joinsurvivors") (value "1")
L 09/19/2021 - 11:57:39: [basecommands.smx] "Console<0><Console><Console>" changed cvar (cvar "l4d_nth_kill") (value "0")
L 09/19/2021 - 11:57:39: [basecommands.smx] "Console<0><Console><Console>" changed cvar (cvar "l4d_nth_spectate") (value "1")
L 09/19/2021 - 11:57:39: [basecommands.smx] "Console<0><Console><Console>" changed cvar (cvar "l4d_nth_message") (value "0")
L 09/19/2021 - 11:57:39: [basecommands.smx] "Console<0><Console><Console>" changed cvar (cvar "l4d_nth_timerrepeat") (value "9999")
L 09/19/2021 - 11:57:39: [basecommands.smx] "Console<0><Console><Console>" changed cvar (cvar "vs_max_team_switches") (value "9999")
L 09/19/2021 - 11:57:39: [basecommands.smx] "Console<0><Console><Console>" changed cvar (cvar "mp_autoteambalance") (value "0")
L 09/19/2021 - 11:57:39: [basecommands.smx] "Console<0><Console><Console>" changed cvar (cvar "sv_unlag_fixstuck") (value "1")
L 09/19/2021 - 11:57:39: [basecommands.smx] "Console<0><Console><Console>" changed cvar (cvar "z_brawl_chance") (value "0")
L 09/19/2021 - 11:57:39: [basecommands.smx] "Console<0><Console><Console>" changed cvar (cvar "sv_maxunlag") (value "1")
L 09/19/2021 - 11:57:39: [basecommands.smx] "Console<0><Console><Console>" changed cvar (cvar "sv_forcepreload") (value "1")
L 09/19/2021 - 11:57:39: [basecommands.smx] "Console<0><Console><Console>" changed cvar (cvar "sv_client_predict") (value "1")
L 09/19/2021 - 11:57:39: [basecommands.smx] "Console<0><Console><Console>" changed cvar (cvar "sv_client_cmdrate_difference") (value "0")
L 09/19/2021 - 11:57:39: [basecommands.smx] "Console<0><Console><Console>" changed cvar (cvar "sv_max_queries_sec_global") (value "10")
L 09/19/2021 - 11:57:39: [basecommands.smx] "Console<0><Console><Console>" changed cvar (cvar "sv_max_queries_sec") (value "3")
L 09/19/2021 - 11:57:39: [basecommands.smx] "Console<0><Console><Console>" changed cvar (cvar "sv_max_queries_window") (value "10")
L 09/19/2021 - 11:57:39: [basecommands.smx] "Console<0><Console><Console>" changed cvar (cvar "sv_player_stuck_tolerance") (value "5")
L 09/19/2021 - 11:57:39: [basecommands.smx] "Console<0><Console><Console>" changed cvar (cvar "sv_stats") (value "0")
L 09/19/2021 - 11:57:39: [basecommands.smx] "Console<0><Console><Console>" changed cvar (cvar "sv_clockcorrection_msecs") (value "25")
L 09/19/2021 - 11:57:39: [basecommands.smx] "Console<0><Console><Console>" changed cvar (cvar "z_max_neighbor_range") (value "16")
L 09/19/2021 - 11:57:39: [basecommands.smx] "Console<0><Console><Console>" changed cvar (cvar "nb_friction_forward") (value "0")
L 09/19/2021 - 11:59:26: [fixes/firebulletsfix.smx] Found offset for Weapon_ShootPosition 286
L 09/19/2021 - 11:59:26: [confoglcompmod.smx] Set password on AlLaDyN^^-_-, password 
L 09/19/2021 - 11:59:26: [confoglcompmod.smx] Set password on Zerstorer, password 
L 09/19/2021 - 11:59:26: [confoglcompmod.smx] Set password on Pam Buk, password 
L 09/19/2021 - 11:59:26: [confoglcompmod.smx] Set password on Melisanderu27, password 
L 09/19/2021 - 11:59:26: [confoglcompmod.smx] Set password on prOserJ!, password 
L 09/19/2021 - 11:59:26: [confoglcompmod.smx] Set password on NocnyBober❤ChumDrum, password 
L 09/19/2021 - 11:59:26: [confoglcompmod.smx] Set password on Kuktasik, password 
L 09/19/2021 - 11:59:26: [navmesh.smx] Found .NAV file in maps\c2m1_highway.nav
L 09/19/2021 - 11:59:26: [navmesh.smx] Is mesh analyzed: 1
L 09/19/2021 - 11:59:26: [navmesh.smx] Nav version: 16; SubVersion: 14 (v10+); BSPSize: 26520496; MagicNumber: -17958194
L 09/19/2021 - 11:59:26: [navmesh.smx] Place count: 0
L 09/19/2021 - 11:59:26: [navmesh.smx] Has unnamed areas: true
L 09/19/2021 - 11:59:26: [navmesh.smx] Population type: default
L 09/19/2021 - 11:59:26: [navmesh.smx] Area count: 6461
L 09/19/2021 - 11:59:27: [navmesh.smx] Parsed 6461 areas in 0.391164 seconds.
L 09/19/2021 - 11:59:27: [navmesh.smx] Ladder count: 29
L 09/19/2021 - 11:59:27: [navmesh.smx] Parsed 29 ladders in 0.000090 seconds.
L 09/19/2021 - 11:59:27: [basecommands.smx] "Console<0><Console><Console>" changed cvar (cvar "sv_minrate") (value "30000")
L 09/19/2021 - 11:59:27: [basecommands.smx] "Console<0><Console><Console>" changed cvar (cvar "sv_maxrate") (value "67000")
L 09/19/2021 - 11:59:27: [basecommands.smx] "Console<0><Console><Console>" changed cvar (cvar "sv_mincmdrate") (value "67")
L 09/19/2021 - 11:59:27: [basecommands.smx] "Console<0><Console><Console>" changed cvar (cvar "sv_maxcmdrate") (value "67")
L 09/19/2021 - 11:59:27: [basecommands.smx] "Console<0><Console><Console>" changed cvar (cvar "sv_minupdaterate") (value "67")
L 09/19/2021 - 11:59:27: [basecommands.smx] "Console<0><Console><Console>" changed cvar (cvar "sv_maxupdaterate") (value "67")
L 09/19/2021 - 11:59:27: [basecommands.smx] "Console<0><Console><Console>" changed cvar (cvar "net_splitpacket_maxrate") (value "33500")
L 09/19/2021 - 11:59:27: [basecommands.smx] "Console<0><Console><Console>" changed cvar (cvar "fps_max") (value "0")
L 09/19/2021 - 11:59:28: [basecommands.smx] "Console<0><Console><Console>" changed cvar (cvar "sv_minrate") (value "30000")
L 09/19/2021 - 11:59:28: [basecommands.smx] "Console<0><Console><Console>" changed cvar (cvar "sv_maxrate") (value "67000")
L 09/19/2021 - 11:59:28: [basecommands.smx] "Console<0><Console><Console>" changed cvar (cvar "sv_mincmdrate") (value "67")
L 09/19/2021 - 11:59:28: [basecommands.smx] "Console<0><Console><Console>" changed cvar (cvar "sv_maxcmdrate") (value "67")
L 09/19/2021 - 11:59:28: [basecommands.smx] "Console<0><Console><Console>" changed cvar (cvar "sv_minupdaterate") (value "67")
L 09/19/2021 - 11:59:28: [basecommands.smx] "Console<0><Console><Console>" changed cvar (cvar "sv_maxupdaterate") (value "67")
L 09/19/2021 - 11:59:28: [basecommands.smx] "Console<0><Console><Console>" changed cvar (cvar "net_splitpacket_maxrate") (value "33500")
L 09/19/2021 - 11:59:28: [basecommands.smx] "Console<0><Console><Console>" changed cvar (cvar "fps_max") (value "0")
L 09/19/2021 - 11:59:50: [fixes/firebulletsfix.smx] Found offset for Weapon_ShootPosition 286
L 09/19/2021 - 11:59:50: [confoglcompmod.smx] Set password on AlLaDyN^^-_-, password 
L 09/19/2021 - 11:59:50: [confoglcompmod.smx] Set password on Zerstorer, password 
L 09/19/2021 - 11:59:50: [confoglcompmod.smx] Set password on Pam Buk, password 
L 09/19/2021 - 11:59:50: [confoglcompmod.smx] Set password on Melisanderu27, password 
L 09/19/2021 - 11:59:50: [confoglcompmod.smx] Set password on prOserJ!, password 
L 09/19/2021 - 11:59:50: [confoglcompmod.smx] Set password on NocnyBober❤ChumDrum, password 
L 09/19/2021 - 11:59:50: [confoglcompmod.smx] Set password on Kuktasik, password 
L 09/19/2021 - 11:59:53: -------- Mapchange to c2m1_highway --------
L 09/19/2021 - 11:59:54: [basecommands.smx] "Console<0><Console><Console>" changed cvar (cvar "confogl_match_execcfg_plugins") (value "generalfixes.cfg;confogl_plugins.cfg;sharedplugins.cfg")
L 09/19/2021 - 11:59:54: [basecommands.smx] "Console<0><Console><Console>" changed cvar (cvar "l4d2_addons_eclipse") (value "0")
L 09/19/2021 - 11:59:54: [basecommands.smx] "Console<0><Console><Console>" changed cvar (cvar "sv_allow_wait_command") (value "0")
L 09/19/2021 - 11:59:54: [basecommands.smx] "Console<0><Console><Console>" changed cvar (cvar "sv_minrate") (value "30000")
L 09/19/2021 - 11:59:54: [basecommands.smx] "Console<0><Console><Console>" changed cvar (cvar "sv_maxrate") (value "67000")
L 09/19/2021 - 11:59:54: [basecommands.smx] "Console<0><Console><Console>" changed cvar (cvar "sv_mincmdrate") (value "30")
L 09/19/2021 - 11:59:54: [basecommands.smx] "Console<0><Console><Console>" changed cvar (cvar "sv_maxcmdrate") (value "67")
L 09/19/2021 - 11:59:54: [basecommands.smx] "Console<0><Console><Console>" changed cvar (cvar "sv_minupdaterate") (value "30")
L 09/19/2021 - 11:59:54: [basecommands.smx] "Console<0><Console><Console>" changed cvar (cvar "sv_maxupdaterate") (value "67")
L 09/19/2021 - 11:59:54: [basecommands.smx] "Console<0><Console><Console>" changed cvar (cvar "nb_update_frequency") (value "0.03")
L 09/19/2021 - 11:59:54: [basecommands.smx] "Console<0><Console><Console>" changed cvar (cvar "net_splitpacket_maxrate") (value "33500")
L 09/19/2021 - 11:59:54: [basecommands.smx] "Console<0><Console><Console>" changed cvar (cvar "sv_client_min_interp_ratio") (value "0")
L 09/19/2021 - 11:59:54: [basecommands.smx] "Console<0><Console><Console>" changed cvar (cvar "sv_client_max_interp_ratio") (value "2")
L 09/19/2021 - 11:59:54: [basecommands.smx] "Console<0><Console><Console>" changed cvar (cvar "fps_max") (value "0")
L 09/19/2021 - 11:59:54: [basecommands.smx] "Console<0><Console><Console>" changed cvar (cvar "mv_maxplayers") (value "16")
L 09/19/2021 - 11:59:54: [basecommands.smx] "Console<0><Console><Console>" changed cvar (cvar "sv_maxplayers") (value "16")
L 09/19/2021 - 11:59:54: [basecommands.smx] "Console<0><Console><Console>" changed cvar (cvar "sv_allowdownload") (value "1")
L 09/19/2021 - 11:59:54: [basecommands.smx] "Console<0><Console><Console>" changed cvar (cvar "l4d_nth_joininfected") (value "1")
L 09/19/2021 - 11:59:54: [basecommands.smx] "Console<0><Console><Console>" changed cvar (cvar "l4d_nth_joinsurvivors") (value "1")
L 09/19/2021 - 11:59:54: [basecommands.smx] "Console<0><Console><Console>" changed cvar (cvar "l4d_nth_kill") (value "0")
L 09/19/2021 - 11:59:54: [basecommands.smx] "Console<0><Console><Console>" changed cvar (cvar "l4d_nth_spectate") (value "1")
L 09/19/2021 - 11:59:54: [basecommands.smx] "Console<0><Console><Console>" changed cvar (cvar "l4d_nth_message") (value "0")
L 09/19/2021 - 11:59:54: [basecommands.smx] "Console<0><Console><Console>" changed cvar (cvar "l4d_nth_timerrepeat") (value "9999")
L 09/19/2021 - 11:59:54: [basecommands.smx] "Console<0><Console><Console>" changed cvar (cvar "vs_max_team_switches") (value "9999")
L 09/19/2021 - 11:59:54: [basecommands.smx] "Console<0><Console><Console>" changed cvar (cvar "mp_autoteambalance") (value "0")
L 09/19/2021 - 11:59:54: [basecommands.smx] "Console<0><Console><Console>" changed cvar (cvar "sv_unlag_fixstuck") (value "1")
L 09/19/2021 - 11:59:54: [basecommands.smx] "Console<0><Console><Console>" changed cvar (cvar "z_brawl_chance") (value "0")
L 09/19/2021 - 11:59:54: [basecommands.smx] "Console<0><Console><Console>" changed cvar (cvar "sv_maxunlag") (value "1")
L 09/19/2021 - 11:59:54: [basecommands.smx] "Console<0><Console><Console>" changed cvar (cvar "sv_forcepreload") (value "1")
L 09/19/2021 - 11:59:54: [basecommands.smx] "Console<0><Console><Console>" changed cvar (cvar "sv_client_predict") (value "1")
L 09/19/2021 - 11:59:54: [basecommands.smx] "Console<0><Console><Console>" changed cvar (cvar "sv_client_cmdrate_difference") (value "0")
L 09/19/2021 - 11:59:54: [basecommands.smx] "Console<0><Console><Console>" changed cvar (cvar "sv_max_queries_sec_global") (value "10")
L 09/19/2021 - 11:59:54: [basecommands.smx] "Console<0><Console><Console>" changed cvar (cvar "sv_max_queries_sec") (value "3")
L 09/19/2021 - 11:59:54: [basecommands.smx] "Console<0><Console><Console>" changed cvar (cvar "sv_max_queries_window") (value "10")
L 09/19/2021 - 11:59:54: [basecommands.smx] "Console<0><Console><Console>" changed cvar (cvar "sv_player_stuck_tolerance") (value "5")
L 09/19/2021 - 11:59:54: [basecommands.smx] "Console<0><Console><Console>" changed cvar (cvar "sv_stats") (value "0")
L 09/19/2021 - 11:59:54: [basecommands.smx] "Console<0><Console><Console>" changed cvar (cvar "sv_clockcorrection_msecs") (value "25")
L 09/19/2021 - 11:59:54: [basecommands.smx] "Console<0><Console><Console>" changed cvar (cvar "z_max_neighbor_range") (value "16")
L 09/19/2021 - 11:59:54: [basecommands.smx] "Console<0><Console><Console>" changed cvar (cvar "nb_friction_forward") (value "0")
L 09/19/2021 - 12:01:16: [optional/kether/l4d2_skill_detect.smx] Clear: 7 freed 2 from 6: time: 1.26 / -1.00 -- class: hunter (with shove? 0)
L 09/19/2021 - 12:01:18: [optional/kether/l4d2_skill_detect.smx] Clear: 1 freed 5 from 3: time: 1.04 / 3.37 -- class: smoker (with shove? 0)
L 09/19/2021 - 12:01:49: [optional/kether/l4d2_skill_detect.smx] Clear: 5 freed 1 from 3: time: 1.10 / -1.00 -- class: hunter (with shove? 0)
L 09/19/2021 - 12:02:52: [optional/kether/l4d2_skill_detect.smx] Clear: 1 freed 2 from 6: time: 18.02 / 20.08 -- class: smoker (with shove? 0)
L 09/19/2021 - 12:07:58: [optional/kether/l4d2_skill_detect.smx] Clear: 2 freed 3 from 1: time: 2.02 / -1.00 -- class: hunter (with shove? 0)
L 09/19/2021 - 12:08:28: [optional/kether/l4d2_skill_detect.smx] Clear: 4 freed 3 from 1: time: 1.49 / -1.00 -- class: jockey (with shove? 0)
L 09/19/2021 - 12:08:59: [optional/kether/l4d2_skill_detect.smx] Clear: 3 freed 6 from 7: time: 0.70 / -1.00 -- class: jockey (with shove? 1)
L 09/19/2021 - 12:09:35: [optional/kether/l4d2_skill_detect.smx] Charge carry start: 7 - 6 -- time: 581.13
L 09/19/2021 - 12:09:40: [optional/kether/l4d2_skill_detect.smx] Checking charge victim: 7 - 6 - flags: 1 (alive? 1)
L 09/19/2021 - 12:09:45: [optional/kether/l4d2_skill_detect.smx] Clear: 2 freed 6 from 7: time: 7.37 / 9.77 -- class: charger (with shove? 0)
L 09/19/2021 - 12:11:05: -------- Mapchange to c2m2_fairgrounds --------
L 09/19/2021 - 12:11:06: [basecommands.smx] "Console<0><Console><Console>" changed cvar (cvar "confogl_match_execcfg_plugins") (value "generalfixes.cfg;confogl_plugins.cfg;sharedplugins.cfg")
L 09/19/2021 - 12:11:06: [basecommands.smx] "Console<0><Console><Console>" changed cvar (cvar "l4d2_addons_eclipse") (value "0")
L 09/19/2021 - 12:11:06: [basecommands.smx] "Console<0><Console><Console>" changed cvar (cvar "sv_allow_wait_command") (value "0")
L 09/19/2021 - 12:11:06: [basecommands.smx] "Console<0><Console><Console>" changed cvar (cvar "sv_minrate") (value "30000")
L 09/19/2021 - 12:11:06: [basecommands.smx] "Console<0><Console><Console>" changed cvar (cvar "sv_maxrate") (value "67000")
L 09/19/2021 - 12:11:06: [basecommands.smx] "Console<0><Console><Console>" changed cvar (cvar "sv_mincmdrate") (value "30")
L 09/19/2021 - 12:11:06: [basecommands.smx] "Console<0><Console><Console>" changed cvar (cvar "sv_maxcmdrate") (value "67")
L 09/19/2021 - 12:11:06: [basecommands.smx] "Console<0><Console><Console>" changed cvar (cvar "sv_minupdaterate") (value "30")
L 09/19/2021 - 12:11:06: [basecommands.smx] "Console<0><Console><Console>" changed cvar (cvar "sv_maxupdaterate") (value "67")
L 09/19/2021 - 12:11:06: [basecommands.smx] "Console<0><Console><Console>" changed cvar (cvar "nb_update_frequency") (value "0.03")
L 09/19/2021 - 12:11:06: [basecommands.smx] "Console<0><Console><Console>" changed cvar (cvar "net_splitpacket_maxrate") (value "33500")
L 09/19/2021 - 12:11:06: [basecommands.smx] "Console<0><Console><Console>" changed cvar (cvar "sv_client_min_interp_ratio") (value "0")
L 09/19/2021 - 12:11:06: [basecommands.smx] "Console<0><Console><Console>" changed cvar (cvar "sv_client_max_interp_ratio") (value "2")
L 09/19/2021 - 12:11:06: [basecommands.smx] "Console<0><Console><Console>" changed cvar (cvar "fps_max") (value "0")
L 09/19/2021 - 12:11:06: [basecommands.smx] "Console<0><Console><Console>" changed cvar (cvar "mv_maxplayers") (value "16")
L 09/19/2021 - 12:11:06: [basecommands.smx] "Console<0><Console><Console>" changed cvar (cvar "sv_maxplayers") (value "16")
L 09/19/2021 - 12:11:06: [basecommands.smx] "Console<0><Console><Console>" changed cvar (cvar "sv_allowdownload") (value "1")
L 09/19/2021 - 12:11:06: [basecommands.smx] "Console<0><Console><Console>" changed cvar (cvar "l4d_nth_joininfected") (value "1")
L 09/19/2021 - 12:11:06: [basecommands.smx] "Console<0><Console><Console>" changed cvar (cvar "l4d_nth_joinsurvivors") (value "1")
L 09/19/2021 - 12:11:06: [basecommands.smx] "Console<0><Console><Console>" changed cvar (cvar "l4d_nth_kill") (value "0")
L 09/19/2021 - 12:11:06: [basecommands.smx] "Console<0><Console><Console>" changed cvar (cvar "l4d_nth_spectate") (value "1")
L 09/19/2021 - 12:11:06: [basecommands.smx] "Console<0><Console><Console>" changed cvar (cvar "l4d_nth_message") (value "0")
L 09/19/2021 - 12:11:06: [basecommands.smx] "Console<0><Console><Console>" changed cvar (cvar "l4d_nth_timerrepeat") (value "9999")
L 09/19/2021 - 12:11:06: [basecommands.smx] "Console<0><Console><Console>" changed cvar (cvar "vs_max_team_switches") (value "9999")
L 09/19/2021 - 12:11:06: [basecommands.smx] "Console<0><Console><Console>" changed cvar (cvar "mp_autoteambalance") (value "0")
L 09/19/2021 - 12:11:06: [basecommands.smx] "Console<0><Console><Console>" changed cvar (cvar "sv_unlag_fixstuck") (value "1")
L 09/19/2021 - 12:11:06: [basecommands.smx] "Console<0><Console><Console>" changed cvar (cvar "z_brawl_chance") (value "0")
L 09/19/2021 - 12:11:06: [basecommands.smx] "Console<0><Console><Console>" changed cvar (cvar "sv_maxunlag") (value "1")
L 09/19/2021 - 12:11:06: [basecommands.smx] "Console<0><Console><Console>" changed cvar (cvar "sv_forcepreload") (value "1")
L 09/19/2021 - 12:11:06: [basecommands.smx] "Console<0><Console><Console>" changed cvar (cvar "sv_client_predict") (value "1")
L 09/19/2021 - 12:11:06: [basecommands.smx] "Console<0><Console><Console>" changed cvar (cvar "sv_client_cmdrate_difference") (value "0")
L 09/19/2021 - 12:11:06: [basecommands.smx] "Console<0><Console><Console>" changed cvar (cvar "sv_max_queries_sec_global") (value "10")
L 09/19/2021 - 12:11:06: [basecommands.smx] "Console<0><Console><Console>" changed cvar (cvar "sv_max_queries_sec") (value "3")
L 09/19/2021 - 12:11:06: [basecommands.smx] "Console<0><Console><Console>" changed cvar (cvar "sv_max_queries_window") (value "10")
L 09/19/2021 - 12:11:06: [basecommands.smx] "Console<0><Console><Console>" changed cvar (cvar "sv_player_stuck_tolerance") (value "5")
L 09/19/2021 - 12:11:06: [basecommands.smx] "Console<0><Console><Console>" changed cvar (cvar "sv_stats") (value "0")
L 09/19/2021 - 12:11:06: [basecommands.smx] "Console<0><Console><Console>" changed cvar (cvar "sv_clockcorrection_msecs") (value "25")
L 09/19/2021 - 12:11:06: [basecommands.smx] "Console<0><Console><Console>" changed cvar (cvar "z_max_neighbor_range") (value "16")
L 09/19/2021 - 12:11:06: [basecommands.smx] "Console<0><Console><Console>" changed cvar (cvar "nb_friction_forward") (value "0")
L 09/19/2021 - 12:13:26: [optional/kether/l4d2_skill_detect.smx] Charge carry start: 7 - 6 -- time: 141.04
L 09/19/2021 - 12:13:30: [optional/kether/l4d2_skill_detect.smx] Checking charge victim: 7 - 6 - flags: 1 (alive? 1)
L 09/19/2021 - 12:14:04: [optional/kether/l4d2_skill_detect.smx] Clear: 3 freed 6 from 7: time: -1.00 / 1.83 -- class: smoker (with shove? 0)
L 09/19/2021 - 12:14:12: [optional/kether/l4d2_skill_detect.smx] Clear: 6 freed 9 from 1: time: 11.53 / -1.00 -- class: jockey (with shove? 1)
L 09/19/2021 - 12:14:24: [optional/kether/l4d2_skill_detect.smx] Clear: 4 freed 3 from 7: time: -1.00 / 1.10 -- class: smoker (with shove? 0)
L 09/19/2021 - 12:15:51: [optional/kether/l4d2_skill_detect.smx] Charge carry start: 1 - 6 -- time: 286.19
L 09/19/2021 - 12:15:51: [optional/kether/l4d2_skill_detect.smx] Clear: 6 freed 6 from 1: time: 0.00 / 0.00 -- class: charger (with shove? 0)
L 09/19/2021 - 12:15:54: [optional/kether/l4d2_skill_detect.smx] Checking charge victim: 1 - 6 - flags: 1 (alive? 1)
L 09/19/2021 - 12:16:13: [optional/kether/l4d2_skill_detect.smx] Clear: 9 freed 6 from 1: time: -1.00 / 1.41 -- class: smoker (with shove? 1)
L 09/19/2021 - 12:17:20: [optional/kether/l4d2_skill_detect.smx] Clear: 9 freed 4 from 1: time: 11.44 / -1.00 -- class: hunter (with shove? 0)
L 09/19/2021 - 12:17:45: [optional/kether/l4d2_skill_detect.smx] Clear: 4 freed 6 from 1: time: 1.02 / -1.00 -- class: jockey (with shove? 0)
L 09/19/2021 - 12:18:08: [optional/kether/l4d2_skill_detect.smx] Clear: 9 freed 6 from 1: time: -1.00 / 0.80 -- class: smoker (with shove? 0)
L 09/19/2021 - 12:18:40: [optional/kether/l4d2_skill_detect.smx] Clear: 9 freed 6 from 7: time: 1.17 / -1.00 -- class: hunter (with shove? 0)
L 09/19/2021 - 12:20:22: [optional/kether/l4d2_skill_detect.smx] Charge carry start: 3 - 7 -- time: 556.52
L 09/19/2021 - 12:20:25: [optional/kether/l4d2_skill_detect.smx] Checking charge victim: 3 - 7 - flags: 1 (alive? 1)
L 09/19/2021 - 12:20:26: [optional/kether/l4d2_skill_detect.smx] Clear: 5 freed 1 from 6: time: 0.52 / 2.73 -- class: smoker (with shove? 1)
L 09/19/2021 - 12:20:27: [optional/kether/l4d2_skill_detect.smx] Clear: 1 freed 7 from 3: time: 4.76 / 5.55 -- class: charger (with shove? 0)
L 09/19/2021 - 12:21:29: [optional/kether/l4d2_skill_detect.smx] Clear: 5 freed 7 from 3: time: 1.44 / 3.22 -- class: smoker (with shove? 1)
L 09/19/2021 - 12:21:35: [optional/kether/l4d2_skill_detect.smx] Charge carry start: 4 - 2 -- time: 630.02
L 09/19/2021 - 12:21:39: [optional/kether/l4d2_skill_detect.smx] Checking charge victim: 4 - 2 - flags: 1 (alive? 1)
L 09/19/2021 - 12:22:08: [optional/kether/l4d2_skill_detect.smx] Clear: 2 freed 1 from 4: time: -1.00 / 1.22 -- class: smoker (with shove? 0)
L 09/19/2021 - 12:22:27: [optional/kether/l4d2_skill_detect.smx] Clear: 1 freed 7 from 4: time: 1.76 / 2.86 -- class: smoker (with shove? 0)
L 09/19/2021 - 12:23:20: [optional/kether/l4d2_skill_detect.smx] Clear: 7 freed 1 from 6: time: 1.70 / -1.00 -- class: jockey (with shove? 0)
L 09/19/2021 - 12:24:02: [optional/kether/l4d2_skill_detect.smx] Clear: 1 freed 7 from 3: time: 1.76 / -1.00 -- class: jockey (with shove? 0)
L 09/19/2021 - 12:26:51: -------- Mapchange to c2m3_coaster --------
L 09/19/2021 - 12:26:52: [basecommands.smx] "Console<0><Console><Console>" changed cvar (cvar "confogl_match_execcfg_plugins") (value "generalfixes.cfg;confogl_plugins.cfg;sharedplugins.cfg")
L 09/19/2021 - 12:26:52: [basecommands.smx] "Console<0><Console><Console>" changed cvar (cvar "l4d2_addons_eclipse") (value "0")
L 09/19/2021 - 12:26:52: [basecommands.smx] "Console<0><Console><Console>" changed cvar (cvar "sv_allow_wait_command") (value "0")
L 09/19/2021 - 12:26:52: [basecommands.smx] "Console<0><Console><Console>" changed cvar (cvar "sv_minrate") (value "30000")
L 09/19/2021 - 12:26:52: [basecommands.smx] "Console<0><Console><Console>" changed cvar (cvar "sv_maxrate") (value "67000")
L 09/19/2021 - 12:26:52: [basecommands.smx] "Console<0><Console><Console>" changed cvar (cvar "sv_mincmdrate") (value "30")
L 09/19/2021 - 12:26:52: [basecommands.smx] "Console<0><Console><Console>" changed cvar (cvar "sv_maxcmdrate") (value "67")
L 09/19/2021 - 12:26:52: [basecommands.smx] "Console<0><Console><Console>" changed cvar (cvar "sv_minupdaterate") (value "30")
L 09/19/2021 - 12:26:52: [basecommands.smx] "Console<0><Console><Console>" changed cvar (cvar "sv_maxupdaterate") (value "67")
L 09/19/2021 - 12:26:52: [basecommands.smx] "Console<0><Console><Console>" changed cvar (cvar "nb_update_frequency") (value "0.03")
L 09/19/2021 - 12:26:52: [basecommands.smx] "Console<0><Console><Console>" changed cvar (cvar "net_splitpacket_maxrate") (value "33500")
L 09/19/2021 - 12:26:52: [basecommands.smx] "Console<0><Console><Console>" changed cvar (cvar "sv_client_min_interp_ratio") (value "0")
L 09/19/2021 - 12:26:52: [basecommands.smx] "Console<0><Console><Console>" changed cvar (cvar "sv_client_max_interp_ratio") (value "2")
L 09/19/2021 - 12:26:52: [basecommands.smx] "Console<0><Console><Console>" changed cvar (cvar "fps_max") (value "0")
L 09/19/2021 - 12:26:52: [basecommands.smx] "Console<0><Console><Console>" changed cvar (cvar "mv_maxplayers") (value "16")
L 09/19/2021 - 12:26:52: [basecommands.smx] "Console<0><Console><Console>" changed cvar (cvar "sv_maxplayers") (value "16")
L 09/19/2021 - 12:26:52: [basecommands.smx] "Console<0><Console><Console>" changed cvar (cvar "sv_allowdownload") (value "1")
L 09/19/2021 - 12:26:52: [basecommands.smx] "Console<0><Console><Console>" changed cvar (cvar "l4d_nth_joininfected") (value "1")
L 09/19/2021 - 12:26:52: [basecommands.smx] "Console<0><Console><Console>" changed cvar (cvar "l4d_nth_joinsurvivors") (value "1")
L 09/19/2021 - 12:26:52: [basecommands.smx] "Console<0><Console><Console>" changed cvar (cvar "l4d_nth_kill") (value "0")
L 09/19/2021 - 12:26:52: [basecommands.smx] "Console<0><Console><Console>" changed cvar (cvar "l4d_nth_spectate") (value "1")
L 09/19/2021 - 12:26:52: [basecommands.smx] "Console<0><Console><Console>" changed cvar (cvar "l4d_nth_message") (value "0")
L 09/19/2021 - 12:26:52: [basecommands.smx] "Console<0><Console><Console>" changed cvar (cvar "l4d_nth_timerrepeat") (value "9999")
L 09/19/2021 - 12:26:52: [basecommands.smx] "Console<0><Console><Console>" changed cvar (cvar "vs_max_team_switches") (value "9999")
L 09/19/2021 - 12:26:52: [basecommands.smx] "Console<0><Console><Console>" changed cvar (cvar "mp_autoteambalance") (value "0")
L 09/19/2021 - 12:26:52: [basecommands.smx] "Console<0><Console><Console>" changed cvar (cvar "sv_unlag_fixstuck") (value "1")
L 09/19/2021 - 12:26:52: [basecommands.smx] "Console<0><Console><Console>" changed cvar (cvar "z_brawl_chance") (value "0")
L 09/19/2021 - 12:26:52: [basecommands.smx] "Console<0><Console><Console>" changed cvar (cvar "sv_maxunlag") (value "1")
L 09/19/2021 - 12:26:52: [basecommands.smx] "Console<0><Console><Console>" changed cvar (cvar "sv_forcepreload") (value "1")
L 09/19/2021 - 12:26:52: [basecommands.smx] "Console<0><Console><Console>" changed cvar (cvar "sv_client_predict") (value "1")
L 09/19/2021 - 12:26:52: [basecommands.smx] "Console<0><Console><Console>" changed cvar (cvar "sv_client_cmdrate_difference") (value "0")
L 09/19/2021 - 12:26:52: [basecommands.smx] "Console<0><Console><Console>" changed cvar (cvar "sv_max_queries_sec_global") (value "10")
L 09/19/2021 - 12:26:52: [basecommands.smx] "Console<0><Console><Console>" changed cvar (cvar "sv_max_queries_sec") (value "3")
L 09/19/2021 - 12:26:52: [basecommands.smx] "Console<0><Console><Console>" changed cvar (cvar "sv_max_queries_window") (value "10")
L 09/19/2021 - 12:26:52: [basecommands.smx] "Console<0><Console><Console>" changed cvar (cvar "sv_player_stuck_tolerance") (value "5")
L 09/19/2021 - 12:26:52: [basecommands.smx] "Console<0><Console><Console>" changed cvar (cvar "sv_stats") (value "0")
L 09/19/2021 - 12:26:52: [basecommands.smx] "Console<0><Console><Console>" changed cvar (cvar "sv_clockcorrection_msecs") (value "25")
L 09/19/2021 - 12:26:52: [basecommands.smx] "Console<0><Console><Console>" changed cvar (cvar "z_max_neighbor_range") (value "16")
L 09/19/2021 - 12:26:52: [basecommands.smx] "Console<0><Console><Console>" changed cvar (cvar "nb_friction_forward") (value "0")
L 09/19/2021 - 12:29:28: [optional/kether/l4d2_skill_detect.smx] Clear: 2 freed 1 from 6: time: 4.31 / -1.00 -- class: jockey (with shove? 0)
L 09/19/2021 - 12:29:45: [optional/kether/l4d2_skill_detect.smx] Charge carry start: 4 - 9 -- time: 173.26
L 09/19/2021 - 12:29:46: [optional/kether/l4d2_skill_detect.smx] Clear: 1 freed 9 from 4: time: 0.00 / 1.25 -- class: charger (with shove? 0)
L 09/19/2021 - 12:29:49: [optional/kether/l4d2_skill_detect.smx] Checking charge victim: 4 - 9 - flags: 1 (alive? 1)
L 09/19/2021 - 12:30:19: [optional/kether/l4d2_skill_detect.smx] Clear: 7 freed 9 from 8: time: 2.83 / -1.00 -- class: jockey (with shove? 0)
L 09/19/2021 - 12:30:23: [optional/kether/l4d2_skill_detect.smx] Clear: 2 freed 9 from 6: time: 3.14 / -1.00 -- class: hunter (with shove? 0)
L 09/19/2021 - 12:31:18: [optional/kether/l4d2_skill_detect.smx] Charge carry start: 6 - 9 -- time: 266.89
L 09/19/2021 - 12:31:20: [optional/kether/l4d2_skill_detect.smx] Clear: 7 freed 9 from 6: time: 0.32 / 1.71 -- class: charger (with shove? 0)
L 09/19/2021 - 12:31:22: [optional/kether/l4d2_skill_detect.smx] Checking charge victim: 6 - 9 - flags: 1 (alive? 1)
L 09/19/2021 - 12:31:45: [optional/kether/l4d2_skill_detect.smx] Clear: 7 freed 9 from 3: time: 3.55 / 4.71 -- class: smoker (with shove? 0)
L 09/19/2021 - 12:31:54: [optional/kether/l4d2_skill_detect.smx] Clear: 2 freed 1 from 6: time: 1.16 / -1.00 -- class: hunter (with shove? 0)
L 09/19/2021 - 12:32:05: [optional/kether/l4d2_skill_detect.smx] Clear: 2 freed 2 from 3: time: -1.00 / 0.80 -- class: smoker (with shove? 1)
L 09/19/2021 - 12:33:24: [optional/kether/l4d2_skill_detect.smx] Clear: 2 freed 7 from 4: time: 13.28 / -1.00 -- class: hunter (with shove? 0)
L 09/19/2021 - 12:34:04: [optional/kether/l4d2_skill_detect.smx] Clear: 1 freed 2 from 6: time: 0.16 / 3.62 -- class: smoker (with shove? 1)
L 09/19/2021 - 12:34:40: [playercommands.smx] "Muha<33><STEAM_1:0:187655491><>" slayed "Muha<33><STEAM_1:0:187655491><>"
L 09/19/2021 - 12:36:01: [optional/kether/l4d2_skill_detect.smx] Clear: 9 freed 6 from 1: time: -1.00 / 1.37 -- class: smoker (with shove? 0)
L 09/19/2021 - 12:36:07: [optional/kether/l4d2_skill_detect.smx] Clear: 6 freed 9 from 7: time: 1.11 / -1.00 -- class: hunter (with shove? 0)
L 09/19/2021 - 12:37:30: [optional/kether/l4d2_skill_detect.smx] Clear: 6 freed 9 from 2: time: 1.89 / -1.00 -- class: hunter (with shove? 0)
L 09/19/2021 - 12:37:54: [optional/kether/l4d2_skill_detect.smx] Clear: 4 freed 6 from 8: time: 12.82 / -1.00 -- class: jockey (with shove? 0)
L 09/19/2021 - 12:39:07: [optional/kether/l4d2_skill_detect.smx] Clear: 6 freed 4 from 7: time: 3.40 / -1.00 -- class: jockey (with shove? 0)
L 09/19/2021 - 12:39:08: [optional/kether/l4d2_skill_detect.smx] Charge carry start: 2 - 4 -- time: 737.00
L 09/19/2021 - 12:39:10: [optional/kether/l4d2_skill_detect.smx] Clear: 6 freed 4 from 2: time: 0.88 / 1.64 -- class: charger (with shove? 0)
L 09/19/2021 - 12:39:11: [optional/kether/l4d2_skill_detect.smx] Checking charge victim: 2 - 4 - flags: 1 (alive? 1)
L 09/19/2021 - 12:40:04: -------- Mapchange to c2m4_barns --------
L 09/19/2021 - 12:40:05: [basecommands.smx] "Console<0><Console><Console>" changed cvar (cvar "confogl_match_execcfg_plugins") (value "generalfixes.cfg;confogl_plugins.cfg;sharedplugins.cfg")
L 09/19/2021 - 12:40:05: [basecommands.smx] "Console<0><Console><Console>" changed cvar (cvar "l4d2_addons_eclipse") (value "0")
L 09/19/2021 - 12:40:05: [basecommands.smx] "Console<0><Console><Console>" changed cvar (cvar "sv_allow_wait_command") (value "0")
L 09/19/2021 - 12:40:05: [basecommands.smx] "Console<0><Console><Console>" changed cvar (cvar "sv_minrate") (value "30000")
L 09/19/2021 - 12:40:05: [basecommands.smx] "Console<0><Console><Console>" changed cvar (cvar "sv_maxrate") (value "67000")
L 09/19/2021 - 12:40:05: [basecommands.smx] "Console<0><Console><Console>" changed cvar (cvar "sv_mincmdrate") (value "30")
L 09/19/2021 - 12:40:05: [basecommands.smx] "Console<0><Console><Console>" changed cvar (cvar "sv_maxcmdrate") (value "67")
L 09/19/2021 - 12:40:05: [basecommands.smx] "Console<0><Console><Console>" changed cvar (cvar "sv_minupdaterate") (value "30")
L 09/19/2021 - 12:40:05: [basecommands.smx] "Console<0><Console><Console>" changed cvar (cvar "sv_maxupdaterate") (value "67")
L 09/19/2021 - 12:40:05: [basecommands.smx] "Console<0><Console><Console>" changed cvar (cvar "nb_update_frequency") (value "0.03")
L 09/19/2021 - 12:40:05: [basecommands.smx] "Console<0><Console><Console>" changed cvar (cvar "net_splitpacket_maxrate") (value "33500")
L 09/19/2021 - 12:40:05: [basecommands.smx] "Console<0><Console><Console>" changed cvar (cvar "sv_client_min_interp_ratio") (value "0")
L 09/19/2021 - 12:40:05: [basecommands.smx] "Console<0><Console><Console>" changed cvar (cvar "sv_client_max_interp_ratio") (value "2")
L 09/19/2021 - 12:40:05: [basecommands.smx] "Console<0><Console><Console>" changed cvar (cvar "fps_max") (value "0")
L 09/19/2021 - 12:40:05: [basecommands.smx] "Console<0><Console><Console>" changed cvar (cvar "mv_maxplayers") (value "16")
L 09/19/2021 - 12:40:05: [basecommands.smx] "Console<0><Console><Console>" changed cvar (cvar "sv_maxplayers") (value "16")
L 09/19/2021 - 12:40:05: [basecommands.smx] "Console<0><Console><Console>" changed cvar (cvar "sv_allowdownload") (value "1")
L 09/19/2021 - 12:40:05: [basecommands.smx] "Console<0><Console><Console>" changed cvar (cvar "l4d_nth_joininfected") (value "1")
L 09/19/2021 - 12:40:05: [basecommands.smx] "Console<0><Console><Console>" changed cvar (cvar "l4d_nth_joinsurvivors") (value "1")
L 09/19/2021 - 12:40:05: [basecommands.smx] "Console<0><Console><Console>" changed cvar (cvar "l4d_nth_kill") (value "0")
L 09/19/2021 - 12:40:05: [basecommands.smx] "Console<0><Console><Console>" changed cvar (cvar "l4d_nth_spectate") (value "1")
L 09/19/2021 - 12:40:05: [basecommands.smx] "Console<0><Console><Console>" changed cvar (cvar "l4d_nth_message") (value "0")
L 09/19/2021 - 12:40:05: [basecommands.smx] "Console<0><Console><Console>" changed cvar (cvar "l4d_nth_timerrepeat") (value "9999")
L 09/19/2021 - 12:40:05: [basecommands.smx] "Console<0><Console><Console>" changed cvar (cvar "vs_max_team_switches") (value "9999")
L 09/19/2021 - 12:40:05: [basecommands.smx] "Console<0><Console><Console>" changed cvar (cvar "mp_autoteambalance") (value "0")
L 09/19/2021 - 12:40:05: [basecommands.smx] "Console<0><Console><Console>" changed cvar (cvar "sv_unlag_fixstuck") (value "1")
L 09/19/2021 - 12:40:05: [basecommands.smx] "Console<0><Console><Console>" changed cvar (cvar "z_brawl_chance") (value "0")
L 09/19/2021 - 12:40:05: [basecommands.smx] "Console<0><Console><Console>" changed cvar (cvar "sv_maxunlag") (value "1")
L 09/19/2021 - 12:40:05: [basecommands.smx] "Console<0><Console><Console>" changed cvar (cvar "sv_forcepreload") (value "1")
L 09/19/2021 - 12:40:05: [basecommands.smx] "Console<0><Console><Console>" changed cvar (cvar "sv_client_predict") (value "1")
L 09/19/2021 - 12:40:05: [basecommands.smx] "Console<0><Console><Console>" changed cvar (cvar "sv_client_cmdrate_difference") (value "0")
L 09/19/2021 - 12:40:05: [basecommands.smx] "Console<0><Console><Console>" changed cvar (cvar "sv_max_queries_sec_global") (value "10")
L 09/19/2021 - 12:40:05: [basecommands.smx] "Console<0><Console><Console>" changed cvar (cvar "sv_max_queries_sec") (value "3")
L 09/19/2021 - 12:40:05: [basecommands.smx] "Console<0><Console><Console>" changed cvar (cvar "sv_max_queries_window") (value "10")
L 09/19/2021 - 12:40:05: [basecommands.smx] "Console<0><Console><Console>" changed cvar (cvar "sv_player_stuck_tolerance") (value "5")
L 09/19/2021 - 12:40:05: [basecommands.smx] "Console<0><Console><Console>" changed cvar (cvar "sv_stats") (value "0")
L 09/19/2021 - 12:40:05: [basecommands.smx] "Console<0><Console><Console>" changed cvar (cvar "sv_clockcorrection_msecs") (value "25")
L 09/19/2021 - 12:40:05: [basecommands.smx] "Console<0><Console><Console>" changed cvar (cvar "z_max_neighbor_range") (value "16")
L 09/19/2021 - 12:40:05: [basecommands.smx] "Console<0><Console><Console>" changed cvar (cvar "nb_friction_forward") (value "0")
L 09/19/2021 - 12:42:02: [optional/kether/l4d2_skill_detect.smx] Clear: 5 freed 7 from 6: time: 2.92 / -1.00 -- class: jockey (with shove? 0)
L 09/19/2021 - 12:44:17: [optional/kether/l4d2_skill_detect.smx] Charge carry start: 2 - 1 -- time: 252.88
L 09/19/2021 - 12:44:21: [optional/kether/l4d2_skill_detect.smx] Checking charge victim: 2 - 1 - flags: 1 (alive? 1)
L 09/19/2021 - 12:44:21: [optional/kether/l4d2_skill_detect.smx] Checking charge victim: 2 - 7 - flags: 0 (alive? 1)
L 09/19/2021 - 12:44:22: [optional/kether/l4d2_skill_detect.smx] Checking charge victim: 2 - 8 - flags: 0 (alive? 1)
L 09/19/2021 - 12:44:24: [optional/kether/l4d2_skill_detect.smx] Clear: 7 freed 1 from 2: time: 5.10 / 6.85 -- class: charger (with shove? 0)
L 09/19/2021 - 12:44:51: [optional/kether/l4d2_skill_detect.smx] Clear: 7 freed 1 from 3: time: -1.00 / 1.17 -- class: smoker (with shove? 0)
L 09/19/2021 - 12:44:56: [optional/kether/l4d2_skill_detect.smx] Clear: 8 freed 7 from 6: time: 1.85 / -1.00 -- class: hunter (with shove? 1)
L 09/19/2021 - 12:46:02: [optional/kether/l4d2_skill_detect.smx] Clear: 8 freed 7 from 2: time: -1.00 / 0.61 -- class: smoker (with shove? 0)
L 09/19/2021 - 12:46:17: [optional/kether/l4d2_skill_detect.smx] Clear: 8 freed 7 from 3: time: 1.89 / -1.00 -- class: hunter (with shove? 0)
L 09/19/2021 - 12:49:02: [optional/kether/l4d2_skill_detect.smx] Clear: 6 freed 2 from 7: time: 1.35 / -1.00 -- class: hunter (with shove? 1)
L 09/19/2021 - 12:49:43: [optional/kether/l4d2_skill_detect.smx] Clear: 2 freed 6 from 7: time: 6.23 / -1.00 -- class: jockey (with shove? 0)
L 09/19/2021 - 12:50:52: [optional/kether/l4d2_skill_detect.smx] Charge carry start: 7 - 9 -- time: 647.13
L 09/19/2021 - 12:50:53: [optional/kether/l4d2_skill_detect.smx] Clear: 2 freed 9 from 7: time: 0.16 / 1.74 -- class: charger (with shove? 0)
L 09/19/2021 - 12:50:55: [optional/kether/l4d2_skill_detect.smx] Checking charge victim: 7 - 9 - flags: 1 (alive? 1)
L 09/19/2021 - 12:51:17: [optional/kether/l4d2_skill_detect.smx] Clear: 6 freed 9 from 1: time: -1.00 / 0.40 -- class: smoker (with shove? 0)
L 09/19/2021 - 12:52:38: [optional/kether/l4d2_skill_detect.smx] Clear: 2 freed 5 from 1: time: 1.17 / -1.00 -- class: jockey (with shove? 0)
L 09/19/2021 - 12:54:16: [optional/kether/l4d2_skill_detect.smx] Clear: 2 freed 2 from 7: time: -1.00 / 0.94 -- class: smoker (with shove? 0)
L 09/19/2021 - 12:55:57: [optional/kether/l4d2_skill_detect.smx] Clear: 2 freed 6 from 7: time: 0.80 / -1.00 -- class: jockey (with shove? 0)
L 09/19/2021 - 12:56:57: [optional/kether/l4d2_skill_detect.smx] Clear: 2 freed 5 from 8: time: 2.89 / -1.00 -- class: jockey (with shove? 0)
L 09/19/2021 - 12:57:01: [optional/kether/l4d2_skill_detect.smx] Charge carry start: 7 - 5 -- time: 1016.19
L 09/19/2021 - 12:57:02: [optional/kether/l4d2_skill_detect.smx] Clear: 6 freed 5 from 7: time: 0.00 / 0.97 -- class: charger (with shove? 0)
L 09/19/2021 - 12:57:05: [optional/kether/l4d2_skill_detect.smx] Checking charge victim: 7 - 5 - flags: 1 (alive? 1)
L 09/19/2021 - 12:57:37: [optional/kether/l4d2_skill_detect.smx] Charge carry start: 1 - 2 -- time: 1052.82
L 09/19/2021 - 12:57:41: [optional/kether/l4d2_skill_detect.smx] Checking charge victim: 1 - 2 - flags: 1 (alive? 1)
L 09/19/2021 - 12:58:01: -------- Mapchange to c2m5_concert --------
L 09/19/2021 - 12:58:02: [basecommands.smx] "Console<0><Console><Console>" changed cvar (cvar "confogl_match_execcfg_plugins") (value "generalfixes.cfg;confogl_plugins.cfg;sharedplugins.cfg")
L 09/19/2021 - 12:58:02: [basecommands.smx] "Console<0><Console><Console>" changed cvar (cvar "l4d2_addons_eclipse") (value "0")
L 09/19/2021 - 12:58:02: [basecommands.smx] "Console<0><Console><Console>" changed cvar (cvar "sv_allow_wait_command") (value "0")
L 09/19/2021 - 12:58:02: [basecommands.smx] "Console<0><Console><Console>" changed cvar (cvar "sv_minrate") (value "30000")
L 09/19/2021 - 12:58:02: [basecommands.smx] "Console<0><Console><Console>" changed cvar (cvar "sv_maxrate") (value "67000")
L 09/19/2021 - 12:58:02: [basecommands.smx] "Console<0><Console><Console>" changed cvar (cvar "sv_mincmdrate") (value "30")
L 09/19/2021 - 12:58:02: [basecommands.smx] "Console<0><Console><Console>" changed cvar (cvar "sv_maxcmdrate") (value "67")
L 09/19/2021 - 12:58:02: [basecommands.smx] "Console<0><Console><Console>" changed cvar (cvar "sv_minupdaterate") (value "30")
L 09/19/2021 - 12:58:02: [basecommands.smx] "Console<0><Console><Console>" changed cvar (cvar "sv_maxupdaterate") (value "67")
L 09/19/2021 - 12:58:02: [basecommands.smx] "Console<0><Console><Console>" changed cvar (cvar "nb_update_frequency") (value "0.03")
L 09/19/2021 - 12:58:02: [basecommands.smx] "Console<0><Console><Console>" changed cvar (cvar "net_splitpacket_maxrate") (value "33500")
L 09/19/2021 - 12:58:02: [basecommands.smx] "Console<0><Console><Console>" changed cvar (cvar "sv_client_min_interp_ratio") (value "0")
L 09/19/2021 - 12:58:02: [basecommands.smx] "Console<0><Console><Console>" changed cvar (cvar "sv_client_max_interp_ratio") (value "2")
L 09/19/2021 - 12:58:02: [basecommands.smx] "Console<0><Console><Console>" changed cvar (cvar "fps_max") (value "0")
L 09/19/2021 - 12:58:02: [basecommands.smx] "Console<0><Console><Console>" changed cvar (cvar "mv_maxplayers") (value "16")
L 09/19/2021 - 12:58:02: [basecommands.smx] "Console<0><Console><Console>" changed cvar (cvar "sv_maxplayers") (value "16")
L 09/19/2021 - 12:58:02: [basecommands.smx] "Console<0><Console><Console>" changed cvar (cvar "sv_allowdownload") (value "1")
L 09/19/2021 - 12:58:02: [basecommands.smx] "Console<0><Console><Console>" changed cvar (cvar "l4d_nth_joininfected") (value "1")
L 09/19/2021 - 12:58:02: [basecommands.smx] "Console<0><Console><Console>" changed cvar (cvar "l4d_nth_joinsurvivors") (value "1")
L 09/19/2021 - 12:58:02: [basecommands.smx] "Console<0><Console><Console>" changed cvar (cvar "l4d_nth_kill") (value "0")
L 09/19/2021 - 12:58:02: [basecommands.smx] "Console<0><Console><Console>" changed cvar (cvar "l4d_nth_spectate") (value "1")
L 09/19/2021 - 12:58:02: [basecommands.smx] "Console<0><Console><Console>" changed cvar (cvar "l4d_nth_message") (value "0")
L 09/19/2021 - 12:58:02: [basecommands.smx] "Console<0><Console><Console>" changed cvar (cvar "l4d_nth_timerrepeat") (value "9999")
L 09/19/2021 - 12:58:02: [basecommands.smx] "Console<0><Console><Console>" changed cvar (cvar "vs_max_team_switches") (value "9999")
L 09/19/2021 - 12:58:02: [basecommands.smx] "Console<0><Console><Console>" changed cvar (cvar "mp_autoteambalance") (value "0")
L 09/19/2021 - 12:58:02: [basecommands.smx] "Console<0><Console><Console>" changed cvar (cvar "sv_unlag_fixstuck") (value "1")
L 09/19/2021 - 12:58:02: [basecommands.smx] "Console<0><Console><Console>" changed cvar (cvar "z_brawl_chance") (value "0")
L 09/19/2021 - 12:58:02: [basecommands.smx] "Console<0><Console><Console>" changed cvar (cvar "sv_maxunlag") (value "1")
L 09/19/2021 - 12:58:02: [basecommands.smx] "Console<0><Console><Console>" changed cvar (cvar "sv_forcepreload") (value "1")
L 09/19/2021 - 12:58:02: [basecommands.smx] "Console<0><Console><Console>" changed cvar (cvar "sv_client_predict") (value "1")
L 09/19/2021 - 12:58:02: [basecommands.smx] "Console<0><Console><Console>" changed cvar (cvar "sv_client_cmdrate_difference") (value "0")
L 09/19/2021 - 12:58:02: [basecommands.smx] "Console<0><Console><Console>" changed cvar (cvar "sv_max_queries_sec_global") (value "10")
L 09/19/2021 - 12:58:02: [basecommands.smx] "Console<0><Console><Console>" changed cvar (cvar "sv_max_queries_sec") (value "3")
L 09/19/2021 - 12:58:02: [basecommands.smx] "Console<0><Console><Console>" changed cvar (cvar "sv_max_queries_window") (value "10")
L 09/19/2021 - 12:58:02: [basecommands.smx] "Console<0><Console><Console>" changed cvar (cvar "sv_player_stuck_tolerance") (value "5")
L 09/19/2021 - 12:58:02: [basecommands.smx] "Console<0><Console><Console>" changed cvar (cvar "sv_stats") (value "0")
L 09/19/2021 - 12:58:02: [basecommands.smx] "Console<0><Console><Console>" changed cvar (cvar "sv_clockcorrection_msecs") (value "25")
L 09/19/2021 - 12:58:02: [basecommands.smx] "Console<0><Console><Console>" changed cvar (cvar "z_max_neighbor_range") (value "16")
L 09/19/2021 - 12:58:02: [basecommands.smx] "Console<0><Console><Console>" changed cvar (cvar "nb_friction_forward") (value "0")
L 09/19/2021 - 13:00:40: [optional/kether/autopause.smx] [AutoPause] Player STEAM_1:1:71805866 left the game with -159.552230 time until spawn.
L 09/19/2021 - 13:00:47: [optional/kether/autopause.smx] [AutoPause] Player STEAM_1:1:197235625 left the game with -167.014923 time until spawn.
L 09/19/2021 - 13:00:50: [optional/kether/autopause.smx] [AutoPause] Player STEAM_1:0:187655491 left the game with -170.194030 time until spawn.
L 09/19/2021 - 13:01:18: SourceMod log file session started (file "/home/k26606_s24044/server_24044/left4dead2/addons/sourcemod/logs/L20210919.log") (Version "1.10.0.6494")
L 09/19/2021 - 13:01:18: [fixes/firebulletsfix.smx] Found offset for Weapon_ShootPosition 286
L 09/19/2021 - 13:01:19: [navmesh.smx] Found .NAV file in maps\c5m1_waterfront.nav
L 09/19/2021 - 13:01:19: [navmesh.smx] Is mesh analyzed: 1
L 09/19/2021 - 13:01:19: [navmesh.smx] Nav version: 16; SubVersion: 14 (v10+); BSPSize: 17860648; MagicNumber: -17958194
L 09/19/2021 - 13:01:19: [navmesh.smx] Place count: 0
L 09/19/2021 - 13:01:19: [navmesh.smx] Has unnamed areas: true
L 09/19/2021 - 13:01:19: [navmesh.smx] Population type: crescentcity
L 09/19/2021 - 13:01:19: [navmesh.smx] Area count: 2929
L 09/19/2021 - 13:01:19: [navmesh.smx] Parsed 2929 areas in 0.153990 seconds.
L 09/19/2021 - 13:01:19: [navmesh.smx] Ladder count: 30
L 09/19/2021 - 13:01:19: [navmesh.smx] Parsed 30 ladders in 0.000076 seconds.
L 09/19/2021 - 13:01:19: [basecommands.smx] "Console<0><Console><Console>" changed cvar (cvar "sv_minrate") (value "30000")
L 09/19/2021 - 13:01:19: [basecommands.smx] "Console<0><Console><Console>" changed cvar (cvar "sv_maxrate") (value "67000")
L 09/19/2021 - 13:01:19: [basecommands.smx] "Console<0><Console><Console>" changed cvar (cvar "sv_mincmdrate") (value "67")
L 09/19/2021 - 13:01:19: [basecommands.smx] "Console<0><Console><Console>" changed cvar (cvar "sv_maxcmdrate") (value "67")
L 09/19/2021 - 13:01:19: [basecommands.smx] "Console<0><Console><Console>" changed cvar (cvar "sv_minupdaterate") (value "67")
L 09/19/2021 - 13:01:19: [basecommands.smx] "Console<0><Console><Console>" changed cvar (cvar "sv_maxupdaterate") (value "67")
L 09/19/2021 - 13:01:19: [basecommands.smx] "Console<0><Console><Console>" changed cvar (cvar "net_splitpacket_maxrate") (value "33500")
L 09/19/2021 - 13:01:19: [basecommands.smx] "Console<0><Console><Console>" changed cvar (cvar "fps_max") (value "0")
L 09/19/2021 - 13:01:19: [basecommands.smx] "Console<0><Console><Console>" changed cvar (cvar "sv_minrate") (value "30000")
L 09/19/2021 - 13:01:19: [basecommands.smx] "Console<0><Console><Console>" changed cvar (cvar "sv_maxrate") (value "67000")
L 09/19/2021 - 13:01:19: [basecommands.smx] "Console<0><Console><Console>" changed cvar (cvar "sv_mincmdrate") (value "67")
L 09/19/2021 - 13:01:19: [basecommands.smx] "Console<0><Console><Console>" changed cvar (cvar "sv_maxcmdrate") (value "67")
L 09/19/2021 - 13:01:19: [basecommands.smx] "Console<0><Console><Console>" changed cvar (cvar "sv_minupdaterate") (value "67")
L 09/19/2021 - 13:01:19: [basecommands.smx] "Console<0><Console><Console>" changed cvar (cvar "sv_maxupdaterate") (value "67")
L 09/19/2021 - 13:01:19: [basecommands.smx] "Console<0><Console><Console>" changed cvar (cvar "net_splitpacket_maxrate") (value "33500")
L 09/19/2021 - 13:01:19: [basecommands.smx] "Console<0><Console><Console>" changed cvar (cvar "fps_max") (value "0")
L 09/19/2021 - 13:01:19: [basecommands.smx] "Console<0><Console><Console>" changed cvar (cvar "confogl_match_execcfg_plugins") (value "generalfixes.cfg;confogl_plugins.cfg;sharedplugins.cfg")
L 09/19/2021 - 13:01:19: [basecommands.smx] "Console<0><Console><Console>" changed cvar (cvar "l4d2_addons_eclipse") (value "0")
L 09/19/2021 - 13:01:19: [basecommands.smx] "Console<0><Console><Console>" changed cvar (cvar "sv_allow_wait_command") (value "0")
L 09/19/2021 - 13:01:19: [basecommands.smx] "Console<0><Console><Console>" changed cvar (cvar "sv_minrate") (value "30000")
L 09/19/2021 - 13:01:19: [basecommands.smx] "Console<0><Console><Console>" changed cvar (cvar "sv_maxrate") (value "67000")
L 09/19/2021 - 13:01:19: [basecommands.smx] "Console<0><Console><Console>" changed cvar (cvar "sv_mincmdrate") (value "30")
L 09/19/2021 - 13:01:19: [basecommands.smx] "Console<0><Console><Console>" changed cvar (cvar "sv_maxcmdrate") (value "67")
L 09/19/2021 - 13:01:19: [basecommands.smx] "Console<0><Console><Console>" changed cvar (cvar "sv_minupdaterate") (value "30")
L 09/19/2021 - 13:01:19: [basecommands.smx] "Console<0><Console><Console>" changed cvar (cvar "sv_maxupdaterate") (value "67")
L 09/19/2021 - 13:01:19: [basecommands.smx] "Console<0><Console><Console>" changed cvar (cvar "nb_update_frequency") (value "0.03")
L 09/19/2021 - 13:01:19: [basecommands.smx] "Console<0><Console><Console>" changed cvar (cvar "net_splitpacket_maxrate") (value "33500")
L 09/19/2021 - 13:01:19: [basecommands.smx] "Console<0><Console><Console>" changed cvar (cvar "sv_client_min_interp_ratio") (value "0")
L 09/19/2021 - 13:01:19: [basecommands.smx] "Console<0><Console><Console>" changed cvar (cvar "sv_client_max_interp_ratio") (value "2")
L 09/19/2021 - 13:01:19: [basecommands.smx] "Console<0><Console><Console>" changed cvar (cvar "fps_max") (value "0")
L 09/19/2021 - 13:01:19: [basecommands.smx] "Console<0><Console><Console>" changed cvar (cvar "mv_maxplayers") (value "16")
L 09/19/2021 - 13:01:19: [basecommands.smx] "Console<0><Console><Console>" changed cvar (cvar "sv_maxplayers") (value "16")
L 09/19/2021 - 13:01:19: [basecommands.smx] "Console<0><Console><Console>" changed cvar (cvar "sv_allowdownload") (value "1")
L 09/19/2021 - 13:01:19: [basecommands.smx] "Console<0><Console><Console>" changed cvar (cvar "vs_max_team_switches") (value "9999")
L 09/19/2021 - 13:01:19: [basecommands.smx] "Console<0><Console><Console>" changed cvar (cvar "mp_autoteambalance") (value "0")
L 09/19/2021 - 13:01:19: [basecommands.smx] "Console<0><Console><Console>" changed cvar (cvar "sv_unlag_fixstuck") (value "1")
L 09/19/2021 - 13:01:19: [basecommands.smx] "Console<0><Console><Console>" changed cvar (cvar "z_brawl_chance") (value "0")
L 09/19/2021 - 13:01:19: [basecommands.smx] "Console<0><Console><Console>" changed cvar (cvar "sv_maxunlag") (value "1")
L 09/19/2021 - 13:01:19: [basecommands.smx] "Console<0><Console><Console>" changed cvar (cvar "sv_forcepreload") (value "1")
L 09/19/2021 - 13:01:19: [basecommands.smx] "Console<0><Console><Console>" changed cvar (cvar "sv_client_predict") (value "1")
L 09/19/2021 - 13:01:19: [basecommands.smx] "Console<0><Console><Console>" changed cvar (cvar "sv_client_cmdrate_difference") (value "0")
L 09/19/2021 - 13:01:19: [basecommands.smx] "Console<0><Console><Console>" changed cvar (cvar "sv_max_queries_sec_global") (value "10")
L 09/19/2021 - 13:01:19: [basecommands.smx] "Console<0><Console><Console>" changed cvar (cvar "sv_max_queries_sec") (value "3")
L 09/19/2021 - 13:01:19: [basecommands.smx] "Console<0><Console><Console>" changed cvar (cvar "sv_max_queries_window") (value "10")
L 09/19/2021 - 13:01:19: [basecommands.smx] "Console<0><Console><Console>" changed cvar (cvar "sv_player_stuck_tolerance") (value "5")
L 09/19/2021 - 13:01:19: [basecommands.smx] "Console<0><Console><Console>" changed cvar (cvar "sv_stats") (value "0")
L 09/19/2021 - 13:01:19: [basecommands.smx] "Console<0><Console><Console>" changed cvar (cvar "sv_clockcorrection_msecs") (value "25")
L 09/19/2021 - 13:01:19: [basecommands.smx] "Console<0><Console><Console>" changed cvar (cvar "z_max_neighbor_range") (value "16")
L 09/19/2021 - 13:01:19: [basecommands.smx] "Console<0><Console><Console>" changed cvar (cvar "nb_friction_forward") (value "0")
L 09/19/2021 - 13:01:20: [fixes/firebulletsfix.smx] Found offset for Weapon_ShootPosition 286
L 09/19/2021 - 13:01:25: -------- Mapchange to c5m1_waterfront --------
L 09/19/2021 - 13:01:26: [basecommands.smx] "Console<0><Console><Console>" changed cvar (cvar "confogl_match_execcfg_plugins") (value "generalfixes.cfg;confogl_plugins.cfg;sharedplugins.cfg")
L 09/19/2021 - 13:01:26: [basecommands.smx] "Console<0><Console><Console>" changed cvar (cvar "l4d2_addons_eclipse") (value "0")
L 09/19/2021 - 13:01:26: [basecommands.smx] "Console<0><Console><Console>" changed cvar (cvar "sv_allow_wait_command") (value "0")
L 09/19/2021 - 13:01:26: [basecommands.smx] "Console<0><Console><Console>" changed cvar (cvar "sv_minrate") (value "30000")
L 09/19/2021 - 13:01:26: [basecommands.smx] "Console<0><Console><Console>" changed cvar (cvar "sv_maxrate") (value "67000")
L 09/19/2021 - 13:01:26: [basecommands.smx] "Console<0><Console><Console>" changed cvar (cvar "sv_mincmdrate") (value "30")
L 09/19/2021 - 13:01:26: [basecommands.smx] "Console<0><Console><Console>" changed cvar (cvar "sv_maxcmdrate") (value "67")
L 09/19/2021 - 13:01:26: [basecommands.smx] "Console<0><Console><Console>" changed cvar (cvar "sv_minupdaterate") (value "30")
L 09/19/2021 - 13:01:26: [basecommands.smx] "Console<0><Console><Console>" changed cvar (cvar "sv_maxupdaterate") (value "67")
L 09/19/2021 - 13:01:26: [basecommands.smx] "Console<0><Console><Console>" changed cvar (cvar "nb_update_frequency") (value "0.03")
L 09/19/2021 - 13:01:26: [basecommands.smx] "Console<0><Console><Console>" changed cvar (cvar "net_splitpacket_maxrate") (value "33500")
L 09/19/2021 - 13:01:26: [basecommands.smx] "Console<0><Console><Console>" changed cvar (cvar "sv_client_min_interp_ratio") (value "0")
L 09/19/2021 - 13:01:26: [basecommands.smx] "Console<0><Console><Console>" changed cvar (cvar "sv_client_max_interp_ratio") (value "2")
L 09/19/2021 - 13:01:26: [basecommands.smx] "Console<0><Console><Console>" changed cvar (cvar "fps_max") (value "0")
L 09/19/2021 - 13:01:26: [basecommands.smx] "Console<0><Console><Console>" changed cvar (cvar "mv_maxplayers") (value "16")
L 09/19/2021 - 13:01:26: [basecommands.smx] "Console<0><Console><Console>" changed cvar (cvar "sv_maxplayers") (value "16")
L 09/19/2021 - 13:01:26: [basecommands.smx] "Console<0><Console><Console>" changed cvar (cvar "sv_allowdownload") (value "1")
L 09/19/2021 - 13:01:26: [basecommands.smx] "Console<0><Console><Console>" changed cvar (cvar "l4d_nth_joininfected") (value "1")
L 09/19/2021 - 13:01:26: [basecommands.smx] "Console<0><Console><Console>" changed cvar (cvar "l4d_nth_joinsurvivors") (value "1")
L 09/19/2021 - 13:01:26: [basecommands.smx] "Console<0><Console><Console>" changed cvar (cvar "l4d_nth_kill") (value "0")
L 09/19/2021 - 13:01:26: [basecommands.smx] "Console<0><Console><Console>" changed cvar (cvar "l4d_nth_spectate") (value "1")
L 09/19/2021 - 13:01:26: [basecommands.smx] "Console<0><Console><Console>" changed cvar (cvar "l4d_nth_message") (value "0")
L 09/19/2021 - 13:01:26: [basecommands.smx] "Console<0><Console><Console>" changed cvar (cvar "l4d_nth_timerrepeat") (value "9999")
L 09/19/2021 - 13:01:26: [basecommands.smx] "Console<0><Console><Console>" changed cvar (cvar "vs_max_team_switches") (value "9999")
L 09/19/2021 - 13:01:26: [basecommands.smx] "Console<0><Console><Console>" changed cvar (cvar "mp_autoteambalance") (value "0")
L 09/19/2021 - 13:01:26: [basecommands.smx] "Console<0><Console><Console>" changed cvar (cvar "sv_unlag_fixstuck") (value "1")
L 09/19/2021 - 13:01:26: [basecommands.smx] "Console<0><Console><Console>" changed cvar (cvar "z_brawl_chance") (value "0")
L 09/19/2021 - 13:01:26: [basecommands.smx] "Console<0><Console><Console>" changed cvar (cvar "sv_maxunlag") (value "1")
L 09/19/2021 - 13:01:26: [basecommands.smx] "Console<0><Console><Console>" changed cvar (cvar "sv_forcepreload") (value "1")
L 09/19/2021 - 13:01:26: [basecommands.smx] "Console<0><Console><Console>" changed cvar (cvar "sv_client_predict") (value "1")
L 09/19/2021 - 13:01:26: [basecommands.smx] "Console<0><Console><Console>" changed cvar (cvar "sv_client_cmdrate_difference") (value "0")
L 09/19/2021 - 13:01:26: [basecommands.smx] "Console<0><Console><Console>" changed cvar (cvar "sv_max_queries_sec_global") (value "10")
L 09/19/2021 - 13:01:26: [basecommands.smx] "Console<0><Console><Console>" changed cvar (cvar "sv_max_queries_sec") (value "3")
L 09/19/2021 - 13:01:26: [basecommands.smx] "Console<0><Console><Console>" changed cvar (cvar "sv_max_queries_window") (value "10")
L 09/19/2021 - 13:01:26: [basecommands.smx] "Console<0><Console><Console>" changed cvar (cvar "sv_player_stuck_tolerance") (value "5")
L 09/19/2021 - 13:01:26: [basecommands.smx] "Console<0><Console><Console>" changed cvar (cvar "sv_stats") (value "0")
L 09/19/2021 - 13:01:26: [basecommands.smx] "Console<0><Console><Console>" changed cvar (cvar "sv_clockcorrection_msecs") (value "25")
L 09/19/2021 - 13:01:26: [basecommands.smx] "Console<0><Console><Console>" changed cvar (cvar "z_max_neighbor_range") (value "16")
L 09/19/2021 - 13:01:26: [basecommands.smx] "Console<0><Console><Console>" changed cvar (cvar "nb_friction_forward") (value "0")
